[2025-02-04T12:46:22.964+0530] {local_task_job_runner.py:123} INFO - ::group::Pre task execution logs
[2025-02-04T12:46:22.973+0530] {taskinstance.py:2613} INFO - Dependencies all met for dep_context=non-requeueable deps ti=<TaskInstance: brewery_data_pipeline.fetch_store_brewery_data scheduled__2025-02-03T00:00:00+00:00 [queued]>
[2025-02-04T12:46:22.978+0530] {taskinstance.py:2613} INFO - Dependencies all met for dep_context=requeueable deps ti=<TaskInstance: brewery_data_pipeline.fetch_store_brewery_data scheduled__2025-02-03T00:00:00+00:00 [queued]>
[2025-02-04T12:46:22.978+0530] {taskinstance.py:2866} INFO - Starting attempt 1 of 2
[2025-02-04T12:46:22.994+0530] {taskinstance.py:2889} INFO - Executing <Task(PythonOperator): fetch_store_brewery_data> on 2025-02-03 00:00:00+00:00
[2025-02-04T12:46:22.998+0530] {standard_task_runner.py:72} INFO - Started process 109890 to run task
[2025-02-04T12:46:23.001+0530] {standard_task_runner.py:104} INFO - Running: ['airflow', 'tasks', 'run', 'brewery_data_pipeline', 'fetch_store_brewery_data', 'scheduled__2025-02-03T00:00:00+00:00', '--job-id', '10', '--raw', '--subdir', 'DAGS_FOLDER/pipeline_miniproject.py', '--cfg-path', '/tmp/tmpwdieh4wj']
[2025-02-04T12:46:23.002+0530] {standard_task_runner.py:105} INFO - Job 10: Subtask fetch_store_brewery_data
[2025-02-04T12:46:23.036+0530] {task_command.py:467} INFO - Running <TaskInstance: brewery_data_pipeline.fetch_store_brewery_data scheduled__2025-02-03T00:00:00+00:00 [running]> on host umang-Latitude-7490
[2025-02-04T12:46:23.086+0530] {taskinstance.py:3132} INFO - Exporting env vars: AIRFLOW_CTX_DAG_OWNER='airflow' AIRFLOW_CTX_DAG_ID='brewery_data_pipeline' AIRFLOW_CTX_TASK_ID='fetch_store_brewery_data' AIRFLOW_CTX_EXECUTION_DATE='2025-02-03T00:00:00+00:00' AIRFLOW_CTX_TRY_NUMBER='1' AIRFLOW_CTX_DAG_RUN_ID='scheduled__2025-02-03T00:00:00+00:00'
[2025-02-04T12:46:23.087+0530] {logging_mixin.py:190} INFO - Task instance is in running state
[2025-02-04T12:46:23.087+0530] {logging_mixin.py:190} INFO -  Previous state of the Task instance: queued
[2025-02-04T12:46:23.087+0530] {logging_mixin.py:190} INFO - Current task name:fetch_store_brewery_data state:running start_date:2025-02-04 07:16:22.973995+00:00
[2025-02-04T12:46:23.088+0530] {logging_mixin.py:190} INFO - Dag name:brewery_data_pipeline and current dag run status:running
[2025-02-04T12:46:23.088+0530] {taskinstance.py:731} INFO - ::endgroup::
[2025-02-04T12:46:43.737+0530] {__init__.py:149} INFO - package: mysql.connector.plugins
[2025-02-04T12:46:43.738+0530] {__init__.py:150} INFO - plugin_name: caching_sha2_password
[2025-02-04T12:46:43.738+0530] {__init__.py:154} INFO - AUTHENTICATION_PLUGIN_CLASS: MySQLCachingSHA2PasswordAuthPlugin
[2025-02-04T12:46:43.773+0530] {python.py:240} INFO - Done. Returned value was: None
[2025-02-04T12:46:43.778+0530] {taskinstance.py:340} INFO - ::group::Post task execution logs
[2025-02-04T12:46:43.778+0530] {taskinstance.py:352} INFO - Marking task as SUCCESS. dag_id=brewery_data_pipeline, task_id=fetch_store_brewery_data, run_id=scheduled__2025-02-03T00:00:00+00:00, execution_date=20250203T000000, start_date=20250204T071622, end_date=20250204T071643
[2025-02-04T12:46:43.790+0530] {logging_mixin.py:190} INFO - Task instance in success state
[2025-02-04T12:46:43.790+0530] {logging_mixin.py:190} INFO -  Previous state of the Task instance: running
[2025-02-04T12:46:43.791+0530] {logging_mixin.py:190} INFO - Dag name:brewery_data_pipeline queued_at:2025-02-04 07:16:20.688077+00:00
[2025-02-04T12:46:43.791+0530] {logging_mixin.py:190} INFO - Task hostname:umang-Latitude-7490 operator:PythonOperator
[2025-02-04T12:46:43.820+0530] {local_task_job_runner.py:266} INFO - Task exited with return code 0
[2025-02-04T12:46:43.828+0530] {taskinstance.py:3895} INFO - 0 downstream tasks scheduled from follow-on schedule check
[2025-02-04T12:46:43.829+0530] {local_task_job_runner.py:245} INFO - ::endgroup::
