[2025-02-04T12:46:47.283+0530] {local_task_job_runner.py:123} INFO - ::group::Pre task execution logs
[2025-02-04T12:46:47.293+0530] {taskinstance.py:2613} INFO - Dependencies all met for dep_context=non-requeueable deps ti=<TaskInstance: brewery_data_pipeline.fetch_store_brewery_data manual__2025-02-04T07:16:20.316903+00:00 [queued]>
[2025-02-04T12:46:47.298+0530] {taskinstance.py:2613} INFO - Dependencies all met for dep_context=requeueable deps ti=<TaskInstance: brewery_data_pipeline.fetch_store_brewery_data manual__2025-02-04T07:16:20.316903+00:00 [queued]>
[2025-02-04T12:46:47.298+0530] {taskinstance.py:2866} INFO - Starting attempt 1 of 2
[2025-02-04T12:46:47.314+0530] {taskinstance.py:2889} INFO - Executing <Task(PythonOperator): fetch_store_brewery_data> on 2025-02-04 07:16:20.316903+00:00
[2025-02-04T12:46:47.319+0530] {standard_task_runner.py:72} INFO - Started process 110058 to run task
[2025-02-04T12:46:47.322+0530] {standard_task_runner.py:104} INFO - Running: ['airflow', 'tasks', 'run', 'brewery_data_pipeline', 'fetch_store_brewery_data', 'manual__2025-02-04T07:16:20.316903+00:00', '--job-id', '11', '--raw', '--subdir', 'DAGS_FOLDER/pipeline_miniproject.py', '--cfg-path', '/tmp/tmp_41r78hp']
[2025-02-04T12:46:47.323+0530] {standard_task_runner.py:105} INFO - Job 11: Subtask fetch_store_brewery_data
[2025-02-04T12:46:47.355+0530] {task_command.py:467} INFO - Running <TaskInstance: brewery_data_pipeline.fetch_store_brewery_data manual__2025-02-04T07:16:20.316903+00:00 [running]> on host umang-Latitude-7490
[2025-02-04T12:46:47.411+0530] {taskinstance.py:3132} INFO - Exporting env vars: AIRFLOW_CTX_DAG_OWNER='airflow' AIRFLOW_CTX_DAG_ID='brewery_data_pipeline' AIRFLOW_CTX_TASK_ID='fetch_store_brewery_data' AIRFLOW_CTX_EXECUTION_DATE='2025-02-04T07:16:20.316903+00:00' AIRFLOW_CTX_TRY_NUMBER='1' AIRFLOW_CTX_DAG_RUN_ID='manual__2025-02-04T07:16:20.316903+00:00'
[2025-02-04T12:46:47.412+0530] {logging_mixin.py:190} INFO - Task instance is in running state
[2025-02-04T12:46:47.412+0530] {logging_mixin.py:190} INFO -  Previous state of the Task instance: queued
[2025-02-04T12:46:47.413+0530] {logging_mixin.py:190} INFO - Current task name:fetch_store_brewery_data state:running start_date:2025-02-04 07:16:47.293688+00:00
[2025-02-04T12:46:47.413+0530] {logging_mixin.py:190} INFO - Dag name:brewery_data_pipeline and current dag run status:running
[2025-02-04T12:46:47.413+0530] {taskinstance.py:731} INFO - ::endgroup::
[2025-02-04T12:46:48.190+0530] {__init__.py:149} INFO - package: mysql.connector.plugins
[2025-02-04T12:46:48.191+0530] {__init__.py:150} INFO - plugin_name: caching_sha2_password
[2025-02-04T12:46:48.191+0530] {__init__.py:154} INFO - AUTHENTICATION_PLUGIN_CLASS: MySQLCachingSHA2PasswordAuthPlugin
[2025-02-04T12:46:48.217+0530] {python.py:240} INFO - Done. Returned value was: None
[2025-02-04T12:46:48.221+0530] {taskinstance.py:340} INFO - ::group::Post task execution logs
[2025-02-04T12:46:48.222+0530] {taskinstance.py:352} INFO - Marking task as SUCCESS. dag_id=brewery_data_pipeline, task_id=fetch_store_brewery_data, run_id=manual__2025-02-04T07:16:20.316903+00:00, execution_date=20250204T071620, start_date=20250204T071647, end_date=20250204T071648
[2025-02-04T12:46:48.235+0530] {logging_mixin.py:190} INFO - Task instance in success state
[2025-02-04T12:46:48.235+0530] {logging_mixin.py:190} INFO -  Previous state of the Task instance: running
[2025-02-04T12:46:48.236+0530] {logging_mixin.py:190} INFO - Dag name:brewery_data_pipeline queued_at:2025-02-04 07:16:20.374330+00:00
[2025-02-04T12:46:48.236+0530] {logging_mixin.py:190} INFO - Task hostname:umang-Latitude-7490 operator:PythonOperator
[2025-02-04T12:46:48.258+0530] {local_task_job_runner.py:266} INFO - Task exited with return code 0
[2025-02-04T12:46:48.281+0530] {taskinstance.py:3895} INFO - 0 downstream tasks scheduled from follow-on schedule check
[2025-02-04T12:46:48.282+0530] {local_task_job_runner.py:245} INFO - ::endgroup::
