[2025-01-28T10:11:07.531+0000] {processor.py:186} INFO - Started process (PID=14584) to work on /mnt/c/Users/Admin/Desktop/ud_data/Dataslush_umang/airflow/airflow_venv/lib/python3.12/site-packages/airflow/example_dags/plugins/listener_plugin.py
[2025-01-28T10:11:07.533+0000] {processor.py:914} INFO - Processing file /mnt/c/Users/Admin/Desktop/ud_data/Dataslush_umang/airflow/airflow_venv/lib/python3.12/site-packages/airflow/example_dags/plugins/listener_plugin.py for tasks to queue
[2025-01-28T10:11:07.538+0000] {logging_mixin.py:190} INFO - [2025-01-28T10:11:07.536+0000] {dagbag.py:588} INFO - Filling up the DagBag from /mnt/c/Users/Admin/Desktop/ud_data/Dataslush_umang/airflow/airflow_venv/lib/python3.12/site-packages/airflow/example_dags/plugins/listener_plugin.py
[2025-01-28T10:11:07.572+0000] {processor.py:927} WARNING - No viable dags retrieved from /mnt/c/Users/Admin/Desktop/ud_data/Dataslush_umang/airflow/airflow_venv/lib/python3.12/site-packages/airflow/example_dags/plugins/listener_plugin.py
[2025-01-28T10:11:07.583+0000] {processor.py:208} INFO - Processing /mnt/c/Users/Admin/Desktop/ud_data/Dataslush_umang/airflow/airflow_venv/lib/python3.12/site-packages/airflow/example_dags/plugins/listener_plugin.py took 0.076 seconds
[2025-01-28T10:14:40.915+0000] {processor.py:186} INFO - Started process (PID=14939) to work on /mnt/c/Users/Admin/Desktop/ud_data/Dataslush_umang/airflow/airflow_venv/lib/python3.12/site-packages/airflow/example_dags/plugins/listener_plugin.py
[2025-01-28T10:14:41.006+0000] {processor.py:914} INFO - Processing file /mnt/c/Users/Admin/Desktop/ud_data/Dataslush_umang/airflow/airflow_venv/lib/python3.12/site-packages/airflow/example_dags/plugins/listener_plugin.py for tasks to queue
[2025-01-28T10:14:41.021+0000] {logging_mixin.py:190} INFO - [2025-01-28T10:14:41.015+0000] {dagbag.py:588} INFO - Filling up the DagBag from /mnt/c/Users/Admin/Desktop/ud_data/Dataslush_umang/airflow/airflow_venv/lib/python3.12/site-packages/airflow/example_dags/plugins/listener_plugin.py
[2025-01-28T10:14:41.063+0000] {processor.py:927} WARNING - No viable dags retrieved from /mnt/c/Users/Admin/Desktop/ud_data/Dataslush_umang/airflow/airflow_venv/lib/python3.12/site-packages/airflow/example_dags/plugins/listener_plugin.py
[2025-01-28T10:14:41.074+0000] {processor.py:208} INFO - Processing /mnt/c/Users/Admin/Desktop/ud_data/Dataslush_umang/airflow/airflow_venv/lib/python3.12/site-packages/airflow/example_dags/plugins/listener_plugin.py took 0.179 seconds
[2025-01-28T10:15:46.361+0000] {processor.py:186} INFO - Started process (PID=15030) to work on /mnt/c/Users/Admin/Desktop/ud_data/Dataslush_umang/airflow/airflow_venv/lib/python3.12/site-packages/airflow/example_dags/plugins/listener_plugin.py
[2025-01-28T10:15:46.364+0000] {processor.py:914} INFO - Processing file /mnt/c/Users/Admin/Desktop/ud_data/Dataslush_umang/airflow/airflow_venv/lib/python3.12/site-packages/airflow/example_dags/plugins/listener_plugin.py for tasks to queue
[2025-01-28T10:15:46.369+0000] {logging_mixin.py:190} INFO - [2025-01-28T10:15:46.367+0000] {dagbag.py:588} INFO - Filling up the DagBag from /mnt/c/Users/Admin/Desktop/ud_data/Dataslush_umang/airflow/airflow_venv/lib/python3.12/site-packages/airflow/example_dags/plugins/listener_plugin.py
[2025-01-28T10:15:46.400+0000] {processor.py:927} WARNING - No viable dags retrieved from /mnt/c/Users/Admin/Desktop/ud_data/Dataslush_umang/airflow/airflow_venv/lib/python3.12/site-packages/airflow/example_dags/plugins/listener_plugin.py
[2025-01-28T10:15:46.411+0000] {processor.py:208} INFO - Processing /mnt/c/Users/Admin/Desktop/ud_data/Dataslush_umang/airflow/airflow_venv/lib/python3.12/site-packages/airflow/example_dags/plugins/listener_plugin.py took 0.074 seconds
[2025-01-28T10:16:36.717+0000] {processor.py:186} INFO - Started process (PID=15129) to work on /mnt/c/Users/Admin/Desktop/ud_data/Dataslush_umang/airflow/airflow_venv/lib/python3.12/site-packages/airflow/example_dags/plugins/listener_plugin.py
[2025-01-28T10:16:36.720+0000] {processor.py:914} INFO - Processing file /mnt/c/Users/Admin/Desktop/ud_data/Dataslush_umang/airflow/airflow_venv/lib/python3.12/site-packages/airflow/example_dags/plugins/listener_plugin.py for tasks to queue
[2025-01-28T10:16:36.725+0000] {logging_mixin.py:190} INFO - [2025-01-28T10:16:36.723+0000] {dagbag.py:588} INFO - Filling up the DagBag from /mnt/c/Users/Admin/Desktop/ud_data/Dataslush_umang/airflow/airflow_venv/lib/python3.12/site-packages/airflow/example_dags/plugins/listener_plugin.py
[2025-01-28T10:16:36.758+0000] {processor.py:927} WARNING - No viable dags retrieved from /mnt/c/Users/Admin/Desktop/ud_data/Dataslush_umang/airflow/airflow_venv/lib/python3.12/site-packages/airflow/example_dags/plugins/listener_plugin.py
[2025-01-28T10:16:36.770+0000] {processor.py:208} INFO - Processing /mnt/c/Users/Admin/Desktop/ud_data/Dataslush_umang/airflow/airflow_venv/lib/python3.12/site-packages/airflow/example_dags/plugins/listener_plugin.py took 0.073 seconds
[2025-01-28T10:17:32.796+0000] {processor.py:186} INFO - Started process (PID=15212) to work on /mnt/c/Users/Admin/Desktop/ud_data/Dataslush_umang/airflow/airflow_venv/lib/python3.12/site-packages/airflow/example_dags/plugins/listener_plugin.py
[2025-01-28T10:17:32.961+0000] {processor.py:914} INFO - Processing file /mnt/c/Users/Admin/Desktop/ud_data/Dataslush_umang/airflow/airflow_venv/lib/python3.12/site-packages/airflow/example_dags/plugins/listener_plugin.py for tasks to queue
[2025-01-28T10:17:33.002+0000] {logging_mixin.py:190} INFO - [2025-01-28T10:17:32.987+0000] {dagbag.py:588} INFO - Filling up the DagBag from /mnt/c/Users/Admin/Desktop/ud_data/Dataslush_umang/airflow/airflow_venv/lib/python3.12/site-packages/airflow/example_dags/plugins/listener_plugin.py
[2025-01-28T10:17:33.403+0000] {processor.py:927} WARNING - No viable dags retrieved from /mnt/c/Users/Admin/Desktop/ud_data/Dataslush_umang/airflow/airflow_venv/lib/python3.12/site-packages/airflow/example_dags/plugins/listener_plugin.py
[2025-01-28T10:18:03.697+0000] {processor.py:208} INFO - Processing /mnt/c/Users/Admin/Desktop/ud_data/Dataslush_umang/airflow/airflow_venv/lib/python3.12/site-packages/airflow/example_dags/plugins/listener_plugin.py took 0.883 seconds
[2025-01-28T10:18:49.293+0000] {processor.py:186} INFO - Started process (PID=15365) to work on /mnt/c/Users/Admin/Desktop/ud_data/Dataslush_umang/airflow/airflow_venv/lib/python3.12/site-packages/airflow/example_dags/plugins/listener_plugin.py
[2025-01-28T10:18:49.296+0000] {processor.py:914} INFO - Processing file /mnt/c/Users/Admin/Desktop/ud_data/Dataslush_umang/airflow/airflow_venv/lib/python3.12/site-packages/airflow/example_dags/plugins/listener_plugin.py for tasks to queue
[2025-01-28T10:18:49.303+0000] {logging_mixin.py:190} INFO - [2025-01-28T10:18:49.301+0000] {dagbag.py:588} INFO - Filling up the DagBag from /mnt/c/Users/Admin/Desktop/ud_data/Dataslush_umang/airflow/airflow_venv/lib/python3.12/site-packages/airflow/example_dags/plugins/listener_plugin.py
[2025-01-28T10:18:49.382+0000] {processor.py:927} WARNING - No viable dags retrieved from /mnt/c/Users/Admin/Desktop/ud_data/Dataslush_umang/airflow/airflow_venv/lib/python3.12/site-packages/airflow/example_dags/plugins/listener_plugin.py
[2025-01-28T10:18:49.421+0000] {processor.py:208} INFO - Processing /mnt/c/Users/Admin/Desktop/ud_data/Dataslush_umang/airflow/airflow_venv/lib/python3.12/site-packages/airflow/example_dags/plugins/listener_plugin.py took 0.153 seconds
[2025-01-28T10:20:03.366+0000] {processor.py:186} INFO - Started process (PID=15444) to work on /mnt/c/Users/Admin/Desktop/ud_data/Dataslush_umang/airflow/airflow_venv/lib/python3.12/site-packages/airflow/example_dags/plugins/listener_plugin.py
[2025-01-28T10:20:03.570+0000] {processor.py:914} INFO - Processing file /mnt/c/Users/Admin/Desktop/ud_data/Dataslush_umang/airflow/airflow_venv/lib/python3.12/site-packages/airflow/example_dags/plugins/listener_plugin.py for tasks to queue
[2025-01-28T10:20:03.595+0000] {logging_mixin.py:190} INFO - [2025-01-28T10:20:03.588+0000] {dagbag.py:588} INFO - Filling up the DagBag from /mnt/c/Users/Admin/Desktop/ud_data/Dataslush_umang/airflow/airflow_venv/lib/python3.12/site-packages/airflow/example_dags/plugins/listener_plugin.py
[2025-01-28T10:20:33.808+0000] {processor.py:927} WARNING - No viable dags retrieved from /mnt/c/Users/Admin/Desktop/ud_data/Dataslush_umang/airflow/airflow_venv/lib/python3.12/site-packages/airflow/example_dags/plugins/listener_plugin.py
[2025-01-28T10:20:33.847+0000] {processor.py:208} INFO - Processing /mnt/c/Users/Admin/Desktop/ud_data/Dataslush_umang/airflow/airflow_venv/lib/python3.12/site-packages/airflow/example_dags/plugins/listener_plugin.py took 0.449 seconds
[2025-01-28T10:21:34.705+0000] {processor.py:186} INFO - Started process (PID=15599) to work on /mnt/c/Users/Admin/Desktop/ud_data/Dataslush_umang/airflow/airflow_venv/lib/python3.12/site-packages/airflow/example_dags/plugins/listener_plugin.py
[2025-01-28T10:21:34.800+0000] {processor.py:914} INFO - Processing file /mnt/c/Users/Admin/Desktop/ud_data/Dataslush_umang/airflow/airflow_venv/lib/python3.12/site-packages/airflow/example_dags/plugins/listener_plugin.py for tasks to queue
[2025-01-28T10:21:34.815+0000] {logging_mixin.py:190} INFO - [2025-01-28T10:21:34.810+0000] {dagbag.py:588} INFO - Filling up the DagBag from /mnt/c/Users/Admin/Desktop/ud_data/Dataslush_umang/airflow/airflow_venv/lib/python3.12/site-packages/airflow/example_dags/plugins/listener_plugin.py
[2025-01-28T10:21:34.917+0000] {processor.py:927} WARNING - No viable dags retrieved from /mnt/c/Users/Admin/Desktop/ud_data/Dataslush_umang/airflow/airflow_venv/lib/python3.12/site-packages/airflow/example_dags/plugins/listener_plugin.py
[2025-01-28T10:21:34.954+0000] {processor.py:208} INFO - Processing /mnt/c/Users/Admin/Desktop/ud_data/Dataslush_umang/airflow/airflow_venv/lib/python3.12/site-packages/airflow/example_dags/plugins/listener_plugin.py took 0.276 seconds
[2025-01-28T10:23:16.787+0000] {processor.py:186} INFO - Started process (PID=15771) to work on /mnt/c/Users/Admin/Desktop/ud_data/Dataslush_umang/airflow/airflow_venv/lib/python3.12/site-packages/airflow/example_dags/plugins/listener_plugin.py
[2025-01-28T10:23:16.789+0000] {processor.py:914} INFO - Processing file /mnt/c/Users/Admin/Desktop/ud_data/Dataslush_umang/airflow/airflow_venv/lib/python3.12/site-packages/airflow/example_dags/plugins/listener_plugin.py for tasks to queue
[2025-01-28T10:23:16.797+0000] {logging_mixin.py:190} INFO - [2025-01-28T10:23:16.795+0000] {dagbag.py:588} INFO - Filling up the DagBag from /mnt/c/Users/Admin/Desktop/ud_data/Dataslush_umang/airflow/airflow_venv/lib/python3.12/site-packages/airflow/example_dags/plugins/listener_plugin.py
[2025-01-28T10:23:16.836+0000] {processor.py:927} WARNING - No viable dags retrieved from /mnt/c/Users/Admin/Desktop/ud_data/Dataslush_umang/airflow/airflow_venv/lib/python3.12/site-packages/airflow/example_dags/plugins/listener_plugin.py
[2025-01-28T10:23:16.851+0000] {processor.py:208} INFO - Processing /mnt/c/Users/Admin/Desktop/ud_data/Dataslush_umang/airflow/airflow_venv/lib/python3.12/site-packages/airflow/example_dags/plugins/listener_plugin.py took 0.084 seconds
[2025-01-28T10:24:57.031+0000] {processor.py:186} INFO - Started process (PID=15985) to work on /mnt/c/Users/Admin/Desktop/ud_data/Dataslush_umang/airflow/airflow_venv/lib/python3.12/site-packages/airflow/example_dags/plugins/listener_plugin.py
[2025-01-28T10:24:57.034+0000] {processor.py:914} INFO - Processing file /mnt/c/Users/Admin/Desktop/ud_data/Dataslush_umang/airflow/airflow_venv/lib/python3.12/site-packages/airflow/example_dags/plugins/listener_plugin.py for tasks to queue
[2025-01-28T10:24:57.040+0000] {logging_mixin.py:190} INFO - [2025-01-28T10:24:57.038+0000] {dagbag.py:588} INFO - Filling up the DagBag from /mnt/c/Users/Admin/Desktop/ud_data/Dataslush_umang/airflow/airflow_venv/lib/python3.12/site-packages/airflow/example_dags/plugins/listener_plugin.py
[2025-01-28T10:24:57.081+0000] {processor.py:927} WARNING - No viable dags retrieved from /mnt/c/Users/Admin/Desktop/ud_data/Dataslush_umang/airflow/airflow_venv/lib/python3.12/site-packages/airflow/example_dags/plugins/listener_plugin.py
[2025-01-28T10:24:57.095+0000] {processor.py:208} INFO - Processing /mnt/c/Users/Admin/Desktop/ud_data/Dataslush_umang/airflow/airflow_venv/lib/python3.12/site-packages/airflow/example_dags/plugins/listener_plugin.py took 0.087 seconds
[2025-01-28T10:26:13.785+0000] {processor.py:186} INFO - Started process (PID=16132) to work on /mnt/c/Users/Admin/Desktop/ud_data/Dataslush_umang/airflow/airflow_venv/lib/python3.12/site-packages/airflow/example_dags/plugins/listener_plugin.py
[2025-01-28T10:26:13.787+0000] {processor.py:914} INFO - Processing file /mnt/c/Users/Admin/Desktop/ud_data/Dataslush_umang/airflow/airflow_venv/lib/python3.12/site-packages/airflow/example_dags/plugins/listener_plugin.py for tasks to queue
[2025-01-28T10:26:13.793+0000] {logging_mixin.py:190} INFO - [2025-01-28T10:26:13.791+0000] {dagbag.py:588} INFO - Filling up the DagBag from /mnt/c/Users/Admin/Desktop/ud_data/Dataslush_umang/airflow/airflow_venv/lib/python3.12/site-packages/airflow/example_dags/plugins/listener_plugin.py
[2025-01-28T10:26:13.824+0000] {processor.py:927} WARNING - No viable dags retrieved from /mnt/c/Users/Admin/Desktop/ud_data/Dataslush_umang/airflow/airflow_venv/lib/python3.12/site-packages/airflow/example_dags/plugins/listener_plugin.py
[2025-01-28T10:26:13.837+0000] {processor.py:208} INFO - Processing /mnt/c/Users/Admin/Desktop/ud_data/Dataslush_umang/airflow/airflow_venv/lib/python3.12/site-packages/airflow/example_dags/plugins/listener_plugin.py took 0.076 seconds
[2025-01-28T10:27:37.384+0000] {processor.py:186} INFO - Started process (PID=16264) to work on /mnt/c/Users/Admin/Desktop/ud_data/Dataslush_umang/airflow/airflow_venv/lib/python3.12/site-packages/airflow/example_dags/plugins/listener_plugin.py
[2025-01-28T10:27:37.394+0000] {processor.py:914} INFO - Processing file /mnt/c/Users/Admin/Desktop/ud_data/Dataslush_umang/airflow/airflow_venv/lib/python3.12/site-packages/airflow/example_dags/plugins/listener_plugin.py for tasks to queue
[2025-01-28T10:27:37.409+0000] {logging_mixin.py:190} INFO - [2025-01-28T10:27:37.404+0000] {dagbag.py:588} INFO - Filling up the DagBag from /mnt/c/Users/Admin/Desktop/ud_data/Dataslush_umang/airflow/airflow_venv/lib/python3.12/site-packages/airflow/example_dags/plugins/listener_plugin.py
[2025-01-28T10:27:37.520+0000] {processor.py:927} WARNING - No viable dags retrieved from /mnt/c/Users/Admin/Desktop/ud_data/Dataslush_umang/airflow/airflow_venv/lib/python3.12/site-packages/airflow/example_dags/plugins/listener_plugin.py
[2025-01-28T10:27:37.565+0000] {processor.py:208} INFO - Processing /mnt/c/Users/Admin/Desktop/ud_data/Dataslush_umang/airflow/airflow_venv/lib/python3.12/site-packages/airflow/example_dags/plugins/listener_plugin.py took 0.250 seconds
[2025-01-28T10:29:32.602+0000] {processor.py:186} INFO - Started process (PID=16342) to work on /mnt/c/Users/Admin/Desktop/ud_data/Dataslush_umang/airflow/airflow_venv/lib/python3.12/site-packages/airflow/example_dags/plugins/listener_plugin.py
[2025-01-28T10:29:32.605+0000] {processor.py:914} INFO - Processing file /mnt/c/Users/Admin/Desktop/ud_data/Dataslush_umang/airflow/airflow_venv/lib/python3.12/site-packages/airflow/example_dags/plugins/listener_plugin.py for tasks to queue
[2025-01-28T10:29:32.613+0000] {logging_mixin.py:190} INFO - [2025-01-28T10:29:32.610+0000] {dagbag.py:588} INFO - Filling up the DagBag from /mnt/c/Users/Admin/Desktop/ud_data/Dataslush_umang/airflow/airflow_venv/lib/python3.12/site-packages/airflow/example_dags/plugins/listener_plugin.py
[2025-01-28T10:29:02.555+0000] {processor.py:927} WARNING - No viable dags retrieved from /mnt/c/Users/Admin/Desktop/ud_data/Dataslush_umang/airflow/airflow_venv/lib/python3.12/site-packages/airflow/example_dags/plugins/listener_plugin.py
[2025-01-28T10:29:02.577+0000] {processor.py:208} INFO - Processing /mnt/c/Users/Admin/Desktop/ud_data/Dataslush_umang/airflow/airflow_venv/lib/python3.12/site-packages/airflow/example_dags/plugins/listener_plugin.py took 0.095 seconds
[2025-01-28T10:30:24.424+0000] {processor.py:186} INFO - Started process (PID=16435) to work on /mnt/c/Users/Admin/Desktop/ud_data/Dataslush_umang/airflow/airflow_venv/lib/python3.12/site-packages/airflow/example_dags/plugins/listener_plugin.py
[2025-01-28T10:30:24.431+0000] {processor.py:914} INFO - Processing file /mnt/c/Users/Admin/Desktop/ud_data/Dataslush_umang/airflow/airflow_venv/lib/python3.12/site-packages/airflow/example_dags/plugins/listener_plugin.py for tasks to queue
[2025-01-28T10:30:24.447+0000] {logging_mixin.py:190} INFO - [2025-01-28T10:30:24.442+0000] {dagbag.py:588} INFO - Filling up the DagBag from /mnt/c/Users/Admin/Desktop/ud_data/Dataslush_umang/airflow/airflow_venv/lib/python3.12/site-packages/airflow/example_dags/plugins/listener_plugin.py
[2025-01-28T10:30:24.561+0000] {processor.py:927} WARNING - No viable dags retrieved from /mnt/c/Users/Admin/Desktop/ud_data/Dataslush_umang/airflow/airflow_venv/lib/python3.12/site-packages/airflow/example_dags/plugins/listener_plugin.py
[2025-01-28T10:30:24.597+0000] {processor.py:208} INFO - Processing /mnt/c/Users/Admin/Desktop/ud_data/Dataslush_umang/airflow/airflow_venv/lib/python3.12/site-packages/airflow/example_dags/plugins/listener_plugin.py took 0.251 seconds
[2025-01-28T10:31:28.767+0000] {processor.py:186} INFO - Started process (PID=16572) to work on /mnt/c/Users/Admin/Desktop/ud_data/Dataslush_umang/airflow/airflow_venv/lib/python3.12/site-packages/airflow/example_dags/plugins/listener_plugin.py
[2025-01-28T10:31:28.773+0000] {processor.py:914} INFO - Processing file /mnt/c/Users/Admin/Desktop/ud_data/Dataslush_umang/airflow/airflow_venv/lib/python3.12/site-packages/airflow/example_dags/plugins/listener_plugin.py for tasks to queue
[2025-01-28T10:31:28.788+0000] {logging_mixin.py:190} INFO - [2025-01-28T10:31:28.783+0000] {dagbag.py:588} INFO - Filling up the DagBag from /mnt/c/Users/Admin/Desktop/ud_data/Dataslush_umang/airflow/airflow_venv/lib/python3.12/site-packages/airflow/example_dags/plugins/listener_plugin.py
[2025-01-28T10:31:28.884+0000] {processor.py:927} WARNING - No viable dags retrieved from /mnt/c/Users/Admin/Desktop/ud_data/Dataslush_umang/airflow/airflow_venv/lib/python3.12/site-packages/airflow/example_dags/plugins/listener_plugin.py
[2025-01-28T10:31:28.936+0000] {processor.py:208} INFO - Processing /mnt/c/Users/Admin/Desktop/ud_data/Dataslush_umang/airflow/airflow_venv/lib/python3.12/site-packages/airflow/example_dags/plugins/listener_plugin.py took 0.231 seconds
[2025-01-28T10:32:41.772+0000] {processor.py:186} INFO - Started process (PID=16656) to work on /mnt/c/Users/Admin/Desktop/ud_data/Dataslush_umang/airflow/airflow_venv/lib/python3.12/site-packages/airflow/example_dags/plugins/listener_plugin.py
[2025-01-28T10:32:42.448+0000] {processor.py:914} INFO - Processing file /mnt/c/Users/Admin/Desktop/ud_data/Dataslush_umang/airflow/airflow_venv/lib/python3.12/site-packages/airflow/example_dags/plugins/listener_plugin.py for tasks to queue
[2025-01-28T10:32:42.463+0000] {logging_mixin.py:190} INFO - [2025-01-28T10:32:42.459+0000] {dagbag.py:588} INFO - Filling up the DagBag from /mnt/c/Users/Admin/Desktop/ud_data/Dataslush_umang/airflow/airflow_venv/lib/python3.12/site-packages/airflow/example_dags/plugins/listener_plugin.py
[2025-01-28T10:32:42.558+0000] {processor.py:927} WARNING - No viable dags retrieved from /mnt/c/Users/Admin/Desktop/ud_data/Dataslush_umang/airflow/airflow_venv/lib/python3.12/site-packages/airflow/example_dags/plugins/listener_plugin.py
[2025-01-28T10:32:42.596+0000] {processor.py:208} INFO - Processing /mnt/c/Users/Admin/Desktop/ud_data/Dataslush_umang/airflow/airflow_venv/lib/python3.12/site-packages/airflow/example_dags/plugins/listener_plugin.py took 0.858 seconds
[2025-01-28T10:33:52.894+0000] {processor.py:186} INFO - Started process (PID=16785) to work on /mnt/c/Users/Admin/Desktop/ud_data/Dataslush_umang/airflow/airflow_venv/lib/python3.12/site-packages/airflow/example_dags/plugins/listener_plugin.py
[2025-01-28T10:33:52.899+0000] {processor.py:914} INFO - Processing file /mnt/c/Users/Admin/Desktop/ud_data/Dataslush_umang/airflow/airflow_venv/lib/python3.12/site-packages/airflow/example_dags/plugins/listener_plugin.py for tasks to queue
[2025-01-28T10:33:52.909+0000] {logging_mixin.py:190} INFO - [2025-01-28T10:33:52.906+0000] {dagbag.py:588} INFO - Filling up the DagBag from /mnt/c/Users/Admin/Desktop/ud_data/Dataslush_umang/airflow/airflow_venv/lib/python3.12/site-packages/airflow/example_dags/plugins/listener_plugin.py
[2025-01-28T10:33:52.957+0000] {processor.py:927} WARNING - No viable dags retrieved from /mnt/c/Users/Admin/Desktop/ud_data/Dataslush_umang/airflow/airflow_venv/lib/python3.12/site-packages/airflow/example_dags/plugins/listener_plugin.py
[2025-01-28T10:33:52.969+0000] {processor.py:208} INFO - Processing /mnt/c/Users/Admin/Desktop/ud_data/Dataslush_umang/airflow/airflow_venv/lib/python3.12/site-packages/airflow/example_dags/plugins/listener_plugin.py took 0.119 seconds
[2025-01-28T10:35:17.282+0000] {processor.py:186} INFO - Started process (PID=16915) to work on /mnt/c/Users/Admin/Desktop/ud_data/Dataslush_umang/airflow/airflow_venv/lib/python3.12/site-packages/airflow/example_dags/plugins/listener_plugin.py
[2025-01-28T10:35:17.374+0000] {processor.py:914} INFO - Processing file /mnt/c/Users/Admin/Desktop/ud_data/Dataslush_umang/airflow/airflow_venv/lib/python3.12/site-packages/airflow/example_dags/plugins/listener_plugin.py for tasks to queue
[2025-01-28T10:35:17.391+0000] {logging_mixin.py:190} INFO - [2025-01-28T10:35:17.386+0000] {dagbag.py:588} INFO - Filling up the DagBag from /mnt/c/Users/Admin/Desktop/ud_data/Dataslush_umang/airflow/airflow_venv/lib/python3.12/site-packages/airflow/example_dags/plugins/listener_plugin.py
[2025-01-28T10:35:17.506+0000] {processor.py:927} WARNING - No viable dags retrieved from /mnt/c/Users/Admin/Desktop/ud_data/Dataslush_umang/airflow/airflow_venv/lib/python3.12/site-packages/airflow/example_dags/plugins/listener_plugin.py
[2025-01-28T10:35:17.548+0000] {processor.py:208} INFO - Processing /mnt/c/Users/Admin/Desktop/ud_data/Dataslush_umang/airflow/airflow_venv/lib/python3.12/site-packages/airflow/example_dags/plugins/listener_plugin.py took 0.336 seconds
[2025-01-28T10:36:37.846+0000] {processor.py:186} INFO - Started process (PID=17024) to work on /mnt/c/Users/Admin/Desktop/ud_data/Dataslush_umang/airflow/airflow_venv/lib/python3.12/site-packages/airflow/example_dags/plugins/listener_plugin.py
[2025-01-28T10:36:37.852+0000] {processor.py:914} INFO - Processing file /mnt/c/Users/Admin/Desktop/ud_data/Dataslush_umang/airflow/airflow_venv/lib/python3.12/site-packages/airflow/example_dags/plugins/listener_plugin.py for tasks to queue
[2025-01-28T10:36:37.865+0000] {logging_mixin.py:190} INFO - [2025-01-28T10:36:37.861+0000] {dagbag.py:588} INFO - Filling up the DagBag from /mnt/c/Users/Admin/Desktop/ud_data/Dataslush_umang/airflow/airflow_venv/lib/python3.12/site-packages/airflow/example_dags/plugins/listener_plugin.py
[2025-01-28T10:36:37.927+0000] {processor.py:927} WARNING - No viable dags retrieved from /mnt/c/Users/Admin/Desktop/ud_data/Dataslush_umang/airflow/airflow_venv/lib/python3.12/site-packages/airflow/example_dags/plugins/listener_plugin.py
[2025-01-28T10:36:37.946+0000] {processor.py:208} INFO - Processing /mnt/c/Users/Admin/Desktop/ud_data/Dataslush_umang/airflow/airflow_venv/lib/python3.12/site-packages/airflow/example_dags/plugins/listener_plugin.py took 0.162 seconds
[2025-01-28T10:38:08.713+0000] {processor.py:186} INFO - Started process (PID=17134) to work on /mnt/c/Users/Admin/Desktop/ud_data/Dataslush_umang/airflow/airflow_venv/lib/python3.12/site-packages/airflow/example_dags/plugins/listener_plugin.py
[2025-01-28T10:38:08.720+0000] {processor.py:914} INFO - Processing file /mnt/c/Users/Admin/Desktop/ud_data/Dataslush_umang/airflow/airflow_venv/lib/python3.12/site-packages/airflow/example_dags/plugins/listener_plugin.py for tasks to queue
[2025-01-28T10:38:08.737+0000] {logging_mixin.py:190} INFO - [2025-01-28T10:38:08.731+0000] {dagbag.py:588} INFO - Filling up the DagBag from /mnt/c/Users/Admin/Desktop/ud_data/Dataslush_umang/airflow/airflow_venv/lib/python3.12/site-packages/airflow/example_dags/plugins/listener_plugin.py
[2025-01-28T10:38:08.847+0000] {processor.py:927} WARNING - No viable dags retrieved from /mnt/c/Users/Admin/Desktop/ud_data/Dataslush_umang/airflow/airflow_venv/lib/python3.12/site-packages/airflow/example_dags/plugins/listener_plugin.py
[2025-01-28T10:38:08.894+0000] {processor.py:208} INFO - Processing /mnt/c/Users/Admin/Desktop/ud_data/Dataslush_umang/airflow/airflow_venv/lib/python3.12/site-packages/airflow/example_dags/plugins/listener_plugin.py took 0.228 seconds
[2025-01-28T10:39:57.083+0000] {processor.py:186} INFO - Started process (PID=17311) to work on /mnt/c/Users/Admin/Desktop/ud_data/Dataslush_umang/airflow/airflow_venv/lib/python3.12/site-packages/airflow/example_dags/plugins/listener_plugin.py
[2025-01-28T10:39:57.312+0000] {processor.py:914} INFO - Processing file /mnt/c/Users/Admin/Desktop/ud_data/Dataslush_umang/airflow/airflow_venv/lib/python3.12/site-packages/airflow/example_dags/plugins/listener_plugin.py for tasks to queue
[2025-01-28T10:39:57.333+0000] {logging_mixin.py:190} INFO - [2025-01-28T10:39:57.323+0000] {dagbag.py:588} INFO - Filling up the DagBag from /mnt/c/Users/Admin/Desktop/ud_data/Dataslush_umang/airflow/airflow_venv/lib/python3.12/site-packages/airflow/example_dags/plugins/listener_plugin.py
[2025-01-28T10:39:57.445+0000] {processor.py:927} WARNING - No viable dags retrieved from /mnt/c/Users/Admin/Desktop/ud_data/Dataslush_umang/airflow/airflow_venv/lib/python3.12/site-packages/airflow/example_dags/plugins/listener_plugin.py
[2025-01-28T10:39:57.469+0000] {processor.py:208} INFO - Processing /mnt/c/Users/Admin/Desktop/ud_data/Dataslush_umang/airflow/airflow_venv/lib/python3.12/site-packages/airflow/example_dags/plugins/listener_plugin.py took 0.433 seconds
[2025-01-28T10:40:52.607+0000] {processor.py:186} INFO - Started process (PID=17381) to work on /mnt/c/Users/Admin/Desktop/ud_data/Dataslush_umang/airflow/airflow_venv/lib/python3.12/site-packages/airflow/example_dags/plugins/listener_plugin.py
[2025-01-28T10:40:52.654+0000] {processor.py:914} INFO - Processing file /mnt/c/Users/Admin/Desktop/ud_data/Dataslush_umang/airflow/airflow_venv/lib/python3.12/site-packages/airflow/example_dags/plugins/listener_plugin.py for tasks to queue
[2025-01-28T10:40:52.671+0000] {logging_mixin.py:190} INFO - [2025-01-28T10:40:52.666+0000] {dagbag.py:588} INFO - Filling up the DagBag from /mnt/c/Users/Admin/Desktop/ud_data/Dataslush_umang/airflow/airflow_venv/lib/python3.12/site-packages/airflow/example_dags/plugins/listener_plugin.py
[2025-01-28T10:40:52.723+0000] {processor.py:927} WARNING - No viable dags retrieved from /mnt/c/Users/Admin/Desktop/ud_data/Dataslush_umang/airflow/airflow_venv/lib/python3.12/site-packages/airflow/example_dags/plugins/listener_plugin.py
[2025-01-28T10:40:52.734+0000] {processor.py:208} INFO - Processing /mnt/c/Users/Admin/Desktop/ud_data/Dataslush_umang/airflow/airflow_venv/lib/python3.12/site-packages/airflow/example_dags/plugins/listener_plugin.py took 0.154 seconds
[2025-01-28T10:41:42.290+0000] {processor.py:186} INFO - Started process (PID=17457) to work on /mnt/c/Users/Admin/Desktop/ud_data/Dataslush_umang/airflow/airflow_venv/lib/python3.12/site-packages/airflow/example_dags/plugins/listener_plugin.py
[2025-01-28T10:41:42.294+0000] {processor.py:914} INFO - Processing file /mnt/c/Users/Admin/Desktop/ud_data/Dataslush_umang/airflow/airflow_venv/lib/python3.12/site-packages/airflow/example_dags/plugins/listener_plugin.py for tasks to queue
[2025-01-28T10:41:42.307+0000] {logging_mixin.py:190} INFO - [2025-01-28T10:41:42.300+0000] {dagbag.py:588} INFO - Filling up the DagBag from /mnt/c/Users/Admin/Desktop/ud_data/Dataslush_umang/airflow/airflow_venv/lib/python3.12/site-packages/airflow/example_dags/plugins/listener_plugin.py
[2025-01-28T10:41:42.353+0000] {processor.py:927} WARNING - No viable dags retrieved from /mnt/c/Users/Admin/Desktop/ud_data/Dataslush_umang/airflow/airflow_venv/lib/python3.12/site-packages/airflow/example_dags/plugins/listener_plugin.py
[2025-01-28T10:41:42.374+0000] {processor.py:208} INFO - Processing /mnt/c/Users/Admin/Desktop/ud_data/Dataslush_umang/airflow/airflow_venv/lib/python3.12/site-packages/airflow/example_dags/plugins/listener_plugin.py took 0.120 seconds
[2025-01-28T10:43:03.227+0000] {processor.py:186} INFO - Started process (PID=17605) to work on /mnt/c/Users/Admin/Desktop/ud_data/Dataslush_umang/airflow/airflow_venv/lib/python3.12/site-packages/airflow/example_dags/plugins/listener_plugin.py
[2025-01-28T10:42:33.631+0000] {processor.py:914} INFO - Processing file /mnt/c/Users/Admin/Desktop/ud_data/Dataslush_umang/airflow/airflow_venv/lib/python3.12/site-packages/airflow/example_dags/plugins/listener_plugin.py for tasks to queue
[2025-01-28T10:42:33.640+0000] {logging_mixin.py:190} INFO - [2025-01-28T10:42:33.637+0000] {dagbag.py:588} INFO - Filling up the DagBag from /mnt/c/Users/Admin/Desktop/ud_data/Dataslush_umang/airflow/airflow_venv/lib/python3.12/site-packages/airflow/example_dags/plugins/listener_plugin.py
[2025-01-28T10:42:33.692+0000] {processor.py:927} WARNING - No viable dags retrieved from /mnt/c/Users/Admin/Desktop/ud_data/Dataslush_umang/airflow/airflow_venv/lib/python3.12/site-packages/airflow/example_dags/plugins/listener_plugin.py
[2025-01-28T10:42:33.703+0000] {processor.py:208} INFO - Processing /mnt/c/Users/Admin/Desktop/ud_data/Dataslush_umang/airflow/airflow_venv/lib/python3.12/site-packages/airflow/example_dags/plugins/listener_plugin.py took 0.566 seconds
[2025-01-28T10:44:08.435+0000] {processor.py:186} INFO - Started process (PID=17797) to work on /mnt/c/Users/Admin/Desktop/ud_data/Dataslush_umang/airflow/airflow_venv/lib/python3.12/site-packages/airflow/example_dags/plugins/listener_plugin.py
[2025-01-28T10:44:08.444+0000] {processor.py:914} INFO - Processing file /mnt/c/Users/Admin/Desktop/ud_data/Dataslush_umang/airflow/airflow_venv/lib/python3.12/site-packages/airflow/example_dags/plugins/listener_plugin.py for tasks to queue
[2025-01-28T10:44:08.454+0000] {logging_mixin.py:190} INFO - [2025-01-28T10:44:08.451+0000] {dagbag.py:588} INFO - Filling up the DagBag from /mnt/c/Users/Admin/Desktop/ud_data/Dataslush_umang/airflow/airflow_venv/lib/python3.12/site-packages/airflow/example_dags/plugins/listener_plugin.py
[2025-01-28T10:44:08.515+0000] {processor.py:927} WARNING - No viable dags retrieved from /mnt/c/Users/Admin/Desktop/ud_data/Dataslush_umang/airflow/airflow_venv/lib/python3.12/site-packages/airflow/example_dags/plugins/listener_plugin.py
[2025-01-28T10:44:08.544+0000] {processor.py:208} INFO - Processing /mnt/c/Users/Admin/Desktop/ud_data/Dataslush_umang/airflow/airflow_venv/lib/python3.12/site-packages/airflow/example_dags/plugins/listener_plugin.py took 0.159 seconds
[2025-01-28T10:46:58.116+0000] {processor.py:186} INFO - Started process (PID=17956) to work on /mnt/c/Users/Admin/Desktop/ud_data/Dataslush_umang/airflow/airflow_venv/lib/python3.12/site-packages/airflow/example_dags/plugins/listener_plugin.py
[2025-01-28T10:46:58.447+0000] {processor.py:914} INFO - Processing file /mnt/c/Users/Admin/Desktop/ud_data/Dataslush_umang/airflow/airflow_venv/lib/python3.12/site-packages/airflow/example_dags/plugins/listener_plugin.py for tasks to queue
[2025-01-28T10:46:58.455+0000] {logging_mixin.py:190} INFO - [2025-01-28T10:46:58.453+0000] {dagbag.py:588} INFO - Filling up the DagBag from /mnt/c/Users/Admin/Desktop/ud_data/Dataslush_umang/airflow/airflow_venv/lib/python3.12/site-packages/airflow/example_dags/plugins/listener_plugin.py
[2025-01-28T10:46:58.505+0000] {processor.py:927} WARNING - No viable dags retrieved from /mnt/c/Users/Admin/Desktop/ud_data/Dataslush_umang/airflow/airflow_venv/lib/python3.12/site-packages/airflow/example_dags/plugins/listener_plugin.py
[2025-01-28T10:46:58.524+0000] {processor.py:208} INFO - Processing /mnt/c/Users/Admin/Desktop/ud_data/Dataslush_umang/airflow/airflow_venv/lib/python3.12/site-packages/airflow/example_dags/plugins/listener_plugin.py took 0.441 seconds
[2025-01-28T10:47:57.281+0000] {processor.py:186} INFO - Started process (PID=18050) to work on /mnt/c/Users/Admin/Desktop/ud_data/Dataslush_umang/airflow/airflow_venv/lib/python3.12/site-packages/airflow/example_dags/plugins/listener_plugin.py
[2025-01-28T10:47:57.310+0000] {processor.py:914} INFO - Processing file /mnt/c/Users/Admin/Desktop/ud_data/Dataslush_umang/airflow/airflow_venv/lib/python3.12/site-packages/airflow/example_dags/plugins/listener_plugin.py for tasks to queue
[2025-01-28T10:47:57.317+0000] {logging_mixin.py:190} INFO - [2025-01-28T10:47:57.315+0000] {dagbag.py:588} INFO - Filling up the DagBag from /mnt/c/Users/Admin/Desktop/ud_data/Dataslush_umang/airflow/airflow_venv/lib/python3.12/site-packages/airflow/example_dags/plugins/listener_plugin.py
[2025-01-28T10:47:57.379+0000] {processor.py:927} WARNING - No viable dags retrieved from /mnt/c/Users/Admin/Desktop/ud_data/Dataslush_umang/airflow/airflow_venv/lib/python3.12/site-packages/airflow/example_dags/plugins/listener_plugin.py
[2025-01-28T10:47:57.401+0000] {processor.py:208} INFO - Processing /mnt/c/Users/Admin/Desktop/ud_data/Dataslush_umang/airflow/airflow_venv/lib/python3.12/site-packages/airflow/example_dags/plugins/listener_plugin.py took 0.155 seconds
[2025-01-28T10:48:37.273+0000] {processor.py:186} INFO - Started process (PID=18144) to work on /mnt/c/Users/Admin/Desktop/ud_data/Dataslush_umang/airflow/airflow_venv/lib/python3.12/site-packages/airflow/example_dags/plugins/listener_plugin.py
[2025-01-28T10:48:37.276+0000] {processor.py:914} INFO - Processing file /mnt/c/Users/Admin/Desktop/ud_data/Dataslush_umang/airflow/airflow_venv/lib/python3.12/site-packages/airflow/example_dags/plugins/listener_plugin.py for tasks to queue
[2025-01-28T10:48:37.283+0000] {logging_mixin.py:190} INFO - [2025-01-28T10:48:37.281+0000] {dagbag.py:588} INFO - Filling up the DagBag from /mnt/c/Users/Admin/Desktop/ud_data/Dataslush_umang/airflow/airflow_venv/lib/python3.12/site-packages/airflow/example_dags/plugins/listener_plugin.py
[2025-01-28T10:48:37.322+0000] {processor.py:927} WARNING - No viable dags retrieved from /mnt/c/Users/Admin/Desktop/ud_data/Dataslush_umang/airflow/airflow_venv/lib/python3.12/site-packages/airflow/example_dags/plugins/listener_plugin.py
[2025-01-28T10:48:37.340+0000] {processor.py:208} INFO - Processing /mnt/c/Users/Admin/Desktop/ud_data/Dataslush_umang/airflow/airflow_venv/lib/python3.12/site-packages/airflow/example_dags/plugins/listener_plugin.py took 0.093 seconds
[2025-01-28T10:49:23.861+0000] {processor.py:186} INFO - Started process (PID=18246) to work on /mnt/c/Users/Admin/Desktop/ud_data/Dataslush_umang/airflow/airflow_venv/lib/python3.12/site-packages/airflow/example_dags/plugins/listener_plugin.py
[2025-01-28T10:49:24.105+0000] {processor.py:914} INFO - Processing file /mnt/c/Users/Admin/Desktop/ud_data/Dataslush_umang/airflow/airflow_venv/lib/python3.12/site-packages/airflow/example_dags/plugins/listener_plugin.py for tasks to queue
[2025-01-28T10:49:24.113+0000] {logging_mixin.py:190} INFO - [2025-01-28T10:49:24.111+0000] {dagbag.py:588} INFO - Filling up the DagBag from /mnt/c/Users/Admin/Desktop/ud_data/Dataslush_umang/airflow/airflow_venv/lib/python3.12/site-packages/airflow/example_dags/plugins/listener_plugin.py
[2025-01-28T10:49:24.156+0000] {processor.py:927} WARNING - No viable dags retrieved from /mnt/c/Users/Admin/Desktop/ud_data/Dataslush_umang/airflow/airflow_venv/lib/python3.12/site-packages/airflow/example_dags/plugins/listener_plugin.py
[2025-01-28T10:49:24.186+0000] {processor.py:208} INFO - Processing /mnt/c/Users/Admin/Desktop/ud_data/Dataslush_umang/airflow/airflow_venv/lib/python3.12/site-packages/airflow/example_dags/plugins/listener_plugin.py took 0.351 seconds
[2025-01-28T10:50:49.533+0000] {processor.py:186} INFO - Started process (PID=18376) to work on /mnt/c/Users/Admin/Desktop/ud_data/Dataslush_umang/airflow/airflow_venv/lib/python3.12/site-packages/airflow/example_dags/plugins/listener_plugin.py
[2025-01-28T10:50:49.536+0000] {processor.py:914} INFO - Processing file /mnt/c/Users/Admin/Desktop/ud_data/Dataslush_umang/airflow/airflow_venv/lib/python3.12/site-packages/airflow/example_dags/plugins/listener_plugin.py for tasks to queue
[2025-01-28T10:50:49.543+0000] {logging_mixin.py:190} INFO - [2025-01-28T10:50:49.541+0000] {dagbag.py:588} INFO - Filling up the DagBag from /mnt/c/Users/Admin/Desktop/ud_data/Dataslush_umang/airflow/airflow_venv/lib/python3.12/site-packages/airflow/example_dags/plugins/listener_plugin.py
[2025-01-28T10:50:49.588+0000] {processor.py:927} WARNING - No viable dags retrieved from /mnt/c/Users/Admin/Desktop/ud_data/Dataslush_umang/airflow/airflow_venv/lib/python3.12/site-packages/airflow/example_dags/plugins/listener_plugin.py
[2025-01-28T10:50:49.602+0000] {processor.py:208} INFO - Processing /mnt/c/Users/Admin/Desktop/ud_data/Dataslush_umang/airflow/airflow_venv/lib/python3.12/site-packages/airflow/example_dags/plugins/listener_plugin.py took 0.092 seconds
[2025-01-28T10:51:30.865+0000] {processor.py:186} INFO - Started process (PID=18539) to work on /mnt/c/Users/Admin/Desktop/ud_data/Dataslush_umang/airflow/airflow_venv/lib/python3.12/site-packages/airflow/example_dags/plugins/listener_plugin.py
[2025-01-28T10:51:30.867+0000] {processor.py:914} INFO - Processing file /mnt/c/Users/Admin/Desktop/ud_data/Dataslush_umang/airflow/airflow_venv/lib/python3.12/site-packages/airflow/example_dags/plugins/listener_plugin.py for tasks to queue
[2025-01-28T10:51:30.873+0000] {logging_mixin.py:190} INFO - [2025-01-28T10:51:30.871+0000] {dagbag.py:588} INFO - Filling up the DagBag from /mnt/c/Users/Admin/Desktop/ud_data/Dataslush_umang/airflow/airflow_venv/lib/python3.12/site-packages/airflow/example_dags/plugins/listener_plugin.py
[2025-01-28T10:51:30.911+0000] {processor.py:927} WARNING - No viable dags retrieved from /mnt/c/Users/Admin/Desktop/ud_data/Dataslush_umang/airflow/airflow_venv/lib/python3.12/site-packages/airflow/example_dags/plugins/listener_plugin.py
[2025-01-28T10:51:30.927+0000] {processor.py:208} INFO - Processing /mnt/c/Users/Admin/Desktop/ud_data/Dataslush_umang/airflow/airflow_venv/lib/python3.12/site-packages/airflow/example_dags/plugins/listener_plugin.py took 0.089 seconds
[2025-01-28T10:52:29.841+0000] {processor.py:186} INFO - Started process (PID=18605) to work on /mnt/c/Users/Admin/Desktop/ud_data/Dataslush_umang/airflow/airflow_venv/lib/python3.12/site-packages/airflow/example_dags/plugins/listener_plugin.py
[2025-01-28T10:52:29.843+0000] {processor.py:914} INFO - Processing file /mnt/c/Users/Admin/Desktop/ud_data/Dataslush_umang/airflow/airflow_venv/lib/python3.12/site-packages/airflow/example_dags/plugins/listener_plugin.py for tasks to queue
[2025-01-28T10:52:29.849+0000] {logging_mixin.py:190} INFO - [2025-01-28T10:52:29.847+0000] {dagbag.py:588} INFO - Filling up the DagBag from /mnt/c/Users/Admin/Desktop/ud_data/Dataslush_umang/airflow/airflow_venv/lib/python3.12/site-packages/airflow/example_dags/plugins/listener_plugin.py
[2025-01-28T10:52:29.893+0000] {processor.py:927} WARNING - No viable dags retrieved from /mnt/c/Users/Admin/Desktop/ud_data/Dataslush_umang/airflow/airflow_venv/lib/python3.12/site-packages/airflow/example_dags/plugins/listener_plugin.py
[2025-01-28T10:52:29.909+0000] {processor.py:208} INFO - Processing /mnt/c/Users/Admin/Desktop/ud_data/Dataslush_umang/airflow/airflow_venv/lib/python3.12/site-packages/airflow/example_dags/plugins/listener_plugin.py took 0.095 seconds
[2025-01-28T10:53:18.206+0000] {processor.py:186} INFO - Started process (PID=18709) to work on /mnt/c/Users/Admin/Desktop/ud_data/Dataslush_umang/airflow/airflow_venv/lib/python3.12/site-packages/airflow/example_dags/plugins/listener_plugin.py
[2025-01-28T10:53:18.472+0000] {processor.py:914} INFO - Processing file /mnt/c/Users/Admin/Desktop/ud_data/Dataslush_umang/airflow/airflow_venv/lib/python3.12/site-packages/airflow/example_dags/plugins/listener_plugin.py for tasks to queue
[2025-01-28T10:53:18.615+0000] {logging_mixin.py:190} INFO - [2025-01-28T10:53:18.612+0000] {dagbag.py:588} INFO - Filling up the DagBag from /mnt/c/Users/Admin/Desktop/ud_data/Dataslush_umang/airflow/airflow_venv/lib/python3.12/site-packages/airflow/example_dags/plugins/listener_plugin.py
[2025-01-28T10:53:18.657+0000] {processor.py:927} WARNING - No viable dags retrieved from /mnt/c/Users/Admin/Desktop/ud_data/Dataslush_umang/airflow/airflow_venv/lib/python3.12/site-packages/airflow/example_dags/plugins/listener_plugin.py
[2025-01-28T10:53:18.691+0000] {processor.py:208} INFO - Processing /mnt/c/Users/Admin/Desktop/ud_data/Dataslush_umang/airflow/airflow_venv/lib/python3.12/site-packages/airflow/example_dags/plugins/listener_plugin.py took 0.514 seconds
[2025-01-28T10:54:18.760+0000] {processor.py:186} INFO - Started process (PID=18771) to work on /mnt/c/Users/Admin/Desktop/ud_data/Dataslush_umang/airflow/airflow_venv/lib/python3.12/site-packages/airflow/example_dags/plugins/listener_plugin.py
[2025-01-28T10:54:18.762+0000] {processor.py:914} INFO - Processing file /mnt/c/Users/Admin/Desktop/ud_data/Dataslush_umang/airflow/airflow_venv/lib/python3.12/site-packages/airflow/example_dags/plugins/listener_plugin.py for tasks to queue
[2025-01-28T10:54:18.768+0000] {logging_mixin.py:190} INFO - [2025-01-28T10:54:18.766+0000] {dagbag.py:588} INFO - Filling up the DagBag from /mnt/c/Users/Admin/Desktop/ud_data/Dataslush_umang/airflow/airflow_venv/lib/python3.12/site-packages/airflow/example_dags/plugins/listener_plugin.py
[2025-01-28T10:54:18.796+0000] {processor.py:927} WARNING - No viable dags retrieved from /mnt/c/Users/Admin/Desktop/ud_data/Dataslush_umang/airflow/airflow_venv/lib/python3.12/site-packages/airflow/example_dags/plugins/listener_plugin.py
[2025-01-28T10:54:18.809+0000] {processor.py:208} INFO - Processing /mnt/c/Users/Admin/Desktop/ud_data/Dataslush_umang/airflow/airflow_venv/lib/python3.12/site-packages/airflow/example_dags/plugins/listener_plugin.py took 0.070 seconds
[2025-01-28T10:55:13.687+0000] {processor.py:186} INFO - Started process (PID=18861) to work on /mnt/c/Users/Admin/Desktop/ud_data/Dataslush_umang/airflow/airflow_venv/lib/python3.12/site-packages/airflow/example_dags/plugins/listener_plugin.py
[2025-01-28T10:55:13.694+0000] {processor.py:914} INFO - Processing file /mnt/c/Users/Admin/Desktop/ud_data/Dataslush_umang/airflow/airflow_venv/lib/python3.12/site-packages/airflow/example_dags/plugins/listener_plugin.py for tasks to queue
[2025-01-28T10:55:13.700+0000] {logging_mixin.py:190} INFO - [2025-01-28T10:55:13.698+0000] {dagbag.py:588} INFO - Filling up the DagBag from /mnt/c/Users/Admin/Desktop/ud_data/Dataslush_umang/airflow/airflow_venv/lib/python3.12/site-packages/airflow/example_dags/plugins/listener_plugin.py
[2025-01-28T10:55:13.731+0000] {processor.py:927} WARNING - No viable dags retrieved from /mnt/c/Users/Admin/Desktop/ud_data/Dataslush_umang/airflow/airflow_venv/lib/python3.12/site-packages/airflow/example_dags/plugins/listener_plugin.py
[2025-01-28T10:55:13.745+0000] {processor.py:208} INFO - Processing /mnt/c/Users/Admin/Desktop/ud_data/Dataslush_umang/airflow/airflow_venv/lib/python3.12/site-packages/airflow/example_dags/plugins/listener_plugin.py took 0.083 seconds
[2025-01-28T10:55:56.053+0000] {processor.py:186} INFO - Started process (PID=18963) to work on /mnt/c/Users/Admin/Desktop/ud_data/Dataslush_umang/airflow/airflow_venv/lib/python3.12/site-packages/airflow/example_dags/plugins/listener_plugin.py
[2025-01-28T10:55:56.057+0000] {processor.py:914} INFO - Processing file /mnt/c/Users/Admin/Desktop/ud_data/Dataslush_umang/airflow/airflow_venv/lib/python3.12/site-packages/airflow/example_dags/plugins/listener_plugin.py for tasks to queue
[2025-01-28T10:55:56.062+0000] {logging_mixin.py:190} INFO - [2025-01-28T10:55:56.061+0000] {dagbag.py:588} INFO - Filling up the DagBag from /mnt/c/Users/Admin/Desktop/ud_data/Dataslush_umang/airflow/airflow_venv/lib/python3.12/site-packages/airflow/example_dags/plugins/listener_plugin.py
[2025-01-28T10:55:56.089+0000] {processor.py:927} WARNING - No viable dags retrieved from /mnt/c/Users/Admin/Desktop/ud_data/Dataslush_umang/airflow/airflow_venv/lib/python3.12/site-packages/airflow/example_dags/plugins/listener_plugin.py
[2025-01-28T10:55:56.112+0000] {processor.py:208} INFO - Processing /mnt/c/Users/Admin/Desktop/ud_data/Dataslush_umang/airflow/airflow_venv/lib/python3.12/site-packages/airflow/example_dags/plugins/listener_plugin.py took 0.082 seconds
[2025-01-28T10:56:45.260+0000] {processor.py:186} INFO - Started process (PID=19088) to work on /mnt/c/Users/Admin/Desktop/ud_data/Dataslush_umang/airflow/airflow_venv/lib/python3.12/site-packages/airflow/example_dags/plugins/listener_plugin.py
[2025-01-28T10:56:45.263+0000] {processor.py:914} INFO - Processing file /mnt/c/Users/Admin/Desktop/ud_data/Dataslush_umang/airflow/airflow_venv/lib/python3.12/site-packages/airflow/example_dags/plugins/listener_plugin.py for tasks to queue
[2025-01-28T10:56:45.270+0000] {logging_mixin.py:190} INFO - [2025-01-28T10:56:45.268+0000] {dagbag.py:588} INFO - Filling up the DagBag from /mnt/c/Users/Admin/Desktop/ud_data/Dataslush_umang/airflow/airflow_venv/lib/python3.12/site-packages/airflow/example_dags/plugins/listener_plugin.py
[2025-01-28T10:56:45.305+0000] {processor.py:927} WARNING - No viable dags retrieved from /mnt/c/Users/Admin/Desktop/ud_data/Dataslush_umang/airflow/airflow_venv/lib/python3.12/site-packages/airflow/example_dags/plugins/listener_plugin.py
[2025-01-28T10:56:45.328+0000] {processor.py:208} INFO - Processing /mnt/c/Users/Admin/Desktop/ud_data/Dataslush_umang/airflow/airflow_venv/lib/python3.12/site-packages/airflow/example_dags/plugins/listener_plugin.py took 0.090 seconds
[2025-01-28T10:57:33.308+0000] {processor.py:186} INFO - Started process (PID=19160) to work on /mnt/c/Users/Admin/Desktop/ud_data/Dataslush_umang/airflow/airflow_venv/lib/python3.12/site-packages/airflow/example_dags/plugins/listener_plugin.py
[2025-01-28T10:58:03.503+0000] {processor.py:914} INFO - Processing file /mnt/c/Users/Admin/Desktop/ud_data/Dataslush_umang/airflow/airflow_venv/lib/python3.12/site-packages/airflow/example_dags/plugins/listener_plugin.py for tasks to queue
[2025-01-28T10:58:03.509+0000] {logging_mixin.py:190} INFO - [2025-01-28T10:58:03.507+0000] {dagbag.py:588} INFO - Filling up the DagBag from /mnt/c/Users/Admin/Desktop/ud_data/Dataslush_umang/airflow/airflow_venv/lib/python3.12/site-packages/airflow/example_dags/plugins/listener_plugin.py
[2025-01-28T10:58:03.543+0000] {processor.py:927} WARNING - No viable dags retrieved from /mnt/c/Users/Admin/Desktop/ud_data/Dataslush_umang/airflow/airflow_venv/lib/python3.12/site-packages/airflow/example_dags/plugins/listener_plugin.py
[2025-01-28T10:58:03.561+0000] {processor.py:208} INFO - Processing /mnt/c/Users/Admin/Desktop/ud_data/Dataslush_umang/airflow/airflow_venv/lib/python3.12/site-packages/airflow/example_dags/plugins/listener_plugin.py took 0.195 seconds
[2025-01-28T10:58:57.736+0000] {processor.py:186} INFO - Started process (PID=19351) to work on /mnt/c/Users/Admin/Desktop/ud_data/Dataslush_umang/airflow/airflow_venv/lib/python3.12/site-packages/airflow/example_dags/plugins/listener_plugin.py
[2025-01-28T10:58:57.739+0000] {processor.py:914} INFO - Processing file /mnt/c/Users/Admin/Desktop/ud_data/Dataslush_umang/airflow/airflow_venv/lib/python3.12/site-packages/airflow/example_dags/plugins/listener_plugin.py for tasks to queue
[2025-01-28T10:58:57.745+0000] {logging_mixin.py:190} INFO - [2025-01-28T10:58:57.743+0000] {dagbag.py:588} INFO - Filling up the DagBag from /mnt/c/Users/Admin/Desktop/ud_data/Dataslush_umang/airflow/airflow_venv/lib/python3.12/site-packages/airflow/example_dags/plugins/listener_plugin.py
[2025-01-28T10:58:57.784+0000] {processor.py:927} WARNING - No viable dags retrieved from /mnt/c/Users/Admin/Desktop/ud_data/Dataslush_umang/airflow/airflow_venv/lib/python3.12/site-packages/airflow/example_dags/plugins/listener_plugin.py
[2025-01-28T10:58:57.802+0000] {processor.py:208} INFO - Processing /mnt/c/Users/Admin/Desktop/ud_data/Dataslush_umang/airflow/airflow_venv/lib/python3.12/site-packages/airflow/example_dags/plugins/listener_plugin.py took 0.091 seconds
[2025-01-28T10:59:41.083+0000] {processor.py:186} INFO - Started process (PID=19428) to work on /mnt/c/Users/Admin/Desktop/ud_data/Dataslush_umang/airflow/airflow_venv/lib/python3.12/site-packages/airflow/example_dags/plugins/listener_plugin.py
[2025-01-28T10:59:41.086+0000] {processor.py:914} INFO - Processing file /mnt/c/Users/Admin/Desktop/ud_data/Dataslush_umang/airflow/airflow_venv/lib/python3.12/site-packages/airflow/example_dags/plugins/listener_plugin.py for tasks to queue
[2025-01-28T10:59:41.093+0000] {logging_mixin.py:190} INFO - [2025-01-28T10:59:41.091+0000] {dagbag.py:588} INFO - Filling up the DagBag from /mnt/c/Users/Admin/Desktop/ud_data/Dataslush_umang/airflow/airflow_venv/lib/python3.12/site-packages/airflow/example_dags/plugins/listener_plugin.py
[2025-01-28T10:59:41.134+0000] {processor.py:927} WARNING - No viable dags retrieved from /mnt/c/Users/Admin/Desktop/ud_data/Dataslush_umang/airflow/airflow_venv/lib/python3.12/site-packages/airflow/example_dags/plugins/listener_plugin.py
[2025-01-28T10:59:41.152+0000] {processor.py:208} INFO - Processing /mnt/c/Users/Admin/Desktop/ud_data/Dataslush_umang/airflow/airflow_venv/lib/python3.12/site-packages/airflow/example_dags/plugins/listener_plugin.py took 0.092 seconds
[2025-01-28T11:00:42.202+0000] {processor.py:186} INFO - Started process (PID=19528) to work on /mnt/c/Users/Admin/Desktop/ud_data/Dataslush_umang/airflow/airflow_venv/lib/python3.12/site-packages/airflow/example_dags/plugins/listener_plugin.py
[2025-01-28T11:00:42.207+0000] {processor.py:914} INFO - Processing file /mnt/c/Users/Admin/Desktop/ud_data/Dataslush_umang/airflow/airflow_venv/lib/python3.12/site-packages/airflow/example_dags/plugins/listener_plugin.py for tasks to queue
[2025-01-28T11:00:42.216+0000] {logging_mixin.py:190} INFO - [2025-01-28T11:00:42.215+0000] {dagbag.py:588} INFO - Filling up the DagBag from /mnt/c/Users/Admin/Desktop/ud_data/Dataslush_umang/airflow/airflow_venv/lib/python3.12/site-packages/airflow/example_dags/plugins/listener_plugin.py
[2025-01-28T11:00:42.256+0000] {processor.py:927} WARNING - No viable dags retrieved from /mnt/c/Users/Admin/Desktop/ud_data/Dataslush_umang/airflow/airflow_venv/lib/python3.12/site-packages/airflow/example_dags/plugins/listener_plugin.py
[2025-01-28T11:00:42.279+0000] {processor.py:208} INFO - Processing /mnt/c/Users/Admin/Desktop/ud_data/Dataslush_umang/airflow/airflow_venv/lib/python3.12/site-packages/airflow/example_dags/plugins/listener_plugin.py took 0.120 seconds
[2025-01-28T11:01:36.017+0000] {processor.py:186} INFO - Started process (PID=19595) to work on /mnt/c/Users/Admin/Desktop/ud_data/Dataslush_umang/airflow/airflow_venv/lib/python3.12/site-packages/airflow/example_dags/plugins/listener_plugin.py
[2025-01-28T11:01:36.020+0000] {processor.py:914} INFO - Processing file /mnt/c/Users/Admin/Desktop/ud_data/Dataslush_umang/airflow/airflow_venv/lib/python3.12/site-packages/airflow/example_dags/plugins/listener_plugin.py for tasks to queue
[2025-01-28T11:01:36.027+0000] {logging_mixin.py:190} INFO - [2025-01-28T11:01:36.025+0000] {dagbag.py:588} INFO - Filling up the DagBag from /mnt/c/Users/Admin/Desktop/ud_data/Dataslush_umang/airflow/airflow_venv/lib/python3.12/site-packages/airflow/example_dags/plugins/listener_plugin.py
[2025-01-28T11:01:36.064+0000] {processor.py:927} WARNING - No viable dags retrieved from /mnt/c/Users/Admin/Desktop/ud_data/Dataslush_umang/airflow/airflow_venv/lib/python3.12/site-packages/airflow/example_dags/plugins/listener_plugin.py
[2025-01-28T11:01:36.085+0000] {processor.py:208} INFO - Processing /mnt/c/Users/Admin/Desktop/ud_data/Dataslush_umang/airflow/airflow_venv/lib/python3.12/site-packages/airflow/example_dags/plugins/listener_plugin.py took 0.096 seconds
[2025-01-28T11:03:19.269+0000] {processor.py:186} INFO - Started process (PID=19711) to work on /mnt/c/Users/Admin/Desktop/ud_data/Dataslush_umang/airflow/airflow_venv/lib/python3.12/site-packages/airflow/example_dags/plugins/listener_plugin.py
[2025-01-28T11:03:19.312+0000] {processor.py:914} INFO - Processing file /mnt/c/Users/Admin/Desktop/ud_data/Dataslush_umang/airflow/airflow_venv/lib/python3.12/site-packages/airflow/example_dags/plugins/listener_plugin.py for tasks to queue
[2025-01-28T11:03:19.318+0000] {logging_mixin.py:190} INFO - [2025-01-28T11:03:19.316+0000] {dagbag.py:588} INFO - Filling up the DagBag from /mnt/c/Users/Admin/Desktop/ud_data/Dataslush_umang/airflow/airflow_venv/lib/python3.12/site-packages/airflow/example_dags/plugins/listener_plugin.py
[2025-01-28T11:03:19.351+0000] {processor.py:927} WARNING - No viable dags retrieved from /mnt/c/Users/Admin/Desktop/ud_data/Dataslush_umang/airflow/airflow_venv/lib/python3.12/site-packages/airflow/example_dags/plugins/listener_plugin.py
[2025-01-28T11:03:19.365+0000] {processor.py:208} INFO - Processing /mnt/c/Users/Admin/Desktop/ud_data/Dataslush_umang/airflow/airflow_venv/lib/python3.12/site-packages/airflow/example_dags/plugins/listener_plugin.py took 0.165 seconds
[2025-01-28T11:04:22.038+0000] {processor.py:186} INFO - Started process (PID=19883) to work on /mnt/c/Users/Admin/Desktop/ud_data/Dataslush_umang/airflow/airflow_venv/lib/python3.12/site-packages/airflow/example_dags/plugins/listener_plugin.py
[2025-01-28T11:04:22.041+0000] {processor.py:914} INFO - Processing file /mnt/c/Users/Admin/Desktop/ud_data/Dataslush_umang/airflow/airflow_venv/lib/python3.12/site-packages/airflow/example_dags/plugins/listener_plugin.py for tasks to queue
[2025-01-28T11:04:22.047+0000] {logging_mixin.py:190} INFO - [2025-01-28T11:04:22.045+0000] {dagbag.py:588} INFO - Filling up the DagBag from /mnt/c/Users/Admin/Desktop/ud_data/Dataslush_umang/airflow/airflow_venv/lib/python3.12/site-packages/airflow/example_dags/plugins/listener_plugin.py
[2025-01-28T11:04:22.077+0000] {processor.py:927} WARNING - No viable dags retrieved from /mnt/c/Users/Admin/Desktop/ud_data/Dataslush_umang/airflow/airflow_venv/lib/python3.12/site-packages/airflow/example_dags/plugins/listener_plugin.py
[2025-01-28T11:04:22.091+0000] {processor.py:208} INFO - Processing /mnt/c/Users/Admin/Desktop/ud_data/Dataslush_umang/airflow/airflow_venv/lib/python3.12/site-packages/airflow/example_dags/plugins/listener_plugin.py took 0.079 seconds
[2025-01-28T11:05:10.300+0000] {processor.py:186} INFO - Started process (PID=19957) to work on /mnt/c/Users/Admin/Desktop/ud_data/Dataslush_umang/airflow/airflow_venv/lib/python3.12/site-packages/airflow/example_dags/plugins/listener_plugin.py
[2025-01-28T11:05:10.379+0000] {processor.py:914} INFO - Processing file /mnt/c/Users/Admin/Desktop/ud_data/Dataslush_umang/airflow/airflow_venv/lib/python3.12/site-packages/airflow/example_dags/plugins/listener_plugin.py for tasks to queue
[2025-01-28T11:05:10.388+0000] {logging_mixin.py:190} INFO - [2025-01-28T11:05:10.385+0000] {dagbag.py:588} INFO - Filling up the DagBag from /mnt/c/Users/Admin/Desktop/ud_data/Dataslush_umang/airflow/airflow_venv/lib/python3.12/site-packages/airflow/example_dags/plugins/listener_plugin.py
[2025-01-28T11:05:10.432+0000] {processor.py:927} WARNING - No viable dags retrieved from /mnt/c/Users/Admin/Desktop/ud_data/Dataslush_umang/airflow/airflow_venv/lib/python3.12/site-packages/airflow/example_dags/plugins/listener_plugin.py
[2025-01-28T11:05:10.459+0000] {processor.py:208} INFO - Processing /mnt/c/Users/Admin/Desktop/ud_data/Dataslush_umang/airflow/airflow_venv/lib/python3.12/site-packages/airflow/example_dags/plugins/listener_plugin.py took 0.189 seconds
[2025-01-28T11:06:10.335+0000] {processor.py:186} INFO - Started process (PID=20011) to work on /mnt/c/Users/Admin/Desktop/ud_data/Dataslush_umang/airflow/airflow_venv/lib/python3.12/site-packages/airflow/example_dags/plugins/listener_plugin.py
[2025-01-28T11:06:10.478+0000] {processor.py:914} INFO - Processing file /mnt/c/Users/Admin/Desktop/ud_data/Dataslush_umang/airflow/airflow_venv/lib/python3.12/site-packages/airflow/example_dags/plugins/listener_plugin.py for tasks to queue
[2025-01-28T11:06:10.486+0000] {logging_mixin.py:190} INFO - [2025-01-28T11:06:10.483+0000] {dagbag.py:588} INFO - Filling up the DagBag from /mnt/c/Users/Admin/Desktop/ud_data/Dataslush_umang/airflow/airflow_venv/lib/python3.12/site-packages/airflow/example_dags/plugins/listener_plugin.py
[2025-01-28T11:06:10.523+0000] {processor.py:927} WARNING - No viable dags retrieved from /mnt/c/Users/Admin/Desktop/ud_data/Dataslush_umang/airflow/airflow_venv/lib/python3.12/site-packages/airflow/example_dags/plugins/listener_plugin.py
[2025-01-28T11:06:10.539+0000] {processor.py:208} INFO - Processing /mnt/c/Users/Admin/Desktop/ud_data/Dataslush_umang/airflow/airflow_venv/lib/python3.12/site-packages/airflow/example_dags/plugins/listener_plugin.py took 0.229 seconds
[2025-01-28T11:07:18.073+0000] {processor.py:186} INFO - Started process (PID=20082) to work on /mnt/c/Users/Admin/Desktop/ud_data/Dataslush_umang/airflow/airflow_venv/lib/python3.12/site-packages/airflow/example_dags/plugins/listener_plugin.py
[2025-01-28T11:07:18.076+0000] {processor.py:914} INFO - Processing file /mnt/c/Users/Admin/Desktop/ud_data/Dataslush_umang/airflow/airflow_venv/lib/python3.12/site-packages/airflow/example_dags/plugins/listener_plugin.py for tasks to queue
[2025-01-28T11:07:18.082+0000] {logging_mixin.py:190} INFO - [2025-01-28T11:07:18.080+0000] {dagbag.py:588} INFO - Filling up the DagBag from /mnt/c/Users/Admin/Desktop/ud_data/Dataslush_umang/airflow/airflow_venv/lib/python3.12/site-packages/airflow/example_dags/plugins/listener_plugin.py
[2025-01-28T11:07:18.120+0000] {processor.py:927} WARNING - No viable dags retrieved from /mnt/c/Users/Admin/Desktop/ud_data/Dataslush_umang/airflow/airflow_venv/lib/python3.12/site-packages/airflow/example_dags/plugins/listener_plugin.py
[2025-01-28T11:07:18.140+0000] {processor.py:208} INFO - Processing /mnt/c/Users/Admin/Desktop/ud_data/Dataslush_umang/airflow/airflow_venv/lib/python3.12/site-packages/airflow/example_dags/plugins/listener_plugin.py took 0.093 seconds
[2025-01-28T11:08:04.179+0000] {processor.py:186} INFO - Started process (PID=20183) to work on /mnt/c/Users/Admin/Desktop/ud_data/Dataslush_umang/airflow/airflow_venv/lib/python3.12/site-packages/airflow/example_dags/plugins/listener_plugin.py
[2025-01-28T11:08:04.585+0000] {processor.py:914} INFO - Processing file /mnt/c/Users/Admin/Desktop/ud_data/Dataslush_umang/airflow/airflow_venv/lib/python3.12/site-packages/airflow/example_dags/plugins/listener_plugin.py for tasks to queue
[2025-01-28T11:08:04.593+0000] {logging_mixin.py:190} INFO - [2025-01-28T11:08:04.590+0000] {dagbag.py:588} INFO - Filling up the DagBag from /mnt/c/Users/Admin/Desktop/ud_data/Dataslush_umang/airflow/airflow_venv/lib/python3.12/site-packages/airflow/example_dags/plugins/listener_plugin.py
[2025-01-28T11:08:04.641+0000] {processor.py:927} WARNING - No viable dags retrieved from /mnt/c/Users/Admin/Desktop/ud_data/Dataslush_umang/airflow/airflow_venv/lib/python3.12/site-packages/airflow/example_dags/plugins/listener_plugin.py
[2025-01-28T11:08:04.663+0000] {processor.py:208} INFO - Processing /mnt/c/Users/Admin/Desktop/ud_data/Dataslush_umang/airflow/airflow_venv/lib/python3.12/site-packages/airflow/example_dags/plugins/listener_plugin.py took 0.512 seconds
[2025-01-28T11:08:50.249+0000] {processor.py:186} INFO - Started process (PID=20254) to work on /mnt/c/Users/Admin/Desktop/ud_data/Dataslush_umang/airflow/airflow_venv/lib/python3.12/site-packages/airflow/example_dags/plugins/listener_plugin.py
[2025-01-28T11:08:50.312+0000] {processor.py:914} INFO - Processing file /mnt/c/Users/Admin/Desktop/ud_data/Dataslush_umang/airflow/airflow_venv/lib/python3.12/site-packages/airflow/example_dags/plugins/listener_plugin.py for tasks to queue
[2025-01-28T11:08:50.320+0000] {logging_mixin.py:190} INFO - [2025-01-28T11:08:50.317+0000] {dagbag.py:588} INFO - Filling up the DagBag from /mnt/c/Users/Admin/Desktop/ud_data/Dataslush_umang/airflow/airflow_venv/lib/python3.12/site-packages/airflow/example_dags/plugins/listener_plugin.py
[2025-01-28T11:08:50.363+0000] {processor.py:927} WARNING - No viable dags retrieved from /mnt/c/Users/Admin/Desktop/ud_data/Dataslush_umang/airflow/airflow_venv/lib/python3.12/site-packages/airflow/example_dags/plugins/listener_plugin.py
[2025-01-28T11:08:50.381+0000] {processor.py:208} INFO - Processing /mnt/c/Users/Admin/Desktop/ud_data/Dataslush_umang/airflow/airflow_venv/lib/python3.12/site-packages/airflow/example_dags/plugins/listener_plugin.py took 0.166 seconds
[2025-01-28T11:09:41.701+0000] {processor.py:186} INFO - Started process (PID=20393) to work on /mnt/c/Users/Admin/Desktop/ud_data/Dataslush_umang/airflow/airflow_venv/lib/python3.12/site-packages/airflow/example_dags/plugins/listener_plugin.py
[2025-01-28T11:09:41.703+0000] {processor.py:914} INFO - Processing file /mnt/c/Users/Admin/Desktop/ud_data/Dataslush_umang/airflow/airflow_venv/lib/python3.12/site-packages/airflow/example_dags/plugins/listener_plugin.py for tasks to queue
[2025-01-28T11:09:41.709+0000] {logging_mixin.py:190} INFO - [2025-01-28T11:09:41.708+0000] {dagbag.py:588} INFO - Filling up the DagBag from /mnt/c/Users/Admin/Desktop/ud_data/Dataslush_umang/airflow/airflow_venv/lib/python3.12/site-packages/airflow/example_dags/plugins/listener_plugin.py
[2025-01-28T11:09:41.738+0000] {processor.py:927} WARNING - No viable dags retrieved from /mnt/c/Users/Admin/Desktop/ud_data/Dataslush_umang/airflow/airflow_venv/lib/python3.12/site-packages/airflow/example_dags/plugins/listener_plugin.py
[2025-01-28T11:09:41.760+0000] {processor.py:208} INFO - Processing /mnt/c/Users/Admin/Desktop/ud_data/Dataslush_umang/airflow/airflow_venv/lib/python3.12/site-packages/airflow/example_dags/plugins/listener_plugin.py took 0.078 seconds
[2025-01-28T11:11:15.496+0000] {processor.py:186} INFO - Started process (PID=20513) to work on /mnt/c/Users/Admin/Desktop/ud_data/Dataslush_umang/airflow/airflow_venv/lib/python3.12/site-packages/airflow/example_dags/plugins/listener_plugin.py
[2025-01-28T11:11:15.499+0000] {processor.py:914} INFO - Processing file /mnt/c/Users/Admin/Desktop/ud_data/Dataslush_umang/airflow/airflow_venv/lib/python3.12/site-packages/airflow/example_dags/plugins/listener_plugin.py for tasks to queue
[2025-01-28T11:11:15.510+0000] {logging_mixin.py:190} INFO - [2025-01-28T11:11:15.504+0000] {dagbag.py:588} INFO - Filling up the DagBag from /mnt/c/Users/Admin/Desktop/ud_data/Dataslush_umang/airflow/airflow_venv/lib/python3.12/site-packages/airflow/example_dags/plugins/listener_plugin.py
[2025-01-28T11:11:15.547+0000] {processor.py:927} WARNING - No viable dags retrieved from /mnt/c/Users/Admin/Desktop/ud_data/Dataslush_umang/airflow/airflow_venv/lib/python3.12/site-packages/airflow/example_dags/plugins/listener_plugin.py
[2025-01-28T11:11:15.569+0000] {processor.py:208} INFO - Processing /mnt/c/Users/Admin/Desktop/ud_data/Dataslush_umang/airflow/airflow_venv/lib/python3.12/site-packages/airflow/example_dags/plugins/listener_plugin.py took 0.096 seconds
[2025-01-28T11:12:02.016+0000] {processor.py:186} INFO - Started process (PID=20570) to work on /mnt/c/Users/Admin/Desktop/ud_data/Dataslush_umang/airflow/airflow_venv/lib/python3.12/site-packages/airflow/example_dags/plugins/listener_plugin.py
[2025-01-28T11:12:02.087+0000] {processor.py:914} INFO - Processing file /mnt/c/Users/Admin/Desktop/ud_data/Dataslush_umang/airflow/airflow_venv/lib/python3.12/site-packages/airflow/example_dags/plugins/listener_plugin.py for tasks to queue
[2025-01-28T11:12:02.095+0000] {logging_mixin.py:190} INFO - [2025-01-28T11:12:02.093+0000] {dagbag.py:588} INFO - Filling up the DagBag from /mnt/c/Users/Admin/Desktop/ud_data/Dataslush_umang/airflow/airflow_venv/lib/python3.12/site-packages/airflow/example_dags/plugins/listener_plugin.py
[2025-01-28T11:12:02.149+0000] {processor.py:927} WARNING - No viable dags retrieved from /mnt/c/Users/Admin/Desktop/ud_data/Dataslush_umang/airflow/airflow_venv/lib/python3.12/site-packages/airflow/example_dags/plugins/listener_plugin.py
[2025-01-28T11:12:02.192+0000] {processor.py:208} INFO - Processing /mnt/c/Users/Admin/Desktop/ud_data/Dataslush_umang/airflow/airflow_venv/lib/python3.12/site-packages/airflow/example_dags/plugins/listener_plugin.py took 0.200 seconds
[2025-01-28T11:12:50.270+0000] {processor.py:186} INFO - Started process (PID=20624) to work on /mnt/c/Users/Admin/Desktop/ud_data/Dataslush_umang/airflow/airflow_venv/lib/python3.12/site-packages/airflow/example_dags/plugins/listener_plugin.py
[2025-01-28T11:12:50.410+0000] {processor.py:914} INFO - Processing file /mnt/c/Users/Admin/Desktop/ud_data/Dataslush_umang/airflow/airflow_venv/lib/python3.12/site-packages/airflow/example_dags/plugins/listener_plugin.py for tasks to queue
[2025-01-28T11:12:50.418+0000] {logging_mixin.py:190} INFO - [2025-01-28T11:12:50.415+0000] {dagbag.py:588} INFO - Filling up the DagBag from /mnt/c/Users/Admin/Desktop/ud_data/Dataslush_umang/airflow/airflow_venv/lib/python3.12/site-packages/airflow/example_dags/plugins/listener_plugin.py
[2025-01-28T11:12:50.480+0000] {processor.py:927} WARNING - No viable dags retrieved from /mnt/c/Users/Admin/Desktop/ud_data/Dataslush_umang/airflow/airflow_venv/lib/python3.12/site-packages/airflow/example_dags/plugins/listener_plugin.py
[2025-01-28T11:12:50.495+0000] {processor.py:208} INFO - Processing /mnt/c/Users/Admin/Desktop/ud_data/Dataslush_umang/airflow/airflow_venv/lib/python3.12/site-packages/airflow/example_dags/plugins/listener_plugin.py took 0.249 seconds
[2025-01-28T11:13:39.053+0000] {processor.py:186} INFO - Started process (PID=20683) to work on /mnt/c/Users/Admin/Desktop/ud_data/Dataslush_umang/airflow/airflow_venv/lib/python3.12/site-packages/airflow/example_dags/plugins/listener_plugin.py
[2025-01-28T11:13:39.056+0000] {processor.py:914} INFO - Processing file /mnt/c/Users/Admin/Desktop/ud_data/Dataslush_umang/airflow/airflow_venv/lib/python3.12/site-packages/airflow/example_dags/plugins/listener_plugin.py for tasks to queue
[2025-01-28T11:13:39.063+0000] {logging_mixin.py:190} INFO - [2025-01-28T11:13:39.060+0000] {dagbag.py:588} INFO - Filling up the DagBag from /mnt/c/Users/Admin/Desktop/ud_data/Dataslush_umang/airflow/airflow_venv/lib/python3.12/site-packages/airflow/example_dags/plugins/listener_plugin.py
[2025-01-28T11:13:39.099+0000] {processor.py:927} WARNING - No viable dags retrieved from /mnt/c/Users/Admin/Desktop/ud_data/Dataslush_umang/airflow/airflow_venv/lib/python3.12/site-packages/airflow/example_dags/plugins/listener_plugin.py
[2025-01-28T11:13:39.118+0000] {processor.py:208} INFO - Processing /mnt/c/Users/Admin/Desktop/ud_data/Dataslush_umang/airflow/airflow_venv/lib/python3.12/site-packages/airflow/example_dags/plugins/listener_plugin.py took 0.091 seconds
[2025-01-28T11:14:25.582+0000] {processor.py:186} INFO - Started process (PID=20738) to work on /mnt/c/Users/Admin/Desktop/ud_data/Dataslush_umang/airflow/airflow_venv/lib/python3.12/site-packages/airflow/example_dags/plugins/listener_plugin.py
[2025-01-28T11:14:25.585+0000] {processor.py:914} INFO - Processing file /mnt/c/Users/Admin/Desktop/ud_data/Dataslush_umang/airflow/airflow_venv/lib/python3.12/site-packages/airflow/example_dags/plugins/listener_plugin.py for tasks to queue
[2025-01-28T11:14:25.591+0000] {logging_mixin.py:190} INFO - [2025-01-28T11:14:25.589+0000] {dagbag.py:588} INFO - Filling up the DagBag from /mnt/c/Users/Admin/Desktop/ud_data/Dataslush_umang/airflow/airflow_venv/lib/python3.12/site-packages/airflow/example_dags/plugins/listener_plugin.py
[2025-01-28T11:14:25.636+0000] {processor.py:927} WARNING - No viable dags retrieved from /mnt/c/Users/Admin/Desktop/ud_data/Dataslush_umang/airflow/airflow_venv/lib/python3.12/site-packages/airflow/example_dags/plugins/listener_plugin.py
[2025-01-28T11:14:25.652+0000] {processor.py:208} INFO - Processing /mnt/c/Users/Admin/Desktop/ud_data/Dataslush_umang/airflow/airflow_venv/lib/python3.12/site-packages/airflow/example_dags/plugins/listener_plugin.py took 0.098 seconds
