[2025-01-28T10:11:06.352+0000] {processor.py:186} INFO - Started process (PID=14583) to work on /mnt/c/Users/Admin/Desktop/ud_data/Dataslush_umang/airflow/airflow_venv/lib/python3.12/site-packages/airflow/example_dags/plugins/workday.py
[2025-01-28T10:11:06.354+0000] {processor.py:914} INFO - Processing file /mnt/c/Users/Admin/Desktop/ud_data/Dataslush_umang/airflow/airflow_venv/lib/python3.12/site-packages/airflow/example_dags/plugins/workday.py for tasks to queue
[2025-01-28T10:11:06.357+0000] {logging_mixin.py:190} INFO - [2025-01-28T10:11:06.356+0000] {dagbag.py:588} INFO - Filling up the DagBag from /mnt/c/Users/Admin/Desktop/ud_data/Dataslush_umang/airflow/airflow_venv/lib/python3.12/site-packages/airflow/example_dags/plugins/workday.py
[2025-01-28T10:11:06.383+0000] {logging_mixin.py:190} INFO - [2025-01-28T10:11:06.383+0000] {workday.py:41} WARNING - Could not import pandas. Holidays will not be considered.
[2025-01-28T10:11:06.384+0000] {processor.py:927} WARNING - No viable dags retrieved from /mnt/c/Users/Admin/Desktop/ud_data/Dataslush_umang/airflow/airflow_venv/lib/python3.12/site-packages/airflow/example_dags/plugins/workday.py
[2025-01-28T10:11:06.395+0000] {processor.py:208} INFO - Processing /mnt/c/Users/Admin/Desktop/ud_data/Dataslush_umang/airflow/airflow_venv/lib/python3.12/site-packages/airflow/example_dags/plugins/workday.py took 0.062 seconds
[2025-01-28T10:14:39.991+0000] {processor.py:186} INFO - Started process (PID=14938) to work on /mnt/c/Users/Admin/Desktop/ud_data/Dataslush_umang/airflow/airflow_venv/lib/python3.12/site-packages/airflow/example_dags/plugins/workday.py
[2025-01-28T10:14:39.994+0000] {processor.py:914} INFO - Processing file /mnt/c/Users/Admin/Desktop/ud_data/Dataslush_umang/airflow/airflow_venv/lib/python3.12/site-packages/airflow/example_dags/plugins/workday.py for tasks to queue
[2025-01-28T10:14:39.998+0000] {logging_mixin.py:190} INFO - [2025-01-28T10:14:39.996+0000] {dagbag.py:588} INFO - Filling up the DagBag from /mnt/c/Users/Admin/Desktop/ud_data/Dataslush_umang/airflow/airflow_venv/lib/python3.12/site-packages/airflow/example_dags/plugins/workday.py
[2025-01-28T10:14:40.033+0000] {logging_mixin.py:190} INFO - [2025-01-28T10:14:40.032+0000] {workday.py:41} WARNING - Could not import pandas. Holidays will not be considered.
[2025-01-28T10:14:40.034+0000] {processor.py:927} WARNING - No viable dags retrieved from /mnt/c/Users/Admin/Desktop/ud_data/Dataslush_umang/airflow/airflow_venv/lib/python3.12/site-packages/airflow/example_dags/plugins/workday.py
[2025-01-28T10:14:40.046+0000] {processor.py:208} INFO - Processing /mnt/c/Users/Admin/Desktop/ud_data/Dataslush_umang/airflow/airflow_venv/lib/python3.12/site-packages/airflow/example_dags/plugins/workday.py took 0.074 seconds
[2025-01-28T10:15:44.693+0000] {processor.py:186} INFO - Started process (PID=15028) to work on /mnt/c/Users/Admin/Desktop/ud_data/Dataslush_umang/airflow/airflow_venv/lib/python3.12/site-packages/airflow/example_dags/plugins/workday.py
[2025-01-28T10:15:45.147+0000] {processor.py:914} INFO - Processing file /mnt/c/Users/Admin/Desktop/ud_data/Dataslush_umang/airflow/airflow_venv/lib/python3.12/site-packages/airflow/example_dags/plugins/workday.py for tasks to queue
[2025-01-28T10:15:45.157+0000] {logging_mixin.py:190} INFO - [2025-01-28T10:15:45.154+0000] {dagbag.py:588} INFO - Filling up the DagBag from /mnt/c/Users/Admin/Desktop/ud_data/Dataslush_umang/airflow/airflow_venv/lib/python3.12/site-packages/airflow/example_dags/plugins/workday.py
[2025-01-28T10:15:45.221+0000] {logging_mixin.py:190} INFO - [2025-01-28T10:15:45.219+0000] {workday.py:41} WARNING - Could not import pandas. Holidays will not be considered.
[2025-01-28T10:15:45.223+0000] {processor.py:927} WARNING - No viable dags retrieved from /mnt/c/Users/Admin/Desktop/ud_data/Dataslush_umang/airflow/airflow_venv/lib/python3.12/site-packages/airflow/example_dags/plugins/workday.py
[2025-01-28T10:15:45.237+0000] {processor.py:208} INFO - Processing /mnt/c/Users/Admin/Desktop/ud_data/Dataslush_umang/airflow/airflow_venv/lib/python3.12/site-packages/airflow/example_dags/plugins/workday.py took 0.566 seconds
[2025-01-28T10:16:35.467+0000] {processor.py:186} INFO - Started process (PID=15128) to work on /mnt/c/Users/Admin/Desktop/ud_data/Dataslush_umang/airflow/airflow_venv/lib/python3.12/site-packages/airflow/example_dags/plugins/workday.py
[2025-01-28T10:16:35.517+0000] {processor.py:914} INFO - Processing file /mnt/c/Users/Admin/Desktop/ud_data/Dataslush_umang/airflow/airflow_venv/lib/python3.12/site-packages/airflow/example_dags/plugins/workday.py for tasks to queue
[2025-01-28T10:16:35.524+0000] {logging_mixin.py:190} INFO - [2025-01-28T10:16:35.522+0000] {dagbag.py:588} INFO - Filling up the DagBag from /mnt/c/Users/Admin/Desktop/ud_data/Dataslush_umang/airflow/airflow_venv/lib/python3.12/site-packages/airflow/example_dags/plugins/workday.py
[2025-01-28T10:16:35.567+0000] {logging_mixin.py:190} INFO - [2025-01-28T10:16:35.565+0000] {workday.py:41} WARNING - Could not import pandas. Holidays will not be considered.
[2025-01-28T10:16:35.568+0000] {processor.py:927} WARNING - No viable dags retrieved from /mnt/c/Users/Admin/Desktop/ud_data/Dataslush_umang/airflow/airflow_venv/lib/python3.12/site-packages/airflow/example_dags/plugins/workday.py
[2025-01-28T10:16:35.584+0000] {processor.py:208} INFO - Processing /mnt/c/Users/Admin/Desktop/ud_data/Dataslush_umang/airflow/airflow_venv/lib/python3.12/site-packages/airflow/example_dags/plugins/workday.py took 0.144 seconds
[2025-01-28T10:17:30.198+0000] {processor.py:186} INFO - Started process (PID=15207) to work on /mnt/c/Users/Admin/Desktop/ud_data/Dataslush_umang/airflow/airflow_venv/lib/python3.12/site-packages/airflow/example_dags/plugins/workday.py
[2025-01-28T10:17:30.446+0000] {processor.py:914} INFO - Processing file /mnt/c/Users/Admin/Desktop/ud_data/Dataslush_umang/airflow/airflow_venv/lib/python3.12/site-packages/airflow/example_dags/plugins/workday.py for tasks to queue
[2025-01-28T10:17:30.486+0000] {logging_mixin.py:190} INFO - [2025-01-28T10:17:30.477+0000] {dagbag.py:588} INFO - Filling up the DagBag from /mnt/c/Users/Admin/Desktop/ud_data/Dataslush_umang/airflow/airflow_venv/lib/python3.12/site-packages/airflow/example_dags/plugins/workday.py
[2025-01-28T10:17:30.659+0000] {logging_mixin.py:190} INFO - [2025-01-28T10:17:30.653+0000] {workday.py:41} WARNING - Could not import pandas. Holidays will not be considered.
[2025-01-28T10:17:30.668+0000] {processor.py:927} WARNING - No viable dags retrieved from /mnt/c/Users/Admin/Desktop/ud_data/Dataslush_umang/airflow/airflow_venv/lib/python3.12/site-packages/airflow/example_dags/plugins/workday.py
[2025-01-28T10:17:30.728+0000] {processor.py:208} INFO - Processing /mnt/c/Users/Admin/Desktop/ud_data/Dataslush_umang/airflow/airflow_venv/lib/python3.12/site-packages/airflow/example_dags/plugins/workday.py took 0.615 seconds
[2025-01-28T10:18:48.139+0000] {processor.py:186} INFO - Started process (PID=15361) to work on /mnt/c/Users/Admin/Desktop/ud_data/Dataslush_umang/airflow/airflow_venv/lib/python3.12/site-packages/airflow/example_dags/plugins/workday.py
[2025-01-28T10:18:48.141+0000] {processor.py:914} INFO - Processing file /mnt/c/Users/Admin/Desktop/ud_data/Dataslush_umang/airflow/airflow_venv/lib/python3.12/site-packages/airflow/example_dags/plugins/workday.py for tasks to queue
[2025-01-28T10:18:48.147+0000] {logging_mixin.py:190} INFO - [2025-01-28T10:18:48.145+0000] {dagbag.py:588} INFO - Filling up the DagBag from /mnt/c/Users/Admin/Desktop/ud_data/Dataslush_umang/airflow/airflow_venv/lib/python3.12/site-packages/airflow/example_dags/plugins/workday.py
[2025-01-28T10:18:48.188+0000] {logging_mixin.py:190} INFO - [2025-01-28T10:18:48.186+0000] {workday.py:41} WARNING - Could not import pandas. Holidays will not be considered.
[2025-01-28T10:18:48.190+0000] {processor.py:927} WARNING - No viable dags retrieved from /mnt/c/Users/Admin/Desktop/ud_data/Dataslush_umang/airflow/airflow_venv/lib/python3.12/site-packages/airflow/example_dags/plugins/workday.py
[2025-01-28T10:18:48.204+0000] {processor.py:208} INFO - Processing /mnt/c/Users/Admin/Desktop/ud_data/Dataslush_umang/airflow/airflow_venv/lib/python3.12/site-packages/airflow/example_dags/plugins/workday.py took 0.084 seconds
[2025-01-28T10:20:02.532+0000] {processor.py:186} INFO - Started process (PID=15442) to work on /mnt/c/Users/Admin/Desktop/ud_data/Dataslush_umang/airflow/airflow_venv/lib/python3.12/site-packages/airflow/example_dags/plugins/workday.py
[2025-01-28T10:20:02.664+0000] {processor.py:914} INFO - Processing file /mnt/c/Users/Admin/Desktop/ud_data/Dataslush_umang/airflow/airflow_venv/lib/python3.12/site-packages/airflow/example_dags/plugins/workday.py for tasks to queue
[2025-01-28T10:20:02.695+0000] {logging_mixin.py:190} INFO - [2025-01-28T10:20:02.690+0000] {dagbag.py:588} INFO - Filling up the DagBag from /mnt/c/Users/Admin/Desktop/ud_data/Dataslush_umang/airflow/airflow_venv/lib/python3.12/site-packages/airflow/example_dags/plugins/workday.py
[2025-01-28T10:20:02.815+0000] {logging_mixin.py:190} INFO - [2025-01-28T10:20:02.811+0000] {workday.py:41} WARNING - Could not import pandas. Holidays will not be considered.
[2025-01-28T10:20:02.819+0000] {processor.py:927} WARNING - No viable dags retrieved from /mnt/c/Users/Admin/Desktop/ud_data/Dataslush_umang/airflow/airflow_venv/lib/python3.12/site-packages/airflow/example_dags/plugins/workday.py
[2025-01-28T10:20:02.867+0000] {processor.py:208} INFO - Processing /mnt/c/Users/Admin/Desktop/ud_data/Dataslush_umang/airflow/airflow_venv/lib/python3.12/site-packages/airflow/example_dags/plugins/workday.py took 0.400 seconds
[2025-01-28T10:21:33.696+0000] {processor.py:186} INFO - Started process (PID=15597) to work on /mnt/c/Users/Admin/Desktop/ud_data/Dataslush_umang/airflow/airflow_venv/lib/python3.12/site-packages/airflow/example_dags/plugins/workday.py
[2025-01-28T10:21:33.703+0000] {processor.py:914} INFO - Processing file /mnt/c/Users/Admin/Desktop/ud_data/Dataslush_umang/airflow/airflow_venv/lib/python3.12/site-packages/airflow/example_dags/plugins/workday.py for tasks to queue
[2025-01-28T10:21:33.718+0000] {logging_mixin.py:190} INFO - [2025-01-28T10:21:33.712+0000] {dagbag.py:588} INFO - Filling up the DagBag from /mnt/c/Users/Admin/Desktop/ud_data/Dataslush_umang/airflow/airflow_venv/lib/python3.12/site-packages/airflow/example_dags/plugins/workday.py
[2025-01-28T10:22:03.980+0000] {logging_mixin.py:190} INFO - [2025-01-28T10:22:03.976+0000] {workday.py:41} WARNING - Could not import pandas. Holidays will not be considered.
[2025-01-28T10:22:03.985+0000] {processor.py:927} WARNING - No viable dags retrieved from /mnt/c/Users/Admin/Desktop/ud_data/Dataslush_umang/airflow/airflow_venv/lib/python3.12/site-packages/airflow/example_dags/plugins/workday.py
[2025-01-28T10:22:04.026+0000] {processor.py:208} INFO - Processing /mnt/c/Users/Admin/Desktop/ud_data/Dataslush_umang/airflow/airflow_venv/lib/python3.12/site-packages/airflow/example_dags/plugins/workday.py took 0.271 seconds
[2025-01-28T10:23:15.540+0000] {processor.py:186} INFO - Started process (PID=15769) to work on /mnt/c/Users/Admin/Desktop/ud_data/Dataslush_umang/airflow/airflow_venv/lib/python3.12/site-packages/airflow/example_dags/plugins/workday.py
[2025-01-28T10:23:15.610+0000] {processor.py:914} INFO - Processing file /mnt/c/Users/Admin/Desktop/ud_data/Dataslush_umang/airflow/airflow_venv/lib/python3.12/site-packages/airflow/example_dags/plugins/workday.py for tasks to queue
[2025-01-28T10:23:15.615+0000] {logging_mixin.py:190} INFO - [2025-01-28T10:23:15.614+0000] {dagbag.py:588} INFO - Filling up the DagBag from /mnt/c/Users/Admin/Desktop/ud_data/Dataslush_umang/airflow/airflow_venv/lib/python3.12/site-packages/airflow/example_dags/plugins/workday.py
[2025-01-28T10:23:15.661+0000] {logging_mixin.py:190} INFO - [2025-01-28T10:23:15.659+0000] {workday.py:41} WARNING - Could not import pandas. Holidays will not be considered.
[2025-01-28T10:23:15.663+0000] {processor.py:927} WARNING - No viable dags retrieved from /mnt/c/Users/Admin/Desktop/ud_data/Dataslush_umang/airflow/airflow_venv/lib/python3.12/site-packages/airflow/example_dags/plugins/workday.py
[2025-01-28T10:23:15.677+0000] {processor.py:208} INFO - Processing /mnt/c/Users/Admin/Desktop/ud_data/Dataslush_umang/airflow/airflow_venv/lib/python3.12/site-packages/airflow/example_dags/plugins/workday.py took 0.158 seconds
[2025-01-28T10:24:56.313+0000] {processor.py:186} INFO - Started process (PID=15984) to work on /mnt/c/Users/Admin/Desktop/ud_data/Dataslush_umang/airflow/airflow_venv/lib/python3.12/site-packages/airflow/example_dags/plugins/workday.py
[2025-01-28T10:24:56.316+0000] {processor.py:914} INFO - Processing file /mnt/c/Users/Admin/Desktop/ud_data/Dataslush_umang/airflow/airflow_venv/lib/python3.12/site-packages/airflow/example_dags/plugins/workday.py for tasks to queue
[2025-01-28T10:24:56.322+0000] {logging_mixin.py:190} INFO - [2025-01-28T10:24:56.320+0000] {dagbag.py:588} INFO - Filling up the DagBag from /mnt/c/Users/Admin/Desktop/ud_data/Dataslush_umang/airflow/airflow_venv/lib/python3.12/site-packages/airflow/example_dags/plugins/workday.py
[2025-01-28T10:24:56.363+0000] {logging_mixin.py:190} INFO - [2025-01-28T10:24:56.361+0000] {workday.py:41} WARNING - Could not import pandas. Holidays will not be considered.
[2025-01-28T10:24:56.365+0000] {processor.py:927} WARNING - No viable dags retrieved from /mnt/c/Users/Admin/Desktop/ud_data/Dataslush_umang/airflow/airflow_venv/lib/python3.12/site-packages/airflow/example_dags/plugins/workday.py
[2025-01-28T10:24:56.380+0000] {processor.py:208} INFO - Processing /mnt/c/Users/Admin/Desktop/ud_data/Dataslush_umang/airflow/airflow_venv/lib/python3.12/site-packages/airflow/example_dags/plugins/workday.py took 0.090 seconds
[2025-01-28T10:26:13.513+0000] {processor.py:186} INFO - Started process (PID=16131) to work on /mnt/c/Users/Admin/Desktop/ud_data/Dataslush_umang/airflow/airflow_venv/lib/python3.12/site-packages/airflow/example_dags/plugins/workday.py
[2025-01-28T10:26:13.515+0000] {processor.py:914} INFO - Processing file /mnt/c/Users/Admin/Desktop/ud_data/Dataslush_umang/airflow/airflow_venv/lib/python3.12/site-packages/airflow/example_dags/plugins/workday.py for tasks to queue
[2025-01-28T10:26:13.521+0000] {logging_mixin.py:190} INFO - [2025-01-28T10:26:13.519+0000] {dagbag.py:588} INFO - Filling up the DagBag from /mnt/c/Users/Admin/Desktop/ud_data/Dataslush_umang/airflow/airflow_venv/lib/python3.12/site-packages/airflow/example_dags/plugins/workday.py
[2025-01-28T10:26:13.560+0000] {logging_mixin.py:190} INFO - [2025-01-28T10:26:13.558+0000] {workday.py:41} WARNING - Could not import pandas. Holidays will not be considered.
[2025-01-28T10:26:13.561+0000] {processor.py:927} WARNING - No viable dags retrieved from /mnt/c/Users/Admin/Desktop/ud_data/Dataslush_umang/airflow/airflow_venv/lib/python3.12/site-packages/airflow/example_dags/plugins/workday.py
[2025-01-28T10:26:13.576+0000] {processor.py:208} INFO - Processing /mnt/c/Users/Admin/Desktop/ud_data/Dataslush_umang/airflow/airflow_venv/lib/python3.12/site-packages/airflow/example_dags/plugins/workday.py took 0.087 seconds
[2025-01-28T10:27:36.589+0000] {processor.py:186} INFO - Started process (PID=16263) to work on /mnt/c/Users/Admin/Desktop/ud_data/Dataslush_umang/airflow/airflow_venv/lib/python3.12/site-packages/airflow/example_dags/plugins/workday.py
[2025-01-28T10:27:36.596+0000] {processor.py:914} INFO - Processing file /mnt/c/Users/Admin/Desktop/ud_data/Dataslush_umang/airflow/airflow_venv/lib/python3.12/site-packages/airflow/example_dags/plugins/workday.py for tasks to queue
[2025-01-28T10:27:36.611+0000] {logging_mixin.py:190} INFO - [2025-01-28T10:27:36.606+0000] {dagbag.py:588} INFO - Filling up the DagBag from /mnt/c/Users/Admin/Desktop/ud_data/Dataslush_umang/airflow/airflow_venv/lib/python3.12/site-packages/airflow/example_dags/plugins/workday.py
[2025-01-28T10:27:36.741+0000] {logging_mixin.py:190} INFO - [2025-01-28T10:27:36.737+0000] {workday.py:41} WARNING - Could not import pandas. Holidays will not be considered.
[2025-01-28T10:27:36.747+0000] {processor.py:927} WARNING - No viable dags retrieved from /mnt/c/Users/Admin/Desktop/ud_data/Dataslush_umang/airflow/airflow_venv/lib/python3.12/site-packages/airflow/example_dags/plugins/workday.py
[2025-01-28T10:27:36.787+0000] {processor.py:208} INFO - Processing /mnt/c/Users/Admin/Desktop/ud_data/Dataslush_umang/airflow/airflow_venv/lib/python3.12/site-packages/airflow/example_dags/plugins/workday.py took 0.271 seconds
[2025-01-28T10:29:01.152+0000] {processor.py:186} INFO - Started process (PID=16341) to work on /mnt/c/Users/Admin/Desktop/ud_data/Dataslush_umang/airflow/airflow_venv/lib/python3.12/site-packages/airflow/example_dags/plugins/workday.py
[2025-01-28T10:29:01.159+0000] {processor.py:914} INFO - Processing file /mnt/c/Users/Admin/Desktop/ud_data/Dataslush_umang/airflow/airflow_venv/lib/python3.12/site-packages/airflow/example_dags/plugins/workday.py for tasks to queue
[2025-01-28T10:29:01.175+0000] {logging_mixin.py:190} INFO - [2025-01-28T10:29:01.170+0000] {dagbag.py:588} INFO - Filling up the DagBag from /mnt/c/Users/Admin/Desktop/ud_data/Dataslush_umang/airflow/airflow_venv/lib/python3.12/site-packages/airflow/example_dags/plugins/workday.py
[2025-01-28T10:29:01.278+0000] {logging_mixin.py:190} INFO - [2025-01-28T10:29:01.275+0000] {workday.py:41} WARNING - Could not import pandas. Holidays will not be considered.
[2025-01-28T10:29:01.281+0000] {processor.py:927} WARNING - No viable dags retrieved from /mnt/c/Users/Admin/Desktop/ud_data/Dataslush_umang/airflow/airflow_venv/lib/python3.12/site-packages/airflow/example_dags/plugins/workday.py
[2025-01-28T10:29:01.308+0000] {processor.py:208} INFO - Processing /mnt/c/Users/Admin/Desktop/ud_data/Dataslush_umang/airflow/airflow_venv/lib/python3.12/site-packages/airflow/example_dags/plugins/workday.py took 0.221 seconds
[2025-01-28T10:30:22.982+0000] {processor.py:186} INFO - Started process (PID=16434) to work on /mnt/c/Users/Admin/Desktop/ud_data/Dataslush_umang/airflow/airflow_venv/lib/python3.12/site-packages/airflow/example_dags/plugins/workday.py
[2025-01-28T10:30:22.987+0000] {processor.py:914} INFO - Processing file /mnt/c/Users/Admin/Desktop/ud_data/Dataslush_umang/airflow/airflow_venv/lib/python3.12/site-packages/airflow/example_dags/plugins/workday.py for tasks to queue
[2025-01-28T10:30:23.000+0000] {logging_mixin.py:190} INFO - [2025-01-28T10:30:22.995+0000] {dagbag.py:588} INFO - Filling up the DagBag from /mnt/c/Users/Admin/Desktop/ud_data/Dataslush_umang/airflow/airflow_venv/lib/python3.12/site-packages/airflow/example_dags/plugins/workday.py
[2025-01-28T10:30:23.134+0000] {logging_mixin.py:190} INFO - [2025-01-28T10:30:23.130+0000] {workday.py:41} WARNING - Could not import pandas. Holidays will not be considered.
[2025-01-28T10:30:23.139+0000] {processor.py:927} WARNING - No viable dags retrieved from /mnt/c/Users/Admin/Desktop/ud_data/Dataslush_umang/airflow/airflow_venv/lib/python3.12/site-packages/airflow/example_dags/plugins/workday.py
[2025-01-28T10:30:23.175+0000] {processor.py:208} INFO - Processing /mnt/c/Users/Admin/Desktop/ud_data/Dataslush_umang/airflow/airflow_venv/lib/python3.12/site-packages/airflow/example_dags/plugins/workday.py took 0.246 seconds
[2025-01-28T10:31:27.906+0000] {processor.py:186} INFO - Started process (PID=16571) to work on /mnt/c/Users/Admin/Desktop/ud_data/Dataslush_umang/airflow/airflow_venv/lib/python3.12/site-packages/airflow/example_dags/plugins/workday.py
[2025-01-28T10:31:27.908+0000] {processor.py:914} INFO - Processing file /mnt/c/Users/Admin/Desktop/ud_data/Dataslush_umang/airflow/airflow_venv/lib/python3.12/site-packages/airflow/example_dags/plugins/workday.py for tasks to queue
[2025-01-28T10:31:27.914+0000] {logging_mixin.py:190} INFO - [2025-01-28T10:31:27.912+0000] {dagbag.py:588} INFO - Filling up the DagBag from /mnt/c/Users/Admin/Desktop/ud_data/Dataslush_umang/airflow/airflow_venv/lib/python3.12/site-packages/airflow/example_dags/plugins/workday.py
[2025-01-28T10:31:27.954+0000] {logging_mixin.py:190} INFO - [2025-01-28T10:31:27.953+0000] {workday.py:41} WARNING - Could not import pandas. Holidays will not be considered.
[2025-01-28T10:31:27.955+0000] {processor.py:927} WARNING - No viable dags retrieved from /mnt/c/Users/Admin/Desktop/ud_data/Dataslush_umang/airflow/airflow_venv/lib/python3.12/site-packages/airflow/example_dags/plugins/workday.py
[2025-01-28T10:31:27.967+0000] {processor.py:208} INFO - Processing /mnt/c/Users/Admin/Desktop/ud_data/Dataslush_umang/airflow/airflow_venv/lib/python3.12/site-packages/airflow/example_dags/plugins/workday.py took 0.087 seconds
[2025-01-28T10:32:40.332+0000] {processor.py:186} INFO - Started process (PID=16654) to work on /mnt/c/Users/Admin/Desktop/ud_data/Dataslush_umang/airflow/airflow_venv/lib/python3.12/site-packages/airflow/example_dags/plugins/workday.py
[2025-01-28T10:32:40.390+0000] {processor.py:914} INFO - Processing file /mnt/c/Users/Admin/Desktop/ud_data/Dataslush_umang/airflow/airflow_venv/lib/python3.12/site-packages/airflow/example_dags/plugins/workday.py for tasks to queue
[2025-01-28T10:32:40.404+0000] {logging_mixin.py:190} INFO - [2025-01-28T10:32:40.400+0000] {dagbag.py:588} INFO - Filling up the DagBag from /mnt/c/Users/Admin/Desktop/ud_data/Dataslush_umang/airflow/airflow_venv/lib/python3.12/site-packages/airflow/example_dags/plugins/workday.py
[2025-01-28T10:32:40.513+0000] {logging_mixin.py:190} INFO - [2025-01-28T10:32:40.509+0000] {workday.py:41} WARNING - Could not import pandas. Holidays will not be considered.
[2025-01-28T10:32:40.517+0000] {processor.py:927} WARNING - No viable dags retrieved from /mnt/c/Users/Admin/Desktop/ud_data/Dataslush_umang/airflow/airflow_venv/lib/python3.12/site-packages/airflow/example_dags/plugins/workday.py
[2025-01-28T10:32:40.556+0000] {processor.py:208} INFO - Processing /mnt/c/Users/Admin/Desktop/ud_data/Dataslush_umang/airflow/airflow_venv/lib/python3.12/site-packages/airflow/example_dags/plugins/workday.py took 0.251 seconds
[2025-01-28T10:33:52.197+0000] {processor.py:186} INFO - Started process (PID=16784) to work on /mnt/c/Users/Admin/Desktop/ud_data/Dataslush_umang/airflow/airflow_venv/lib/python3.12/site-packages/airflow/example_dags/plugins/workday.py
[2025-01-28T10:33:52.235+0000] {processor.py:914} INFO - Processing file /mnt/c/Users/Admin/Desktop/ud_data/Dataslush_umang/airflow/airflow_venv/lib/python3.12/site-packages/airflow/example_dags/plugins/workday.py for tasks to queue
[2025-01-28T10:33:52.253+0000] {logging_mixin.py:190} INFO - [2025-01-28T10:33:52.248+0000] {dagbag.py:588} INFO - Filling up the DagBag from /mnt/c/Users/Admin/Desktop/ud_data/Dataslush_umang/airflow/airflow_venv/lib/python3.12/site-packages/airflow/example_dags/plugins/workday.py
[2025-01-28T10:33:52.392+0000] {logging_mixin.py:190} INFO - [2025-01-28T10:33:52.388+0000] {workday.py:41} WARNING - Could not import pandas. Holidays will not be considered.
[2025-01-28T10:33:52.397+0000] {processor.py:927} WARNING - No viable dags retrieved from /mnt/c/Users/Admin/Desktop/ud_data/Dataslush_umang/airflow/airflow_venv/lib/python3.12/site-packages/airflow/example_dags/plugins/workday.py
[2025-01-28T10:33:52.440+0000] {processor.py:208} INFO - Processing /mnt/c/Users/Admin/Desktop/ud_data/Dataslush_umang/airflow/airflow_venv/lib/python3.12/site-packages/airflow/example_dags/plugins/workday.py took 0.312 seconds
[2025-01-28T10:35:15.857+0000] {processor.py:186} INFO - Started process (PID=16913) to work on /mnt/c/Users/Admin/Desktop/ud_data/Dataslush_umang/airflow/airflow_venv/lib/python3.12/site-packages/airflow/example_dags/plugins/workday.py
[2025-01-28T10:35:15.867+0000] {processor.py:914} INFO - Processing file /mnt/c/Users/Admin/Desktop/ud_data/Dataslush_umang/airflow/airflow_venv/lib/python3.12/site-packages/airflow/example_dags/plugins/workday.py for tasks to queue
[2025-01-28T10:35:15.883+0000] {logging_mixin.py:190} INFO - [2025-01-28T10:35:15.878+0000] {dagbag.py:588} INFO - Filling up the DagBag from /mnt/c/Users/Admin/Desktop/ud_data/Dataslush_umang/airflow/airflow_venv/lib/python3.12/site-packages/airflow/example_dags/plugins/workday.py
[2025-01-28T10:35:16.030+0000] {logging_mixin.py:190} INFO - [2025-01-28T10:35:16.026+0000] {workday.py:41} WARNING - Could not import pandas. Holidays will not be considered.
[2025-01-28T10:35:16.036+0000] {processor.py:927} WARNING - No viable dags retrieved from /mnt/c/Users/Admin/Desktop/ud_data/Dataslush_umang/airflow/airflow_venv/lib/python3.12/site-packages/airflow/example_dags/plugins/workday.py
[2025-01-28T10:35:16.074+0000] {processor.py:208} INFO - Processing /mnt/c/Users/Admin/Desktop/ud_data/Dataslush_umang/airflow/airflow_venv/lib/python3.12/site-packages/airflow/example_dags/plugins/workday.py took 0.281 seconds
[2025-01-28T10:36:36.505+0000] {processor.py:186} INFO - Started process (PID=17023) to work on /mnt/c/Users/Admin/Desktop/ud_data/Dataslush_umang/airflow/airflow_venv/lib/python3.12/site-packages/airflow/example_dags/plugins/workday.py
[2025-01-28T10:36:36.510+0000] {processor.py:914} INFO - Processing file /mnt/c/Users/Admin/Desktop/ud_data/Dataslush_umang/airflow/airflow_venv/lib/python3.12/site-packages/airflow/example_dags/plugins/workday.py for tasks to queue
[2025-01-28T10:36:36.519+0000] {logging_mixin.py:190} INFO - [2025-01-28T10:36:36.516+0000] {dagbag.py:588} INFO - Filling up the DagBag from /mnt/c/Users/Admin/Desktop/ud_data/Dataslush_umang/airflow/airflow_venv/lib/python3.12/site-packages/airflow/example_dags/plugins/workday.py
[2025-01-28T10:36:36.578+0000] {logging_mixin.py:190} INFO - [2025-01-28T10:36:36.576+0000] {workday.py:41} WARNING - Could not import pandas. Holidays will not be considered.
[2025-01-28T10:36:36.580+0000] {processor.py:927} WARNING - No viable dags retrieved from /mnt/c/Users/Admin/Desktop/ud_data/Dataslush_umang/airflow/airflow_venv/lib/python3.12/site-packages/airflow/example_dags/plugins/workday.py
[2025-01-28T10:36:36.596+0000] {processor.py:208} INFO - Processing /mnt/c/Users/Admin/Desktop/ud_data/Dataslush_umang/airflow/airflow_venv/lib/python3.12/site-packages/airflow/example_dags/plugins/workday.py took 0.133 seconds
[2025-01-28T10:38:07.798+0000] {processor.py:186} INFO - Started process (PID=17133) to work on /mnt/c/Users/Admin/Desktop/ud_data/Dataslush_umang/airflow/airflow_venv/lib/python3.12/site-packages/airflow/example_dags/plugins/workday.py
[2025-01-28T10:38:07.998+0000] {processor.py:914} INFO - Processing file /mnt/c/Users/Admin/Desktop/ud_data/Dataslush_umang/airflow/airflow_venv/lib/python3.12/site-packages/airflow/example_dags/plugins/workday.py for tasks to queue
[2025-01-28T10:38:08.018+0000] {logging_mixin.py:190} INFO - [2025-01-28T10:38:08.012+0000] {dagbag.py:588} INFO - Filling up the DagBag from /mnt/c/Users/Admin/Desktop/ud_data/Dataslush_umang/airflow/airflow_venv/lib/python3.12/site-packages/airflow/example_dags/plugins/workday.py
[2025-01-28T10:38:08.154+0000] {logging_mixin.py:190} INFO - [2025-01-28T10:38:08.150+0000] {workday.py:41} WARNING - Could not import pandas. Holidays will not be considered.
[2025-01-28T10:38:08.159+0000] {processor.py:927} WARNING - No viable dags retrieved from /mnt/c/Users/Admin/Desktop/ud_data/Dataslush_umang/airflow/airflow_venv/lib/python3.12/site-packages/airflow/example_dags/plugins/workday.py
[2025-01-28T10:38:08.200+0000] {processor.py:208} INFO - Processing /mnt/c/Users/Admin/Desktop/ud_data/Dataslush_umang/airflow/airflow_venv/lib/python3.12/site-packages/airflow/example_dags/plugins/workday.py took 0.482 seconds
[2025-01-28T10:39:55.614+0000] {processor.py:186} INFO - Started process (PID=17309) to work on /mnt/c/Users/Admin/Desktop/ud_data/Dataslush_umang/airflow/airflow_venv/lib/python3.12/site-packages/airflow/example_dags/plugins/workday.py
[2025-01-28T10:39:55.619+0000] {processor.py:914} INFO - Processing file /mnt/c/Users/Admin/Desktop/ud_data/Dataslush_umang/airflow/airflow_venv/lib/python3.12/site-packages/airflow/example_dags/plugins/workday.py for tasks to queue
[2025-01-28T10:39:55.628+0000] {logging_mixin.py:190} INFO - [2025-01-28T10:39:55.625+0000] {dagbag.py:588} INFO - Filling up the DagBag from /mnt/c/Users/Admin/Desktop/ud_data/Dataslush_umang/airflow/airflow_venv/lib/python3.12/site-packages/airflow/example_dags/plugins/workday.py
[2025-01-28T10:39:55.722+0000] {logging_mixin.py:190} INFO - [2025-01-28T10:39:55.718+0000] {workday.py:41} WARNING - Could not import pandas. Holidays will not be considered.
[2025-01-28T10:39:55.727+0000] {processor.py:927} WARNING - No viable dags retrieved from /mnt/c/Users/Admin/Desktop/ud_data/Dataslush_umang/airflow/airflow_venv/lib/python3.12/site-packages/airflow/example_dags/plugins/workday.py
[2025-01-28T10:40:25.874+0000] {processor.py:208} INFO - Processing /mnt/c/Users/Admin/Desktop/ud_data/Dataslush_umang/airflow/airflow_venv/lib/python3.12/site-packages/airflow/example_dags/plugins/workday.py took 0.209 seconds
[2025-01-28T10:42:11.104+0000] {processor.py:186} INFO - Started process (PID=17454) to work on /mnt/c/Users/Admin/Desktop/ud_data/Dataslush_umang/airflow/airflow_venv/lib/python3.12/site-packages/airflow/example_dags/plugins/workday.py
[2025-01-28T10:42:11.107+0000] {processor.py:914} INFO - Processing file /mnt/c/Users/Admin/Desktop/ud_data/Dataslush_umang/airflow/airflow_venv/lib/python3.12/site-packages/airflow/example_dags/plugins/workday.py for tasks to queue
[2025-01-28T10:42:11.115+0000] {logging_mixin.py:190} INFO - [2025-01-28T10:42:11.113+0000] {dagbag.py:588} INFO - Filling up the DagBag from /mnt/c/Users/Admin/Desktop/ud_data/Dataslush_umang/airflow/airflow_venv/lib/python3.12/site-packages/airflow/example_dags/plugins/workday.py
[2025-01-28T10:42:11.169+0000] {logging_mixin.py:190} INFO - [2025-01-28T10:42:11.167+0000] {workday.py:41} WARNING - Could not import pandas. Holidays will not be considered.
[2025-01-28T10:42:11.172+0000] {processor.py:927} WARNING - No viable dags retrieved from /mnt/c/Users/Admin/Desktop/ud_data/Dataslush_umang/airflow/airflow_venv/lib/python3.12/site-packages/airflow/example_dags/plugins/workday.py
[2025-01-28T10:42:11.190+0000] {processor.py:208} INFO - Processing /mnt/c/Users/Admin/Desktop/ud_data/Dataslush_umang/airflow/airflow_venv/lib/python3.12/site-packages/airflow/example_dags/plugins/workday.py took 0.125 seconds
[2025-01-28T10:44:07.112+0000] {processor.py:186} INFO - Started process (PID=17796) to work on /mnt/c/Users/Admin/Desktop/ud_data/Dataslush_umang/airflow/airflow_venv/lib/python3.12/site-packages/airflow/example_dags/plugins/workday.py
[2025-01-28T10:44:07.115+0000] {processor.py:914} INFO - Processing file /mnt/c/Users/Admin/Desktop/ud_data/Dataslush_umang/airflow/airflow_venv/lib/python3.12/site-packages/airflow/example_dags/plugins/workday.py for tasks to queue
[2025-01-28T10:44:07.121+0000] {logging_mixin.py:190} INFO - [2025-01-28T10:44:07.119+0000] {dagbag.py:588} INFO - Filling up the DagBag from /mnt/c/Users/Admin/Desktop/ud_data/Dataslush_umang/airflow/airflow_venv/lib/python3.12/site-packages/airflow/example_dags/plugins/workday.py
[2025-01-28T10:44:07.166+0000] {logging_mixin.py:190} INFO - [2025-01-28T10:44:07.163+0000] {workday.py:41} WARNING - Could not import pandas. Holidays will not be considered.
[2025-01-28T10:44:07.168+0000] {processor.py:927} WARNING - No viable dags retrieved from /mnt/c/Users/Admin/Desktop/ud_data/Dataslush_umang/airflow/airflow_venv/lib/python3.12/site-packages/airflow/example_dags/plugins/workday.py
[2025-01-28T10:44:07.187+0000] {processor.py:208} INFO - Processing /mnt/c/Users/Admin/Desktop/ud_data/Dataslush_umang/airflow/airflow_venv/lib/python3.12/site-packages/airflow/example_dags/plugins/workday.py took 0.099 seconds
[2025-01-28T10:46:56.387+0000] {processor.py:186} INFO - Started process (PID=17954) to work on /mnt/c/Users/Admin/Desktop/ud_data/Dataslush_umang/airflow/airflow_venv/lib/python3.12/site-packages/airflow/example_dags/plugins/workday.py
[2025-01-28T10:46:56.425+0000] {processor.py:914} INFO - Processing file /mnt/c/Users/Admin/Desktop/ud_data/Dataslush_umang/airflow/airflow_venv/lib/python3.12/site-packages/airflow/example_dags/plugins/workday.py for tasks to queue
[2025-01-28T10:46:56.432+0000] {logging_mixin.py:190} INFO - [2025-01-28T10:46:56.430+0000] {dagbag.py:588} INFO - Filling up the DagBag from /mnt/c/Users/Admin/Desktop/ud_data/Dataslush_umang/airflow/airflow_venv/lib/python3.12/site-packages/airflow/example_dags/plugins/workday.py
[2025-01-28T10:46:56.491+0000] {logging_mixin.py:190} INFO - [2025-01-28T10:46:56.490+0000] {workday.py:41} WARNING - Could not import pandas. Holidays will not be considered.
[2025-01-28T10:46:56.494+0000] {processor.py:927} WARNING - No viable dags retrieved from /mnt/c/Users/Admin/Desktop/ud_data/Dataslush_umang/airflow/airflow_venv/lib/python3.12/site-packages/airflow/example_dags/plugins/workday.py
[2025-01-28T10:46:56.511+0000] {processor.py:208} INFO - Processing /mnt/c/Users/Admin/Desktop/ud_data/Dataslush_umang/airflow/airflow_venv/lib/python3.12/site-packages/airflow/example_dags/plugins/workday.py took 0.155 seconds
[2025-01-28T10:48:36.023+0000] {processor.py:186} INFO - Started process (PID=18142) to work on /mnt/c/Users/Admin/Desktop/ud_data/Dataslush_umang/airflow/airflow_venv/lib/python3.12/site-packages/airflow/example_dags/plugins/workday.py
[2025-01-28T10:48:36.029+0000] {processor.py:914} INFO - Processing file /mnt/c/Users/Admin/Desktop/ud_data/Dataslush_umang/airflow/airflow_venv/lib/python3.12/site-packages/airflow/example_dags/plugins/workday.py for tasks to queue
[2025-01-28T10:48:36.037+0000] {logging_mixin.py:190} INFO - [2025-01-28T10:48:36.035+0000] {dagbag.py:588} INFO - Filling up the DagBag from /mnt/c/Users/Admin/Desktop/ud_data/Dataslush_umang/airflow/airflow_venv/lib/python3.12/site-packages/airflow/example_dags/plugins/workday.py
[2025-01-28T10:48:36.082+0000] {logging_mixin.py:190} INFO - [2025-01-28T10:48:36.081+0000] {workday.py:41} WARNING - Could not import pandas. Holidays will not be considered.
[2025-01-28T10:48:36.084+0000] {processor.py:927} WARNING - No viable dags retrieved from /mnt/c/Users/Admin/Desktop/ud_data/Dataslush_umang/airflow/airflow_venv/lib/python3.12/site-packages/airflow/example_dags/plugins/workday.py
[2025-01-28T10:48:36.104+0000] {processor.py:208} INFO - Processing /mnt/c/Users/Admin/Desktop/ud_data/Dataslush_umang/airflow/airflow_venv/lib/python3.12/site-packages/airflow/example_dags/plugins/workday.py took 0.104 seconds
[2025-01-28T10:49:23.289+0000] {processor.py:186} INFO - Started process (PID=18245) to work on /mnt/c/Users/Admin/Desktop/ud_data/Dataslush_umang/airflow/airflow_venv/lib/python3.12/site-packages/airflow/example_dags/plugins/workday.py
[2025-01-28T10:49:23.593+0000] {processor.py:914} INFO - Processing file /mnt/c/Users/Admin/Desktop/ud_data/Dataslush_umang/airflow/airflow_venv/lib/python3.12/site-packages/airflow/example_dags/plugins/workday.py for tasks to queue
[2025-01-28T10:49:23.601+0000] {logging_mixin.py:190} INFO - [2025-01-28T10:49:23.599+0000] {dagbag.py:588} INFO - Filling up the DagBag from /mnt/c/Users/Admin/Desktop/ud_data/Dataslush_umang/airflow/airflow_venv/lib/python3.12/site-packages/airflow/example_dags/plugins/workday.py
[2025-01-28T10:49:23.658+0000] {logging_mixin.py:190} INFO - [2025-01-28T10:49:23.657+0000] {workday.py:41} WARNING - Could not import pandas. Holidays will not be considered.
[2025-01-28T10:49:23.661+0000] {processor.py:927} WARNING - No viable dags retrieved from /mnt/c/Users/Admin/Desktop/ud_data/Dataslush_umang/airflow/airflow_venv/lib/python3.12/site-packages/airflow/example_dags/plugins/workday.py
[2025-01-28T10:49:23.673+0000] {processor.py:208} INFO - Processing /mnt/c/Users/Admin/Desktop/ud_data/Dataslush_umang/airflow/airflow_venv/lib/python3.12/site-packages/airflow/example_dags/plugins/workday.py took 0.410 seconds
[2025-01-28T10:50:48.281+0000] {processor.py:186} INFO - Started process (PID=18374) to work on /mnt/c/Users/Admin/Desktop/ud_data/Dataslush_umang/airflow/airflow_venv/lib/python3.12/site-packages/airflow/example_dags/plugins/workday.py
[2025-01-28T10:50:48.369+0000] {processor.py:914} INFO - Processing file /mnt/c/Users/Admin/Desktop/ud_data/Dataslush_umang/airflow/airflow_venv/lib/python3.12/site-packages/airflow/example_dags/plugins/workday.py for tasks to queue
[2025-01-28T10:50:48.375+0000] {logging_mixin.py:190} INFO - [2025-01-28T10:50:48.373+0000] {dagbag.py:588} INFO - Filling up the DagBag from /mnt/c/Users/Admin/Desktop/ud_data/Dataslush_umang/airflow/airflow_venv/lib/python3.12/site-packages/airflow/example_dags/plugins/workday.py
[2025-01-28T10:50:48.421+0000] {logging_mixin.py:190} INFO - [2025-01-28T10:50:48.420+0000] {workday.py:41} WARNING - Could not import pandas. Holidays will not be considered.
[2025-01-28T10:50:48.423+0000] {processor.py:927} WARNING - No viable dags retrieved from /mnt/c/Users/Admin/Desktop/ud_data/Dataslush_umang/airflow/airflow_venv/lib/python3.12/site-packages/airflow/example_dags/plugins/workday.py
[2025-01-28T10:50:48.438+0000] {processor.py:208} INFO - Processing /mnt/c/Users/Admin/Desktop/ud_data/Dataslush_umang/airflow/airflow_venv/lib/python3.12/site-packages/airflow/example_dags/plugins/workday.py took 0.186 seconds
[2025-01-28T10:51:30.307+0000] {processor.py:186} INFO - Started process (PID=18538) to work on /mnt/c/Users/Admin/Desktop/ud_data/Dataslush_umang/airflow/airflow_venv/lib/python3.12/site-packages/airflow/example_dags/plugins/workday.py
[2025-01-28T10:51:30.310+0000] {processor.py:914} INFO - Processing file /mnt/c/Users/Admin/Desktop/ud_data/Dataslush_umang/airflow/airflow_venv/lib/python3.12/site-packages/airflow/example_dags/plugins/workday.py for tasks to queue
[2025-01-28T10:51:30.316+0000] {logging_mixin.py:190} INFO - [2025-01-28T10:51:30.314+0000] {dagbag.py:588} INFO - Filling up the DagBag from /mnt/c/Users/Admin/Desktop/ud_data/Dataslush_umang/airflow/airflow_venv/lib/python3.12/site-packages/airflow/example_dags/plugins/workday.py
[2025-01-28T10:51:30.357+0000] {logging_mixin.py:190} INFO - [2025-01-28T10:51:30.356+0000] {workday.py:41} WARNING - Could not import pandas. Holidays will not be considered.
[2025-01-28T10:51:30.359+0000] {processor.py:927} WARNING - No viable dags retrieved from /mnt/c/Users/Admin/Desktop/ud_data/Dataslush_umang/airflow/airflow_venv/lib/python3.12/site-packages/airflow/example_dags/plugins/workday.py
[2025-01-28T10:51:30.373+0000] {processor.py:208} INFO - Processing /mnt/c/Users/Admin/Desktop/ud_data/Dataslush_umang/airflow/airflow_venv/lib/python3.12/site-packages/airflow/example_dags/plugins/workday.py took 0.091 seconds
[2025-01-28T10:52:27.894+0000] {processor.py:186} INFO - Started process (PID=18603) to work on /mnt/c/Users/Admin/Desktop/ud_data/Dataslush_umang/airflow/airflow_venv/lib/python3.12/site-packages/airflow/example_dags/plugins/workday.py
[2025-01-28T10:52:28.375+0000] {processor.py:914} INFO - Processing file /mnt/c/Users/Admin/Desktop/ud_data/Dataslush_umang/airflow/airflow_venv/lib/python3.12/site-packages/airflow/example_dags/plugins/workday.py for tasks to queue
[2025-01-28T10:52:28.381+0000] {logging_mixin.py:190} INFO - [2025-01-28T10:52:28.379+0000] {dagbag.py:588} INFO - Filling up the DagBag from /mnt/c/Users/Admin/Desktop/ud_data/Dataslush_umang/airflow/airflow_venv/lib/python3.12/site-packages/airflow/example_dags/plugins/workday.py
[2025-01-28T10:52:28.429+0000] {logging_mixin.py:190} INFO - [2025-01-28T10:52:28.427+0000] {workday.py:41} WARNING - Could not import pandas. Holidays will not be considered.
[2025-01-28T10:52:28.431+0000] {processor.py:927} WARNING - No viable dags retrieved from /mnt/c/Users/Admin/Desktop/ud_data/Dataslush_umang/airflow/airflow_venv/lib/python3.12/site-packages/airflow/example_dags/plugins/workday.py
[2025-01-28T10:52:28.448+0000] {processor.py:208} INFO - Processing /mnt/c/Users/Admin/Desktop/ud_data/Dataslush_umang/airflow/airflow_venv/lib/python3.12/site-packages/airflow/example_dags/plugins/workday.py took 0.583 seconds
[2025-01-28T10:53:16.920+0000] {processor.py:186} INFO - Started process (PID=18707) to work on /mnt/c/Users/Admin/Desktop/ud_data/Dataslush_umang/airflow/airflow_venv/lib/python3.12/site-packages/airflow/example_dags/plugins/workday.py
[2025-01-28T10:53:16.923+0000] {processor.py:914} INFO - Processing file /mnt/c/Users/Admin/Desktop/ud_data/Dataslush_umang/airflow/airflow_venv/lib/python3.12/site-packages/airflow/example_dags/plugins/workday.py for tasks to queue
[2025-01-28T10:53:16.929+0000] {logging_mixin.py:190} INFO - [2025-01-28T10:53:16.927+0000] {dagbag.py:588} INFO - Filling up the DagBag from /mnt/c/Users/Admin/Desktop/ud_data/Dataslush_umang/airflow/airflow_venv/lib/python3.12/site-packages/airflow/example_dags/plugins/workday.py
[2025-01-28T10:53:16.975+0000] {logging_mixin.py:190} INFO - [2025-01-28T10:53:16.973+0000] {workday.py:41} WARNING - Could not import pandas. Holidays will not be considered.
[2025-01-28T10:53:16.977+0000] {processor.py:927} WARNING - No viable dags retrieved from /mnt/c/Users/Admin/Desktop/ud_data/Dataslush_umang/airflow/airflow_venv/lib/python3.12/site-packages/airflow/example_dags/plugins/workday.py
[2025-01-28T10:53:16.998+0000] {processor.py:208} INFO - Processing /mnt/c/Users/Admin/Desktop/ud_data/Dataslush_umang/airflow/airflow_venv/lib/python3.12/site-packages/airflow/example_dags/plugins/workday.py took 0.107 seconds
[2025-01-28T10:54:47.612+0000] {processor.py:186} INFO - Started process (PID=18768) to work on /mnt/c/Users/Admin/Desktop/ud_data/Dataslush_umang/airflow/airflow_venv/lib/python3.12/site-packages/airflow/example_dags/plugins/workday.py
[2025-01-28T10:54:47.645+0000] {processor.py:914} INFO - Processing file /mnt/c/Users/Admin/Desktop/ud_data/Dataslush_umang/airflow/airflow_venv/lib/python3.12/site-packages/airflow/example_dags/plugins/workday.py for tasks to queue
[2025-01-28T10:54:47.650+0000] {logging_mixin.py:190} INFO - [2025-01-28T10:54:47.648+0000] {dagbag.py:588} INFO - Filling up the DagBag from /mnt/c/Users/Admin/Desktop/ud_data/Dataslush_umang/airflow/airflow_venv/lib/python3.12/site-packages/airflow/example_dags/plugins/workday.py
[2025-01-28T10:54:47.692+0000] {logging_mixin.py:190} INFO - [2025-01-28T10:54:47.690+0000] {workday.py:41} WARNING - Could not import pandas. Holidays will not be considered.
[2025-01-28T10:54:47.694+0000] {processor.py:927} WARNING - No viable dags retrieved from /mnt/c/Users/Admin/Desktop/ud_data/Dataslush_umang/airflow/airflow_venv/lib/python3.12/site-packages/airflow/example_dags/plugins/workday.py
[2025-01-28T10:54:47.710+0000] {processor.py:208} INFO - Processing /mnt/c/Users/Admin/Desktop/ud_data/Dataslush_umang/airflow/airflow_venv/lib/python3.12/site-packages/airflow/example_dags/plugins/workday.py took 0.121 seconds
[2025-01-28T10:55:12.393+0000] {processor.py:186} INFO - Started process (PID=18858) to work on /mnt/c/Users/Admin/Desktop/ud_data/Dataslush_umang/airflow/airflow_venv/lib/python3.12/site-packages/airflow/example_dags/plugins/workday.py
[2025-01-28T10:55:12.396+0000] {processor.py:914} INFO - Processing file /mnt/c/Users/Admin/Desktop/ud_data/Dataslush_umang/airflow/airflow_venv/lib/python3.12/site-packages/airflow/example_dags/plugins/workday.py for tasks to queue
[2025-01-28T10:55:12.402+0000] {logging_mixin.py:190} INFO - [2025-01-28T10:55:12.400+0000] {dagbag.py:588} INFO - Filling up the DagBag from /mnt/c/Users/Admin/Desktop/ud_data/Dataslush_umang/airflow/airflow_venv/lib/python3.12/site-packages/airflow/example_dags/plugins/workday.py
[2025-01-28T10:55:42.535+0000] {logging_mixin.py:190} INFO - [2025-01-28T10:55:42.534+0000] {workday.py:41} WARNING - Could not import pandas. Holidays will not be considered.
[2025-01-28T10:55:42.538+0000] {processor.py:927} WARNING - No viable dags retrieved from /mnt/c/Users/Admin/Desktop/ud_data/Dataslush_umang/airflow/airflow_venv/lib/python3.12/site-packages/airflow/example_dags/plugins/workday.py
[2025-01-28T10:55:42.555+0000] {processor.py:208} INFO - Processing /mnt/c/Users/Admin/Desktop/ud_data/Dataslush_umang/airflow/airflow_venv/lib/python3.12/site-packages/airflow/example_dags/plugins/workday.py took 0.105 seconds
[2025-01-28T10:56:44.483+0000] {processor.py:186} INFO - Started process (PID=19087) to work on /mnt/c/Users/Admin/Desktop/ud_data/Dataslush_umang/airflow/airflow_venv/lib/python3.12/site-packages/airflow/example_dags/plugins/workday.py
[2025-01-28T10:56:44.488+0000] {processor.py:914} INFO - Processing file /mnt/c/Users/Admin/Desktop/ud_data/Dataslush_umang/airflow/airflow_venv/lib/python3.12/site-packages/airflow/example_dags/plugins/workday.py for tasks to queue
[2025-01-28T10:56:44.497+0000] {logging_mixin.py:190} INFO - [2025-01-28T10:56:44.495+0000] {dagbag.py:588} INFO - Filling up the DagBag from /mnt/c/Users/Admin/Desktop/ud_data/Dataslush_umang/airflow/airflow_venv/lib/python3.12/site-packages/airflow/example_dags/plugins/workday.py
[2025-01-28T10:56:44.551+0000] {logging_mixin.py:190} INFO - [2025-01-28T10:56:44.549+0000] {workday.py:41} WARNING - Could not import pandas. Holidays will not be considered.
[2025-01-28T10:56:44.553+0000] {processor.py:927} WARNING - No viable dags retrieved from /mnt/c/Users/Admin/Desktop/ud_data/Dataslush_umang/airflow/airflow_venv/lib/python3.12/site-packages/airflow/example_dags/plugins/workday.py
[2025-01-28T10:56:44.577+0000] {processor.py:208} INFO - Processing /mnt/c/Users/Admin/Desktop/ud_data/Dataslush_umang/airflow/airflow_venv/lib/python3.12/site-packages/airflow/example_dags/plugins/workday.py took 0.129 seconds
[2025-01-28T10:57:32.202+0000] {processor.py:186} INFO - Started process (PID=19158) to work on /mnt/c/Users/Admin/Desktop/ud_data/Dataslush_umang/airflow/airflow_venv/lib/python3.12/site-packages/airflow/example_dags/plugins/workday.py
[2025-01-28T10:57:32.204+0000] {processor.py:914} INFO - Processing file /mnt/c/Users/Admin/Desktop/ud_data/Dataslush_umang/airflow/airflow_venv/lib/python3.12/site-packages/airflow/example_dags/plugins/workday.py for tasks to queue
[2025-01-28T10:57:32.210+0000] {logging_mixin.py:190} INFO - [2025-01-28T10:57:32.208+0000] {dagbag.py:588} INFO - Filling up the DagBag from /mnt/c/Users/Admin/Desktop/ud_data/Dataslush_umang/airflow/airflow_venv/lib/python3.12/site-packages/airflow/example_dags/plugins/workday.py
[2025-01-28T10:57:32.243+0000] {logging_mixin.py:190} INFO - [2025-01-28T10:57:32.242+0000] {workday.py:41} WARNING - Could not import pandas. Holidays will not be considered.
[2025-01-28T10:57:32.245+0000] {processor.py:927} WARNING - No viable dags retrieved from /mnt/c/Users/Admin/Desktop/ud_data/Dataslush_umang/airflow/airflow_venv/lib/python3.12/site-packages/airflow/example_dags/plugins/workday.py
[2025-01-28T10:57:32.265+0000] {processor.py:208} INFO - Processing /mnt/c/Users/Admin/Desktop/ud_data/Dataslush_umang/airflow/airflow_venv/lib/python3.12/site-packages/airflow/example_dags/plugins/workday.py took 0.094 seconds
[2025-01-28T10:58:12.420+0000] {processor.py:186} INFO - Started process (PID=19245) to work on /mnt/c/Users/Admin/Desktop/ud_data/Dataslush_umang/airflow/airflow_venv/lib/python3.12/site-packages/airflow/example_dags/plugins/workday.py
[2025-01-28T10:58:12.422+0000] {processor.py:914} INFO - Processing file /mnt/c/Users/Admin/Desktop/ud_data/Dataslush_umang/airflow/airflow_venv/lib/python3.12/site-packages/airflow/example_dags/plugins/workday.py for tasks to queue
[2025-01-28T10:58:12.430+0000] {logging_mixin.py:190} INFO - [2025-01-28T10:58:12.427+0000] {dagbag.py:588} INFO - Filling up the DagBag from /mnt/c/Users/Admin/Desktop/ud_data/Dataslush_umang/airflow/airflow_venv/lib/python3.12/site-packages/airflow/example_dags/plugins/workday.py
[2025-01-28T10:58:12.470+0000] {logging_mixin.py:190} INFO - [2025-01-28T10:58:12.469+0000] {workday.py:41} WARNING - Could not import pandas. Holidays will not be considered.
[2025-01-28T10:58:12.472+0000] {processor.py:927} WARNING - No viable dags retrieved from /mnt/c/Users/Admin/Desktop/ud_data/Dataslush_umang/airflow/airflow_venv/lib/python3.12/site-packages/airflow/example_dags/plugins/workday.py
[2025-01-28T10:58:12.489+0000] {processor.py:208} INFO - Processing /mnt/c/Users/Admin/Desktop/ud_data/Dataslush_umang/airflow/airflow_venv/lib/python3.12/site-packages/airflow/example_dags/plugins/workday.py took 0.095 seconds
[2025-01-28T10:58:56.491+0000] {processor.py:186} INFO - Started process (PID=19350) to work on /mnt/c/Users/Admin/Desktop/ud_data/Dataslush_umang/airflow/airflow_venv/lib/python3.12/site-packages/airflow/example_dags/plugins/workday.py
[2025-01-28T10:58:56.494+0000] {processor.py:914} INFO - Processing file /mnt/c/Users/Admin/Desktop/ud_data/Dataslush_umang/airflow/airflow_venv/lib/python3.12/site-packages/airflow/example_dags/plugins/workday.py for tasks to queue
[2025-01-28T10:58:56.501+0000] {logging_mixin.py:190} INFO - [2025-01-28T10:58:56.498+0000] {dagbag.py:588} INFO - Filling up the DagBag from /mnt/c/Users/Admin/Desktop/ud_data/Dataslush_umang/airflow/airflow_venv/lib/python3.12/site-packages/airflow/example_dags/plugins/workday.py
[2025-01-28T10:58:56.556+0000] {logging_mixin.py:190} INFO - [2025-01-28T10:58:56.554+0000] {workday.py:41} WARNING - Could not import pandas. Holidays will not be considered.
[2025-01-28T10:58:56.558+0000] {processor.py:927} WARNING - No viable dags retrieved from /mnt/c/Users/Admin/Desktop/ud_data/Dataslush_umang/airflow/airflow_venv/lib/python3.12/site-packages/airflow/example_dags/plugins/workday.py
[2025-01-28T10:58:56.574+0000] {processor.py:208} INFO - Processing /mnt/c/Users/Admin/Desktop/ud_data/Dataslush_umang/airflow/airflow_venv/lib/python3.12/site-packages/airflow/example_dags/plugins/workday.py took 0.116 seconds
[2025-01-28T10:59:40.840+0000] {processor.py:186} INFO - Started process (PID=19427) to work on /mnt/c/Users/Admin/Desktop/ud_data/Dataslush_umang/airflow/airflow_venv/lib/python3.12/site-packages/airflow/example_dags/plugins/workday.py
[2025-01-28T10:59:40.843+0000] {processor.py:914} INFO - Processing file /mnt/c/Users/Admin/Desktop/ud_data/Dataslush_umang/airflow/airflow_venv/lib/python3.12/site-packages/airflow/example_dags/plugins/workday.py for tasks to queue
[2025-01-28T10:59:40.848+0000] {logging_mixin.py:190} INFO - [2025-01-28T10:59:40.847+0000] {dagbag.py:588} INFO - Filling up the DagBag from /mnt/c/Users/Admin/Desktop/ud_data/Dataslush_umang/airflow/airflow_venv/lib/python3.12/site-packages/airflow/example_dags/plugins/workday.py
[2025-01-28T10:59:40.893+0000] {logging_mixin.py:190} INFO - [2025-01-28T10:59:40.891+0000] {workday.py:41} WARNING - Could not import pandas. Holidays will not be considered.
[2025-01-28T10:59:40.894+0000] {processor.py:927} WARNING - No viable dags retrieved from /mnt/c/Users/Admin/Desktop/ud_data/Dataslush_umang/airflow/airflow_venv/lib/python3.12/site-packages/airflow/example_dags/plugins/workday.py
[2025-01-28T10:59:40.909+0000] {processor.py:208} INFO - Processing /mnt/c/Users/Admin/Desktop/ud_data/Dataslush_umang/airflow/airflow_venv/lib/python3.12/site-packages/airflow/example_dags/plugins/workday.py took 0.096 seconds
[2025-01-28T11:00:41.745+0000] {processor.py:186} INFO - Started process (PID=19527) to work on /mnt/c/Users/Admin/Desktop/ud_data/Dataslush_umang/airflow/airflow_venv/lib/python3.12/site-packages/airflow/example_dags/plugins/workday.py
[2025-01-28T11:00:41.748+0000] {processor.py:914} INFO - Processing file /mnt/c/Users/Admin/Desktop/ud_data/Dataslush_umang/airflow/airflow_venv/lib/python3.12/site-packages/airflow/example_dags/plugins/workday.py for tasks to queue
[2025-01-28T11:00:41.753+0000] {logging_mixin.py:190} INFO - [2025-01-28T11:00:41.751+0000] {dagbag.py:588} INFO - Filling up the DagBag from /mnt/c/Users/Admin/Desktop/ud_data/Dataslush_umang/airflow/airflow_venv/lib/python3.12/site-packages/airflow/example_dags/plugins/workday.py
[2025-01-28T11:00:41.788+0000] {logging_mixin.py:190} INFO - [2025-01-28T11:00:41.787+0000] {workday.py:41} WARNING - Could not import pandas. Holidays will not be considered.
[2025-01-28T11:00:41.790+0000] {processor.py:927} WARNING - No viable dags retrieved from /mnt/c/Users/Admin/Desktop/ud_data/Dataslush_umang/airflow/airflow_venv/lib/python3.12/site-packages/airflow/example_dags/plugins/workday.py
[2025-01-28T11:00:41.806+0000] {processor.py:208} INFO - Processing /mnt/c/Users/Admin/Desktop/ud_data/Dataslush_umang/airflow/airflow_venv/lib/python3.12/site-packages/airflow/example_dags/plugins/workday.py took 0.084 seconds
[2025-01-28T11:01:34.755+0000] {processor.py:186} INFO - Started process (PID=19594) to work on /mnt/c/Users/Admin/Desktop/ud_data/Dataslush_umang/airflow/airflow_venv/lib/python3.12/site-packages/airflow/example_dags/plugins/workday.py
[2025-01-28T11:01:34.758+0000] {processor.py:914} INFO - Processing file /mnt/c/Users/Admin/Desktop/ud_data/Dataslush_umang/airflow/airflow_venv/lib/python3.12/site-packages/airflow/example_dags/plugins/workday.py for tasks to queue
[2025-01-28T11:01:34.765+0000] {logging_mixin.py:190} INFO - [2025-01-28T11:01:34.763+0000] {dagbag.py:588} INFO - Filling up the DagBag from /mnt/c/Users/Admin/Desktop/ud_data/Dataslush_umang/airflow/airflow_venv/lib/python3.12/site-packages/airflow/example_dags/plugins/workday.py
[2025-01-28T11:01:34.822+0000] {logging_mixin.py:190} INFO - [2025-01-28T11:01:34.818+0000] {workday.py:41} WARNING - Could not import pandas. Holidays will not be considered.
[2025-01-28T11:01:34.825+0000] {processor.py:927} WARNING - No viable dags retrieved from /mnt/c/Users/Admin/Desktop/ud_data/Dataslush_umang/airflow/airflow_venv/lib/python3.12/site-packages/airflow/example_dags/plugins/workday.py
[2025-01-28T11:01:34.848+0000] {processor.py:208} INFO - Processing /mnt/c/Users/Admin/Desktop/ud_data/Dataslush_umang/airflow/airflow_venv/lib/python3.12/site-packages/airflow/example_dags/plugins/workday.py took 0.122 seconds
[2025-01-28T11:03:18.056+0000] {processor.py:186} INFO - Started process (PID=19709) to work on /mnt/c/Users/Admin/Desktop/ud_data/Dataslush_umang/airflow/airflow_venv/lib/python3.12/site-packages/airflow/example_dags/plugins/workday.py
[2025-01-28T11:03:18.059+0000] {processor.py:914} INFO - Processing file /mnt/c/Users/Admin/Desktop/ud_data/Dataslush_umang/airflow/airflow_venv/lib/python3.12/site-packages/airflow/example_dags/plugins/workday.py for tasks to queue
[2025-01-28T11:03:18.064+0000] {logging_mixin.py:190} INFO - [2025-01-28T11:03:18.062+0000] {dagbag.py:588} INFO - Filling up the DagBag from /mnt/c/Users/Admin/Desktop/ud_data/Dataslush_umang/airflow/airflow_venv/lib/python3.12/site-packages/airflow/example_dags/plugins/workday.py
[2025-01-28T11:03:18.104+0000] {logging_mixin.py:190} INFO - [2025-01-28T11:03:18.102+0000] {workday.py:41} WARNING - Could not import pandas. Holidays will not be considered.
[2025-01-28T11:03:18.105+0000] {processor.py:927} WARNING - No viable dags retrieved from /mnt/c/Users/Admin/Desktop/ud_data/Dataslush_umang/airflow/airflow_venv/lib/python3.12/site-packages/airflow/example_dags/plugins/workday.py
[2025-01-28T11:03:18.119+0000] {processor.py:208} INFO - Processing /mnt/c/Users/Admin/Desktop/ud_data/Dataslush_umang/airflow/airflow_venv/lib/python3.12/site-packages/airflow/example_dags/plugins/workday.py took 0.088 seconds
[2025-01-28T11:04:21.264+0000] {processor.py:186} INFO - Started process (PID=19882) to work on /mnt/c/Users/Admin/Desktop/ud_data/Dataslush_umang/airflow/airflow_venv/lib/python3.12/site-packages/airflow/example_dags/plugins/workday.py
[2025-01-28T11:04:21.268+0000] {processor.py:914} INFO - Processing file /mnt/c/Users/Admin/Desktop/ud_data/Dataslush_umang/airflow/airflow_venv/lib/python3.12/site-packages/airflow/example_dags/plugins/workday.py for tasks to queue
[2025-01-28T11:04:21.274+0000] {logging_mixin.py:190} INFO - [2025-01-28T11:04:21.272+0000] {dagbag.py:588} INFO - Filling up the DagBag from /mnt/c/Users/Admin/Desktop/ud_data/Dataslush_umang/airflow/airflow_venv/lib/python3.12/site-packages/airflow/example_dags/plugins/workday.py
[2025-01-28T11:04:21.327+0000] {logging_mixin.py:190} INFO - [2025-01-28T11:04:21.325+0000] {workday.py:41} WARNING - Could not import pandas. Holidays will not be considered.
[2025-01-28T11:04:21.329+0000] {processor.py:927} WARNING - No viable dags retrieved from /mnt/c/Users/Admin/Desktop/ud_data/Dataslush_umang/airflow/airflow_venv/lib/python3.12/site-packages/airflow/example_dags/plugins/workday.py
[2025-01-28T11:04:21.343+0000] {processor.py:208} INFO - Processing /mnt/c/Users/Admin/Desktop/ud_data/Dataslush_umang/airflow/airflow_venv/lib/python3.12/site-packages/airflow/example_dags/plugins/workday.py took 0.108 seconds
[2025-01-28T11:05:09.027+0000] {processor.py:186} INFO - Started process (PID=19954) to work on /mnt/c/Users/Admin/Desktop/ud_data/Dataslush_umang/airflow/airflow_venv/lib/python3.12/site-packages/airflow/example_dags/plugins/workday.py
[2025-01-28T11:05:09.034+0000] {processor.py:914} INFO - Processing file /mnt/c/Users/Admin/Desktop/ud_data/Dataslush_umang/airflow/airflow_venv/lib/python3.12/site-packages/airflow/example_dags/plugins/workday.py for tasks to queue
[2025-01-28T11:05:09.041+0000] {logging_mixin.py:190} INFO - [2025-01-28T11:05:09.039+0000] {dagbag.py:588} INFO - Filling up the DagBag from /mnt/c/Users/Admin/Desktop/ud_data/Dataslush_umang/airflow/airflow_venv/lib/python3.12/site-packages/airflow/example_dags/plugins/workday.py
[2025-01-28T11:05:09.097+0000] {logging_mixin.py:190} INFO - [2025-01-28T11:05:09.095+0000] {workday.py:41} WARNING - Could not import pandas. Holidays will not be considered.
[2025-01-28T11:05:09.099+0000] {processor.py:927} WARNING - No viable dags retrieved from /mnt/c/Users/Admin/Desktop/ud_data/Dataslush_umang/airflow/airflow_venv/lib/python3.12/site-packages/airflow/example_dags/plugins/workday.py
[2025-01-28T11:05:09.121+0000] {processor.py:208} INFO - Processing /mnt/c/Users/Admin/Desktop/ud_data/Dataslush_umang/airflow/airflow_venv/lib/python3.12/site-packages/airflow/example_dags/plugins/workday.py took 0.122 seconds
[2025-01-28T11:06:09.090+0000] {processor.py:186} INFO - Started process (PID=20007) to work on /mnt/c/Users/Admin/Desktop/ud_data/Dataslush_umang/airflow/airflow_venv/lib/python3.12/site-packages/airflow/example_dags/plugins/workday.py
[2025-01-28T11:06:09.100+0000] {processor.py:914} INFO - Processing file /mnt/c/Users/Admin/Desktop/ud_data/Dataslush_umang/airflow/airflow_venv/lib/python3.12/site-packages/airflow/example_dags/plugins/workday.py for tasks to queue
[2025-01-28T11:06:09.108+0000] {logging_mixin.py:190} INFO - [2025-01-28T11:06:09.105+0000] {dagbag.py:588} INFO - Filling up the DagBag from /mnt/c/Users/Admin/Desktop/ud_data/Dataslush_umang/airflow/airflow_venv/lib/python3.12/site-packages/airflow/example_dags/plugins/workday.py
[2025-01-28T11:06:09.149+0000] {logging_mixin.py:190} INFO - [2025-01-28T11:06:09.148+0000] {workday.py:41} WARNING - Could not import pandas. Holidays will not be considered.
[2025-01-28T11:06:09.150+0000] {processor.py:927} WARNING - No viable dags retrieved from /mnt/c/Users/Admin/Desktop/ud_data/Dataslush_umang/airflow/airflow_venv/lib/python3.12/site-packages/airflow/example_dags/plugins/workday.py
[2025-01-28T11:06:09.162+0000] {processor.py:208} INFO - Processing /mnt/c/Users/Admin/Desktop/ud_data/Dataslush_umang/airflow/airflow_venv/lib/python3.12/site-packages/airflow/example_dags/plugins/workday.py took 0.102 seconds
[2025-01-28T11:07:17.459+0000] {processor.py:186} INFO - Started process (PID=20081) to work on /mnt/c/Users/Admin/Desktop/ud_data/Dataslush_umang/airflow/airflow_venv/lib/python3.12/site-packages/airflow/example_dags/plugins/workday.py
[2025-01-28T11:07:17.495+0000] {processor.py:914} INFO - Processing file /mnt/c/Users/Admin/Desktop/ud_data/Dataslush_umang/airflow/airflow_venv/lib/python3.12/site-packages/airflow/example_dags/plugins/workday.py for tasks to queue
[2025-01-28T11:07:17.500+0000] {logging_mixin.py:190} INFO - [2025-01-28T11:07:17.498+0000] {dagbag.py:588} INFO - Filling up the DagBag from /mnt/c/Users/Admin/Desktop/ud_data/Dataslush_umang/airflow/airflow_venv/lib/python3.12/site-packages/airflow/example_dags/plugins/workday.py
[2025-01-28T11:07:17.541+0000] {logging_mixin.py:190} INFO - [2025-01-28T11:07:17.540+0000] {workday.py:41} WARNING - Could not import pandas. Holidays will not be considered.
[2025-01-28T11:07:17.543+0000] {processor.py:927} WARNING - No viable dags retrieved from /mnt/c/Users/Admin/Desktop/ud_data/Dataslush_umang/airflow/airflow_venv/lib/python3.12/site-packages/airflow/example_dags/plugins/workday.py
[2025-01-28T11:07:17.562+0000] {processor.py:208} INFO - Processing /mnt/c/Users/Admin/Desktop/ud_data/Dataslush_umang/airflow/airflow_venv/lib/python3.12/site-packages/airflow/example_dags/plugins/workday.py took 0.132 seconds
[2025-01-28T11:08:02.909+0000] {processor.py:186} INFO - Started process (PID=20181) to work on /mnt/c/Users/Admin/Desktop/ud_data/Dataslush_umang/airflow/airflow_venv/lib/python3.12/site-packages/airflow/example_dags/plugins/workday.py
[2025-01-28T11:08:02.911+0000] {processor.py:914} INFO - Processing file /mnt/c/Users/Admin/Desktop/ud_data/Dataslush_umang/airflow/airflow_venv/lib/python3.12/site-packages/airflow/example_dags/plugins/workday.py for tasks to queue
[2025-01-28T11:08:02.918+0000] {logging_mixin.py:190} INFO - [2025-01-28T11:08:02.916+0000] {dagbag.py:588} INFO - Filling up the DagBag from /mnt/c/Users/Admin/Desktop/ud_data/Dataslush_umang/airflow/airflow_venv/lib/python3.12/site-packages/airflow/example_dags/plugins/workday.py
[2025-01-28T11:08:02.964+0000] {logging_mixin.py:190} INFO - [2025-01-28T11:08:02.962+0000] {workday.py:41} WARNING - Could not import pandas. Holidays will not be considered.
[2025-01-28T11:08:02.966+0000] {processor.py:927} WARNING - No viable dags retrieved from /mnt/c/Users/Admin/Desktop/ud_data/Dataslush_umang/airflow/airflow_venv/lib/python3.12/site-packages/airflow/example_dags/plugins/workday.py
[2025-01-28T11:08:02.986+0000] {processor.py:208} INFO - Processing /mnt/c/Users/Admin/Desktop/ud_data/Dataslush_umang/airflow/airflow_venv/lib/python3.12/site-packages/airflow/example_dags/plugins/workday.py took 0.104 seconds
[2025-01-28T11:09:19.056+0000] {processor.py:186} INFO - Started process (PID=20251) to work on /mnt/c/Users/Admin/Desktop/ud_data/Dataslush_umang/airflow/airflow_venv/lib/python3.12/site-packages/airflow/example_dags/plugins/workday.py
[2025-01-28T11:09:19.060+0000] {processor.py:914} INFO - Processing file /mnt/c/Users/Admin/Desktop/ud_data/Dataslush_umang/airflow/airflow_venv/lib/python3.12/site-packages/airflow/example_dags/plugins/workday.py for tasks to queue
[2025-01-28T11:09:19.067+0000] {logging_mixin.py:190} INFO - [2025-01-28T11:09:19.065+0000] {dagbag.py:588} INFO - Filling up the DagBag from /mnt/c/Users/Admin/Desktop/ud_data/Dataslush_umang/airflow/airflow_venv/lib/python3.12/site-packages/airflow/example_dags/plugins/workday.py
[2025-01-28T11:09:19.117+0000] {logging_mixin.py:190} INFO - [2025-01-28T11:09:19.116+0000] {workday.py:41} WARNING - Could not import pandas. Holidays will not be considered.
[2025-01-28T11:09:19.119+0000] {processor.py:927} WARNING - No viable dags retrieved from /mnt/c/Users/Admin/Desktop/ud_data/Dataslush_umang/airflow/airflow_venv/lib/python3.12/site-packages/airflow/example_dags/plugins/workday.py
[2025-01-28T11:09:19.139+0000] {processor.py:208} INFO - Processing /mnt/c/Users/Admin/Desktop/ud_data/Dataslush_umang/airflow/airflow_venv/lib/python3.12/site-packages/airflow/example_dags/plugins/workday.py took 0.110 seconds
[2025-01-28T11:09:40.624+0000] {processor.py:186} INFO - Started process (PID=20392) to work on /mnt/c/Users/Admin/Desktop/ud_data/Dataslush_umang/airflow/airflow_venv/lib/python3.12/site-packages/airflow/example_dags/plugins/workday.py
[2025-01-28T11:09:40.628+0000] {processor.py:914} INFO - Processing file /mnt/c/Users/Admin/Desktop/ud_data/Dataslush_umang/airflow/airflow_venv/lib/python3.12/site-packages/airflow/example_dags/plugins/workday.py for tasks to queue
[2025-01-28T11:09:40.634+0000] {logging_mixin.py:190} INFO - [2025-01-28T11:09:40.632+0000] {dagbag.py:588} INFO - Filling up the DagBag from /mnt/c/Users/Admin/Desktop/ud_data/Dataslush_umang/airflow/airflow_venv/lib/python3.12/site-packages/airflow/example_dags/plugins/workday.py
[2025-01-28T11:09:40.679+0000] {logging_mixin.py:190} INFO - [2025-01-28T11:09:40.677+0000] {workday.py:41} WARNING - Could not import pandas. Holidays will not be considered.
[2025-01-28T11:09:40.680+0000] {processor.py:927} WARNING - No viable dags retrieved from /mnt/c/Users/Admin/Desktop/ud_data/Dataslush_umang/airflow/airflow_venv/lib/python3.12/site-packages/airflow/example_dags/plugins/workday.py
[2025-01-28T11:09:40.699+0000] {processor.py:208} INFO - Processing /mnt/c/Users/Admin/Desktop/ud_data/Dataslush_umang/airflow/airflow_venv/lib/python3.12/site-packages/airflow/example_dags/plugins/workday.py took 0.101 seconds
[2025-01-28T11:11:44.341+0000] {processor.py:186} INFO - Started process (PID=20511) to work on /mnt/c/Users/Admin/Desktop/ud_data/Dataslush_umang/airflow/airflow_venv/lib/python3.12/site-packages/airflow/example_dags/plugins/workday.py
[2025-01-28T11:11:44.345+0000] {processor.py:914} INFO - Processing file /mnt/c/Users/Admin/Desktop/ud_data/Dataslush_umang/airflow/airflow_venv/lib/python3.12/site-packages/airflow/example_dags/plugins/workday.py for tasks to queue
[2025-01-28T11:11:44.350+0000] {logging_mixin.py:190} INFO - [2025-01-28T11:11:44.348+0000] {dagbag.py:588} INFO - Filling up the DagBag from /mnt/c/Users/Admin/Desktop/ud_data/Dataslush_umang/airflow/airflow_venv/lib/python3.12/site-packages/airflow/example_dags/plugins/workday.py
[2025-01-28T11:11:44.401+0000] {logging_mixin.py:190} INFO - [2025-01-28T11:11:44.400+0000] {workday.py:41} WARNING - Could not import pandas. Holidays will not be considered.
[2025-01-28T11:11:44.403+0000] {processor.py:927} WARNING - No viable dags retrieved from /mnt/c/Users/Admin/Desktop/ud_data/Dataslush_umang/airflow/airflow_venv/lib/python3.12/site-packages/airflow/example_dags/plugins/workday.py
[2025-01-28T11:11:44.421+0000] {processor.py:208} INFO - Processing /mnt/c/Users/Admin/Desktop/ud_data/Dataslush_umang/airflow/airflow_venv/lib/python3.12/site-packages/airflow/example_dags/plugins/workday.py took 0.117 seconds
[2025-01-28T11:11:57.755+0000] {processor.py:186} INFO - Started process (PID=20569) to work on /mnt/c/Users/Admin/Desktop/ud_data/Dataslush_umang/airflow/airflow_venv/lib/python3.12/site-packages/airflow/example_dags/plugins/workday.py
[2025-01-28T11:11:57.868+0000] {processor.py:914} INFO - Processing file /mnt/c/Users/Admin/Desktop/ud_data/Dataslush_umang/airflow/airflow_venv/lib/python3.12/site-packages/airflow/example_dags/plugins/workday.py for tasks to queue
[2025-01-28T11:11:57.874+0000] {logging_mixin.py:190} INFO - [2025-01-28T11:11:57.872+0000] {dagbag.py:588} INFO - Filling up the DagBag from /mnt/c/Users/Admin/Desktop/ud_data/Dataslush_umang/airflow/airflow_venv/lib/python3.12/site-packages/airflow/example_dags/plugins/workday.py
[2025-01-28T11:11:57.926+0000] {logging_mixin.py:190} INFO - [2025-01-28T11:11:57.924+0000] {workday.py:41} WARNING - Could not import pandas. Holidays will not be considered.
[2025-01-28T11:11:57.928+0000] {processor.py:927} WARNING - No viable dags retrieved from /mnt/c/Users/Admin/Desktop/ud_data/Dataslush_umang/airflow/airflow_venv/lib/python3.12/site-packages/airflow/example_dags/plugins/workday.py
[2025-01-28T11:11:57.950+0000] {processor.py:208} INFO - Processing /mnt/c/Users/Admin/Desktop/ud_data/Dataslush_umang/airflow/airflow_venv/lib/python3.12/site-packages/airflow/example_dags/plugins/workday.py took 0.229 seconds
[2025-01-28T11:12:49.023+0000] {processor.py:186} INFO - Started process (PID=20622) to work on /mnt/c/Users/Admin/Desktop/ud_data/Dataslush_umang/airflow/airflow_venv/lib/python3.12/site-packages/airflow/example_dags/plugins/workday.py
[2025-01-28T11:12:49.027+0000] {processor.py:914} INFO - Processing file /mnt/c/Users/Admin/Desktop/ud_data/Dataslush_umang/airflow/airflow_venv/lib/python3.12/site-packages/airflow/example_dags/plugins/workday.py for tasks to queue
[2025-01-28T11:12:49.033+0000] {logging_mixin.py:190} INFO - [2025-01-28T11:12:49.030+0000] {dagbag.py:588} INFO - Filling up the DagBag from /mnt/c/Users/Admin/Desktop/ud_data/Dataslush_umang/airflow/airflow_venv/lib/python3.12/site-packages/airflow/example_dags/plugins/workday.py
[2025-01-28T11:12:49.080+0000] {logging_mixin.py:190} INFO - [2025-01-28T11:12:49.079+0000] {workday.py:41} WARNING - Could not import pandas. Holidays will not be considered.
[2025-01-28T11:12:49.083+0000] {processor.py:927} WARNING - No viable dags retrieved from /mnt/c/Users/Admin/Desktop/ud_data/Dataslush_umang/airflow/airflow_venv/lib/python3.12/site-packages/airflow/example_dags/plugins/workday.py
[2025-01-28T11:12:49.100+0000] {processor.py:208} INFO - Processing /mnt/c/Users/Admin/Desktop/ud_data/Dataslush_umang/airflow/airflow_venv/lib/python3.12/site-packages/airflow/example_dags/plugins/workday.py took 0.103 seconds
[2025-01-28T11:13:38.001+0000] {processor.py:186} INFO - Started process (PID=20682) to work on /mnt/c/Users/Admin/Desktop/ud_data/Dataslush_umang/airflow/airflow_venv/lib/python3.12/site-packages/airflow/example_dags/plugins/workday.py
[2025-01-28T11:13:38.072+0000] {processor.py:914} INFO - Processing file /mnt/c/Users/Admin/Desktop/ud_data/Dataslush_umang/airflow/airflow_venv/lib/python3.12/site-packages/airflow/example_dags/plugins/workday.py for tasks to queue
[2025-01-28T11:13:38.080+0000] {logging_mixin.py:190} INFO - [2025-01-28T11:13:38.077+0000] {dagbag.py:588} INFO - Filling up the DagBag from /mnt/c/Users/Admin/Desktop/ud_data/Dataslush_umang/airflow/airflow_venv/lib/python3.12/site-packages/airflow/example_dags/plugins/workday.py
[2025-01-28T11:13:38.129+0000] {logging_mixin.py:190} INFO - [2025-01-28T11:13:38.128+0000] {workday.py:41} WARNING - Could not import pandas. Holidays will not be considered.
[2025-01-28T11:13:38.132+0000] {processor.py:927} WARNING - No viable dags retrieved from /mnt/c/Users/Admin/Desktop/ud_data/Dataslush_umang/airflow/airflow_venv/lib/python3.12/site-packages/airflow/example_dags/plugins/workday.py
[2025-01-28T11:13:38.145+0000] {processor.py:208} INFO - Processing /mnt/c/Users/Admin/Desktop/ud_data/Dataslush_umang/airflow/airflow_venv/lib/python3.12/site-packages/airflow/example_dags/plugins/workday.py took 0.172 seconds
[2025-01-28T11:14:54.482+0000] {processor.py:186} INFO - Started process (PID=20735) to work on /mnt/c/Users/Admin/Desktop/ud_data/Dataslush_umang/airflow/airflow_venv/lib/python3.12/site-packages/airflow/example_dags/plugins/workday.py
[2025-01-28T11:14:54.486+0000] {processor.py:914} INFO - Processing file /mnt/c/Users/Admin/Desktop/ud_data/Dataslush_umang/airflow/airflow_venv/lib/python3.12/site-packages/airflow/example_dags/plugins/workday.py for tasks to queue
[2025-01-28T11:14:54.492+0000] {logging_mixin.py:190} INFO - [2025-01-28T11:14:54.490+0000] {dagbag.py:588} INFO - Filling up the DagBag from /mnt/c/Users/Admin/Desktop/ud_data/Dataslush_umang/airflow/airflow_venv/lib/python3.12/site-packages/airflow/example_dags/plugins/workday.py
[2025-01-28T11:14:54.531+0000] {logging_mixin.py:190} INFO - [2025-01-28T11:14:54.530+0000] {workday.py:41} WARNING - Could not import pandas. Holidays will not be considered.
[2025-01-28T11:14:54.533+0000] {processor.py:927} WARNING - No viable dags retrieved from /mnt/c/Users/Admin/Desktop/ud_data/Dataslush_umang/airflow/airflow_venv/lib/python3.12/site-packages/airflow/example_dags/plugins/workday.py
[2025-01-28T11:14:54.546+0000] {processor.py:208} INFO - Processing /mnt/c/Users/Admin/Desktop/ud_data/Dataslush_umang/airflow/airflow_venv/lib/python3.12/site-packages/airflow/example_dags/plugins/workday.py took 0.091 seconds
