[2025-01-28T10:12:20.729+0000] {processor.py:186} INFO - Started process (PID=14742) to work on /mnt/c/Users/Admin/Desktop/ud_data/Dataslush_umang/airflow/airflow_venv/lib/python3.12/site-packages/airflow/example_dags/example_short_circuit_operator.py
[2025-01-28T10:12:20.731+0000] {processor.py:914} INFO - Processing file /mnt/c/Users/Admin/Desktop/ud_data/Dataslush_umang/airflow/airflow_venv/lib/python3.12/site-packages/airflow/example_dags/example_short_circuit_operator.py for tasks to queue
[2025-01-28T10:12:20.738+0000] {logging_mixin.py:190} INFO - [2025-01-28T10:12:20.736+0000] {dagbag.py:588} INFO - Filling up the DagBag from /mnt/c/Users/Admin/Desktop/ud_data/Dataslush_umang/airflow/airflow_venv/lib/python3.12/site-packages/airflow/example_dags/example_short_circuit_operator.py
[2025-01-28T10:12:20.845+0000] {processor.py:925} INFO - DAG(s) 'example_short_circuit_operator' retrieved from /mnt/c/Users/Admin/Desktop/ud_data/Dataslush_umang/airflow/airflow_venv/lib/python3.12/site-packages/airflow/example_dags/example_short_circuit_operator.py
[2025-01-28T10:12:22.502+0000] {logging_mixin.py:190} INFO - [2025-01-28T10:12:22.500+0000] {override.py:1912} INFO - Created Permission View: can edit on DAG:example_short_circuit_operator
[2025-01-28T10:12:22.534+0000] {logging_mixin.py:190} INFO - [2025-01-28T10:12:22.533+0000] {override.py:1912} INFO - Created Permission View: can read on DAG:example_short_circuit_operator
[2025-01-28T10:12:22.567+0000] {logging_mixin.py:190} INFO - [2025-01-28T10:12:22.566+0000] {override.py:1912} INFO - Created Permission View: can delete on DAG:example_short_circuit_operator
[2025-01-28T10:12:22.606+0000] {logging_mixin.py:190} INFO - [2025-01-28T10:12:22.605+0000] {override.py:1912} INFO - Created Permission View: can create on DAG Run:example_short_circuit_operator
[2025-01-28T10:12:22.631+0000] {logging_mixin.py:190} INFO - [2025-01-28T10:12:22.629+0000] {override.py:1912} INFO - Created Permission View: menu access on DAG Run:example_short_circuit_operator
[2025-01-28T10:12:22.654+0000] {logging_mixin.py:190} INFO - [2025-01-28T10:12:22.653+0000] {override.py:1912} INFO - Created Permission View: can read on DAG Run:example_short_circuit_operator
[2025-01-28T10:12:22.734+0000] {logging_mixin.py:190} INFO - [2025-01-28T10:12:22.732+0000] {override.py:1912} INFO - Created Permission View: can delete on DAG Run:example_short_circuit_operator
[2025-01-28T10:12:22.737+0000] {logging_mixin.py:190} INFO - [2025-01-28T10:12:22.735+0000] {dag.py:3239} INFO - Sync 1 DAGs
[2025-01-28T10:12:22.761+0000] {logging_mixin.py:190} INFO - [2025-01-28T10:12:22.760+0000] {dag.py:3262} INFO - Creating ORM DAG for example_short_circuit_operator
[2025-01-28T10:12:22.764+0000] {logging_mixin.py:190} INFO - [2025-01-28T10:12:22.763+0000] {dag.py:4180} INFO - Setting next_dagrun for example_short_circuit_operator to None, run_after=None
[2025-01-28T10:12:22.832+0000] {processor.py:208} INFO - Processing /mnt/c/Users/Admin/Desktop/ud_data/Dataslush_umang/airflow/airflow_venv/lib/python3.12/site-packages/airflow/example_dags/example_short_circuit_operator.py took 2.179 seconds
[2025-01-28T10:15:07.660+0000] {processor.py:186} INFO - Started process (PID=14971) to work on /mnt/c/Users/Admin/Desktop/ud_data/Dataslush_umang/airflow/airflow_venv/lib/python3.12/site-packages/airflow/example_dags/example_short_circuit_operator.py
[2025-01-28T10:15:07.665+0000] {processor.py:914} INFO - Processing file /mnt/c/Users/Admin/Desktop/ud_data/Dataslush_umang/airflow/airflow_venv/lib/python3.12/site-packages/airflow/example_dags/example_short_circuit_operator.py for tasks to queue
[2025-01-28T10:15:07.671+0000] {logging_mixin.py:190} INFO - [2025-01-28T10:15:07.669+0000] {dagbag.py:588} INFO - Filling up the DagBag from /mnt/c/Users/Admin/Desktop/ud_data/Dataslush_umang/airflow/airflow_venv/lib/python3.12/site-packages/airflow/example_dags/example_short_circuit_operator.py
[2025-01-28T10:15:07.764+0000] {processor.py:925} INFO - DAG(s) 'example_short_circuit_operator' retrieved from /mnt/c/Users/Admin/Desktop/ud_data/Dataslush_umang/airflow/airflow_venv/lib/python3.12/site-packages/airflow/example_dags/example_short_circuit_operator.py
[2025-01-28T10:15:07.789+0000] {logging_mixin.py:190} INFO - [2025-01-28T10:15:07.788+0000] {dag.py:3239} INFO - Sync 1 DAGs
[2025-01-28T10:15:07.803+0000] {logging_mixin.py:190} INFO - [2025-01-28T10:15:07.801+0000] {dag.py:4180} INFO - Setting next_dagrun for example_short_circuit_operator to None, run_after=None
[2025-01-28T10:15:07.843+0000] {processor.py:208} INFO - Processing /mnt/c/Users/Admin/Desktop/ud_data/Dataslush_umang/airflow/airflow_venv/lib/python3.12/site-packages/airflow/example_dags/example_short_circuit_operator.py took 0.218 seconds
[2025-01-28T10:16:14.383+0000] {processor.py:186} INFO - Started process (PID=15077) to work on /mnt/c/Users/Admin/Desktop/ud_data/Dataslush_umang/airflow/airflow_venv/lib/python3.12/site-packages/airflow/example_dags/example_short_circuit_operator.py
[2025-01-28T10:16:14.520+0000] {processor.py:914} INFO - Processing file /mnt/c/Users/Admin/Desktop/ud_data/Dataslush_umang/airflow/airflow_venv/lib/python3.12/site-packages/airflow/example_dags/example_short_circuit_operator.py for tasks to queue
[2025-01-28T10:16:14.539+0000] {logging_mixin.py:190} INFO - [2025-01-28T10:16:14.534+0000] {dagbag.py:588} INFO - Filling up the DagBag from /mnt/c/Users/Admin/Desktop/ud_data/Dataslush_umang/airflow/airflow_venv/lib/python3.12/site-packages/airflow/example_dags/example_short_circuit_operator.py
[2025-01-28T10:16:14.670+0000] {processor.py:925} INFO - DAG(s) 'example_short_circuit_operator' retrieved from /mnt/c/Users/Admin/Desktop/ud_data/Dataslush_umang/airflow/airflow_venv/lib/python3.12/site-packages/airflow/example_dags/example_short_circuit_operator.py
[2025-01-28T10:16:14.700+0000] {logging_mixin.py:190} INFO - [2025-01-28T10:16:14.698+0000] {dag.py:3239} INFO - Sync 1 DAGs
[2025-01-28T10:16:14.836+0000] {logging_mixin.py:190} INFO - [2025-01-28T10:16:14.832+0000] {dag.py:4180} INFO - Setting next_dagrun for example_short_circuit_operator to None, run_after=None
[2025-01-28T10:16:14.993+0000] {processor.py:208} INFO - Processing /mnt/c/Users/Admin/Desktop/ud_data/Dataslush_umang/airflow/airflow_venv/lib/python3.12/site-packages/airflow/example_dags/example_short_circuit_operator.py took 0.630 seconds
[2025-01-28T10:18:03.048+0000] {processor.py:186} INFO - Started process (PID=15279) to work on /mnt/c/Users/Admin/Desktop/ud_data/Dataslush_umang/airflow/airflow_venv/lib/python3.12/site-packages/airflow/example_dags/example_short_circuit_operator.py
[2025-01-28T10:18:03.083+0000] {processor.py:914} INFO - Processing file /mnt/c/Users/Admin/Desktop/ud_data/Dataslush_umang/airflow/airflow_venv/lib/python3.12/site-packages/airflow/example_dags/example_short_circuit_operator.py for tasks to queue
[2025-01-28T10:18:03.089+0000] {logging_mixin.py:190} INFO - [2025-01-28T10:18:03.087+0000] {dagbag.py:588} INFO - Filling up the DagBag from /mnt/c/Users/Admin/Desktop/ud_data/Dataslush_umang/airflow/airflow_venv/lib/python3.12/site-packages/airflow/example_dags/example_short_circuit_operator.py
[2025-01-28T10:18:03.251+0000] {processor.py:925} INFO - DAG(s) 'example_short_circuit_operator' retrieved from /mnt/c/Users/Admin/Desktop/ud_data/Dataslush_umang/airflow/airflow_venv/lib/python3.12/site-packages/airflow/example_dags/example_short_circuit_operator.py
[2025-01-28T10:18:03.291+0000] {logging_mixin.py:190} INFO - [2025-01-28T10:18:03.289+0000] {dag.py:3239} INFO - Sync 1 DAGs
[2025-01-28T10:18:03.313+0000] {logging_mixin.py:190} INFO - [2025-01-28T10:18:03.310+0000] {dag.py:4180} INFO - Setting next_dagrun for example_short_circuit_operator to None, run_after=None
[2025-01-28T10:18:33.615+0000] {processor.py:208} INFO - Processing /mnt/c/Users/Admin/Desktop/ud_data/Dataslush_umang/airflow/airflow_venv/lib/python3.12/site-packages/airflow/example_dags/example_short_circuit_operator.py took 0.471 seconds
[2025-01-28T10:20:36.220+0000] {processor.py:186} INFO - Started process (PID=15523) to work on /mnt/c/Users/Admin/Desktop/ud_data/Dataslush_umang/airflow/airflow_venv/lib/python3.12/site-packages/airflow/example_dags/example_short_circuit_operator.py
[2025-01-28T10:20:36.237+0000] {processor.py:914} INFO - Processing file /mnt/c/Users/Admin/Desktop/ud_data/Dataslush_umang/airflow/airflow_venv/lib/python3.12/site-packages/airflow/example_dags/example_short_circuit_operator.py for tasks to queue
[2025-01-28T10:20:36.245+0000] {logging_mixin.py:190} INFO - [2025-01-28T10:20:36.243+0000] {dagbag.py:588} INFO - Filling up the DagBag from /mnt/c/Users/Admin/Desktop/ud_data/Dataslush_umang/airflow/airflow_venv/lib/python3.12/site-packages/airflow/example_dags/example_short_circuit_operator.py
[2025-01-28T10:20:36.446+0000] {processor.py:925} INFO - DAG(s) 'example_short_circuit_operator' retrieved from /mnt/c/Users/Admin/Desktop/ud_data/Dataslush_umang/airflow/airflow_venv/lib/python3.12/site-packages/airflow/example_dags/example_short_circuit_operator.py
[2025-01-28T10:20:36.503+0000] {logging_mixin.py:190} INFO - [2025-01-28T10:20:36.500+0000] {dag.py:3239} INFO - Sync 1 DAGs
[2025-01-28T10:20:36.525+0000] {logging_mixin.py:190} INFO - [2025-01-28T10:20:36.522+0000] {dag.py:4180} INFO - Setting next_dagrun for example_short_circuit_operator to None, run_after=None
[2025-01-28T10:20:36.571+0000] {processor.py:208} INFO - Processing /mnt/c/Users/Admin/Desktop/ud_data/Dataslush_umang/airflow/airflow_venv/lib/python3.12/site-packages/airflow/example_dags/example_short_circuit_operator.py took 0.429 seconds
[2025-01-28T10:22:12.268+0000] {processor.py:186} INFO - Started process (PID=15655) to work on /mnt/c/Users/Admin/Desktop/ud_data/Dataslush_umang/airflow/airflow_venv/lib/python3.12/site-packages/airflow/example_dags/example_short_circuit_operator.py
[2025-01-28T10:22:12.504+0000] {processor.py:914} INFO - Processing file /mnt/c/Users/Admin/Desktop/ud_data/Dataslush_umang/airflow/airflow_venv/lib/python3.12/site-packages/airflow/example_dags/example_short_circuit_operator.py for tasks to queue
[2025-01-28T10:22:12.518+0000] {logging_mixin.py:190} INFO - [2025-01-28T10:22:12.513+0000] {dagbag.py:588} INFO - Filling up the DagBag from /mnt/c/Users/Admin/Desktop/ud_data/Dataslush_umang/airflow/airflow_venv/lib/python3.12/site-packages/airflow/example_dags/example_short_circuit_operator.py
[2025-01-28T10:22:12.859+0000] {processor.py:925} INFO - DAG(s) 'example_short_circuit_operator' retrieved from /mnt/c/Users/Admin/Desktop/ud_data/Dataslush_umang/airflow/airflow_venv/lib/python3.12/site-packages/airflow/example_dags/example_short_circuit_operator.py
[2025-01-28T10:22:12.935+0000] {logging_mixin.py:190} INFO - [2025-01-28T10:22:12.934+0000] {dag.py:3239} INFO - Sync 1 DAGs
[2025-01-28T10:22:12.965+0000] {logging_mixin.py:190} INFO - [2025-01-28T10:22:12.963+0000] {dag.py:4180} INFO - Setting next_dagrun for example_short_circuit_operator to None, run_after=None
[2025-01-28T10:22:13.164+0000] {processor.py:208} INFO - Processing /mnt/c/Users/Admin/Desktop/ud_data/Dataslush_umang/airflow/airflow_venv/lib/python3.12/site-packages/airflow/example_dags/example_short_circuit_operator.py took 0.947 seconds
[2025-01-28T10:24:24.471+0000] {processor.py:186} INFO - Started process (PID=15825) to work on /mnt/c/Users/Admin/Desktop/ud_data/Dataslush_umang/airflow/airflow_venv/lib/python3.12/site-packages/airflow/example_dags/example_short_circuit_operator.py
[2025-01-28T10:24:24.478+0000] {processor.py:914} INFO - Processing file /mnt/c/Users/Admin/Desktop/ud_data/Dataslush_umang/airflow/airflow_venv/lib/python3.12/site-packages/airflow/example_dags/example_short_circuit_operator.py for tasks to queue
[2025-01-28T10:24:24.492+0000] {logging_mixin.py:190} INFO - [2025-01-28T10:24:24.487+0000] {dagbag.py:588} INFO - Filling up the DagBag from /mnt/c/Users/Admin/Desktop/ud_data/Dataslush_umang/airflow/airflow_venv/lib/python3.12/site-packages/airflow/example_dags/example_short_circuit_operator.py
[2025-01-28T10:23:54.733+0000] {processor.py:925} INFO - DAG(s) 'example_short_circuit_operator' retrieved from /mnt/c/Users/Admin/Desktop/ud_data/Dataslush_umang/airflow/airflow_venv/lib/python3.12/site-packages/airflow/example_dags/example_short_circuit_operator.py
[2025-01-28T10:23:54.911+0000] {logging_mixin.py:190} INFO - [2025-01-28T10:23:54.909+0000] {dag.py:3239} INFO - Sync 1 DAGs
[2025-01-28T10:23:54.947+0000] {logging_mixin.py:190} INFO - [2025-01-28T10:23:54.944+0000] {dag.py:4180} INFO - Setting next_dagrun for example_short_circuit_operator to None, run_after=None
[2025-01-28T10:23:55.468+0000] {processor.py:208} INFO - Processing /mnt/c/Users/Admin/Desktop/ud_data/Dataslush_umang/airflow/airflow_venv/lib/python3.12/site-packages/airflow/example_dags/example_short_circuit_operator.py took 1.157 seconds
[2025-01-28T10:25:30.232+0000] {processor.py:186} INFO - Started process (PID=16036) to work on /mnt/c/Users/Admin/Desktop/ud_data/Dataslush_umang/airflow/airflow_venv/lib/python3.12/site-packages/airflow/example_dags/example_short_circuit_operator.py
[2025-01-28T10:25:30.376+0000] {processor.py:914} INFO - Processing file /mnt/c/Users/Admin/Desktop/ud_data/Dataslush_umang/airflow/airflow_venv/lib/python3.12/site-packages/airflow/example_dags/example_short_circuit_operator.py for tasks to queue
[2025-01-28T10:25:30.390+0000] {logging_mixin.py:190} INFO - [2025-01-28T10:25:30.386+0000] {dagbag.py:588} INFO - Filling up the DagBag from /mnt/c/Users/Admin/Desktop/ud_data/Dataslush_umang/airflow/airflow_venv/lib/python3.12/site-packages/airflow/example_dags/example_short_circuit_operator.py
[2025-01-28T10:25:30.700+0000] {processor.py:925} INFO - DAG(s) 'example_short_circuit_operator' retrieved from /mnt/c/Users/Admin/Desktop/ud_data/Dataslush_umang/airflow/airflow_venv/lib/python3.12/site-packages/airflow/example_dags/example_short_circuit_operator.py
[2025-01-28T10:25:30.734+0000] {logging_mixin.py:190} INFO - [2025-01-28T10:25:30.732+0000] {dag.py:3239} INFO - Sync 1 DAGs
[2025-01-28T10:25:30.753+0000] {logging_mixin.py:190} INFO - [2025-01-28T10:25:30.751+0000] {dag.py:4180} INFO - Setting next_dagrun for example_short_circuit_operator to None, run_after=None
[2025-01-28T10:26:01.950+0000] {processor.py:208} INFO - Processing /mnt/c/Users/Admin/Desktop/ud_data/Dataslush_umang/airflow/airflow_venv/lib/python3.12/site-packages/airflow/example_dags/example_short_circuit_operator.py took 1.685 seconds
[2025-01-28T10:28:15.962+0000] {processor.py:186} INFO - Started process (PID=16299) to work on /mnt/c/Users/Admin/Desktop/ud_data/Dataslush_umang/airflow/airflow_venv/lib/python3.12/site-packages/airflow/example_dags/example_short_circuit_operator.py
[2025-01-28T10:28:15.967+0000] {processor.py:914} INFO - Processing file /mnt/c/Users/Admin/Desktop/ud_data/Dataslush_umang/airflow/airflow_venv/lib/python3.12/site-packages/airflow/example_dags/example_short_circuit_operator.py for tasks to queue
[2025-01-28T10:28:15.978+0000] {logging_mixin.py:190} INFO - [2025-01-28T10:28:15.974+0000] {dagbag.py:588} INFO - Filling up the DagBag from /mnt/c/Users/Admin/Desktop/ud_data/Dataslush_umang/airflow/airflow_venv/lib/python3.12/site-packages/airflow/example_dags/example_short_circuit_operator.py
[2025-01-28T10:28:16.143+0000] {processor.py:925} INFO - DAG(s) 'example_short_circuit_operator' retrieved from /mnt/c/Users/Admin/Desktop/ud_data/Dataslush_umang/airflow/airflow_venv/lib/python3.12/site-packages/airflow/example_dags/example_short_circuit_operator.py
[2025-01-28T10:28:16.178+0000] {logging_mixin.py:190} INFO - [2025-01-28T10:28:16.176+0000] {dag.py:3239} INFO - Sync 1 DAGs
[2025-01-28T10:28:16.197+0000] {logging_mixin.py:190} INFO - [2025-01-28T10:28:16.194+0000] {dag.py:4180} INFO - Setting next_dagrun for example_short_circuit_operator to None, run_after=None
[2025-01-28T10:28:16.266+0000] {processor.py:208} INFO - Processing /mnt/c/Users/Admin/Desktop/ud_data/Dataslush_umang/airflow/airflow_venv/lib/python3.12/site-packages/airflow/example_dags/example_short_circuit_operator.py took 0.390 seconds
[2025-01-28T10:29:36.699+0000] {processor.py:186} INFO - Started process (PID=16378) to work on /mnt/c/Users/Admin/Desktop/ud_data/Dataslush_umang/airflow/airflow_venv/lib/python3.12/site-packages/airflow/example_dags/example_short_circuit_operator.py
[2025-01-28T10:29:36.706+0000] {processor.py:914} INFO - Processing file /mnt/c/Users/Admin/Desktop/ud_data/Dataslush_umang/airflow/airflow_venv/lib/python3.12/site-packages/airflow/example_dags/example_short_circuit_operator.py for tasks to queue
[2025-01-28T10:29:36.729+0000] {logging_mixin.py:190} INFO - [2025-01-28T10:29:36.720+0000] {dagbag.py:588} INFO - Filling up the DagBag from /mnt/c/Users/Admin/Desktop/ud_data/Dataslush_umang/airflow/airflow_venv/lib/python3.12/site-packages/airflow/example_dags/example_short_circuit_operator.py
[2025-01-28T10:29:37.066+0000] {processor.py:925} INFO - DAG(s) 'example_short_circuit_operator' retrieved from /mnt/c/Users/Admin/Desktop/ud_data/Dataslush_umang/airflow/airflow_venv/lib/python3.12/site-packages/airflow/example_dags/example_short_circuit_operator.py
[2025-01-28T10:29:37.144+0000] {logging_mixin.py:190} INFO - [2025-01-28T10:29:37.141+0000] {dag.py:3239} INFO - Sync 1 DAGs
[2025-01-28T10:29:37.179+0000] {logging_mixin.py:190} INFO - [2025-01-28T10:29:37.176+0000] {dag.py:4180} INFO - Setting next_dagrun for example_short_circuit_operator to None, run_after=None
[2025-01-28T10:29:37.442+0000] {processor.py:208} INFO - Processing /mnt/c/Users/Admin/Desktop/ud_data/Dataslush_umang/airflow/airflow_venv/lib/python3.12/site-packages/airflow/example_dags/example_short_circuit_operator.py took 0.813 seconds
[2025-01-28T10:31:30.199+0000] {processor.py:186} INFO - Started process (PID=16468) to work on /mnt/c/Users/Admin/Desktop/ud_data/Dataslush_umang/airflow/airflow_venv/lib/python3.12/site-packages/airflow/example_dags/example_short_circuit_operator.py
[2025-01-28T10:31:30.206+0000] {processor.py:914} INFO - Processing file /mnt/c/Users/Admin/Desktop/ud_data/Dataslush_umang/airflow/airflow_venv/lib/python3.12/site-packages/airflow/example_dags/example_short_circuit_operator.py for tasks to queue
[2025-01-28T10:31:30.220+0000] {logging_mixin.py:190} INFO - [2025-01-28T10:31:30.215+0000] {dagbag.py:588} INFO - Filling up the DagBag from /mnt/c/Users/Admin/Desktop/ud_data/Dataslush_umang/airflow/airflow_venv/lib/python3.12/site-packages/airflow/example_dags/example_short_circuit_operator.py
[2025-01-28T10:31:00.319+0000] {processor.py:925} INFO - DAG(s) 'example_short_circuit_operator' retrieved from /mnt/c/Users/Admin/Desktop/ud_data/Dataslush_umang/airflow/airflow_venv/lib/python3.12/site-packages/airflow/example_dags/example_short_circuit_operator.py
[2025-01-28T10:31:00.353+0000] {logging_mixin.py:190} INFO - [2025-01-28T10:31:00.352+0000] {dag.py:3239} INFO - Sync 1 DAGs
[2025-01-28T10:31:00.373+0000] {logging_mixin.py:190} INFO - [2025-01-28T10:31:00.371+0000] {dag.py:4180} INFO - Setting next_dagrun for example_short_circuit_operator to None, run_after=None
[2025-01-28T10:31:00.791+0000] {processor.py:208} INFO - Processing /mnt/c/Users/Admin/Desktop/ud_data/Dataslush_umang/airflow/airflow_venv/lib/python3.12/site-packages/airflow/example_dags/example_short_circuit_operator.py took 0.806 seconds
[2025-01-28T10:33:14.919+0000] {processor.py:186} INFO - Started process (PID=16687) to work on /mnt/c/Users/Admin/Desktop/ud_data/Dataslush_umang/airflow/airflow_venv/lib/python3.12/site-packages/airflow/example_dags/example_short_circuit_operator.py
[2025-01-28T10:33:14.927+0000] {processor.py:914} INFO - Processing file /mnt/c/Users/Admin/Desktop/ud_data/Dataslush_umang/airflow/airflow_venv/lib/python3.12/site-packages/airflow/example_dags/example_short_circuit_operator.py for tasks to queue
[2025-01-28T10:33:14.942+0000] {logging_mixin.py:190} INFO - [2025-01-28T10:33:14.937+0000] {dagbag.py:588} INFO - Filling up the DagBag from /mnt/c/Users/Admin/Desktop/ud_data/Dataslush_umang/airflow/airflow_venv/lib/python3.12/site-packages/airflow/example_dags/example_short_circuit_operator.py
[2025-01-28T10:33:45.397+0000] {processor.py:925} INFO - DAG(s) 'example_short_circuit_operator' retrieved from /mnt/c/Users/Admin/Desktop/ud_data/Dataslush_umang/airflow/airflow_venv/lib/python3.12/site-packages/airflow/example_dags/example_short_circuit_operator.py
[2025-01-28T10:33:45.442+0000] {logging_mixin.py:190} INFO - [2025-01-28T10:33:45.440+0000] {dag.py:3239} INFO - Sync 1 DAGs
[2025-01-28T10:33:15.347+0000] {logging_mixin.py:190} INFO - [2025-01-28T10:33:15.345+0000] {dag.py:4180} INFO - Setting next_dagrun for example_short_circuit_operator to None, run_after=None
[2025-01-28T10:33:15.535+0000] {processor.py:208} INFO - Processing /mnt/c/Users/Admin/Desktop/ud_data/Dataslush_umang/airflow/airflow_venv/lib/python3.12/site-packages/airflow/example_dags/example_short_circuit_operator.py took 0.683 seconds
[2025-01-28T10:34:37.648+0000] {processor.py:186} INFO - Started process (PID=16853) to work on /mnt/c/Users/Admin/Desktop/ud_data/Dataslush_umang/airflow/airflow_venv/lib/python3.12/site-packages/airflow/example_dags/example_short_circuit_operator.py
[2025-01-28T10:34:37.656+0000] {processor.py:914} INFO - Processing file /mnt/c/Users/Admin/Desktop/ud_data/Dataslush_umang/airflow/airflow_venv/lib/python3.12/site-packages/airflow/example_dags/example_short_circuit_operator.py for tasks to queue
[2025-01-28T10:34:37.670+0000] {logging_mixin.py:190} INFO - [2025-01-28T10:34:37.665+0000] {dagbag.py:588} INFO - Filling up the DagBag from /mnt/c/Users/Admin/Desktop/ud_data/Dataslush_umang/airflow/airflow_venv/lib/python3.12/site-packages/airflow/example_dags/example_short_circuit_operator.py
[2025-01-28T10:34:38.006+0000] {processor.py:925} INFO - DAG(s) 'example_short_circuit_operator' retrieved from /mnt/c/Users/Admin/Desktop/ud_data/Dataslush_umang/airflow/airflow_venv/lib/python3.12/site-packages/airflow/example_dags/example_short_circuit_operator.py
[2025-01-28T10:34:38.077+0000] {logging_mixin.py:190} INFO - [2025-01-28T10:34:38.074+0000] {dag.py:3239} INFO - Sync 1 DAGs
[2025-01-28T10:34:38.110+0000] {logging_mixin.py:190} INFO - [2025-01-28T10:34:38.108+0000] {dag.py:4180} INFO - Setting next_dagrun for example_short_circuit_operator to None, run_after=None
[2025-01-28T10:34:38.197+0000] {processor.py:208} INFO - Processing /mnt/c/Users/Admin/Desktop/ud_data/Dataslush_umang/airflow/airflow_venv/lib/python3.12/site-packages/airflow/example_dags/example_short_circuit_operator.py took 0.603 seconds
[2025-01-28T10:35:54.446+0000] {processor.py:186} INFO - Started process (PID=16956) to work on /mnt/c/Users/Admin/Desktop/ud_data/Dataslush_umang/airflow/airflow_venv/lib/python3.12/site-packages/airflow/example_dags/example_short_circuit_operator.py
[2025-01-28T10:35:54.449+0000] {processor.py:914} INFO - Processing file /mnt/c/Users/Admin/Desktop/ud_data/Dataslush_umang/airflow/airflow_venv/lib/python3.12/site-packages/airflow/example_dags/example_short_circuit_operator.py for tasks to queue
[2025-01-28T10:35:54.454+0000] {logging_mixin.py:190} INFO - [2025-01-28T10:35:54.452+0000] {dagbag.py:588} INFO - Filling up the DagBag from /mnt/c/Users/Admin/Desktop/ud_data/Dataslush_umang/airflow/airflow_venv/lib/python3.12/site-packages/airflow/example_dags/example_short_circuit_operator.py
[2025-01-28T10:35:54.566+0000] {processor.py:925} INFO - DAG(s) 'example_short_circuit_operator' retrieved from /mnt/c/Users/Admin/Desktop/ud_data/Dataslush_umang/airflow/airflow_venv/lib/python3.12/site-packages/airflow/example_dags/example_short_circuit_operator.py
[2025-01-28T10:35:54.606+0000] {logging_mixin.py:190} INFO - [2025-01-28T10:35:54.604+0000] {dag.py:3239} INFO - Sync 1 DAGs
[2025-01-28T10:35:54.624+0000] {logging_mixin.py:190} INFO - [2025-01-28T10:35:54.622+0000] {dag.py:4180} INFO - Setting next_dagrun for example_short_circuit_operator to None, run_after=None
[2025-01-28T10:35:54.662+0000] {processor.py:208} INFO - Processing /mnt/c/Users/Admin/Desktop/ud_data/Dataslush_umang/airflow/airflow_venv/lib/python3.12/site-packages/airflow/example_dags/example_short_circuit_operator.py took 0.241 seconds
[2025-01-28T10:37:19.229+0000] {processor.py:186} INFO - Started process (PID=17073) to work on /mnt/c/Users/Admin/Desktop/ud_data/Dataslush_umang/airflow/airflow_venv/lib/python3.12/site-packages/airflow/example_dags/example_short_circuit_operator.py
[2025-01-28T10:37:19.233+0000] {processor.py:914} INFO - Processing file /mnt/c/Users/Admin/Desktop/ud_data/Dataslush_umang/airflow/airflow_venv/lib/python3.12/site-packages/airflow/example_dags/example_short_circuit_operator.py for tasks to queue
[2025-01-28T10:37:19.239+0000] {logging_mixin.py:190} INFO - [2025-01-28T10:37:19.237+0000] {dagbag.py:588} INFO - Filling up the DagBag from /mnt/c/Users/Admin/Desktop/ud_data/Dataslush_umang/airflow/airflow_venv/lib/python3.12/site-packages/airflow/example_dags/example_short_circuit_operator.py
[2025-01-28T10:37:19.393+0000] {processor.py:925} INFO - DAG(s) 'example_short_circuit_operator' retrieved from /mnt/c/Users/Admin/Desktop/ud_data/Dataslush_umang/airflow/airflow_venv/lib/python3.12/site-packages/airflow/example_dags/example_short_circuit_operator.py
[2025-01-28T10:37:19.426+0000] {logging_mixin.py:190} INFO - [2025-01-28T10:37:19.424+0000] {dag.py:3239} INFO - Sync 1 DAGs
[2025-01-28T10:37:19.457+0000] {logging_mixin.py:190} INFO - [2025-01-28T10:37:19.456+0000] {dag.py:4180} INFO - Setting next_dagrun for example_short_circuit_operator to None, run_after=None
[2025-01-28T10:37:19.663+0000] {processor.py:208} INFO - Processing /mnt/c/Users/Admin/Desktop/ud_data/Dataslush_umang/airflow/airflow_venv/lib/python3.12/site-packages/airflow/example_dags/example_short_circuit_operator.py took 0.472 seconds
[2025-01-28T10:38:51.068+0000] {processor.py:186} INFO - Started process (PID=17214) to work on /mnt/c/Users/Admin/Desktop/ud_data/Dataslush_umang/airflow/airflow_venv/lib/python3.12/site-packages/airflow/example_dags/example_short_circuit_operator.py
[2025-01-28T10:38:51.175+0000] {processor.py:914} INFO - Processing file /mnt/c/Users/Admin/Desktop/ud_data/Dataslush_umang/airflow/airflow_venv/lib/python3.12/site-packages/airflow/example_dags/example_short_circuit_operator.py for tasks to queue
[2025-01-28T10:38:51.190+0000] {logging_mixin.py:190} INFO - [2025-01-28T10:38:51.185+0000] {dagbag.py:588} INFO - Filling up the DagBag from /mnt/c/Users/Admin/Desktop/ud_data/Dataslush_umang/airflow/airflow_venv/lib/python3.12/site-packages/airflow/example_dags/example_short_circuit_operator.py
[2025-01-28T10:38:51.547+0000] {processor.py:925} INFO - DAG(s) 'example_short_circuit_operator' retrieved from /mnt/c/Users/Admin/Desktop/ud_data/Dataslush_umang/airflow/airflow_venv/lib/python3.12/site-packages/airflow/example_dags/example_short_circuit_operator.py
[2025-01-28T10:38:51.606+0000] {logging_mixin.py:190} INFO - [2025-01-28T10:38:51.603+0000] {dag.py:3239} INFO - Sync 1 DAGs
[2025-01-28T10:38:51.624+0000] {logging_mixin.py:190} INFO - [2025-01-28T10:38:51.622+0000] {dag.py:4180} INFO - Setting next_dagrun for example_short_circuit_operator to None, run_after=None
[2025-01-28T10:38:52.712+0000] {processor.py:208} INFO - Processing /mnt/c/Users/Admin/Desktop/ud_data/Dataslush_umang/airflow/airflow_venv/lib/python3.12/site-packages/airflow/example_dags/example_short_circuit_operator.py took 1.691 seconds
[2025-01-28T10:40:27.023+0000] {processor.py:186} INFO - Started process (PID=17347) to work on /mnt/c/Users/Admin/Desktop/ud_data/Dataslush_umang/airflow/airflow_venv/lib/python3.12/site-packages/airflow/example_dags/example_short_circuit_operator.py
[2025-01-28T10:40:27.165+0000] {processor.py:914} INFO - Processing file /mnt/c/Users/Admin/Desktop/ud_data/Dataslush_umang/airflow/airflow_venv/lib/python3.12/site-packages/airflow/example_dags/example_short_circuit_operator.py for tasks to queue
[2025-01-28T10:40:27.181+0000] {logging_mixin.py:190} INFO - [2025-01-28T10:40:27.176+0000] {dagbag.py:588} INFO - Filling up the DagBag from /mnt/c/Users/Admin/Desktop/ud_data/Dataslush_umang/airflow/airflow_venv/lib/python3.12/site-packages/airflow/example_dags/example_short_circuit_operator.py
[2025-01-28T10:40:27.291+0000] {processor.py:925} INFO - DAG(s) 'example_short_circuit_operator' retrieved from /mnt/c/Users/Admin/Desktop/ud_data/Dataslush_umang/airflow/airflow_venv/lib/python3.12/site-packages/airflow/example_dags/example_short_circuit_operator.py
[2025-01-28T10:40:27.318+0000] {logging_mixin.py:190} INFO - [2025-01-28T10:40:27.316+0000] {dag.py:3239} INFO - Sync 1 DAGs
[2025-01-28T10:40:27.333+0000] {logging_mixin.py:190} INFO - [2025-01-28T10:40:27.330+0000] {dag.py:4180} INFO - Setting next_dagrun for example_short_circuit_operator to None, run_after=None
[2025-01-28T10:40:27.454+0000] {processor.py:208} INFO - Processing /mnt/c/Users/Admin/Desktop/ud_data/Dataslush_umang/airflow/airflow_venv/lib/python3.12/site-packages/airflow/example_dags/example_short_circuit_operator.py took 0.456 seconds
[2025-01-28T10:42:04.586+0000] {processor.py:186} INFO - Started process (PID=17517) to work on /mnt/c/Users/Admin/Desktop/ud_data/Dataslush_umang/airflow/airflow_venv/lib/python3.12/site-packages/airflow/example_dags/example_short_circuit_operator.py
[2025-01-28T10:42:04.589+0000] {processor.py:914} INFO - Processing file /mnt/c/Users/Admin/Desktop/ud_data/Dataslush_umang/airflow/airflow_venv/lib/python3.12/site-packages/airflow/example_dags/example_short_circuit_operator.py for tasks to queue
[2025-01-28T10:42:04.595+0000] {logging_mixin.py:190} INFO - [2025-01-28T10:42:04.592+0000] {dagbag.py:588} INFO - Filling up the DagBag from /mnt/c/Users/Admin/Desktop/ud_data/Dataslush_umang/airflow/airflow_venv/lib/python3.12/site-packages/airflow/example_dags/example_short_circuit_operator.py
[2025-01-28T10:42:04.676+0000] {processor.py:925} INFO - DAG(s) 'example_short_circuit_operator' retrieved from /mnt/c/Users/Admin/Desktop/ud_data/Dataslush_umang/airflow/airflow_venv/lib/python3.12/site-packages/airflow/example_dags/example_short_circuit_operator.py
[2025-01-28T10:42:04.704+0000] {logging_mixin.py:190} INFO - [2025-01-28T10:42:04.702+0000] {dag.py:3239} INFO - Sync 1 DAGs
[2025-01-28T10:42:04.718+0000] {logging_mixin.py:190} INFO - [2025-01-28T10:42:04.716+0000] {dag.py:4180} INFO - Setting next_dagrun for example_short_circuit_operator to None, run_after=None
[2025-01-28T10:42:04.757+0000] {processor.py:208} INFO - Processing /mnt/c/Users/Admin/Desktop/ud_data/Dataslush_umang/airflow/airflow_venv/lib/python3.12/site-packages/airflow/example_dags/example_short_circuit_operator.py took 0.197 seconds
[2025-01-28T10:45:01.042+0000] {processor.py:186} INFO - Started process (PID=17862) to work on /mnt/c/Users/Admin/Desktop/ud_data/Dataslush_umang/airflow/airflow_venv/lib/python3.12/site-packages/airflow/example_dags/example_short_circuit_operator.py
[2025-01-28T10:45:01.124+0000] {processor.py:914} INFO - Processing file /mnt/c/Users/Admin/Desktop/ud_data/Dataslush_umang/airflow/airflow_venv/lib/python3.12/site-packages/airflow/example_dags/example_short_circuit_operator.py for tasks to queue
[2025-01-28T10:45:01.136+0000] {logging_mixin.py:190} INFO - [2025-01-28T10:45:01.133+0000] {dagbag.py:588} INFO - Filling up the DagBag from /mnt/c/Users/Admin/Desktop/ud_data/Dataslush_umang/airflow/airflow_venv/lib/python3.12/site-packages/airflow/example_dags/example_short_circuit_operator.py
[2025-01-28T10:45:01.259+0000] {processor.py:925} INFO - DAG(s) 'example_short_circuit_operator' retrieved from /mnt/c/Users/Admin/Desktop/ud_data/Dataslush_umang/airflow/airflow_venv/lib/python3.12/site-packages/airflow/example_dags/example_short_circuit_operator.py
[2025-01-28T10:45:01.294+0000] {logging_mixin.py:190} INFO - [2025-01-28T10:45:01.291+0000] {dag.py:3239} INFO - Sync 1 DAGs
[2025-01-28T10:45:01.311+0000] {logging_mixin.py:190} INFO - [2025-01-28T10:45:01.309+0000] {dag.py:4180} INFO - Setting next_dagrun for example_short_circuit_operator to None, run_after=None
[2025-01-28T10:45:04.742+0000] {processor.py:208} INFO - Processing /mnt/c/Users/Admin/Desktop/ud_data/Dataslush_umang/airflow/airflow_venv/lib/python3.12/site-packages/airflow/example_dags/example_short_circuit_operator.py took 3.729 seconds
[2025-01-28T10:47:56.782+0000] {processor.py:186} INFO - Started process (PID=17993) to work on /mnt/c/Users/Admin/Desktop/ud_data/Dataslush_umang/airflow/airflow_venv/lib/python3.12/site-packages/airflow/example_dags/example_short_circuit_operator.py
[2025-01-28T10:47:56.880+0000] {processor.py:914} INFO - Processing file /mnt/c/Users/Admin/Desktop/ud_data/Dataslush_umang/airflow/airflow_venv/lib/python3.12/site-packages/airflow/example_dags/example_short_circuit_operator.py for tasks to queue
[2025-01-28T10:47:56.888+0000] {logging_mixin.py:190} INFO - [2025-01-28T10:47:56.886+0000] {dagbag.py:588} INFO - Filling up the DagBag from /mnt/c/Users/Admin/Desktop/ud_data/Dataslush_umang/airflow/airflow_venv/lib/python3.12/site-packages/airflow/example_dags/example_short_circuit_operator.py
[2025-01-28T10:47:57.008+0000] {processor.py:925} INFO - DAG(s) 'example_short_circuit_operator' retrieved from /mnt/c/Users/Admin/Desktop/ud_data/Dataslush_umang/airflow/airflow_venv/lib/python3.12/site-packages/airflow/example_dags/example_short_circuit_operator.py
[2025-01-28T10:47:26.972+0000] {logging_mixin.py:190} INFO - [2025-01-28T10:47:26.971+0000] {dag.py:3239} INFO - Sync 1 DAGs
[2025-01-28T10:47:26.997+0000] {logging_mixin.py:190} INFO - [2025-01-28T10:47:26.995+0000] {dag.py:4180} INFO - Setting next_dagrun for example_short_circuit_operator to None, run_after=None
[2025-01-28T10:47:27.767+0000] {processor.py:208} INFO - Processing /mnt/c/Users/Admin/Desktop/ud_data/Dataslush_umang/airflow/airflow_venv/lib/python3.12/site-packages/airflow/example_dags/example_short_circuit_operator.py took 1.095 seconds
[2025-01-28T10:48:51.015+0000] {processor.py:186} INFO - Started process (PID=18176) to work on /mnt/c/Users/Admin/Desktop/ud_data/Dataslush_umang/airflow/airflow_venv/lib/python3.12/site-packages/airflow/example_dags/example_short_circuit_operator.py
[2025-01-28T10:48:51.018+0000] {processor.py:914} INFO - Processing file /mnt/c/Users/Admin/Desktop/ud_data/Dataslush_umang/airflow/airflow_venv/lib/python3.12/site-packages/airflow/example_dags/example_short_circuit_operator.py for tasks to queue
[2025-01-28T10:48:51.024+0000] {logging_mixin.py:190} INFO - [2025-01-28T10:48:51.022+0000] {dagbag.py:588} INFO - Filling up the DagBag from /mnt/c/Users/Admin/Desktop/ud_data/Dataslush_umang/airflow/airflow_venv/lib/python3.12/site-packages/airflow/example_dags/example_short_circuit_operator.py
[2025-01-28T10:48:51.158+0000] {processor.py:925} INFO - DAG(s) 'example_short_circuit_operator' retrieved from /mnt/c/Users/Admin/Desktop/ud_data/Dataslush_umang/airflow/airflow_venv/lib/python3.12/site-packages/airflow/example_dags/example_short_circuit_operator.py
[2025-01-28T10:48:51.195+0000] {logging_mixin.py:190} INFO - [2025-01-28T10:48:51.193+0000] {dag.py:3239} INFO - Sync 1 DAGs
[2025-01-28T10:48:51.219+0000] {logging_mixin.py:190} INFO - [2025-01-28T10:48:51.218+0000] {dag.py:4180} INFO - Setting next_dagrun for example_short_circuit_operator to None, run_after=None
[2025-01-28T10:48:51.265+0000] {processor.py:208} INFO - Processing /mnt/c/Users/Admin/Desktop/ud_data/Dataslush_umang/airflow/airflow_venv/lib/python3.12/site-packages/airflow/example_dags/example_short_circuit_operator.py took 0.279 seconds
[2025-01-28T10:50:29.011+0000] {processor.py:186} INFO - Started process (PID=18297) to work on /mnt/c/Users/Admin/Desktop/ud_data/Dataslush_umang/airflow/airflow_venv/lib/python3.12/site-packages/airflow/example_dags/example_short_circuit_operator.py
[2025-01-28T10:50:29.014+0000] {processor.py:914} INFO - Processing file /mnt/c/Users/Admin/Desktop/ud_data/Dataslush_umang/airflow/airflow_venv/lib/python3.12/site-packages/airflow/example_dags/example_short_circuit_operator.py for tasks to queue
[2025-01-28T10:50:29.021+0000] {logging_mixin.py:190} INFO - [2025-01-28T10:50:29.019+0000] {dagbag.py:588} INFO - Filling up the DagBag from /mnt/c/Users/Admin/Desktop/ud_data/Dataslush_umang/airflow/airflow_venv/lib/python3.12/site-packages/airflow/example_dags/example_short_circuit_operator.py
[2025-01-28T10:50:29.145+0000] {processor.py:925} INFO - DAG(s) 'example_short_circuit_operator' retrieved from /mnt/c/Users/Admin/Desktop/ud_data/Dataslush_umang/airflow/airflow_venv/lib/python3.12/site-packages/airflow/example_dags/example_short_circuit_operator.py
[2025-01-28T10:50:29.183+0000] {logging_mixin.py:190} INFO - [2025-01-28T10:50:29.181+0000] {dag.py:3239} INFO - Sync 1 DAGs
[2025-01-28T10:50:29.204+0000] {logging_mixin.py:190} INFO - [2025-01-28T10:50:29.201+0000] {dag.py:4180} INFO - Setting next_dagrun for example_short_circuit_operator to None, run_after=None
[2025-01-28T10:50:29.250+0000] {processor.py:208} INFO - Processing /mnt/c/Users/Admin/Desktop/ud_data/Dataslush_umang/airflow/airflow_venv/lib/python3.12/site-packages/airflow/example_dags/example_short_circuit_operator.py took 0.271 seconds
[2025-01-28T10:51:48.283+0000] {processor.py:186} INFO - Started process (PID=18562) to work on /mnt/c/Users/Admin/Desktop/ud_data/Dataslush_umang/airflow/airflow_venv/lib/python3.12/site-packages/airflow/example_dags/example_short_circuit_operator.py
[2025-01-28T10:51:48.286+0000] {processor.py:914} INFO - Processing file /mnt/c/Users/Admin/Desktop/ud_data/Dataslush_umang/airflow/airflow_venv/lib/python3.12/site-packages/airflow/example_dags/example_short_circuit_operator.py for tasks to queue
[2025-01-28T10:51:48.291+0000] {logging_mixin.py:190} INFO - [2025-01-28T10:51:48.289+0000] {dagbag.py:588} INFO - Filling up the DagBag from /mnt/c/Users/Admin/Desktop/ud_data/Dataslush_umang/airflow/airflow_venv/lib/python3.12/site-packages/airflow/example_dags/example_short_circuit_operator.py
[2025-01-28T10:51:48.397+0000] {processor.py:925} INFO - DAG(s) 'example_short_circuit_operator' retrieved from /mnt/c/Users/Admin/Desktop/ud_data/Dataslush_umang/airflow/airflow_venv/lib/python3.12/site-packages/airflow/example_dags/example_short_circuit_operator.py
[2025-01-28T10:51:48.431+0000] {logging_mixin.py:190} INFO - [2025-01-28T10:51:48.429+0000] {dag.py:3239} INFO - Sync 1 DAGs
[2025-01-28T10:51:48.453+0000] {logging_mixin.py:190} INFO - [2025-01-28T10:51:48.451+0000] {dag.py:4180} INFO - Setting next_dagrun for example_short_circuit_operator to None, run_after=None
[2025-01-28T10:51:48.503+0000] {processor.py:208} INFO - Processing /mnt/c/Users/Admin/Desktop/ud_data/Dataslush_umang/airflow/airflow_venv/lib/python3.12/site-packages/airflow/example_dags/example_short_circuit_operator.py took 0.249 seconds
[2025-01-28T10:52:56.663+0000] {processor.py:186} INFO - Started process (PID=18678) to work on /mnt/c/Users/Admin/Desktop/ud_data/Dataslush_umang/airflow/airflow_venv/lib/python3.12/site-packages/airflow/example_dags/example_short_circuit_operator.py
[2025-01-28T10:52:56.665+0000] {processor.py:914} INFO - Processing file /mnt/c/Users/Admin/Desktop/ud_data/Dataslush_umang/airflow/airflow_venv/lib/python3.12/site-packages/airflow/example_dags/example_short_circuit_operator.py for tasks to queue
[2025-01-28T10:52:56.671+0000] {logging_mixin.py:190} INFO - [2025-01-28T10:52:56.669+0000] {dagbag.py:588} INFO - Filling up the DagBag from /mnt/c/Users/Admin/Desktop/ud_data/Dataslush_umang/airflow/airflow_venv/lib/python3.12/site-packages/airflow/example_dags/example_short_circuit_operator.py
[2025-01-28T10:52:56.787+0000] {processor.py:925} INFO - DAG(s) 'example_short_circuit_operator' retrieved from /mnt/c/Users/Admin/Desktop/ud_data/Dataslush_umang/airflow/airflow_venv/lib/python3.12/site-packages/airflow/example_dags/example_short_circuit_operator.py
[2025-01-28T10:52:56.816+0000] {logging_mixin.py:190} INFO - [2025-01-28T10:52:56.814+0000] {dag.py:3239} INFO - Sync 1 DAGs
[2025-01-28T10:52:56.832+0000] {logging_mixin.py:190} INFO - [2025-01-28T10:52:56.830+0000] {dag.py:4180} INFO - Setting next_dagrun for example_short_circuit_operator to None, run_after=None
[2025-01-28T10:52:56.870+0000] {processor.py:208} INFO - Processing /mnt/c/Users/Admin/Desktop/ud_data/Dataslush_umang/airflow/airflow_venv/lib/python3.12/site-packages/airflow/example_dags/example_short_circuit_operator.py took 0.230 seconds
[2025-01-28T10:54:44.844+0000] {processor.py:186} INFO - Started process (PID=18826) to work on /mnt/c/Users/Admin/Desktop/ud_data/Dataslush_umang/airflow/airflow_venv/lib/python3.12/site-packages/airflow/example_dags/example_short_circuit_operator.py
[2025-01-28T10:54:44.847+0000] {processor.py:914} INFO - Processing file /mnt/c/Users/Admin/Desktop/ud_data/Dataslush_umang/airflow/airflow_venv/lib/python3.12/site-packages/airflow/example_dags/example_short_circuit_operator.py for tasks to queue
[2025-01-28T10:54:44.854+0000] {logging_mixin.py:190} INFO - [2025-01-28T10:54:44.851+0000] {dagbag.py:588} INFO - Filling up the DagBag from /mnt/c/Users/Admin/Desktop/ud_data/Dataslush_umang/airflow/airflow_venv/lib/python3.12/site-packages/airflow/example_dags/example_short_circuit_operator.py
[2025-01-28T10:54:44.957+0000] {processor.py:925} INFO - DAG(s) 'example_short_circuit_operator' retrieved from /mnt/c/Users/Admin/Desktop/ud_data/Dataslush_umang/airflow/airflow_venv/lib/python3.12/site-packages/airflow/example_dags/example_short_circuit_operator.py
[2025-01-28T10:54:44.990+0000] {logging_mixin.py:190} INFO - [2025-01-28T10:54:44.989+0000] {dag.py:3239} INFO - Sync 1 DAGs
[2025-01-28T10:54:45.013+0000] {logging_mixin.py:190} INFO - [2025-01-28T10:54:45.012+0000] {dag.py:4180} INFO - Setting next_dagrun for example_short_circuit_operator to None, run_after=None
[2025-01-28T10:54:45.189+0000] {processor.py:208} INFO - Processing /mnt/c/Users/Admin/Desktop/ud_data/Dataslush_umang/airflow/airflow_venv/lib/python3.12/site-packages/airflow/example_dags/example_short_circuit_operator.py took 0.373 seconds
[2025-01-28T10:56:12.039+0000] {processor.py:186} INFO - Started process (PID=19008) to work on /mnt/c/Users/Admin/Desktop/ud_data/Dataslush_umang/airflow/airflow_venv/lib/python3.12/site-packages/airflow/example_dags/example_short_circuit_operator.py
[2025-01-28T10:56:12.042+0000] {processor.py:914} INFO - Processing file /mnt/c/Users/Admin/Desktop/ud_data/Dataslush_umang/airflow/airflow_venv/lib/python3.12/site-packages/airflow/example_dags/example_short_circuit_operator.py for tasks to queue
[2025-01-28T10:56:12.047+0000] {logging_mixin.py:190} INFO - [2025-01-28T10:56:12.046+0000] {dagbag.py:588} INFO - Filling up the DagBag from /mnt/c/Users/Admin/Desktop/ud_data/Dataslush_umang/airflow/airflow_venv/lib/python3.12/site-packages/airflow/example_dags/example_short_circuit_operator.py
[2025-01-28T10:56:12.132+0000] {processor.py:925} INFO - DAG(s) 'example_short_circuit_operator' retrieved from /mnt/c/Users/Admin/Desktop/ud_data/Dataslush_umang/airflow/airflow_venv/lib/python3.12/site-packages/airflow/example_dags/example_short_circuit_operator.py
[2025-01-28T10:56:12.165+0000] {logging_mixin.py:190} INFO - [2025-01-28T10:56:12.163+0000] {dag.py:3239} INFO - Sync 1 DAGs
[2025-01-28T10:56:12.188+0000] {logging_mixin.py:190} INFO - [2025-01-28T10:56:12.187+0000] {dag.py:4180} INFO - Setting next_dagrun for example_short_circuit_operator to None, run_after=None
[2025-01-28T10:56:12.228+0000] {processor.py:208} INFO - Processing /mnt/c/Users/Admin/Desktop/ud_data/Dataslush_umang/airflow/airflow_venv/lib/python3.12/site-packages/airflow/example_dags/example_short_circuit_operator.py took 0.211 seconds
[2025-01-28T10:57:11.292+0000] {processor.py:186} INFO - Started process (PID=19132) to work on /mnt/c/Users/Admin/Desktop/ud_data/Dataslush_umang/airflow/airflow_venv/lib/python3.12/site-packages/airflow/example_dags/example_short_circuit_operator.py
[2025-01-28T10:57:11.295+0000] {processor.py:914} INFO - Processing file /mnt/c/Users/Admin/Desktop/ud_data/Dataslush_umang/airflow/airflow_venv/lib/python3.12/site-packages/airflow/example_dags/example_short_circuit_operator.py for tasks to queue
[2025-01-28T10:57:11.302+0000] {logging_mixin.py:190} INFO - [2025-01-28T10:57:11.300+0000] {dagbag.py:588} INFO - Filling up the DagBag from /mnt/c/Users/Admin/Desktop/ud_data/Dataslush_umang/airflow/airflow_venv/lib/python3.12/site-packages/airflow/example_dags/example_short_circuit_operator.py
[2025-01-28T10:57:11.430+0000] {processor.py:925} INFO - DAG(s) 'example_short_circuit_operator' retrieved from /mnt/c/Users/Admin/Desktop/ud_data/Dataslush_umang/airflow/airflow_venv/lib/python3.12/site-packages/airflow/example_dags/example_short_circuit_operator.py
[2025-01-28T10:57:11.469+0000] {logging_mixin.py:190} INFO - [2025-01-28T10:57:11.467+0000] {dag.py:3239} INFO - Sync 1 DAGs
[2025-01-28T10:57:11.494+0000] {logging_mixin.py:190} INFO - [2025-01-28T10:57:11.492+0000] {dag.py:4180} INFO - Setting next_dagrun for example_short_circuit_operator to None, run_after=None
[2025-01-28T10:57:11.642+0000] {processor.py:208} INFO - Processing /mnt/c/Users/Admin/Desktop/ud_data/Dataslush_umang/airflow/airflow_venv/lib/python3.12/site-packages/airflow/example_dags/example_short_circuit_operator.py took 0.380 seconds
[2025-01-28T10:58:34.029+0000] {processor.py:186} INFO - Started process (PID=19291) to work on /mnt/c/Users/Admin/Desktop/ud_data/Dataslush_umang/airflow/airflow_venv/lib/python3.12/site-packages/airflow/example_dags/example_short_circuit_operator.py
[2025-01-28T10:58:34.056+0000] {processor.py:914} INFO - Processing file /mnt/c/Users/Admin/Desktop/ud_data/Dataslush_umang/airflow/airflow_venv/lib/python3.12/site-packages/airflow/example_dags/example_short_circuit_operator.py for tasks to queue
[2025-01-28T10:58:34.083+0000] {logging_mixin.py:190} INFO - [2025-01-28T10:58:34.064+0000] {dagbag.py:588} INFO - Filling up the DagBag from /mnt/c/Users/Admin/Desktop/ud_data/Dataslush_umang/airflow/airflow_venv/lib/python3.12/site-packages/airflow/example_dags/example_short_circuit_operator.py
[2025-01-28T10:58:34.243+0000] {processor.py:925} INFO - DAG(s) 'example_short_circuit_operator' retrieved from /mnt/c/Users/Admin/Desktop/ud_data/Dataslush_umang/airflow/airflow_venv/lib/python3.12/site-packages/airflow/example_dags/example_short_circuit_operator.py
[2025-01-28T10:58:34.299+0000] {logging_mixin.py:190} INFO - [2025-01-28T10:58:34.289+0000] {dag.py:3239} INFO - Sync 1 DAGs
[2025-01-28T10:58:34.356+0000] {logging_mixin.py:190} INFO - [2025-01-28T10:58:34.354+0000] {dag.py:4180} INFO - Setting next_dagrun for example_short_circuit_operator to None, run_after=None
[2025-01-28T10:58:34.541+0000] {processor.py:208} INFO - Processing /mnt/c/Users/Admin/Desktop/ud_data/Dataslush_umang/airflow/airflow_venv/lib/python3.12/site-packages/airflow/example_dags/example_short_circuit_operator.py took 0.544 seconds
[2025-01-28T11:00:10.378+0000] {processor.py:186} INFO - Started process (PID=19469) to work on /mnt/c/Users/Admin/Desktop/ud_data/Dataslush_umang/airflow/airflow_venv/lib/python3.12/site-packages/airflow/example_dags/example_short_circuit_operator.py
[2025-01-28T11:00:10.381+0000] {processor.py:914} INFO - Processing file /mnt/c/Users/Admin/Desktop/ud_data/Dataslush_umang/airflow/airflow_venv/lib/python3.12/site-packages/airflow/example_dags/example_short_circuit_operator.py for tasks to queue
[2025-01-28T11:00:10.385+0000] {logging_mixin.py:190} INFO - [2025-01-28T11:00:10.383+0000] {dagbag.py:588} INFO - Filling up the DagBag from /mnt/c/Users/Admin/Desktop/ud_data/Dataslush_umang/airflow/airflow_venv/lib/python3.12/site-packages/airflow/example_dags/example_short_circuit_operator.py
[2025-01-28T11:00:10.510+0000] {processor.py:925} INFO - DAG(s) 'example_short_circuit_operator' retrieved from /mnt/c/Users/Admin/Desktop/ud_data/Dataslush_umang/airflow/airflow_venv/lib/python3.12/site-packages/airflow/example_dags/example_short_circuit_operator.py
[2025-01-28T11:00:10.547+0000] {logging_mixin.py:190} INFO - [2025-01-28T11:00:10.546+0000] {dag.py:3239} INFO - Sync 1 DAGs
[2025-01-28T11:00:10.566+0000] {logging_mixin.py:190} INFO - [2025-01-28T11:00:10.565+0000] {dag.py:4180} INFO - Setting next_dagrun for example_short_circuit_operator to None, run_after=None
[2025-01-28T11:00:10.607+0000] {processor.py:208} INFO - Processing /mnt/c/Users/Admin/Desktop/ud_data/Dataslush_umang/airflow/airflow_venv/lib/python3.12/site-packages/airflow/example_dags/example_short_circuit_operator.py took 0.255 seconds
[2025-01-28T11:02:58.501+0000] {processor.py:186} INFO - Started process (PID=19632) to work on /mnt/c/Users/Admin/Desktop/ud_data/Dataslush_umang/airflow/airflow_venv/lib/python3.12/site-packages/airflow/example_dags/example_short_circuit_operator.py
[2025-01-28T11:02:58.504+0000] {processor.py:914} INFO - Processing file /mnt/c/Users/Admin/Desktop/ud_data/Dataslush_umang/airflow/airflow_venv/lib/python3.12/site-packages/airflow/example_dags/example_short_circuit_operator.py for tasks to queue
[2025-01-28T11:02:58.510+0000] {logging_mixin.py:190} INFO - [2025-01-28T11:02:58.508+0000] {dagbag.py:588} INFO - Filling up the DagBag from /mnt/c/Users/Admin/Desktop/ud_data/Dataslush_umang/airflow/airflow_venv/lib/python3.12/site-packages/airflow/example_dags/example_short_circuit_operator.py
[2025-01-28T11:02:28.540+0000] {processor.py:925} INFO - DAG(s) 'example_short_circuit_operator' retrieved from /mnt/c/Users/Admin/Desktop/ud_data/Dataslush_umang/airflow/airflow_venv/lib/python3.12/site-packages/airflow/example_dags/example_short_circuit_operator.py
[2025-01-28T11:02:28.586+0000] {logging_mixin.py:190} INFO - [2025-01-28T11:02:28.585+0000] {dag.py:3239} INFO - Sync 1 DAGs
[2025-01-28T11:02:28.604+0000] {logging_mixin.py:190} INFO - [2025-01-28T11:02:28.602+0000] {dag.py:4180} INFO - Setting next_dagrun for example_short_circuit_operator to None, run_after=None
[2025-01-28T11:02:28.658+0000] {processor.py:208} INFO - Processing /mnt/c/Users/Admin/Desktop/ud_data/Dataslush_umang/airflow/airflow_venv/lib/python3.12/site-packages/airflow/example_dags/example_short_circuit_operator.py took 0.256 seconds
[2025-01-28T11:04:28.468+0000] {processor.py:186} INFO - Started process (PID=19850) to work on /mnt/c/Users/Admin/Desktop/ud_data/Dataslush_umang/airflow/airflow_venv/lib/python3.12/site-packages/airflow/example_dags/example_short_circuit_operator.py
[2025-01-28T11:04:28.471+0000] {processor.py:914} INFO - Processing file /mnt/c/Users/Admin/Desktop/ud_data/Dataslush_umang/airflow/airflow_venv/lib/python3.12/site-packages/airflow/example_dags/example_short_circuit_operator.py for tasks to queue
[2025-01-28T11:04:28.478+0000] {logging_mixin.py:190} INFO - [2025-01-28T11:04:28.475+0000] {dagbag.py:588} INFO - Filling up the DagBag from /mnt/c/Users/Admin/Desktop/ud_data/Dataslush_umang/airflow/airflow_venv/lib/python3.12/site-packages/airflow/example_dags/example_short_circuit_operator.py
[2025-01-28T11:04:28.605+0000] {processor.py:925} INFO - DAG(s) 'example_short_circuit_operator' retrieved from /mnt/c/Users/Admin/Desktop/ud_data/Dataslush_umang/airflow/airflow_venv/lib/python3.12/site-packages/airflow/example_dags/example_short_circuit_operator.py
[2025-01-28T11:04:28.643+0000] {logging_mixin.py:190} INFO - [2025-01-28T11:04:28.641+0000] {dag.py:3239} INFO - Sync 1 DAGs
[2025-01-28T11:04:28.663+0000] {logging_mixin.py:190} INFO - [2025-01-28T11:04:28.661+0000] {dag.py:4180} INFO - Setting next_dagrun for example_short_circuit_operator to None, run_after=None
[2025-01-28T11:03:58.767+0000] {processor.py:208} INFO - Processing /mnt/c/Users/Admin/Desktop/ud_data/Dataslush_umang/airflow/airflow_venv/lib/python3.12/site-packages/airflow/example_dags/example_short_circuit_operator.py took 0.396 seconds
[2025-01-28T11:05:32.559+0000] {processor.py:186} INFO - Started process (PID=19982) to work on /mnt/c/Users/Admin/Desktop/ud_data/Dataslush_umang/airflow/airflow_venv/lib/python3.12/site-packages/airflow/example_dags/example_short_circuit_operator.py
[2025-01-28T11:05:32.561+0000] {processor.py:914} INFO - Processing file /mnt/c/Users/Admin/Desktop/ud_data/Dataslush_umang/airflow/airflow_venv/lib/python3.12/site-packages/airflow/example_dags/example_short_circuit_operator.py for tasks to queue
[2025-01-28T11:05:32.566+0000] {logging_mixin.py:190} INFO - [2025-01-28T11:05:32.564+0000] {dagbag.py:588} INFO - Filling up the DagBag from /mnt/c/Users/Admin/Desktop/ud_data/Dataslush_umang/airflow/airflow_venv/lib/python3.12/site-packages/airflow/example_dags/example_short_circuit_operator.py
[2025-01-28T11:05:32.656+0000] {processor.py:925} INFO - DAG(s) 'example_short_circuit_operator' retrieved from /mnt/c/Users/Admin/Desktop/ud_data/Dataslush_umang/airflow/airflow_venv/lib/python3.12/site-packages/airflow/example_dags/example_short_circuit_operator.py
[2025-01-28T11:05:32.689+0000] {logging_mixin.py:190} INFO - [2025-01-28T11:05:32.687+0000] {dag.py:3239} INFO - Sync 1 DAGs
[2025-01-28T11:05:32.705+0000] {logging_mixin.py:190} INFO - [2025-01-28T11:05:32.704+0000] {dag.py:4180} INFO - Setting next_dagrun for example_short_circuit_operator to None, run_after=None
[2025-01-28T11:05:32.751+0000] {processor.py:208} INFO - Processing /mnt/c/Users/Admin/Desktop/ud_data/Dataslush_umang/airflow/airflow_venv/lib/python3.12/site-packages/airflow/example_dags/example_short_circuit_operator.py took 0.212 seconds
[2025-01-28T11:06:39.505+0000] {processor.py:186} INFO - Started process (PID=20039) to work on /mnt/c/Users/Admin/Desktop/ud_data/Dataslush_umang/airflow/airflow_venv/lib/python3.12/site-packages/airflow/example_dags/example_short_circuit_operator.py
[2025-01-28T11:06:39.842+0000] {processor.py:914} INFO - Processing file /mnt/c/Users/Admin/Desktop/ud_data/Dataslush_umang/airflow/airflow_venv/lib/python3.12/site-packages/airflow/example_dags/example_short_circuit_operator.py for tasks to queue
[2025-01-28T11:06:39.847+0000] {logging_mixin.py:190} INFO - [2025-01-28T11:06:39.845+0000] {dagbag.py:588} INFO - Filling up the DagBag from /mnt/c/Users/Admin/Desktop/ud_data/Dataslush_umang/airflow/airflow_venv/lib/python3.12/site-packages/airflow/example_dags/example_short_circuit_operator.py
[2025-01-28T11:06:39.988+0000] {processor.py:925} INFO - DAG(s) 'example_short_circuit_operator' retrieved from /mnt/c/Users/Admin/Desktop/ud_data/Dataslush_umang/airflow/airflow_venv/lib/python3.12/site-packages/airflow/example_dags/example_short_circuit_operator.py
[2025-01-28T11:06:40.023+0000] {logging_mixin.py:190} INFO - [2025-01-28T11:06:40.021+0000] {dag.py:3239} INFO - Sync 1 DAGs
[2025-01-28T11:06:40.042+0000] {logging_mixin.py:190} INFO - [2025-01-28T11:06:40.040+0000] {dag.py:4180} INFO - Setting next_dagrun for example_short_circuit_operator to None, run_after=None
[2025-01-28T11:06:40.727+0000] {processor.py:208} INFO - Processing /mnt/c/Users/Admin/Desktop/ud_data/Dataslush_umang/airflow/airflow_venv/lib/python3.12/site-packages/airflow/example_dags/example_short_circuit_operator.py took 1.248 seconds
[2025-01-28T11:07:44.648+0000] {processor.py:186} INFO - Started process (PID=20143) to work on /mnt/c/Users/Admin/Desktop/ud_data/Dataslush_umang/airflow/airflow_venv/lib/python3.12/site-packages/airflow/example_dags/example_short_circuit_operator.py
[2025-01-28T11:07:44.762+0000] {processor.py:914} INFO - Processing file /mnt/c/Users/Admin/Desktop/ud_data/Dataslush_umang/airflow/airflow_venv/lib/python3.12/site-packages/airflow/example_dags/example_short_circuit_operator.py for tasks to queue
[2025-01-28T11:07:44.767+0000] {logging_mixin.py:190} INFO - [2025-01-28T11:07:44.766+0000] {dagbag.py:588} INFO - Filling up the DagBag from /mnt/c/Users/Admin/Desktop/ud_data/Dataslush_umang/airflow/airflow_venv/lib/python3.12/site-packages/airflow/example_dags/example_short_circuit_operator.py
[2025-01-28T11:07:44.851+0000] {processor.py:925} INFO - DAG(s) 'example_short_circuit_operator' retrieved from /mnt/c/Users/Admin/Desktop/ud_data/Dataslush_umang/airflow/airflow_venv/lib/python3.12/site-packages/airflow/example_dags/example_short_circuit_operator.py
[2025-01-28T11:07:44.885+0000] {logging_mixin.py:190} INFO - [2025-01-28T11:07:44.884+0000] {dag.py:3239} INFO - Sync 1 DAGs
[2025-01-28T11:07:44.916+0000] {logging_mixin.py:190} INFO - [2025-01-28T11:07:44.915+0000] {dag.py:4180} INFO - Setting next_dagrun for example_short_circuit_operator to None, run_after=None
[2025-01-28T11:07:45.098+0000] {processor.py:208} INFO - Processing /mnt/c/Users/Admin/Desktop/ud_data/Dataslush_umang/airflow/airflow_venv/lib/python3.12/site-packages/airflow/example_dags/example_short_circuit_operator.py took 0.480 seconds
[2025-01-28T11:09:17.757+0000] {processor.py:186} INFO - Started process (PID=20286) to work on /mnt/c/Users/Admin/Desktop/ud_data/Dataslush_umang/airflow/airflow_venv/lib/python3.12/site-packages/airflow/example_dags/example_short_circuit_operator.py
[2025-01-28T11:09:17.760+0000] {processor.py:914} INFO - Processing file /mnt/c/Users/Admin/Desktop/ud_data/Dataslush_umang/airflow/airflow_venv/lib/python3.12/site-packages/airflow/example_dags/example_short_circuit_operator.py for tasks to queue
[2025-01-28T11:09:17.768+0000] {logging_mixin.py:190} INFO - [2025-01-28T11:09:17.766+0000] {dagbag.py:588} INFO - Filling up the DagBag from /mnt/c/Users/Admin/Desktop/ud_data/Dataslush_umang/airflow/airflow_venv/lib/python3.12/site-packages/airflow/example_dags/example_short_circuit_operator.py
[2025-01-28T11:09:17.886+0000] {processor.py:925} INFO - DAG(s) 'example_short_circuit_operator' retrieved from /mnt/c/Users/Admin/Desktop/ud_data/Dataslush_umang/airflow/airflow_venv/lib/python3.12/site-packages/airflow/example_dags/example_short_circuit_operator.py
[2025-01-28T11:09:17.923+0000] {logging_mixin.py:190} INFO - [2025-01-28T11:09:17.921+0000] {dag.py:3239} INFO - Sync 1 DAGs
[2025-01-28T11:09:17.945+0000] {logging_mixin.py:190} INFO - [2025-01-28T11:09:17.943+0000] {dag.py:4180} INFO - Setting next_dagrun for example_short_circuit_operator to None, run_after=None
[2025-01-28T11:09:18.024+0000] {processor.py:208} INFO - Processing /mnt/c/Users/Admin/Desktop/ud_data/Dataslush_umang/airflow/airflow_venv/lib/python3.12/site-packages/airflow/example_dags/example_short_circuit_operator.py took 0.292 seconds
[2025-01-28T11:10:20.357+0000] {processor.py:186} INFO - Started process (PID=20431) to work on /mnt/c/Users/Admin/Desktop/ud_data/Dataslush_umang/airflow/airflow_venv/lib/python3.12/site-packages/airflow/example_dags/example_short_circuit_operator.py
[2025-01-28T11:10:20.428+0000] {processor.py:914} INFO - Processing file /mnt/c/Users/Admin/Desktop/ud_data/Dataslush_umang/airflow/airflow_venv/lib/python3.12/site-packages/airflow/example_dags/example_short_circuit_operator.py for tasks to queue
[2025-01-28T11:10:20.434+0000] {logging_mixin.py:190} INFO - [2025-01-28T11:10:20.432+0000] {dagbag.py:588} INFO - Filling up the DagBag from /mnt/c/Users/Admin/Desktop/ud_data/Dataslush_umang/airflow/airflow_venv/lib/python3.12/site-packages/airflow/example_dags/example_short_circuit_operator.py
[2025-01-28T11:10:20.557+0000] {processor.py:925} INFO - DAG(s) 'example_short_circuit_operator' retrieved from /mnt/c/Users/Admin/Desktop/ud_data/Dataslush_umang/airflow/airflow_venv/lib/python3.12/site-packages/airflow/example_dags/example_short_circuit_operator.py
[2025-01-28T11:10:20.604+0000] {logging_mixin.py:190} INFO - [2025-01-28T11:10:20.602+0000] {dag.py:3239} INFO - Sync 1 DAGs
[2025-01-28T11:10:20.637+0000] {logging_mixin.py:190} INFO - [2025-01-28T11:10:20.635+0000] {dag.py:4180} INFO - Setting next_dagrun for example_short_circuit_operator to None, run_after=None
[2025-01-28T11:10:20.930+0000] {processor.py:208} INFO - Processing /mnt/c/Users/Admin/Desktop/ud_data/Dataslush_umang/airflow/airflow_venv/lib/python3.12/site-packages/airflow/example_dags/example_short_circuit_operator.py took 0.603 seconds
[2025-01-28T11:11:38.335+0000] {processor.py:186} INFO - Started process (PID=20543) to work on /mnt/c/Users/Admin/Desktop/ud_data/Dataslush_umang/airflow/airflow_venv/lib/python3.12/site-packages/airflow/example_dags/example_short_circuit_operator.py
[2025-01-28T11:11:38.338+0000] {processor.py:914} INFO - Processing file /mnt/c/Users/Admin/Desktop/ud_data/Dataslush_umang/airflow/airflow_venv/lib/python3.12/site-packages/airflow/example_dags/example_short_circuit_operator.py for tasks to queue
[2025-01-28T11:11:38.343+0000] {logging_mixin.py:190} INFO - [2025-01-28T11:11:38.341+0000] {dagbag.py:588} INFO - Filling up the DagBag from /mnt/c/Users/Admin/Desktop/ud_data/Dataslush_umang/airflow/airflow_venv/lib/python3.12/site-packages/airflow/example_dags/example_short_circuit_operator.py
[2025-01-28T11:11:38.461+0000] {processor.py:925} INFO - DAG(s) 'example_short_circuit_operator' retrieved from /mnt/c/Users/Admin/Desktop/ud_data/Dataslush_umang/airflow/airflow_venv/lib/python3.12/site-packages/airflow/example_dags/example_short_circuit_operator.py
[2025-01-28T11:11:38.496+0000] {logging_mixin.py:190} INFO - [2025-01-28T11:11:38.495+0000] {dag.py:3239} INFO - Sync 1 DAGs
[2025-01-28T11:11:38.518+0000] {logging_mixin.py:190} INFO - [2025-01-28T11:11:38.516+0000] {dag.py:4180} INFO - Setting next_dagrun for example_short_circuit_operator to None, run_after=None
[2025-01-28T11:11:38.567+0000] {processor.py:208} INFO - Processing /mnt/c/Users/Admin/Desktop/ud_data/Dataslush_umang/airflow/airflow_venv/lib/python3.12/site-packages/airflow/example_dags/example_short_circuit_operator.py took 0.260 seconds
[2025-01-28T11:13:17.822+0000] {processor.py:186} INFO - Started process (PID=20658) to work on /mnt/c/Users/Admin/Desktop/ud_data/Dataslush_umang/airflow/airflow_venv/lib/python3.12/site-packages/airflow/example_dags/example_short_circuit_operator.py
[2025-01-28T11:13:17.825+0000] {processor.py:914} INFO - Processing file /mnt/c/Users/Admin/Desktop/ud_data/Dataslush_umang/airflow/airflow_venv/lib/python3.12/site-packages/airflow/example_dags/example_short_circuit_operator.py for tasks to queue
[2025-01-28T11:13:17.831+0000] {logging_mixin.py:190} INFO - [2025-01-28T11:13:17.829+0000] {dagbag.py:588} INFO - Filling up the DagBag from /mnt/c/Users/Admin/Desktop/ud_data/Dataslush_umang/airflow/airflow_venv/lib/python3.12/site-packages/airflow/example_dags/example_short_circuit_operator.py
[2025-01-28T11:13:17.942+0000] {processor.py:925} INFO - DAG(s) 'example_short_circuit_operator' retrieved from /mnt/c/Users/Admin/Desktop/ud_data/Dataslush_umang/airflow/airflow_venv/lib/python3.12/site-packages/airflow/example_dags/example_short_circuit_operator.py
[2025-01-28T11:13:17.981+0000] {logging_mixin.py:190} INFO - [2025-01-28T11:13:17.979+0000] {dag.py:3239} INFO - Sync 1 DAGs
[2025-01-28T11:13:18.000+0000] {logging_mixin.py:190} INFO - [2025-01-28T11:13:17.998+0000] {dag.py:4180} INFO - Setting next_dagrun for example_short_circuit_operator to None, run_after=None
[2025-01-28T11:13:18.044+0000] {processor.py:208} INFO - Processing /mnt/c/Users/Admin/Desktop/ud_data/Dataslush_umang/airflow/airflow_venv/lib/python3.12/site-packages/airflow/example_dags/example_short_circuit_operator.py took 0.248 seconds
[2025-01-28T11:15:08.539+0000] {processor.py:186} INFO - Started process (PID=20815) to work on /mnt/c/Users/Admin/Desktop/ud_data/Dataslush_umang/airflow/airflow_venv/lib/python3.12/site-packages/airflow/example_dags/example_short_circuit_operator.py
[2025-01-28T11:15:08.560+0000] {processor.py:914} INFO - Processing file /mnt/c/Users/Admin/Desktop/ud_data/Dataslush_umang/airflow/airflow_venv/lib/python3.12/site-packages/airflow/example_dags/example_short_circuit_operator.py for tasks to queue
[2025-01-28T11:15:08.566+0000] {logging_mixin.py:190} INFO - [2025-01-28T11:15:08.564+0000] {dagbag.py:588} INFO - Filling up the DagBag from /mnt/c/Users/Admin/Desktop/ud_data/Dataslush_umang/airflow/airflow_venv/lib/python3.12/site-packages/airflow/example_dags/example_short_circuit_operator.py
[2025-01-28T11:15:08.679+0000] {processor.py:925} INFO - DAG(s) 'example_short_circuit_operator' retrieved from /mnt/c/Users/Admin/Desktop/ud_data/Dataslush_umang/airflow/airflow_venv/lib/python3.12/site-packages/airflow/example_dags/example_short_circuit_operator.py
[2025-01-28T11:15:08.713+0000] {logging_mixin.py:190} INFO - [2025-01-28T11:15:08.711+0000] {dag.py:3239} INFO - Sync 1 DAGs
[2025-01-28T11:15:08.732+0000] {logging_mixin.py:190} INFO - [2025-01-28T11:15:08.731+0000] {dag.py:4180} INFO - Setting next_dagrun for example_short_circuit_operator to None, run_after=None
[2025-01-28T11:15:11.149+0000] {processor.py:208} INFO - Processing /mnt/c/Users/Admin/Desktop/ud_data/Dataslush_umang/airflow/airflow_venv/lib/python3.12/site-packages/airflow/example_dags/example_short_circuit_operator.py took 2.649 seconds
