[2025-01-28T10:11:54.447+0000] {processor.py:186} INFO - Started process (PID=14700) to work on /mnt/c/Users/Admin/Desktop/ud_data/Dataslush_umang/airflow/airflow_venv/lib/python3.12/site-packages/airflow/example_dags/example_trigger_controller_dag.py
[2025-01-28T10:11:54.449+0000] {processor.py:914} INFO - Processing file /mnt/c/Users/Admin/Desktop/ud_data/Dataslush_umang/airflow/airflow_venv/lib/python3.12/site-packages/airflow/example_dags/example_trigger_controller_dag.py for tasks to queue
[2025-01-28T10:11:54.454+0000] {logging_mixin.py:190} INFO - [2025-01-28T10:11:54.453+0000] {dagbag.py:588} INFO - Filling up the DagBag from /mnt/c/Users/Admin/Desktop/ud_data/Dataslush_umang/airflow/airflow_venv/lib/python3.12/site-packages/airflow/example_dags/example_trigger_controller_dag.py
[2025-01-28T10:11:54.550+0000] {processor.py:925} INFO - DAG(s) 'example_trigger_controller_dag' retrieved from /mnt/c/Users/Admin/Desktop/ud_data/Dataslush_umang/airflow/airflow_venv/lib/python3.12/site-packages/airflow/example_dags/example_trigger_controller_dag.py
[2025-01-28T10:11:56.364+0000] {logging_mixin.py:190} INFO - [2025-01-28T10:11:56.362+0000] {override.py:1912} INFO - Created Permission View: can edit on DAG:example_trigger_controller_dag
[2025-01-28T10:11:56.395+0000] {logging_mixin.py:190} INFO - [2025-01-28T10:11:56.393+0000] {override.py:1912} INFO - Created Permission View: can read on DAG:example_trigger_controller_dag
[2025-01-28T10:11:56.423+0000] {logging_mixin.py:190} INFO - [2025-01-28T10:11:56.421+0000] {override.py:1912} INFO - Created Permission View: can delete on DAG:example_trigger_controller_dag
[2025-01-28T10:11:56.559+0000] {logging_mixin.py:190} INFO - [2025-01-28T10:11:56.557+0000] {override.py:1912} INFO - Created Permission View: can create on DAG Run:example_trigger_controller_dag
[2025-01-28T10:11:56.580+0000] {logging_mixin.py:190} INFO - [2025-01-28T10:11:56.579+0000] {override.py:1912} INFO - Created Permission View: menu access on DAG Run:example_trigger_controller_dag
[2025-01-28T10:11:56.608+0000] {logging_mixin.py:190} INFO - [2025-01-28T10:11:56.605+0000] {override.py:1912} INFO - Created Permission View: can read on DAG Run:example_trigger_controller_dag
[2025-01-28T10:11:56.635+0000] {logging_mixin.py:190} INFO - [2025-01-28T10:11:56.633+0000] {override.py:1912} INFO - Created Permission View: can delete on DAG Run:example_trigger_controller_dag
[2025-01-28T10:11:56.638+0000] {logging_mixin.py:190} INFO - [2025-01-28T10:11:56.637+0000] {dag.py:3239} INFO - Sync 1 DAGs
[2025-01-28T10:11:56.658+0000] {logging_mixin.py:190} INFO - [2025-01-28T10:11:56.657+0000] {dag.py:3262} INFO - Creating ORM DAG for example_trigger_controller_dag
[2025-01-28T10:11:56.672+0000] {logging_mixin.py:190} INFO - [2025-01-28T10:11:56.671+0000] {dag.py:4180} INFO - Setting next_dagrun for example_trigger_controller_dag to 2021-01-01 00:00:00+00:00, run_after=2021-01-01 00:00:00+00:00
[2025-01-28T10:11:56.862+0000] {processor.py:208} INFO - Processing /mnt/c/Users/Admin/Desktop/ud_data/Dataslush_umang/airflow/airflow_venv/lib/python3.12/site-packages/airflow/example_dags/example_trigger_controller_dag.py took 2.431 seconds
[2025-01-28T10:14:58.046+0000] {processor.py:186} INFO - Started process (PID=14958) to work on /mnt/c/Users/Admin/Desktop/ud_data/Dataslush_umang/airflow/airflow_venv/lib/python3.12/site-packages/airflow/example_dags/example_trigger_controller_dag.py
[2025-01-28T10:14:58.050+0000] {processor.py:914} INFO - Processing file /mnt/c/Users/Admin/Desktop/ud_data/Dataslush_umang/airflow/airflow_venv/lib/python3.12/site-packages/airflow/example_dags/example_trigger_controller_dag.py for tasks to queue
[2025-01-28T10:14:58.058+0000] {logging_mixin.py:190} INFO - [2025-01-28T10:14:58.055+0000] {dagbag.py:588} INFO - Filling up the DagBag from /mnt/c/Users/Admin/Desktop/ud_data/Dataslush_umang/airflow/airflow_venv/lib/python3.12/site-packages/airflow/example_dags/example_trigger_controller_dag.py
[2025-01-28T10:15:28.241+0000] {processor.py:925} INFO - DAG(s) 'example_trigger_controller_dag' retrieved from /mnt/c/Users/Admin/Desktop/ud_data/Dataslush_umang/airflow/airflow_venv/lib/python3.12/site-packages/airflow/example_dags/example_trigger_controller_dag.py
[2025-01-28T10:15:28.267+0000] {logging_mixin.py:190} INFO - [2025-01-28T10:15:28.265+0000] {dag.py:3239} INFO - Sync 1 DAGs
[2025-01-28T10:15:28.289+0000] {logging_mixin.py:190} INFO - [2025-01-28T10:15:28.287+0000] {dag.py:4180} INFO - Setting next_dagrun for example_trigger_controller_dag to 2021-01-01 00:00:00+00:00, run_after=2021-01-01 00:00:00+00:00
[2025-01-28T10:15:28.333+0000] {processor.py:208} INFO - Processing /mnt/c/Users/Admin/Desktop/ud_data/Dataslush_umang/airflow/airflow_venv/lib/python3.12/site-packages/airflow/example_dags/example_trigger_controller_dag.py took 0.230 seconds
[2025-01-28T10:16:53.132+0000] {processor.py:186} INFO - Started process (PID=15148) to work on /mnt/c/Users/Admin/Desktop/ud_data/Dataslush_umang/airflow/airflow_venv/lib/python3.12/site-packages/airflow/example_dags/example_trigger_controller_dag.py
[2025-01-28T10:16:53.135+0000] {processor.py:914} INFO - Processing file /mnt/c/Users/Admin/Desktop/ud_data/Dataslush_umang/airflow/airflow_venv/lib/python3.12/site-packages/airflow/example_dags/example_trigger_controller_dag.py for tasks to queue
[2025-01-28T10:16:53.141+0000] {logging_mixin.py:190} INFO - [2025-01-28T10:16:53.139+0000] {dagbag.py:588} INFO - Filling up the DagBag from /mnt/c/Users/Admin/Desktop/ud_data/Dataslush_umang/airflow/airflow_venv/lib/python3.12/site-packages/airflow/example_dags/example_trigger_controller_dag.py
[2025-01-28T10:16:53.239+0000] {processor.py:925} INFO - DAG(s) 'example_trigger_controller_dag' retrieved from /mnt/c/Users/Admin/Desktop/ud_data/Dataslush_umang/airflow/airflow_venv/lib/python3.12/site-packages/airflow/example_dags/example_trigger_controller_dag.py
[2025-01-28T10:16:53.264+0000] {logging_mixin.py:190} INFO - [2025-01-28T10:16:53.263+0000] {dag.py:3239} INFO - Sync 1 DAGs
[2025-01-28T10:16:53.292+0000] {logging_mixin.py:190} INFO - [2025-01-28T10:16:53.290+0000] {dag.py:4180} INFO - Setting next_dagrun for example_trigger_controller_dag to 2021-01-01 00:00:00+00:00, run_after=2021-01-01 00:00:00+00:00
[2025-01-28T10:16:53.336+0000] {processor.py:208} INFO - Processing /mnt/c/Users/Admin/Desktop/ud_data/Dataslush_umang/airflow/airflow_venv/lib/python3.12/site-packages/airflow/example_dags/example_trigger_controller_dag.py took 0.222 seconds
[2025-01-28T10:19:04.863+0000] {processor.py:186} INFO - Started process (PID=15388) to work on /mnt/c/Users/Admin/Desktop/ud_data/Dataslush_umang/airflow/airflow_venv/lib/python3.12/site-packages/airflow/example_dags/example_trigger_controller_dag.py
[2025-01-28T10:19:04.866+0000] {processor.py:914} INFO - Processing file /mnt/c/Users/Admin/Desktop/ud_data/Dataslush_umang/airflow/airflow_venv/lib/python3.12/site-packages/airflow/example_dags/example_trigger_controller_dag.py for tasks to queue
[2025-01-28T10:19:04.872+0000] {logging_mixin.py:190} INFO - [2025-01-28T10:19:04.870+0000] {dagbag.py:588} INFO - Filling up the DagBag from /mnt/c/Users/Admin/Desktop/ud_data/Dataslush_umang/airflow/airflow_venv/lib/python3.12/site-packages/airflow/example_dags/example_trigger_controller_dag.py
[2025-01-28T10:19:04.963+0000] {processor.py:925} INFO - DAG(s) 'example_trigger_controller_dag' retrieved from /mnt/c/Users/Admin/Desktop/ud_data/Dataslush_umang/airflow/airflow_venv/lib/python3.12/site-packages/airflow/example_dags/example_trigger_controller_dag.py
[2025-01-28T10:19:04.989+0000] {logging_mixin.py:190} INFO - [2025-01-28T10:19:04.987+0000] {dag.py:3239} INFO - Sync 1 DAGs
[2025-01-28T10:19:05.013+0000] {logging_mixin.py:190} INFO - [2025-01-28T10:19:05.011+0000] {dag.py:4180} INFO - Setting next_dagrun for example_trigger_controller_dag to 2021-01-01 00:00:00+00:00, run_after=2021-01-01 00:00:00+00:00
[2025-01-28T10:19:05.055+0000] {processor.py:208} INFO - Processing /mnt/c/Users/Admin/Desktop/ud_data/Dataslush_umang/airflow/airflow_venv/lib/python3.12/site-packages/airflow/example_dags/example_trigger_controller_dag.py took 0.234 seconds
[2025-01-28T10:20:23.522+0000] {processor.py:186} INFO - Started process (PID=15505) to work on /mnt/c/Users/Admin/Desktop/ud_data/Dataslush_umang/airflow/airflow_venv/lib/python3.12/site-packages/airflow/example_dags/example_trigger_controller_dag.py
[2025-01-28T10:20:23.525+0000] {processor.py:914} INFO - Processing file /mnt/c/Users/Admin/Desktop/ud_data/Dataslush_umang/airflow/airflow_venv/lib/python3.12/site-packages/airflow/example_dags/example_trigger_controller_dag.py for tasks to queue
[2025-01-28T10:20:23.531+0000] {logging_mixin.py:190} INFO - [2025-01-28T10:20:23.529+0000] {dagbag.py:588} INFO - Filling up the DagBag from /mnt/c/Users/Admin/Desktop/ud_data/Dataslush_umang/airflow/airflow_venv/lib/python3.12/site-packages/airflow/example_dags/example_trigger_controller_dag.py
[2025-01-28T10:20:23.705+0000] {processor.py:925} INFO - DAG(s) 'example_trigger_controller_dag' retrieved from /mnt/c/Users/Admin/Desktop/ud_data/Dataslush_umang/airflow/airflow_venv/lib/python3.12/site-packages/airflow/example_dags/example_trigger_controller_dag.py
[2025-01-28T10:20:53.846+0000] {logging_mixin.py:190} INFO - [2025-01-28T10:20:53.843+0000] {dag.py:3239} INFO - Sync 1 DAGs
[2025-01-28T10:20:53.876+0000] {logging_mixin.py:190} INFO - [2025-01-28T10:20:53.873+0000] {dag.py:4180} INFO - Setting next_dagrun for example_trigger_controller_dag to 2021-01-01 00:00:00+00:00, run_after=2021-01-01 00:00:00+00:00
[2025-01-28T10:20:53.939+0000] {processor.py:208} INFO - Processing /mnt/c/Users/Admin/Desktop/ud_data/Dataslush_umang/airflow/airflow_venv/lib/python3.12/site-packages/airflow/example_dags/example_trigger_controller_dag.py took 0.338 seconds
[2025-01-28T10:21:57.378+0000] {processor.py:186} INFO - Started process (PID=15623) to work on /mnt/c/Users/Admin/Desktop/ud_data/Dataslush_umang/airflow/airflow_venv/lib/python3.12/site-packages/airflow/example_dags/example_trigger_controller_dag.py
[2025-01-28T10:21:57.385+0000] {processor.py:914} INFO - Processing file /mnt/c/Users/Admin/Desktop/ud_data/Dataslush_umang/airflow/airflow_venv/lib/python3.12/site-packages/airflow/example_dags/example_trigger_controller_dag.py for tasks to queue
[2025-01-28T10:21:57.396+0000] {logging_mixin.py:190} INFO - [2025-01-28T10:21:57.393+0000] {dagbag.py:588} INFO - Filling up the DagBag from /mnt/c/Users/Admin/Desktop/ud_data/Dataslush_umang/airflow/airflow_venv/lib/python3.12/site-packages/airflow/example_dags/example_trigger_controller_dag.py
[2025-01-28T10:21:57.583+0000] {processor.py:925} INFO - DAG(s) 'example_trigger_controller_dag' retrieved from /mnt/c/Users/Admin/Desktop/ud_data/Dataslush_umang/airflow/airflow_venv/lib/python3.12/site-packages/airflow/example_dags/example_trigger_controller_dag.py
[2025-01-28T10:21:57.617+0000] {logging_mixin.py:190} INFO - [2025-01-28T10:21:57.615+0000] {dag.py:3239} INFO - Sync 1 DAGs
[2025-01-28T10:21:57.666+0000] {logging_mixin.py:190} INFO - [2025-01-28T10:21:57.663+0000] {dag.py:4180} INFO - Setting next_dagrun for example_trigger_controller_dag to 2021-01-01 00:00:00+00:00, run_after=2021-01-01 00:00:00+00:00
[2025-01-28T10:21:57.744+0000] {processor.py:208} INFO - Processing /mnt/c/Users/Admin/Desktop/ud_data/Dataslush_umang/airflow/airflow_venv/lib/python3.12/site-packages/airflow/example_dags/example_trigger_controller_dag.py took 0.433 seconds
[2025-01-28T10:23:38.368+0000] {processor.py:186} INFO - Started process (PID=15812) to work on /mnt/c/Users/Admin/Desktop/ud_data/Dataslush_umang/airflow/airflow_venv/lib/python3.12/site-packages/airflow/example_dags/example_trigger_controller_dag.py
[2025-01-28T10:23:38.375+0000] {processor.py:914} INFO - Processing file /mnt/c/Users/Admin/Desktop/ud_data/Dataslush_umang/airflow/airflow_venv/lib/python3.12/site-packages/airflow/example_dags/example_trigger_controller_dag.py for tasks to queue
[2025-01-28T10:23:38.387+0000] {logging_mixin.py:190} INFO - [2025-01-28T10:23:38.383+0000] {dagbag.py:588} INFO - Filling up the DagBag from /mnt/c/Users/Admin/Desktop/ud_data/Dataslush_umang/airflow/airflow_venv/lib/python3.12/site-packages/airflow/example_dags/example_trigger_controller_dag.py
[2025-01-28T10:23:38.615+0000] {processor.py:925} INFO - DAG(s) 'example_trigger_controller_dag' retrieved from /mnt/c/Users/Admin/Desktop/ud_data/Dataslush_umang/airflow/airflow_venv/lib/python3.12/site-packages/airflow/example_dags/example_trigger_controller_dag.py
[2025-01-28T10:23:38.765+0000] {logging_mixin.py:190} INFO - [2025-01-28T10:23:38.762+0000] {dag.py:3239} INFO - Sync 1 DAGs
[2025-01-28T10:23:38.797+0000] {logging_mixin.py:190} INFO - [2025-01-28T10:23:38.793+0000] {dag.py:4180} INFO - Setting next_dagrun for example_trigger_controller_dag to 2021-01-01 00:00:00+00:00, run_after=2021-01-01 00:00:00+00:00
[2025-01-28T10:23:38.881+0000] {processor.py:208} INFO - Processing /mnt/c/Users/Admin/Desktop/ud_data/Dataslush_umang/airflow/airflow_venv/lib/python3.12/site-packages/airflow/example_dags/example_trigger_controller_dag.py took 0.575 seconds
[2025-01-28T10:25:15.849+0000] {processor.py:186} INFO - Started process (PID=16020) to work on /mnt/c/Users/Admin/Desktop/ud_data/Dataslush_umang/airflow/airflow_venv/lib/python3.12/site-packages/airflow/example_dags/example_trigger_controller_dag.py
[2025-01-28T10:25:16.175+0000] {processor.py:914} INFO - Processing file /mnt/c/Users/Admin/Desktop/ud_data/Dataslush_umang/airflow/airflow_venv/lib/python3.12/site-packages/airflow/example_dags/example_trigger_controller_dag.py for tasks to queue
[2025-01-28T10:25:16.190+0000] {logging_mixin.py:190} INFO - [2025-01-28T10:25:16.185+0000] {dagbag.py:588} INFO - Filling up the DagBag from /mnt/c/Users/Admin/Desktop/ud_data/Dataslush_umang/airflow/airflow_venv/lib/python3.12/site-packages/airflow/example_dags/example_trigger_controller_dag.py
[2025-01-28T10:25:16.446+0000] {processor.py:925} INFO - DAG(s) 'example_trigger_controller_dag' retrieved from /mnt/c/Users/Admin/Desktop/ud_data/Dataslush_umang/airflow/airflow_venv/lib/python3.12/site-packages/airflow/example_dags/example_trigger_controller_dag.py
[2025-01-28T10:25:16.501+0000] {logging_mixin.py:190} INFO - [2025-01-28T10:25:16.498+0000] {dag.py:3239} INFO - Sync 1 DAGs
[2025-01-28T10:25:16.567+0000] {logging_mixin.py:190} INFO - [2025-01-28T10:25:16.565+0000] {dag.py:4180} INFO - Setting next_dagrun for example_trigger_controller_dag to 2021-01-01 00:00:00+00:00, run_after=2021-01-01 00:00:00+00:00
[2025-01-28T10:25:16.795+0000] {processor.py:208} INFO - Processing /mnt/c/Users/Admin/Desktop/ud_data/Dataslush_umang/airflow/airflow_venv/lib/python3.12/site-packages/airflow/example_dags/example_trigger_controller_dag.py took 0.975 seconds
[2025-01-28T10:26:32.141+0000] {processor.py:186} INFO - Started process (PID=16187) to work on /mnt/c/Users/Admin/Desktop/ud_data/Dataslush_umang/airflow/airflow_venv/lib/python3.12/site-packages/airflow/example_dags/example_trigger_controller_dag.py
[2025-01-28T10:26:32.227+0000] {processor.py:914} INFO - Processing file /mnt/c/Users/Admin/Desktop/ud_data/Dataslush_umang/airflow/airflow_venv/lib/python3.12/site-packages/airflow/example_dags/example_trigger_controller_dag.py for tasks to queue
[2025-01-28T10:26:32.243+0000] {logging_mixin.py:190} INFO - [2025-01-28T10:26:32.237+0000] {dagbag.py:588} INFO - Filling up the DagBag from /mnt/c/Users/Admin/Desktop/ud_data/Dataslush_umang/airflow/airflow_venv/lib/python3.12/site-packages/airflow/example_dags/example_trigger_controller_dag.py
[2025-01-28T10:26:32.575+0000] {processor.py:925} INFO - DAG(s) 'example_trigger_controller_dag' retrieved from /mnt/c/Users/Admin/Desktop/ud_data/Dataslush_umang/airflow/airflow_venv/lib/python3.12/site-packages/airflow/example_dags/example_trigger_controller_dag.py
[2025-01-28T10:26:32.626+0000] {logging_mixin.py:190} INFO - [2025-01-28T10:26:32.624+0000] {dag.py:3239} INFO - Sync 1 DAGs
[2025-01-28T10:26:32.659+0000] {logging_mixin.py:190} INFO - [2025-01-28T10:26:32.657+0000] {dag.py:4180} INFO - Setting next_dagrun for example_trigger_controller_dag to 2021-01-01 00:00:00+00:00, run_after=2021-01-01 00:00:00+00:00
[2025-01-28T10:26:32.819+0000] {processor.py:208} INFO - Processing /mnt/c/Users/Admin/Desktop/ud_data/Dataslush_umang/airflow/airflow_venv/lib/python3.12/site-packages/airflow/example_dags/example_trigger_controller_dag.py took 0.719 seconds
[2025-01-28T10:28:03.881+0000] {processor.py:186} INFO - Started process (PID=16287) to work on /mnt/c/Users/Admin/Desktop/ud_data/Dataslush_umang/airflow/airflow_venv/lib/python3.12/site-packages/airflow/example_dags/example_trigger_controller_dag.py
[2025-01-28T10:28:03.888+0000] {processor.py:914} INFO - Processing file /mnt/c/Users/Admin/Desktop/ud_data/Dataslush_umang/airflow/airflow_venv/lib/python3.12/site-packages/airflow/example_dags/example_trigger_controller_dag.py for tasks to queue
[2025-01-28T10:28:03.900+0000] {logging_mixin.py:190} INFO - [2025-01-28T10:28:03.897+0000] {dagbag.py:588} INFO - Filling up the DagBag from /mnt/c/Users/Admin/Desktop/ud_data/Dataslush_umang/airflow/airflow_venv/lib/python3.12/site-packages/airflow/example_dags/example_trigger_controller_dag.py
[2025-01-28T10:28:04.191+0000] {processor.py:925} INFO - DAG(s) 'example_trigger_controller_dag' retrieved from /mnt/c/Users/Admin/Desktop/ud_data/Dataslush_umang/airflow/airflow_venv/lib/python3.12/site-packages/airflow/example_dags/example_trigger_controller_dag.py
[2025-01-28T10:28:04.282+0000] {logging_mixin.py:190} INFO - [2025-01-28T10:28:04.278+0000] {dag.py:3239} INFO - Sync 1 DAGs
[2025-01-28T10:28:04.355+0000] {logging_mixin.py:190} INFO - [2025-01-28T10:28:04.352+0000] {dag.py:4180} INFO - Setting next_dagrun for example_trigger_controller_dag to 2021-01-01 00:00:00+00:00, run_after=2021-01-01 00:00:00+00:00
[2025-01-28T10:28:04.410+0000] {processor.py:208} INFO - Processing /mnt/c/Users/Admin/Desktop/ud_data/Dataslush_umang/airflow/airflow_venv/lib/python3.12/site-packages/airflow/example_dags/example_trigger_controller_dag.py took 0.601 seconds
[2025-01-28T10:30:49.311+0000] {processor.py:186} INFO - Started process (PID=16457) to work on /mnt/c/Users/Admin/Desktop/ud_data/Dataslush_umang/airflow/airflow_venv/lib/python3.12/site-packages/airflow/example_dags/example_trigger_controller_dag.py
[2025-01-28T10:30:49.319+0000] {processor.py:914} INFO - Processing file /mnt/c/Users/Admin/Desktop/ud_data/Dataslush_umang/airflow/airflow_venv/lib/python3.12/site-packages/airflow/example_dags/example_trigger_controller_dag.py for tasks to queue
[2025-01-28T10:30:49.333+0000] {logging_mixin.py:190} INFO - [2025-01-28T10:30:49.328+0000] {dagbag.py:588} INFO - Filling up the DagBag from /mnt/c/Users/Admin/Desktop/ud_data/Dataslush_umang/airflow/airflow_venv/lib/python3.12/site-packages/airflow/example_dags/example_trigger_controller_dag.py
[2025-01-28T10:30:49.645+0000] {processor.py:925} INFO - DAG(s) 'example_trigger_controller_dag' retrieved from /mnt/c/Users/Admin/Desktop/ud_data/Dataslush_umang/airflow/airflow_venv/lib/python3.12/site-packages/airflow/example_dags/example_trigger_controller_dag.py
[2025-01-28T10:31:19.854+0000] {logging_mixin.py:190} INFO - [2025-01-28T10:31:19.851+0000] {dag.py:3239} INFO - Sync 1 DAGs
[2025-01-28T10:31:19.913+0000] {logging_mixin.py:190} INFO - [2025-01-28T10:31:19.911+0000] {dag.py:4180} INFO - Setting next_dagrun for example_trigger_controller_dag to 2021-01-01 00:00:00+00:00, run_after=2021-01-01 00:00:00+00:00
[2025-01-28T10:31:20.095+0000] {processor.py:208} INFO - Processing /mnt/c/Users/Admin/Desktop/ud_data/Dataslush_umang/airflow/airflow_venv/lib/python3.12/site-packages/airflow/example_dags/example_trigger_controller_dag.py took 0.710 seconds
[2025-01-28T10:33:00.395+0000] {processor.py:186} INFO - Started process (PID=16675) to work on /mnt/c/Users/Admin/Desktop/ud_data/Dataslush_umang/airflow/airflow_venv/lib/python3.12/site-packages/airflow/example_dags/example_trigger_controller_dag.py
[2025-01-28T10:33:00.762+0000] {processor.py:914} INFO - Processing file /mnt/c/Users/Admin/Desktop/ud_data/Dataslush_umang/airflow/airflow_venv/lib/python3.12/site-packages/airflow/example_dags/example_trigger_controller_dag.py for tasks to queue
[2025-01-28T10:33:00.769+0000] {logging_mixin.py:190} INFO - [2025-01-28T10:33:00.767+0000] {dagbag.py:588} INFO - Filling up the DagBag from /mnt/c/Users/Admin/Desktop/ud_data/Dataslush_umang/airflow/airflow_venv/lib/python3.12/site-packages/airflow/example_dags/example_trigger_controller_dag.py
[2025-01-28T10:33:00.982+0000] {processor.py:925} INFO - DAG(s) 'example_trigger_controller_dag' retrieved from /mnt/c/Users/Admin/Desktop/ud_data/Dataslush_umang/airflow/airflow_venv/lib/python3.12/site-packages/airflow/example_dags/example_trigger_controller_dag.py
[2025-01-28T10:33:01.050+0000] {logging_mixin.py:190} INFO - [2025-01-28T10:33:01.046+0000] {dag.py:3239} INFO - Sync 1 DAGs
[2025-01-28T10:33:01.122+0000] {logging_mixin.py:190} INFO - [2025-01-28T10:33:01.119+0000] {dag.py:4180} INFO - Setting next_dagrun for example_trigger_controller_dag to 2021-01-01 00:00:00+00:00, run_after=2021-01-01 00:00:00+00:00
[2025-01-28T10:33:03.426+0000] {processor.py:208} INFO - Processing /mnt/c/Users/Admin/Desktop/ud_data/Dataslush_umang/airflow/airflow_venv/lib/python3.12/site-packages/airflow/example_dags/example_trigger_controller_dag.py took 3.152 seconds
[2025-01-28T10:34:18.858+0000] {processor.py:186} INFO - Started process (PID=16833) to work on /mnt/c/Users/Admin/Desktop/ud_data/Dataslush_umang/airflow/airflow_venv/lib/python3.12/site-packages/airflow/example_dags/example_trigger_controller_dag.py
[2025-01-28T10:34:18.870+0000] {processor.py:914} INFO - Processing file /mnt/c/Users/Admin/Desktop/ud_data/Dataslush_umang/airflow/airflow_venv/lib/python3.12/site-packages/airflow/example_dags/example_trigger_controller_dag.py for tasks to queue
[2025-01-28T10:34:18.876+0000] {logging_mixin.py:190} INFO - [2025-01-28T10:34:18.874+0000] {dagbag.py:588} INFO - Filling up the DagBag from /mnt/c/Users/Admin/Desktop/ud_data/Dataslush_umang/airflow/airflow_venv/lib/python3.12/site-packages/airflow/example_dags/example_trigger_controller_dag.py
[2025-01-28T10:34:19.009+0000] {processor.py:925} INFO - DAG(s) 'example_trigger_controller_dag' retrieved from /mnt/c/Users/Admin/Desktop/ud_data/Dataslush_umang/airflow/airflow_venv/lib/python3.12/site-packages/airflow/example_dags/example_trigger_controller_dag.py
[2025-01-28T10:34:19.036+0000] {logging_mixin.py:190} INFO - [2025-01-28T10:34:19.033+0000] {dag.py:3239} INFO - Sync 1 DAGs
[2025-01-28T10:34:19.060+0000] {logging_mixin.py:190} INFO - [2025-01-28T10:34:19.058+0000] {dag.py:4180} INFO - Setting next_dagrun for example_trigger_controller_dag to 2021-01-01 00:00:00+00:00, run_after=2021-01-01 00:00:00+00:00
[2025-01-28T10:34:19.266+0000] {processor.py:208} INFO - Processing /mnt/c/Users/Admin/Desktop/ud_data/Dataslush_umang/airflow/airflow_venv/lib/python3.12/site-packages/airflow/example_dags/example_trigger_controller_dag.py took 0.439 seconds
[2025-01-28T10:35:41.779+0000] {processor.py:186} INFO - Started process (PID=16944) to work on /mnt/c/Users/Admin/Desktop/ud_data/Dataslush_umang/airflow/airflow_venv/lib/python3.12/site-packages/airflow/example_dags/example_trigger_controller_dag.py
[2025-01-28T10:35:42.240+0000] {processor.py:914} INFO - Processing file /mnt/c/Users/Admin/Desktop/ud_data/Dataslush_umang/airflow/airflow_venv/lib/python3.12/site-packages/airflow/example_dags/example_trigger_controller_dag.py for tasks to queue
[2025-01-28T10:35:42.259+0000] {logging_mixin.py:190} INFO - [2025-01-28T10:35:42.252+0000] {dagbag.py:588} INFO - Filling up the DagBag from /mnt/c/Users/Admin/Desktop/ud_data/Dataslush_umang/airflow/airflow_venv/lib/python3.12/site-packages/airflow/example_dags/example_trigger_controller_dag.py
[2025-01-28T10:35:42.602+0000] {processor.py:925} INFO - DAG(s) 'example_trigger_controller_dag' retrieved from /mnt/c/Users/Admin/Desktop/ud_data/Dataslush_umang/airflow/airflow_venv/lib/python3.12/site-packages/airflow/example_dags/example_trigger_controller_dag.py
[2025-01-28T10:35:42.669+0000] {logging_mixin.py:190} INFO - [2025-01-28T10:35:42.667+0000] {dag.py:3239} INFO - Sync 1 DAGs
[2025-01-28T10:35:42.714+0000] {logging_mixin.py:190} INFO - [2025-01-28T10:35:42.712+0000] {dag.py:4180} INFO - Setting next_dagrun for example_trigger_controller_dag to 2021-01-01 00:00:00+00:00, run_after=2021-01-01 00:00:00+00:00
[2025-01-28T10:35:43.227+0000] {processor.py:208} INFO - Processing /mnt/c/Users/Admin/Desktop/ud_data/Dataslush_umang/airflow/airflow_venv/lib/python3.12/site-packages/airflow/example_dags/example_trigger_controller_dag.py took 1.499 seconds
[2025-01-28T10:37:00.968+0000] {processor.py:186} INFO - Started process (PID=17061) to work on /mnt/c/Users/Admin/Desktop/ud_data/Dataslush_umang/airflow/airflow_venv/lib/python3.12/site-packages/airflow/example_dags/example_trigger_controller_dag.py
[2025-01-28T10:37:01.069+0000] {processor.py:914} INFO - Processing file /mnt/c/Users/Admin/Desktop/ud_data/Dataslush_umang/airflow/airflow_venv/lib/python3.12/site-packages/airflow/example_dags/example_trigger_controller_dag.py for tasks to queue
[2025-01-28T10:37:01.083+0000] {logging_mixin.py:190} INFO - [2025-01-28T10:37:01.078+0000] {dagbag.py:588} INFO - Filling up the DagBag from /mnt/c/Users/Admin/Desktop/ud_data/Dataslush_umang/airflow/airflow_venv/lib/python3.12/site-packages/airflow/example_dags/example_trigger_controller_dag.py
[2025-01-28T10:37:01.376+0000] {processor.py:925} INFO - DAG(s) 'example_trigger_controller_dag' retrieved from /mnt/c/Users/Admin/Desktop/ud_data/Dataslush_umang/airflow/airflow_venv/lib/python3.12/site-packages/airflow/example_dags/example_trigger_controller_dag.py
[2025-01-28T10:37:01.425+0000] {logging_mixin.py:190} INFO - [2025-01-28T10:37:01.422+0000] {dag.py:3239} INFO - Sync 1 DAGs
[2025-01-28T10:37:01.454+0000] {logging_mixin.py:190} INFO - [2025-01-28T10:37:01.452+0000] {dag.py:4180} INFO - Setting next_dagrun for example_trigger_controller_dag to 2021-01-01 00:00:00+00:00, run_after=2021-01-01 00:00:00+00:00
[2025-01-28T10:37:03.969+0000] {processor.py:208} INFO - Processing /mnt/c/Users/Admin/Desktop/ud_data/Dataslush_umang/airflow/airflow_venv/lib/python3.12/site-packages/airflow/example_dags/example_trigger_controller_dag.py took 3.017 seconds
[2025-01-28T10:38:38.674+0000] {processor.py:186} INFO - Started process (PID=17182) to work on /mnt/c/Users/Admin/Desktop/ud_data/Dataslush_umang/airflow/airflow_venv/lib/python3.12/site-packages/airflow/example_dags/example_trigger_controller_dag.py
[2025-01-28T10:38:38.682+0000] {processor.py:914} INFO - Processing file /mnt/c/Users/Admin/Desktop/ud_data/Dataslush_umang/airflow/airflow_venv/lib/python3.12/site-packages/airflow/example_dags/example_trigger_controller_dag.py for tasks to queue
[2025-01-28T10:38:38.697+0000] {logging_mixin.py:190} INFO - [2025-01-28T10:38:38.691+0000] {dagbag.py:588} INFO - Filling up the DagBag from /mnt/c/Users/Admin/Desktop/ud_data/Dataslush_umang/airflow/airflow_venv/lib/python3.12/site-packages/airflow/example_dags/example_trigger_controller_dag.py
[2025-01-28T10:38:39.034+0000] {processor.py:925} INFO - DAG(s) 'example_trigger_controller_dag' retrieved from /mnt/c/Users/Admin/Desktop/ud_data/Dataslush_umang/airflow/airflow_venv/lib/python3.12/site-packages/airflow/example_dags/example_trigger_controller_dag.py
[2025-01-28T10:38:39.096+0000] {logging_mixin.py:190} INFO - [2025-01-28T10:38:39.093+0000] {dag.py:3239} INFO - Sync 1 DAGs
[2025-01-28T10:38:39.142+0000] {logging_mixin.py:190} INFO - [2025-01-28T10:38:39.138+0000] {dag.py:4180} INFO - Setting next_dagrun for example_trigger_controller_dag to 2021-01-01 00:00:00+00:00, run_after=2021-01-01 00:00:00+00:00
[2025-01-28T10:38:39.234+0000] {processor.py:208} INFO - Processing /mnt/c/Users/Admin/Desktop/ud_data/Dataslush_umang/airflow/airflow_venv/lib/python3.12/site-packages/airflow/example_dags/example_trigger_controller_dag.py took 0.627 seconds
[2025-01-28T10:40:18.517+0000] {processor.py:186} INFO - Started process (PID=17337) to work on /mnt/c/Users/Admin/Desktop/ud_data/Dataslush_umang/airflow/airflow_venv/lib/python3.12/site-packages/airflow/example_dags/example_trigger_controller_dag.py
[2025-01-28T10:40:18.519+0000] {processor.py:914} INFO - Processing file /mnt/c/Users/Admin/Desktop/ud_data/Dataslush_umang/airflow/airflow_venv/lib/python3.12/site-packages/airflow/example_dags/example_trigger_controller_dag.py for tasks to queue
[2025-01-28T10:40:18.524+0000] {logging_mixin.py:190} INFO - [2025-01-28T10:40:18.522+0000] {dagbag.py:588} INFO - Filling up the DagBag from /mnt/c/Users/Admin/Desktop/ud_data/Dataslush_umang/airflow/airflow_venv/lib/python3.12/site-packages/airflow/example_dags/example_trigger_controller_dag.py
[2025-01-28T10:40:18.602+0000] {processor.py:925} INFO - DAG(s) 'example_trigger_controller_dag' retrieved from /mnt/c/Users/Admin/Desktop/ud_data/Dataslush_umang/airflow/airflow_venv/lib/python3.12/site-packages/airflow/example_dags/example_trigger_controller_dag.py
[2025-01-28T10:40:18.629+0000] {logging_mixin.py:190} INFO - [2025-01-28T10:40:18.627+0000] {dag.py:3239} INFO - Sync 1 DAGs
[2025-01-28T10:40:18.655+0000] {logging_mixin.py:190} INFO - [2025-01-28T10:40:18.653+0000] {dag.py:4180} INFO - Setting next_dagrun for example_trigger_controller_dag to 2021-01-01 00:00:00+00:00, run_after=2021-01-01 00:00:00+00:00
[2025-01-28T10:40:18.696+0000] {processor.py:208} INFO - Processing /mnt/c/Users/Admin/Desktop/ud_data/Dataslush_umang/airflow/airflow_venv/lib/python3.12/site-packages/airflow/example_dags/example_trigger_controller_dag.py took 0.201 seconds
[2025-01-28T10:41:41.266+0000] {processor.py:186} INFO - Started process (PID=17401) to work on /mnt/c/Users/Admin/Desktop/ud_data/Dataslush_umang/airflow/airflow_venv/lib/python3.12/site-packages/airflow/example_dags/example_trigger_controller_dag.py
[2025-01-28T10:41:41.269+0000] {processor.py:914} INFO - Processing file /mnt/c/Users/Admin/Desktop/ud_data/Dataslush_umang/airflow/airflow_venv/lib/python3.12/site-packages/airflow/example_dags/example_trigger_controller_dag.py for tasks to queue
[2025-01-28T10:41:41.274+0000] {logging_mixin.py:190} INFO - [2025-01-28T10:41:41.272+0000] {dagbag.py:588} INFO - Filling up the DagBag from /mnt/c/Users/Admin/Desktop/ud_data/Dataslush_umang/airflow/airflow_venv/lib/python3.12/site-packages/airflow/example_dags/example_trigger_controller_dag.py
[2025-01-28T10:41:11.287+0000] {processor.py:925} INFO - DAG(s) 'example_trigger_controller_dag' retrieved from /mnt/c/Users/Admin/Desktop/ud_data/Dataslush_umang/airflow/airflow_venv/lib/python3.12/site-packages/airflow/example_dags/example_trigger_controller_dag.py
[2025-01-28T10:41:11.311+0000] {logging_mixin.py:190} INFO - [2025-01-28T10:41:11.309+0000] {dag.py:3239} INFO - Sync 1 DAGs
[2025-01-28T10:41:11.331+0000] {logging_mixin.py:190} INFO - [2025-01-28T10:41:11.330+0000] {dag.py:4180} INFO - Setting next_dagrun for example_trigger_controller_dag to 2021-01-01 00:00:00+00:00, run_after=2021-01-01 00:00:00+00:00
[2025-01-28T10:41:12.818+0000] {processor.py:208} INFO - Processing /mnt/c/Users/Admin/Desktop/ud_data/Dataslush_umang/airflow/airflow_venv/lib/python3.12/site-packages/airflow/example_dags/example_trigger_controller_dag.py took 1.666 seconds
[2025-01-28T10:42:52.082+0000] {processor.py:186} INFO - Started process (PID=17707) to work on /mnt/c/Users/Admin/Desktop/ud_data/Dataslush_umang/airflow/airflow_venv/lib/python3.12/site-packages/airflow/example_dags/example_trigger_controller_dag.py
[2025-01-28T10:42:52.352+0000] {processor.py:914} INFO - Processing file /mnt/c/Users/Admin/Desktop/ud_data/Dataslush_umang/airflow/airflow_venv/lib/python3.12/site-packages/airflow/example_dags/example_trigger_controller_dag.py for tasks to queue
[2025-01-28T10:42:52.363+0000] {logging_mixin.py:190} INFO - [2025-01-28T10:42:52.359+0000] {dagbag.py:588} INFO - Filling up the DagBag from /mnt/c/Users/Admin/Desktop/ud_data/Dataslush_umang/airflow/airflow_venv/lib/python3.12/site-packages/airflow/example_dags/example_trigger_controller_dag.py
[2025-01-28T10:42:52.499+0000] {processor.py:925} INFO - DAG(s) 'example_trigger_controller_dag' retrieved from /mnt/c/Users/Admin/Desktop/ud_data/Dataslush_umang/airflow/airflow_venv/lib/python3.12/site-packages/airflow/example_dags/example_trigger_controller_dag.py
[2025-01-28T10:42:52.525+0000] {logging_mixin.py:190} INFO - [2025-01-28T10:42:52.523+0000] {dag.py:3239} INFO - Sync 1 DAGs
[2025-01-28T10:42:52.548+0000] {logging_mixin.py:190} INFO - [2025-01-28T10:42:52.546+0000] {dag.py:4180} INFO - Setting next_dagrun for example_trigger_controller_dag to 2021-01-01 00:00:00+00:00, run_after=2021-01-01 00:00:00+00:00
[2025-01-28T10:42:55.565+0000] {processor.py:208} INFO - Processing /mnt/c/Users/Admin/Desktop/ud_data/Dataslush_umang/airflow/airflow_venv/lib/python3.12/site-packages/airflow/example_dags/example_trigger_controller_dag.py took 3.557 seconds
[2025-01-28T10:44:44.980+0000] {processor.py:186} INFO - Started process (PID=17847) to work on /mnt/c/Users/Admin/Desktop/ud_data/Dataslush_umang/airflow/airflow_venv/lib/python3.12/site-packages/airflow/example_dags/example_trigger_controller_dag.py
[2025-01-28T10:44:44.984+0000] {processor.py:914} INFO - Processing file /mnt/c/Users/Admin/Desktop/ud_data/Dataslush_umang/airflow/airflow_venv/lib/python3.12/site-packages/airflow/example_dags/example_trigger_controller_dag.py for tasks to queue
[2025-01-28T10:44:44.990+0000] {logging_mixin.py:190} INFO - [2025-01-28T10:44:44.988+0000] {dagbag.py:588} INFO - Filling up the DagBag from /mnt/c/Users/Admin/Desktop/ud_data/Dataslush_umang/airflow/airflow_venv/lib/python3.12/site-packages/airflow/example_dags/example_trigger_controller_dag.py
[2025-01-28T10:44:45.095+0000] {processor.py:925} INFO - DAG(s) 'example_trigger_controller_dag' retrieved from /mnt/c/Users/Admin/Desktop/ud_data/Dataslush_umang/airflow/airflow_venv/lib/python3.12/site-packages/airflow/example_dags/example_trigger_controller_dag.py
[2025-01-28T10:44:45.138+0000] {logging_mixin.py:190} INFO - [2025-01-28T10:44:45.136+0000] {dag.py:3239} INFO - Sync 1 DAGs
[2025-01-28T10:44:45.183+0000] {logging_mixin.py:190} INFO - [2025-01-28T10:44:45.181+0000] {dag.py:4180} INFO - Setting next_dagrun for example_trigger_controller_dag to 2021-01-01 00:00:00+00:00, run_after=2021-01-01 00:00:00+00:00
[2025-01-28T10:44:45.251+0000] {processor.py:208} INFO - Processing /mnt/c/Users/Admin/Desktop/ud_data/Dataslush_umang/airflow/airflow_venv/lib/python3.12/site-packages/airflow/example_dags/example_trigger_controller_dag.py took 0.299 seconds
[2025-01-28T10:47:16.244+0000] {processor.py:186} INFO - Started process (PID=17982) to work on /mnt/c/Users/Admin/Desktop/ud_data/Dataslush_umang/airflow/airflow_venv/lib/python3.12/site-packages/airflow/example_dags/example_trigger_controller_dag.py
[2025-01-28T10:47:16.248+0000] {processor.py:914} INFO - Processing file /mnt/c/Users/Admin/Desktop/ud_data/Dataslush_umang/airflow/airflow_venv/lib/python3.12/site-packages/airflow/example_dags/example_trigger_controller_dag.py for tasks to queue
[2025-01-28T10:47:16.254+0000] {logging_mixin.py:190} INFO - [2025-01-28T10:47:16.252+0000] {dagbag.py:588} INFO - Filling up the DagBag from /mnt/c/Users/Admin/Desktop/ud_data/Dataslush_umang/airflow/airflow_venv/lib/python3.12/site-packages/airflow/example_dags/example_trigger_controller_dag.py
[2025-01-28T10:47:16.366+0000] {processor.py:925} INFO - DAG(s) 'example_trigger_controller_dag' retrieved from /mnt/c/Users/Admin/Desktop/ud_data/Dataslush_umang/airflow/airflow_venv/lib/python3.12/site-packages/airflow/example_dags/example_trigger_controller_dag.py
[2025-01-28T10:47:16.395+0000] {logging_mixin.py:190} INFO - [2025-01-28T10:47:16.393+0000] {dag.py:3239} INFO - Sync 1 DAGs
[2025-01-28T10:47:16.430+0000] {logging_mixin.py:190} INFO - [2025-01-28T10:47:16.428+0000] {dag.py:4180} INFO - Setting next_dagrun for example_trigger_controller_dag to 2021-01-01 00:00:00+00:00, run_after=2021-01-01 00:00:00+00:00
[2025-01-28T10:47:46.707+0000] {processor.py:208} INFO - Processing /mnt/c/Users/Admin/Desktop/ud_data/Dataslush_umang/airflow/airflow_venv/lib/python3.12/site-packages/airflow/example_dags/example_trigger_controller_dag.py took 0.388 seconds
[2025-01-28T10:48:48.935+0000] {processor.py:186} INFO - Started process (PID=18174) to work on /mnt/c/Users/Admin/Desktop/ud_data/Dataslush_umang/airflow/airflow_venv/lib/python3.12/site-packages/airflow/example_dags/example_trigger_controller_dag.py
[2025-01-28T10:48:48.938+0000] {processor.py:914} INFO - Processing file /mnt/c/Users/Admin/Desktop/ud_data/Dataslush_umang/airflow/airflow_venv/lib/python3.12/site-packages/airflow/example_dags/example_trigger_controller_dag.py for tasks to queue
[2025-01-28T10:48:48.943+0000] {logging_mixin.py:190} INFO - [2025-01-28T10:48:48.942+0000] {dagbag.py:588} INFO - Filling up the DagBag from /mnt/c/Users/Admin/Desktop/ud_data/Dataslush_umang/airflow/airflow_venv/lib/python3.12/site-packages/airflow/example_dags/example_trigger_controller_dag.py
[2025-01-28T10:48:49.059+0000] {processor.py:925} INFO - DAG(s) 'example_trigger_controller_dag' retrieved from /mnt/c/Users/Admin/Desktop/ud_data/Dataslush_umang/airflow/airflow_venv/lib/python3.12/site-packages/airflow/example_dags/example_trigger_controller_dag.py
[2025-01-28T10:48:49.088+0000] {logging_mixin.py:190} INFO - [2025-01-28T10:48:49.086+0000] {dag.py:3239} INFO - Sync 1 DAGs
[2025-01-28T10:48:49.128+0000] {logging_mixin.py:190} INFO - [2025-01-28T10:48:49.126+0000] {dag.py:4180} INFO - Setting next_dagrun for example_trigger_controller_dag to 2021-01-01 00:00:00+00:00, run_after=2021-01-01 00:00:00+00:00
[2025-01-28T10:48:49.183+0000] {processor.py:208} INFO - Processing /mnt/c/Users/Admin/Desktop/ud_data/Dataslush_umang/airflow/airflow_venv/lib/python3.12/site-packages/airflow/example_dags/example_trigger_controller_dag.py took 0.277 seconds
[2025-01-28T10:49:49.855+0000] {processor.py:186} INFO - Started process (PID=18272) to work on /mnt/c/Users/Admin/Desktop/ud_data/Dataslush_umang/airflow/airflow_venv/lib/python3.12/site-packages/airflow/example_dags/example_trigger_controller_dag.py
[2025-01-28T10:49:49.858+0000] {processor.py:914} INFO - Processing file /mnt/c/Users/Admin/Desktop/ud_data/Dataslush_umang/airflow/airflow_venv/lib/python3.12/site-packages/airflow/example_dags/example_trigger_controller_dag.py for tasks to queue
[2025-01-28T10:49:49.863+0000] {logging_mixin.py:190} INFO - [2025-01-28T10:49:49.861+0000] {dagbag.py:588} INFO - Filling up the DagBag from /mnt/c/Users/Admin/Desktop/ud_data/Dataslush_umang/airflow/airflow_venv/lib/python3.12/site-packages/airflow/example_dags/example_trigger_controller_dag.py
[2025-01-28T10:49:49.950+0000] {processor.py:925} INFO - DAG(s) 'example_trigger_controller_dag' retrieved from /mnt/c/Users/Admin/Desktop/ud_data/Dataslush_umang/airflow/airflow_venv/lib/python3.12/site-packages/airflow/example_dags/example_trigger_controller_dag.py
[2025-01-28T10:49:49.973+0000] {logging_mixin.py:190} INFO - [2025-01-28T10:49:49.972+0000] {dag.py:3239} INFO - Sync 1 DAGs
[2025-01-28T10:49:49.998+0000] {logging_mixin.py:190} INFO - [2025-01-28T10:49:49.997+0000] {dag.py:4180} INFO - Setting next_dagrun for example_trigger_controller_dag to 2021-01-01 00:00:00+00:00, run_after=2021-01-01 00:00:00+00:00
[2025-01-28T10:49:50.036+0000] {processor.py:208} INFO - Processing /mnt/c/Users/Admin/Desktop/ud_data/Dataslush_umang/airflow/airflow_venv/lib/python3.12/site-packages/airflow/example_dags/example_trigger_controller_dag.py took 0.202 seconds
[2025-01-28T10:51:04.633+0000] {processor.py:186} INFO - Started process (PID=18489) to work on /mnt/c/Users/Admin/Desktop/ud_data/Dataslush_umang/airflow/airflow_venv/lib/python3.12/site-packages/airflow/example_dags/example_trigger_controller_dag.py
[2025-01-28T10:51:04.637+0000] {processor.py:914} INFO - Processing file /mnt/c/Users/Admin/Desktop/ud_data/Dataslush_umang/airflow/airflow_venv/lib/python3.12/site-packages/airflow/example_dags/example_trigger_controller_dag.py for tasks to queue
[2025-01-28T10:51:04.643+0000] {logging_mixin.py:190} INFO - [2025-01-28T10:51:04.641+0000] {dagbag.py:588} INFO - Filling up the DagBag from /mnt/c/Users/Admin/Desktop/ud_data/Dataslush_umang/airflow/airflow_venv/lib/python3.12/site-packages/airflow/example_dags/example_trigger_controller_dag.py
[2025-01-28T10:51:04.756+0000] {processor.py:925} INFO - DAG(s) 'example_trigger_controller_dag' retrieved from /mnt/c/Users/Admin/Desktop/ud_data/Dataslush_umang/airflow/airflow_venv/lib/python3.12/site-packages/airflow/example_dags/example_trigger_controller_dag.py
[2025-01-28T10:51:04.782+0000] {logging_mixin.py:190} INFO - [2025-01-28T10:51:04.780+0000] {dag.py:3239} INFO - Sync 1 DAGs
[2025-01-28T10:51:04.812+0000] {logging_mixin.py:190} INFO - [2025-01-28T10:51:04.810+0000] {dag.py:4180} INFO - Setting next_dagrun for example_trigger_controller_dag to 2021-01-01 00:00:00+00:00, run_after=2021-01-01 00:00:00+00:00
[2025-01-28T10:51:04.855+0000] {processor.py:208} INFO - Processing /mnt/c/Users/Admin/Desktop/ud_data/Dataslush_umang/airflow/airflow_venv/lib/python3.12/site-packages/airflow/example_dags/example_trigger_controller_dag.py took 0.252 seconds
[2025-01-28T10:52:46.440+0000] {processor.py:186} INFO - Started process (PID=18656) to work on /mnt/c/Users/Admin/Desktop/ud_data/Dataslush_umang/airflow/airflow_venv/lib/python3.12/site-packages/airflow/example_dags/example_trigger_controller_dag.py
[2025-01-28T10:52:46.443+0000] {processor.py:914} INFO - Processing file /mnt/c/Users/Admin/Desktop/ud_data/Dataslush_umang/airflow/airflow_venv/lib/python3.12/site-packages/airflow/example_dags/example_trigger_controller_dag.py for tasks to queue
[2025-01-28T10:52:46.447+0000] {logging_mixin.py:190} INFO - [2025-01-28T10:52:46.445+0000] {dagbag.py:588} INFO - Filling up the DagBag from /mnt/c/Users/Admin/Desktop/ud_data/Dataslush_umang/airflow/airflow_venv/lib/python3.12/site-packages/airflow/example_dags/example_trigger_controller_dag.py
[2025-01-28T10:52:46.536+0000] {processor.py:925} INFO - DAG(s) 'example_trigger_controller_dag' retrieved from /mnt/c/Users/Admin/Desktop/ud_data/Dataslush_umang/airflow/airflow_venv/lib/python3.12/site-packages/airflow/example_dags/example_trigger_controller_dag.py
[2025-01-28T10:52:46.569+0000] {logging_mixin.py:190} INFO - [2025-01-28T10:52:46.568+0000] {dag.py:3239} INFO - Sync 1 DAGs
[2025-01-28T10:52:46.600+0000] {logging_mixin.py:190} INFO - [2025-01-28T10:52:46.598+0000] {dag.py:4180} INFO - Setting next_dagrun for example_trigger_controller_dag to 2021-01-01 00:00:00+00:00, run_after=2021-01-01 00:00:00+00:00
[2025-01-28T10:52:46.643+0000] {processor.py:208} INFO - Processing /mnt/c/Users/Admin/Desktop/ud_data/Dataslush_umang/airflow/airflow_venv/lib/python3.12/site-packages/airflow/example_dags/example_trigger_controller_dag.py took 0.227 seconds
[2025-01-28T10:54:34.705+0000] {processor.py:186} INFO - Started process (PID=18811) to work on /mnt/c/Users/Admin/Desktop/ud_data/Dataslush_umang/airflow/airflow_venv/lib/python3.12/site-packages/airflow/example_dags/example_trigger_controller_dag.py
[2025-01-28T10:54:34.708+0000] {processor.py:914} INFO - Processing file /mnt/c/Users/Admin/Desktop/ud_data/Dataslush_umang/airflow/airflow_venv/lib/python3.12/site-packages/airflow/example_dags/example_trigger_controller_dag.py for tasks to queue
[2025-01-28T10:54:34.714+0000] {logging_mixin.py:190} INFO - [2025-01-28T10:54:34.712+0000] {dagbag.py:588} INFO - Filling up the DagBag from /mnt/c/Users/Admin/Desktop/ud_data/Dataslush_umang/airflow/airflow_venv/lib/python3.12/site-packages/airflow/example_dags/example_trigger_controller_dag.py
[2025-01-28T10:54:34.821+0000] {processor.py:925} INFO - DAG(s) 'example_trigger_controller_dag' retrieved from /mnt/c/Users/Admin/Desktop/ud_data/Dataslush_umang/airflow/airflow_venv/lib/python3.12/site-packages/airflow/example_dags/example_trigger_controller_dag.py
[2025-01-28T10:54:34.852+0000] {logging_mixin.py:190} INFO - [2025-01-28T10:54:34.850+0000] {dag.py:3239} INFO - Sync 1 DAGs
[2025-01-28T10:54:34.883+0000] {logging_mixin.py:190} INFO - [2025-01-28T10:54:34.881+0000] {dag.py:4180} INFO - Setting next_dagrun for example_trigger_controller_dag to 2021-01-01 00:00:00+00:00, run_after=2021-01-01 00:00:00+00:00
[2025-01-28T10:54:34.927+0000] {processor.py:208} INFO - Processing /mnt/c/Users/Admin/Desktop/ud_data/Dataslush_umang/airflow/airflow_venv/lib/python3.12/site-packages/airflow/example_dags/example_trigger_controller_dag.py took 0.251 seconds
[2025-01-28T10:55:28.356+0000] {processor.py:186} INFO - Started process (PID=18900) to work on /mnt/c/Users/Admin/Desktop/ud_data/Dataslush_umang/airflow/airflow_venv/lib/python3.12/site-packages/airflow/example_dags/example_trigger_controller_dag.py
[2025-01-28T10:55:28.599+0000] {processor.py:914} INFO - Processing file /mnt/c/Users/Admin/Desktop/ud_data/Dataslush_umang/airflow/airflow_venv/lib/python3.12/site-packages/airflow/example_dags/example_trigger_controller_dag.py for tasks to queue
[2025-01-28T10:55:28.736+0000] {logging_mixin.py:190} INFO - [2025-01-28T10:55:28.734+0000] {dagbag.py:588} INFO - Filling up the DagBag from /mnt/c/Users/Admin/Desktop/ud_data/Dataslush_umang/airflow/airflow_venv/lib/python3.12/site-packages/airflow/example_dags/example_trigger_controller_dag.py
[2025-01-28T10:55:28.865+0000] {processor.py:925} INFO - DAG(s) 'example_trigger_controller_dag' retrieved from /mnt/c/Users/Admin/Desktop/ud_data/Dataslush_umang/airflow/airflow_venv/lib/python3.12/site-packages/airflow/example_dags/example_trigger_controller_dag.py
[2025-01-28T10:55:28.894+0000] {logging_mixin.py:190} INFO - [2025-01-28T10:55:28.892+0000] {dag.py:3239} INFO - Sync 1 DAGs
[2025-01-28T10:55:28.927+0000] {logging_mixin.py:190} INFO - [2025-01-28T10:55:28.925+0000] {dag.py:4180} INFO - Setting next_dagrun for example_trigger_controller_dag to 2021-01-01 00:00:00+00:00, run_after=2021-01-01 00:00:00+00:00
[2025-01-28T10:55:29.096+0000] {processor.py:208} INFO - Processing /mnt/c/Users/Admin/Desktop/ud_data/Dataslush_umang/airflow/airflow_venv/lib/python3.12/site-packages/airflow/example_dags/example_trigger_controller_dag.py took 0.768 seconds
[2025-01-28T10:57:03.294+0000] {processor.py:186} INFO - Started process (PID=19122) to work on /mnt/c/Users/Admin/Desktop/ud_data/Dataslush_umang/airflow/airflow_venv/lib/python3.12/site-packages/airflow/example_dags/example_trigger_controller_dag.py
[2025-01-28T10:57:33.563+0000] {processor.py:914} INFO - Processing file /mnt/c/Users/Admin/Desktop/ud_data/Dataslush_umang/airflow/airflow_venv/lib/python3.12/site-packages/airflow/example_dags/example_trigger_controller_dag.py for tasks to queue
[2025-01-28T10:57:33.569+0000] {logging_mixin.py:190} INFO - [2025-01-28T10:57:33.567+0000] {dagbag.py:588} INFO - Filling up the DagBag from /mnt/c/Users/Admin/Desktop/ud_data/Dataslush_umang/airflow/airflow_venv/lib/python3.12/site-packages/airflow/example_dags/example_trigger_controller_dag.py
[2025-01-28T10:57:33.674+0000] {processor.py:925} INFO - DAG(s) 'example_trigger_controller_dag' retrieved from /mnt/c/Users/Admin/Desktop/ud_data/Dataslush_umang/airflow/airflow_venv/lib/python3.12/site-packages/airflow/example_dags/example_trigger_controller_dag.py
[2025-01-28T10:57:33.706+0000] {logging_mixin.py:190} INFO - [2025-01-28T10:57:33.704+0000] {dag.py:3239} INFO - Sync 1 DAGs
[2025-01-28T10:57:33.735+0000] {logging_mixin.py:190} INFO - [2025-01-28T10:57:33.733+0000] {dag.py:4180} INFO - Setting next_dagrun for example_trigger_controller_dag to 2021-01-01 00:00:00+00:00, run_after=2021-01-01 00:00:00+00:00
[2025-01-28T10:57:03.904+0000] {processor.py:208} INFO - Processing /mnt/c/Users/Admin/Desktop/ud_data/Dataslush_umang/airflow/airflow_venv/lib/python3.12/site-packages/airflow/example_dags/example_trigger_controller_dag.py took 0.633 seconds
[2025-01-28T10:58:25.234+0000] {processor.py:186} INFO - Started process (PID=19267) to work on /mnt/c/Users/Admin/Desktop/ud_data/Dataslush_umang/airflow/airflow_venv/lib/python3.12/site-packages/airflow/example_dags/example_trigger_controller_dag.py
[2025-01-28T10:58:25.236+0000] {processor.py:914} INFO - Processing file /mnt/c/Users/Admin/Desktop/ud_data/Dataslush_umang/airflow/airflow_venv/lib/python3.12/site-packages/airflow/example_dags/example_trigger_controller_dag.py for tasks to queue
[2025-01-28T10:58:25.241+0000] {logging_mixin.py:190} INFO - [2025-01-28T10:58:25.239+0000] {dagbag.py:588} INFO - Filling up the DagBag from /mnt/c/Users/Admin/Desktop/ud_data/Dataslush_umang/airflow/airflow_venv/lib/python3.12/site-packages/airflow/example_dags/example_trigger_controller_dag.py
[2025-01-28T10:58:25.320+0000] {processor.py:925} INFO - DAG(s) 'example_trigger_controller_dag' retrieved from /mnt/c/Users/Admin/Desktop/ud_data/Dataslush_umang/airflow/airflow_venv/lib/python3.12/site-packages/airflow/example_dags/example_trigger_controller_dag.py
[2025-01-28T10:58:25.347+0000] {logging_mixin.py:190} INFO - [2025-01-28T10:58:25.346+0000] {dag.py:3239} INFO - Sync 1 DAGs
[2025-01-28T10:58:25.383+0000] {logging_mixin.py:190} INFO - [2025-01-28T10:58:25.382+0000] {dag.py:4180} INFO - Setting next_dagrun for example_trigger_controller_dag to 2021-01-01 00:00:00+00:00, run_after=2021-01-01 00:00:00+00:00
[2025-01-28T10:58:25.436+0000] {processor.py:208} INFO - Processing /mnt/c/Users/Admin/Desktop/ud_data/Dataslush_umang/airflow/airflow_venv/lib/python3.12/site-packages/airflow/example_dags/example_trigger_controller_dag.py took 0.231 seconds
[2025-01-28T10:59:12.742+0000] {processor.py:186} INFO - Started process (PID=19371) to work on /mnt/c/Users/Admin/Desktop/ud_data/Dataslush_umang/airflow/airflow_venv/lib/python3.12/site-packages/airflow/example_dags/example_trigger_controller_dag.py
[2025-01-28T10:59:12.745+0000] {processor.py:914} INFO - Processing file /mnt/c/Users/Admin/Desktop/ud_data/Dataslush_umang/airflow/airflow_venv/lib/python3.12/site-packages/airflow/example_dags/example_trigger_controller_dag.py for tasks to queue
[2025-01-28T10:59:12.750+0000] {logging_mixin.py:190} INFO - [2025-01-28T10:59:12.748+0000] {dagbag.py:588} INFO - Filling up the DagBag from /mnt/c/Users/Admin/Desktop/ud_data/Dataslush_umang/airflow/airflow_venv/lib/python3.12/site-packages/airflow/example_dags/example_trigger_controller_dag.py
[2025-01-28T10:59:42.945+0000] {processor.py:925} INFO - DAG(s) 'example_trigger_controller_dag' retrieved from /mnt/c/Users/Admin/Desktop/ud_data/Dataslush_umang/airflow/airflow_venv/lib/python3.12/site-packages/airflow/example_dags/example_trigger_controller_dag.py
[2025-01-28T10:59:42.980+0000] {logging_mixin.py:190} INFO - [2025-01-28T10:59:42.978+0000] {dag.py:3239} INFO - Sync 1 DAGs
[2025-01-28T10:59:43.022+0000] {logging_mixin.py:190} INFO - [2025-01-28T10:59:43.020+0000] {dag.py:4180} INFO - Setting next_dagrun for example_trigger_controller_dag to 2021-01-01 00:00:00+00:00, run_after=2021-01-01 00:00:00+00:00
[2025-01-28T10:59:43.072+0000] {processor.py:208} INFO - Processing /mnt/c/Users/Admin/Desktop/ud_data/Dataslush_umang/airflow/airflow_venv/lib/python3.12/site-packages/airflow/example_dags/example_trigger_controller_dag.py took 0.271 seconds
[2025-01-28T11:00:57.831+0000] {processor.py:186} INFO - Started process (PID=19547) to work on /mnt/c/Users/Admin/Desktop/ud_data/Dataslush_umang/airflow/airflow_venv/lib/python3.12/site-packages/airflow/example_dags/example_trigger_controller_dag.py
[2025-01-28T11:00:57.834+0000] {processor.py:914} INFO - Processing file /mnt/c/Users/Admin/Desktop/ud_data/Dataslush_umang/airflow/airflow_venv/lib/python3.12/site-packages/airflow/example_dags/example_trigger_controller_dag.py for tasks to queue
[2025-01-28T11:00:57.839+0000] {logging_mixin.py:190} INFO - [2025-01-28T11:00:57.837+0000] {dagbag.py:588} INFO - Filling up the DagBag from /mnt/c/Users/Admin/Desktop/ud_data/Dataslush_umang/airflow/airflow_venv/lib/python3.12/site-packages/airflow/example_dags/example_trigger_controller_dag.py
[2025-01-28T11:00:57.938+0000] {processor.py:925} INFO - DAG(s) 'example_trigger_controller_dag' retrieved from /mnt/c/Users/Admin/Desktop/ud_data/Dataslush_umang/airflow/airflow_venv/lib/python3.12/site-packages/airflow/example_dags/example_trigger_controller_dag.py
[2025-01-28T11:00:57.967+0000] {logging_mixin.py:190} INFO - [2025-01-28T11:00:57.965+0000] {dag.py:3239} INFO - Sync 1 DAGs
[2025-01-28T11:00:57.993+0000] {logging_mixin.py:190} INFO - [2025-01-28T11:00:57.991+0000] {dag.py:4180} INFO - Setting next_dagrun for example_trigger_controller_dag to 2021-01-01 00:00:00+00:00, run_after=2021-01-01 00:00:00+00:00
[2025-01-28T11:01:28.238+0000] {processor.py:208} INFO - Processing /mnt/c/Users/Admin/Desktop/ud_data/Dataslush_umang/airflow/airflow_venv/lib/python3.12/site-packages/airflow/example_dags/example_trigger_controller_dag.py took 0.345 seconds
[2025-01-28T11:01:52.919+0000] {processor.py:186} INFO - Started process (PID=19614) to work on /mnt/c/Users/Admin/Desktop/ud_data/Dataslush_umang/airflow/airflow_venv/lib/python3.12/site-packages/airflow/example_dags/example_trigger_controller_dag.py
[2025-01-28T11:01:52.922+0000] {processor.py:914} INFO - Processing file /mnt/c/Users/Admin/Desktop/ud_data/Dataslush_umang/airflow/airflow_venv/lib/python3.12/site-packages/airflow/example_dags/example_trigger_controller_dag.py for tasks to queue
[2025-01-28T11:01:52.928+0000] {logging_mixin.py:190} INFO - [2025-01-28T11:01:52.927+0000] {dagbag.py:588} INFO - Filling up the DagBag from /mnt/c/Users/Admin/Desktop/ud_data/Dataslush_umang/airflow/airflow_venv/lib/python3.12/site-packages/airflow/example_dags/example_trigger_controller_dag.py
[2025-01-28T11:01:53.067+0000] {processor.py:925} INFO - DAG(s) 'example_trigger_controller_dag' retrieved from /mnt/c/Users/Admin/Desktop/ud_data/Dataslush_umang/airflow/airflow_venv/lib/python3.12/site-packages/airflow/example_dags/example_trigger_controller_dag.py
[2025-01-28T11:01:53.108+0000] {logging_mixin.py:190} INFO - [2025-01-28T11:01:53.106+0000] {dag.py:3239} INFO - Sync 1 DAGs
[2025-01-28T11:02:23.235+0000] {logging_mixin.py:190} INFO - [2025-01-28T11:02:23.233+0000] {dag.py:4180} INFO - Setting next_dagrun for example_trigger_controller_dag to 2021-01-01 00:00:00+00:00, run_after=2021-01-01 00:00:00+00:00
[2025-01-28T11:02:23.488+0000] {processor.py:208} INFO - Processing /mnt/c/Users/Admin/Desktop/ud_data/Dataslush_umang/airflow/airflow_venv/lib/python3.12/site-packages/airflow/example_dags/example_trigger_controller_dag.py took 0.513 seconds
[2025-01-28T11:03:47.790+0000] {processor.py:186} INFO - Started process (PID=19758) to work on /mnt/c/Users/Admin/Desktop/ud_data/Dataslush_umang/airflow/airflow_venv/lib/python3.12/site-packages/airflow/example_dags/example_trigger_controller_dag.py
[2025-01-28T11:03:47.796+0000] {processor.py:914} INFO - Processing file /mnt/c/Users/Admin/Desktop/ud_data/Dataslush_umang/airflow/airflow_venv/lib/python3.12/site-packages/airflow/example_dags/example_trigger_controller_dag.py for tasks to queue
[2025-01-28T11:03:47.801+0000] {logging_mixin.py:190} INFO - [2025-01-28T11:03:47.800+0000] {dagbag.py:588} INFO - Filling up the DagBag from /mnt/c/Users/Admin/Desktop/ud_data/Dataslush_umang/airflow/airflow_venv/lib/python3.12/site-packages/airflow/example_dags/example_trigger_controller_dag.py
[2025-01-28T11:03:47.893+0000] {processor.py:925} INFO - DAG(s) 'example_trigger_controller_dag' retrieved from /mnt/c/Users/Admin/Desktop/ud_data/Dataslush_umang/airflow/airflow_venv/lib/python3.12/site-packages/airflow/example_dags/example_trigger_controller_dag.py
[2025-01-28T11:03:47.918+0000] {logging_mixin.py:190} INFO - [2025-01-28T11:03:47.916+0000] {dag.py:3239} INFO - Sync 1 DAGs
[2025-01-28T11:03:47.948+0000] {logging_mixin.py:190} INFO - [2025-01-28T11:03:47.947+0000] {dag.py:4180} INFO - Setting next_dagrun for example_trigger_controller_dag to 2021-01-01 00:00:00+00:00, run_after=2021-01-01 00:00:00+00:00
[2025-01-28T11:03:47.989+0000] {processor.py:208} INFO - Processing /mnt/c/Users/Admin/Desktop/ud_data/Dataslush_umang/airflow/airflow_venv/lib/python3.12/site-packages/airflow/example_dags/example_trigger_controller_dag.py took 0.226 seconds
[2025-01-28T11:04:38.988+0000] {processor.py:186} INFO - Started process (PID=19919) to work on /mnt/c/Users/Admin/Desktop/ud_data/Dataslush_umang/airflow/airflow_venv/lib/python3.12/site-packages/airflow/example_dags/example_trigger_controller_dag.py
[2025-01-28T11:04:39.301+0000] {processor.py:914} INFO - Processing file /mnt/c/Users/Admin/Desktop/ud_data/Dataslush_umang/airflow/airflow_venv/lib/python3.12/site-packages/airflow/example_dags/example_trigger_controller_dag.py for tasks to queue
[2025-01-28T11:04:39.313+0000] {logging_mixin.py:190} INFO - [2025-01-28T11:04:39.309+0000] {dagbag.py:588} INFO - Filling up the DagBag from /mnt/c/Users/Admin/Desktop/ud_data/Dataslush_umang/airflow/airflow_venv/lib/python3.12/site-packages/airflow/example_dags/example_trigger_controller_dag.py
[2025-01-28T11:04:39.452+0000] {processor.py:925} INFO - DAG(s) 'example_trigger_controller_dag' retrieved from /mnt/c/Users/Admin/Desktop/ud_data/Dataslush_umang/airflow/airflow_venv/lib/python3.12/site-packages/airflow/example_dags/example_trigger_controller_dag.py
[2025-01-28T11:04:39.480+0000] {logging_mixin.py:190} INFO - [2025-01-28T11:04:39.478+0000] {dag.py:3239} INFO - Sync 1 DAGs
[2025-01-28T11:04:39.508+0000] {logging_mixin.py:190} INFO - [2025-01-28T11:04:39.506+0000] {dag.py:4180} INFO - Setting next_dagrun for example_trigger_controller_dag to 2021-01-01 00:00:00+00:00, run_after=2021-01-01 00:00:00+00:00
[2025-01-28T11:04:39.651+0000] {processor.py:208} INFO - Processing /mnt/c/Users/Admin/Desktop/ud_data/Dataslush_umang/airflow/airflow_venv/lib/python3.12/site-packages/airflow/example_dags/example_trigger_controller_dag.py took 0.687 seconds
[2025-01-28T11:06:31.494+0000] {processor.py:186} INFO - Started process (PID=20027) to work on /mnt/c/Users/Admin/Desktop/ud_data/Dataslush_umang/airflow/airflow_venv/lib/python3.12/site-packages/airflow/example_dags/example_trigger_controller_dag.py
[2025-01-28T11:06:31.496+0000] {processor.py:914} INFO - Processing file /mnt/c/Users/Admin/Desktop/ud_data/Dataslush_umang/airflow/airflow_venv/lib/python3.12/site-packages/airflow/example_dags/example_trigger_controller_dag.py for tasks to queue
[2025-01-28T11:06:31.502+0000] {logging_mixin.py:190} INFO - [2025-01-28T11:06:31.500+0000] {dagbag.py:588} INFO - Filling up the DagBag from /mnt/c/Users/Admin/Desktop/ud_data/Dataslush_umang/airflow/airflow_venv/lib/python3.12/site-packages/airflow/example_dags/example_trigger_controller_dag.py
[2025-01-28T11:06:31.631+0000] {processor.py:925} INFO - DAG(s) 'example_trigger_controller_dag' retrieved from /mnt/c/Users/Admin/Desktop/ud_data/Dataslush_umang/airflow/airflow_venv/lib/python3.12/site-packages/airflow/example_dags/example_trigger_controller_dag.py
[2025-01-28T11:06:31.668+0000] {logging_mixin.py:190} INFO - [2025-01-28T11:06:31.666+0000] {dag.py:3239} INFO - Sync 1 DAGs
[2025-01-28T11:06:31.711+0000] {logging_mixin.py:190} INFO - [2025-01-28T11:06:31.709+0000] {dag.py:4180} INFO - Setting next_dagrun for example_trigger_controller_dag to 2021-01-01 00:00:00+00:00, run_after=2021-01-01 00:00:00+00:00
[2025-01-28T11:06:31.761+0000] {processor.py:208} INFO - Processing /mnt/c/Users/Admin/Desktop/ud_data/Dataslush_umang/airflow/airflow_venv/lib/python3.12/site-packages/airflow/example_dags/example_trigger_controller_dag.py took 0.300 seconds
[2025-01-28T11:07:36.824+0000] {processor.py:186} INFO - Started process (PID=20127) to work on /mnt/c/Users/Admin/Desktop/ud_data/Dataslush_umang/airflow/airflow_venv/lib/python3.12/site-packages/airflow/example_dags/example_trigger_controller_dag.py
[2025-01-28T11:07:36.827+0000] {processor.py:914} INFO - Processing file /mnt/c/Users/Admin/Desktop/ud_data/Dataslush_umang/airflow/airflow_venv/lib/python3.12/site-packages/airflow/example_dags/example_trigger_controller_dag.py for tasks to queue
[2025-01-28T11:07:36.834+0000] {logging_mixin.py:190} INFO - [2025-01-28T11:07:36.831+0000] {dagbag.py:588} INFO - Filling up the DagBag from /mnt/c/Users/Admin/Desktop/ud_data/Dataslush_umang/airflow/airflow_venv/lib/python3.12/site-packages/airflow/example_dags/example_trigger_controller_dag.py
[2025-01-28T11:07:36.947+0000] {processor.py:925} INFO - DAG(s) 'example_trigger_controller_dag' retrieved from /mnt/c/Users/Admin/Desktop/ud_data/Dataslush_umang/airflow/airflow_venv/lib/python3.12/site-packages/airflow/example_dags/example_trigger_controller_dag.py
[2025-01-28T11:07:36.976+0000] {logging_mixin.py:190} INFO - [2025-01-28T11:07:36.974+0000] {dag.py:3239} INFO - Sync 1 DAGs
[2025-01-28T11:07:37.010+0000] {logging_mixin.py:190} INFO - [2025-01-28T11:07:37.008+0000] {dag.py:4180} INFO - Setting next_dagrun for example_trigger_controller_dag to 2021-01-01 00:00:00+00:00, run_after=2021-01-01 00:00:00+00:00
[2025-01-28T11:07:37.051+0000] {processor.py:208} INFO - Processing /mnt/c/Users/Admin/Desktop/ud_data/Dataslush_umang/airflow/airflow_venv/lib/python3.12/site-packages/airflow/example_dags/example_trigger_controller_dag.py took 0.259 seconds
[2025-01-28T11:09:07.342+0000] {processor.py:186} INFO - Started process (PID=20275) to work on /mnt/c/Users/Admin/Desktop/ud_data/Dataslush_umang/airflow/airflow_venv/lib/python3.12/site-packages/airflow/example_dags/example_trigger_controller_dag.py
[2025-01-28T11:09:07.346+0000] {processor.py:914} INFO - Processing file /mnt/c/Users/Admin/Desktop/ud_data/Dataslush_umang/airflow/airflow_venv/lib/python3.12/site-packages/airflow/example_dags/example_trigger_controller_dag.py for tasks to queue
[2025-01-28T11:09:07.352+0000] {logging_mixin.py:190} INFO - [2025-01-28T11:09:07.350+0000] {dagbag.py:588} INFO - Filling up the DagBag from /mnt/c/Users/Admin/Desktop/ud_data/Dataslush_umang/airflow/airflow_venv/lib/python3.12/site-packages/airflow/example_dags/example_trigger_controller_dag.py
[2025-01-28T11:09:07.480+0000] {processor.py:925} INFO - DAG(s) 'example_trigger_controller_dag' retrieved from /mnt/c/Users/Admin/Desktop/ud_data/Dataslush_umang/airflow/airflow_venv/lib/python3.12/site-packages/airflow/example_dags/example_trigger_controller_dag.py
[2025-01-28T11:09:07.509+0000] {logging_mixin.py:190} INFO - [2025-01-28T11:09:07.507+0000] {dag.py:3239} INFO - Sync 1 DAGs
[2025-01-28T11:09:07.542+0000] {logging_mixin.py:190} INFO - [2025-01-28T11:09:07.539+0000] {dag.py:4180} INFO - Setting next_dagrun for example_trigger_controller_dag to 2021-01-01 00:00:00+00:00, run_after=2021-01-01 00:00:00+00:00
[2025-01-28T11:09:07.607+0000] {processor.py:208} INFO - Processing /mnt/c/Users/Admin/Desktop/ud_data/Dataslush_umang/airflow/airflow_venv/lib/python3.12/site-packages/airflow/example_dags/example_trigger_controller_dag.py took 0.295 seconds
[2025-01-28T11:09:59.429+0000] {processor.py:186} INFO - Started process (PID=20413) to work on /mnt/c/Users/Admin/Desktop/ud_data/Dataslush_umang/airflow/airflow_venv/lib/python3.12/site-packages/airflow/example_dags/example_trigger_controller_dag.py
[2025-01-28T11:09:59.561+0000] {processor.py:914} INFO - Processing file /mnt/c/Users/Admin/Desktop/ud_data/Dataslush_umang/airflow/airflow_venv/lib/python3.12/site-packages/airflow/example_dags/example_trigger_controller_dag.py for tasks to queue
[2025-01-28T11:09:59.567+0000] {logging_mixin.py:190} INFO - [2025-01-28T11:09:59.565+0000] {dagbag.py:588} INFO - Filling up the DagBag from /mnt/c/Users/Admin/Desktop/ud_data/Dataslush_umang/airflow/airflow_venv/lib/python3.12/site-packages/airflow/example_dags/example_trigger_controller_dag.py
[2025-01-28T11:09:59.672+0000] {processor.py:925} INFO - DAG(s) 'example_trigger_controller_dag' retrieved from /mnt/c/Users/Admin/Desktop/ud_data/Dataslush_umang/airflow/airflow_venv/lib/python3.12/site-packages/airflow/example_dags/example_trigger_controller_dag.py
[2025-01-28T11:09:59.703+0000] {logging_mixin.py:190} INFO - [2025-01-28T11:09:59.702+0000] {dag.py:3239} INFO - Sync 1 DAGs
[2025-01-28T11:09:59.733+0000] {logging_mixin.py:190} INFO - [2025-01-28T11:09:59.732+0000] {dag.py:4180} INFO - Setting next_dagrun for example_trigger_controller_dag to 2021-01-01 00:00:00+00:00, run_after=2021-01-01 00:00:00+00:00
[2025-01-28T11:10:01.080+0000] {processor.py:208} INFO - Processing /mnt/c/Users/Admin/Desktop/ud_data/Dataslush_umang/airflow/airflow_venv/lib/python3.12/site-packages/airflow/example_dags/example_trigger_controller_dag.py took 1.679 seconds
[2025-01-28T11:11:31.314+0000] {processor.py:186} INFO - Started process (PID=20533) to work on /mnt/c/Users/Admin/Desktop/ud_data/Dataslush_umang/airflow/airflow_venv/lib/python3.12/site-packages/airflow/example_dags/example_trigger_controller_dag.py
[2025-01-28T11:11:31.317+0000] {processor.py:914} INFO - Processing file /mnt/c/Users/Admin/Desktop/ud_data/Dataslush_umang/airflow/airflow_venv/lib/python3.12/site-packages/airflow/example_dags/example_trigger_controller_dag.py for tasks to queue
[2025-01-28T11:11:31.322+0000] {logging_mixin.py:190} INFO - [2025-01-28T11:11:31.320+0000] {dagbag.py:588} INFO - Filling up the DagBag from /mnt/c/Users/Admin/Desktop/ud_data/Dataslush_umang/airflow/airflow_venv/lib/python3.12/site-packages/airflow/example_dags/example_trigger_controller_dag.py
[2025-01-28T11:11:31.452+0000] {processor.py:925} INFO - DAG(s) 'example_trigger_controller_dag' retrieved from /mnt/c/Users/Admin/Desktop/ud_data/Dataslush_umang/airflow/airflow_venv/lib/python3.12/site-packages/airflow/example_dags/example_trigger_controller_dag.py
[2025-01-28T11:11:31.484+0000] {logging_mixin.py:190} INFO - [2025-01-28T11:11:31.482+0000] {dag.py:3239} INFO - Sync 1 DAGs
[2025-01-28T11:11:31.519+0000] {logging_mixin.py:190} INFO - [2025-01-28T11:11:31.517+0000] {dag.py:4180} INFO - Setting next_dagrun for example_trigger_controller_dag to 2021-01-01 00:00:00+00:00, run_after=2021-01-01 00:00:00+00:00
[2025-01-28T11:11:31.568+0000] {processor.py:208} INFO - Processing /mnt/c/Users/Admin/Desktop/ud_data/Dataslush_umang/airflow/airflow_venv/lib/python3.12/site-packages/airflow/example_dags/example_trigger_controller_dag.py took 0.284 seconds
[2025-01-28T11:13:07.360+0000] {processor.py:186} INFO - Started process (PID=20647) to work on /mnt/c/Users/Admin/Desktop/ud_data/Dataslush_umang/airflow/airflow_venv/lib/python3.12/site-packages/airflow/example_dags/example_trigger_controller_dag.py
[2025-01-28T11:13:07.364+0000] {processor.py:914} INFO - Processing file /mnt/c/Users/Admin/Desktop/ud_data/Dataslush_umang/airflow/airflow_venv/lib/python3.12/site-packages/airflow/example_dags/example_trigger_controller_dag.py for tasks to queue
[2025-01-28T11:13:07.370+0000] {logging_mixin.py:190} INFO - [2025-01-28T11:13:07.368+0000] {dagbag.py:588} INFO - Filling up the DagBag from /mnt/c/Users/Admin/Desktop/ud_data/Dataslush_umang/airflow/airflow_venv/lib/python3.12/site-packages/airflow/example_dags/example_trigger_controller_dag.py
[2025-01-28T11:13:07.482+0000] {processor.py:925} INFO - DAG(s) 'example_trigger_controller_dag' retrieved from /mnt/c/Users/Admin/Desktop/ud_data/Dataslush_umang/airflow/airflow_venv/lib/python3.12/site-packages/airflow/example_dags/example_trigger_controller_dag.py
[2025-01-28T11:13:07.512+0000] {logging_mixin.py:190} INFO - [2025-01-28T11:13:07.510+0000] {dag.py:3239} INFO - Sync 1 DAGs
[2025-01-28T11:13:07.542+0000] {logging_mixin.py:190} INFO - [2025-01-28T11:13:07.541+0000] {dag.py:4180} INFO - Setting next_dagrun for example_trigger_controller_dag to 2021-01-01 00:00:00+00:00, run_after=2021-01-01 00:00:00+00:00
[2025-01-28T11:13:07.583+0000] {processor.py:208} INFO - Processing /mnt/c/Users/Admin/Desktop/ud_data/Dataslush_umang/airflow/airflow_venv/lib/python3.12/site-packages/airflow/example_dags/example_trigger_controller_dag.py took 0.248 seconds
[2025-01-28T11:14:38.391+0000] {processor.py:186} INFO - Started process (PID=20752) to work on /mnt/c/Users/Admin/Desktop/ud_data/Dataslush_umang/airflow/airflow_venv/lib/python3.12/site-packages/airflow/example_dags/example_trigger_controller_dag.py
[2025-01-28T11:14:38.394+0000] {processor.py:914} INFO - Processing file /mnt/c/Users/Admin/Desktop/ud_data/Dataslush_umang/airflow/airflow_venv/lib/python3.12/site-packages/airflow/example_dags/example_trigger_controller_dag.py for tasks to queue
[2025-01-28T11:14:38.400+0000] {logging_mixin.py:190} INFO - [2025-01-28T11:14:38.398+0000] {dagbag.py:588} INFO - Filling up the DagBag from /mnt/c/Users/Admin/Desktop/ud_data/Dataslush_umang/airflow/airflow_venv/lib/python3.12/site-packages/airflow/example_dags/example_trigger_controller_dag.py
[2025-01-28T11:14:38.504+0000] {processor.py:925} INFO - DAG(s) 'example_trigger_controller_dag' retrieved from /mnt/c/Users/Admin/Desktop/ud_data/Dataslush_umang/airflow/airflow_venv/lib/python3.12/site-packages/airflow/example_dags/example_trigger_controller_dag.py
[2025-01-28T11:14:38.535+0000] {logging_mixin.py:190} INFO - [2025-01-28T11:14:38.533+0000] {dag.py:3239} INFO - Sync 1 DAGs
[2025-01-28T11:14:38.567+0000] {logging_mixin.py:190} INFO - [2025-01-28T11:14:38.565+0000] {dag.py:4180} INFO - Setting next_dagrun for example_trigger_controller_dag to 2021-01-01 00:00:00+00:00, run_after=2021-01-01 00:00:00+00:00
[2025-01-28T11:14:38.613+0000] {processor.py:208} INFO - Processing /mnt/c/Users/Admin/Desktop/ud_data/Dataslush_umang/airflow/airflow_venv/lib/python3.12/site-packages/airflow/example_dags/example_trigger_controller_dag.py took 0.248 seconds
