[2025-01-28T10:12:06.426+0000] {processor.py:186} INFO - Started process (PID=14709) to work on /mnt/c/Users/Admin/Desktop/ud_data/Dataslush_umang/airflow/airflow_venv/lib/python3.12/site-packages/airflow/example_dags/example_task_group.py
[2025-01-28T10:12:06.429+0000] {processor.py:914} INFO - Processing file /mnt/c/Users/Admin/Desktop/ud_data/Dataslush_umang/airflow/airflow_venv/lib/python3.12/site-packages/airflow/example_dags/example_task_group.py for tasks to queue
[2025-01-28T10:12:06.434+0000] {logging_mixin.py:190} INFO - [2025-01-28T10:12:06.433+0000] {dagbag.py:588} INFO - Filling up the DagBag from /mnt/c/Users/Admin/Desktop/ud_data/Dataslush_umang/airflow/airflow_venv/lib/python3.12/site-packages/airflow/example_dags/example_task_group.py
[2025-01-28T10:12:06.558+0000] {processor.py:925} INFO - DAG(s) 'example_task_group' retrieved from /mnt/c/Users/Admin/Desktop/ud_data/Dataslush_umang/airflow/airflow_venv/lib/python3.12/site-packages/airflow/example_dags/example_task_group.py
[2025-01-28T10:12:38.315+0000] {logging_mixin.py:190} INFO - [2025-01-28T10:12:38.313+0000] {override.py:1912} INFO - Created Permission View: can edit on DAG:example_task_group
[2025-01-28T10:12:08.894+0000] {logging_mixin.py:190} INFO - [2025-01-28T10:12:08.892+0000] {override.py:1912} INFO - Created Permission View: can read on DAG:example_task_group
[2025-01-28T10:12:08.941+0000] {logging_mixin.py:190} INFO - [2025-01-28T10:12:08.938+0000] {override.py:1912} INFO - Created Permission View: can delete on DAG:example_task_group
[2025-01-28T10:12:09.135+0000] {logging_mixin.py:190} INFO - [2025-01-28T10:12:09.133+0000] {override.py:1912} INFO - Created Permission View: can create on DAG Run:example_task_group
[2025-01-28T10:12:09.161+0000] {logging_mixin.py:190} INFO - [2025-01-28T10:12:09.159+0000] {override.py:1912} INFO - Created Permission View: menu access on DAG Run:example_task_group
[2025-01-28T10:12:09.238+0000] {logging_mixin.py:190} INFO - [2025-01-28T10:12:09.236+0000] {override.py:1912} INFO - Created Permission View: can read on DAG Run:example_task_group
[2025-01-28T10:12:09.272+0000] {logging_mixin.py:190} INFO - [2025-01-28T10:12:09.270+0000] {override.py:1912} INFO - Created Permission View: can delete on DAG Run:example_task_group
[2025-01-28T10:12:09.275+0000] {logging_mixin.py:190} INFO - [2025-01-28T10:12:09.273+0000] {dag.py:3239} INFO - Sync 1 DAGs
[2025-01-28T10:12:09.303+0000] {logging_mixin.py:190} INFO - [2025-01-28T10:12:09.302+0000] {dag.py:3262} INFO - Creating ORM DAG for example_task_group
[2025-01-28T10:12:09.307+0000] {logging_mixin.py:190} INFO - [2025-01-28T10:12:09.305+0000] {dag.py:4180} INFO - Setting next_dagrun for example_task_group to None, run_after=None
[2025-01-28T10:12:09.406+0000] {processor.py:208} INFO - Processing /mnt/c/Users/Admin/Desktop/ud_data/Dataslush_umang/airflow/airflow_venv/lib/python3.12/site-packages/airflow/example_dags/example_task_group.py took 2.995 seconds
[2025-01-28T10:15:31.499+0000] {processor.py:186} INFO - Started process (PID=14963) to work on /mnt/c/Users/Admin/Desktop/ud_data/Dataslush_umang/airflow/airflow_venv/lib/python3.12/site-packages/airflow/example_dags/example_task_group.py
[2025-01-28T10:15:31.501+0000] {processor.py:914} INFO - Processing file /mnt/c/Users/Admin/Desktop/ud_data/Dataslush_umang/airflow/airflow_venv/lib/python3.12/site-packages/airflow/example_dags/example_task_group.py for tasks to queue
[2025-01-28T10:15:31.506+0000] {logging_mixin.py:190} INFO - [2025-01-28T10:15:31.504+0000] {dagbag.py:588} INFO - Filling up the DagBag from /mnt/c/Users/Admin/Desktop/ud_data/Dataslush_umang/airflow/airflow_venv/lib/python3.12/site-packages/airflow/example_dags/example_task_group.py
[2025-01-28T10:15:31.596+0000] {processor.py:925} INFO - DAG(s) 'example_task_group' retrieved from /mnt/c/Users/Admin/Desktop/ud_data/Dataslush_umang/airflow/airflow_venv/lib/python3.12/site-packages/airflow/example_dags/example_task_group.py
[2025-01-28T10:15:01.544+0000] {logging_mixin.py:190} INFO - [2025-01-28T10:15:01.542+0000] {dag.py:3239} INFO - Sync 1 DAGs
[2025-01-28T10:15:01.558+0000] {logging_mixin.py:190} INFO - [2025-01-28T10:15:01.556+0000] {dag.py:4180} INFO - Setting next_dagrun for example_task_group to None, run_after=None
[2025-01-28T10:15:02.332+0000] {processor.py:208} INFO - Processing /mnt/c/Users/Admin/Desktop/ud_data/Dataslush_umang/airflow/airflow_venv/lib/python3.12/site-packages/airflow/example_dags/example_task_group.py took 0.933 seconds
[2025-01-28T10:16:07.664+0000] {processor.py:186} INFO - Started process (PID=15070) to work on /mnt/c/Users/Admin/Desktop/ud_data/Dataslush_umang/airflow/airflow_venv/lib/python3.12/site-packages/airflow/example_dags/example_task_group.py
[2025-01-28T10:16:07.668+0000] {processor.py:914} INFO - Processing file /mnt/c/Users/Admin/Desktop/ud_data/Dataslush_umang/airflow/airflow_venv/lib/python3.12/site-packages/airflow/example_dags/example_task_group.py for tasks to queue
[2025-01-28T10:16:07.673+0000] {logging_mixin.py:190} INFO - [2025-01-28T10:16:07.671+0000] {dagbag.py:588} INFO - Filling up the DagBag from /mnt/c/Users/Admin/Desktop/ud_data/Dataslush_umang/airflow/airflow_venv/lib/python3.12/site-packages/airflow/example_dags/example_task_group.py
[2025-01-28T10:16:07.767+0000] {processor.py:925} INFO - DAG(s) 'example_task_group' retrieved from /mnt/c/Users/Admin/Desktop/ud_data/Dataslush_umang/airflow/airflow_venv/lib/python3.12/site-packages/airflow/example_dags/example_task_group.py
[2025-01-28T10:16:07.792+0000] {logging_mixin.py:190} INFO - [2025-01-28T10:16:07.791+0000] {dag.py:3239} INFO - Sync 1 DAGs
[2025-01-28T10:16:07.806+0000] {logging_mixin.py:190} INFO - [2025-01-28T10:16:07.804+0000] {dag.py:4180} INFO - Setting next_dagrun for example_task_group to None, run_after=None
[2025-01-28T10:16:07.843+0000] {processor.py:208} INFO - Processing /mnt/c/Users/Admin/Desktop/ud_data/Dataslush_umang/airflow/airflow_venv/lib/python3.12/site-packages/airflow/example_dags/example_task_group.py took 0.203 seconds
[2025-01-28T10:17:56.662+0000] {processor.py:186} INFO - Started process (PID=15268) to work on /mnt/c/Users/Admin/Desktop/ud_data/Dataslush_umang/airflow/airflow_venv/lib/python3.12/site-packages/airflow/example_dags/example_task_group.py
[2025-01-28T10:17:56.666+0000] {processor.py:914} INFO - Processing file /mnt/c/Users/Admin/Desktop/ud_data/Dataslush_umang/airflow/airflow_venv/lib/python3.12/site-packages/airflow/example_dags/example_task_group.py for tasks to queue
[2025-01-28T10:17:56.673+0000] {logging_mixin.py:190} INFO - [2025-01-28T10:17:56.671+0000] {dagbag.py:588} INFO - Filling up the DagBag from /mnt/c/Users/Admin/Desktop/ud_data/Dataslush_umang/airflow/airflow_venv/lib/python3.12/site-packages/airflow/example_dags/example_task_group.py
[2025-01-28T10:17:56.855+0000] {processor.py:925} INFO - DAG(s) 'example_task_group' retrieved from /mnt/c/Users/Admin/Desktop/ud_data/Dataslush_umang/airflow/airflow_venv/lib/python3.12/site-packages/airflow/example_dags/example_task_group.py
[2025-01-28T10:17:56.896+0000] {logging_mixin.py:190} INFO - [2025-01-28T10:17:56.894+0000] {dag.py:3239} INFO - Sync 1 DAGs
[2025-01-28T10:17:56.921+0000] {logging_mixin.py:190} INFO - [2025-01-28T10:17:56.919+0000] {dag.py:4180} INFO - Setting next_dagrun for example_task_group to None, run_after=None
[2025-01-28T10:17:56.980+0000] {processor.py:208} INFO - Processing /mnt/c/Users/Admin/Desktop/ud_data/Dataslush_umang/airflow/airflow_venv/lib/python3.12/site-packages/airflow/example_dags/example_task_group.py took 0.346 seconds
[2025-01-28T10:19:09.397+0000] {processor.py:186} INFO - Started process (PID=15392) to work on /mnt/c/Users/Admin/Desktop/ud_data/Dataslush_umang/airflow/airflow_venv/lib/python3.12/site-packages/airflow/example_dags/example_task_group.py
[2025-01-28T10:19:09.608+0000] {processor.py:914} INFO - Processing file /mnt/c/Users/Admin/Desktop/ud_data/Dataslush_umang/airflow/airflow_venv/lib/python3.12/site-packages/airflow/example_dags/example_task_group.py for tasks to queue
[2025-01-28T10:19:09.622+0000] {logging_mixin.py:190} INFO - [2025-01-28T10:19:09.617+0000] {dagbag.py:588} INFO - Filling up the DagBag from /mnt/c/Users/Admin/Desktop/ud_data/Dataslush_umang/airflow/airflow_venv/lib/python3.12/site-packages/airflow/example_dags/example_task_group.py
[2025-01-28T10:19:09.963+0000] {processor.py:925} INFO - DAG(s) 'example_task_group' retrieved from /mnt/c/Users/Admin/Desktop/ud_data/Dataslush_umang/airflow/airflow_venv/lib/python3.12/site-packages/airflow/example_dags/example_task_group.py
[2025-01-28T10:19:10.030+0000] {logging_mixin.py:190} INFO - [2025-01-28T10:19:10.027+0000] {dag.py:3239} INFO - Sync 1 DAGs
[2025-01-28T10:19:10.049+0000] {logging_mixin.py:190} INFO - [2025-01-28T10:19:10.046+0000] {dag.py:4180} INFO - Setting next_dagrun for example_task_group to None, run_after=None
[2025-01-28T10:19:10.686+0000] {processor.py:208} INFO - Processing /mnt/c/Users/Admin/Desktop/ud_data/Dataslush_umang/airflow/airflow_venv/lib/python3.12/site-packages/airflow/example_dags/example_task_group.py took 1.319 seconds
[2025-01-28T10:20:28.072+0000] {processor.py:186} INFO - Started process (PID=15510) to work on /mnt/c/Users/Admin/Desktop/ud_data/Dataslush_umang/airflow/airflow_venv/lib/python3.12/site-packages/airflow/example_dags/example_task_group.py
[2025-01-28T10:20:28.203+0000] {processor.py:914} INFO - Processing file /mnt/c/Users/Admin/Desktop/ud_data/Dataslush_umang/airflow/airflow_venv/lib/python3.12/site-packages/airflow/example_dags/example_task_group.py for tasks to queue
[2025-01-28T10:20:28.218+0000] {logging_mixin.py:190} INFO - [2025-01-28T10:20:28.213+0000] {dagbag.py:588} INFO - Filling up the DagBag from /mnt/c/Users/Admin/Desktop/ud_data/Dataslush_umang/airflow/airflow_venv/lib/python3.12/site-packages/airflow/example_dags/example_task_group.py
[2025-01-28T10:20:28.568+0000] {processor.py:925} INFO - DAG(s) 'example_task_group' retrieved from /mnt/c/Users/Admin/Desktop/ud_data/Dataslush_umang/airflow/airflow_venv/lib/python3.12/site-packages/airflow/example_dags/example_task_group.py
[2025-01-28T10:20:28.639+0000] {logging_mixin.py:190} INFO - [2025-01-28T10:20:28.636+0000] {dag.py:3239} INFO - Sync 1 DAGs
[2025-01-28T10:20:28.671+0000] {logging_mixin.py:190} INFO - [2025-01-28T10:20:28.668+0000] {dag.py:4180} INFO - Setting next_dagrun for example_task_group to None, run_after=None
[2025-01-28T10:20:58.840+0000] {processor.py:208} INFO - Processing /mnt/c/Users/Admin/Desktop/ud_data/Dataslush_umang/airflow/airflow_venv/lib/python3.12/site-packages/airflow/example_dags/example_task_group.py took 0.727 seconds
[2025-01-28T10:22:02.936+0000] {processor.py:186} INFO - Started process (PID=15629) to work on /mnt/c/Users/Admin/Desktop/ud_data/Dataslush_umang/airflow/airflow_venv/lib/python3.12/site-packages/airflow/example_dags/example_task_group.py
[2025-01-28T10:22:03.164+0000] {processor.py:914} INFO - Processing file /mnt/c/Users/Admin/Desktop/ud_data/Dataslush_umang/airflow/airflow_venv/lib/python3.12/site-packages/airflow/example_dags/example_task_group.py for tasks to queue
[2025-01-28T10:22:03.178+0000] {logging_mixin.py:190} INFO - [2025-01-28T10:22:03.173+0000] {dagbag.py:588} INFO - Filling up the DagBag from /mnt/c/Users/Admin/Desktop/ud_data/Dataslush_umang/airflow/airflow_venv/lib/python3.12/site-packages/airflow/example_dags/example_task_group.py
[2025-01-28T10:22:03.471+0000] {processor.py:925} INFO - DAG(s) 'example_task_group' retrieved from /mnt/c/Users/Admin/Desktop/ud_data/Dataslush_umang/airflow/airflow_venv/lib/python3.12/site-packages/airflow/example_dags/example_task_group.py
[2025-01-28T10:22:03.502+0000] {logging_mixin.py:190} INFO - [2025-01-28T10:22:03.500+0000] {dag.py:3239} INFO - Sync 1 DAGs
[2025-01-28T10:22:03.519+0000] {logging_mixin.py:190} INFO - [2025-01-28T10:22:03.517+0000] {dag.py:4180} INFO - Setting next_dagrun for example_task_group to None, run_after=None
[2025-01-28T10:22:34.085+0000] {processor.py:208} INFO - Processing /mnt/c/Users/Admin/Desktop/ud_data/Dataslush_umang/airflow/airflow_venv/lib/python3.12/site-packages/airflow/example_dags/example_task_group.py took 1.061 seconds
[2025-01-28T10:24:14.192+0000] {processor.py:186} INFO - Started process (PID=15817) to work on /mnt/c/Users/Admin/Desktop/ud_data/Dataslush_umang/airflow/airflow_venv/lib/python3.12/site-packages/airflow/example_dags/example_task_group.py
[2025-01-28T10:24:14.197+0000] {processor.py:914} INFO - Processing file /mnt/c/Users/Admin/Desktop/ud_data/Dataslush_umang/airflow/airflow_venv/lib/python3.12/site-packages/airflow/example_dags/example_task_group.py for tasks to queue
[2025-01-28T10:24:14.206+0000] {logging_mixin.py:190} INFO - [2025-01-28T10:24:14.203+0000] {dagbag.py:588} INFO - Filling up the DagBag from /mnt/c/Users/Admin/Desktop/ud_data/Dataslush_umang/airflow/airflow_venv/lib/python3.12/site-packages/airflow/example_dags/example_task_group.py
[2025-01-28T10:24:14.447+0000] {processor.py:925} INFO - DAG(s) 'example_task_group' retrieved from /mnt/c/Users/Admin/Desktop/ud_data/Dataslush_umang/airflow/airflow_venv/lib/python3.12/site-packages/airflow/example_dags/example_task_group.py
[2025-01-28T10:23:44.563+0000] {logging_mixin.py:190} INFO - [2025-01-28T10:23:44.562+0000] {dag.py:3239} INFO - Sync 1 DAGs
[2025-01-28T10:23:44.581+0000] {logging_mixin.py:190} INFO - [2025-01-28T10:23:44.579+0000] {dag.py:4180} INFO - Setting next_dagrun for example_task_group to None, run_after=None
[2025-01-28T10:23:45.639+0000] {processor.py:208} INFO - Processing /mnt/c/Users/Admin/Desktop/ud_data/Dataslush_umang/airflow/airflow_venv/lib/python3.12/site-packages/airflow/example_dags/example_task_group.py took 1.620 seconds
[2025-01-28T10:25:22.212+0000] {processor.py:186} INFO - Started process (PID=16027) to work on /mnt/c/Users/Admin/Desktop/ud_data/Dataslush_umang/airflow/airflow_venv/lib/python3.12/site-packages/airflow/example_dags/example_task_group.py
[2025-01-28T10:25:22.221+0000] {processor.py:914} INFO - Processing file /mnt/c/Users/Admin/Desktop/ud_data/Dataslush_umang/airflow/airflow_venv/lib/python3.12/site-packages/airflow/example_dags/example_task_group.py for tasks to queue
[2025-01-28T10:25:22.236+0000] {logging_mixin.py:190} INFO - [2025-01-28T10:25:22.231+0000] {dagbag.py:588} INFO - Filling up the DagBag from /mnt/c/Users/Admin/Desktop/ud_data/Dataslush_umang/airflow/airflow_venv/lib/python3.12/site-packages/airflow/example_dags/example_task_group.py
[2025-01-28T10:25:22.411+0000] {processor.py:925} INFO - DAG(s) 'example_task_group' retrieved from /mnt/c/Users/Admin/Desktop/ud_data/Dataslush_umang/airflow/airflow_venv/lib/python3.12/site-packages/airflow/example_dags/example_task_group.py
[2025-01-28T10:25:22.442+0000] {logging_mixin.py:190} INFO - [2025-01-28T10:25:22.440+0000] {dag.py:3239} INFO - Sync 1 DAGs
[2025-01-28T10:25:22.461+0000] {logging_mixin.py:190} INFO - [2025-01-28T10:25:22.459+0000] {dag.py:4180} INFO - Setting next_dagrun for example_task_group to None, run_after=None
[2025-01-28T10:25:22.502+0000] {processor.py:208} INFO - Processing /mnt/c/Users/Admin/Desktop/ud_data/Dataslush_umang/airflow/airflow_venv/lib/python3.12/site-packages/airflow/example_dags/example_task_group.py took 0.361 seconds
[2025-01-28T10:26:37.288+0000] {processor.py:186} INFO - Started process (PID=16205) to work on /mnt/c/Users/Admin/Desktop/ud_data/Dataslush_umang/airflow/airflow_venv/lib/python3.12/site-packages/airflow/example_dags/example_task_group.py
[2025-01-28T10:26:37.294+0000] {processor.py:914} INFO - Processing file /mnt/c/Users/Admin/Desktop/ud_data/Dataslush_umang/airflow/airflow_venv/lib/python3.12/site-packages/airflow/example_dags/example_task_group.py for tasks to queue
[2025-01-28T10:26:37.307+0000] {logging_mixin.py:190} INFO - [2025-01-28T10:26:37.303+0000] {dagbag.py:588} INFO - Filling up the DagBag from /mnt/c/Users/Admin/Desktop/ud_data/Dataslush_umang/airflow/airflow_venv/lib/python3.12/site-packages/airflow/example_dags/example_task_group.py
[2025-01-28T10:26:37.472+0000] {processor.py:925} INFO - DAG(s) 'example_task_group' retrieved from /mnt/c/Users/Admin/Desktop/ud_data/Dataslush_umang/airflow/airflow_venv/lib/python3.12/site-packages/airflow/example_dags/example_task_group.py
[2025-01-28T10:26:37.505+0000] {logging_mixin.py:190} INFO - [2025-01-28T10:26:37.503+0000] {dag.py:3239} INFO - Sync 1 DAGs
[2025-01-28T10:26:37.524+0000] {logging_mixin.py:190} INFO - [2025-01-28T10:26:37.522+0000] {dag.py:4180} INFO - Setting next_dagrun for example_task_group to None, run_after=None
[2025-01-28T10:26:37.577+0000] {processor.py:208} INFO - Processing /mnt/c/Users/Admin/Desktop/ud_data/Dataslush_umang/airflow/airflow_venv/lib/python3.12/site-packages/airflow/example_dags/example_task_group.py took 0.354 seconds
[2025-01-28T10:28:10.153+0000] {processor.py:186} INFO - Started process (PID=16293) to work on /mnt/c/Users/Admin/Desktop/ud_data/Dataslush_umang/airflow/airflow_venv/lib/python3.12/site-packages/airflow/example_dags/example_task_group.py
[2025-01-28T10:28:10.280+0000] {processor.py:914} INFO - Processing file /mnt/c/Users/Admin/Desktop/ud_data/Dataslush_umang/airflow/airflow_venv/lib/python3.12/site-packages/airflow/example_dags/example_task_group.py for tasks to queue
[2025-01-28T10:28:10.296+0000] {logging_mixin.py:190} INFO - [2025-01-28T10:28:10.291+0000] {dagbag.py:588} INFO - Filling up the DagBag from /mnt/c/Users/Admin/Desktop/ud_data/Dataslush_umang/airflow/airflow_venv/lib/python3.12/site-packages/airflow/example_dags/example_task_group.py
[2025-01-28T10:28:10.524+0000] {processor.py:925} INFO - DAG(s) 'example_task_group' retrieved from /mnt/c/Users/Admin/Desktop/ud_data/Dataslush_umang/airflow/airflow_venv/lib/python3.12/site-packages/airflow/example_dags/example_task_group.py
[2025-01-28T10:28:10.554+0000] {logging_mixin.py:190} INFO - [2025-01-28T10:28:10.552+0000] {dag.py:3239} INFO - Sync 1 DAGs
[2025-01-28T10:28:10.572+0000] {logging_mixin.py:190} INFO - [2025-01-28T10:28:10.570+0000] {dag.py:4180} INFO - Setting next_dagrun for example_task_group to None, run_after=None
[2025-01-28T10:28:12.066+0000] {processor.py:208} INFO - Processing /mnt/c/Users/Admin/Desktop/ud_data/Dataslush_umang/airflow/airflow_venv/lib/python3.12/site-packages/airflow/example_dags/example_task_group.py took 1.983 seconds
[2025-01-28T10:30:02.206+0000] {processor.py:186} INFO - Started process (PID=16371) to work on /mnt/c/Users/Admin/Desktop/ud_data/Dataslush_umang/airflow/airflow_venv/lib/python3.12/site-packages/airflow/example_dags/example_task_group.py
[2025-01-28T10:30:02.213+0000] {processor.py:914} INFO - Processing file /mnt/c/Users/Admin/Desktop/ud_data/Dataslush_umang/airflow/airflow_venv/lib/python3.12/site-packages/airflow/example_dags/example_task_group.py for tasks to queue
[2025-01-28T10:30:02.226+0000] {logging_mixin.py:190} INFO - [2025-01-28T10:30:02.222+0000] {dagbag.py:588} INFO - Filling up the DagBag from /mnt/c/Users/Admin/Desktop/ud_data/Dataslush_umang/airflow/airflow_venv/lib/python3.12/site-packages/airflow/example_dags/example_task_group.py
[2025-01-28T10:30:02.507+0000] {processor.py:925} INFO - DAG(s) 'example_task_group' retrieved from /mnt/c/Users/Admin/Desktop/ud_data/Dataslush_umang/airflow/airflow_venv/lib/python3.12/site-packages/airflow/example_dags/example_task_group.py
[2025-01-28T10:30:02.574+0000] {logging_mixin.py:190} INFO - [2025-01-28T10:30:02.572+0000] {dag.py:3239} INFO - Sync 1 DAGs
[2025-01-28T10:30:02.600+0000] {logging_mixin.py:190} INFO - [2025-01-28T10:30:02.597+0000] {dag.py:4180} INFO - Setting next_dagrun for example_task_group to None, run_after=None
[2025-01-28T10:29:32.581+0000] {processor.py:208} INFO - Processing /mnt/c/Users/Admin/Desktop/ud_data/Dataslush_umang/airflow/airflow_venv/lib/python3.12/site-packages/airflow/example_dags/example_task_group.py took 0.583 seconds
[2025-01-28T10:30:54.384+0000] {processor.py:186} INFO - Started process (PID=16462) to work on /mnt/c/Users/Admin/Desktop/ud_data/Dataslush_umang/airflow/airflow_venv/lib/python3.12/site-packages/airflow/example_dags/example_task_group.py
[2025-01-28T10:30:54.389+0000] {processor.py:914} INFO - Processing file /mnt/c/Users/Admin/Desktop/ud_data/Dataslush_umang/airflow/airflow_venv/lib/python3.12/site-packages/airflow/example_dags/example_task_group.py for tasks to queue
[2025-01-28T10:30:54.396+0000] {logging_mixin.py:190} INFO - [2025-01-28T10:30:54.393+0000] {dagbag.py:588} INFO - Filling up the DagBag from /mnt/c/Users/Admin/Desktop/ud_data/Dataslush_umang/airflow/airflow_venv/lib/python3.12/site-packages/airflow/example_dags/example_task_group.py
[2025-01-28T10:30:54.555+0000] {processor.py:925} INFO - DAG(s) 'example_task_group' retrieved from /mnt/c/Users/Admin/Desktop/ud_data/Dataslush_umang/airflow/airflow_venv/lib/python3.12/site-packages/airflow/example_dags/example_task_group.py
[2025-01-28T10:30:54.586+0000] {logging_mixin.py:190} INFO - [2025-01-28T10:30:54.584+0000] {dag.py:3239} INFO - Sync 1 DAGs
[2025-01-28T10:30:54.607+0000] {logging_mixin.py:190} INFO - [2025-01-28T10:30:54.605+0000] {dag.py:4180} INFO - Setting next_dagrun for example_task_group to None, run_after=None
[2025-01-28T10:30:54.696+0000] {processor.py:208} INFO - Processing /mnt/c/Users/Admin/Desktop/ud_data/Dataslush_umang/airflow/airflow_venv/lib/python3.12/site-packages/airflow/example_dags/example_task_group.py took 0.361 seconds
[2025-01-28T10:33:07.629+0000] {processor.py:186} INFO - Started process (PID=16682) to work on /mnt/c/Users/Admin/Desktop/ud_data/Dataslush_umang/airflow/airflow_venv/lib/python3.12/site-packages/airflow/example_dags/example_task_group.py
[2025-01-28T10:33:07.831+0000] {processor.py:914} INFO - Processing file /mnt/c/Users/Admin/Desktop/ud_data/Dataslush_umang/airflow/airflow_venv/lib/python3.12/site-packages/airflow/example_dags/example_task_group.py for tasks to queue
[2025-01-28T10:33:08.028+0000] {logging_mixin.py:190} INFO - [2025-01-28T10:33:08.022+0000] {dagbag.py:588} INFO - Filling up the DagBag from /mnt/c/Users/Admin/Desktop/ud_data/Dataslush_umang/airflow/airflow_venv/lib/python3.12/site-packages/airflow/example_dags/example_task_group.py
[2025-01-28T10:33:08.303+0000] {processor.py:925} INFO - DAG(s) 'example_task_group' retrieved from /mnt/c/Users/Admin/Desktop/ud_data/Dataslush_umang/airflow/airflow_venv/lib/python3.12/site-packages/airflow/example_dags/example_task_group.py
[2025-01-28T10:33:08.350+0000] {logging_mixin.py:190} INFO - [2025-01-28T10:33:08.348+0000] {dag.py:3239} INFO - Sync 1 DAGs
[2025-01-28T10:33:08.378+0000] {logging_mixin.py:190} INFO - [2025-01-28T10:33:08.376+0000] {dag.py:4180} INFO - Setting next_dagrun for example_task_group to None, run_after=None
[2025-01-28T10:33:08.590+0000] {processor.py:208} INFO - Processing /mnt/c/Users/Admin/Desktop/ud_data/Dataslush_umang/airflow/airflow_venv/lib/python3.12/site-packages/airflow/example_dags/example_task_group.py took 1.002 seconds
[2025-01-28T10:34:26.096+0000] {processor.py:186} INFO - Started process (PID=16844) to work on /mnt/c/Users/Admin/Desktop/ud_data/Dataslush_umang/airflow/airflow_venv/lib/python3.12/site-packages/airflow/example_dags/example_task_group.py
[2025-01-28T10:34:26.321+0000] {processor.py:914} INFO - Processing file /mnt/c/Users/Admin/Desktop/ud_data/Dataslush_umang/airflow/airflow_venv/lib/python3.12/site-packages/airflow/example_dags/example_task_group.py for tasks to queue
[2025-01-28T10:34:26.334+0000] {logging_mixin.py:190} INFO - [2025-01-28T10:34:26.329+0000] {dagbag.py:588} INFO - Filling up the DagBag from /mnt/c/Users/Admin/Desktop/ud_data/Dataslush_umang/airflow/airflow_venv/lib/python3.12/site-packages/airflow/example_dags/example_task_group.py
[2025-01-28T10:34:26.552+0000] {processor.py:925} INFO - DAG(s) 'example_task_group' retrieved from /mnt/c/Users/Admin/Desktop/ud_data/Dataslush_umang/airflow/airflow_venv/lib/python3.12/site-packages/airflow/example_dags/example_task_group.py
[2025-01-28T10:34:26.580+0000] {logging_mixin.py:190} INFO - [2025-01-28T10:34:26.578+0000] {dag.py:3239} INFO - Sync 1 DAGs
[2025-01-28T10:34:26.597+0000] {logging_mixin.py:190} INFO - [2025-01-28T10:34:26.595+0000] {dag.py:4180} INFO - Setting next_dagrun for example_task_group to None, run_after=None
[2025-01-28T10:34:28.467+0000] {processor.py:208} INFO - Processing /mnt/c/Users/Admin/Desktop/ud_data/Dataslush_umang/airflow/airflow_venv/lib/python3.12/site-packages/airflow/example_dags/example_task_group.py took 2.419 seconds
[2025-01-28T10:35:48.661+0000] {processor.py:186} INFO - Started process (PID=16950) to work on /mnt/c/Users/Admin/Desktop/ud_data/Dataslush_umang/airflow/airflow_venv/lib/python3.12/site-packages/airflow/example_dags/example_task_group.py
[2025-01-28T10:35:48.668+0000] {processor.py:914} INFO - Processing file /mnt/c/Users/Admin/Desktop/ud_data/Dataslush_umang/airflow/airflow_venv/lib/python3.12/site-packages/airflow/example_dags/example_task_group.py for tasks to queue
[2025-01-28T10:35:48.683+0000] {logging_mixin.py:190} INFO - [2025-01-28T10:35:48.678+0000] {dagbag.py:588} INFO - Filling up the DagBag from /mnt/c/Users/Admin/Desktop/ud_data/Dataslush_umang/airflow/airflow_venv/lib/python3.12/site-packages/airflow/example_dags/example_task_group.py
[2025-01-28T10:35:49.034+0000] {processor.py:925} INFO - DAG(s) 'example_task_group' retrieved from /mnt/c/Users/Admin/Desktop/ud_data/Dataslush_umang/airflow/airflow_venv/lib/python3.12/site-packages/airflow/example_dags/example_task_group.py
[2025-01-28T10:35:49.089+0000] {logging_mixin.py:190} INFO - [2025-01-28T10:35:49.086+0000] {dag.py:3239} INFO - Sync 1 DAGs
[2025-01-28T10:35:49.106+0000] {logging_mixin.py:190} INFO - [2025-01-28T10:35:49.104+0000] {dag.py:4180} INFO - Setting next_dagrun for example_task_group to None, run_after=None
[2025-01-28T10:35:49.151+0000] {processor.py:208} INFO - Processing /mnt/c/Users/Admin/Desktop/ud_data/Dataslush_umang/airflow/airflow_venv/lib/python3.12/site-packages/airflow/example_dags/example_task_group.py took 0.563 seconds
[2025-01-28T10:37:11.376+0000] {processor.py:186} INFO - Started process (PID=17067) to work on /mnt/c/Users/Admin/Desktop/ud_data/Dataslush_umang/airflow/airflow_venv/lib/python3.12/site-packages/airflow/example_dags/example_task_group.py
[2025-01-28T10:37:11.638+0000] {processor.py:914} INFO - Processing file /mnt/c/Users/Admin/Desktop/ud_data/Dataslush_umang/airflow/airflow_venv/lib/python3.12/site-packages/airflow/example_dags/example_task_group.py for tasks to queue
[2025-01-28T10:37:11.653+0000] {logging_mixin.py:190} INFO - [2025-01-28T10:37:11.648+0000] {dagbag.py:588} INFO - Filling up the DagBag from /mnt/c/Users/Admin/Desktop/ud_data/Dataslush_umang/airflow/airflow_venv/lib/python3.12/site-packages/airflow/example_dags/example_task_group.py
[2025-01-28T10:37:11.899+0000] {processor.py:925} INFO - DAG(s) 'example_task_group' retrieved from /mnt/c/Users/Admin/Desktop/ud_data/Dataslush_umang/airflow/airflow_venv/lib/python3.12/site-packages/airflow/example_dags/example_task_group.py
[2025-01-28T10:37:11.932+0000] {logging_mixin.py:190} INFO - [2025-01-28T10:37:11.929+0000] {dag.py:3239} INFO - Sync 1 DAGs
[2025-01-28T10:37:11.950+0000] {logging_mixin.py:190} INFO - [2025-01-28T10:37:11.948+0000] {dag.py:4180} INFO - Setting next_dagrun for example_task_group to None, run_after=None
[2025-01-28T10:37:13.599+0000] {processor.py:208} INFO - Processing /mnt/c/Users/Admin/Desktop/ud_data/Dataslush_umang/airflow/airflow_venv/lib/python3.12/site-packages/airflow/example_dags/example_task_group.py took 2.290 seconds
[2025-01-28T10:38:43.964+0000] {processor.py:186} INFO - Started process (PID=17208) to work on /mnt/c/Users/Admin/Desktop/ud_data/Dataslush_umang/airflow/airflow_venv/lib/python3.12/site-packages/airflow/example_dags/example_task_group.py
[2025-01-28T10:38:43.967+0000] {processor.py:914} INFO - Processing file /mnt/c/Users/Admin/Desktop/ud_data/Dataslush_umang/airflow/airflow_venv/lib/python3.12/site-packages/airflow/example_dags/example_task_group.py for tasks to queue
[2025-01-28T10:38:43.972+0000] {logging_mixin.py:190} INFO - [2025-01-28T10:38:43.970+0000] {dagbag.py:588} INFO - Filling up the DagBag from /mnt/c/Users/Admin/Desktop/ud_data/Dataslush_umang/airflow/airflow_venv/lib/python3.12/site-packages/airflow/example_dags/example_task_group.py
[2025-01-28T10:38:44.066+0000] {processor.py:925} INFO - DAG(s) 'example_task_group' retrieved from /mnt/c/Users/Admin/Desktop/ud_data/Dataslush_umang/airflow/airflow_venv/lib/python3.12/site-packages/airflow/example_dags/example_task_group.py
[2025-01-28T10:38:44.128+0000] {logging_mixin.py:190} INFO - [2025-01-28T10:38:44.125+0000] {dag.py:3239} INFO - Sync 1 DAGs
[2025-01-28T10:38:44.160+0000] {logging_mixin.py:190} INFO - [2025-01-28T10:38:44.157+0000] {dag.py:4180} INFO - Setting next_dagrun for example_task_group to None, run_after=None
[2025-01-28T10:38:44.215+0000] {processor.py:208} INFO - Processing /mnt/c/Users/Admin/Desktop/ud_data/Dataslush_umang/airflow/airflow_venv/lib/python3.12/site-packages/airflow/example_dags/example_task_group.py took 0.276 seconds
[2025-01-28T10:40:20.790+0000] {processor.py:186} INFO - Started process (PID=17340) to work on /mnt/c/Users/Admin/Desktop/ud_data/Dataslush_umang/airflow/airflow_venv/lib/python3.12/site-packages/airflow/example_dags/example_task_group.py
[2025-01-28T10:40:20.792+0000] {processor.py:914} INFO - Processing file /mnt/c/Users/Admin/Desktop/ud_data/Dataslush_umang/airflow/airflow_venv/lib/python3.12/site-packages/airflow/example_dags/example_task_group.py for tasks to queue
[2025-01-28T10:40:20.796+0000] {logging_mixin.py:190} INFO - [2025-01-28T10:40:20.795+0000] {dagbag.py:588} INFO - Filling up the DagBag from /mnt/c/Users/Admin/Desktop/ud_data/Dataslush_umang/airflow/airflow_venv/lib/python3.12/site-packages/airflow/example_dags/example_task_group.py
[2025-01-28T10:40:50.963+0000] {processor.py:925} INFO - DAG(s) 'example_task_group' retrieved from /mnt/c/Users/Admin/Desktop/ud_data/Dataslush_umang/airflow/airflow_venv/lib/python3.12/site-packages/airflow/example_dags/example_task_group.py
[2025-01-28T10:40:51.000+0000] {logging_mixin.py:190} INFO - [2025-01-28T10:40:50.998+0000] {dag.py:3239} INFO - Sync 1 DAGs
[2025-01-28T10:40:51.022+0000] {logging_mixin.py:190} INFO - [2025-01-28T10:40:51.019+0000] {dag.py:4180} INFO - Setting next_dagrun for example_task_group to None, run_after=None
[2025-01-28T10:40:51.078+0000] {processor.py:208} INFO - Processing /mnt/c/Users/Admin/Desktop/ud_data/Dataslush_umang/airflow/airflow_venv/lib/python3.12/site-packages/airflow/example_dags/example_task_group.py took 0.232 seconds
[2025-01-28T10:41:56.597+0000] {processor.py:186} INFO - Started process (PID=17488) to work on /mnt/c/Users/Admin/Desktop/ud_data/Dataslush_umang/airflow/airflow_venv/lib/python3.12/site-packages/airflow/example_dags/example_task_group.py
[2025-01-28T10:41:56.706+0000] {processor.py:914} INFO - Processing file /mnt/c/Users/Admin/Desktop/ud_data/Dataslush_umang/airflow/airflow_venv/lib/python3.12/site-packages/airflow/example_dags/example_task_group.py for tasks to queue
[2025-01-28T10:41:56.713+0000] {logging_mixin.py:190} INFO - [2025-01-28T10:41:56.711+0000] {dagbag.py:588} INFO - Filling up the DagBag from /mnt/c/Users/Admin/Desktop/ud_data/Dataslush_umang/airflow/airflow_venv/lib/python3.12/site-packages/airflow/example_dags/example_task_group.py
[2025-01-28T10:41:56.818+0000] {processor.py:925} INFO - DAG(s) 'example_task_group' retrieved from /mnt/c/Users/Admin/Desktop/ud_data/Dataslush_umang/airflow/airflow_venv/lib/python3.12/site-packages/airflow/example_dags/example_task_group.py
[2025-01-28T10:41:56.853+0000] {logging_mixin.py:190} INFO - [2025-01-28T10:41:56.851+0000] {dag.py:3239} INFO - Sync 1 DAGs
[2025-01-28T10:41:56.871+0000] {logging_mixin.py:190} INFO - [2025-01-28T10:41:56.869+0000] {dag.py:4180} INFO - Setting next_dagrun for example_task_group to None, run_after=None
[2025-01-28T10:41:58.317+0000] {processor.py:208} INFO - Processing /mnt/c/Users/Admin/Desktop/ud_data/Dataslush_umang/airflow/airflow_venv/lib/python3.12/site-packages/airflow/example_dags/example_task_group.py took 1.756 seconds
[2025-01-28T10:43:00.473+0000] {processor.py:186} INFO - Started process (PID=17717) to work on /mnt/c/Users/Admin/Desktop/ud_data/Dataslush_umang/airflow/airflow_venv/lib/python3.12/site-packages/airflow/example_dags/example_task_group.py
[2025-01-28T10:43:00.614+0000] {processor.py:914} INFO - Processing file /mnt/c/Users/Admin/Desktop/ud_data/Dataslush_umang/airflow/airflow_venv/lib/python3.12/site-packages/airflow/example_dags/example_task_group.py for tasks to queue
[2025-01-28T10:43:00.620+0000] {logging_mixin.py:190} INFO - [2025-01-28T10:43:00.618+0000] {dagbag.py:588} INFO - Filling up the DagBag from /mnt/c/Users/Admin/Desktop/ud_data/Dataslush_umang/airflow/airflow_venv/lib/python3.12/site-packages/airflow/example_dags/example_task_group.py
[2025-01-28T10:43:00.754+0000] {processor.py:925} INFO - DAG(s) 'example_task_group' retrieved from /mnt/c/Users/Admin/Desktop/ud_data/Dataslush_umang/airflow/airflow_venv/lib/python3.12/site-packages/airflow/example_dags/example_task_group.py
[2025-01-28T10:43:00.788+0000] {logging_mixin.py:190} INFO - [2025-01-28T10:43:00.786+0000] {dag.py:3239} INFO - Sync 1 DAGs
[2025-01-28T10:43:00.803+0000] {logging_mixin.py:190} INFO - [2025-01-28T10:43:00.801+0000] {dag.py:4180} INFO - Setting next_dagrun for example_task_group to None, run_after=None
[2025-01-28T10:43:01.078+0000] {processor.py:208} INFO - Processing /mnt/c/Users/Admin/Desktop/ud_data/Dataslush_umang/airflow/airflow_venv/lib/python3.12/site-packages/airflow/example_dags/example_task_group.py took 0.635 seconds
[2025-01-28T10:44:48.984+0000] {processor.py:186} INFO - Started process (PID=17852) to work on /mnt/c/Users/Admin/Desktop/ud_data/Dataslush_umang/airflow/airflow_venv/lib/python3.12/site-packages/airflow/example_dags/example_task_group.py
[2025-01-28T10:44:48.987+0000] {processor.py:914} INFO - Processing file /mnt/c/Users/Admin/Desktop/ud_data/Dataslush_umang/airflow/airflow_venv/lib/python3.12/site-packages/airflow/example_dags/example_task_group.py for tasks to queue
[2025-01-28T10:44:48.993+0000] {logging_mixin.py:190} INFO - [2025-01-28T10:44:48.991+0000] {dagbag.py:588} INFO - Filling up the DagBag from /mnt/c/Users/Admin/Desktop/ud_data/Dataslush_umang/airflow/airflow_venv/lib/python3.12/site-packages/airflow/example_dags/example_task_group.py
[2025-01-28T10:44:49.100+0000] {processor.py:925} INFO - DAG(s) 'example_task_group' retrieved from /mnt/c/Users/Admin/Desktop/ud_data/Dataslush_umang/airflow/airflow_venv/lib/python3.12/site-packages/airflow/example_dags/example_task_group.py
[2025-01-28T10:44:49.137+0000] {logging_mixin.py:190} INFO - [2025-01-28T10:44:49.136+0000] {dag.py:3239} INFO - Sync 1 DAGs
[2025-01-28T10:44:49.161+0000] {logging_mixin.py:190} INFO - [2025-01-28T10:44:49.159+0000] {dag.py:4180} INFO - Setting next_dagrun for example_task_group to None, run_after=None
[2025-01-28T10:44:49.209+0000] {processor.py:208} INFO - Processing /mnt/c/Users/Admin/Desktop/ud_data/Dataslush_umang/airflow/airflow_venv/lib/python3.12/site-packages/airflow/example_dags/example_task_group.py took 0.250 seconds
[2025-01-28T10:47:20.498+0000] {processor.py:186} INFO - Started process (PID=17987) to work on /mnt/c/Users/Admin/Desktop/ud_data/Dataslush_umang/airflow/airflow_venv/lib/python3.12/site-packages/airflow/example_dags/example_task_group.py
[2025-01-28T10:47:20.516+0000] {processor.py:914} INFO - Processing file /mnt/c/Users/Admin/Desktop/ud_data/Dataslush_umang/airflow/airflow_venv/lib/python3.12/site-packages/airflow/example_dags/example_task_group.py for tasks to queue
[2025-01-28T10:47:20.522+0000] {logging_mixin.py:190} INFO - [2025-01-28T10:47:20.520+0000] {dagbag.py:588} INFO - Filling up the DagBag from /mnt/c/Users/Admin/Desktop/ud_data/Dataslush_umang/airflow/airflow_venv/lib/python3.12/site-packages/airflow/example_dags/example_task_group.py
[2025-01-28T10:47:20.631+0000] {processor.py:925} INFO - DAG(s) 'example_task_group' retrieved from /mnt/c/Users/Admin/Desktop/ud_data/Dataslush_umang/airflow/airflow_venv/lib/python3.12/site-packages/airflow/example_dags/example_task_group.py
[2025-01-28T10:47:20.661+0000] {logging_mixin.py:190} INFO - [2025-01-28T10:47:20.660+0000] {dag.py:3239} INFO - Sync 1 DAGs
[2025-01-28T10:47:20.683+0000] {logging_mixin.py:190} INFO - [2025-01-28T10:47:20.682+0000] {dag.py:4180} INFO - Setting next_dagrun for example_task_group to None, run_after=None
[2025-01-28T10:47:20.739+0000] {processor.py:208} INFO - Processing /mnt/c/Users/Admin/Desktop/ud_data/Dataslush_umang/airflow/airflow_venv/lib/python3.12/site-packages/airflow/example_dags/example_task_group.py took 0.268 seconds
[2025-01-28T10:48:42.001+0000] {processor.py:186} INFO - Started process (PID=18086) to work on /mnt/c/Users/Admin/Desktop/ud_data/Dataslush_umang/airflow/airflow_venv/lib/python3.12/site-packages/airflow/example_dags/example_task_group.py
[2025-01-28T10:48:42.004+0000] {processor.py:914} INFO - Processing file /mnt/c/Users/Admin/Desktop/ud_data/Dataslush_umang/airflow/airflow_venv/lib/python3.12/site-packages/airflow/example_dags/example_task_group.py for tasks to queue
[2025-01-28T10:48:42.011+0000] {logging_mixin.py:190} INFO - [2025-01-28T10:48:42.008+0000] {dagbag.py:588} INFO - Filling up the DagBag from /mnt/c/Users/Admin/Desktop/ud_data/Dataslush_umang/airflow/airflow_venv/lib/python3.12/site-packages/airflow/example_dags/example_task_group.py
[2025-01-28T10:48:12.071+0000] {processor.py:925} INFO - DAG(s) 'example_task_group' retrieved from /mnt/c/Users/Admin/Desktop/ud_data/Dataslush_umang/airflow/airflow_venv/lib/python3.12/site-packages/airflow/example_dags/example_task_group.py
[2025-01-28T10:48:12.110+0000] {logging_mixin.py:190} INFO - [2025-01-28T10:48:12.108+0000] {dag.py:3239} INFO - Sync 1 DAGs
[2025-01-28T10:48:12.133+0000] {logging_mixin.py:190} INFO - [2025-01-28T10:48:12.131+0000] {dag.py:4180} INFO - Setting next_dagrun for example_task_group to None, run_after=None
[2025-01-28T10:48:12.196+0000] {processor.py:208} INFO - Processing /mnt/c/Users/Admin/Desktop/ud_data/Dataslush_umang/airflow/airflow_venv/lib/python3.12/site-packages/airflow/example_dags/example_task_group.py took 0.306 seconds
[2025-01-28T10:49:54.157+0000] {processor.py:186} INFO - Started process (PID=18289) to work on /mnt/c/Users/Admin/Desktop/ud_data/Dataslush_umang/airflow/airflow_venv/lib/python3.12/site-packages/airflow/example_dags/example_task_group.py
[2025-01-28T10:49:54.231+0000] {processor.py:914} INFO - Processing file /mnt/c/Users/Admin/Desktop/ud_data/Dataslush_umang/airflow/airflow_venv/lib/python3.12/site-packages/airflow/example_dags/example_task_group.py for tasks to queue
[2025-01-28T10:49:54.237+0000] {logging_mixin.py:190} INFO - [2025-01-28T10:49:54.235+0000] {dagbag.py:588} INFO - Filling up the DagBag from /mnt/c/Users/Admin/Desktop/ud_data/Dataslush_umang/airflow/airflow_venv/lib/python3.12/site-packages/airflow/example_dags/example_task_group.py
[2025-01-28T10:49:54.375+0000] {processor.py:925} INFO - DAG(s) 'example_task_group' retrieved from /mnt/c/Users/Admin/Desktop/ud_data/Dataslush_umang/airflow/airflow_venv/lib/python3.12/site-packages/airflow/example_dags/example_task_group.py
[2025-01-28T10:49:54.408+0000] {logging_mixin.py:190} INFO - [2025-01-28T10:49:54.406+0000] {dag.py:3239} INFO - Sync 1 DAGs
[2025-01-28T10:49:54.425+0000] {logging_mixin.py:190} INFO - [2025-01-28T10:49:54.423+0000] {dag.py:4180} INFO - Setting next_dagrun for example_task_group to None, run_after=None
[2025-01-28T10:49:54.473+0000] {processor.py:208} INFO - Processing /mnt/c/Users/Admin/Desktop/ud_data/Dataslush_umang/airflow/airflow_venv/lib/python3.12/site-packages/airflow/example_dags/example_task_group.py took 0.343 seconds
[2025-01-28T10:51:07.567+0000] {processor.py:186} INFO - Started process (PID=18493) to work on /mnt/c/Users/Admin/Desktop/ud_data/Dataslush_umang/airflow/airflow_venv/lib/python3.12/site-packages/airflow/example_dags/example_task_group.py
[2025-01-28T10:51:07.614+0000] {processor.py:914} INFO - Processing file /mnt/c/Users/Admin/Desktop/ud_data/Dataslush_umang/airflow/airflow_venv/lib/python3.12/site-packages/airflow/example_dags/example_task_group.py for tasks to queue
[2025-01-28T10:51:07.620+0000] {logging_mixin.py:190} INFO - [2025-01-28T10:51:07.618+0000] {dagbag.py:588} INFO - Filling up the DagBag from /mnt/c/Users/Admin/Desktop/ud_data/Dataslush_umang/airflow/airflow_venv/lib/python3.12/site-packages/airflow/example_dags/example_task_group.py
[2025-01-28T10:51:07.764+0000] {processor.py:925} INFO - DAG(s) 'example_task_group' retrieved from /mnt/c/Users/Admin/Desktop/ud_data/Dataslush_umang/airflow/airflow_venv/lib/python3.12/site-packages/airflow/example_dags/example_task_group.py
[2025-01-28T10:51:07.815+0000] {logging_mixin.py:190} INFO - [2025-01-28T10:51:07.814+0000] {dag.py:3239} INFO - Sync 1 DAGs
[2025-01-28T10:51:07.856+0000] {logging_mixin.py:190} INFO - [2025-01-28T10:51:07.851+0000] {dag.py:4180} INFO - Setting next_dagrun for example_task_group to None, run_after=None
[2025-01-28T10:51:07.913+0000] {processor.py:208} INFO - Processing /mnt/c/Users/Admin/Desktop/ud_data/Dataslush_umang/airflow/airflow_venv/lib/python3.12/site-packages/airflow/example_dags/example_task_group.py took 0.377 seconds
[2025-01-28T10:52:51.376+0000] {processor.py:186} INFO - Started process (PID=18661) to work on /mnt/c/Users/Admin/Desktop/ud_data/Dataslush_umang/airflow/airflow_venv/lib/python3.12/site-packages/airflow/example_dags/example_task_group.py
[2025-01-28T10:52:51.378+0000] {processor.py:914} INFO - Processing file /mnt/c/Users/Admin/Desktop/ud_data/Dataslush_umang/airflow/airflow_venv/lib/python3.12/site-packages/airflow/example_dags/example_task_group.py for tasks to queue
[2025-01-28T10:52:51.385+0000] {logging_mixin.py:190} INFO - [2025-01-28T10:52:51.384+0000] {dagbag.py:588} INFO - Filling up the DagBag from /mnt/c/Users/Admin/Desktop/ud_data/Dataslush_umang/airflow/airflow_venv/lib/python3.12/site-packages/airflow/example_dags/example_task_group.py
[2025-01-28T10:52:51.487+0000] {processor.py:925} INFO - DAG(s) 'example_task_group' retrieved from /mnt/c/Users/Admin/Desktop/ud_data/Dataslush_umang/airflow/airflow_venv/lib/python3.12/site-packages/airflow/example_dags/example_task_group.py
[2025-01-28T10:52:51.517+0000] {logging_mixin.py:190} INFO - [2025-01-28T10:52:51.515+0000] {dag.py:3239} INFO - Sync 1 DAGs
[2025-01-28T10:52:51.535+0000] {logging_mixin.py:190} INFO - [2025-01-28T10:52:51.533+0000] {dag.py:4180} INFO - Setting next_dagrun for example_task_group to None, run_after=None
[2025-01-28T10:52:51.576+0000] {processor.py:208} INFO - Processing /mnt/c/Users/Admin/Desktop/ud_data/Dataslush_umang/airflow/airflow_venv/lib/python3.12/site-packages/airflow/example_dags/example_task_group.py took 0.224 seconds
[2025-01-28T10:54:38.588+0000] {processor.py:186} INFO - Started process (PID=18815) to work on /mnt/c/Users/Admin/Desktop/ud_data/Dataslush_umang/airflow/airflow_venv/lib/python3.12/site-packages/airflow/example_dags/example_task_group.py
[2025-01-28T10:54:38.857+0000] {processor.py:914} INFO - Processing file /mnt/c/Users/Admin/Desktop/ud_data/Dataslush_umang/airflow/airflow_venv/lib/python3.12/site-packages/airflow/example_dags/example_task_group.py for tasks to queue
[2025-01-28T10:54:38.864+0000] {logging_mixin.py:190} INFO - [2025-01-28T10:54:38.862+0000] {dagbag.py:588} INFO - Filling up the DagBag from /mnt/c/Users/Admin/Desktop/ud_data/Dataslush_umang/airflow/airflow_venv/lib/python3.12/site-packages/airflow/example_dags/example_task_group.py
[2025-01-28T10:54:39.000+0000] {processor.py:925} INFO - DAG(s) 'example_task_group' retrieved from /mnt/c/Users/Admin/Desktop/ud_data/Dataslush_umang/airflow/airflow_venv/lib/python3.12/site-packages/airflow/example_dags/example_task_group.py
[2025-01-28T10:54:39.033+0000] {logging_mixin.py:190} INFO - [2025-01-28T10:54:39.031+0000] {dag.py:3239} INFO - Sync 1 DAGs
[2025-01-28T10:54:39.051+0000] {logging_mixin.py:190} INFO - [2025-01-28T10:54:39.050+0000] {dag.py:4180} INFO - Setting next_dagrun for example_task_group to None, run_after=None
[2025-01-28T10:54:39.425+0000] {processor.py:208} INFO - Processing /mnt/c/Users/Admin/Desktop/ud_data/Dataslush_umang/airflow/airflow_venv/lib/python3.12/site-packages/airflow/example_dags/example_task_group.py took 0.865 seconds
[2025-01-28T10:55:30.688+0000] {processor.py:186} INFO - Started process (PID=18903) to work on /mnt/c/Users/Admin/Desktop/ud_data/Dataslush_umang/airflow/airflow_venv/lib/python3.12/site-packages/airflow/example_dags/example_task_group.py
[2025-01-28T10:55:30.695+0000] {processor.py:914} INFO - Processing file /mnt/c/Users/Admin/Desktop/ud_data/Dataslush_umang/airflow/airflow_venv/lib/python3.12/site-packages/airflow/example_dags/example_task_group.py for tasks to queue
[2025-01-28T10:55:30.703+0000] {logging_mixin.py:190} INFO - [2025-01-28T10:55:30.699+0000] {dagbag.py:588} INFO - Filling up the DagBag from /mnt/c/Users/Admin/Desktop/ud_data/Dataslush_umang/airflow/airflow_venv/lib/python3.12/site-packages/airflow/example_dags/example_task_group.py
[2025-01-28T10:55:30.819+0000] {processor.py:925} INFO - DAG(s) 'example_task_group' retrieved from /mnt/c/Users/Admin/Desktop/ud_data/Dataslush_umang/airflow/airflow_venv/lib/python3.12/site-packages/airflow/example_dags/example_task_group.py
[2025-01-28T10:55:30.860+0000] {logging_mixin.py:190} INFO - [2025-01-28T10:55:30.859+0000] {dag.py:3239} INFO - Sync 1 DAGs
[2025-01-28T10:55:30.888+0000] {logging_mixin.py:190} INFO - [2025-01-28T10:55:30.885+0000] {dag.py:4180} INFO - Setting next_dagrun for example_task_group to None, run_after=None
[2025-01-28T10:55:31.071+0000] {processor.py:208} INFO - Processing /mnt/c/Users/Admin/Desktop/ud_data/Dataslush_umang/airflow/airflow_venv/lib/python3.12/site-packages/airflow/example_dags/example_task_group.py took 0.410 seconds
[2025-01-28T10:57:05.929+0000] {processor.py:186} INFO - Started process (PID=19126) to work on /mnt/c/Users/Admin/Desktop/ud_data/Dataslush_umang/airflow/airflow_venv/lib/python3.12/site-packages/airflow/example_dags/example_task_group.py
[2025-01-28T10:57:05.933+0000] {processor.py:914} INFO - Processing file /mnt/c/Users/Admin/Desktop/ud_data/Dataslush_umang/airflow/airflow_venv/lib/python3.12/site-packages/airflow/example_dags/example_task_group.py for tasks to queue
[2025-01-28T10:57:05.937+0000] {logging_mixin.py:190} INFO - [2025-01-28T10:57:05.936+0000] {dagbag.py:588} INFO - Filling up the DagBag from /mnt/c/Users/Admin/Desktop/ud_data/Dataslush_umang/airflow/airflow_venv/lib/python3.12/site-packages/airflow/example_dags/example_task_group.py
[2025-01-28T10:57:06.024+0000] {processor.py:925} INFO - DAG(s) 'example_task_group' retrieved from /mnt/c/Users/Admin/Desktop/ud_data/Dataslush_umang/airflow/airflow_venv/lib/python3.12/site-packages/airflow/example_dags/example_task_group.py
[2025-01-28T10:57:06.054+0000] {logging_mixin.py:190} INFO - [2025-01-28T10:57:06.053+0000] {dag.py:3239} INFO - Sync 1 DAGs
[2025-01-28T10:57:06.073+0000] {logging_mixin.py:190} INFO - [2025-01-28T10:57:06.071+0000] {dag.py:4180} INFO - Setting next_dagrun for example_task_group to None, run_after=None
[2025-01-28T10:57:06.118+0000] {processor.py:208} INFO - Processing /mnt/c/Users/Admin/Desktop/ud_data/Dataslush_umang/airflow/airflow_venv/lib/python3.12/site-packages/airflow/example_dags/example_task_group.py took 0.210 seconds
[2025-01-28T10:58:58.136+0000] {processor.py:186} INFO - Started process (PID=19270) to work on /mnt/c/Users/Admin/Desktop/ud_data/Dataslush_umang/airflow/airflow_venv/lib/python3.12/site-packages/airflow/example_dags/example_task_group.py
[2025-01-28T10:58:28.140+0000] {processor.py:914} INFO - Processing file /mnt/c/Users/Admin/Desktop/ud_data/Dataslush_umang/airflow/airflow_venv/lib/python3.12/site-packages/airflow/example_dags/example_task_group.py for tasks to queue
[2025-01-28T10:58:28.147+0000] {logging_mixin.py:190} INFO - [2025-01-28T10:58:28.144+0000] {dagbag.py:588} INFO - Filling up the DagBag from /mnt/c/Users/Admin/Desktop/ud_data/Dataslush_umang/airflow/airflow_venv/lib/python3.12/site-packages/airflow/example_dags/example_task_group.py
[2025-01-28T10:58:28.284+0000] {processor.py:925} INFO - DAG(s) 'example_task_group' retrieved from /mnt/c/Users/Admin/Desktop/ud_data/Dataslush_umang/airflow/airflow_venv/lib/python3.12/site-packages/airflow/example_dags/example_task_group.py
[2025-01-28T10:58:28.317+0000] {logging_mixin.py:190} INFO - [2025-01-28T10:58:28.315+0000] {dag.py:3239} INFO - Sync 1 DAGs
[2025-01-28T10:58:28.333+0000] {logging_mixin.py:190} INFO - [2025-01-28T10:58:28.331+0000] {dag.py:4180} INFO - Setting next_dagrun for example_task_group to None, run_after=None
[2025-01-28T10:58:29.102+0000] {processor.py:208} INFO - Processing /mnt/c/Users/Admin/Desktop/ud_data/Dataslush_umang/airflow/airflow_venv/lib/python3.12/site-packages/airflow/example_dags/example_task_group.py took 1.072 seconds
[2025-01-28T11:00:03.730+0000] {processor.py:186} INFO - Started process (PID=19462) to work on /mnt/c/Users/Admin/Desktop/ud_data/Dataslush_umang/airflow/airflow_venv/lib/python3.12/site-packages/airflow/example_dags/example_task_group.py
[2025-01-28T11:00:04.156+0000] {processor.py:914} INFO - Processing file /mnt/c/Users/Admin/Desktop/ud_data/Dataslush_umang/airflow/airflow_venv/lib/python3.12/site-packages/airflow/example_dags/example_task_group.py for tasks to queue
[2025-01-28T11:00:04.161+0000] {logging_mixin.py:190} INFO - [2025-01-28T11:00:04.159+0000] {dagbag.py:588} INFO - Filling up the DagBag from /mnt/c/Users/Admin/Desktop/ud_data/Dataslush_umang/airflow/airflow_venv/lib/python3.12/site-packages/airflow/example_dags/example_task_group.py
[2025-01-28T11:00:04.272+0000] {processor.py:925} INFO - DAG(s) 'example_task_group' retrieved from /mnt/c/Users/Admin/Desktop/ud_data/Dataslush_umang/airflow/airflow_venv/lib/python3.12/site-packages/airflow/example_dags/example_task_group.py
[2025-01-28T11:00:04.298+0000] {logging_mixin.py:190} INFO - [2025-01-28T11:00:04.296+0000] {dag.py:3239} INFO - Sync 1 DAGs
[2025-01-28T11:00:04.313+0000] {logging_mixin.py:190} INFO - [2025-01-28T11:00:04.312+0000] {dag.py:4180} INFO - Setting next_dagrun for example_task_group to None, run_after=None
[2025-01-28T11:00:04.507+0000] {processor.py:208} INFO - Processing /mnt/c/Users/Admin/Desktop/ud_data/Dataslush_umang/airflow/airflow_venv/lib/python3.12/site-packages/airflow/example_dags/example_task_group.py took 0.801 seconds
[2025-01-28T11:01:02.405+0000] {processor.py:186} INFO - Started process (PID=19554) to work on /mnt/c/Users/Admin/Desktop/ud_data/Dataslush_umang/airflow/airflow_venv/lib/python3.12/site-packages/airflow/example_dags/example_task_group.py
[2025-01-28T11:01:02.415+0000] {processor.py:914} INFO - Processing file /mnt/c/Users/Admin/Desktop/ud_data/Dataslush_umang/airflow/airflow_venv/lib/python3.12/site-packages/airflow/example_dags/example_task_group.py for tasks to queue
[2025-01-28T11:01:02.426+0000] {logging_mixin.py:190} INFO - [2025-01-28T11:01:02.422+0000] {dagbag.py:588} INFO - Filling up the DagBag from /mnt/c/Users/Admin/Desktop/ud_data/Dataslush_umang/airflow/airflow_venv/lib/python3.12/site-packages/airflow/example_dags/example_task_group.py
[2025-01-28T11:01:02.558+0000] {processor.py:925} INFO - DAG(s) 'example_task_group' retrieved from /mnt/c/Users/Admin/Desktop/ud_data/Dataslush_umang/airflow/airflow_venv/lib/python3.12/site-packages/airflow/example_dags/example_task_group.py
[2025-01-28T11:01:02.599+0000] {logging_mixin.py:190} INFO - [2025-01-28T11:01:02.598+0000] {dag.py:3239} INFO - Sync 1 DAGs
[2025-01-28T11:01:02.622+0000] {logging_mixin.py:190} INFO - [2025-01-28T11:01:02.620+0000] {dag.py:4180} INFO - Setting next_dagrun for example_task_group to None, run_after=None
[2025-01-28T11:01:02.706+0000] {processor.py:208} INFO - Processing /mnt/c/Users/Admin/Desktop/ud_data/Dataslush_umang/airflow/airflow_venv/lib/python3.12/site-packages/airflow/example_dags/example_task_group.py took 0.337 seconds
[2025-01-28T11:02:04.591+0000] {processor.py:186} INFO - Started process (PID=19623) to work on /mnt/c/Users/Admin/Desktop/ud_data/Dataslush_umang/airflow/airflow_venv/lib/python3.12/site-packages/airflow/example_dags/example_task_group.py
[2025-01-28T11:02:04.757+0000] {processor.py:914} INFO - Processing file /mnt/c/Users/Admin/Desktop/ud_data/Dataslush_umang/airflow/airflow_venv/lib/python3.12/site-packages/airflow/example_dags/example_task_group.py for tasks to queue
[2025-01-28T11:02:04.773+0000] {logging_mixin.py:190} INFO - [2025-01-28T11:02:04.769+0000] {dagbag.py:588} INFO - Filling up the DagBag from /mnt/c/Users/Admin/Desktop/ud_data/Dataslush_umang/airflow/airflow_venv/lib/python3.12/site-packages/airflow/example_dags/example_task_group.py
[2025-01-28T11:02:04.868+0000] {processor.py:925} INFO - DAG(s) 'example_task_group' retrieved from /mnt/c/Users/Admin/Desktop/ud_data/Dataslush_umang/airflow/airflow_venv/lib/python3.12/site-packages/airflow/example_dags/example_task_group.py
[2025-01-28T11:02:04.893+0000] {logging_mixin.py:190} INFO - [2025-01-28T11:02:04.891+0000] {dag.py:3239} INFO - Sync 1 DAGs
[2025-01-28T11:02:04.907+0000] {logging_mixin.py:190} INFO - [2025-01-28T11:02:04.905+0000] {dag.py:4180} INFO - Setting next_dagrun for example_task_group to None, run_after=None
[2025-01-28T11:02:07.019+0000] {processor.py:208} INFO - Processing /mnt/c/Users/Admin/Desktop/ud_data/Dataslush_umang/airflow/airflow_venv/lib/python3.12/site-packages/airflow/example_dags/example_task_group.py took 2.453 seconds
[2025-01-28T11:03:52.466+0000] {processor.py:186} INFO - Started process (PID=19835) to work on /mnt/c/Users/Admin/Desktop/ud_data/Dataslush_umang/airflow/airflow_venv/lib/python3.12/site-packages/airflow/example_dags/example_task_group.py
[2025-01-28T11:03:52.469+0000] {processor.py:914} INFO - Processing file /mnt/c/Users/Admin/Desktop/ud_data/Dataslush_umang/airflow/airflow_venv/lib/python3.12/site-packages/airflow/example_dags/example_task_group.py for tasks to queue
[2025-01-28T11:03:52.476+0000] {logging_mixin.py:190} INFO - [2025-01-28T11:03:52.473+0000] {dagbag.py:588} INFO - Filling up the DagBag from /mnt/c/Users/Admin/Desktop/ud_data/Dataslush_umang/airflow/airflow_venv/lib/python3.12/site-packages/airflow/example_dags/example_task_group.py
[2025-01-28T11:03:52.583+0000] {processor.py:925} INFO - DAG(s) 'example_task_group' retrieved from /mnt/c/Users/Admin/Desktop/ud_data/Dataslush_umang/airflow/airflow_venv/lib/python3.12/site-packages/airflow/example_dags/example_task_group.py
[2025-01-28T11:03:52.616+0000] {logging_mixin.py:190} INFO - [2025-01-28T11:03:52.615+0000] {dag.py:3239} INFO - Sync 1 DAGs
[2025-01-28T11:03:52.634+0000] {logging_mixin.py:190} INFO - [2025-01-28T11:03:52.633+0000] {dag.py:4180} INFO - Setting next_dagrun for example_task_group to None, run_after=None
[2025-01-28T11:03:52.701+0000] {processor.py:208} INFO - Processing /mnt/c/Users/Admin/Desktop/ud_data/Dataslush_umang/airflow/airflow_venv/lib/python3.12/site-packages/airflow/example_dags/example_task_group.py took 0.267 seconds
[2025-01-28T11:05:26.527+0000] {processor.py:186} INFO - Started process (PID=19976) to work on /mnt/c/Users/Admin/Desktop/ud_data/Dataslush_umang/airflow/airflow_venv/lib/python3.12/site-packages/airflow/example_dags/example_task_group.py
[2025-01-28T11:05:26.531+0000] {processor.py:914} INFO - Processing file /mnt/c/Users/Admin/Desktop/ud_data/Dataslush_umang/airflow/airflow_venv/lib/python3.12/site-packages/airflow/example_dags/example_task_group.py for tasks to queue
[2025-01-28T11:05:26.537+0000] {logging_mixin.py:190} INFO - [2025-01-28T11:05:26.535+0000] {dagbag.py:588} INFO - Filling up the DagBag from /mnt/c/Users/Admin/Desktop/ud_data/Dataslush_umang/airflow/airflow_venv/lib/python3.12/site-packages/airflow/example_dags/example_task_group.py
[2025-01-28T11:05:26.653+0000] {processor.py:925} INFO - DAG(s) 'example_task_group' retrieved from /mnt/c/Users/Admin/Desktop/ud_data/Dataslush_umang/airflow/airflow_venv/lib/python3.12/site-packages/airflow/example_dags/example_task_group.py
[2025-01-28T11:05:26.686+0000] {logging_mixin.py:190} INFO - [2025-01-28T11:05:26.685+0000] {dag.py:3239} INFO - Sync 1 DAGs
[2025-01-28T11:05:26.707+0000] {logging_mixin.py:190} INFO - [2025-01-28T11:05:26.706+0000] {dag.py:4180} INFO - Setting next_dagrun for example_task_group to None, run_after=None
[2025-01-28T11:05:26.754+0000] {processor.py:208} INFO - Processing /mnt/c/Users/Admin/Desktop/ud_data/Dataslush_umang/airflow/airflow_venv/lib/python3.12/site-packages/airflow/example_dags/example_task_group.py took 0.256 seconds
[2025-01-28T11:06:34.552+0000] {processor.py:186} INFO - Started process (PID=20034) to work on /mnt/c/Users/Admin/Desktop/ud_data/Dataslush_umang/airflow/airflow_venv/lib/python3.12/site-packages/airflow/example_dags/example_task_group.py
[2025-01-28T11:06:34.555+0000] {processor.py:914} INFO - Processing file /mnt/c/Users/Admin/Desktop/ud_data/Dataslush_umang/airflow/airflow_venv/lib/python3.12/site-packages/airflow/example_dags/example_task_group.py for tasks to queue
[2025-01-28T11:06:34.562+0000] {logging_mixin.py:190} INFO - [2025-01-28T11:06:34.560+0000] {dagbag.py:588} INFO - Filling up the DagBag from /mnt/c/Users/Admin/Desktop/ud_data/Dataslush_umang/airflow/airflow_venv/lib/python3.12/site-packages/airflow/example_dags/example_task_group.py
[2025-01-28T11:06:34.672+0000] {processor.py:925} INFO - DAG(s) 'example_task_group' retrieved from /mnt/c/Users/Admin/Desktop/ud_data/Dataslush_umang/airflow/airflow_venv/lib/python3.12/site-packages/airflow/example_dags/example_task_group.py
[2025-01-28T11:06:34.707+0000] {logging_mixin.py:190} INFO - [2025-01-28T11:06:34.706+0000] {dag.py:3239} INFO - Sync 1 DAGs
[2025-01-28T11:06:34.727+0000] {logging_mixin.py:190} INFO - [2025-01-28T11:06:34.726+0000] {dag.py:4180} INFO - Setting next_dagrun for example_task_group to None, run_after=None
[2025-01-28T11:06:34.767+0000] {processor.py:208} INFO - Processing /mnt/c/Users/Admin/Desktop/ud_data/Dataslush_umang/airflow/airflow_venv/lib/python3.12/site-packages/airflow/example_dags/example_task_group.py took 0.248 seconds
[2025-01-28T11:07:39.988+0000] {processor.py:186} INFO - Started process (PID=20132) to work on /mnt/c/Users/Admin/Desktop/ud_data/Dataslush_umang/airflow/airflow_venv/lib/python3.12/site-packages/airflow/example_dags/example_task_group.py
[2025-01-28T11:07:40.060+0000] {processor.py:914} INFO - Processing file /mnt/c/Users/Admin/Desktop/ud_data/Dataslush_umang/airflow/airflow_venv/lib/python3.12/site-packages/airflow/example_dags/example_task_group.py for tasks to queue
[2025-01-28T11:07:40.067+0000] {logging_mixin.py:190} INFO - [2025-01-28T11:07:40.065+0000] {dagbag.py:588} INFO - Filling up the DagBag from /mnt/c/Users/Admin/Desktop/ud_data/Dataslush_umang/airflow/airflow_venv/lib/python3.12/site-packages/airflow/example_dags/example_task_group.py
[2025-01-28T11:07:40.184+0000] {processor.py:925} INFO - DAG(s) 'example_task_group' retrieved from /mnt/c/Users/Admin/Desktop/ud_data/Dataslush_umang/airflow/airflow_venv/lib/python3.12/site-packages/airflow/example_dags/example_task_group.py
[2025-01-28T11:07:40.220+0000] {logging_mixin.py:190} INFO - [2025-01-28T11:07:40.218+0000] {dag.py:3239} INFO - Sync 1 DAGs
[2025-01-28T11:07:40.255+0000] {logging_mixin.py:190} INFO - [2025-01-28T11:07:40.254+0000] {dag.py:4180} INFO - Setting next_dagrun for example_task_group to None, run_after=None
[2025-01-28T11:07:40.386+0000] {processor.py:208} INFO - Processing /mnt/c/Users/Admin/Desktop/ud_data/Dataslush_umang/airflow/airflow_venv/lib/python3.12/site-packages/airflow/example_dags/example_task_group.py took 0.426 seconds
[2025-01-28T11:09:10.987+0000] {processor.py:186} INFO - Started process (PID=20280) to work on /mnt/c/Users/Admin/Desktop/ud_data/Dataslush_umang/airflow/airflow_venv/lib/python3.12/site-packages/airflow/example_dags/example_task_group.py
[2025-01-28T11:09:10.991+0000] {processor.py:914} INFO - Processing file /mnt/c/Users/Admin/Desktop/ud_data/Dataslush_umang/airflow/airflow_venv/lib/python3.12/site-packages/airflow/example_dags/example_task_group.py for tasks to queue
[2025-01-28T11:09:10.997+0000] {logging_mixin.py:190} INFO - [2025-01-28T11:09:10.995+0000] {dagbag.py:588} INFO - Filling up the DagBag from /mnt/c/Users/Admin/Desktop/ud_data/Dataslush_umang/airflow/airflow_venv/lib/python3.12/site-packages/airflow/example_dags/example_task_group.py
[2025-01-28T11:09:11.103+0000] {processor.py:925} INFO - DAG(s) 'example_task_group' retrieved from /mnt/c/Users/Admin/Desktop/ud_data/Dataslush_umang/airflow/airflow_venv/lib/python3.12/site-packages/airflow/example_dags/example_task_group.py
[2025-01-28T11:09:11.133+0000] {logging_mixin.py:190} INFO - [2025-01-28T11:09:11.132+0000] {dag.py:3239} INFO - Sync 1 DAGs
[2025-01-28T11:09:11.151+0000] {logging_mixin.py:190} INFO - [2025-01-28T11:09:11.150+0000] {dag.py:4180} INFO - Setting next_dagrun for example_task_group to None, run_after=None
[2025-01-28T11:09:11.323+0000] {processor.py:208} INFO - Processing /mnt/c/Users/Admin/Desktop/ud_data/Dataslush_umang/airflow/airflow_venv/lib/python3.12/site-packages/airflow/example_dags/example_task_group.py took 0.360 seconds
[2025-01-28T11:10:10.191+0000] {processor.py:186} INFO - Started process (PID=20424) to work on /mnt/c/Users/Admin/Desktop/ud_data/Dataslush_umang/airflow/airflow_venv/lib/python3.12/site-packages/airflow/example_dags/example_task_group.py
[2025-01-28T11:10:10.195+0000] {processor.py:914} INFO - Processing file /mnt/c/Users/Admin/Desktop/ud_data/Dataslush_umang/airflow/airflow_venv/lib/python3.12/site-packages/airflow/example_dags/example_task_group.py for tasks to queue
[2025-01-28T11:10:10.201+0000] {logging_mixin.py:190} INFO - [2025-01-28T11:10:10.199+0000] {dagbag.py:588} INFO - Filling up the DagBag from /mnt/c/Users/Admin/Desktop/ud_data/Dataslush_umang/airflow/airflow_venv/lib/python3.12/site-packages/airflow/example_dags/example_task_group.py
[2025-01-28T11:10:10.321+0000] {processor.py:925} INFO - DAG(s) 'example_task_group' retrieved from /mnt/c/Users/Admin/Desktop/ud_data/Dataslush_umang/airflow/airflow_venv/lib/python3.12/site-packages/airflow/example_dags/example_task_group.py
[2025-01-28T11:10:10.354+0000] {logging_mixin.py:190} INFO - [2025-01-28T11:10:10.352+0000] {dag.py:3239} INFO - Sync 1 DAGs
[2025-01-28T11:10:10.373+0000] {logging_mixin.py:190} INFO - [2025-01-28T11:10:10.371+0000] {dag.py:4180} INFO - Setting next_dagrun for example_task_group to None, run_after=None
[2025-01-28T11:10:10.423+0000] {processor.py:208} INFO - Processing /mnt/c/Users/Admin/Desktop/ud_data/Dataslush_umang/airflow/airflow_venv/lib/python3.12/site-packages/airflow/example_dags/example_task_group.py took 0.259 seconds
[2025-01-28T11:12:04.419+0000] {processor.py:186} INFO - Started process (PID=20538) to work on /mnt/c/Users/Admin/Desktop/ud_data/Dataslush_umang/airflow/airflow_venv/lib/python3.12/site-packages/airflow/example_dags/example_task_group.py
[2025-01-28T11:11:34.629+0000] {processor.py:914} INFO - Processing file /mnt/c/Users/Admin/Desktop/ud_data/Dataslush_umang/airflow/airflow_venv/lib/python3.12/site-packages/airflow/example_dags/example_task_group.py for tasks to queue
[2025-01-28T11:11:34.634+0000] {logging_mixin.py:190} INFO - [2025-01-28T11:11:34.632+0000] {dagbag.py:588} INFO - Filling up the DagBag from /mnt/c/Users/Admin/Desktop/ud_data/Dataslush_umang/airflow/airflow_venv/lib/python3.12/site-packages/airflow/example_dags/example_task_group.py
[2025-01-28T11:11:34.757+0000] {processor.py:925} INFO - DAG(s) 'example_task_group' retrieved from /mnt/c/Users/Admin/Desktop/ud_data/Dataslush_umang/airflow/airflow_venv/lib/python3.12/site-packages/airflow/example_dags/example_task_group.py
[2025-01-28T11:11:34.790+0000] {logging_mixin.py:190} INFO - [2025-01-28T11:11:34.787+0000] {dag.py:3239} INFO - Sync 1 DAGs
[2025-01-28T11:11:34.818+0000] {logging_mixin.py:190} INFO - [2025-01-28T11:11:34.816+0000] {dag.py:4180} INFO - Setting next_dagrun for example_task_group to None, run_after=None
[2025-01-28T11:11:34.891+0000] {processor.py:208} INFO - Processing /mnt/c/Users/Admin/Desktop/ud_data/Dataslush_umang/airflow/airflow_venv/lib/python3.12/site-packages/airflow/example_dags/example_task_group.py took 0.582 seconds
[2025-01-28T11:13:12.356+0000] {processor.py:186} INFO - Started process (PID=20652) to work on /mnt/c/Users/Admin/Desktop/ud_data/Dataslush_umang/airflow/airflow_venv/lib/python3.12/site-packages/airflow/example_dags/example_task_group.py
[2025-01-28T11:13:12.360+0000] {processor.py:914} INFO - Processing file /mnt/c/Users/Admin/Desktop/ud_data/Dataslush_umang/airflow/airflow_venv/lib/python3.12/site-packages/airflow/example_dags/example_task_group.py for tasks to queue
[2025-01-28T11:13:12.367+0000] {logging_mixin.py:190} INFO - [2025-01-28T11:13:12.365+0000] {dagbag.py:588} INFO - Filling up the DagBag from /mnt/c/Users/Admin/Desktop/ud_data/Dataslush_umang/airflow/airflow_venv/lib/python3.12/site-packages/airflow/example_dags/example_task_group.py
[2025-01-28T11:13:12.456+0000] {processor.py:925} INFO - DAG(s) 'example_task_group' retrieved from /mnt/c/Users/Admin/Desktop/ud_data/Dataslush_umang/airflow/airflow_venv/lib/python3.12/site-packages/airflow/example_dags/example_task_group.py
[2025-01-28T11:13:12.485+0000] {logging_mixin.py:190} INFO - [2025-01-28T11:13:12.483+0000] {dag.py:3239} INFO - Sync 1 DAGs
[2025-01-28T11:13:12.500+0000] {logging_mixin.py:190} INFO - [2025-01-28T11:13:12.499+0000] {dag.py:4180} INFO - Setting next_dagrun for example_task_group to None, run_after=None
[2025-01-28T11:13:12.690+0000] {processor.py:208} INFO - Processing /mnt/c/Users/Admin/Desktop/ud_data/Dataslush_umang/airflow/airflow_venv/lib/python3.12/site-packages/airflow/example_dags/example_task_group.py took 0.362 seconds
[2025-01-28T11:14:45.122+0000] {processor.py:186} INFO - Started process (PID=20765) to work on /mnt/c/Users/Admin/Desktop/ud_data/Dataslush_umang/airflow/airflow_venv/lib/python3.12/site-packages/airflow/example_dags/example_task_group.py
[2025-01-28T11:14:45.376+0000] {processor.py:914} INFO - Processing file /mnt/c/Users/Admin/Desktop/ud_data/Dataslush_umang/airflow/airflow_venv/lib/python3.12/site-packages/airflow/example_dags/example_task_group.py for tasks to queue
[2025-01-28T11:14:45.384+0000] {logging_mixin.py:190} INFO - [2025-01-28T11:14:45.382+0000] {dagbag.py:588} INFO - Filling up the DagBag from /mnt/c/Users/Admin/Desktop/ud_data/Dataslush_umang/airflow/airflow_venv/lib/python3.12/site-packages/airflow/example_dags/example_task_group.py
[2025-01-28T11:14:45.489+0000] {processor.py:925} INFO - DAG(s) 'example_task_group' retrieved from /mnt/c/Users/Admin/Desktop/ud_data/Dataslush_umang/airflow/airflow_venv/lib/python3.12/site-packages/airflow/example_dags/example_task_group.py
[2025-01-28T11:14:45.517+0000] {logging_mixin.py:190} INFO - [2025-01-28T11:14:45.515+0000] {dag.py:3239} INFO - Sync 1 DAGs
[2025-01-28T11:14:45.536+0000] {logging_mixin.py:190} INFO - [2025-01-28T11:14:45.534+0000] {dag.py:4180} INFO - Setting next_dagrun for example_task_group to None, run_after=None
[2025-01-28T11:14:47.990+0000] {processor.py:208} INFO - Processing /mnt/c/Users/Admin/Desktop/ud_data/Dataslush_umang/airflow/airflow_venv/lib/python3.12/site-packages/airflow/example_dags/example_task_group.py took 2.908 seconds
