[2025-01-28T10:12:29.863+0000] {processor.py:186} INFO - Started process (PID=14749) to work on /mnt/c/Users/Admin/Desktop/ud_data/Dataslush_umang/airflow/airflow_venv/lib/python3.12/site-packages/airflow/example_dags/example_setup_teardown.py
[2025-01-28T10:12:29.866+0000] {processor.py:914} INFO - Processing file /mnt/c/Users/Admin/Desktop/ud_data/Dataslush_umang/airflow/airflow_venv/lib/python3.12/site-packages/airflow/example_dags/example_setup_teardown.py for tasks to queue
[2025-01-28T10:12:29.871+0000] {logging_mixin.py:190} INFO - [2025-01-28T10:12:29.870+0000] {dagbag.py:588} INFO - Filling up the DagBag from /mnt/c/Users/Admin/Desktop/ud_data/Dataslush_umang/airflow/airflow_venv/lib/python3.12/site-packages/airflow/example_dags/example_setup_teardown.py
[2025-01-28T10:12:29.978+0000] {processor.py:925} INFO - DAG(s) 'example_setup_teardown' retrieved from /mnt/c/Users/Admin/Desktop/ud_data/Dataslush_umang/airflow/airflow_venv/lib/python3.12/site-packages/airflow/example_dags/example_setup_teardown.py
[2025-01-28T10:12:31.801+0000] {logging_mixin.py:190} INFO - [2025-01-28T10:12:31.797+0000] {override.py:1912} INFO - Created Permission View: can edit on DAG:example_setup_teardown
[2025-01-28T10:12:31.858+0000] {logging_mixin.py:190} INFO - [2025-01-28T10:12:31.855+0000] {override.py:1912} INFO - Created Permission View: can read on DAG:example_setup_teardown
[2025-01-28T10:12:31.902+0000] {logging_mixin.py:190} INFO - [2025-01-28T10:12:31.899+0000] {override.py:1912} INFO - Created Permission View: can delete on DAG:example_setup_teardown
[2025-01-28T10:12:32.010+0000] {logging_mixin.py:190} INFO - [2025-01-28T10:12:32.004+0000] {override.py:1912} INFO - Created Permission View: can create on DAG Run:example_setup_teardown
[2025-01-28T10:12:32.111+0000] {logging_mixin.py:190} INFO - [2025-01-28T10:12:32.102+0000] {override.py:1912} INFO - Created Permission View: menu access on DAG Run:example_setup_teardown
[2025-01-28T10:12:32.177+0000] {logging_mixin.py:190} INFO - [2025-01-28T10:12:32.171+0000] {override.py:1912} INFO - Created Permission View: can read on DAG Run:example_setup_teardown
[2025-01-28T10:12:32.215+0000] {logging_mixin.py:190} INFO - [2025-01-28T10:12:32.211+0000] {override.py:1912} INFO - Created Permission View: can delete on DAG Run:example_setup_teardown
[2025-01-28T10:12:32.262+0000] {logging_mixin.py:190} INFO - [2025-01-28T10:12:32.216+0000] {dag.py:3239} INFO - Sync 1 DAGs
[2025-01-28T10:12:32.327+0000] {logging_mixin.py:190} INFO - [2025-01-28T10:12:32.325+0000] {dag.py:3262} INFO - Creating ORM DAG for example_setup_teardown
[2025-01-28T10:12:32.331+0000] {logging_mixin.py:190} INFO - [2025-01-28T10:12:32.329+0000] {dag.py:4180} INFO - Setting next_dagrun for example_setup_teardown to None, run_after=None
[2025-01-28T10:12:32.425+0000] {processor.py:208} INFO - Processing /mnt/c/Users/Admin/Desktop/ud_data/Dataslush_umang/airflow/airflow_venv/lib/python3.12/site-packages/airflow/example_dags/example_setup_teardown.py took 2.591 seconds
[2025-01-28T10:15:11.696+0000] {processor.py:186} INFO - Started process (PID=14976) to work on /mnt/c/Users/Admin/Desktop/ud_data/Dataslush_umang/airflow/airflow_venv/lib/python3.12/site-packages/airflow/example_dags/example_setup_teardown.py
[2025-01-28T10:15:11.698+0000] {processor.py:914} INFO - Processing file /mnt/c/Users/Admin/Desktop/ud_data/Dataslush_umang/airflow/airflow_venv/lib/python3.12/site-packages/airflow/example_dags/example_setup_teardown.py for tasks to queue
[2025-01-28T10:15:11.702+0000] {logging_mixin.py:190} INFO - [2025-01-28T10:15:11.701+0000] {dagbag.py:588} INFO - Filling up the DagBag from /mnt/c/Users/Admin/Desktop/ud_data/Dataslush_umang/airflow/airflow_venv/lib/python3.12/site-packages/airflow/example_dags/example_setup_teardown.py
[2025-01-28T10:15:11.786+0000] {processor.py:925} INFO - DAG(s) 'example_setup_teardown' retrieved from /mnt/c/Users/Admin/Desktop/ud_data/Dataslush_umang/airflow/airflow_venv/lib/python3.12/site-packages/airflow/example_dags/example_setup_teardown.py
[2025-01-28T10:15:11.813+0000] {logging_mixin.py:190} INFO - [2025-01-28T10:15:11.811+0000] {dag.py:3239} INFO - Sync 1 DAGs
[2025-01-28T10:15:11.828+0000] {logging_mixin.py:190} INFO - [2025-01-28T10:15:11.826+0000] {dag.py:4180} INFO - Setting next_dagrun for example_setup_teardown to None, run_after=None
[2025-01-28T10:15:12.023+0000] {processor.py:208} INFO - Processing /mnt/c/Users/Admin/Desktop/ud_data/Dataslush_umang/airflow/airflow_venv/lib/python3.12/site-packages/airflow/example_dags/example_setup_teardown.py took 0.346 seconds
[2025-01-28T10:16:18.223+0000] {processor.py:186} INFO - Started process (PID=15085) to work on /mnt/c/Users/Admin/Desktop/ud_data/Dataslush_umang/airflow/airflow_venv/lib/python3.12/site-packages/airflow/example_dags/example_setup_teardown.py
[2025-01-28T10:16:18.226+0000] {processor.py:914} INFO - Processing file /mnt/c/Users/Admin/Desktop/ud_data/Dataslush_umang/airflow/airflow_venv/lib/python3.12/site-packages/airflow/example_dags/example_setup_teardown.py for tasks to queue
[2025-01-28T10:16:18.231+0000] {logging_mixin.py:190} INFO - [2025-01-28T10:16:18.229+0000] {dagbag.py:588} INFO - Filling up the DagBag from /mnt/c/Users/Admin/Desktop/ud_data/Dataslush_umang/airflow/airflow_venv/lib/python3.12/site-packages/airflow/example_dags/example_setup_teardown.py
[2025-01-28T10:16:48.406+0000] {processor.py:925} INFO - DAG(s) 'example_setup_teardown' retrieved from /mnt/c/Users/Admin/Desktop/ud_data/Dataslush_umang/airflow/airflow_venv/lib/python3.12/site-packages/airflow/example_dags/example_setup_teardown.py
[2025-01-28T10:16:48.430+0000] {logging_mixin.py:190} INFO - [2025-01-28T10:16:48.428+0000] {dag.py:3239} INFO - Sync 1 DAGs
[2025-01-28T10:16:48.444+0000] {logging_mixin.py:190} INFO - [2025-01-28T10:16:48.442+0000] {dag.py:4180} INFO - Setting next_dagrun for example_setup_teardown to None, run_after=None
[2025-01-28T10:16:18.677+0000] {processor.py:208} INFO - Processing /mnt/c/Users/Admin/Desktop/ud_data/Dataslush_umang/airflow/airflow_venv/lib/python3.12/site-packages/airflow/example_dags/example_setup_teardown.py took 0.472 seconds
[2025-01-28T10:18:06.898+0000] {processor.py:186} INFO - Started process (PID=15302) to work on /mnt/c/Users/Admin/Desktop/ud_data/Dataslush_umang/airflow/airflow_venv/lib/python3.12/site-packages/airflow/example_dags/example_setup_teardown.py
[2025-01-28T10:18:06.901+0000] {processor.py:914} INFO - Processing file /mnt/c/Users/Admin/Desktop/ud_data/Dataslush_umang/airflow/airflow_venv/lib/python3.12/site-packages/airflow/example_dags/example_setup_teardown.py for tasks to queue
[2025-01-28T10:18:06.907+0000] {logging_mixin.py:190} INFO - [2025-01-28T10:18:06.905+0000] {dagbag.py:588} INFO - Filling up the DagBag from /mnt/c/Users/Admin/Desktop/ud_data/Dataslush_umang/airflow/airflow_venv/lib/python3.12/site-packages/airflow/example_dags/example_setup_teardown.py
[2025-01-28T10:18:07.052+0000] {processor.py:925} INFO - DAG(s) 'example_setup_teardown' retrieved from /mnt/c/Users/Admin/Desktop/ud_data/Dataslush_umang/airflow/airflow_venv/lib/python3.12/site-packages/airflow/example_dags/example_setup_teardown.py
[2025-01-28T10:18:07.089+0000] {logging_mixin.py:190} INFO - [2025-01-28T10:18:07.087+0000] {dag.py:3239} INFO - Sync 1 DAGs
[2025-01-28T10:18:07.111+0000] {logging_mixin.py:190} INFO - [2025-01-28T10:18:07.110+0000] {dag.py:4180} INFO - Setting next_dagrun for example_setup_teardown to None, run_after=None
[2025-01-28T10:18:07.365+0000] {processor.py:208} INFO - Processing /mnt/c/Users/Admin/Desktop/ud_data/Dataslush_umang/airflow/airflow_venv/lib/python3.12/site-packages/airflow/example_dags/example_setup_teardown.py took 0.489 seconds
[2025-01-28T10:19:48.935+0000] {processor.py:186} INFO - Started process (PID=15400) to work on /mnt/c/Users/Admin/Desktop/ud_data/Dataslush_umang/airflow/airflow_venv/lib/python3.12/site-packages/airflow/example_dags/example_setup_teardown.py
[2025-01-28T10:19:49.001+0000] {processor.py:914} INFO - Processing file /mnt/c/Users/Admin/Desktop/ud_data/Dataslush_umang/airflow/airflow_venv/lib/python3.12/site-packages/airflow/example_dags/example_setup_teardown.py for tasks to queue
[2025-01-28T10:19:49.015+0000] {logging_mixin.py:190} INFO - [2025-01-28T10:19:49.011+0000] {dagbag.py:588} INFO - Filling up the DagBag from /mnt/c/Users/Admin/Desktop/ud_data/Dataslush_umang/airflow/airflow_venv/lib/python3.12/site-packages/airflow/example_dags/example_setup_teardown.py
[2025-01-28T10:19:19.058+0000] {processor.py:925} INFO - DAG(s) 'example_setup_teardown' retrieved from /mnt/c/Users/Admin/Desktop/ud_data/Dataslush_umang/airflow/airflow_venv/lib/python3.12/site-packages/airflow/example_dags/example_setup_teardown.py
[2025-01-28T10:19:19.088+0000] {logging_mixin.py:190} INFO - [2025-01-28T10:19:19.086+0000] {dag.py:3239} INFO - Sync 1 DAGs
[2025-01-28T10:19:19.105+0000] {logging_mixin.py:190} INFO - [2025-01-28T10:19:19.103+0000] {dag.py:4180} INFO - Setting next_dagrun for example_setup_teardown to None, run_after=None
[2025-01-28T10:19:20.319+0000] {processor.py:208} INFO - Processing /mnt/c/Users/Admin/Desktop/ud_data/Dataslush_umang/airflow/airflow_venv/lib/python3.12/site-packages/airflow/example_dags/example_setup_teardown.py took 1.581 seconds
[2025-01-28T10:20:41.032+0000] {processor.py:186} INFO - Started process (PID=15528) to work on /mnt/c/Users/Admin/Desktop/ud_data/Dataslush_umang/airflow/airflow_venv/lib/python3.12/site-packages/airflow/example_dags/example_setup_teardown.py
[2025-01-28T10:20:41.039+0000] {processor.py:914} INFO - Processing file /mnt/c/Users/Admin/Desktop/ud_data/Dataslush_umang/airflow/airflow_venv/lib/python3.12/site-packages/airflow/example_dags/example_setup_teardown.py for tasks to queue
[2025-01-28T10:20:41.055+0000] {logging_mixin.py:190} INFO - [2025-01-28T10:20:41.050+0000] {dagbag.py:588} INFO - Filling up the DagBag from /mnt/c/Users/Admin/Desktop/ud_data/Dataslush_umang/airflow/airflow_venv/lib/python3.12/site-packages/airflow/example_dags/example_setup_teardown.py
[2025-01-28T10:20:41.294+0000] {processor.py:925} INFO - DAG(s) 'example_setup_teardown' retrieved from /mnt/c/Users/Admin/Desktop/ud_data/Dataslush_umang/airflow/airflow_venv/lib/python3.12/site-packages/airflow/example_dags/example_setup_teardown.py
[2025-01-28T10:20:41.333+0000] {logging_mixin.py:190} INFO - [2025-01-28T10:20:41.330+0000] {dag.py:3239} INFO - Sync 1 DAGs
[2025-01-28T10:20:41.365+0000] {logging_mixin.py:190} INFO - [2025-01-28T10:20:41.362+0000] {dag.py:4180} INFO - Setting next_dagrun for example_setup_teardown to None, run_after=None
[2025-01-28T10:20:41.462+0000] {processor.py:208} INFO - Processing /mnt/c/Users/Admin/Desktop/ud_data/Dataslush_umang/airflow/airflow_venv/lib/python3.12/site-packages/airflow/example_dags/example_setup_teardown.py took 0.486 seconds
[2025-01-28T10:22:17.128+0000] {processor.py:186} INFO - Started process (PID=15666) to work on /mnt/c/Users/Admin/Desktop/ud_data/Dataslush_umang/airflow/airflow_venv/lib/python3.12/site-packages/airflow/example_dags/example_setup_teardown.py
[2025-01-28T10:22:17.133+0000] {processor.py:914} INFO - Processing file /mnt/c/Users/Admin/Desktop/ud_data/Dataslush_umang/airflow/airflow_venv/lib/python3.12/site-packages/airflow/example_dags/example_setup_teardown.py for tasks to queue
[2025-01-28T10:22:17.142+0000] {logging_mixin.py:190} INFO - [2025-01-28T10:22:17.139+0000] {dagbag.py:588} INFO - Filling up the DagBag from /mnt/c/Users/Admin/Desktop/ud_data/Dataslush_umang/airflow/airflow_venv/lib/python3.12/site-packages/airflow/example_dags/example_setup_teardown.py
[2025-01-28T10:22:17.448+0000] {processor.py:925} INFO - DAG(s) 'example_setup_teardown' retrieved from /mnt/c/Users/Admin/Desktop/ud_data/Dataslush_umang/airflow/airflow_venv/lib/python3.12/site-packages/airflow/example_dags/example_setup_teardown.py
[2025-01-28T10:22:17.502+0000] {logging_mixin.py:190} INFO - [2025-01-28T10:22:17.500+0000] {dag.py:3239} INFO - Sync 1 DAGs
[2025-01-28T10:22:17.534+0000] {logging_mixin.py:190} INFO - [2025-01-28T10:22:17.532+0000] {dag.py:4180} INFO - Setting next_dagrun for example_setup_teardown to None, run_after=None
[2025-01-28T10:22:17.578+0000] {processor.py:208} INFO - Processing /mnt/c/Users/Admin/Desktop/ud_data/Dataslush_umang/airflow/airflow_venv/lib/python3.12/site-packages/airflow/example_dags/example_setup_teardown.py took 0.490 seconds
[2025-01-28T10:24:00.181+0000] {processor.py:186} INFO - Started process (PID=15831) to work on /mnt/c/Users/Admin/Desktop/ud_data/Dataslush_umang/airflow/airflow_venv/lib/python3.12/site-packages/airflow/example_dags/example_setup_teardown.py
[2025-01-28T10:24:00.535+0000] {processor.py:914} INFO - Processing file /mnt/c/Users/Admin/Desktop/ud_data/Dataslush_umang/airflow/airflow_venv/lib/python3.12/site-packages/airflow/example_dags/example_setup_teardown.py for tasks to queue
[2025-01-28T10:24:00.550+0000] {logging_mixin.py:190} INFO - [2025-01-28T10:24:00.546+0000] {dagbag.py:588} INFO - Filling up the DagBag from /mnt/c/Users/Admin/Desktop/ud_data/Dataslush_umang/airflow/airflow_venv/lib/python3.12/site-packages/airflow/example_dags/example_setup_teardown.py
[2025-01-28T10:24:00.905+0000] {processor.py:925} INFO - DAG(s) 'example_setup_teardown' retrieved from /mnt/c/Users/Admin/Desktop/ud_data/Dataslush_umang/airflow/airflow_venv/lib/python3.12/site-packages/airflow/example_dags/example_setup_teardown.py
[2025-01-28T10:24:00.952+0000] {logging_mixin.py:190} INFO - [2025-01-28T10:24:00.947+0000] {dag.py:3239} INFO - Sync 1 DAGs
[2025-01-28T10:24:01.000+0000] {logging_mixin.py:190} INFO - [2025-01-28T10:24:00.992+0000] {dag.py:4180} INFO - Setting next_dagrun for example_setup_teardown to None, run_after=None
[2025-01-28T10:24:31.601+0000] {processor.py:208} INFO - Processing /mnt/c/Users/Admin/Desktop/ud_data/Dataslush_umang/airflow/airflow_venv/lib/python3.12/site-packages/airflow/example_dags/example_setup_teardown.py took 1.411 seconds
[2025-01-28T10:26:44.803+0000] {processor.py:186} INFO - Started process (PID=16217) to work on /mnt/c/Users/Admin/Desktop/ud_data/Dataslush_umang/airflow/airflow_venv/lib/python3.12/site-packages/airflow/example_dags/example_setup_teardown.py
[2025-01-28T10:26:44.845+0000] {processor.py:914} INFO - Processing file /mnt/c/Users/Admin/Desktop/ud_data/Dataslush_umang/airflow/airflow_venv/lib/python3.12/site-packages/airflow/example_dags/example_setup_teardown.py for tasks to queue
[2025-01-28T10:26:44.861+0000] {logging_mixin.py:190} INFO - [2025-01-28T10:26:44.856+0000] {dagbag.py:588} INFO - Filling up the DagBag from /mnt/c/Users/Admin/Desktop/ud_data/Dataslush_umang/airflow/airflow_venv/lib/python3.12/site-packages/airflow/example_dags/example_setup_teardown.py
[2025-01-28T10:26:45.226+0000] {processor.py:925} INFO - DAG(s) 'example_setup_teardown' retrieved from /mnt/c/Users/Admin/Desktop/ud_data/Dataslush_umang/airflow/airflow_venv/lib/python3.12/site-packages/airflow/example_dags/example_setup_teardown.py
[2025-01-28T10:26:45.298+0000] {logging_mixin.py:190} INFO - [2025-01-28T10:26:45.295+0000] {dag.py:3239} INFO - Sync 1 DAGs
[2025-01-28T10:26:45.324+0000] {logging_mixin.py:190} INFO - [2025-01-28T10:26:45.322+0000] {dag.py:4180} INFO - Setting next_dagrun for example_setup_teardown to None, run_after=None
[2025-01-28T10:26:45.398+0000] {processor.py:208} INFO - Processing /mnt/c/Users/Admin/Desktop/ud_data/Dataslush_umang/airflow/airflow_venv/lib/python3.12/site-packages/airflow/example_dags/example_setup_teardown.py took 0.676 seconds
[2025-01-28T10:28:21.095+0000] {processor.py:186} INFO - Started process (PID=16304) to work on /mnt/c/Users/Admin/Desktop/ud_data/Dataslush_umang/airflow/airflow_venv/lib/python3.12/site-packages/airflow/example_dags/example_setup_teardown.py
[2025-01-28T10:28:21.102+0000] {processor.py:914} INFO - Processing file /mnt/c/Users/Admin/Desktop/ud_data/Dataslush_umang/airflow/airflow_venv/lib/python3.12/site-packages/airflow/example_dags/example_setup_teardown.py for tasks to queue
[2025-01-28T10:28:21.118+0000] {logging_mixin.py:190} INFO - [2025-01-28T10:28:21.113+0000] {dagbag.py:588} INFO - Filling up the DagBag from /mnt/c/Users/Admin/Desktop/ud_data/Dataslush_umang/airflow/airflow_venv/lib/python3.12/site-packages/airflow/example_dags/example_setup_teardown.py
[2025-01-28T10:28:21.475+0000] {processor.py:925} INFO - DAG(s) 'example_setup_teardown' retrieved from /mnt/c/Users/Admin/Desktop/ud_data/Dataslush_umang/airflow/airflow_venv/lib/python3.12/site-packages/airflow/example_dags/example_setup_teardown.py
[2025-01-28T10:28:21.549+0000] {logging_mixin.py:190} INFO - [2025-01-28T10:28:21.545+0000] {dag.py:3239} INFO - Sync 1 DAGs
[2025-01-28T10:28:21.598+0000] {logging_mixin.py:190} INFO - [2025-01-28T10:28:21.594+0000] {dag.py:4180} INFO - Setting next_dagrun for example_setup_teardown to None, run_after=None
[2025-01-28T10:28:21.689+0000] {processor.py:208} INFO - Processing /mnt/c/Users/Admin/Desktop/ud_data/Dataslush_umang/airflow/airflow_venv/lib/python3.12/site-packages/airflow/example_dags/example_setup_teardown.py took 0.662 seconds
[2025-01-28T10:29:41.189+0000] {processor.py:186} INFO - Started process (PID=16382) to work on /mnt/c/Users/Admin/Desktop/ud_data/Dataslush_umang/airflow/airflow_venv/lib/python3.12/site-packages/airflow/example_dags/example_setup_teardown.py
[2025-01-28T10:29:42.171+0000] {processor.py:914} INFO - Processing file /mnt/c/Users/Admin/Desktop/ud_data/Dataslush_umang/airflow/airflow_venv/lib/python3.12/site-packages/airflow/example_dags/example_setup_teardown.py for tasks to queue
[2025-01-28T10:29:42.178+0000] {logging_mixin.py:190} INFO - [2025-01-28T10:29:42.175+0000] {dagbag.py:588} INFO - Filling up the DagBag from /mnt/c/Users/Admin/Desktop/ud_data/Dataslush_umang/airflow/airflow_venv/lib/python3.12/site-packages/airflow/example_dags/example_setup_teardown.py
[2025-01-28T10:29:42.347+0000] {processor.py:925} INFO - DAG(s) 'example_setup_teardown' retrieved from /mnt/c/Users/Admin/Desktop/ud_data/Dataslush_umang/airflow/airflow_venv/lib/python3.12/site-packages/airflow/example_dags/example_setup_teardown.py
[2025-01-28T10:29:42.382+0000] {logging_mixin.py:190} INFO - [2025-01-28T10:29:42.380+0000] {dag.py:3239} INFO - Sync 1 DAGs
[2025-01-28T10:29:42.423+0000] {logging_mixin.py:190} INFO - [2025-01-28T10:29:42.420+0000] {dag.py:4180} INFO - Setting next_dagrun for example_setup_teardown to None, run_after=None
[2025-01-28T10:29:42.586+0000] {processor.py:208} INFO - Processing /mnt/c/Users/Admin/Desktop/ud_data/Dataslush_umang/airflow/airflow_venv/lib/python3.12/site-packages/airflow/example_dags/example_setup_teardown.py took 1.449 seconds
[2025-01-28T10:31:03.332+0000] {processor.py:186} INFO - Started process (PID=16474) to work on /mnt/c/Users/Admin/Desktop/ud_data/Dataslush_umang/airflow/airflow_venv/lib/python3.12/site-packages/airflow/example_dags/example_setup_teardown.py
[2025-01-28T10:31:03.335+0000] {processor.py:914} INFO - Processing file /mnt/c/Users/Admin/Desktop/ud_data/Dataslush_umang/airflow/airflow_venv/lib/python3.12/site-packages/airflow/example_dags/example_setup_teardown.py for tasks to queue
[2025-01-28T10:31:03.343+0000] {logging_mixin.py:190} INFO - [2025-01-28T10:31:03.341+0000] {dagbag.py:588} INFO - Filling up the DagBag from /mnt/c/Users/Admin/Desktop/ud_data/Dataslush_umang/airflow/airflow_venv/lib/python3.12/site-packages/airflow/example_dags/example_setup_teardown.py
[2025-01-28T10:31:03.434+0000] {processor.py:925} INFO - DAG(s) 'example_setup_teardown' retrieved from /mnt/c/Users/Admin/Desktop/ud_data/Dataslush_umang/airflow/airflow_venv/lib/python3.12/site-packages/airflow/example_dags/example_setup_teardown.py
[2025-01-28T10:31:03.459+0000] {logging_mixin.py:190} INFO - [2025-01-28T10:31:03.457+0000] {dag.py:3239} INFO - Sync 1 DAGs
[2025-01-28T10:31:03.502+0000] {logging_mixin.py:190} INFO - [2025-01-28T10:31:03.499+0000] {dag.py:4180} INFO - Setting next_dagrun for example_setup_teardown to None, run_after=None
[2025-01-28T10:31:03.573+0000] {processor.py:208} INFO - Processing /mnt/c/Users/Admin/Desktop/ud_data/Dataslush_umang/airflow/airflow_venv/lib/python3.12/site-packages/airflow/example_dags/example_setup_teardown.py took 0.266 seconds
[2025-01-28T10:33:19.940+0000] {processor.py:186} INFO - Started process (PID=16712) to work on /mnt/c/Users/Admin/Desktop/ud_data/Dataslush_umang/airflow/airflow_venv/lib/python3.12/site-packages/airflow/example_dags/example_setup_teardown.py
[2025-01-28T10:33:19.947+0000] {processor.py:914} INFO - Processing file /mnt/c/Users/Admin/Desktop/ud_data/Dataslush_umang/airflow/airflow_venv/lib/python3.12/site-packages/airflow/example_dags/example_setup_teardown.py for tasks to queue
[2025-01-28T10:33:19.962+0000] {logging_mixin.py:190} INFO - [2025-01-28T10:33:19.957+0000] {dagbag.py:588} INFO - Filling up the DagBag from /mnt/c/Users/Admin/Desktop/ud_data/Dataslush_umang/airflow/airflow_venv/lib/python3.12/site-packages/airflow/example_dags/example_setup_teardown.py
[2025-01-28T10:33:50.398+0000] {processor.py:925} INFO - DAG(s) 'example_setup_teardown' retrieved from /mnt/c/Users/Admin/Desktop/ud_data/Dataslush_umang/airflow/airflow_venv/lib/python3.12/site-packages/airflow/example_dags/example_setup_teardown.py
[2025-01-28T10:33:50.442+0000] {logging_mixin.py:190} INFO - [2025-01-28T10:33:50.439+0000] {dag.py:3239} INFO - Sync 1 DAGs
[2025-01-28T10:33:50.468+0000] {logging_mixin.py:190} INFO - [2025-01-28T10:33:50.465+0000] {dag.py:4180} INFO - Setting next_dagrun for example_setup_teardown to None, run_after=None
[2025-01-28T10:33:22.126+0000] {processor.py:208} INFO - Processing /mnt/c/Users/Admin/Desktop/ud_data/Dataslush_umang/airflow/airflow_venv/lib/python3.12/site-packages/airflow/example_dags/example_setup_teardown.py took 2.263 seconds
[2025-01-28T10:35:59.009+0000] {processor.py:186} INFO - Started process (PID=16960) to work on /mnt/c/Users/Admin/Desktop/ud_data/Dataslush_umang/airflow/airflow_venv/lib/python3.12/site-packages/airflow/example_dags/example_setup_teardown.py
[2025-01-28T10:35:59.016+0000] {processor.py:914} INFO - Processing file /mnt/c/Users/Admin/Desktop/ud_data/Dataslush_umang/airflow/airflow_venv/lib/python3.12/site-packages/airflow/example_dags/example_setup_teardown.py for tasks to queue
[2025-01-28T10:35:59.032+0000] {logging_mixin.py:190} INFO - [2025-01-28T10:35:59.027+0000] {dagbag.py:588} INFO - Filling up the DagBag from /mnt/c/Users/Admin/Desktop/ud_data/Dataslush_umang/airflow/airflow_venv/lib/python3.12/site-packages/airflow/example_dags/example_setup_teardown.py
[2025-01-28T10:35:59.387+0000] {processor.py:925} INFO - DAG(s) 'example_setup_teardown' retrieved from /mnt/c/Users/Admin/Desktop/ud_data/Dataslush_umang/airflow/airflow_venv/lib/python3.12/site-packages/airflow/example_dags/example_setup_teardown.py
[2025-01-28T10:35:59.423+0000] {logging_mixin.py:190} INFO - [2025-01-28T10:35:59.421+0000] {dag.py:3239} INFO - Sync 1 DAGs
[2025-01-28T10:35:59.442+0000] {logging_mixin.py:190} INFO - [2025-01-28T10:35:59.440+0000] {dag.py:4180} INFO - Setting next_dagrun for example_setup_teardown to None, run_after=None
[2025-01-28T10:35:59.479+0000] {processor.py:208} INFO - Processing /mnt/c/Users/Admin/Desktop/ud_data/Dataslush_umang/airflow/airflow_venv/lib/python3.12/site-packages/airflow/example_dags/example_setup_teardown.py took 0.542 seconds
[2025-01-28T10:37:27.102+0000] {processor.py:186} INFO - Started process (PID=17079) to work on /mnt/c/Users/Admin/Desktop/ud_data/Dataslush_umang/airflow/airflow_venv/lib/python3.12/site-packages/airflow/example_dags/example_setup_teardown.py
[2025-01-28T10:37:27.847+0000] {processor.py:914} INFO - Processing file /mnt/c/Users/Admin/Desktop/ud_data/Dataslush_umang/airflow/airflow_venv/lib/python3.12/site-packages/airflow/example_dags/example_setup_teardown.py for tasks to queue
[2025-01-28T10:37:27.864+0000] {logging_mixin.py:190} INFO - [2025-01-28T10:37:27.857+0000] {dagbag.py:588} INFO - Filling up the DagBag from /mnt/c/Users/Admin/Desktop/ud_data/Dataslush_umang/airflow/airflow_venv/lib/python3.12/site-packages/airflow/example_dags/example_setup_teardown.py
[2025-01-28T10:37:28.164+0000] {processor.py:925} INFO - DAG(s) 'example_setup_teardown' retrieved from /mnt/c/Users/Admin/Desktop/ud_data/Dataslush_umang/airflow/airflow_venv/lib/python3.12/site-packages/airflow/example_dags/example_setup_teardown.py
[2025-01-28T10:37:28.218+0000] {logging_mixin.py:190} INFO - [2025-01-28T10:37:28.215+0000] {dag.py:3239} INFO - Sync 1 DAGs
[2025-01-28T10:37:28.253+0000] {logging_mixin.py:190} INFO - [2025-01-28T10:37:28.250+0000] {dag.py:4180} INFO - Setting next_dagrun for example_setup_teardown to None, run_after=None
[2025-01-28T10:37:28.406+0000] {processor.py:208} INFO - Processing /mnt/c/Users/Admin/Desktop/ud_data/Dataslush_umang/airflow/airflow_venv/lib/python3.12/site-packages/airflow/example_dags/example_setup_teardown.py took 1.373 seconds
[2025-01-28T10:38:56.434+0000] {processor.py:186} INFO - Started process (PID=17234) to work on /mnt/c/Users/Admin/Desktop/ud_data/Dataslush_umang/airflow/airflow_venv/lib/python3.12/site-packages/airflow/example_dags/example_setup_teardown.py
[2025-01-28T10:38:56.753+0000] {processor.py:914} INFO - Processing file /mnt/c/Users/Admin/Desktop/ud_data/Dataslush_umang/airflow/airflow_venv/lib/python3.12/site-packages/airflow/example_dags/example_setup_teardown.py for tasks to queue
[2025-01-28T10:38:56.771+0000] {logging_mixin.py:190} INFO - [2025-01-28T10:38:56.766+0000] {dagbag.py:588} INFO - Filling up the DagBag from /mnt/c/Users/Admin/Desktop/ud_data/Dataslush_umang/airflow/airflow_venv/lib/python3.12/site-packages/airflow/example_dags/example_setup_teardown.py
[2025-01-28T10:38:57.123+0000] {processor.py:925} INFO - DAG(s) 'example_setup_teardown' retrieved from /mnt/c/Users/Admin/Desktop/ud_data/Dataslush_umang/airflow/airflow_venv/lib/python3.12/site-packages/airflow/example_dags/example_setup_teardown.py
[2025-01-28T10:38:57.187+0000] {logging_mixin.py:190} INFO - [2025-01-28T10:38:57.184+0000] {dag.py:3239} INFO - Sync 1 DAGs
[2025-01-28T10:38:57.216+0000] {logging_mixin.py:190} INFO - [2025-01-28T10:38:57.213+0000] {dag.py:4180} INFO - Setting next_dagrun for example_setup_teardown to None, run_after=None
[2025-01-28T10:38:57.697+0000] {processor.py:208} INFO - Processing /mnt/c/Users/Admin/Desktop/ud_data/Dataslush_umang/airflow/airflow_venv/lib/python3.12/site-packages/airflow/example_dags/example_setup_teardown.py took 1.312 seconds
[2025-01-28T10:40:30.495+0000] {processor.py:186} INFO - Started process (PID=17351) to work on /mnt/c/Users/Admin/Desktop/ud_data/Dataslush_umang/airflow/airflow_venv/lib/python3.12/site-packages/airflow/example_dags/example_setup_teardown.py
[2025-01-28T10:40:30.498+0000] {processor.py:914} INFO - Processing file /mnt/c/Users/Admin/Desktop/ud_data/Dataslush_umang/airflow/airflow_venv/lib/python3.12/site-packages/airflow/example_dags/example_setup_teardown.py for tasks to queue
[2025-01-28T10:40:30.504+0000] {logging_mixin.py:190} INFO - [2025-01-28T10:40:30.502+0000] {dagbag.py:588} INFO - Filling up the DagBag from /mnt/c/Users/Admin/Desktop/ud_data/Dataslush_umang/airflow/airflow_venv/lib/python3.12/site-packages/airflow/example_dags/example_setup_teardown.py
[2025-01-28T10:40:30.597+0000] {processor.py:925} INFO - DAG(s) 'example_setup_teardown' retrieved from /mnt/c/Users/Admin/Desktop/ud_data/Dataslush_umang/airflow/airflow_venv/lib/python3.12/site-packages/airflow/example_dags/example_setup_teardown.py
[2025-01-28T10:40:30.630+0000] {logging_mixin.py:190} INFO - [2025-01-28T10:40:30.629+0000] {dag.py:3239} INFO - Sync 1 DAGs
[2025-01-28T10:40:30.650+0000] {logging_mixin.py:190} INFO - [2025-01-28T10:40:30.648+0000] {dag.py:4180} INFO - Setting next_dagrun for example_setup_teardown to None, run_after=None
[2025-01-28T10:41:00.955+0000] {processor.py:208} INFO - Processing /mnt/c/Users/Admin/Desktop/ud_data/Dataslush_umang/airflow/airflow_venv/lib/python3.12/site-packages/airflow/example_dags/example_setup_teardown.py took 0.409 seconds
[2025-01-28T10:42:09.685+0000] {processor.py:186} INFO - Started process (PID=17544) to work on /mnt/c/Users/Admin/Desktop/ud_data/Dataslush_umang/airflow/airflow_venv/lib/python3.12/site-packages/airflow/example_dags/example_setup_teardown.py
[2025-01-28T10:42:09.689+0000] {processor.py:914} INFO - Processing file /mnt/c/Users/Admin/Desktop/ud_data/Dataslush_umang/airflow/airflow_venv/lib/python3.12/site-packages/airflow/example_dags/example_setup_teardown.py for tasks to queue
[2025-01-28T10:42:09.696+0000] {logging_mixin.py:190} INFO - [2025-01-28T10:42:09.693+0000] {dagbag.py:588} INFO - Filling up the DagBag from /mnt/c/Users/Admin/Desktop/ud_data/Dataslush_umang/airflow/airflow_venv/lib/python3.12/site-packages/airflow/example_dags/example_setup_teardown.py
[2025-01-28T10:42:09.833+0000] {processor.py:925} INFO - DAG(s) 'example_setup_teardown' retrieved from /mnt/c/Users/Admin/Desktop/ud_data/Dataslush_umang/airflow/airflow_venv/lib/python3.12/site-packages/airflow/example_dags/example_setup_teardown.py
[2025-01-28T10:42:09.864+0000] {logging_mixin.py:190} INFO - [2025-01-28T10:42:09.862+0000] {dag.py:3239} INFO - Sync 1 DAGs
[2025-01-28T10:42:09.885+0000] {logging_mixin.py:190} INFO - [2025-01-28T10:42:09.882+0000] {dag.py:4180} INFO - Setting next_dagrun for example_setup_teardown to None, run_after=None
[2025-01-28T10:42:09.935+0000] {processor.py:208} INFO - Processing /mnt/c/Users/Admin/Desktop/ud_data/Dataslush_umang/airflow/airflow_venv/lib/python3.12/site-packages/airflow/example_dags/example_setup_teardown.py took 0.280 seconds
[2025-01-28T10:45:15.393+0000] {processor.py:186} INFO - Started process (PID=17880) to work on /mnt/c/Users/Admin/Desktop/ud_data/Dataslush_umang/airflow/airflow_venv/lib/python3.12/site-packages/airflow/example_dags/example_setup_teardown.py
[2025-01-28T10:45:15.398+0000] {processor.py:914} INFO - Processing file /mnt/c/Users/Admin/Desktop/ud_data/Dataslush_umang/airflow/airflow_venv/lib/python3.12/site-packages/airflow/example_dags/example_setup_teardown.py for tasks to queue
[2025-01-28T10:45:15.406+0000] {logging_mixin.py:190} INFO - [2025-01-28T10:45:15.403+0000] {dagbag.py:588} INFO - Filling up the DagBag from /mnt/c/Users/Admin/Desktop/ud_data/Dataslush_umang/airflow/airflow_venv/lib/python3.12/site-packages/airflow/example_dags/example_setup_teardown.py
[2025-01-28T10:45:15.537+0000] {processor.py:925} INFO - DAG(s) 'example_setup_teardown' retrieved from /mnt/c/Users/Admin/Desktop/ud_data/Dataslush_umang/airflow/airflow_venv/lib/python3.12/site-packages/airflow/example_dags/example_setup_teardown.py
[2025-01-28T10:45:15.587+0000] {logging_mixin.py:190} INFO - [2025-01-28T10:45:15.584+0000] {dag.py:3239} INFO - Sync 1 DAGs
[2025-01-28T10:45:15.619+0000] {logging_mixin.py:190} INFO - [2025-01-28T10:45:15.615+0000] {dag.py:4180} INFO - Setting next_dagrun for example_setup_teardown to None, run_after=None
[2025-01-28T10:45:15.688+0000] {processor.py:208} INFO - Processing /mnt/c/Users/Admin/Desktop/ud_data/Dataslush_umang/airflow/airflow_venv/lib/python3.12/site-packages/airflow/example_dags/example_setup_teardown.py took 0.325 seconds
[2025-01-28T10:47:30.327+0000] {processor.py:186} INFO - Started process (PID=17998) to work on /mnt/c/Users/Admin/Desktop/ud_data/Dataslush_umang/airflow/airflow_venv/lib/python3.12/site-packages/airflow/example_dags/example_setup_teardown.py
[2025-01-28T10:47:30.330+0000] {processor.py:914} INFO - Processing file /mnt/c/Users/Admin/Desktop/ud_data/Dataslush_umang/airflow/airflow_venv/lib/python3.12/site-packages/airflow/example_dags/example_setup_teardown.py for tasks to queue
[2025-01-28T10:47:30.337+0000] {logging_mixin.py:190} INFO - [2025-01-28T10:47:30.335+0000] {dagbag.py:588} INFO - Filling up the DagBag from /mnt/c/Users/Admin/Desktop/ud_data/Dataslush_umang/airflow/airflow_venv/lib/python3.12/site-packages/airflow/example_dags/example_setup_teardown.py
[2025-01-28T10:47:30.436+0000] {processor.py:925} INFO - DAG(s) 'example_setup_teardown' retrieved from /mnt/c/Users/Admin/Desktop/ud_data/Dataslush_umang/airflow/airflow_venv/lib/python3.12/site-packages/airflow/example_dags/example_setup_teardown.py
[2025-01-28T10:47:30.464+0000] {logging_mixin.py:190} INFO - [2025-01-28T10:47:30.462+0000] {dag.py:3239} INFO - Sync 1 DAGs
[2025-01-28T10:47:30.482+0000] {logging_mixin.py:190} INFO - [2025-01-28T10:47:30.481+0000] {dag.py:4180} INFO - Setting next_dagrun for example_setup_teardown to None, run_after=None
[2025-01-28T10:47:30.651+0000] {processor.py:208} INFO - Processing /mnt/c/Users/Admin/Desktop/ud_data/Dataslush_umang/airflow/airflow_venv/lib/python3.12/site-packages/airflow/example_dags/example_setup_teardown.py took 0.348 seconds
[2025-01-28T10:48:55.582+0000] {processor.py:186} INFO - Started process (PID=18181) to work on /mnt/c/Users/Admin/Desktop/ud_data/Dataslush_umang/airflow/airflow_venv/lib/python3.12/site-packages/airflow/example_dags/example_setup_teardown.py
[2025-01-28T10:48:55.585+0000] {processor.py:914} INFO - Processing file /mnt/c/Users/Admin/Desktop/ud_data/Dataslush_umang/airflow/airflow_venv/lib/python3.12/site-packages/airflow/example_dags/example_setup_teardown.py for tasks to queue
[2025-01-28T10:48:55.591+0000] {logging_mixin.py:190} INFO - [2025-01-28T10:48:55.589+0000] {dagbag.py:588} INFO - Filling up the DagBag from /mnt/c/Users/Admin/Desktop/ud_data/Dataslush_umang/airflow/airflow_venv/lib/python3.12/site-packages/airflow/example_dags/example_setup_teardown.py
[2025-01-28T10:48:55.705+0000] {processor.py:925} INFO - DAG(s) 'example_setup_teardown' retrieved from /mnt/c/Users/Admin/Desktop/ud_data/Dataslush_umang/airflow/airflow_venv/lib/python3.12/site-packages/airflow/example_dags/example_setup_teardown.py
[2025-01-28T10:48:55.734+0000] {logging_mixin.py:190} INFO - [2025-01-28T10:48:55.732+0000] {dag.py:3239} INFO - Sync 1 DAGs
[2025-01-28T10:48:55.754+0000] {logging_mixin.py:190} INFO - [2025-01-28T10:48:55.753+0000] {dag.py:4180} INFO - Setting next_dagrun for example_setup_teardown to None, run_after=None
[2025-01-28T10:48:55.962+0000] {processor.py:208} INFO - Processing /mnt/c/Users/Admin/Desktop/ud_data/Dataslush_umang/airflow/airflow_venv/lib/python3.12/site-packages/airflow/example_dags/example_setup_teardown.py took 0.406 seconds
[2025-01-28T10:50:33.002+0000] {processor.py:186} INFO - Started process (PID=18300) to work on /mnt/c/Users/Admin/Desktop/ud_data/Dataslush_umang/airflow/airflow_venv/lib/python3.12/site-packages/airflow/example_dags/example_setup_teardown.py
[2025-01-28T10:50:33.006+0000] {processor.py:914} INFO - Processing file /mnt/c/Users/Admin/Desktop/ud_data/Dataslush_umang/airflow/airflow_venv/lib/python3.12/site-packages/airflow/example_dags/example_setup_teardown.py for tasks to queue
[2025-01-28T10:50:33.014+0000] {logging_mixin.py:190} INFO - [2025-01-28T10:50:33.012+0000] {dagbag.py:588} INFO - Filling up the DagBag from /mnt/c/Users/Admin/Desktop/ud_data/Dataslush_umang/airflow/airflow_venv/lib/python3.12/site-packages/airflow/example_dags/example_setup_teardown.py
[2025-01-28T10:50:33.138+0000] {processor.py:925} INFO - DAG(s) 'example_setup_teardown' retrieved from /mnt/c/Users/Admin/Desktop/ud_data/Dataslush_umang/airflow/airflow_venv/lib/python3.12/site-packages/airflow/example_dags/example_setup_teardown.py
[2025-01-28T10:50:33.172+0000] {logging_mixin.py:190} INFO - [2025-01-28T10:50:33.170+0000] {dag.py:3239} INFO - Sync 1 DAGs
[2025-01-28T10:50:33.192+0000] {logging_mixin.py:190} INFO - [2025-01-28T10:50:33.190+0000] {dag.py:4180} INFO - Setting next_dagrun for example_setup_teardown to None, run_after=None
[2025-01-28T10:50:33.231+0000] {processor.py:208} INFO - Processing /mnt/c/Users/Admin/Desktop/ud_data/Dataslush_umang/airflow/airflow_venv/lib/python3.12/site-packages/airflow/example_dags/example_setup_teardown.py took 0.256 seconds
[2025-01-28T10:51:53.870+0000] {processor.py:186} INFO - Started process (PID=18566) to work on /mnt/c/Users/Admin/Desktop/ud_data/Dataslush_umang/airflow/airflow_venv/lib/python3.12/site-packages/airflow/example_dags/example_setup_teardown.py
[2025-01-28T10:51:54.333+0000] {processor.py:914} INFO - Processing file /mnt/c/Users/Admin/Desktop/ud_data/Dataslush_umang/airflow/airflow_venv/lib/python3.12/site-packages/airflow/example_dags/example_setup_teardown.py for tasks to queue
[2025-01-28T10:51:54.339+0000] {logging_mixin.py:190} INFO - [2025-01-28T10:51:54.338+0000] {dagbag.py:588} INFO - Filling up the DagBag from /mnt/c/Users/Admin/Desktop/ud_data/Dataslush_umang/airflow/airflow_venv/lib/python3.12/site-packages/airflow/example_dags/example_setup_teardown.py
[2025-01-28T10:51:54.462+0000] {processor.py:925} INFO - DAG(s) 'example_setup_teardown' retrieved from /mnt/c/Users/Admin/Desktop/ud_data/Dataslush_umang/airflow/airflow_venv/lib/python3.12/site-packages/airflow/example_dags/example_setup_teardown.py
[2025-01-28T10:51:54.494+0000] {logging_mixin.py:190} INFO - [2025-01-28T10:51:54.492+0000] {dag.py:3239} INFO - Sync 1 DAGs
[2025-01-28T10:51:54.516+0000] {logging_mixin.py:190} INFO - [2025-01-28T10:51:54.515+0000] {dag.py:4180} INFO - Setting next_dagrun for example_setup_teardown to None, run_after=None
[2025-01-28T10:51:54.772+0000] {processor.py:208} INFO - Processing /mnt/c/Users/Admin/Desktop/ud_data/Dataslush_umang/airflow/airflow_venv/lib/python3.12/site-packages/airflow/example_dags/example_setup_teardown.py took 0.921 seconds
[2025-01-28T10:53:00.171+0000] {processor.py:186} INFO - Started process (PID=18683) to work on /mnt/c/Users/Admin/Desktop/ud_data/Dataslush_umang/airflow/airflow_venv/lib/python3.12/site-packages/airflow/example_dags/example_setup_teardown.py
[2025-01-28T10:53:00.216+0000] {processor.py:914} INFO - Processing file /mnt/c/Users/Admin/Desktop/ud_data/Dataslush_umang/airflow/airflow_venv/lib/python3.12/site-packages/airflow/example_dags/example_setup_teardown.py for tasks to queue
[2025-01-28T10:53:00.225+0000] {logging_mixin.py:190} INFO - [2025-01-28T10:53:00.221+0000] {dagbag.py:588} INFO - Filling up the DagBag from /mnt/c/Users/Admin/Desktop/ud_data/Dataslush_umang/airflow/airflow_venv/lib/python3.12/site-packages/airflow/example_dags/example_setup_teardown.py
[2025-01-28T10:53:00.358+0000] {processor.py:925} INFO - DAG(s) 'example_setup_teardown' retrieved from /mnt/c/Users/Admin/Desktop/ud_data/Dataslush_umang/airflow/airflow_venv/lib/python3.12/site-packages/airflow/example_dags/example_setup_teardown.py
[2025-01-28T10:53:00.393+0000] {logging_mixin.py:190} INFO - [2025-01-28T10:53:00.391+0000] {dag.py:3239} INFO - Sync 1 DAGs
[2025-01-28T10:53:00.420+0000] {logging_mixin.py:190} INFO - [2025-01-28T10:53:00.418+0000] {dag.py:4180} INFO - Setting next_dagrun for example_setup_teardown to None, run_after=None
[2025-01-28T10:53:00.492+0000] {processor.py:208} INFO - Processing /mnt/c/Users/Admin/Desktop/ud_data/Dataslush_umang/airflow/airflow_venv/lib/python3.12/site-packages/airflow/example_dags/example_setup_teardown.py took 0.349 seconds
[2025-01-28T10:54:47.355+0000] {processor.py:186} INFO - Started process (PID=18829) to work on /mnt/c/Users/Admin/Desktop/ud_data/Dataslush_umang/airflow/airflow_venv/lib/python3.12/site-packages/airflow/example_dags/example_setup_teardown.py
[2025-01-28T10:54:47.358+0000] {processor.py:914} INFO - Processing file /mnt/c/Users/Admin/Desktop/ud_data/Dataslush_umang/airflow/airflow_venv/lib/python3.12/site-packages/airflow/example_dags/example_setup_teardown.py for tasks to queue
[2025-01-28T10:54:47.364+0000] {logging_mixin.py:190} INFO - [2025-01-28T10:54:47.363+0000] {dagbag.py:588} INFO - Filling up the DagBag from /mnt/c/Users/Admin/Desktop/ud_data/Dataslush_umang/airflow/airflow_venv/lib/python3.12/site-packages/airflow/example_dags/example_setup_teardown.py
[2025-01-28T10:55:17.548+0000] {processor.py:925} INFO - DAG(s) 'example_setup_teardown' retrieved from /mnt/c/Users/Admin/Desktop/ud_data/Dataslush_umang/airflow/airflow_venv/lib/python3.12/site-packages/airflow/example_dags/example_setup_teardown.py
[2025-01-28T10:55:17.580+0000] {logging_mixin.py:190} INFO - [2025-01-28T10:55:17.579+0000] {dag.py:3239} INFO - Sync 1 DAGs
[2025-01-28T10:55:17.602+0000] {logging_mixin.py:190} INFO - [2025-01-28T10:55:17.600+0000] {dag.py:4180} INFO - Setting next_dagrun for example_setup_teardown to None, run_after=None
[2025-01-28T10:55:17.646+0000] {processor.py:208} INFO - Processing /mnt/c/Users/Admin/Desktop/ud_data/Dataslush_umang/airflow/airflow_venv/lib/python3.12/site-packages/airflow/example_dags/example_setup_teardown.py took 0.226 seconds
[2025-01-28T10:56:15.882+0000] {processor.py:186} INFO - Started process (PID=19019) to work on /mnt/c/Users/Admin/Desktop/ud_data/Dataslush_umang/airflow/airflow_venv/lib/python3.12/site-packages/airflow/example_dags/example_setup_teardown.py
[2025-01-28T10:56:15.887+0000] {processor.py:914} INFO - Processing file /mnt/c/Users/Admin/Desktop/ud_data/Dataslush_umang/airflow/airflow_venv/lib/python3.12/site-packages/airflow/example_dags/example_setup_teardown.py for tasks to queue
[2025-01-28T10:56:15.894+0000] {logging_mixin.py:190} INFO - [2025-01-28T10:56:15.892+0000] {dagbag.py:588} INFO - Filling up the DagBag from /mnt/c/Users/Admin/Desktop/ud_data/Dataslush_umang/airflow/airflow_venv/lib/python3.12/site-packages/airflow/example_dags/example_setup_teardown.py
[2025-01-28T10:56:15.987+0000] {processor.py:925} INFO - DAG(s) 'example_setup_teardown' retrieved from /mnt/c/Users/Admin/Desktop/ud_data/Dataslush_umang/airflow/airflow_venv/lib/python3.12/site-packages/airflow/example_dags/example_setup_teardown.py
[2025-01-28T10:56:16.020+0000] {logging_mixin.py:190} INFO - [2025-01-28T10:56:16.019+0000] {dag.py:3239} INFO - Sync 1 DAGs
[2025-01-28T10:56:16.049+0000] {logging_mixin.py:190} INFO - [2025-01-28T10:56:16.048+0000] {dag.py:4180} INFO - Setting next_dagrun for example_setup_teardown to None, run_after=None
[2025-01-28T10:56:16.105+0000] {processor.py:208} INFO - Processing /mnt/c/Users/Admin/Desktop/ud_data/Dataslush_umang/airflow/airflow_venv/lib/python3.12/site-packages/airflow/example_dags/example_setup_teardown.py took 0.250 seconds
[2025-01-28T10:58:18.035+0000] {processor.py:186} INFO - Started process (PID=19176) to work on /mnt/c/Users/Admin/Desktop/ud_data/Dataslush_umang/airflow/airflow_venv/lib/python3.12/site-packages/airflow/example_dags/example_setup_teardown.py
[2025-01-28T10:58:18.038+0000] {processor.py:914} INFO - Processing file /mnt/c/Users/Admin/Desktop/ud_data/Dataslush_umang/airflow/airflow_venv/lib/python3.12/site-packages/airflow/example_dags/example_setup_teardown.py for tasks to queue
[2025-01-28T10:58:18.047+0000] {logging_mixin.py:190} INFO - [2025-01-28T10:58:18.045+0000] {dagbag.py:588} INFO - Filling up the DagBag from /mnt/c/Users/Admin/Desktop/ud_data/Dataslush_umang/airflow/airflow_venv/lib/python3.12/site-packages/airflow/example_dags/example_setup_teardown.py
[2025-01-28T10:57:48.068+0000] {processor.py:925} INFO - DAG(s) 'example_setup_teardown' retrieved from /mnt/c/Users/Admin/Desktop/ud_data/Dataslush_umang/airflow/airflow_venv/lib/python3.12/site-packages/airflow/example_dags/example_setup_teardown.py
[2025-01-28T10:57:48.113+0000] {logging_mixin.py:190} INFO - [2025-01-28T10:57:48.111+0000] {dag.py:3239} INFO - Sync 1 DAGs
[2025-01-28T10:57:48.150+0000] {logging_mixin.py:190} INFO - [2025-01-28T10:57:48.148+0000] {dag.py:4180} INFO - Setting next_dagrun for example_setup_teardown to None, run_after=None
[2025-01-28T10:57:48.901+0000] {processor.py:208} INFO - Processing /mnt/c/Users/Admin/Desktop/ud_data/Dataslush_umang/airflow/airflow_venv/lib/python3.12/site-packages/airflow/example_dags/example_setup_teardown.py took 0.985 seconds
[2025-01-28T10:59:17.433+0000] {processor.py:186} INFO - Started process (PID=19376) to work on /mnt/c/Users/Admin/Desktop/ud_data/Dataslush_umang/airflow/airflow_venv/lib/python3.12/site-packages/airflow/example_dags/example_setup_teardown.py
[2025-01-28T10:59:17.437+0000] {processor.py:914} INFO - Processing file /mnt/c/Users/Admin/Desktop/ud_data/Dataslush_umang/airflow/airflow_venv/lib/python3.12/site-packages/airflow/example_dags/example_setup_teardown.py for tasks to queue
[2025-01-28T10:59:17.443+0000] {logging_mixin.py:190} INFO - [2025-01-28T10:59:17.441+0000] {dagbag.py:588} INFO - Filling up the DagBag from /mnt/c/Users/Admin/Desktop/ud_data/Dataslush_umang/airflow/airflow_venv/lib/python3.12/site-packages/airflow/example_dags/example_setup_teardown.py
[2025-01-28T10:59:17.564+0000] {processor.py:925} INFO - DAG(s) 'example_setup_teardown' retrieved from /mnt/c/Users/Admin/Desktop/ud_data/Dataslush_umang/airflow/airflow_venv/lib/python3.12/site-packages/airflow/example_dags/example_setup_teardown.py
[2025-01-28T10:59:17.591+0000] {logging_mixin.py:190} INFO - [2025-01-28T10:59:17.589+0000] {dag.py:3239} INFO - Sync 1 DAGs
[2025-01-28T10:59:17.610+0000] {logging_mixin.py:190} INFO - [2025-01-28T10:59:17.608+0000] {dag.py:4180} INFO - Setting next_dagrun for example_setup_teardown to None, run_after=None
[2025-01-28T10:59:17.655+0000] {processor.py:208} INFO - Processing /mnt/c/Users/Admin/Desktop/ud_data/Dataslush_umang/airflow/airflow_venv/lib/python3.12/site-packages/airflow/example_dags/example_setup_teardown.py took 0.249 seconds
[2025-01-28T11:01:11.352+0000] {processor.py:186} INFO - Started process (PID=19564) to work on /mnt/c/Users/Admin/Desktop/ud_data/Dataslush_umang/airflow/airflow_venv/lib/python3.12/site-packages/airflow/example_dags/example_setup_teardown.py
[2025-01-28T11:01:11.356+0000] {processor.py:914} INFO - Processing file /mnt/c/Users/Admin/Desktop/ud_data/Dataslush_umang/airflow/airflow_venv/lib/python3.12/site-packages/airflow/example_dags/example_setup_teardown.py for tasks to queue
[2025-01-28T11:01:11.362+0000] {logging_mixin.py:190} INFO - [2025-01-28T11:01:11.359+0000] {dagbag.py:588} INFO - Filling up the DagBag from /mnt/c/Users/Admin/Desktop/ud_data/Dataslush_umang/airflow/airflow_venv/lib/python3.12/site-packages/airflow/example_dags/example_setup_teardown.py
[2025-01-28T11:01:11.483+0000] {processor.py:925} INFO - DAG(s) 'example_setup_teardown' retrieved from /mnt/c/Users/Admin/Desktop/ud_data/Dataslush_umang/airflow/airflow_venv/lib/python3.12/site-packages/airflow/example_dags/example_setup_teardown.py
[2025-01-28T11:01:11.522+0000] {logging_mixin.py:190} INFO - [2025-01-28T11:01:11.520+0000] {dag.py:3239} INFO - Sync 1 DAGs
[2025-01-28T11:01:11.552+0000] {logging_mixin.py:190} INFO - [2025-01-28T11:01:11.551+0000] {dag.py:4180} INFO - Setting next_dagrun for example_setup_teardown to None, run_after=None
[2025-01-28T11:01:11.609+0000] {processor.py:208} INFO - Processing /mnt/c/Users/Admin/Desktop/ud_data/Dataslush_umang/airflow/airflow_venv/lib/python3.12/site-packages/airflow/example_dags/example_setup_teardown.py took 0.285 seconds
[2025-01-28T11:02:31.907+0000] {processor.py:186} INFO - Started process (PID=19637) to work on /mnt/c/Users/Admin/Desktop/ud_data/Dataslush_umang/airflow/airflow_venv/lib/python3.12/site-packages/airflow/example_dags/example_setup_teardown.py
[2025-01-28T11:02:31.910+0000] {processor.py:914} INFO - Processing file /mnt/c/Users/Admin/Desktop/ud_data/Dataslush_umang/airflow/airflow_venv/lib/python3.12/site-packages/airflow/example_dags/example_setup_teardown.py for tasks to queue
[2025-01-28T11:02:31.916+0000] {logging_mixin.py:190} INFO - [2025-01-28T11:02:31.914+0000] {dagbag.py:588} INFO - Filling up the DagBag from /mnt/c/Users/Admin/Desktop/ud_data/Dataslush_umang/airflow/airflow_venv/lib/python3.12/site-packages/airflow/example_dags/example_setup_teardown.py
[2025-01-28T11:02:32.031+0000] {processor.py:925} INFO - DAG(s) 'example_setup_teardown' retrieved from /mnt/c/Users/Admin/Desktop/ud_data/Dataslush_umang/airflow/airflow_venv/lib/python3.12/site-packages/airflow/example_dags/example_setup_teardown.py
[2025-01-28T11:02:32.058+0000] {logging_mixin.py:190} INFO - [2025-01-28T11:02:32.056+0000] {dag.py:3239} INFO - Sync 1 DAGs
[2025-01-28T11:02:32.076+0000] {logging_mixin.py:190} INFO - [2025-01-28T11:02:32.074+0000] {dag.py:4180} INFO - Setting next_dagrun for example_setup_teardown to None, run_after=None
[2025-01-28T11:02:32.122+0000] {processor.py:208} INFO - Processing /mnt/c/Users/Admin/Desktop/ud_data/Dataslush_umang/airflow/airflow_venv/lib/python3.12/site-packages/airflow/example_dags/example_setup_teardown.py took 0.243 seconds
[2025-01-28T11:04:01.987+0000] {processor.py:186} INFO - Started process (PID=19860) to work on /mnt/c/Users/Admin/Desktop/ud_data/Dataslush_umang/airflow/airflow_venv/lib/python3.12/site-packages/airflow/example_dags/example_setup_teardown.py
[2025-01-28T11:04:01.990+0000] {processor.py:914} INFO - Processing file /mnt/c/Users/Admin/Desktop/ud_data/Dataslush_umang/airflow/airflow_venv/lib/python3.12/site-packages/airflow/example_dags/example_setup_teardown.py for tasks to queue
[2025-01-28T11:04:01.996+0000] {logging_mixin.py:190} INFO - [2025-01-28T11:04:01.994+0000] {dagbag.py:588} INFO - Filling up the DagBag from /mnt/c/Users/Admin/Desktop/ud_data/Dataslush_umang/airflow/airflow_venv/lib/python3.12/site-packages/airflow/example_dags/example_setup_teardown.py
[2025-01-28T11:04:02.092+0000] {processor.py:925} INFO - DAG(s) 'example_setup_teardown' retrieved from /mnt/c/Users/Admin/Desktop/ud_data/Dataslush_umang/airflow/airflow_venv/lib/python3.12/site-packages/airflow/example_dags/example_setup_teardown.py
[2025-01-28T11:04:02.121+0000] {logging_mixin.py:190} INFO - [2025-01-28T11:04:02.119+0000] {dag.py:3239} INFO - Sync 1 DAGs
[2025-01-28T11:04:02.147+0000] {logging_mixin.py:190} INFO - [2025-01-28T11:04:02.146+0000] {dag.py:4180} INFO - Setting next_dagrun for example_setup_teardown to None, run_after=None
[2025-01-28T11:04:02.192+0000] {processor.py:208} INFO - Processing /mnt/c/Users/Admin/Desktop/ud_data/Dataslush_umang/airflow/airflow_venv/lib/python3.12/site-packages/airflow/example_dags/example_setup_teardown.py took 0.228 seconds
[2025-01-28T11:05:35.721+0000] {processor.py:186} INFO - Started process (PID=19987) to work on /mnt/c/Users/Admin/Desktop/ud_data/Dataslush_umang/airflow/airflow_venv/lib/python3.12/site-packages/airflow/example_dags/example_setup_teardown.py
[2025-01-28T11:05:35.725+0000] {processor.py:914} INFO - Processing file /mnt/c/Users/Admin/Desktop/ud_data/Dataslush_umang/airflow/airflow_venv/lib/python3.12/site-packages/airflow/example_dags/example_setup_teardown.py for tasks to queue
[2025-01-28T11:05:35.731+0000] {logging_mixin.py:190} INFO - [2025-01-28T11:05:35.729+0000] {dagbag.py:588} INFO - Filling up the DagBag from /mnt/c/Users/Admin/Desktop/ud_data/Dataslush_umang/airflow/airflow_venv/lib/python3.12/site-packages/airflow/example_dags/example_setup_teardown.py
[2025-01-28T11:05:35.849+0000] {processor.py:925} INFO - DAG(s) 'example_setup_teardown' retrieved from /mnt/c/Users/Admin/Desktop/ud_data/Dataslush_umang/airflow/airflow_venv/lib/python3.12/site-packages/airflow/example_dags/example_setup_teardown.py
[2025-01-28T11:05:35.877+0000] {logging_mixin.py:190} INFO - [2025-01-28T11:05:35.876+0000] {dag.py:3239} INFO - Sync 1 DAGs
[2025-01-28T11:05:35.896+0000] {logging_mixin.py:190} INFO - [2025-01-28T11:05:35.894+0000] {dag.py:4180} INFO - Setting next_dagrun for example_setup_teardown to None, run_after=None
[2025-01-28T11:05:35.944+0000] {processor.py:208} INFO - Processing /mnt/c/Users/Admin/Desktop/ud_data/Dataslush_umang/airflow/airflow_venv/lib/python3.12/site-packages/airflow/example_dags/example_setup_teardown.py took 0.247 seconds
[2025-01-28T11:06:42.881+0000] {processor.py:186} INFO - Started process (PID=20044) to work on /mnt/c/Users/Admin/Desktop/ud_data/Dataslush_umang/airflow/airflow_venv/lib/python3.12/site-packages/airflow/example_dags/example_setup_teardown.py
[2025-01-28T11:06:42.884+0000] {processor.py:914} INFO - Processing file /mnt/c/Users/Admin/Desktop/ud_data/Dataslush_umang/airflow/airflow_venv/lib/python3.12/site-packages/airflow/example_dags/example_setup_teardown.py for tasks to queue
[2025-01-28T11:06:42.891+0000] {logging_mixin.py:190} INFO - [2025-01-28T11:06:42.889+0000] {dagbag.py:588} INFO - Filling up the DagBag from /mnt/c/Users/Admin/Desktop/ud_data/Dataslush_umang/airflow/airflow_venv/lib/python3.12/site-packages/airflow/example_dags/example_setup_teardown.py
[2025-01-28T11:06:43.005+0000] {processor.py:925} INFO - DAG(s) 'example_setup_teardown' retrieved from /mnt/c/Users/Admin/Desktop/ud_data/Dataslush_umang/airflow/airflow_venv/lib/python3.12/site-packages/airflow/example_dags/example_setup_teardown.py
[2025-01-28T11:06:43.044+0000] {logging_mixin.py:190} INFO - [2025-01-28T11:06:43.042+0000] {dag.py:3239} INFO - Sync 1 DAGs
[2025-01-28T11:06:43.061+0000] {logging_mixin.py:190} INFO - [2025-01-28T11:06:43.059+0000] {dag.py:4180} INFO - Setting next_dagrun for example_setup_teardown to None, run_after=None
[2025-01-28T11:06:43.108+0000] {processor.py:208} INFO - Processing /mnt/c/Users/Admin/Desktop/ud_data/Dataslush_umang/airflow/airflow_venv/lib/python3.12/site-packages/airflow/example_dags/example_setup_teardown.py took 0.255 seconds
[2025-01-28T11:07:47.180+0000] {processor.py:186} INFO - Started process (PID=20147) to work on /mnt/c/Users/Admin/Desktop/ud_data/Dataslush_umang/airflow/airflow_venv/lib/python3.12/site-packages/airflow/example_dags/example_setup_teardown.py
[2025-01-28T11:07:47.183+0000] {processor.py:914} INFO - Processing file /mnt/c/Users/Admin/Desktop/ud_data/Dataslush_umang/airflow/airflow_venv/lib/python3.12/site-packages/airflow/example_dags/example_setup_teardown.py for tasks to queue
[2025-01-28T11:07:47.188+0000] {logging_mixin.py:190} INFO - [2025-01-28T11:07:47.186+0000] {dagbag.py:588} INFO - Filling up the DagBag from /mnt/c/Users/Admin/Desktop/ud_data/Dataslush_umang/airflow/airflow_venv/lib/python3.12/site-packages/airflow/example_dags/example_setup_teardown.py
[2025-01-28T11:07:47.297+0000] {processor.py:925} INFO - DAG(s) 'example_setup_teardown' retrieved from /mnt/c/Users/Admin/Desktop/ud_data/Dataslush_umang/airflow/airflow_venv/lib/python3.12/site-packages/airflow/example_dags/example_setup_teardown.py
[2025-01-28T11:07:47.329+0000] {logging_mixin.py:190} INFO - [2025-01-28T11:07:47.327+0000] {dag.py:3239} INFO - Sync 1 DAGs
[2025-01-28T11:07:47.349+0000] {logging_mixin.py:190} INFO - [2025-01-28T11:07:47.348+0000] {dag.py:4180} INFO - Setting next_dagrun for example_setup_teardown to None, run_after=None
[2025-01-28T11:07:47.393+0000] {processor.py:208} INFO - Processing /mnt/c/Users/Admin/Desktop/ud_data/Dataslush_umang/airflow/airflow_venv/lib/python3.12/site-packages/airflow/example_dags/example_setup_teardown.py took 0.236 seconds
[2025-01-28T11:09:22.822+0000] {processor.py:186} INFO - Started process (PID=20331) to work on /mnt/c/Users/Admin/Desktop/ud_data/Dataslush_umang/airflow/airflow_venv/lib/python3.12/site-packages/airflow/example_dags/example_setup_teardown.py
[2025-01-28T11:09:22.826+0000] {processor.py:914} INFO - Processing file /mnt/c/Users/Admin/Desktop/ud_data/Dataslush_umang/airflow/airflow_venv/lib/python3.12/site-packages/airflow/example_dags/example_setup_teardown.py for tasks to queue
[2025-01-28T11:09:22.834+0000] {logging_mixin.py:190} INFO - [2025-01-28T11:09:22.832+0000] {dagbag.py:588} INFO - Filling up the DagBag from /mnt/c/Users/Admin/Desktop/ud_data/Dataslush_umang/airflow/airflow_venv/lib/python3.12/site-packages/airflow/example_dags/example_setup_teardown.py
[2025-01-28T11:09:22.930+0000] {processor.py:925} INFO - DAG(s) 'example_setup_teardown' retrieved from /mnt/c/Users/Admin/Desktop/ud_data/Dataslush_umang/airflow/airflow_venv/lib/python3.12/site-packages/airflow/example_dags/example_setup_teardown.py
[2025-01-28T11:09:22.958+0000] {logging_mixin.py:190} INFO - [2025-01-28T11:09:22.957+0000] {dag.py:3239} INFO - Sync 1 DAGs
[2025-01-28T11:09:22.977+0000] {logging_mixin.py:190} INFO - [2025-01-28T11:09:22.975+0000] {dag.py:4180} INFO - Setting next_dagrun for example_setup_teardown to None, run_after=None
[2025-01-28T11:09:23.019+0000] {processor.py:208} INFO - Processing /mnt/c/Users/Admin/Desktop/ud_data/Dataslush_umang/airflow/airflow_venv/lib/python3.12/site-packages/airflow/example_dags/example_setup_teardown.py took 0.230 seconds
[2025-01-28T11:10:27.790+0000] {processor.py:186} INFO - Started process (PID=20452) to work on /mnt/c/Users/Admin/Desktop/ud_data/Dataslush_umang/airflow/airflow_venv/lib/python3.12/site-packages/airflow/example_dags/example_setup_teardown.py
[2025-01-28T11:10:27.834+0000] {processor.py:914} INFO - Processing file /mnt/c/Users/Admin/Desktop/ud_data/Dataslush_umang/airflow/airflow_venv/lib/python3.12/site-packages/airflow/example_dags/example_setup_teardown.py for tasks to queue
[2025-01-28T11:10:27.838+0000] {logging_mixin.py:190} INFO - [2025-01-28T11:10:27.837+0000] {dagbag.py:588} INFO - Filling up the DagBag from /mnt/c/Users/Admin/Desktop/ud_data/Dataslush_umang/airflow/airflow_venv/lib/python3.12/site-packages/airflow/example_dags/example_setup_teardown.py
[2025-01-28T11:10:27.939+0000] {processor.py:925} INFO - DAG(s) 'example_setup_teardown' retrieved from /mnt/c/Users/Admin/Desktop/ud_data/Dataslush_umang/airflow/airflow_venv/lib/python3.12/site-packages/airflow/example_dags/example_setup_teardown.py
[2025-01-28T11:10:27.968+0000] {logging_mixin.py:190} INFO - [2025-01-28T11:10:27.966+0000] {dag.py:3239} INFO - Sync 1 DAGs
[2025-01-28T11:10:27.992+0000] {logging_mixin.py:190} INFO - [2025-01-28T11:10:27.990+0000] {dag.py:4180} INFO - Setting next_dagrun for example_setup_teardown to None, run_after=None
[2025-01-28T11:10:28.650+0000] {processor.py:208} INFO - Processing /mnt/c/Users/Admin/Desktop/ud_data/Dataslush_umang/airflow/airflow_venv/lib/python3.12/site-packages/airflow/example_dags/example_setup_teardown.py took 0.881 seconds
[2025-01-28T11:11:42.624+0000] {processor.py:186} INFO - Started process (PID=20550) to work on /mnt/c/Users/Admin/Desktop/ud_data/Dataslush_umang/airflow/airflow_venv/lib/python3.12/site-packages/airflow/example_dags/example_setup_teardown.py
[2025-01-28T11:11:42.628+0000] {processor.py:914} INFO - Processing file /mnt/c/Users/Admin/Desktop/ud_data/Dataslush_umang/airflow/airflow_venv/lib/python3.12/site-packages/airflow/example_dags/example_setup_teardown.py for tasks to queue
[2025-01-28T11:11:42.636+0000] {logging_mixin.py:190} INFO - [2025-01-28T11:11:42.633+0000] {dagbag.py:588} INFO - Filling up the DagBag from /mnt/c/Users/Admin/Desktop/ud_data/Dataslush_umang/airflow/airflow_venv/lib/python3.12/site-packages/airflow/example_dags/example_setup_teardown.py
[2025-01-28T11:11:42.770+0000] {processor.py:925} INFO - DAG(s) 'example_setup_teardown' retrieved from /mnt/c/Users/Admin/Desktop/ud_data/Dataslush_umang/airflow/airflow_venv/lib/python3.12/site-packages/airflow/example_dags/example_setup_teardown.py
[2025-01-28T11:11:42.806+0000] {logging_mixin.py:190} INFO - [2025-01-28T11:11:42.800+0000] {dag.py:3239} INFO - Sync 1 DAGs
[2025-01-28T11:11:42.838+0000] {logging_mixin.py:190} INFO - [2025-01-28T11:11:42.837+0000] {dag.py:4180} INFO - Setting next_dagrun for example_setup_teardown to None, run_after=None
[2025-01-28T11:11:42.888+0000] {processor.py:208} INFO - Processing /mnt/c/Users/Admin/Desktop/ud_data/Dataslush_umang/airflow/airflow_venv/lib/python3.12/site-packages/airflow/example_dags/example_setup_teardown.py took 0.292 seconds
[2025-01-28T11:13:21.420+0000] {processor.py:186} INFO - Started process (PID=20663) to work on /mnt/c/Users/Admin/Desktop/ud_data/Dataslush_umang/airflow/airflow_venv/lib/python3.12/site-packages/airflow/example_dags/example_setup_teardown.py
[2025-01-28T11:13:21.424+0000] {processor.py:914} INFO - Processing file /mnt/c/Users/Admin/Desktop/ud_data/Dataslush_umang/airflow/airflow_venv/lib/python3.12/site-packages/airflow/example_dags/example_setup_teardown.py for tasks to queue
[2025-01-28T11:13:21.431+0000] {logging_mixin.py:190} INFO - [2025-01-28T11:13:21.428+0000] {dagbag.py:588} INFO - Filling up the DagBag from /mnt/c/Users/Admin/Desktop/ud_data/Dataslush_umang/airflow/airflow_venv/lib/python3.12/site-packages/airflow/example_dags/example_setup_teardown.py
[2025-01-28T11:13:21.565+0000] {processor.py:925} INFO - DAG(s) 'example_setup_teardown' retrieved from /mnt/c/Users/Admin/Desktop/ud_data/Dataslush_umang/airflow/airflow_venv/lib/python3.12/site-packages/airflow/example_dags/example_setup_teardown.py
[2025-01-28T11:13:21.594+0000] {logging_mixin.py:190} INFO - [2025-01-28T11:13:21.592+0000] {dag.py:3239} INFO - Sync 1 DAGs
[2025-01-28T11:13:21.612+0000] {logging_mixin.py:190} INFO - [2025-01-28T11:13:21.610+0000] {dag.py:4180} INFO - Setting next_dagrun for example_setup_teardown to None, run_after=None
[2025-01-28T11:13:21.790+0000] {processor.py:208} INFO - Processing /mnt/c/Users/Admin/Desktop/ud_data/Dataslush_umang/airflow/airflow_venv/lib/python3.12/site-packages/airflow/example_dags/example_setup_teardown.py took 0.402 seconds
[2025-01-28T11:15:23.414+0000] {processor.py:186} INFO - Started process (PID=20842) to work on /mnt/c/Users/Admin/Desktop/ud_data/Dataslush_umang/airflow/airflow_venv/lib/python3.12/site-packages/airflow/example_dags/example_setup_teardown.py
[2025-01-28T11:15:23.418+0000] {processor.py:914} INFO - Processing file /mnt/c/Users/Admin/Desktop/ud_data/Dataslush_umang/airflow/airflow_venv/lib/python3.12/site-packages/airflow/example_dags/example_setup_teardown.py for tasks to queue
[2025-01-28T11:15:23.425+0000] {logging_mixin.py:190} INFO - [2025-01-28T11:15:23.423+0000] {dagbag.py:588} INFO - Filling up the DagBag from /mnt/c/Users/Admin/Desktop/ud_data/Dataslush_umang/airflow/airflow_venv/lib/python3.12/site-packages/airflow/example_dags/example_setup_teardown.py
[2025-01-28T11:15:23.526+0000] {processor.py:925} INFO - DAG(s) 'example_setup_teardown' retrieved from /mnt/c/Users/Admin/Desktop/ud_data/Dataslush_umang/airflow/airflow_venv/lib/python3.12/site-packages/airflow/example_dags/example_setup_teardown.py
[2025-01-28T11:15:23.555+0000] {logging_mixin.py:190} INFO - [2025-01-28T11:15:23.554+0000] {dag.py:3239} INFO - Sync 1 DAGs
[2025-01-28T11:15:23.576+0000] {logging_mixin.py:190} INFO - [2025-01-28T11:15:23.574+0000] {dag.py:4180} INFO - Setting next_dagrun for example_setup_teardown to None, run_after=None
[2025-01-28T11:15:23.646+0000] {processor.py:208} INFO - Processing /mnt/c/Users/Admin/Desktop/ud_data/Dataslush_umang/airflow/airflow_venv/lib/python3.12/site-packages/airflow/example_dags/example_setup_teardown.py took 0.256 seconds
