[2025-01-28T10:12:50.025+0000] {processor.py:186} INFO - Started process (PID=14765) to work on /mnt/c/Users/Admin/Desktop/ud_data/Dataslush_umang/airflow/airflow_venv/lib/python3.12/site-packages/airflow/example_dags/example_params_ui_tutorial.py
[2025-01-28T10:12:50.028+0000] {processor.py:914} INFO - Processing file /mnt/c/Users/Admin/Desktop/ud_data/Dataslush_umang/airflow/airflow_venv/lib/python3.12/site-packages/airflow/example_dags/example_params_ui_tutorial.py for tasks to queue
[2025-01-28T10:12:50.034+0000] {logging_mixin.py:190} INFO - [2025-01-28T10:12:50.032+0000] {dagbag.py:588} INFO - Filling up the DagBag from /mnt/c/Users/Admin/Desktop/ud_data/Dataslush_umang/airflow/airflow_venv/lib/python3.12/site-packages/airflow/example_dags/example_params_ui_tutorial.py
[2025-01-28T10:12:50.162+0000] {processor.py:925} INFO - DAG(s) 'example_params_ui_tutorial' retrieved from /mnt/c/Users/Admin/Desktop/ud_data/Dataslush_umang/airflow/airflow_venv/lib/python3.12/site-packages/airflow/example_dags/example_params_ui_tutorial.py
[2025-01-28T10:12:51.967+0000] {logging_mixin.py:190} INFO - [2025-01-28T10:12:51.964+0000] {override.py:1912} INFO - Created Permission View: can edit on DAG:example_params_ui_tutorial
[2025-01-28T10:12:52.005+0000] {logging_mixin.py:190} INFO - [2025-01-28T10:12:52.003+0000] {override.py:1912} INFO - Created Permission View: can read on DAG:example_params_ui_tutorial
[2025-01-28T10:12:52.030+0000] {logging_mixin.py:190} INFO - [2025-01-28T10:12:52.028+0000] {override.py:1912} INFO - Created Permission View: can delete on DAG:example_params_ui_tutorial
[2025-01-28T10:12:52.133+0000] {logging_mixin.py:190} INFO - [2025-01-28T10:12:52.125+0000] {override.py:1912} INFO - Created Permission View: can create on DAG Run:example_params_ui_tutorial
[2025-01-28T10:12:52.162+0000] {logging_mixin.py:190} INFO - [2025-01-28T10:12:52.158+0000] {override.py:1912} INFO - Created Permission View: menu access on DAG Run:example_params_ui_tutorial
[2025-01-28T10:12:52.192+0000] {logging_mixin.py:190} INFO - [2025-01-28T10:12:52.190+0000] {override.py:1912} INFO - Created Permission View: can read on DAG Run:example_params_ui_tutorial
[2025-01-28T10:12:52.226+0000] {logging_mixin.py:190} INFO - [2025-01-28T10:12:52.223+0000] {override.py:1912} INFO - Created Permission View: can delete on DAG Run:example_params_ui_tutorial
[2025-01-28T10:12:52.229+0000] {logging_mixin.py:190} INFO - [2025-01-28T10:12:52.228+0000] {dag.py:3239} INFO - Sync 1 DAGs
[2025-01-28T10:12:52.247+0000] {logging_mixin.py:190} INFO - [2025-01-28T10:12:52.246+0000] {dag.py:3262} INFO - Creating ORM DAG for example_params_ui_tutorial
[2025-01-28T10:12:52.250+0000] {logging_mixin.py:190} INFO - [2025-01-28T10:12:52.249+0000] {dag.py:4180} INFO - Setting next_dagrun for example_params_ui_tutorial to None, run_after=None
[2025-01-28T10:12:52.321+0000] {processor.py:208} INFO - Processing /mnt/c/Users/Admin/Desktop/ud_data/Dataslush_umang/airflow/airflow_venv/lib/python3.12/site-packages/airflow/example_dags/example_params_ui_tutorial.py took 2.317 seconds
[2025-01-28T10:15:20.010+0000] {processor.py:186} INFO - Started process (PID=14986) to work on /mnt/c/Users/Admin/Desktop/ud_data/Dataslush_umang/airflow/airflow_venv/lib/python3.12/site-packages/airflow/example_dags/example_params_ui_tutorial.py
[2025-01-28T10:15:20.013+0000] {processor.py:914} INFO - Processing file /mnt/c/Users/Admin/Desktop/ud_data/Dataslush_umang/airflow/airflow_venv/lib/python3.12/site-packages/airflow/example_dags/example_params_ui_tutorial.py for tasks to queue
[2025-01-28T10:15:20.017+0000] {logging_mixin.py:190} INFO - [2025-01-28T10:15:20.016+0000] {dagbag.py:588} INFO - Filling up the DagBag from /mnt/c/Users/Admin/Desktop/ud_data/Dataslush_umang/airflow/airflow_venv/lib/python3.12/site-packages/airflow/example_dags/example_params_ui_tutorial.py
[2025-01-28T10:15:20.095+0000] {processor.py:925} INFO - DAG(s) 'example_params_ui_tutorial' retrieved from /mnt/c/Users/Admin/Desktop/ud_data/Dataslush_umang/airflow/airflow_venv/lib/python3.12/site-packages/airflow/example_dags/example_params_ui_tutorial.py
[2025-01-28T10:15:20.143+0000] {logging_mixin.py:190} INFO - [2025-01-28T10:15:20.141+0000] {dag.py:3239} INFO - Sync 1 DAGs
[2025-01-28T10:15:20.158+0000] {logging_mixin.py:190} INFO - [2025-01-28T10:15:20.156+0000] {dag.py:4180} INFO - Setting next_dagrun for example_params_ui_tutorial to None, run_after=None
[2025-01-28T10:15:20.195+0000] {processor.py:208} INFO - Processing /mnt/c/Users/Admin/Desktop/ud_data/Dataslush_umang/airflow/airflow_venv/lib/python3.12/site-packages/airflow/example_dags/example_params_ui_tutorial.py took 0.205 seconds
[2025-01-28T10:16:58.812+0000] {processor.py:186} INFO - Started process (PID=15172) to work on /mnt/c/Users/Admin/Desktop/ud_data/Dataslush_umang/airflow/airflow_venv/lib/python3.12/site-packages/airflow/example_dags/example_params_ui_tutorial.py
[2025-01-28T10:16:59.005+0000] {processor.py:914} INFO - Processing file /mnt/c/Users/Admin/Desktop/ud_data/Dataslush_umang/airflow/airflow_venv/lib/python3.12/site-packages/airflow/example_dags/example_params_ui_tutorial.py for tasks to queue
[2025-01-28T10:16:59.021+0000] {logging_mixin.py:190} INFO - [2025-01-28T10:16:59.016+0000] {dagbag.py:588} INFO - Filling up the DagBag from /mnt/c/Users/Admin/Desktop/ud_data/Dataslush_umang/airflow/airflow_venv/lib/python3.12/site-packages/airflow/example_dags/example_params_ui_tutorial.py
[2025-01-28T10:16:59.129+0000] {processor.py:925} INFO - DAG(s) 'example_params_ui_tutorial' retrieved from /mnt/c/Users/Admin/Desktop/ud_data/Dataslush_umang/airflow/airflow_venv/lib/python3.12/site-packages/airflow/example_dags/example_params_ui_tutorial.py
[2025-01-28T10:16:59.176+0000] {logging_mixin.py:190} INFO - [2025-01-28T10:16:59.175+0000] {dag.py:3239} INFO - Sync 1 DAGs
[2025-01-28T10:16:59.202+0000] {logging_mixin.py:190} INFO - [2025-01-28T10:16:59.199+0000] {dag.py:4180} INFO - Setting next_dagrun for example_params_ui_tutorial to None, run_after=None
[2025-01-28T10:17:01.052+0000] {processor.py:208} INFO - Processing /mnt/c/Users/Admin/Desktop/ud_data/Dataslush_umang/airflow/airflow_venv/lib/python3.12/site-packages/airflow/example_dags/example_params_ui_tutorial.py took 2.258 seconds
[2025-01-28T10:19:22.741+0000] {processor.py:186} INFO - Started process (PID=15404) to work on /mnt/c/Users/Admin/Desktop/ud_data/Dataslush_umang/airflow/airflow_venv/lib/python3.12/site-packages/airflow/example_dags/example_params_ui_tutorial.py
[2025-01-28T10:19:22.744+0000] {processor.py:914} INFO - Processing file /mnt/c/Users/Admin/Desktop/ud_data/Dataslush_umang/airflow/airflow_venv/lib/python3.12/site-packages/airflow/example_dags/example_params_ui_tutorial.py for tasks to queue
[2025-01-28T10:19:22.752+0000] {logging_mixin.py:190} INFO - [2025-01-28T10:19:22.750+0000] {dagbag.py:588} INFO - Filling up the DagBag from /mnt/c/Users/Admin/Desktop/ud_data/Dataslush_umang/airflow/airflow_venv/lib/python3.12/site-packages/airflow/example_dags/example_params_ui_tutorial.py
[2025-01-28T10:19:22.850+0000] {processor.py:925} INFO - DAG(s) 'example_params_ui_tutorial' retrieved from /mnt/c/Users/Admin/Desktop/ud_data/Dataslush_umang/airflow/airflow_venv/lib/python3.12/site-packages/airflow/example_dags/example_params_ui_tutorial.py
[2025-01-28T10:19:22.929+0000] {logging_mixin.py:190} INFO - [2025-01-28T10:19:22.927+0000] {dag.py:3239} INFO - Sync 1 DAGs
[2025-01-28T10:19:22.962+0000] {logging_mixin.py:190} INFO - [2025-01-28T10:19:22.959+0000] {dag.py:4180} INFO - Setting next_dagrun for example_params_ui_tutorial to None, run_after=None
[2025-01-28T10:19:23.161+0000] {processor.py:208} INFO - Processing /mnt/c/Users/Admin/Desktop/ud_data/Dataslush_umang/airflow/airflow_venv/lib/python3.12/site-packages/airflow/example_dags/example_params_ui_tutorial.py took 0.452 seconds
[2025-01-28T10:21:07.313+0000] {processor.py:186} INFO - Started process (PID=15569) to work on /mnt/c/Users/Admin/Desktop/ud_data/Dataslush_umang/airflow/airflow_venv/lib/python3.12/site-packages/airflow/example_dags/example_params_ui_tutorial.py
[2025-01-28T10:21:07.320+0000] {processor.py:914} INFO - Processing file /mnt/c/Users/Admin/Desktop/ud_data/Dataslush_umang/airflow/airflow_venv/lib/python3.12/site-packages/airflow/example_dags/example_params_ui_tutorial.py for tasks to queue
[2025-01-28T10:21:07.331+0000] {logging_mixin.py:190} INFO - [2025-01-28T10:21:07.328+0000] {dagbag.py:588} INFO - Filling up the DagBag from /mnt/c/Users/Admin/Desktop/ud_data/Dataslush_umang/airflow/airflow_venv/lib/python3.12/site-packages/airflow/example_dags/example_params_ui_tutorial.py
[2025-01-28T10:21:07.532+0000] {processor.py:925} INFO - DAG(s) 'example_params_ui_tutorial' retrieved from /mnt/c/Users/Admin/Desktop/ud_data/Dataslush_umang/airflow/airflow_venv/lib/python3.12/site-packages/airflow/example_dags/example_params_ui_tutorial.py
[2025-01-28T10:21:07.620+0000] {logging_mixin.py:190} INFO - [2025-01-28T10:21:07.616+0000] {dag.py:3239} INFO - Sync 1 DAGs
[2025-01-28T10:21:07.679+0000] {logging_mixin.py:190} INFO - [2025-01-28T10:21:07.675+0000] {dag.py:4180} INFO - Setting next_dagrun for example_params_ui_tutorial to None, run_after=None
[2025-01-28T10:21:07.773+0000] {processor.py:208} INFO - Processing /mnt/c/Users/Admin/Desktop/ud_data/Dataslush_umang/airflow/airflow_venv/lib/python3.12/site-packages/airflow/example_dags/example_params_ui_tutorial.py took 0.529 seconds
[2025-01-28T10:22:26.990+0000] {processor.py:186} INFO - Started process (PID=15677) to work on /mnt/c/Users/Admin/Desktop/ud_data/Dataslush_umang/airflow/airflow_venv/lib/python3.12/site-packages/airflow/example_dags/example_params_ui_tutorial.py
[2025-01-28T10:22:26.996+0000] {processor.py:914} INFO - Processing file /mnt/c/Users/Admin/Desktop/ud_data/Dataslush_umang/airflow/airflow_venv/lib/python3.12/site-packages/airflow/example_dags/example_params_ui_tutorial.py for tasks to queue
[2025-01-28T10:22:27.008+0000] {logging_mixin.py:190} INFO - [2025-01-28T10:22:27.005+0000] {dagbag.py:588} INFO - Filling up the DagBag from /mnt/c/Users/Admin/Desktop/ud_data/Dataslush_umang/airflow/airflow_venv/lib/python3.12/site-packages/airflow/example_dags/example_params_ui_tutorial.py
[2025-01-28T10:22:27.173+0000] {processor.py:925} INFO - DAG(s) 'example_params_ui_tutorial' retrieved from /mnt/c/Users/Admin/Desktop/ud_data/Dataslush_umang/airflow/airflow_venv/lib/python3.12/site-packages/airflow/example_dags/example_params_ui_tutorial.py
[2025-01-28T10:22:27.231+0000] {logging_mixin.py:190} INFO - [2025-01-28T10:22:27.230+0000] {dag.py:3239} INFO - Sync 1 DAGs
[2025-01-28T10:22:27.246+0000] {logging_mixin.py:190} INFO - [2025-01-28T10:22:27.245+0000] {dag.py:4180} INFO - Setting next_dagrun for example_params_ui_tutorial to None, run_after=None
[2025-01-28T10:22:27.418+0000] {processor.py:208} INFO - Processing /mnt/c/Users/Admin/Desktop/ud_data/Dataslush_umang/airflow/airflow_venv/lib/python3.12/site-packages/airflow/example_dags/example_params_ui_tutorial.py took 0.495 seconds
[2025-01-28T10:24:11.816+0000] {processor.py:186} INFO - Started process (PID=15844) to work on /mnt/c/Users/Admin/Desktop/ud_data/Dataslush_umang/airflow/airflow_venv/lib/python3.12/site-packages/airflow/example_dags/example_params_ui_tutorial.py
[2025-01-28T10:24:11.818+0000] {processor.py:914} INFO - Processing file /mnt/c/Users/Admin/Desktop/ud_data/Dataslush_umang/airflow/airflow_venv/lib/python3.12/site-packages/airflow/example_dags/example_params_ui_tutorial.py for tasks to queue
[2025-01-28T10:24:11.823+0000] {logging_mixin.py:190} INFO - [2025-01-28T10:24:11.821+0000] {dagbag.py:588} INFO - Filling up the DagBag from /mnt/c/Users/Admin/Desktop/ud_data/Dataslush_umang/airflow/airflow_venv/lib/python3.12/site-packages/airflow/example_dags/example_params_ui_tutorial.py
[2025-01-28T10:24:12.021+0000] {processor.py:925} INFO - DAG(s) 'example_params_ui_tutorial' retrieved from /mnt/c/Users/Admin/Desktop/ud_data/Dataslush_umang/airflow/airflow_venv/lib/python3.12/site-packages/airflow/example_dags/example_params_ui_tutorial.py
[2025-01-28T10:24:12.124+0000] {logging_mixin.py:190} INFO - [2025-01-28T10:24:12.121+0000] {dag.py:3239} INFO - Sync 1 DAGs
[2025-01-28T10:24:12.170+0000] {logging_mixin.py:190} INFO - [2025-01-28T10:24:12.166+0000] {dag.py:4180} INFO - Setting next_dagrun for example_params_ui_tutorial to None, run_after=None
[2025-01-28T10:24:12.381+0000] {processor.py:208} INFO - Processing /mnt/c/Users/Admin/Desktop/ud_data/Dataslush_umang/airflow/airflow_venv/lib/python3.12/site-packages/airflow/example_dags/example_params_ui_tutorial.py took 0.588 seconds
[2025-01-28T10:25:46.503+0000] {processor.py:186} INFO - Started process (PID=16077) to work on /mnt/c/Users/Admin/Desktop/ud_data/Dataslush_umang/airflow/airflow_venv/lib/python3.12/site-packages/airflow/example_dags/example_params_ui_tutorial.py
[2025-01-28T10:25:46.848+0000] {processor.py:914} INFO - Processing file /mnt/c/Users/Admin/Desktop/ud_data/Dataslush_umang/airflow/airflow_venv/lib/python3.12/site-packages/airflow/example_dags/example_params_ui_tutorial.py for tasks to queue
[2025-01-28T10:25:46.864+0000] {logging_mixin.py:190} INFO - [2025-01-28T10:25:46.859+0000] {dagbag.py:588} INFO - Filling up the DagBag from /mnt/c/Users/Admin/Desktop/ud_data/Dataslush_umang/airflow/airflow_venv/lib/python3.12/site-packages/airflow/example_dags/example_params_ui_tutorial.py
[2025-01-28T10:25:47.218+0000] {processor.py:925} INFO - DAG(s) 'example_params_ui_tutorial' retrieved from /mnt/c/Users/Admin/Desktop/ud_data/Dataslush_umang/airflow/airflow_venv/lib/python3.12/site-packages/airflow/example_dags/example_params_ui_tutorial.py
[2025-01-28T10:25:47.369+0000] {logging_mixin.py:190} INFO - [2025-01-28T10:25:47.365+0000] {dag.py:3239} INFO - Sync 1 DAGs
[2025-01-28T10:25:47.702+0000] {logging_mixin.py:190} INFO - [2025-01-28T10:25:47.700+0000] {dag.py:4180} INFO - Setting next_dagrun for example_params_ui_tutorial to None, run_after=None
[2025-01-28T10:26:19.386+0000] {processor.py:208} INFO - Processing /mnt/c/Users/Admin/Desktop/ud_data/Dataslush_umang/airflow/airflow_venv/lib/python3.12/site-packages/airflow/example_dags/example_params_ui_tutorial.py took 2.850 seconds
[2025-01-28T10:28:34.935+0000] {processor.py:186} INFO - Started process (PID=16316) to work on /mnt/c/Users/Admin/Desktop/ud_data/Dataslush_umang/airflow/airflow_venv/lib/python3.12/site-packages/airflow/example_dags/example_params_ui_tutorial.py
[2025-01-28T10:28:34.941+0000] {processor.py:914} INFO - Processing file /mnt/c/Users/Admin/Desktop/ud_data/Dataslush_umang/airflow/airflow_venv/lib/python3.12/site-packages/airflow/example_dags/example_params_ui_tutorial.py for tasks to queue
[2025-01-28T10:28:34.949+0000] {logging_mixin.py:190} INFO - [2025-01-28T10:28:34.947+0000] {dagbag.py:588} INFO - Filling up the DagBag from /mnt/c/Users/Admin/Desktop/ud_data/Dataslush_umang/airflow/airflow_venv/lib/python3.12/site-packages/airflow/example_dags/example_params_ui_tutorial.py
[2025-01-28T10:28:35.071+0000] {processor.py:925} INFO - DAG(s) 'example_params_ui_tutorial' retrieved from /mnt/c/Users/Admin/Desktop/ud_data/Dataslush_umang/airflow/airflow_venv/lib/python3.12/site-packages/airflow/example_dags/example_params_ui_tutorial.py
[2025-01-28T10:28:35.123+0000] {logging_mixin.py:190} INFO - [2025-01-28T10:28:35.120+0000] {dag.py:3239} INFO - Sync 1 DAGs
[2025-01-28T10:28:35.139+0000] {logging_mixin.py:190} INFO - [2025-01-28T10:28:35.137+0000] {dag.py:4180} INFO - Setting next_dagrun for example_params_ui_tutorial to None, run_after=None
[2025-01-28T10:28:36.169+0000] {processor.py:208} INFO - Processing /mnt/c/Users/Admin/Desktop/ud_data/Dataslush_umang/airflow/airflow_venv/lib/python3.12/site-packages/airflow/example_dags/example_params_ui_tutorial.py took 1.275 seconds
[2025-01-28T10:31:08.569+0000] {processor.py:186} INFO - Started process (PID=16509) to work on /mnt/c/Users/Admin/Desktop/ud_data/Dataslush_umang/airflow/airflow_venv/lib/python3.12/site-packages/airflow/example_dags/example_params_ui_tutorial.py
[2025-01-28T10:31:08.583+0000] {processor.py:914} INFO - Processing file /mnt/c/Users/Admin/Desktop/ud_data/Dataslush_umang/airflow/airflow_venv/lib/python3.12/site-packages/airflow/example_dags/example_params_ui_tutorial.py for tasks to queue
[2025-01-28T10:31:08.597+0000] {logging_mixin.py:190} INFO - [2025-01-28T10:31:08.593+0000] {dagbag.py:588} INFO - Filling up the DagBag from /mnt/c/Users/Admin/Desktop/ud_data/Dataslush_umang/airflow/airflow_venv/lib/python3.12/site-packages/airflow/example_dags/example_params_ui_tutorial.py
[2025-01-28T10:31:08.890+0000] {processor.py:925} INFO - DAG(s) 'example_params_ui_tutorial' retrieved from /mnt/c/Users/Admin/Desktop/ud_data/Dataslush_umang/airflow/airflow_venv/lib/python3.12/site-packages/airflow/example_dags/example_params_ui_tutorial.py
[2025-01-28T10:31:09.008+0000] {logging_mixin.py:190} INFO - [2025-01-28T10:31:09.006+0000] {dag.py:3239} INFO - Sync 1 DAGs
[2025-01-28T10:31:09.026+0000] {logging_mixin.py:190} INFO - [2025-01-28T10:31:09.024+0000] {dag.py:4180} INFO - Setting next_dagrun for example_params_ui_tutorial to None, run_after=None
[2025-01-28T10:31:09.147+0000] {processor.py:208} INFO - Processing /mnt/c/Users/Admin/Desktop/ud_data/Dataslush_umang/airflow/airflow_venv/lib/python3.12/site-packages/airflow/example_dags/example_params_ui_tutorial.py took 0.633 seconds
[2025-01-28T10:34:00.423+0000] {processor.py:186} INFO - Started process (PID=16730) to work on /mnt/c/Users/Admin/Desktop/ud_data/Dataslush_umang/airflow/airflow_venv/lib/python3.12/site-packages/airflow/example_dags/example_params_ui_tutorial.py
[2025-01-28T10:34:00.426+0000] {processor.py:914} INFO - Processing file /mnt/c/Users/Admin/Desktop/ud_data/Dataslush_umang/airflow/airflow_venv/lib/python3.12/site-packages/airflow/example_dags/example_params_ui_tutorial.py for tasks to queue
[2025-01-28T10:34:00.432+0000] {logging_mixin.py:190} INFO - [2025-01-28T10:34:00.430+0000] {dagbag.py:588} INFO - Filling up the DagBag from /mnt/c/Users/Admin/Desktop/ud_data/Dataslush_umang/airflow/airflow_venv/lib/python3.12/site-packages/airflow/example_dags/example_params_ui_tutorial.py
[2025-01-28T10:33:30.432+0000] {processor.py:925} INFO - DAG(s) 'example_params_ui_tutorial' retrieved from /mnt/c/Users/Admin/Desktop/ud_data/Dataslush_umang/airflow/airflow_venv/lib/python3.12/site-packages/airflow/example_dags/example_params_ui_tutorial.py
[2025-01-28T10:33:30.503+0000] {logging_mixin.py:190} INFO - [2025-01-28T10:33:30.501+0000] {dag.py:3239} INFO - Sync 1 DAGs
[2025-01-28T10:33:30.521+0000] {logging_mixin.py:190} INFO - [2025-01-28T10:33:30.519+0000] {dag.py:4180} INFO - Setting next_dagrun for example_params_ui_tutorial to None, run_after=None
[2025-01-28T10:33:31.493+0000] {processor.py:208} INFO - Processing /mnt/c/Users/Admin/Desktop/ud_data/Dataslush_umang/airflow/airflow_venv/lib/python3.12/site-packages/airflow/example_dags/example_params_ui_tutorial.py took 1.217 seconds
[2025-01-28T10:36:09.649+0000] {processor.py:186} INFO - Started process (PID=16978) to work on /mnt/c/Users/Admin/Desktop/ud_data/Dataslush_umang/airflow/airflow_venv/lib/python3.12/site-packages/airflow/example_dags/example_params_ui_tutorial.py
[2025-01-28T10:36:09.654+0000] {processor.py:914} INFO - Processing file /mnt/c/Users/Admin/Desktop/ud_data/Dataslush_umang/airflow/airflow_venv/lib/python3.12/site-packages/airflow/example_dags/example_params_ui_tutorial.py for tasks to queue
[2025-01-28T10:36:09.663+0000] {logging_mixin.py:190} INFO - [2025-01-28T10:36:09.660+0000] {dagbag.py:588} INFO - Filling up the DagBag from /mnt/c/Users/Admin/Desktop/ud_data/Dataslush_umang/airflow/airflow_venv/lib/python3.12/site-packages/airflow/example_dags/example_params_ui_tutorial.py
[2025-01-28T10:36:09.853+0000] {processor.py:925} INFO - DAG(s) 'example_params_ui_tutorial' retrieved from /mnt/c/Users/Admin/Desktop/ud_data/Dataslush_umang/airflow/airflow_venv/lib/python3.12/site-packages/airflow/example_dags/example_params_ui_tutorial.py
[2025-01-28T10:36:09.913+0000] {logging_mixin.py:190} INFO - [2025-01-28T10:36:09.910+0000] {dag.py:3239} INFO - Sync 1 DAGs
[2025-01-28T10:36:09.931+0000] {logging_mixin.py:190} INFO - [2025-01-28T10:36:09.929+0000] {dag.py:4180} INFO - Setting next_dagrun for example_params_ui_tutorial to None, run_after=None
[2025-01-28T10:36:10.092+0000] {processor.py:208} INFO - Processing /mnt/c/Users/Admin/Desktop/ud_data/Dataslush_umang/airflow/airflow_venv/lib/python3.12/site-packages/airflow/example_dags/example_params_ui_tutorial.py took 0.491 seconds
[2025-01-28T10:39:08.227+0000] {processor.py:186} INFO - Started process (PID=17259) to work on /mnt/c/Users/Admin/Desktop/ud_data/Dataslush_umang/airflow/airflow_venv/lib/python3.12/site-packages/airflow/example_dags/example_params_ui_tutorial.py
[2025-01-28T10:39:08.503+0000] {processor.py:914} INFO - Processing file /mnt/c/Users/Admin/Desktop/ud_data/Dataslush_umang/airflow/airflow_venv/lib/python3.12/site-packages/airflow/example_dags/example_params_ui_tutorial.py for tasks to queue
[2025-01-28T10:39:08.508+0000] {logging_mixin.py:190} INFO - [2025-01-28T10:39:08.506+0000] {dagbag.py:588} INFO - Filling up the DagBag from /mnt/c/Users/Admin/Desktop/ud_data/Dataslush_umang/airflow/airflow_venv/lib/python3.12/site-packages/airflow/example_dags/example_params_ui_tutorial.py
[2025-01-28T10:39:08.655+0000] {processor.py:925} INFO - DAG(s) 'example_params_ui_tutorial' retrieved from /mnt/c/Users/Admin/Desktop/ud_data/Dataslush_umang/airflow/airflow_venv/lib/python3.12/site-packages/airflow/example_dags/example_params_ui_tutorial.py
[2025-01-28T10:39:08.784+0000] {logging_mixin.py:190} INFO - [2025-01-28T10:39:08.781+0000] {dag.py:3239} INFO - Sync 1 DAGs
[2025-01-28T10:39:08.813+0000] {logging_mixin.py:190} INFO - [2025-01-28T10:39:08.811+0000] {dag.py:4180} INFO - Setting next_dagrun for example_params_ui_tutorial to None, run_after=None
[2025-01-28T10:39:08.872+0000] {processor.py:208} INFO - Processing /mnt/c/Users/Admin/Desktop/ud_data/Dataslush_umang/airflow/airflow_venv/lib/python3.12/site-packages/airflow/example_dags/example_params_ui_tutorial.py took 0.716 seconds
[2025-01-28T10:40:38.510+0000] {processor.py:186} INFO - Started process (PID=17362) to work on /mnt/c/Users/Admin/Desktop/ud_data/Dataslush_umang/airflow/airflow_venv/lib/python3.12/site-packages/airflow/example_dags/example_params_ui_tutorial.py
[2025-01-28T10:40:38.513+0000] {processor.py:914} INFO - Processing file /mnt/c/Users/Admin/Desktop/ud_data/Dataslush_umang/airflow/airflow_venv/lib/python3.12/site-packages/airflow/example_dags/example_params_ui_tutorial.py for tasks to queue
[2025-01-28T10:40:38.519+0000] {logging_mixin.py:190} INFO - [2025-01-28T10:40:38.517+0000] {dagbag.py:588} INFO - Filling up the DagBag from /mnt/c/Users/Admin/Desktop/ud_data/Dataslush_umang/airflow/airflow_venv/lib/python3.12/site-packages/airflow/example_dags/example_params_ui_tutorial.py
[2025-01-28T10:40:38.623+0000] {processor.py:925} INFO - DAG(s) 'example_params_ui_tutorial' retrieved from /mnt/c/Users/Admin/Desktop/ud_data/Dataslush_umang/airflow/airflow_venv/lib/python3.12/site-packages/airflow/example_dags/example_params_ui_tutorial.py
[2025-01-28T10:40:38.679+0000] {logging_mixin.py:190} INFO - [2025-01-28T10:40:38.677+0000] {dag.py:3239} INFO - Sync 1 DAGs
[2025-01-28T10:40:38.697+0000] {logging_mixin.py:190} INFO - [2025-01-28T10:40:38.695+0000] {dag.py:4180} INFO - Setting next_dagrun for example_params_ui_tutorial to None, run_after=None
[2025-01-28T10:40:38.739+0000] {processor.py:208} INFO - Processing /mnt/c/Users/Admin/Desktop/ud_data/Dataslush_umang/airflow/airflow_venv/lib/python3.12/site-packages/airflow/example_dags/example_params_ui_tutorial.py took 0.258 seconds
[2025-01-28T10:42:17.561+0000] {processor.py:186} INFO - Started process (PID=17563) to work on /mnt/c/Users/Admin/Desktop/ud_data/Dataslush_umang/airflow/airflow_venv/lib/python3.12/site-packages/airflow/example_dags/example_params_ui_tutorial.py
[2025-01-28T10:42:17.696+0000] {processor.py:914} INFO - Processing file /mnt/c/Users/Admin/Desktop/ud_data/Dataslush_umang/airflow/airflow_venv/lib/python3.12/site-packages/airflow/example_dags/example_params_ui_tutorial.py for tasks to queue
[2025-01-28T10:42:17.710+0000] {logging_mixin.py:190} INFO - [2025-01-28T10:42:17.706+0000] {dagbag.py:588} INFO - Filling up the DagBag from /mnt/c/Users/Admin/Desktop/ud_data/Dataslush_umang/airflow/airflow_venv/lib/python3.12/site-packages/airflow/example_dags/example_params_ui_tutorial.py
[2025-01-28T10:42:17.808+0000] {processor.py:925} INFO - DAG(s) 'example_params_ui_tutorial' retrieved from /mnt/c/Users/Admin/Desktop/ud_data/Dataslush_umang/airflow/airflow_venv/lib/python3.12/site-packages/airflow/example_dags/example_params_ui_tutorial.py
[2025-01-28T10:42:17.867+0000] {logging_mixin.py:190} INFO - [2025-01-28T10:42:17.866+0000] {dag.py:3239} INFO - Sync 1 DAGs
[2025-01-28T10:42:17.885+0000] {logging_mixin.py:190} INFO - [2025-01-28T10:42:17.883+0000] {dag.py:4180} INFO - Setting next_dagrun for example_params_ui_tutorial to None, run_after=None
[2025-01-28T10:42:18.099+0000] {processor.py:208} INFO - Processing /mnt/c/Users/Admin/Desktop/ud_data/Dataslush_umang/airflow/airflow_venv/lib/python3.12/site-packages/airflow/example_dags/example_params_ui_tutorial.py took 0.567 seconds
[2025-01-28T10:45:56.098+0000] {processor.py:186} INFO - Started process (PID=17898) to work on /mnt/c/Users/Admin/Desktop/ud_data/Dataslush_umang/airflow/airflow_venv/lib/python3.12/site-packages/airflow/example_dags/example_params_ui_tutorial.py
[2025-01-28T10:45:56.206+0000] {processor.py:914} INFO - Processing file /mnt/c/Users/Admin/Desktop/ud_data/Dataslush_umang/airflow/airflow_venv/lib/python3.12/site-packages/airflow/example_dags/example_params_ui_tutorial.py for tasks to queue
[2025-01-28T10:45:56.214+0000] {logging_mixin.py:190} INFO - [2025-01-28T10:45:56.210+0000] {dagbag.py:588} INFO - Filling up the DagBag from /mnt/c/Users/Admin/Desktop/ud_data/Dataslush_umang/airflow/airflow_venv/lib/python3.12/site-packages/airflow/example_dags/example_params_ui_tutorial.py
[2025-01-28T10:45:56.325+0000] {processor.py:925} INFO - DAG(s) 'example_params_ui_tutorial' retrieved from /mnt/c/Users/Admin/Desktop/ud_data/Dataslush_umang/airflow/airflow_venv/lib/python3.12/site-packages/airflow/example_dags/example_params_ui_tutorial.py
[2025-01-28T10:45:56.417+0000] {logging_mixin.py:190} INFO - [2025-01-28T10:45:56.415+0000] {dag.py:3239} INFO - Sync 1 DAGs
[2025-01-28T10:45:56.446+0000] {logging_mixin.py:190} INFO - [2025-01-28T10:45:56.444+0000] {dag.py:4180} INFO - Setting next_dagrun for example_params_ui_tutorial to None, run_after=None
[2025-01-28T10:46:26.592+0000] {processor.py:208} INFO - Processing /mnt/c/Users/Admin/Desktop/ud_data/Dataslush_umang/airflow/airflow_venv/lib/python3.12/site-packages/airflow/example_dags/example_params_ui_tutorial.py took 0.434 seconds
[2025-01-28T10:48:16.509+0000] {processor.py:186} INFO - Started process (PID=18091) to work on /mnt/c/Users/Admin/Desktop/ud_data/Dataslush_umang/airflow/airflow_venv/lib/python3.12/site-packages/airflow/example_dags/example_params_ui_tutorial.py
[2025-01-28T10:48:16.585+0000] {processor.py:914} INFO - Processing file /mnt/c/Users/Admin/Desktop/ud_data/Dataslush_umang/airflow/airflow_venv/lib/python3.12/site-packages/airflow/example_dags/example_params_ui_tutorial.py for tasks to queue
[2025-01-28T10:48:16.590+0000] {logging_mixin.py:190} INFO - [2025-01-28T10:48:16.588+0000] {dagbag.py:588} INFO - Filling up the DagBag from /mnt/c/Users/Admin/Desktop/ud_data/Dataslush_umang/airflow/airflow_venv/lib/python3.12/site-packages/airflow/example_dags/example_params_ui_tutorial.py
[2025-01-28T10:48:16.704+0000] {processor.py:925} INFO - DAG(s) 'example_params_ui_tutorial' retrieved from /mnt/c/Users/Admin/Desktop/ud_data/Dataslush_umang/airflow/airflow_venv/lib/python3.12/site-packages/airflow/example_dags/example_params_ui_tutorial.py
[2025-01-28T10:48:46.859+0000] {logging_mixin.py:190} INFO - [2025-01-28T10:48:46.858+0000] {dag.py:3239} INFO - Sync 1 DAGs
[2025-01-28T10:48:46.884+0000] {logging_mixin.py:190} INFO - [2025-01-28T10:48:46.882+0000] {dag.py:4180} INFO - Setting next_dagrun for example_params_ui_tutorial to None, run_after=None
[2025-01-28T10:48:47.105+0000] {processor.py:208} INFO - Processing /mnt/c/Users/Admin/Desktop/ud_data/Dataslush_umang/airflow/airflow_venv/lib/python3.12/site-packages/airflow/example_dags/example_params_ui_tutorial.py took 0.540 seconds
[2025-01-28T10:50:10.981+0000] {processor.py:186} INFO - Started process (PID=18310) to work on /mnt/c/Users/Admin/Desktop/ud_data/Dataslush_umang/airflow/airflow_venv/lib/python3.12/site-packages/airflow/example_dags/example_params_ui_tutorial.py
[2025-01-28T10:50:10.984+0000] {processor.py:914} INFO - Processing file /mnt/c/Users/Admin/Desktop/ud_data/Dataslush_umang/airflow/airflow_venv/lib/python3.12/site-packages/airflow/example_dags/example_params_ui_tutorial.py for tasks to queue
[2025-01-28T10:50:10.990+0000] {logging_mixin.py:190} INFO - [2025-01-28T10:50:10.988+0000] {dagbag.py:588} INFO - Filling up the DagBag from /mnt/c/Users/Admin/Desktop/ud_data/Dataslush_umang/airflow/airflow_venv/lib/python3.12/site-packages/airflow/example_dags/example_params_ui_tutorial.py
[2025-01-28T10:50:11.105+0000] {processor.py:925} INFO - DAG(s) 'example_params_ui_tutorial' retrieved from /mnt/c/Users/Admin/Desktop/ud_data/Dataslush_umang/airflow/airflow_venv/lib/python3.12/site-packages/airflow/example_dags/example_params_ui_tutorial.py
[2025-01-28T10:50:11.176+0000] {logging_mixin.py:190} INFO - [2025-01-28T10:50:11.175+0000] {dag.py:3239} INFO - Sync 1 DAGs
[2025-01-28T10:50:11.197+0000] {logging_mixin.py:190} INFO - [2025-01-28T10:50:11.195+0000] {dag.py:4180} INFO - Setting next_dagrun for example_params_ui_tutorial to None, run_after=None
[2025-01-28T10:50:11.245+0000] {processor.py:208} INFO - Processing /mnt/c/Users/Admin/Desktop/ud_data/Dataslush_umang/airflow/airflow_venv/lib/python3.12/site-packages/airflow/example_dags/example_params_ui_tutorial.py took 0.293 seconds
[2025-01-28T10:51:21.154+0000] {processor.py:186} INFO - Started process (PID=18529) to work on /mnt/c/Users/Admin/Desktop/ud_data/Dataslush_umang/airflow/airflow_venv/lib/python3.12/site-packages/airflow/example_dags/example_params_ui_tutorial.py
[2025-01-28T10:51:21.157+0000] {processor.py:914} INFO - Processing file /mnt/c/Users/Admin/Desktop/ud_data/Dataslush_umang/airflow/airflow_venv/lib/python3.12/site-packages/airflow/example_dags/example_params_ui_tutorial.py for tasks to queue
[2025-01-28T10:51:21.165+0000] {logging_mixin.py:190} INFO - [2025-01-28T10:51:21.163+0000] {dagbag.py:588} INFO - Filling up the DagBag from /mnt/c/Users/Admin/Desktop/ud_data/Dataslush_umang/airflow/airflow_venv/lib/python3.12/site-packages/airflow/example_dags/example_params_ui_tutorial.py
[2025-01-28T10:51:21.297+0000] {processor.py:925} INFO - DAG(s) 'example_params_ui_tutorial' retrieved from /mnt/c/Users/Admin/Desktop/ud_data/Dataslush_umang/airflow/airflow_venv/lib/python3.12/site-packages/airflow/example_dags/example_params_ui_tutorial.py
[2025-01-28T10:51:21.369+0000] {logging_mixin.py:190} INFO - [2025-01-28T10:51:21.368+0000] {dag.py:3239} INFO - Sync 1 DAGs
[2025-01-28T10:51:21.392+0000] {logging_mixin.py:190} INFO - [2025-01-28T10:51:21.390+0000] {dag.py:4180} INFO - Setting next_dagrun for example_params_ui_tutorial to None, run_after=None
[2025-01-28T10:51:21.430+0000] {processor.py:208} INFO - Processing /mnt/c/Users/Admin/Desktop/ud_data/Dataslush_umang/airflow/airflow_venv/lib/python3.12/site-packages/airflow/example_dags/example_params_ui_tutorial.py took 0.306 seconds
[2025-01-28T10:53:07.752+0000] {processor.py:186} INFO - Started process (PID=18698) to work on /mnt/c/Users/Admin/Desktop/ud_data/Dataslush_umang/airflow/airflow_venv/lib/python3.12/site-packages/airflow/example_dags/example_params_ui_tutorial.py
[2025-01-28T10:53:08.023+0000] {processor.py:914} INFO - Processing file /mnt/c/Users/Admin/Desktop/ud_data/Dataslush_umang/airflow/airflow_venv/lib/python3.12/site-packages/airflow/example_dags/example_params_ui_tutorial.py for tasks to queue
[2025-01-28T10:53:08.028+0000] {logging_mixin.py:190} INFO - [2025-01-28T10:53:08.026+0000] {dagbag.py:588} INFO - Filling up the DagBag from /mnt/c/Users/Admin/Desktop/ud_data/Dataslush_umang/airflow/airflow_venv/lib/python3.12/site-packages/airflow/example_dags/example_params_ui_tutorial.py
[2025-01-28T10:53:08.126+0000] {processor.py:925} INFO - DAG(s) 'example_params_ui_tutorial' retrieved from /mnt/c/Users/Admin/Desktop/ud_data/Dataslush_umang/airflow/airflow_venv/lib/python3.12/site-packages/airflow/example_dags/example_params_ui_tutorial.py
[2025-01-28T10:53:08.178+0000] {logging_mixin.py:190} INFO - [2025-01-28T10:53:08.176+0000] {dag.py:3239} INFO - Sync 1 DAGs
[2025-01-28T10:53:08.193+0000] {logging_mixin.py:190} INFO - [2025-01-28T10:53:08.191+0000] {dag.py:4180} INFO - Setting next_dagrun for example_params_ui_tutorial to None, run_after=None
[2025-01-28T10:53:08.601+0000] {processor.py:208} INFO - Processing /mnt/c/Users/Admin/Desktop/ud_data/Dataslush_umang/airflow/airflow_venv/lib/python3.12/site-packages/airflow/example_dags/example_params_ui_tutorial.py took 0.878 seconds
[2025-01-28T10:54:55.896+0000] {processor.py:186} INFO - Started process (PID=18839) to work on /mnt/c/Users/Admin/Desktop/ud_data/Dataslush_umang/airflow/airflow_venv/lib/python3.12/site-packages/airflow/example_dags/example_params_ui_tutorial.py
[2025-01-28T10:54:56.010+0000] {processor.py:914} INFO - Processing file /mnt/c/Users/Admin/Desktop/ud_data/Dataslush_umang/airflow/airflow_venv/lib/python3.12/site-packages/airflow/example_dags/example_params_ui_tutorial.py for tasks to queue
[2025-01-28T10:54:56.016+0000] {logging_mixin.py:190} INFO - [2025-01-28T10:54:56.014+0000] {dagbag.py:588} INFO - Filling up the DagBag from /mnt/c/Users/Admin/Desktop/ud_data/Dataslush_umang/airflow/airflow_venv/lib/python3.12/site-packages/airflow/example_dags/example_params_ui_tutorial.py
[2025-01-28T10:54:56.142+0000] {processor.py:925} INFO - DAG(s) 'example_params_ui_tutorial' retrieved from /mnt/c/Users/Admin/Desktop/ud_data/Dataslush_umang/airflow/airflow_venv/lib/python3.12/site-packages/airflow/example_dags/example_params_ui_tutorial.py
[2025-01-28T10:54:56.217+0000] {logging_mixin.py:190} INFO - [2025-01-28T10:54:56.214+0000] {dag.py:3239} INFO - Sync 1 DAGs
[2025-01-28T10:54:56.239+0000] {logging_mixin.py:190} INFO - [2025-01-28T10:54:56.238+0000] {dag.py:4180} INFO - Setting next_dagrun for example_params_ui_tutorial to None, run_after=None
[2025-01-28T10:54:56.281+0000] {processor.py:208} INFO - Processing /mnt/c/Users/Admin/Desktop/ud_data/Dataslush_umang/airflow/airflow_venv/lib/python3.12/site-packages/airflow/example_dags/example_params_ui_tutorial.py took 0.411 seconds
[2025-01-28T10:56:24.172+0000] {processor.py:186} INFO - Started process (PID=19045) to work on /mnt/c/Users/Admin/Desktop/ud_data/Dataslush_umang/airflow/airflow_venv/lib/python3.12/site-packages/airflow/example_dags/example_params_ui_tutorial.py
[2025-01-28T10:56:24.176+0000] {processor.py:914} INFO - Processing file /mnt/c/Users/Admin/Desktop/ud_data/Dataslush_umang/airflow/airflow_venv/lib/python3.12/site-packages/airflow/example_dags/example_params_ui_tutorial.py for tasks to queue
[2025-01-28T10:56:24.183+0000] {logging_mixin.py:190} INFO - [2025-01-28T10:56:24.181+0000] {dagbag.py:588} INFO - Filling up the DagBag from /mnt/c/Users/Admin/Desktop/ud_data/Dataslush_umang/airflow/airflow_venv/lib/python3.12/site-packages/airflow/example_dags/example_params_ui_tutorial.py
[2025-01-28T10:56:24.287+0000] {processor.py:925} INFO - DAG(s) 'example_params_ui_tutorial' retrieved from /mnt/c/Users/Admin/Desktop/ud_data/Dataslush_umang/airflow/airflow_venv/lib/python3.12/site-packages/airflow/example_dags/example_params_ui_tutorial.py
[2025-01-28T10:56:24.358+0000] {logging_mixin.py:190} INFO - [2025-01-28T10:56:24.357+0000] {dag.py:3239} INFO - Sync 1 DAGs
[2025-01-28T10:56:24.375+0000] {logging_mixin.py:190} INFO - [2025-01-28T10:56:24.373+0000] {dag.py:4180} INFO - Setting next_dagrun for example_params_ui_tutorial to None, run_after=None
[2025-01-28T10:56:24.416+0000] {processor.py:208} INFO - Processing /mnt/c/Users/Admin/Desktop/ud_data/Dataslush_umang/airflow/airflow_venv/lib/python3.12/site-packages/airflow/example_dags/example_params_ui_tutorial.py took 0.274 seconds
[2025-01-28T10:57:56.255+0000] {processor.py:186} INFO - Started process (PID=19198) to work on /mnt/c/Users/Admin/Desktop/ud_data/Dataslush_umang/airflow/airflow_venv/lib/python3.12/site-packages/airflow/example_dags/example_params_ui_tutorial.py
[2025-01-28T10:57:56.409+0000] {processor.py:914} INFO - Processing file /mnt/c/Users/Admin/Desktop/ud_data/Dataslush_umang/airflow/airflow_venv/lib/python3.12/site-packages/airflow/example_dags/example_params_ui_tutorial.py for tasks to queue
[2025-01-28T10:57:56.415+0000] {logging_mixin.py:190} INFO - [2025-01-28T10:57:56.413+0000] {dagbag.py:588} INFO - Filling up the DagBag from /mnt/c/Users/Admin/Desktop/ud_data/Dataslush_umang/airflow/airflow_venv/lib/python3.12/site-packages/airflow/example_dags/example_params_ui_tutorial.py
[2025-01-28T10:57:56.518+0000] {processor.py:925} INFO - DAG(s) 'example_params_ui_tutorial' retrieved from /mnt/c/Users/Admin/Desktop/ud_data/Dataslush_umang/airflow/airflow_venv/lib/python3.12/site-packages/airflow/example_dags/example_params_ui_tutorial.py
[2025-01-28T10:57:56.595+0000] {logging_mixin.py:190} INFO - [2025-01-28T10:57:56.593+0000] {dag.py:3239} INFO - Sync 1 DAGs
[2025-01-28T10:57:56.623+0000] {logging_mixin.py:190} INFO - [2025-01-28T10:57:56.621+0000] {dag.py:4180} INFO - Setting next_dagrun for example_params_ui_tutorial to None, run_after=None
[2025-01-28T10:57:56.671+0000] {processor.py:208} INFO - Processing /mnt/c/Users/Admin/Desktop/ud_data/Dataslush_umang/airflow/airflow_venv/lib/python3.12/site-packages/airflow/example_dags/example_params_ui_tutorial.py took 0.436 seconds
[2025-01-28T10:59:25.383+0000] {processor.py:186} INFO - Started process (PID=19386) to work on /mnt/c/Users/Admin/Desktop/ud_data/Dataslush_umang/airflow/airflow_venv/lib/python3.12/site-packages/airflow/example_dags/example_params_ui_tutorial.py
[2025-01-28T10:59:25.387+0000] {processor.py:914} INFO - Processing file /mnt/c/Users/Admin/Desktop/ud_data/Dataslush_umang/airflow/airflow_venv/lib/python3.12/site-packages/airflow/example_dags/example_params_ui_tutorial.py for tasks to queue
[2025-01-28T10:59:25.393+0000] {logging_mixin.py:190} INFO - [2025-01-28T10:59:25.391+0000] {dagbag.py:588} INFO - Filling up the DagBag from /mnt/c/Users/Admin/Desktop/ud_data/Dataslush_umang/airflow/airflow_venv/lib/python3.12/site-packages/airflow/example_dags/example_params_ui_tutorial.py
[2025-01-28T10:59:25.510+0000] {processor.py:925} INFO - DAG(s) 'example_params_ui_tutorial' retrieved from /mnt/c/Users/Admin/Desktop/ud_data/Dataslush_umang/airflow/airflow_venv/lib/python3.12/site-packages/airflow/example_dags/example_params_ui_tutorial.py
[2025-01-28T10:59:25.592+0000] {logging_mixin.py:190} INFO - [2025-01-28T10:59:25.590+0000] {dag.py:3239} INFO - Sync 1 DAGs
[2025-01-28T10:59:25.618+0000] {logging_mixin.py:190} INFO - [2025-01-28T10:59:25.616+0000] {dag.py:4180} INFO - Setting next_dagrun for example_params_ui_tutorial to None, run_after=None
[2025-01-28T10:59:25.672+0000] {processor.py:208} INFO - Processing /mnt/c/Users/Admin/Desktop/ud_data/Dataslush_umang/airflow/airflow_venv/lib/python3.12/site-packages/airflow/example_dags/example_params_ui_tutorial.py took 0.316 seconds
[2025-01-28T11:01:19.355+0000] {processor.py:186} INFO - Started process (PID=19573) to work on /mnt/c/Users/Admin/Desktop/ud_data/Dataslush_umang/airflow/airflow_venv/lib/python3.12/site-packages/airflow/example_dags/example_params_ui_tutorial.py
[2025-01-28T11:01:19.369+0000] {processor.py:914} INFO - Processing file /mnt/c/Users/Admin/Desktop/ud_data/Dataslush_umang/airflow/airflow_venv/lib/python3.12/site-packages/airflow/example_dags/example_params_ui_tutorial.py for tasks to queue
[2025-01-28T11:01:19.375+0000] {logging_mixin.py:190} INFO - [2025-01-28T11:01:19.373+0000] {dagbag.py:588} INFO - Filling up the DagBag from /mnt/c/Users/Admin/Desktop/ud_data/Dataslush_umang/airflow/airflow_venv/lib/python3.12/site-packages/airflow/example_dags/example_params_ui_tutorial.py
[2025-01-28T11:01:19.499+0000] {processor.py:925} INFO - DAG(s) 'example_params_ui_tutorial' retrieved from /mnt/c/Users/Admin/Desktop/ud_data/Dataslush_umang/airflow/airflow_venv/lib/python3.12/site-packages/airflow/example_dags/example_params_ui_tutorial.py
[2025-01-28T11:01:19.572+0000] {logging_mixin.py:190} INFO - [2025-01-28T11:01:19.570+0000] {dag.py:3239} INFO - Sync 1 DAGs
[2025-01-28T11:01:19.592+0000] {logging_mixin.py:190} INFO - [2025-01-28T11:01:19.591+0000] {dag.py:4180} INFO - Setting next_dagrun for example_params_ui_tutorial to None, run_after=None
[2025-01-28T11:01:19.747+0000] {processor.py:208} INFO - Processing /mnt/c/Users/Admin/Desktop/ud_data/Dataslush_umang/airflow/airflow_venv/lib/python3.12/site-packages/airflow/example_dags/example_params_ui_tutorial.py took 0.421 seconds
[2025-01-28T11:02:39.070+0000] {processor.py:186} INFO - Started process (PID=19644) to work on /mnt/c/Users/Admin/Desktop/ud_data/Dataslush_umang/airflow/airflow_venv/lib/python3.12/site-packages/airflow/example_dags/example_params_ui_tutorial.py
[2025-01-28T11:02:39.167+0000] {processor.py:914} INFO - Processing file /mnt/c/Users/Admin/Desktop/ud_data/Dataslush_umang/airflow/airflow_venv/lib/python3.12/site-packages/airflow/example_dags/example_params_ui_tutorial.py for tasks to queue
[2025-01-28T11:02:39.174+0000] {logging_mixin.py:190} INFO - [2025-01-28T11:02:39.172+0000] {dagbag.py:588} INFO - Filling up the DagBag from /mnt/c/Users/Admin/Desktop/ud_data/Dataslush_umang/airflow/airflow_venv/lib/python3.12/site-packages/airflow/example_dags/example_params_ui_tutorial.py
[2025-01-28T11:02:39.293+0000] {processor.py:925} INFO - DAG(s) 'example_params_ui_tutorial' retrieved from /mnt/c/Users/Admin/Desktop/ud_data/Dataslush_umang/airflow/airflow_venv/lib/python3.12/site-packages/airflow/example_dags/example_params_ui_tutorial.py
[2025-01-28T11:02:39.382+0000] {logging_mixin.py:190} INFO - [2025-01-28T11:02:39.380+0000] {dag.py:3239} INFO - Sync 1 DAGs
[2025-01-28T11:02:39.408+0000] {logging_mixin.py:190} INFO - [2025-01-28T11:02:39.407+0000] {dag.py:4180} INFO - Setting next_dagrun for example_params_ui_tutorial to None, run_after=None
[2025-01-28T11:02:39.841+0000] {processor.py:208} INFO - Processing /mnt/c/Users/Admin/Desktop/ud_data/Dataslush_umang/airflow/airflow_venv/lib/python3.12/site-packages/airflow/example_dags/example_params_ui_tutorial.py took 0.798 seconds
[2025-01-28T11:04:10.527+0000] {processor.py:186} INFO - Started process (PID=19870) to work on /mnt/c/Users/Admin/Desktop/ud_data/Dataslush_umang/airflow/airflow_venv/lib/python3.12/site-packages/airflow/example_dags/example_params_ui_tutorial.py
[2025-01-28T11:04:10.530+0000] {processor.py:914} INFO - Processing file /mnt/c/Users/Admin/Desktop/ud_data/Dataslush_umang/airflow/airflow_venv/lib/python3.12/site-packages/airflow/example_dags/example_params_ui_tutorial.py for tasks to queue
[2025-01-28T11:04:10.538+0000] {logging_mixin.py:190} INFO - [2025-01-28T11:04:10.535+0000] {dagbag.py:588} INFO - Filling up the DagBag from /mnt/c/Users/Admin/Desktop/ud_data/Dataslush_umang/airflow/airflow_venv/lib/python3.12/site-packages/airflow/example_dags/example_params_ui_tutorial.py
[2025-01-28T11:04:10.663+0000] {processor.py:925} INFO - DAG(s) 'example_params_ui_tutorial' retrieved from /mnt/c/Users/Admin/Desktop/ud_data/Dataslush_umang/airflow/airflow_venv/lib/python3.12/site-packages/airflow/example_dags/example_params_ui_tutorial.py
[2025-01-28T11:04:10.723+0000] {logging_mixin.py:190} INFO - [2025-01-28T11:04:10.721+0000] {dag.py:3239} INFO - Sync 1 DAGs
[2025-01-28T11:04:10.742+0000] {logging_mixin.py:190} INFO - [2025-01-28T11:04:10.740+0000] {dag.py:4180} INFO - Setting next_dagrun for example_params_ui_tutorial to None, run_after=None
[2025-01-28T11:04:10.916+0000] {processor.py:208} INFO - Processing /mnt/c/Users/Admin/Desktop/ud_data/Dataslush_umang/airflow/airflow_venv/lib/python3.12/site-packages/airflow/example_dags/example_params_ui_tutorial.py took 0.416 seconds
[2025-01-28T11:06:13.856+0000] {processor.py:186} INFO - Started process (PID=19995) to work on /mnt/c/Users/Admin/Desktop/ud_data/Dataslush_umang/airflow/airflow_venv/lib/python3.12/site-packages/airflow/example_dags/example_params_ui_tutorial.py
[2025-01-28T11:06:13.859+0000] {processor.py:914} INFO - Processing file /mnt/c/Users/Admin/Desktop/ud_data/Dataslush_umang/airflow/airflow_venv/lib/python3.12/site-packages/airflow/example_dags/example_params_ui_tutorial.py for tasks to queue
[2025-01-28T11:06:13.865+0000] {logging_mixin.py:190} INFO - [2025-01-28T11:06:13.863+0000] {dagbag.py:588} INFO - Filling up the DagBag from /mnt/c/Users/Admin/Desktop/ud_data/Dataslush_umang/airflow/airflow_venv/lib/python3.12/site-packages/airflow/example_dags/example_params_ui_tutorial.py
[2025-01-28T11:05:43.907+0000] {processor.py:925} INFO - DAG(s) 'example_params_ui_tutorial' retrieved from /mnt/c/Users/Admin/Desktop/ud_data/Dataslush_umang/airflow/airflow_venv/lib/python3.12/site-packages/airflow/example_dags/example_params_ui_tutorial.py
[2025-01-28T11:05:43.970+0000] {logging_mixin.py:190} INFO - [2025-01-28T11:05:43.968+0000] {dag.py:3239} INFO - Sync 1 DAGs
[2025-01-28T11:05:43.992+0000] {logging_mixin.py:190} INFO - [2025-01-28T11:05:43.990+0000] {dag.py:4180} INFO - Setting next_dagrun for example_params_ui_tutorial to None, run_after=None
[2025-01-28T11:05:44.838+0000] {processor.py:208} INFO - Processing /mnt/c/Users/Admin/Desktop/ud_data/Dataslush_umang/airflow/airflow_venv/lib/python3.12/site-packages/airflow/example_dags/example_params_ui_tutorial.py took 1.089 seconds
[2025-01-28T11:07:53.377+0000] {processor.py:186} INFO - Started process (PID=20154) to work on /mnt/c/Users/Admin/Desktop/ud_data/Dataslush_umang/airflow/airflow_venv/lib/python3.12/site-packages/airflow/example_dags/example_params_ui_tutorial.py
[2025-01-28T11:07:53.381+0000] {processor.py:914} INFO - Processing file /mnt/c/Users/Admin/Desktop/ud_data/Dataslush_umang/airflow/airflow_venv/lib/python3.12/site-packages/airflow/example_dags/example_params_ui_tutorial.py for tasks to queue
[2025-01-28T11:07:53.407+0000] {logging_mixin.py:190} INFO - [2025-01-28T11:07:53.387+0000] {dagbag.py:588} INFO - Filling up the DagBag from /mnt/c/Users/Admin/Desktop/ud_data/Dataslush_umang/airflow/airflow_venv/lib/python3.12/site-packages/airflow/example_dags/example_params_ui_tutorial.py
[2025-01-28T11:07:53.526+0000] {processor.py:925} INFO - DAG(s) 'example_params_ui_tutorial' retrieved from /mnt/c/Users/Admin/Desktop/ud_data/Dataslush_umang/airflow/airflow_venv/lib/python3.12/site-packages/airflow/example_dags/example_params_ui_tutorial.py
[2025-01-28T11:07:53.609+0000] {logging_mixin.py:190} INFO - [2025-01-28T11:07:53.608+0000] {dag.py:3239} INFO - Sync 1 DAGs
[2025-01-28T11:07:53.636+0000] {logging_mixin.py:190} INFO - [2025-01-28T11:07:53.635+0000] {dag.py:4180} INFO - Setting next_dagrun for example_params_ui_tutorial to None, run_after=None
[2025-01-28T11:07:53.690+0000] {processor.py:208} INFO - Processing /mnt/c/Users/Admin/Desktop/ud_data/Dataslush_umang/airflow/airflow_venv/lib/python3.12/site-packages/airflow/example_dags/example_params_ui_tutorial.py took 0.352 seconds
[2025-01-28T11:09:28.178+0000] {processor.py:186} INFO - Started process (PID=20340) to work on /mnt/c/Users/Admin/Desktop/ud_data/Dataslush_umang/airflow/airflow_venv/lib/python3.12/site-packages/airflow/example_dags/example_params_ui_tutorial.py
[2025-01-28T11:09:28.285+0000] {processor.py:914} INFO - Processing file /mnt/c/Users/Admin/Desktop/ud_data/Dataslush_umang/airflow/airflow_venv/lib/python3.12/site-packages/airflow/example_dags/example_params_ui_tutorial.py for tasks to queue
[2025-01-28T11:09:28.291+0000] {logging_mixin.py:190} INFO - [2025-01-28T11:09:28.289+0000] {dagbag.py:588} INFO - Filling up the DagBag from /mnt/c/Users/Admin/Desktop/ud_data/Dataslush_umang/airflow/airflow_venv/lib/python3.12/site-packages/airflow/example_dags/example_params_ui_tutorial.py
[2025-01-28T11:09:28.396+0000] {processor.py:925} INFO - DAG(s) 'example_params_ui_tutorial' retrieved from /mnt/c/Users/Admin/Desktop/ud_data/Dataslush_umang/airflow/airflow_venv/lib/python3.12/site-packages/airflow/example_dags/example_params_ui_tutorial.py
[2025-01-28T11:09:28.503+0000] {logging_mixin.py:190} INFO - [2025-01-28T11:09:28.501+0000] {dag.py:3239} INFO - Sync 1 DAGs
[2025-01-28T11:09:28.533+0000] {logging_mixin.py:190} INFO - [2025-01-28T11:09:28.531+0000] {dag.py:4180} INFO - Setting next_dagrun for example_params_ui_tutorial to None, run_after=None
[2025-01-28T11:09:28.592+0000] {processor.py:208} INFO - Processing /mnt/c/Users/Admin/Desktop/ud_data/Dataslush_umang/airflow/airflow_venv/lib/python3.12/site-packages/airflow/example_dags/example_params_ui_tutorial.py took 0.436 seconds
[2025-01-28T11:10:37.746+0000] {processor.py:186} INFO - Started process (PID=20468) to work on /mnt/c/Users/Admin/Desktop/ud_data/Dataslush_umang/airflow/airflow_venv/lib/python3.12/site-packages/airflow/example_dags/example_params_ui_tutorial.py
[2025-01-28T11:10:37.840+0000] {processor.py:914} INFO - Processing file /mnt/c/Users/Admin/Desktop/ud_data/Dataslush_umang/airflow/airflow_venv/lib/python3.12/site-packages/airflow/example_dags/example_params_ui_tutorial.py for tasks to queue
[2025-01-28T11:10:37.845+0000] {logging_mixin.py:190} INFO - [2025-01-28T11:10:37.844+0000] {dagbag.py:588} INFO - Filling up the DagBag from /mnt/c/Users/Admin/Desktop/ud_data/Dataslush_umang/airflow/airflow_venv/lib/python3.12/site-packages/airflow/example_dags/example_params_ui_tutorial.py
[2025-01-28T11:10:37.948+0000] {processor.py:925} INFO - DAG(s) 'example_params_ui_tutorial' retrieved from /mnt/c/Users/Admin/Desktop/ud_data/Dataslush_umang/airflow/airflow_venv/lib/python3.12/site-packages/airflow/example_dags/example_params_ui_tutorial.py
[2025-01-28T11:10:38.001+0000] {logging_mixin.py:190} INFO - [2025-01-28T11:10:37.999+0000] {dag.py:3239} INFO - Sync 1 DAGs
[2025-01-28T11:10:38.019+0000] {logging_mixin.py:190} INFO - [2025-01-28T11:10:38.016+0000] {dag.py:4180} INFO - Setting next_dagrun for example_params_ui_tutorial to None, run_after=None
[2025-01-28T11:10:38.059+0000] {processor.py:208} INFO - Processing /mnt/c/Users/Admin/Desktop/ud_data/Dataslush_umang/airflow/airflow_venv/lib/python3.12/site-packages/airflow/example_dags/example_params_ui_tutorial.py took 0.340 seconds
[2025-01-28T11:11:50.805+0000] {processor.py:186} INFO - Started process (PID=20560) to work on /mnt/c/Users/Admin/Desktop/ud_data/Dataslush_umang/airflow/airflow_venv/lib/python3.12/site-packages/airflow/example_dags/example_params_ui_tutorial.py
[2025-01-28T11:11:50.887+0000] {processor.py:914} INFO - Processing file /mnt/c/Users/Admin/Desktop/ud_data/Dataslush_umang/airflow/airflow_venv/lib/python3.12/site-packages/airflow/example_dags/example_params_ui_tutorial.py for tasks to queue
[2025-01-28T11:11:50.894+0000] {logging_mixin.py:190} INFO - [2025-01-28T11:11:50.892+0000] {dagbag.py:588} INFO - Filling up the DagBag from /mnt/c/Users/Admin/Desktop/ud_data/Dataslush_umang/airflow/airflow_venv/lib/python3.12/site-packages/airflow/example_dags/example_params_ui_tutorial.py
[2025-01-28T11:11:51.011+0000] {processor.py:925} INFO - DAG(s) 'example_params_ui_tutorial' retrieved from /mnt/c/Users/Admin/Desktop/ud_data/Dataslush_umang/airflow/airflow_venv/lib/python3.12/site-packages/airflow/example_dags/example_params_ui_tutorial.py
[2025-01-28T11:11:51.074+0000] {logging_mixin.py:190} INFO - [2025-01-28T11:11:51.072+0000] {dag.py:3239} INFO - Sync 1 DAGs
[2025-01-28T11:11:51.090+0000] {logging_mixin.py:190} INFO - [2025-01-28T11:11:51.088+0000] {dag.py:4180} INFO - Setting next_dagrun for example_params_ui_tutorial to None, run_after=None
[2025-01-28T11:11:51.133+0000] {processor.py:208} INFO - Processing /mnt/c/Users/Admin/Desktop/ud_data/Dataslush_umang/airflow/airflow_venv/lib/python3.12/site-packages/airflow/example_dags/example_params_ui_tutorial.py took 0.358 seconds
[2025-01-28T11:13:29.112+0000] {processor.py:186} INFO - Started process (PID=20671) to work on /mnt/c/Users/Admin/Desktop/ud_data/Dataslush_umang/airflow/airflow_venv/lib/python3.12/site-packages/airflow/example_dags/example_params_ui_tutorial.py
[2025-01-28T11:13:29.115+0000] {processor.py:914} INFO - Processing file /mnt/c/Users/Admin/Desktop/ud_data/Dataslush_umang/airflow/airflow_venv/lib/python3.12/site-packages/airflow/example_dags/example_params_ui_tutorial.py for tasks to queue
[2025-01-28T11:13:29.121+0000] {logging_mixin.py:190} INFO - [2025-01-28T11:13:29.119+0000] {dagbag.py:588} INFO - Filling up the DagBag from /mnt/c/Users/Admin/Desktop/ud_data/Dataslush_umang/airflow/airflow_venv/lib/python3.12/site-packages/airflow/example_dags/example_params_ui_tutorial.py
[2025-01-28T11:13:29.234+0000] {processor.py:925} INFO - DAG(s) 'example_params_ui_tutorial' retrieved from /mnt/c/Users/Admin/Desktop/ud_data/Dataslush_umang/airflow/airflow_venv/lib/python3.12/site-packages/airflow/example_dags/example_params_ui_tutorial.py
[2025-01-28T11:13:29.315+0000] {logging_mixin.py:190} INFO - [2025-01-28T11:13:29.313+0000] {dag.py:3239} INFO - Sync 1 DAGs
[2025-01-28T11:13:59.412+0000] {logging_mixin.py:190} INFO - [2025-01-28T11:13:59.410+0000] {dag.py:4180} INFO - Setting next_dagrun for example_params_ui_tutorial to None, run_after=None
[2025-01-28T11:13:59.456+0000] {processor.py:208} INFO - Processing /mnt/c/Users/Admin/Desktop/ud_data/Dataslush_umang/airflow/airflow_venv/lib/python3.12/site-packages/airflow/example_dags/example_params_ui_tutorial.py took 0.293 seconds
