[2025-01-28T10:11:45.388+0000] {processor.py:186} INFO - Started process (PID=14694) to work on /mnt/c/Users/Admin/Desktop/ud_data/Dataslush_umang/airflow/airflow_venv/lib/python3.12/site-packages/airflow/example_dags/example_workday_timetable.py
[2025-01-28T10:11:45.390+0000] {processor.py:914} INFO - Processing file /mnt/c/Users/Admin/Desktop/ud_data/Dataslush_umang/airflow/airflow_venv/lib/python3.12/site-packages/airflow/example_dags/example_workday_timetable.py for tasks to queue
[2025-01-28T10:11:45.397+0000] {logging_mixin.py:190} INFO - [2025-01-28T10:11:45.394+0000] {dagbag.py:588} INFO - Filling up the DagBag from /mnt/c/Users/Admin/Desktop/ud_data/Dataslush_umang/airflow/airflow_venv/lib/python3.12/site-packages/airflow/example_dags/example_workday_timetable.py
[2025-01-28T10:11:45.558+0000] {processor.py:925} INFO - DAG(s) 'example_workday_timetable' retrieved from /mnt/c/Users/Admin/Desktop/ud_data/Dataslush_umang/airflow/airflow_venv/lib/python3.12/site-packages/airflow/example_dags/example_workday_timetable.py
[2025-01-28T10:11:47.445+0000] {logging_mixin.py:190} INFO - [2025-01-28T10:11:47.444+0000] {override.py:1912} INFO - Created Permission View: can edit on DAG:example_workday_timetable
[2025-01-28T10:11:47.577+0000] {logging_mixin.py:190} INFO - [2025-01-28T10:11:47.576+0000] {override.py:1912} INFO - Created Permission View: can read on DAG:example_workday_timetable
[2025-01-28T10:11:47.601+0000] {logging_mixin.py:190} INFO - [2025-01-28T10:11:47.599+0000] {override.py:1912} INFO - Created Permission View: can delete on DAG:example_workday_timetable
[2025-01-28T10:11:47.642+0000] {logging_mixin.py:190} INFO - [2025-01-28T10:11:47.640+0000] {override.py:1912} INFO - Created Permission View: can create on DAG Run:example_workday_timetable
[2025-01-28T10:11:47.778+0000] {logging_mixin.py:190} INFO - [2025-01-28T10:11:47.777+0000] {override.py:1912} INFO - Created Permission View: menu access on DAG Run:example_workday_timetable
[2025-01-28T10:11:47.806+0000] {logging_mixin.py:190} INFO - [2025-01-28T10:11:47.804+0000] {override.py:1912} INFO - Created Permission View: can read on DAG Run:example_workday_timetable
[2025-01-28T10:11:47.834+0000] {logging_mixin.py:190} INFO - [2025-01-28T10:11:47.832+0000] {override.py:1912} INFO - Created Permission View: can delete on DAG Run:example_workday_timetable
[2025-01-28T10:11:47.838+0000] {logging_mixin.py:190} INFO - [2025-01-28T10:11:47.836+0000] {dag.py:3239} INFO - Sync 1 DAGs
[2025-01-28T10:11:47.861+0000] {logging_mixin.py:190} INFO - [2025-01-28T10:11:47.859+0000] {dag.py:3262} INFO - Creating ORM DAG for example_workday_timetable
[2025-01-28T10:12:17.965+0000] {logging_mixin.py:190} INFO - [2025-01-28T10:12:17.964+0000] {dag.py:4180} INFO - Setting next_dagrun for example_workday_timetable to 2021-01-01 00:00:00+00:00, run_after=2021-01-02 00:00:00+00:00
[2025-01-28T10:12:18.155+0000] {processor.py:208} INFO - Processing /mnt/c/Users/Admin/Desktop/ud_data/Dataslush_umang/airflow/airflow_venv/lib/python3.12/site-packages/airflow/example_dags/example_workday_timetable.py took 2.714 seconds
[2025-01-28T10:14:55.172+0000] {processor.py:186} INFO - Started process (PID=14956) to work on /mnt/c/Users/Admin/Desktop/ud_data/Dataslush_umang/airflow/airflow_venv/lib/python3.12/site-packages/airflow/example_dags/example_workday_timetable.py
[2025-01-28T10:14:55.175+0000] {processor.py:914} INFO - Processing file /mnt/c/Users/Admin/Desktop/ud_data/Dataslush_umang/airflow/airflow_venv/lib/python3.12/site-packages/airflow/example_dags/example_workday_timetable.py for tasks to queue
[2025-01-28T10:14:55.181+0000] {logging_mixin.py:190} INFO - [2025-01-28T10:14:55.179+0000] {dagbag.py:588} INFO - Filling up the DagBag from /mnt/c/Users/Admin/Desktop/ud_data/Dataslush_umang/airflow/airflow_venv/lib/python3.12/site-packages/airflow/example_dags/example_workday_timetable.py
[2025-01-28T10:14:55.269+0000] {processor.py:925} INFO - DAG(s) 'example_workday_timetable' retrieved from /mnt/c/Users/Admin/Desktop/ud_data/Dataslush_umang/airflow/airflow_venv/lib/python3.12/site-packages/airflow/example_dags/example_workday_timetable.py
[2025-01-28T10:14:55.292+0000] {logging_mixin.py:190} INFO - [2025-01-28T10:14:55.291+0000] {dag.py:3239} INFO - Sync 1 DAGs
[2025-01-28T10:14:55.326+0000] {logging_mixin.py:190} INFO - [2025-01-28T10:14:55.324+0000] {dag.py:4180} INFO - Setting next_dagrun for example_workday_timetable to 2021-01-01 00:00:00+00:00, run_after=2021-01-02 00:00:00+00:00
[2025-01-28T10:14:55.377+0000] {processor.py:208} INFO - Processing /mnt/c/Users/Admin/Desktop/ud_data/Dataslush_umang/airflow/airflow_venv/lib/python3.12/site-packages/airflow/example_dags/example_workday_timetable.py took 0.237 seconds
[2025-01-28T10:16:02.094+0000] {processor.py:186} INFO - Started process (PID=15052) to work on /mnt/c/Users/Admin/Desktop/ud_data/Dataslush_umang/airflow/airflow_venv/lib/python3.12/site-packages/airflow/example_dags/example_workday_timetable.py
[2025-01-28T10:16:02.391+0000] {processor.py:914} INFO - Processing file /mnt/c/Users/Admin/Desktop/ud_data/Dataslush_umang/airflow/airflow_venv/lib/python3.12/site-packages/airflow/example_dags/example_workday_timetable.py for tasks to queue
[2025-01-28T10:16:02.404+0000] {logging_mixin.py:190} INFO - [2025-01-28T10:16:02.400+0000] {dagbag.py:588} INFO - Filling up the DagBag from /mnt/c/Users/Admin/Desktop/ud_data/Dataslush_umang/airflow/airflow_venv/lib/python3.12/site-packages/airflow/example_dags/example_workday_timetable.py
[2025-01-28T10:16:02.508+0000] {processor.py:925} INFO - DAG(s) 'example_workday_timetable' retrieved from /mnt/c/Users/Admin/Desktop/ud_data/Dataslush_umang/airflow/airflow_venv/lib/python3.12/site-packages/airflow/example_dags/example_workday_timetable.py
[2025-01-28T10:16:02.532+0000] {logging_mixin.py:190} INFO - [2025-01-28T10:16:02.530+0000] {dag.py:3239} INFO - Sync 1 DAGs
[2025-01-28T10:16:02.565+0000] {logging_mixin.py:190} INFO - [2025-01-28T10:16:02.564+0000] {dag.py:4180} INFO - Setting next_dagrun for example_workday_timetable to 2021-01-01 00:00:00+00:00, run_after=2021-01-02 00:00:00+00:00
[2025-01-28T10:16:03.017+0000] {processor.py:208} INFO - Processing /mnt/c/Users/Admin/Desktop/ud_data/Dataslush_umang/airflow/airflow_venv/lib/python3.12/site-packages/airflow/example_dags/example_workday_timetable.py took 0.945 seconds
[2025-01-28T10:16:51.680+0000] {processor.py:186} INFO - Started process (PID=15147) to work on /mnt/c/Users/Admin/Desktop/ud_data/Dataslush_umang/airflow/airflow_venv/lib/python3.12/site-packages/airflow/example_dags/example_workday_timetable.py
[2025-01-28T10:16:51.707+0000] {processor.py:914} INFO - Processing file /mnt/c/Users/Admin/Desktop/ud_data/Dataslush_umang/airflow/airflow_venv/lib/python3.12/site-packages/airflow/example_dags/example_workday_timetable.py for tasks to queue
[2025-01-28T10:16:51.712+0000] {logging_mixin.py:190} INFO - [2025-01-28T10:16:51.710+0000] {dagbag.py:588} INFO - Filling up the DagBag from /mnt/c/Users/Admin/Desktop/ud_data/Dataslush_umang/airflow/airflow_venv/lib/python3.12/site-packages/airflow/example_dags/example_workday_timetable.py
[2025-01-28T10:16:51.804+0000] {processor.py:925} INFO - DAG(s) 'example_workday_timetable' retrieved from /mnt/c/Users/Admin/Desktop/ud_data/Dataslush_umang/airflow/airflow_venv/lib/python3.12/site-packages/airflow/example_dags/example_workday_timetable.py
[2025-01-28T10:16:51.830+0000] {logging_mixin.py:190} INFO - [2025-01-28T10:16:51.828+0000] {dag.py:3239} INFO - Sync 1 DAGs
[2025-01-28T10:16:51.869+0000] {logging_mixin.py:190} INFO - [2025-01-28T10:16:51.868+0000] {dag.py:4180} INFO - Setting next_dagrun for example_workday_timetable to 2021-01-01 00:00:00+00:00, run_after=2021-01-02 00:00:00+00:00
[2025-01-28T10:16:52.033+0000] {processor.py:208} INFO - Processing /mnt/c/Users/Admin/Desktop/ud_data/Dataslush_umang/airflow/airflow_venv/lib/python3.12/site-packages/airflow/example_dags/example_workday_timetable.py took 0.369 seconds
[2025-01-28T10:17:50.540+0000] {processor.py:186} INFO - Started process (PID=15243) to work on /mnt/c/Users/Admin/Desktop/ud_data/Dataslush_umang/airflow/airflow_venv/lib/python3.12/site-packages/airflow/example_dags/example_workday_timetable.py
[2025-01-28T10:17:50.569+0000] {processor.py:914} INFO - Processing file /mnt/c/Users/Admin/Desktop/ud_data/Dataslush_umang/airflow/airflow_venv/lib/python3.12/site-packages/airflow/example_dags/example_workday_timetable.py for tasks to queue
[2025-01-28T10:17:50.585+0000] {logging_mixin.py:190} INFO - [2025-01-28T10:17:50.580+0000] {dagbag.py:588} INFO - Filling up the DagBag from /mnt/c/Users/Admin/Desktop/ud_data/Dataslush_umang/airflow/airflow_venv/lib/python3.12/site-packages/airflow/example_dags/example_workday_timetable.py
[2025-01-28T10:17:50.922+0000] {processor.py:925} INFO - DAG(s) 'example_workday_timetable' retrieved from /mnt/c/Users/Admin/Desktop/ud_data/Dataslush_umang/airflow/airflow_venv/lib/python3.12/site-packages/airflow/example_dags/example_workday_timetable.py
[2025-01-28T10:17:50.977+0000] {logging_mixin.py:190} INFO - [2025-01-28T10:17:50.975+0000] {dag.py:3239} INFO - Sync 1 DAGs
[2025-01-28T10:17:51.044+0000] {logging_mixin.py:190} INFO - [2025-01-28T10:17:51.041+0000] {dag.py:4180} INFO - Setting next_dagrun for example_workday_timetable to 2021-01-01 00:00:00+00:00, run_after=2021-01-02 00:00:00+00:00
[2025-01-28T10:17:51.271+0000] {processor.py:208} INFO - Processing /mnt/c/Users/Admin/Desktop/ud_data/Dataslush_umang/airflow/airflow_venv/lib/python3.12/site-packages/airflow/example_dags/example_workday_timetable.py took 0.789 seconds
[2025-01-28T10:19:02.395+0000] {processor.py:186} INFO - Started process (PID=15384) to work on /mnt/c/Users/Admin/Desktop/ud_data/Dataslush_umang/airflow/airflow_venv/lib/python3.12/site-packages/airflow/example_dags/example_workday_timetable.py
[2025-01-28T10:19:02.398+0000] {processor.py:914} INFO - Processing file /mnt/c/Users/Admin/Desktop/ud_data/Dataslush_umang/airflow/airflow_venv/lib/python3.12/site-packages/airflow/example_dags/example_workday_timetable.py for tasks to queue
[2025-01-28T10:19:02.404+0000] {logging_mixin.py:190} INFO - [2025-01-28T10:19:02.402+0000] {dagbag.py:588} INFO - Filling up the DagBag from /mnt/c/Users/Admin/Desktop/ud_data/Dataslush_umang/airflow/airflow_venv/lib/python3.12/site-packages/airflow/example_dags/example_workday_timetable.py
[2025-01-28T10:19:02.567+0000] {processor.py:925} INFO - DAG(s) 'example_workday_timetable' retrieved from /mnt/c/Users/Admin/Desktop/ud_data/Dataslush_umang/airflow/airflow_venv/lib/python3.12/site-packages/airflow/example_dags/example_workday_timetable.py
[2025-01-28T10:19:02.595+0000] {logging_mixin.py:190} INFO - [2025-01-28T10:19:02.593+0000] {dag.py:3239} INFO - Sync 1 DAGs
[2025-01-28T10:19:02.637+0000] {logging_mixin.py:190} INFO - [2025-01-28T10:19:02.635+0000] {dag.py:4180} INFO - Setting next_dagrun for example_workday_timetable to 2021-01-01 00:00:00+00:00, run_after=2021-01-02 00:00:00+00:00
[2025-01-28T10:19:02.695+0000] {processor.py:208} INFO - Processing /mnt/c/Users/Admin/Desktop/ud_data/Dataslush_umang/airflow/airflow_venv/lib/python3.12/site-packages/airflow/example_dags/example_workday_timetable.py took 0.333 seconds
[2025-01-28T10:20:20.443+0000] {processor.py:186} INFO - Started process (PID=15495) to work on /mnt/c/Users/Admin/Desktop/ud_data/Dataslush_umang/airflow/airflow_venv/lib/python3.12/site-packages/airflow/example_dags/example_workday_timetable.py
[2025-01-28T10:20:20.451+0000] {processor.py:914} INFO - Processing file /mnt/c/Users/Admin/Desktop/ud_data/Dataslush_umang/airflow/airflow_venv/lib/python3.12/site-packages/airflow/example_dags/example_workday_timetable.py for tasks to queue
[2025-01-28T10:20:20.464+0000] {logging_mixin.py:190} INFO - [2025-01-28T10:20:20.459+0000] {dagbag.py:588} INFO - Filling up the DagBag from /mnt/c/Users/Admin/Desktop/ud_data/Dataslush_umang/airflow/airflow_venv/lib/python3.12/site-packages/airflow/example_dags/example_workday_timetable.py
[2025-01-28T10:20:20.743+0000] {processor.py:925} INFO - DAG(s) 'example_workday_timetable' retrieved from /mnt/c/Users/Admin/Desktop/ud_data/Dataslush_umang/airflow/airflow_venv/lib/python3.12/site-packages/airflow/example_dags/example_workday_timetable.py
[2025-01-28T10:20:20.792+0000] {logging_mixin.py:190} INFO - [2025-01-28T10:20:20.790+0000] {dag.py:3239} INFO - Sync 1 DAGs
[2025-01-28T10:20:20.849+0000] {logging_mixin.py:190} INFO - [2025-01-28T10:20:20.847+0000] {dag.py:4180} INFO - Setting next_dagrun for example_workday_timetable to 2021-01-01 00:00:00+00:00, run_after=2021-01-02 00:00:00+00:00
[2025-01-28T10:20:20.888+0000] {processor.py:208} INFO - Processing /mnt/c/Users/Admin/Desktop/ud_data/Dataslush_umang/airflow/airflow_venv/lib/python3.12/site-packages/airflow/example_dags/example_workday_timetable.py took 0.512 seconds
[2025-01-28T10:21:53.064+0000] {processor.py:186} INFO - Started process (PID=15619) to work on /mnt/c/Users/Admin/Desktop/ud_data/Dataslush_umang/airflow/airflow_venv/lib/python3.12/site-packages/airflow/example_dags/example_workday_timetable.py
[2025-01-28T10:21:53.069+0000] {processor.py:914} INFO - Processing file /mnt/c/Users/Admin/Desktop/ud_data/Dataslush_umang/airflow/airflow_venv/lib/python3.12/site-packages/airflow/example_dags/example_workday_timetable.py for tasks to queue
[2025-01-28T10:21:53.076+0000] {logging_mixin.py:190} INFO - [2025-01-28T10:21:53.073+0000] {dagbag.py:588} INFO - Filling up the DagBag from /mnt/c/Users/Admin/Desktop/ud_data/Dataslush_umang/airflow/airflow_venv/lib/python3.12/site-packages/airflow/example_dags/example_workday_timetable.py
[2025-01-28T10:21:53.269+0000] {processor.py:925} INFO - DAG(s) 'example_workday_timetable' retrieved from /mnt/c/Users/Admin/Desktop/ud_data/Dataslush_umang/airflow/airflow_venv/lib/python3.12/site-packages/airflow/example_dags/example_workday_timetable.py
[2025-01-28T10:21:53.299+0000] {logging_mixin.py:190} INFO - [2025-01-28T10:21:53.296+0000] {dag.py:3239} INFO - Sync 1 DAGs
[2025-01-28T10:21:53.338+0000] {logging_mixin.py:190} INFO - [2025-01-28T10:21:53.336+0000] {dag.py:4180} INFO - Setting next_dagrun for example_workday_timetable to 2021-01-01 00:00:00+00:00, run_after=2021-01-02 00:00:00+00:00
[2025-01-28T10:21:53.498+0000] {processor.py:208} INFO - Processing /mnt/c/Users/Admin/Desktop/ud_data/Dataslush_umang/airflow/airflow_venv/lib/python3.12/site-packages/airflow/example_dags/example_workday_timetable.py took 0.467 seconds
[2025-01-28T10:23:34.754+0000] {processor.py:186} INFO - Started process (PID=15809) to work on /mnt/c/Users/Admin/Desktop/ud_data/Dataslush_umang/airflow/airflow_venv/lib/python3.12/site-packages/airflow/example_dags/example_workday_timetable.py
[2025-01-28T10:23:34.840+0000] {processor.py:914} INFO - Processing file /mnt/c/Users/Admin/Desktop/ud_data/Dataslush_umang/airflow/airflow_venv/lib/python3.12/site-packages/airflow/example_dags/example_workday_timetable.py for tasks to queue
[2025-01-28T10:23:34.854+0000] {logging_mixin.py:190} INFO - [2025-01-28T10:23:34.849+0000] {dagbag.py:588} INFO - Filling up the DagBag from /mnt/c/Users/Admin/Desktop/ud_data/Dataslush_umang/airflow/airflow_venv/lib/python3.12/site-packages/airflow/example_dags/example_workday_timetable.py
[2025-01-28T10:23:35.085+0000] {processor.py:925} INFO - DAG(s) 'example_workday_timetable' retrieved from /mnt/c/Users/Admin/Desktop/ud_data/Dataslush_umang/airflow/airflow_venv/lib/python3.12/site-packages/airflow/example_dags/example_workday_timetable.py
[2025-01-28T10:23:35.262+0000] {logging_mixin.py:190} INFO - [2025-01-28T10:23:35.260+0000] {dag.py:3239} INFO - Sync 1 DAGs
[2025-01-28T10:23:35.294+0000] {logging_mixin.py:190} INFO - [2025-01-28T10:23:35.293+0000] {dag.py:4180} INFO - Setting next_dagrun for example_workday_timetable to 2021-01-01 00:00:00+00:00, run_after=2021-01-02 00:00:00+00:00
[2025-01-28T10:23:35.968+0000] {processor.py:208} INFO - Processing /mnt/c/Users/Admin/Desktop/ud_data/Dataslush_umang/airflow/airflow_venv/lib/python3.12/site-packages/airflow/example_dags/example_workday_timetable.py took 1.283 seconds
[2025-01-28T10:25:12.599+0000] {processor.py:186} INFO - Started process (PID=16004) to work on /mnt/c/Users/Admin/Desktop/ud_data/Dataslush_umang/airflow/airflow_venv/lib/python3.12/site-packages/airflow/example_dags/example_workday_timetable.py
[2025-01-28T10:25:12.606+0000] {processor.py:914} INFO - Processing file /mnt/c/Users/Admin/Desktop/ud_data/Dataslush_umang/airflow/airflow_venv/lib/python3.12/site-packages/airflow/example_dags/example_workday_timetable.py for tasks to queue
[2025-01-28T10:25:12.622+0000] {logging_mixin.py:190} INFO - [2025-01-28T10:25:12.616+0000] {dagbag.py:588} INFO - Filling up the DagBag from /mnt/c/Users/Admin/Desktop/ud_data/Dataslush_umang/airflow/airflow_venv/lib/python3.12/site-packages/airflow/example_dags/example_workday_timetable.py
[2025-01-28T10:25:12.905+0000] {processor.py:925} INFO - DAG(s) 'example_workday_timetable' retrieved from /mnt/c/Users/Admin/Desktop/ud_data/Dataslush_umang/airflow/airflow_venv/lib/python3.12/site-packages/airflow/example_dags/example_workday_timetable.py
[2025-01-28T10:25:12.957+0000] {logging_mixin.py:190} INFO - [2025-01-28T10:25:12.954+0000] {dag.py:3239} INFO - Sync 1 DAGs
[2025-01-28T10:25:13.026+0000] {logging_mixin.py:190} INFO - [2025-01-28T10:25:13.023+0000] {dag.py:4180} INFO - Setting next_dagrun for example_workday_timetable to 2021-01-01 00:00:00+00:00, run_after=2021-01-02 00:00:00+00:00
[2025-01-28T10:25:13.101+0000] {processor.py:208} INFO - Processing /mnt/c/Users/Admin/Desktop/ud_data/Dataslush_umang/airflow/airflow_venv/lib/python3.12/site-packages/airflow/example_dags/example_workday_timetable.py took 0.572 seconds
[2025-01-28T10:26:28.968+0000] {processor.py:186} INFO - Started process (PID=16177) to work on /mnt/c/Users/Admin/Desktop/ud_data/Dataslush_umang/airflow/airflow_venv/lib/python3.12/site-packages/airflow/example_dags/example_workday_timetable.py
[2025-01-28T10:26:29.088+0000] {processor.py:914} INFO - Processing file /mnt/c/Users/Admin/Desktop/ud_data/Dataslush_umang/airflow/airflow_venv/lib/python3.12/site-packages/airflow/example_dags/example_workday_timetable.py for tasks to queue
[2025-01-28T10:26:29.100+0000] {logging_mixin.py:190} INFO - [2025-01-28T10:26:29.096+0000] {dagbag.py:588} INFO - Filling up the DagBag from /mnt/c/Users/Admin/Desktop/ud_data/Dataslush_umang/airflow/airflow_venv/lib/python3.12/site-packages/airflow/example_dags/example_workday_timetable.py
[2025-01-28T10:26:59.504+0000] {processor.py:925} INFO - DAG(s) 'example_workday_timetable' retrieved from /mnt/c/Users/Admin/Desktop/ud_data/Dataslush_umang/airflow/airflow_venv/lib/python3.12/site-packages/airflow/example_dags/example_workday_timetable.py
[2025-01-28T10:26:59.561+0000] {logging_mixin.py:190} INFO - [2025-01-28T10:26:59.559+0000] {dag.py:3239} INFO - Sync 1 DAGs
[2025-01-28T10:26:59.643+0000] {logging_mixin.py:190} INFO - [2025-01-28T10:26:59.639+0000] {dag.py:4180} INFO - Setting next_dagrun for example_workday_timetable to 2021-01-01 00:00:00+00:00, run_after=2021-01-02 00:00:00+00:00
[2025-01-28T10:26:59.739+0000] {processor.py:208} INFO - Processing /mnt/c/Users/Admin/Desktop/ud_data/Dataslush_umang/airflow/airflow_venv/lib/python3.12/site-packages/airflow/example_dags/example_workday_timetable.py took 0.685 seconds
[2025-01-28T10:27:59.298+0000] {processor.py:186} INFO - Started process (PID=16283) to work on /mnt/c/Users/Admin/Desktop/ud_data/Dataslush_umang/airflow/airflow_venv/lib/python3.12/site-packages/airflow/example_dags/example_workday_timetable.py
[2025-01-28T10:27:59.370+0000] {processor.py:914} INFO - Processing file /mnt/c/Users/Admin/Desktop/ud_data/Dataslush_umang/airflow/airflow_venv/lib/python3.12/site-packages/airflow/example_dags/example_workday_timetable.py for tasks to queue
[2025-01-28T10:27:59.385+0000] {logging_mixin.py:190} INFO - [2025-01-28T10:27:59.380+0000] {dagbag.py:588} INFO - Filling up the DagBag from /mnt/c/Users/Admin/Desktop/ud_data/Dataslush_umang/airflow/airflow_venv/lib/python3.12/site-packages/airflow/example_dags/example_workday_timetable.py
[2025-01-28T10:28:29.838+0000] {processor.py:925} INFO - DAG(s) 'example_workday_timetable' retrieved from /mnt/c/Users/Admin/Desktop/ud_data/Dataslush_umang/airflow/airflow_venv/lib/python3.12/site-packages/airflow/example_dags/example_workday_timetable.py
[2025-01-28T10:28:29.915+0000] {logging_mixin.py:190} INFO - [2025-01-28T10:28:29.911+0000] {dag.py:3239} INFO - Sync 1 DAGs
[2025-01-28T10:27:59.878+0000] {logging_mixin.py:190} INFO - [2025-01-28T10:27:59.875+0000] {dag.py:4180} INFO - Setting next_dagrun for example_workday_timetable to 2021-01-01 00:00:00+00:00, run_after=2021-01-02 00:00:00+00:00
[2025-01-28T10:28:00.323+0000] {processor.py:208} INFO - Processing /mnt/c/Users/Admin/Desktop/ud_data/Dataslush_umang/airflow/airflow_venv/lib/python3.12/site-packages/airflow/example_dags/example_workday_timetable.py took 1.115 seconds
[2025-01-28T10:29:23.891+0000] {processor.py:186} INFO - Started process (PID=16363) to work on /mnt/c/Users/Admin/Desktop/ud_data/Dataslush_umang/airflow/airflow_venv/lib/python3.12/site-packages/airflow/example_dags/example_workday_timetable.py
[2025-01-28T10:29:23.899+0000] {processor.py:914} INFO - Processing file /mnt/c/Users/Admin/Desktop/ud_data/Dataslush_umang/airflow/airflow_venv/lib/python3.12/site-packages/airflow/example_dags/example_workday_timetable.py for tasks to queue
[2025-01-28T10:29:23.914+0000] {logging_mixin.py:190} INFO - [2025-01-28T10:29:23.909+0000] {dagbag.py:588} INFO - Filling up the DagBag from /mnt/c/Users/Admin/Desktop/ud_data/Dataslush_umang/airflow/airflow_venv/lib/python3.12/site-packages/airflow/example_dags/example_workday_timetable.py
[2025-01-28T10:29:24.259+0000] {processor.py:925} INFO - DAG(s) 'example_workday_timetable' retrieved from /mnt/c/Users/Admin/Desktop/ud_data/Dataslush_umang/airflow/airflow_venv/lib/python3.12/site-packages/airflow/example_dags/example_workday_timetable.py
[2025-01-28T10:29:24.333+0000] {logging_mixin.py:190} INFO - [2025-01-28T10:29:24.328+0000] {dag.py:3239} INFO - Sync 1 DAGs
[2025-01-28T10:29:24.419+0000] {logging_mixin.py:190} INFO - [2025-01-28T10:29:24.417+0000] {dag.py:4180} INFO - Setting next_dagrun for example_workday_timetable to 2021-01-01 00:00:00+00:00, run_after=2021-01-02 00:00:00+00:00
[2025-01-28T10:29:54.740+0000] {processor.py:208} INFO - Processing /mnt/c/Users/Admin/Desktop/ud_data/Dataslush_umang/airflow/airflow_venv/lib/python3.12/site-packages/airflow/example_dags/example_workday_timetable.py took 0.810 seconds
[2025-01-28T10:31:49.545+0000] {processor.py:186} INFO - Started process (PID=16599) to work on /mnt/c/Users/Admin/Desktop/ud_data/Dataslush_umang/airflow/airflow_venv/lib/python3.12/site-packages/airflow/example_dags/example_workday_timetable.py
[2025-01-28T10:31:49.690+0000] {processor.py:914} INFO - Processing file /mnt/c/Users/Admin/Desktop/ud_data/Dataslush_umang/airflow/airflow_venv/lib/python3.12/site-packages/airflow/example_dags/example_workday_timetable.py for tasks to queue
[2025-01-28T10:31:49.706+0000] {logging_mixin.py:190} INFO - [2025-01-28T10:31:49.700+0000] {dagbag.py:588} INFO - Filling up the DagBag from /mnt/c/Users/Admin/Desktop/ud_data/Dataslush_umang/airflow/airflow_venv/lib/python3.12/site-packages/airflow/example_dags/example_workday_timetable.py
[2025-01-28T10:32:20.189+0000] {processor.py:925} INFO - DAG(s) 'example_workday_timetable' retrieved from /mnt/c/Users/Admin/Desktop/ud_data/Dataslush_umang/airflow/airflow_venv/lib/python3.12/site-packages/airflow/example_dags/example_workday_timetable.py
[2025-01-28T10:32:20.235+0000] {logging_mixin.py:190} INFO - [2025-01-28T10:32:20.232+0000] {dag.py:3239} INFO - Sync 1 DAGs
[2025-01-28T10:31:50.215+0000] {logging_mixin.py:190} INFO - [2025-01-28T10:31:50.212+0000] {dag.py:4180} INFO - Setting next_dagrun for example_workday_timetable to 2021-01-01 00:00:00+00:00, run_after=2021-01-02 00:00:00+00:00
[2025-01-28T10:31:52.678+0000] {processor.py:208} INFO - Processing /mnt/c/Users/Admin/Desktop/ud_data/Dataslush_umang/airflow/airflow_venv/lib/python3.12/site-packages/airflow/example_dags/example_workday_timetable.py took 3.167 seconds
[2025-01-28T10:32:57.388+0000] {processor.py:186} INFO - Started process (PID=16673) to work on /mnt/c/Users/Admin/Desktop/ud_data/Dataslush_umang/airflow/airflow_venv/lib/python3.12/site-packages/airflow/example_dags/example_workday_timetable.py
[2025-01-28T10:32:57.397+0000] {processor.py:914} INFO - Processing file /mnt/c/Users/Admin/Desktop/ud_data/Dataslush_umang/airflow/airflow_venv/lib/python3.12/site-packages/airflow/example_dags/example_workday_timetable.py for tasks to queue
[2025-01-28T10:32:57.413+0000] {logging_mixin.py:190} INFO - [2025-01-28T10:32:57.407+0000] {dagbag.py:588} INFO - Filling up the DagBag from /mnt/c/Users/Admin/Desktop/ud_data/Dataslush_umang/airflow/airflow_venv/lib/python3.12/site-packages/airflow/example_dags/example_workday_timetable.py
[2025-01-28T10:32:57.728+0000] {processor.py:925} INFO - DAG(s) 'example_workday_timetable' retrieved from /mnt/c/Users/Admin/Desktop/ud_data/Dataslush_umang/airflow/airflow_venv/lib/python3.12/site-packages/airflow/example_dags/example_workday_timetable.py
[2025-01-28T10:32:57.767+0000] {logging_mixin.py:190} INFO - [2025-01-28T10:32:57.765+0000] {dag.py:3239} INFO - Sync 1 DAGs
[2025-01-28T10:32:57.811+0000] {logging_mixin.py:190} INFO - [2025-01-28T10:32:57.809+0000] {dag.py:4180} INFO - Setting next_dagrun for example_workday_timetable to 2021-01-01 00:00:00+00:00, run_after=2021-01-02 00:00:00+00:00
[2025-01-28T10:32:57.852+0000] {processor.py:208} INFO - Processing /mnt/c/Users/Admin/Desktop/ud_data/Dataslush_umang/airflow/airflow_venv/lib/python3.12/site-packages/airflow/example_dags/example_workday_timetable.py took 0.533 seconds
[2025-01-28T10:34:11.494+0000] {processor.py:186} INFO - Started process (PID=16807) to work on /mnt/c/Users/Admin/Desktop/ud_data/Dataslush_umang/airflow/airflow_venv/lib/python3.12/site-packages/airflow/example_dags/example_workday_timetable.py
[2025-01-28T10:34:11.710+0000] {processor.py:914} INFO - Processing file /mnt/c/Users/Admin/Desktop/ud_data/Dataslush_umang/airflow/airflow_venv/lib/python3.12/site-packages/airflow/example_dags/example_workday_timetable.py for tasks to queue
[2025-01-28T10:34:11.726+0000] {logging_mixin.py:190} INFO - [2025-01-28T10:34:11.721+0000] {dagbag.py:588} INFO - Filling up the DagBag from /mnt/c/Users/Admin/Desktop/ud_data/Dataslush_umang/airflow/airflow_venv/lib/python3.12/site-packages/airflow/example_dags/example_workday_timetable.py
[2025-01-28T10:34:11.991+0000] {processor.py:925} INFO - DAG(s) 'example_workday_timetable' retrieved from /mnt/c/Users/Admin/Desktop/ud_data/Dataslush_umang/airflow/airflow_venv/lib/python3.12/site-packages/airflow/example_dags/example_workday_timetable.py
[2025-01-28T10:34:12.024+0000] {logging_mixin.py:190} INFO - [2025-01-28T10:34:12.022+0000] {dag.py:3239} INFO - Sync 1 DAGs
[2025-01-28T10:34:12.070+0000] {logging_mixin.py:190} INFO - [2025-01-28T10:34:12.067+0000] {dag.py:4180} INFO - Setting next_dagrun for example_workday_timetable to 2021-01-01 00:00:00+00:00, run_after=2021-01-02 00:00:00+00:00
[2025-01-28T10:34:14.231+0000] {processor.py:208} INFO - Processing /mnt/c/Users/Admin/Desktop/ud_data/Dataslush_umang/airflow/airflow_venv/lib/python3.12/site-packages/airflow/example_dags/example_workday_timetable.py took 2.807 seconds
[2025-01-28T10:36:05.725+0000] {processor.py:186} INFO - Started process (PID=16937) to work on /mnt/c/Users/Admin/Desktop/ud_data/Dataslush_umang/airflow/airflow_venv/lib/python3.12/site-packages/airflow/example_dags/example_workday_timetable.py
[2025-01-28T10:36:05.728+0000] {processor.py:914} INFO - Processing file /mnt/c/Users/Admin/Desktop/ud_data/Dataslush_umang/airflow/airflow_venv/lib/python3.12/site-packages/airflow/example_dags/example_workday_timetable.py for tasks to queue
[2025-01-28T10:36:05.736+0000] {logging_mixin.py:190} INFO - [2025-01-28T10:36:05.733+0000] {dagbag.py:588} INFO - Filling up the DagBag from /mnt/c/Users/Admin/Desktop/ud_data/Dataslush_umang/airflow/airflow_venv/lib/python3.12/site-packages/airflow/example_dags/example_workday_timetable.py
[2025-01-28T10:35:35.768+0000] {processor.py:925} INFO - DAG(s) 'example_workday_timetable' retrieved from /mnt/c/Users/Admin/Desktop/ud_data/Dataslush_umang/airflow/airflow_venv/lib/python3.12/site-packages/airflow/example_dags/example_workday_timetable.py
[2025-01-28T10:35:35.840+0000] {logging_mixin.py:190} INFO - [2025-01-28T10:35:35.837+0000] {dag.py:3239} INFO - Sync 1 DAGs
[2025-01-28T10:35:35.896+0000] {logging_mixin.py:190} INFO - [2025-01-28T10:35:35.895+0000] {dag.py:4180} INFO - Setting next_dagrun for example_workday_timetable to 2021-01-01 00:00:00+00:00, run_after=2021-01-02 00:00:00+00:00
[2025-01-28T10:35:38.577+0000] {processor.py:208} INFO - Processing /mnt/c/Users/Admin/Desktop/ud_data/Dataslush_umang/airflow/airflow_venv/lib/python3.12/site-packages/airflow/example_dags/example_workday_timetable.py took 3.022 seconds
[2025-01-28T10:36:59.908+0000] {processor.py:186} INFO - Started process (PID=17059) to work on /mnt/c/Users/Admin/Desktop/ud_data/Dataslush_umang/airflow/airflow_venv/lib/python3.12/site-packages/airflow/example_dags/example_workday_timetable.py
[2025-01-28T10:36:59.915+0000] {processor.py:914} INFO - Processing file /mnt/c/Users/Admin/Desktop/ud_data/Dataslush_umang/airflow/airflow_venv/lib/python3.12/site-packages/airflow/example_dags/example_workday_timetable.py for tasks to queue
[2025-01-28T10:36:59.929+0000] {logging_mixin.py:190} INFO - [2025-01-28T10:36:59.924+0000] {dagbag.py:588} INFO - Filling up the DagBag from /mnt/c/Users/Admin/Desktop/ud_data/Dataslush_umang/airflow/airflow_venv/lib/python3.12/site-packages/airflow/example_dags/example_workday_timetable.py
[2025-01-28T10:37:00.283+0000] {processor.py:925} INFO - DAG(s) 'example_workday_timetable' retrieved from /mnt/c/Users/Admin/Desktop/ud_data/Dataslush_umang/airflow/airflow_venv/lib/python3.12/site-packages/airflow/example_dags/example_workday_timetable.py
[2025-01-28T10:37:00.323+0000] {logging_mixin.py:190} INFO - [2025-01-28T10:37:00.321+0000] {dag.py:3239} INFO - Sync 1 DAGs
[2025-01-28T10:37:00.361+0000] {logging_mixin.py:190} INFO - [2025-01-28T10:37:00.359+0000] {dag.py:4180} INFO - Setting next_dagrun for example_workday_timetable to 2021-01-01 00:00:00+00:00, run_after=2021-01-02 00:00:00+00:00
[2025-01-28T10:37:30.491+0000] {processor.py:208} INFO - Processing /mnt/c/Users/Admin/Desktop/ud_data/Dataslush_umang/airflow/airflow_venv/lib/python3.12/site-packages/airflow/example_dags/example_workday_timetable.py took 0.564 seconds
[2025-01-28T10:39:02.707+0000] {processor.py:186} INFO - Started process (PID=17177) to work on /mnt/c/Users/Admin/Desktop/ud_data/Dataslush_umang/airflow/airflow_venv/lib/python3.12/site-packages/airflow/example_dags/example_workday_timetable.py
[2025-01-28T10:38:33.648+0000] {processor.py:914} INFO - Processing file /mnt/c/Users/Admin/Desktop/ud_data/Dataslush_umang/airflow/airflow_venv/lib/python3.12/site-packages/airflow/example_dags/example_workday_timetable.py for tasks to queue
[2025-01-28T10:38:33.671+0000] {logging_mixin.py:190} INFO - [2025-01-28T10:38:33.663+0000] {dagbag.py:588} INFO - Filling up the DagBag from /mnt/c/Users/Admin/Desktop/ud_data/Dataslush_umang/airflow/airflow_venv/lib/python3.12/site-packages/airflow/example_dags/example_workday_timetable.py
[2025-01-28T10:38:34.376+0000] {processor.py:925} INFO - DAG(s) 'example_workday_timetable' retrieved from /mnt/c/Users/Admin/Desktop/ud_data/Dataslush_umang/airflow/airflow_venv/lib/python3.12/site-packages/airflow/example_dags/example_workday_timetable.py
[2025-01-28T10:38:34.445+0000] {logging_mixin.py:190} INFO - [2025-01-28T10:38:34.442+0000] {dag.py:3239} INFO - Sync 1 DAGs
[2025-01-28T10:38:34.504+0000] {logging_mixin.py:190} INFO - [2025-01-28T10:38:34.502+0000] {dag.py:4180} INFO - Setting next_dagrun for example_workday_timetable to 2021-01-01 00:00:00+00:00, run_after=2021-01-02 00:00:00+00:00
[2025-01-28T10:38:35.319+0000] {processor.py:208} INFO - Processing /mnt/c/Users/Admin/Desktop/ud_data/Dataslush_umang/airflow/airflow_venv/lib/python3.12/site-packages/airflow/example_dags/example_workday_timetable.py took 2.795 seconds
[2025-01-28T10:40:15.067+0000] {processor.py:186} INFO - Started process (PID=17331) to work on /mnt/c/Users/Admin/Desktop/ud_data/Dataslush_umang/airflow/airflow_venv/lib/python3.12/site-packages/airflow/example_dags/example_workday_timetable.py
[2025-01-28T10:40:15.071+0000] {processor.py:914} INFO - Processing file /mnt/c/Users/Admin/Desktop/ud_data/Dataslush_umang/airflow/airflow_venv/lib/python3.12/site-packages/airflow/example_dags/example_workday_timetable.py for tasks to queue
[2025-01-28T10:40:15.077+0000] {logging_mixin.py:190} INFO - [2025-01-28T10:40:15.074+0000] {dagbag.py:588} INFO - Filling up the DagBag from /mnt/c/Users/Admin/Desktop/ud_data/Dataslush_umang/airflow/airflow_venv/lib/python3.12/site-packages/airflow/example_dags/example_workday_timetable.py
[2025-01-28T10:40:15.158+0000] {processor.py:925} INFO - DAG(s) 'example_workday_timetable' retrieved from /mnt/c/Users/Admin/Desktop/ud_data/Dataslush_umang/airflow/airflow_venv/lib/python3.12/site-packages/airflow/example_dags/example_workday_timetable.py
[2025-01-28T10:40:15.182+0000] {logging_mixin.py:190} INFO - [2025-01-28T10:40:15.180+0000] {dag.py:3239} INFO - Sync 1 DAGs
[2025-01-28T10:40:15.214+0000] {logging_mixin.py:190} INFO - [2025-01-28T10:40:15.213+0000] {dag.py:4180} INFO - Setting next_dagrun for example_workday_timetable to 2021-01-01 00:00:00+00:00, run_after=2021-01-02 00:00:00+00:00
[2025-01-28T10:40:15.253+0000] {processor.py:208} INFO - Processing /mnt/c/Users/Admin/Desktop/ud_data/Dataslush_umang/airflow/airflow_venv/lib/python3.12/site-packages/airflow/example_dags/example_workday_timetable.py took 0.212 seconds
[2025-01-28T10:41:08.669+0000] {processor.py:186} INFO - Started process (PID=17399) to work on /mnt/c/Users/Admin/Desktop/ud_data/Dataslush_umang/airflow/airflow_venv/lib/python3.12/site-packages/airflow/example_dags/example_workday_timetable.py
[2025-01-28T10:41:08.973+0000] {processor.py:914} INFO - Processing file /mnt/c/Users/Admin/Desktop/ud_data/Dataslush_umang/airflow/airflow_venv/lib/python3.12/site-packages/airflow/example_dags/example_workday_timetable.py for tasks to queue
[2025-01-28T10:41:08.988+0000] {logging_mixin.py:190} INFO - [2025-01-28T10:41:08.983+0000] {dagbag.py:588} INFO - Filling up the DagBag from /mnt/c/Users/Admin/Desktop/ud_data/Dataslush_umang/airflow/airflow_venv/lib/python3.12/site-packages/airflow/example_dags/example_workday_timetable.py
[2025-01-28T10:41:09.120+0000] {processor.py:925} INFO - DAG(s) 'example_workday_timetable' retrieved from /mnt/c/Users/Admin/Desktop/ud_data/Dataslush_umang/airflow/airflow_venv/lib/python3.12/site-packages/airflow/example_dags/example_workday_timetable.py
[2025-01-28T10:41:09.145+0000] {logging_mixin.py:190} INFO - [2025-01-28T10:41:09.143+0000] {dag.py:3239} INFO - Sync 1 DAGs
[2025-01-28T10:41:09.177+0000] {logging_mixin.py:190} INFO - [2025-01-28T10:41:09.176+0000] {dag.py:4180} INFO - Setting next_dagrun for example_workday_timetable to 2021-01-01 00:00:00+00:00, run_after=2021-01-02 00:00:00+00:00
[2025-01-28T10:41:09.411+0000] {processor.py:208} INFO - Processing /mnt/c/Users/Admin/Desktop/ud_data/Dataslush_umang/airflow/airflow_venv/lib/python3.12/site-packages/airflow/example_dags/example_workday_timetable.py took 0.770 seconds
[2025-01-28T10:41:54.851+0000] {processor.py:186} INFO - Started process (PID=17486) to work on /mnt/c/Users/Admin/Desktop/ud_data/Dataslush_umang/airflow/airflow_venv/lib/python3.12/site-packages/airflow/example_dags/example_workday_timetable.py
[2025-01-28T10:41:55.057+0000] {processor.py:914} INFO - Processing file /mnt/c/Users/Admin/Desktop/ud_data/Dataslush_umang/airflow/airflow_venv/lib/python3.12/site-packages/airflow/example_dags/example_workday_timetable.py for tasks to queue
[2025-01-28T10:41:55.065+0000] {logging_mixin.py:190} INFO - [2025-01-28T10:41:55.062+0000] {dagbag.py:588} INFO - Filling up the DagBag from /mnt/c/Users/Admin/Desktop/ud_data/Dataslush_umang/airflow/airflow_venv/lib/python3.12/site-packages/airflow/example_dags/example_workday_timetable.py
[2025-01-28T10:41:55.188+0000] {processor.py:925} INFO - DAG(s) 'example_workday_timetable' retrieved from /mnt/c/Users/Admin/Desktop/ud_data/Dataslush_umang/airflow/airflow_venv/lib/python3.12/site-packages/airflow/example_dags/example_workday_timetable.py
[2025-01-28T10:41:55.217+0000] {logging_mixin.py:190} INFO - [2025-01-28T10:41:55.214+0000] {dag.py:3239} INFO - Sync 1 DAGs
[2025-01-28T10:41:55.257+0000] {logging_mixin.py:190} INFO - [2025-01-28T10:41:55.255+0000] {dag.py:4180} INFO - Setting next_dagrun for example_workday_timetable to 2021-01-01 00:00:00+00:00, run_after=2021-01-02 00:00:00+00:00
[2025-01-28T10:41:55.440+0000] {processor.py:208} INFO - Processing /mnt/c/Users/Admin/Desktop/ud_data/Dataslush_umang/airflow/airflow_venv/lib/python3.12/site-packages/airflow/example_dags/example_workday_timetable.py took 0.618 seconds
[2025-01-28T10:42:49.681+0000] {processor.py:186} INFO - Started process (PID=17704) to work on /mnt/c/Users/Admin/Desktop/ud_data/Dataslush_umang/airflow/airflow_venv/lib/python3.12/site-packages/airflow/example_dags/example_workday_timetable.py
[2025-01-28T10:42:49.684+0000] {processor.py:914} INFO - Processing file /mnt/c/Users/Admin/Desktop/ud_data/Dataslush_umang/airflow/airflow_venv/lib/python3.12/site-packages/airflow/example_dags/example_workday_timetable.py for tasks to queue
[2025-01-28T10:42:49.691+0000] {logging_mixin.py:190} INFO - [2025-01-28T10:42:49.688+0000] {dagbag.py:588} INFO - Filling up the DagBag from /mnt/c/Users/Admin/Desktop/ud_data/Dataslush_umang/airflow/airflow_venv/lib/python3.12/site-packages/airflow/example_dags/example_workday_timetable.py
[2025-01-28T10:42:49.807+0000] {processor.py:925} INFO - DAG(s) 'example_workday_timetable' retrieved from /mnt/c/Users/Admin/Desktop/ud_data/Dataslush_umang/airflow/airflow_venv/lib/python3.12/site-packages/airflow/example_dags/example_workday_timetable.py
[2025-01-28T10:42:49.846+0000] {logging_mixin.py:190} INFO - [2025-01-28T10:42:49.844+0000] {dag.py:3239} INFO - Sync 1 DAGs
[2025-01-28T10:42:49.896+0000] {logging_mixin.py:190} INFO - [2025-01-28T10:42:49.894+0000] {dag.py:4180} INFO - Setting next_dagrun for example_workday_timetable to 2021-01-01 00:00:00+00:00, run_after=2021-01-02 00:00:00+00:00
[2025-01-28T10:42:50.346+0000] {processor.py:208} INFO - Processing /mnt/c/Users/Admin/Desktop/ud_data/Dataslush_umang/airflow/airflow_venv/lib/python3.12/site-packages/airflow/example_dags/example_workday_timetable.py took 0.692 seconds
[2025-01-28T10:44:25.429+0000] {processor.py:186} INFO - Started process (PID=17827) to work on /mnt/c/Users/Admin/Desktop/ud_data/Dataslush_umang/airflow/airflow_venv/lib/python3.12/site-packages/airflow/example_dags/example_workday_timetable.py
[2025-01-28T10:44:25.500+0000] {processor.py:914} INFO - Processing file /mnt/c/Users/Admin/Desktop/ud_data/Dataslush_umang/airflow/airflow_venv/lib/python3.12/site-packages/airflow/example_dags/example_workday_timetable.py for tasks to queue
[2025-01-28T10:44:25.512+0000] {logging_mixin.py:190} INFO - [2025-01-28T10:44:25.507+0000] {dagbag.py:588} INFO - Filling up the DagBag from /mnt/c/Users/Admin/Desktop/ud_data/Dataslush_umang/airflow/airflow_venv/lib/python3.12/site-packages/airflow/example_dags/example_workday_timetable.py
[2025-01-28T10:44:25.710+0000] {processor.py:925} INFO - DAG(s) 'example_workday_timetable' retrieved from /mnt/c/Users/Admin/Desktop/ud_data/Dataslush_umang/airflow/airflow_venv/lib/python3.12/site-packages/airflow/example_dags/example_workday_timetable.py
[2025-01-28T10:44:25.780+0000] {logging_mixin.py:190} INFO - [2025-01-28T10:44:25.773+0000] {dag.py:3239} INFO - Sync 1 DAGs
[2025-01-28T10:44:25.886+0000] {logging_mixin.py:190} INFO - [2025-01-28T10:44:25.884+0000] {dag.py:4180} INFO - Setting next_dagrun for example_workday_timetable to 2021-01-01 00:00:00+00:00, run_after=2021-01-02 00:00:00+00:00
[2025-01-28T10:44:37.592+0000] {processor.py:208} INFO - Processing /mnt/c/Users/Admin/Desktop/ud_data/Dataslush_umang/airflow/airflow_venv/lib/python3.12/site-packages/airflow/example_dags/example_workday_timetable.py took 12.231 seconds
[2025-01-28T10:47:14.302+0000] {processor.py:186} INFO - Started process (PID=17980) to work on /mnt/c/Users/Admin/Desktop/ud_data/Dataslush_umang/airflow/airflow_venv/lib/python3.12/site-packages/airflow/example_dags/example_workday_timetable.py
[2025-01-28T10:47:14.306+0000] {processor.py:914} INFO - Processing file /mnt/c/Users/Admin/Desktop/ud_data/Dataslush_umang/airflow/airflow_venv/lib/python3.12/site-packages/airflow/example_dags/example_workday_timetable.py for tasks to queue
[2025-01-28T10:47:14.313+0000] {logging_mixin.py:190} INFO - [2025-01-28T10:47:14.310+0000] {dagbag.py:588} INFO - Filling up the DagBag from /mnt/c/Users/Admin/Desktop/ud_data/Dataslush_umang/airflow/airflow_venv/lib/python3.12/site-packages/airflow/example_dags/example_workday_timetable.py
[2025-01-28T10:47:14.444+0000] {processor.py:925} INFO - DAG(s) 'example_workday_timetable' retrieved from /mnt/c/Users/Admin/Desktop/ud_data/Dataslush_umang/airflow/airflow_venv/lib/python3.12/site-packages/airflow/example_dags/example_workday_timetable.py
[2025-01-28T10:47:14.481+0000] {logging_mixin.py:190} INFO - [2025-01-28T10:47:14.480+0000] {dag.py:3239} INFO - Sync 1 DAGs
[2025-01-28T10:47:14.530+0000] {logging_mixin.py:190} INFO - [2025-01-28T10:47:14.527+0000] {dag.py:4180} INFO - Setting next_dagrun for example_workday_timetable to 2021-01-01 00:00:00+00:00, run_after=2021-01-02 00:00:00+00:00
[2025-01-28T10:47:14.574+0000] {processor.py:208} INFO - Processing /mnt/c/Users/Admin/Desktop/ud_data/Dataslush_umang/airflow/airflow_venv/lib/python3.12/site-packages/airflow/example_dags/example_workday_timetable.py took 0.301 seconds
[2025-01-28T10:48:06.514+0000] {processor.py:186} INFO - Started process (PID=18080) to work on /mnt/c/Users/Admin/Desktop/ud_data/Dataslush_umang/airflow/airflow_venv/lib/python3.12/site-packages/airflow/example_dags/example_workday_timetable.py
[2025-01-28T10:48:06.517+0000] {processor.py:914} INFO - Processing file /mnt/c/Users/Admin/Desktop/ud_data/Dataslush_umang/airflow/airflow_venv/lib/python3.12/site-packages/airflow/example_dags/example_workday_timetable.py for tasks to queue
[2025-01-28T10:48:06.522+0000] {logging_mixin.py:190} INFO - [2025-01-28T10:48:06.521+0000] {dagbag.py:588} INFO - Filling up the DagBag from /mnt/c/Users/Admin/Desktop/ud_data/Dataslush_umang/airflow/airflow_venv/lib/python3.12/site-packages/airflow/example_dags/example_workday_timetable.py
[2025-01-28T10:48:06.629+0000] {processor.py:925} INFO - DAG(s) 'example_workday_timetable' retrieved from /mnt/c/Users/Admin/Desktop/ud_data/Dataslush_umang/airflow/airflow_venv/lib/python3.12/site-packages/airflow/example_dags/example_workday_timetable.py
[2025-01-28T10:48:06.655+0000] {logging_mixin.py:190} INFO - [2025-01-28T10:48:06.654+0000] {dag.py:3239} INFO - Sync 1 DAGs
[2025-01-28T10:48:06.691+0000] {logging_mixin.py:190} INFO - [2025-01-28T10:48:06.690+0000] {dag.py:4180} INFO - Setting next_dagrun for example_workday_timetable to 2021-01-01 00:00:00+00:00, run_after=2021-01-02 00:00:00+00:00
[2025-01-28T10:48:36.814+0000] {processor.py:208} INFO - Processing /mnt/c/Users/Admin/Desktop/ud_data/Dataslush_umang/airflow/airflow_venv/lib/python3.12/site-packages/airflow/example_dags/example_workday_timetable.py took 0.249 seconds
[2025-01-28T10:49:46.723+0000] {processor.py:186} INFO - Started process (PID=18268) to work on /mnt/c/Users/Admin/Desktop/ud_data/Dataslush_umang/airflow/airflow_venv/lib/python3.12/site-packages/airflow/example_dags/example_workday_timetable.py
[2025-01-28T10:49:46.726+0000] {processor.py:914} INFO - Processing file /mnt/c/Users/Admin/Desktop/ud_data/Dataslush_umang/airflow/airflow_venv/lib/python3.12/site-packages/airflow/example_dags/example_workday_timetable.py for tasks to queue
[2025-01-28T10:49:46.732+0000] {logging_mixin.py:190} INFO - [2025-01-28T10:49:46.730+0000] {dagbag.py:588} INFO - Filling up the DagBag from /mnt/c/Users/Admin/Desktop/ud_data/Dataslush_umang/airflow/airflow_venv/lib/python3.12/site-packages/airflow/example_dags/example_workday_timetable.py
[2025-01-28T10:49:46.853+0000] {processor.py:925} INFO - DAG(s) 'example_workday_timetable' retrieved from /mnt/c/Users/Admin/Desktop/ud_data/Dataslush_umang/airflow/airflow_venv/lib/python3.12/site-packages/airflow/example_dags/example_workday_timetable.py
[2025-01-28T10:50:16.970+0000] {logging_mixin.py:190} INFO - [2025-01-28T10:50:16.968+0000] {dag.py:3239} INFO - Sync 1 DAGs
[2025-01-28T10:50:17.009+0000] {logging_mixin.py:190} INFO - [2025-01-28T10:50:17.008+0000] {dag.py:4180} INFO - Setting next_dagrun for example_workday_timetable to 2021-01-01 00:00:00+00:00, run_after=2021-01-02 00:00:00+00:00
[2025-01-28T10:49:47.252+0000] {processor.py:208} INFO - Processing /mnt/c/Users/Admin/Desktop/ud_data/Dataslush_umang/airflow/airflow_venv/lib/python3.12/site-packages/airflow/example_dags/example_workday_timetable.py took 0.556 seconds
[2025-01-28T10:51:01.967+0000] {processor.py:186} INFO - Started process (PID=18477) to work on /mnt/c/Users/Admin/Desktop/ud_data/Dataslush_umang/airflow/airflow_venv/lib/python3.12/site-packages/airflow/example_dags/example_workday_timetable.py
[2025-01-28T10:51:01.970+0000] {processor.py:914} INFO - Processing file /mnt/c/Users/Admin/Desktop/ud_data/Dataslush_umang/airflow/airflow_venv/lib/python3.12/site-packages/airflow/example_dags/example_workday_timetable.py for tasks to queue
[2025-01-28T10:51:01.976+0000] {logging_mixin.py:190} INFO - [2025-01-28T10:51:01.973+0000] {dagbag.py:588} INFO - Filling up the DagBag from /mnt/c/Users/Admin/Desktop/ud_data/Dataslush_umang/airflow/airflow_venv/lib/python3.12/site-packages/airflow/example_dags/example_workday_timetable.py
[2025-01-28T10:51:32.176+0000] {processor.py:925} INFO - DAG(s) 'example_workday_timetable' retrieved from /mnt/c/Users/Admin/Desktop/ud_data/Dataslush_umang/airflow/airflow_venv/lib/python3.12/site-packages/airflow/example_dags/example_workday_timetable.py
[2025-01-28T10:51:32.204+0000] {logging_mixin.py:190} INFO - [2025-01-28T10:51:32.202+0000] {dag.py:3239} INFO - Sync 1 DAGs
[2025-01-28T10:51:32.246+0000] {logging_mixin.py:190} INFO - [2025-01-28T10:51:32.244+0000] {dag.py:4180} INFO - Setting next_dagrun for example_workday_timetable to 2021-01-01 00:00:00+00:00, run_after=2021-01-02 00:00:00+00:00
[2025-01-28T10:51:32.287+0000] {processor.py:208} INFO - Processing /mnt/c/Users/Admin/Desktop/ud_data/Dataslush_umang/airflow/airflow_venv/lib/python3.12/site-packages/airflow/example_dags/example_workday_timetable.py took 0.247 seconds
[2025-01-28T10:52:44.607+0000] {processor.py:186} INFO - Started process (PID=18654) to work on /mnt/c/Users/Admin/Desktop/ud_data/Dataslush_umang/airflow/airflow_venv/lib/python3.12/site-packages/airflow/example_dags/example_workday_timetable.py
[2025-01-28T10:52:44.611+0000] {processor.py:914} INFO - Processing file /mnt/c/Users/Admin/Desktop/ud_data/Dataslush_umang/airflow/airflow_venv/lib/python3.12/site-packages/airflow/example_dags/example_workday_timetable.py for tasks to queue
[2025-01-28T10:52:44.617+0000] {logging_mixin.py:190} INFO - [2025-01-28T10:52:44.615+0000] {dagbag.py:588} INFO - Filling up the DagBag from /mnt/c/Users/Admin/Desktop/ud_data/Dataslush_umang/airflow/airflow_venv/lib/python3.12/site-packages/airflow/example_dags/example_workday_timetable.py
[2025-01-28T10:52:44.707+0000] {processor.py:925} INFO - DAG(s) 'example_workday_timetable' retrieved from /mnt/c/Users/Admin/Desktop/ud_data/Dataslush_umang/airflow/airflow_venv/lib/python3.12/site-packages/airflow/example_dags/example_workday_timetable.py
[2025-01-28T10:52:44.740+0000] {logging_mixin.py:190} INFO - [2025-01-28T10:52:44.738+0000] {dag.py:3239} INFO - Sync 1 DAGs
[2025-01-28T10:52:44.793+0000] {logging_mixin.py:190} INFO - [2025-01-28T10:52:44.792+0000] {dag.py:4180} INFO - Setting next_dagrun for example_workday_timetable to 2021-01-01 00:00:00+00:00, run_after=2021-01-02 00:00:00+00:00
[2025-01-28T10:52:44.841+0000] {processor.py:208} INFO - Processing /mnt/c/Users/Admin/Desktop/ud_data/Dataslush_umang/airflow/airflow_venv/lib/python3.12/site-packages/airflow/example_dags/example_workday_timetable.py took 0.264 seconds
[2025-01-28T10:54:03.697+0000] {processor.py:186} INFO - Started process (PID=18727) to work on /mnt/c/Users/Admin/Desktop/ud_data/Dataslush_umang/airflow/airflow_venv/lib/python3.12/site-packages/airflow/example_dags/example_workday_timetable.py
[2025-01-28T10:53:33.644+0000] {processor.py:914} INFO - Processing file /mnt/c/Users/Admin/Desktop/ud_data/Dataslush_umang/airflow/airflow_venv/lib/python3.12/site-packages/airflow/example_dags/example_workday_timetable.py for tasks to queue
[2025-01-28T10:53:33.650+0000] {logging_mixin.py:190} INFO - [2025-01-28T10:53:33.648+0000] {dagbag.py:588} INFO - Filling up the DagBag from /mnt/c/Users/Admin/Desktop/ud_data/Dataslush_umang/airflow/airflow_venv/lib/python3.12/site-packages/airflow/example_dags/example_workday_timetable.py
[2025-01-28T10:53:33.761+0000] {processor.py:925} INFO - DAG(s) 'example_workday_timetable' retrieved from /mnt/c/Users/Admin/Desktop/ud_data/Dataslush_umang/airflow/airflow_venv/lib/python3.12/site-packages/airflow/example_dags/example_workday_timetable.py
[2025-01-28T10:53:33.796+0000] {logging_mixin.py:190} INFO - [2025-01-28T10:53:33.794+0000] {dag.py:3239} INFO - Sync 1 DAGs
[2025-01-28T10:53:33.844+0000] {logging_mixin.py:190} INFO - [2025-01-28T10:53:33.842+0000] {dag.py:4180} INFO - Setting next_dagrun for example_workday_timetable to 2021-01-01 00:00:00+00:00, run_after=2021-01-02 00:00:00+00:00
[2025-01-28T10:53:34.041+0000] {processor.py:208} INFO - Processing /mnt/c/Users/Admin/Desktop/ud_data/Dataslush_umang/airflow/airflow_venv/lib/python3.12/site-packages/airflow/example_dags/example_workday_timetable.py took 0.465 seconds
[2025-01-28T10:54:31.294+0000] {processor.py:186} INFO - Started process (PID=18802) to work on /mnt/c/Users/Admin/Desktop/ud_data/Dataslush_umang/airflow/airflow_venv/lib/python3.12/site-packages/airflow/example_dags/example_workday_timetable.py
[2025-01-28T10:54:31.297+0000] {processor.py:914} INFO - Processing file /mnt/c/Users/Admin/Desktop/ud_data/Dataslush_umang/airflow/airflow_venv/lib/python3.12/site-packages/airflow/example_dags/example_workday_timetable.py for tasks to queue
[2025-01-28T10:54:31.302+0000] {logging_mixin.py:190} INFO - [2025-01-28T10:54:31.301+0000] {dagbag.py:588} INFO - Filling up the DagBag from /mnt/c/Users/Admin/Desktop/ud_data/Dataslush_umang/airflow/airflow_venv/lib/python3.12/site-packages/airflow/example_dags/example_workday_timetable.py
[2025-01-28T10:54:31.423+0000] {processor.py:925} INFO - DAG(s) 'example_workday_timetable' retrieved from /mnt/c/Users/Admin/Desktop/ud_data/Dataslush_umang/airflow/airflow_venv/lib/python3.12/site-packages/airflow/example_dags/example_workday_timetable.py
[2025-01-28T10:54:31.456+0000] {logging_mixin.py:190} INFO - [2025-01-28T10:54:31.455+0000] {dag.py:3239} INFO - Sync 1 DAGs
[2025-01-28T10:54:31.504+0000] {logging_mixin.py:190} INFO - [2025-01-28T10:54:31.503+0000] {dag.py:4180} INFO - Setting next_dagrun for example_workday_timetable to 2021-01-01 00:00:00+00:00, run_after=2021-01-02 00:00:00+00:00
[2025-01-28T10:54:31.553+0000] {processor.py:208} INFO - Processing /mnt/c/Users/Admin/Desktop/ud_data/Dataslush_umang/airflow/airflow_venv/lib/python3.12/site-packages/airflow/example_dags/example_workday_timetable.py took 0.289 seconds
[2025-01-28T10:55:26.894+0000] {processor.py:186} INFO - Started process (PID=18898) to work on /mnt/c/Users/Admin/Desktop/ud_data/Dataslush_umang/airflow/airflow_venv/lib/python3.12/site-packages/airflow/example_dags/example_workday_timetable.py
[2025-01-28T10:55:26.968+0000] {processor.py:914} INFO - Processing file /mnt/c/Users/Admin/Desktop/ud_data/Dataslush_umang/airflow/airflow_venv/lib/python3.12/site-packages/airflow/example_dags/example_workday_timetable.py for tasks to queue
[2025-01-28T10:55:26.973+0000] {logging_mixin.py:190} INFO - [2025-01-28T10:55:26.971+0000] {dagbag.py:588} INFO - Filling up the DagBag from /mnt/c/Users/Admin/Desktop/ud_data/Dataslush_umang/airflow/airflow_venv/lib/python3.12/site-packages/airflow/example_dags/example_workday_timetable.py
[2025-01-28T10:55:27.065+0000] {processor.py:925} INFO - DAG(s) 'example_workday_timetable' retrieved from /mnt/c/Users/Admin/Desktop/ud_data/Dataslush_umang/airflow/airflow_venv/lib/python3.12/site-packages/airflow/example_dags/example_workday_timetable.py
[2025-01-28T10:55:27.098+0000] {logging_mixin.py:190} INFO - [2025-01-28T10:55:27.097+0000] {dag.py:3239} INFO - Sync 1 DAGs
[2025-01-28T10:55:27.134+0000] {logging_mixin.py:190} INFO - [2025-01-28T10:55:27.132+0000] {dag.py:4180} INFO - Setting next_dagrun for example_workday_timetable to 2021-01-01 00:00:00+00:00, run_after=2021-01-02 00:00:00+00:00
[2025-01-28T10:55:27.180+0000] {processor.py:208} INFO - Processing /mnt/c/Users/Admin/Desktop/ud_data/Dataslush_umang/airflow/airflow_venv/lib/python3.12/site-packages/airflow/example_dags/example_workday_timetable.py took 0.314 seconds
[2025-01-28T10:57:00.448+0000] {processor.py:186} INFO - Started process (PID=19115) to work on /mnt/c/Users/Admin/Desktop/ud_data/Dataslush_umang/airflow/airflow_venv/lib/python3.12/site-packages/airflow/example_dags/example_workday_timetable.py
[2025-01-28T10:57:00.451+0000] {processor.py:914} INFO - Processing file /mnt/c/Users/Admin/Desktop/ud_data/Dataslush_umang/airflow/airflow_venv/lib/python3.12/site-packages/airflow/example_dags/example_workday_timetable.py for tasks to queue
[2025-01-28T10:57:00.458+0000] {logging_mixin.py:190} INFO - [2025-01-28T10:57:00.456+0000] {dagbag.py:588} INFO - Filling up the DagBag from /mnt/c/Users/Admin/Desktop/ud_data/Dataslush_umang/airflow/airflow_venv/lib/python3.12/site-packages/airflow/example_dags/example_workday_timetable.py
[2025-01-28T10:57:00.563+0000] {processor.py:925} INFO - DAG(s) 'example_workday_timetable' retrieved from /mnt/c/Users/Admin/Desktop/ud_data/Dataslush_umang/airflow/airflow_venv/lib/python3.12/site-packages/airflow/example_dags/example_workday_timetable.py
[2025-01-28T10:57:00.596+0000] {logging_mixin.py:190} INFO - [2025-01-28T10:57:00.594+0000] {dag.py:3239} INFO - Sync 1 DAGs
[2025-01-28T10:57:00.650+0000] {logging_mixin.py:190} INFO - [2025-01-28T10:57:00.648+0000] {dag.py:4180} INFO - Setting next_dagrun for example_workday_timetable to 2021-01-01 00:00:00+00:00, run_after=2021-01-02 00:00:00+00:00
[2025-01-28T10:57:00.758+0000] {processor.py:208} INFO - Processing /mnt/c/Users/Admin/Desktop/ud_data/Dataslush_umang/airflow/airflow_venv/lib/python3.12/site-packages/airflow/example_dags/example_workday_timetable.py took 0.335 seconds
[2025-01-28T10:58:21.776+0000] {processor.py:186} INFO - Started process (PID=19263) to work on /mnt/c/Users/Admin/Desktop/ud_data/Dataslush_umang/airflow/airflow_venv/lib/python3.12/site-packages/airflow/example_dags/example_workday_timetable.py
[2025-01-28T10:58:21.779+0000] {processor.py:914} INFO - Processing file /mnt/c/Users/Admin/Desktop/ud_data/Dataslush_umang/airflow/airflow_venv/lib/python3.12/site-packages/airflow/example_dags/example_workday_timetable.py for tasks to queue
[2025-01-28T10:58:21.784+0000] {logging_mixin.py:190} INFO - [2025-01-28T10:58:21.782+0000] {dagbag.py:588} INFO - Filling up the DagBag from /mnt/c/Users/Admin/Desktop/ud_data/Dataslush_umang/airflow/airflow_venv/lib/python3.12/site-packages/airflow/example_dags/example_workday_timetable.py
[2025-01-28T10:58:21.900+0000] {processor.py:925} INFO - DAG(s) 'example_workday_timetable' retrieved from /mnt/c/Users/Admin/Desktop/ud_data/Dataslush_umang/airflow/airflow_venv/lib/python3.12/site-packages/airflow/example_dags/example_workday_timetable.py
[2025-01-28T10:58:21.939+0000] {logging_mixin.py:190} INFO - [2025-01-28T10:58:21.938+0000] {dag.py:3239} INFO - Sync 1 DAGs
[2025-01-28T10:58:22.004+0000] {logging_mixin.py:190} INFO - [2025-01-28T10:58:22.002+0000] {dag.py:4180} INFO - Setting next_dagrun for example_workday_timetable to 2021-01-01 00:00:00+00:00, run_after=2021-01-02 00:00:00+00:00
[2025-01-28T10:58:22.081+0000] {processor.py:208} INFO - Processing /mnt/c/Users/Admin/Desktop/ud_data/Dataslush_umang/airflow/airflow_venv/lib/python3.12/site-packages/airflow/example_dags/example_workday_timetable.py took 0.334 seconds
[2025-01-28T10:59:10.023+0000] {processor.py:186} INFO - Started process (PID=19369) to work on /mnt/c/Users/Admin/Desktop/ud_data/Dataslush_umang/airflow/airflow_venv/lib/python3.12/site-packages/airflow/example_dags/example_workday_timetable.py
[2025-01-28T10:59:10.026+0000] {processor.py:914} INFO - Processing file /mnt/c/Users/Admin/Desktop/ud_data/Dataslush_umang/airflow/airflow_venv/lib/python3.12/site-packages/airflow/example_dags/example_workday_timetable.py for tasks to queue
[2025-01-28T10:59:10.033+0000] {logging_mixin.py:190} INFO - [2025-01-28T10:59:10.031+0000] {dagbag.py:588} INFO - Filling up the DagBag from /mnt/c/Users/Admin/Desktop/ud_data/Dataslush_umang/airflow/airflow_venv/lib/python3.12/site-packages/airflow/example_dags/example_workday_timetable.py
[2025-01-28T10:59:10.153+0000] {processor.py:925} INFO - DAG(s) 'example_workday_timetable' retrieved from /mnt/c/Users/Admin/Desktop/ud_data/Dataslush_umang/airflow/airflow_venv/lib/python3.12/site-packages/airflow/example_dags/example_workday_timetable.py
[2025-01-28T10:59:10.186+0000] {logging_mixin.py:190} INFO - [2025-01-28T10:59:10.184+0000] {dag.py:3239} INFO - Sync 1 DAGs
[2025-01-28T10:59:10.227+0000] {logging_mixin.py:190} INFO - [2025-01-28T10:59:10.225+0000] {dag.py:4180} INFO - Setting next_dagrun for example_workday_timetable to 2021-01-01 00:00:00+00:00, run_after=2021-01-02 00:00:00+00:00
[2025-01-28T10:59:10.277+0000] {processor.py:208} INFO - Processing /mnt/c/Users/Admin/Desktop/ud_data/Dataslush_umang/airflow/airflow_venv/lib/python3.12/site-packages/airflow/example_dags/example_workday_timetable.py took 0.282 seconds
[2025-01-28T11:00:56.116+0000] {processor.py:186} INFO - Started process (PID=19545) to work on /mnt/c/Users/Admin/Desktop/ud_data/Dataslush_umang/airflow/airflow_venv/lib/python3.12/site-packages/airflow/example_dags/example_workday_timetable.py
[2025-01-28T11:00:56.122+0000] {processor.py:914} INFO - Processing file /mnt/c/Users/Admin/Desktop/ud_data/Dataslush_umang/airflow/airflow_venv/lib/python3.12/site-packages/airflow/example_dags/example_workday_timetable.py for tasks to queue
[2025-01-28T11:00:56.128+0000] {logging_mixin.py:190} INFO - [2025-01-28T11:00:56.125+0000] {dagbag.py:588} INFO - Filling up the DagBag from /mnt/c/Users/Admin/Desktop/ud_data/Dataslush_umang/airflow/airflow_venv/lib/python3.12/site-packages/airflow/example_dags/example_workday_timetable.py
[2025-01-28T11:00:56.231+0000] {processor.py:925} INFO - DAG(s) 'example_workday_timetable' retrieved from /mnt/c/Users/Admin/Desktop/ud_data/Dataslush_umang/airflow/airflow_venv/lib/python3.12/site-packages/airflow/example_dags/example_workday_timetable.py
[2025-01-28T11:00:56.268+0000] {logging_mixin.py:190} INFO - [2025-01-28T11:00:56.267+0000] {dag.py:3239} INFO - Sync 1 DAGs
[2025-01-28T11:00:56.313+0000] {logging_mixin.py:190} INFO - [2025-01-28T11:00:56.311+0000] {dag.py:4180} INFO - Setting next_dagrun for example_workday_timetable to 2021-01-01 00:00:00+00:00, run_after=2021-01-02 00:00:00+00:00
[2025-01-28T11:00:56.375+0000] {processor.py:208} INFO - Processing /mnt/c/Users/Admin/Desktop/ud_data/Dataslush_umang/airflow/airflow_venv/lib/python3.12/site-packages/airflow/example_dags/example_workday_timetable.py took 0.290 seconds
[2025-01-28T11:01:50.093+0000] {processor.py:186} INFO - Started process (PID=19612) to work on /mnt/c/Users/Admin/Desktop/ud_data/Dataslush_umang/airflow/airflow_venv/lib/python3.12/site-packages/airflow/example_dags/example_workday_timetable.py
[2025-01-28T11:01:50.098+0000] {processor.py:914} INFO - Processing file /mnt/c/Users/Admin/Desktop/ud_data/Dataslush_umang/airflow/airflow_venv/lib/python3.12/site-packages/airflow/example_dags/example_workday_timetable.py for tasks to queue
[2025-01-28T11:01:50.105+0000] {logging_mixin.py:190} INFO - [2025-01-28T11:01:50.102+0000] {dagbag.py:588} INFO - Filling up the DagBag from /mnt/c/Users/Admin/Desktop/ud_data/Dataslush_umang/airflow/airflow_venv/lib/python3.12/site-packages/airflow/example_dags/example_workday_timetable.py
[2025-01-28T11:01:50.232+0000] {processor.py:925} INFO - DAG(s) 'example_workday_timetable' retrieved from /mnt/c/Users/Admin/Desktop/ud_data/Dataslush_umang/airflow/airflow_venv/lib/python3.12/site-packages/airflow/example_dags/example_workday_timetable.py
[2025-01-28T11:01:50.270+0000] {logging_mixin.py:190} INFO - [2025-01-28T11:01:50.268+0000] {dag.py:3239} INFO - Sync 1 DAGs
[2025-01-28T11:01:50.328+0000] {logging_mixin.py:190} INFO - [2025-01-28T11:01:50.326+0000] {dag.py:4180} INFO - Setting next_dagrun for example_workday_timetable to 2021-01-01 00:00:00+00:00, run_after=2021-01-02 00:00:00+00:00
[2025-01-28T11:01:50.384+0000] {processor.py:208} INFO - Processing /mnt/c/Users/Admin/Desktop/ud_data/Dataslush_umang/airflow/airflow_venv/lib/python3.12/site-packages/airflow/example_dags/example_workday_timetable.py took 0.320 seconds
[2025-01-28T11:03:43.756+0000] {processor.py:186} INFO - Started process (PID=19755) to work on /mnt/c/Users/Admin/Desktop/ud_data/Dataslush_umang/airflow/airflow_venv/lib/python3.12/site-packages/airflow/example_dags/example_workday_timetable.py
[2025-01-28T11:03:43.824+0000] {processor.py:914} INFO - Processing file /mnt/c/Users/Admin/Desktop/ud_data/Dataslush_umang/airflow/airflow_venv/lib/python3.12/site-packages/airflow/example_dags/example_workday_timetable.py for tasks to queue
[2025-01-28T11:03:43.831+0000] {logging_mixin.py:190} INFO - [2025-01-28T11:03:43.829+0000] {dagbag.py:588} INFO - Filling up the DagBag from /mnt/c/Users/Admin/Desktop/ud_data/Dataslush_umang/airflow/airflow_venv/lib/python3.12/site-packages/airflow/example_dags/example_workday_timetable.py
[2025-01-28T11:03:43.916+0000] {processor.py:925} INFO - DAG(s) 'example_workday_timetable' retrieved from /mnt/c/Users/Admin/Desktop/ud_data/Dataslush_umang/airflow/airflow_venv/lib/python3.12/site-packages/airflow/example_dags/example_workday_timetable.py
[2025-01-28T11:03:43.940+0000] {logging_mixin.py:190} INFO - [2025-01-28T11:03:43.939+0000] {dag.py:3239} INFO - Sync 1 DAGs
[2025-01-28T11:03:43.971+0000] {logging_mixin.py:190} INFO - [2025-01-28T11:03:43.970+0000] {dag.py:4180} INFO - Setting next_dagrun for example_workday_timetable to 2021-01-01 00:00:00+00:00, run_after=2021-01-02 00:00:00+00:00
[2025-01-28T11:03:44.866+0000] {processor.py:208} INFO - Processing /mnt/c/Users/Admin/Desktop/ud_data/Dataslush_umang/airflow/airflow_venv/lib/python3.12/site-packages/airflow/example_dags/example_workday_timetable.py took 1.136 seconds
[2025-01-28T11:04:36.229+0000] {processor.py:186} INFO - Started process (PID=19916) to work on /mnt/c/Users/Admin/Desktop/ud_data/Dataslush_umang/airflow/airflow_venv/lib/python3.12/site-packages/airflow/example_dags/example_workday_timetable.py
[2025-01-28T11:04:36.233+0000] {processor.py:914} INFO - Processing file /mnt/c/Users/Admin/Desktop/ud_data/Dataslush_umang/airflow/airflow_venv/lib/python3.12/site-packages/airflow/example_dags/example_workday_timetable.py for tasks to queue
[2025-01-28T11:04:36.241+0000] {logging_mixin.py:190} INFO - [2025-01-28T11:04:36.239+0000] {dagbag.py:588} INFO - Filling up the DagBag from /mnt/c/Users/Admin/Desktop/ud_data/Dataslush_umang/airflow/airflow_venv/lib/python3.12/site-packages/airflow/example_dags/example_workday_timetable.py
[2025-01-28T11:04:36.351+0000] {processor.py:925} INFO - DAG(s) 'example_workday_timetable' retrieved from /mnt/c/Users/Admin/Desktop/ud_data/Dataslush_umang/airflow/airflow_venv/lib/python3.12/site-packages/airflow/example_dags/example_workday_timetable.py
[2025-01-28T11:04:36.385+0000] {logging_mixin.py:190} INFO - [2025-01-28T11:04:36.384+0000] {dag.py:3239} INFO - Sync 1 DAGs
[2025-01-28T11:04:36.434+0000] {logging_mixin.py:190} INFO - [2025-01-28T11:04:36.433+0000] {dag.py:4180} INFO - Setting next_dagrun for example_workday_timetable to 2021-01-01 00:00:00+00:00, run_after=2021-01-02 00:00:00+00:00
[2025-01-28T11:04:36.612+0000] {processor.py:208} INFO - Processing /mnt/c/Users/Admin/Desktop/ud_data/Dataslush_umang/airflow/airflow_venv/lib/python3.12/site-packages/airflow/example_dags/example_workday_timetable.py took 0.407 seconds
[2025-01-28T11:05:53.578+0000] {processor.py:186} INFO - Started process (PID=19972) to work on /mnt/c/Users/Admin/Desktop/ud_data/Dataslush_umang/airflow/airflow_venv/lib/python3.12/site-packages/airflow/example_dags/example_workday_timetable.py
[2025-01-28T11:05:53.582+0000] {processor.py:914} INFO - Processing file /mnt/c/Users/Admin/Desktop/ud_data/Dataslush_umang/airflow/airflow_venv/lib/python3.12/site-packages/airflow/example_dags/example_workday_timetable.py for tasks to queue
[2025-01-28T11:05:53.589+0000] {logging_mixin.py:190} INFO - [2025-01-28T11:05:53.587+0000] {dagbag.py:588} INFO - Filling up the DagBag from /mnt/c/Users/Admin/Desktop/ud_data/Dataslush_umang/airflow/airflow_venv/lib/python3.12/site-packages/airflow/example_dags/example_workday_timetable.py
[2025-01-28T11:05:53.703+0000] {processor.py:925} INFO - DAG(s) 'example_workday_timetable' retrieved from /mnt/c/Users/Admin/Desktop/ud_data/Dataslush_umang/airflow/airflow_venv/lib/python3.12/site-packages/airflow/example_dags/example_workday_timetable.py
[2025-01-28T11:05:53.737+0000] {logging_mixin.py:190} INFO - [2025-01-28T11:05:53.735+0000] {dag.py:3239} INFO - Sync 1 DAGs
[2025-01-28T11:05:53.777+0000] {logging_mixin.py:190} INFO - [2025-01-28T11:05:53.776+0000] {dag.py:4180} INFO - Setting next_dagrun for example_workday_timetable to 2021-01-01 00:00:00+00:00, run_after=2021-01-02 00:00:00+00:00
[2025-01-28T11:05:53.829+0000] {processor.py:208} INFO - Processing /mnt/c/Users/Admin/Desktop/ud_data/Dataslush_umang/airflow/airflow_venv/lib/python3.12/site-packages/airflow/example_dags/example_workday_timetable.py took 0.283 seconds
[2025-01-28T11:07:32.969+0000] {processor.py:186} INFO - Started process (PID=20123) to work on /mnt/c/Users/Admin/Desktop/ud_data/Dataslush_umang/airflow/airflow_venv/lib/python3.12/site-packages/airflow/example_dags/example_workday_timetable.py
[2025-01-28T11:07:32.972+0000] {processor.py:914} INFO - Processing file /mnt/c/Users/Admin/Desktop/ud_data/Dataslush_umang/airflow/airflow_venv/lib/python3.12/site-packages/airflow/example_dags/example_workday_timetable.py for tasks to queue
[2025-01-28T11:07:32.980+0000] {logging_mixin.py:190} INFO - [2025-01-28T11:07:32.977+0000] {dagbag.py:588} INFO - Filling up the DagBag from /mnt/c/Users/Admin/Desktop/ud_data/Dataslush_umang/airflow/airflow_venv/lib/python3.12/site-packages/airflow/example_dags/example_workday_timetable.py
[2025-01-28T11:07:33.069+0000] {processor.py:925} INFO - DAG(s) 'example_workday_timetable' retrieved from /mnt/c/Users/Admin/Desktop/ud_data/Dataslush_umang/airflow/airflow_venv/lib/python3.12/site-packages/airflow/example_dags/example_workday_timetable.py
[2025-01-28T11:07:33.097+0000] {logging_mixin.py:190} INFO - [2025-01-28T11:07:33.096+0000] {dag.py:3239} INFO - Sync 1 DAGs
[2025-01-28T11:07:33.133+0000] {logging_mixin.py:190} INFO - [2025-01-28T11:07:33.132+0000] {dag.py:4180} INFO - Setting next_dagrun for example_workday_timetable to 2021-01-01 00:00:00+00:00, run_after=2021-01-02 00:00:00+00:00
[2025-01-28T11:07:33.174+0000] {processor.py:208} INFO - Processing /mnt/c/Users/Admin/Desktop/ud_data/Dataslush_umang/airflow/airflow_venv/lib/python3.12/site-packages/airflow/example_dags/example_workday_timetable.py took 0.248 seconds
[2025-01-28T11:09:04.935+0000] {processor.py:186} INFO - Started process (PID=20273) to work on /mnt/c/Users/Admin/Desktop/ud_data/Dataslush_umang/airflow/airflow_venv/lib/python3.12/site-packages/airflow/example_dags/example_workday_timetable.py
[2025-01-28T11:09:05.176+0000] {processor.py:914} INFO - Processing file /mnt/c/Users/Admin/Desktop/ud_data/Dataslush_umang/airflow/airflow_venv/lib/python3.12/site-packages/airflow/example_dags/example_workday_timetable.py for tasks to queue
[2025-01-28T11:09:05.182+0000] {logging_mixin.py:190} INFO - [2025-01-28T11:09:05.180+0000] {dagbag.py:588} INFO - Filling up the DagBag from /mnt/c/Users/Admin/Desktop/ud_data/Dataslush_umang/airflow/airflow_venv/lib/python3.12/site-packages/airflow/example_dags/example_workday_timetable.py
[2025-01-28T11:09:05.310+0000] {processor.py:925} INFO - DAG(s) 'example_workday_timetable' retrieved from /mnt/c/Users/Admin/Desktop/ud_data/Dataslush_umang/airflow/airflow_venv/lib/python3.12/site-packages/airflow/example_dags/example_workday_timetable.py
[2025-01-28T11:09:05.341+0000] {logging_mixin.py:190} INFO - [2025-01-28T11:09:05.340+0000] {dag.py:3239} INFO - Sync 1 DAGs
[2025-01-28T11:09:05.386+0000] {logging_mixin.py:190} INFO - [2025-01-28T11:09:05.384+0000] {dag.py:4180} INFO - Setting next_dagrun for example_workday_timetable to 2021-01-01 00:00:00+00:00, run_after=2021-01-02 00:00:00+00:00
[2025-01-28T11:09:05.431+0000] {processor.py:208} INFO - Processing /mnt/c/Users/Admin/Desktop/ud_data/Dataslush_umang/airflow/airflow_venv/lib/python3.12/site-packages/airflow/example_dags/example_workday_timetable.py took 0.525 seconds
[2025-01-28T11:09:56.866+0000] {processor.py:186} INFO - Started process (PID=20410) to work on /mnt/c/Users/Admin/Desktop/ud_data/Dataslush_umang/airflow/airflow_venv/lib/python3.12/site-packages/airflow/example_dags/example_workday_timetable.py
[2025-01-28T11:09:56.915+0000] {processor.py:914} INFO - Processing file /mnt/c/Users/Admin/Desktop/ud_data/Dataslush_umang/airflow/airflow_venv/lib/python3.12/site-packages/airflow/example_dags/example_workday_timetable.py for tasks to queue
[2025-01-28T11:09:56.920+0000] {logging_mixin.py:190} INFO - [2025-01-28T11:09:56.919+0000] {dagbag.py:588} INFO - Filling up the DagBag from /mnt/c/Users/Admin/Desktop/ud_data/Dataslush_umang/airflow/airflow_venv/lib/python3.12/site-packages/airflow/example_dags/example_workday_timetable.py
[2025-01-28T11:09:57.041+0000] {processor.py:925} INFO - DAG(s) 'example_workday_timetable' retrieved from /mnt/c/Users/Admin/Desktop/ud_data/Dataslush_umang/airflow/airflow_venv/lib/python3.12/site-packages/airflow/example_dags/example_workday_timetable.py
[2025-01-28T11:09:57.066+0000] {logging_mixin.py:190} INFO - [2025-01-28T11:09:57.064+0000] {dag.py:3239} INFO - Sync 1 DAGs
[2025-01-28T11:09:57.103+0000] {logging_mixin.py:190} INFO - [2025-01-28T11:09:57.102+0000] {dag.py:4180} INFO - Setting next_dagrun for example_workday_timetable to 2021-01-01 00:00:00+00:00, run_after=2021-01-02 00:00:00+00:00
[2025-01-28T11:09:57.148+0000] {processor.py:208} INFO - Processing /mnt/c/Users/Admin/Desktop/ud_data/Dataslush_umang/airflow/airflow_venv/lib/python3.12/site-packages/airflow/example_dags/example_workday_timetable.py took 0.308 seconds
[2025-01-28T11:11:28.754+0000] {processor.py:186} INFO - Started process (PID=20529) to work on /mnt/c/Users/Admin/Desktop/ud_data/Dataslush_umang/airflow/airflow_venv/lib/python3.12/site-packages/airflow/example_dags/example_workday_timetable.py
[2025-01-28T11:11:28.757+0000] {processor.py:914} INFO - Processing file /mnt/c/Users/Admin/Desktop/ud_data/Dataslush_umang/airflow/airflow_venv/lib/python3.12/site-packages/airflow/example_dags/example_workday_timetable.py for tasks to queue
[2025-01-28T11:11:28.763+0000] {logging_mixin.py:190} INFO - [2025-01-28T11:11:28.761+0000] {dagbag.py:588} INFO - Filling up the DagBag from /mnt/c/Users/Admin/Desktop/ud_data/Dataslush_umang/airflow/airflow_venv/lib/python3.12/site-packages/airflow/example_dags/example_workday_timetable.py
[2025-01-28T11:11:28.881+0000] {processor.py:925} INFO - DAG(s) 'example_workday_timetable' retrieved from /mnt/c/Users/Admin/Desktop/ud_data/Dataslush_umang/airflow/airflow_venv/lib/python3.12/site-packages/airflow/example_dags/example_workday_timetable.py
[2025-01-28T11:11:28.911+0000] {logging_mixin.py:190} INFO - [2025-01-28T11:11:28.909+0000] {dag.py:3239} INFO - Sync 1 DAGs
[2025-01-28T11:11:28.950+0000] {logging_mixin.py:190} INFO - [2025-01-28T11:11:28.948+0000] {dag.py:4180} INFO - Setting next_dagrun for example_workday_timetable to 2021-01-01 00:00:00+00:00, run_after=2021-01-02 00:00:00+00:00
[2025-01-28T11:11:28.999+0000] {processor.py:208} INFO - Processing /mnt/c/Users/Admin/Desktop/ud_data/Dataslush_umang/airflow/airflow_venv/lib/python3.12/site-packages/airflow/example_dags/example_workday_timetable.py took 0.271 seconds
[2025-01-28T11:13:06.045+0000] {processor.py:186} INFO - Started process (PID=20645) to work on /mnt/c/Users/Admin/Desktop/ud_data/Dataslush_umang/airflow/airflow_venv/lib/python3.12/site-packages/airflow/example_dags/example_workday_timetable.py
[2025-01-28T11:13:06.048+0000] {processor.py:914} INFO - Processing file /mnt/c/Users/Admin/Desktop/ud_data/Dataslush_umang/airflow/airflow_venv/lib/python3.12/site-packages/airflow/example_dags/example_workday_timetable.py for tasks to queue
[2025-01-28T11:13:06.054+0000] {logging_mixin.py:190} INFO - [2025-01-28T11:13:06.052+0000] {dagbag.py:588} INFO - Filling up the DagBag from /mnt/c/Users/Admin/Desktop/ud_data/Dataslush_umang/airflow/airflow_venv/lib/python3.12/site-packages/airflow/example_dags/example_workday_timetable.py
[2025-01-28T11:13:06.147+0000] {processor.py:925} INFO - DAG(s) 'example_workday_timetable' retrieved from /mnt/c/Users/Admin/Desktop/ud_data/Dataslush_umang/airflow/airflow_venv/lib/python3.12/site-packages/airflow/example_dags/example_workday_timetable.py
[2025-01-28T11:13:06.174+0000] {logging_mixin.py:190} INFO - [2025-01-28T11:13:06.173+0000] {dag.py:3239} INFO - Sync 1 DAGs
[2025-01-28T11:13:06.206+0000] {logging_mixin.py:190} INFO - [2025-01-28T11:13:06.205+0000] {dag.py:4180} INFO - Setting next_dagrun for example_workday_timetable to 2021-01-01 00:00:00+00:00, run_after=2021-01-02 00:00:00+00:00
[2025-01-28T11:13:06.247+0000] {processor.py:208} INFO - Processing /mnt/c/Users/Admin/Desktop/ud_data/Dataslush_umang/airflow/airflow_venv/lib/python3.12/site-packages/airflow/example_dags/example_workday_timetable.py took 0.224 seconds
[2025-01-28T11:13:54.891+0000] {processor.py:186} INFO - Started process (PID=20701) to work on /mnt/c/Users/Admin/Desktop/ud_data/Dataslush_umang/airflow/airflow_venv/lib/python3.12/site-packages/airflow/example_dags/example_workday_timetable.py
[2025-01-28T11:13:55.245+0000] {processor.py:914} INFO - Processing file /mnt/c/Users/Admin/Desktop/ud_data/Dataslush_umang/airflow/airflow_venv/lib/python3.12/site-packages/airflow/example_dags/example_workday_timetable.py for tasks to queue
[2025-01-28T11:13:55.250+0000] {logging_mixin.py:190} INFO - [2025-01-28T11:13:55.248+0000] {dagbag.py:588} INFO - Filling up the DagBag from /mnt/c/Users/Admin/Desktop/ud_data/Dataslush_umang/airflow/airflow_venv/lib/python3.12/site-packages/airflow/example_dags/example_workday_timetable.py
[2025-01-28T11:13:55.363+0000] {processor.py:925} INFO - DAG(s) 'example_workday_timetable' retrieved from /mnt/c/Users/Admin/Desktop/ud_data/Dataslush_umang/airflow/airflow_venv/lib/python3.12/site-packages/airflow/example_dags/example_workday_timetable.py
[2025-01-28T11:13:55.395+0000] {logging_mixin.py:190} INFO - [2025-01-28T11:13:55.394+0000] {dag.py:3239} INFO - Sync 1 DAGs
[2025-01-28T11:13:55.438+0000] {logging_mixin.py:190} INFO - [2025-01-28T11:13:55.437+0000] {dag.py:4180} INFO - Setting next_dagrun for example_workday_timetable to 2021-01-01 00:00:00+00:00, run_after=2021-01-02 00:00:00+00:00
[2025-01-28T11:13:56.076+0000] {processor.py:208} INFO - Processing /mnt/c/Users/Admin/Desktop/ud_data/Dataslush_umang/airflow/airflow_venv/lib/python3.12/site-packages/airflow/example_dags/example_workday_timetable.py took 1.212 seconds
