[2025-01-28T10:12:56.812+0000] {processor.py:186} INFO - Started process (PID=14787) to work on /mnt/c/Users/Admin/Desktop/ud_data/Dataslush_umang/airflow/airflow_venv/lib/python3.12/site-packages/airflow/example_dags/example_outlet_event_extra.py
[2025-01-28T10:12:56.815+0000] {processor.py:914} INFO - Processing file /mnt/c/Users/Admin/Desktop/ud_data/Dataslush_umang/airflow/airflow_venv/lib/python3.12/site-packages/airflow/example_dags/example_outlet_event_extra.py for tasks to queue
[2025-01-28T10:12:56.822+0000] {logging_mixin.py:190} INFO - [2025-01-28T10:12:56.819+0000] {dagbag.py:588} INFO - Filling up the DagBag from /mnt/c/Users/Admin/Desktop/ud_data/Dataslush_umang/airflow/airflow_venv/lib/python3.12/site-packages/airflow/example_dags/example_outlet_event_extra.py
[2025-01-28T10:12:57.082+0000] {processor.py:925} INFO - DAG(s) 'dataset_with_extra_from_classic_operator', 'dataset_with_extra_by_context', 'dataset_with_extra_by_yield' retrieved from /mnt/c/Users/Admin/Desktop/ud_data/Dataslush_umang/airflow/airflow_venv/lib/python3.12/site-packages/airflow/example_dags/example_outlet_event_extra.py
[2025-01-28T10:12:58.826+0000] {logging_mixin.py:190} INFO - [2025-01-28T10:12:58.822+0000] {override.py:1912} INFO - Created Permission View: can edit on DAG:dataset_with_extra_from_classic_operator
[2025-01-28T10:12:58.868+0000] {logging_mixin.py:190} INFO - [2025-01-28T10:12:58.866+0000] {override.py:1912} INFO - Created Permission View: can read on DAG:dataset_with_extra_from_classic_operator
[2025-01-28T10:12:58.890+0000] {logging_mixin.py:190} INFO - [2025-01-28T10:12:58.889+0000] {override.py:1912} INFO - Created Permission View: can delete on DAG:dataset_with_extra_from_classic_operator
[2025-01-28T10:12:58.937+0000] {logging_mixin.py:190} INFO - [2025-01-28T10:12:58.935+0000] {override.py:1912} INFO - Created Permission View: can create on DAG Run:dataset_with_extra_from_classic_operator
[2025-01-28T10:12:58.963+0000] {logging_mixin.py:190} INFO - [2025-01-28T10:12:58.961+0000] {override.py:1912} INFO - Created Permission View: menu access on DAG Run:dataset_with_extra_from_classic_operator
[2025-01-28T10:12:58.998+0000] {logging_mixin.py:190} INFO - [2025-01-28T10:12:58.997+0000] {override.py:1912} INFO - Created Permission View: can read on DAG Run:dataset_with_extra_from_classic_operator
[2025-01-28T10:12:59.023+0000] {logging_mixin.py:190} INFO - [2025-01-28T10:12:59.021+0000] {override.py:1912} INFO - Created Permission View: can delete on DAG Run:dataset_with_extra_from_classic_operator
[2025-01-28T10:12:59.087+0000] {logging_mixin.py:190} INFO - [2025-01-28T10:12:59.085+0000] {override.py:1912} INFO - Created Permission View: can edit on DAG:dataset_with_extra_by_context
[2025-01-28T10:12:59.112+0000] {logging_mixin.py:190} INFO - [2025-01-28T10:12:59.110+0000] {override.py:1912} INFO - Created Permission View: can read on DAG:dataset_with_extra_by_context
[2025-01-28T10:12:59.304+0000] {logging_mixin.py:190} INFO - [2025-01-28T10:12:59.302+0000] {override.py:1912} INFO - Created Permission View: can delete on DAG:dataset_with_extra_by_context
[2025-01-28T10:12:59.350+0000] {logging_mixin.py:190} INFO - [2025-01-28T10:12:59.348+0000] {override.py:1912} INFO - Created Permission View: can create on DAG Run:dataset_with_extra_by_context
[2025-01-28T10:12:59.375+0000] {logging_mixin.py:190} INFO - [2025-01-28T10:12:59.373+0000] {override.py:1912} INFO - Created Permission View: menu access on DAG Run:dataset_with_extra_by_context
[2025-01-28T10:12:59.403+0000] {logging_mixin.py:190} INFO - [2025-01-28T10:12:59.401+0000] {override.py:1912} INFO - Created Permission View: can read on DAG Run:dataset_with_extra_by_context
[2025-01-28T10:12:59.429+0000] {logging_mixin.py:190} INFO - [2025-01-28T10:12:59.426+0000] {override.py:1912} INFO - Created Permission View: can delete on DAG Run:dataset_with_extra_by_context
[2025-01-28T10:12:59.484+0000] {logging_mixin.py:190} INFO - [2025-01-28T10:12:59.482+0000] {override.py:1912} INFO - Created Permission View: can edit on DAG:dataset_with_extra_by_yield
[2025-01-28T10:12:59.510+0000] {logging_mixin.py:190} INFO - [2025-01-28T10:12:59.507+0000] {override.py:1912} INFO - Created Permission View: can read on DAG:dataset_with_extra_by_yield
[2025-01-28T10:12:59.535+0000] {logging_mixin.py:190} INFO - [2025-01-28T10:12:59.533+0000] {override.py:1912} INFO - Created Permission View: can delete on DAG:dataset_with_extra_by_yield
[2025-01-28T10:12:59.586+0000] {logging_mixin.py:190} INFO - [2025-01-28T10:12:59.584+0000] {override.py:1912} INFO - Created Permission View: can create on DAG Run:dataset_with_extra_by_yield
[2025-01-28T10:12:59.612+0000] {logging_mixin.py:190} INFO - [2025-01-28T10:12:59.610+0000] {override.py:1912} INFO - Created Permission View: menu access on DAG Run:dataset_with_extra_by_yield
[2025-01-28T10:12:59.642+0000] {logging_mixin.py:190} INFO - [2025-01-28T10:12:59.640+0000] {override.py:1912} INFO - Created Permission View: can read on DAG Run:dataset_with_extra_by_yield
[2025-01-28T10:12:59.669+0000] {logging_mixin.py:190} INFO - [2025-01-28T10:12:59.667+0000] {override.py:1912} INFO - Created Permission View: can delete on DAG Run:dataset_with_extra_by_yield
[2025-01-28T10:12:59.673+0000] {logging_mixin.py:190} INFO - [2025-01-28T10:12:59.671+0000] {dag.py:3239} INFO - Sync 3 DAGs
[2025-01-28T10:12:59.690+0000] {logging_mixin.py:190} INFO - [2025-01-28T10:12:59.688+0000] {dag.py:3262} INFO - Creating ORM DAG for dataset_with_extra_from_classic_operator
[2025-01-28T10:12:59.694+0000] {logging_mixin.py:190} INFO - [2025-01-28T10:12:59.692+0000] {dag.py:3262} INFO - Creating ORM DAG for dataset_with_extra_by_yield
[2025-01-28T10:12:59.699+0000] {logging_mixin.py:190} INFO - [2025-01-28T10:12:59.697+0000] {dag.py:3262} INFO - Creating ORM DAG for dataset_with_extra_by_context
[2025-01-28T10:12:59.714+0000] {logging_mixin.py:190} INFO - [2025-01-28T10:12:59.711+0000] {dag.py:4180} INFO - Setting next_dagrun for dataset_with_extra_by_context to 2025-01-27 00:00:00+00:00, run_after=2025-01-28 00:00:00+00:00
[2025-01-28T10:12:59.720+0000] {logging_mixin.py:190} INFO - [2025-01-28T10:12:59.718+0000] {dag.py:4180} INFO - Setting next_dagrun for dataset_with_extra_by_yield to 2025-01-27 00:00:00+00:00, run_after=2025-01-28 00:00:00+00:00
[2025-01-28T10:12:59.724+0000] {logging_mixin.py:190} INFO - [2025-01-28T10:12:59.722+0000] {dag.py:4180} INFO - Setting next_dagrun for dataset_with_extra_from_classic_operator to 2025-01-27 00:00:00+00:00, run_after=2025-01-28 00:00:00+00:00
[2025-01-28T10:12:59.824+0000] {processor.py:208} INFO - Processing /mnt/c/Users/Admin/Desktop/ud_data/Dataslush_umang/airflow/airflow_venv/lib/python3.12/site-packages/airflow/example_dags/example_outlet_event_extra.py took 3.035 seconds
[2025-01-28T10:15:22.607+0000] {processor.py:186} INFO - Started process (PID=14988) to work on /mnt/c/Users/Admin/Desktop/ud_data/Dataslush_umang/airflow/airflow_venv/lib/python3.12/site-packages/airflow/example_dags/example_outlet_event_extra.py
[2025-01-28T10:15:22.610+0000] {processor.py:914} INFO - Processing file /mnt/c/Users/Admin/Desktop/ud_data/Dataslush_umang/airflow/airflow_venv/lib/python3.12/site-packages/airflow/example_dags/example_outlet_event_extra.py for tasks to queue
[2025-01-28T10:15:22.614+0000] {logging_mixin.py:190} INFO - [2025-01-28T10:15:22.613+0000] {dagbag.py:588} INFO - Filling up the DagBag from /mnt/c/Users/Admin/Desktop/ud_data/Dataslush_umang/airflow/airflow_venv/lib/python3.12/site-packages/airflow/example_dags/example_outlet_event_extra.py
[2025-01-28T10:15:22.779+0000] {processor.py:925} INFO - DAG(s) 'dataset_with_extra_from_classic_operator', 'dataset_with_extra_by_yield', 'dataset_with_extra_by_context' retrieved from /mnt/c/Users/Admin/Desktop/ud_data/Dataslush_umang/airflow/airflow_venv/lib/python3.12/site-packages/airflow/example_dags/example_outlet_event_extra.py
[2025-01-28T10:15:22.814+0000] {logging_mixin.py:190} INFO - [2025-01-28T10:15:22.812+0000] {dag.py:3239} INFO - Sync 3 DAGs
[2025-01-28T10:15:22.834+0000] {logging_mixin.py:190} INFO - [2025-01-28T10:15:22.832+0000] {dag.py:4180} INFO - Setting next_dagrun for dataset_with_extra_by_context to 2025-01-27 00:00:00+00:00, run_after=2025-01-28 00:00:00+00:00
[2025-01-28T10:15:22.840+0000] {logging_mixin.py:190} INFO - [2025-01-28T10:15:22.838+0000] {dag.py:4180} INFO - Setting next_dagrun for dataset_with_extra_by_yield to 2025-01-27 00:00:00+00:00, run_after=2025-01-28 00:00:00+00:00
[2025-01-28T10:15:22.843+0000] {logging_mixin.py:190} INFO - [2025-01-28T10:15:22.842+0000] {dag.py:4180} INFO - Setting next_dagrun for dataset_with_extra_from_classic_operator to 2025-01-27 00:00:00+00:00, run_after=2025-01-28 00:00:00+00:00
[2025-01-28T10:15:22.891+0000] {processor.py:208} INFO - Processing /mnt/c/Users/Admin/Desktop/ud_data/Dataslush_umang/airflow/airflow_venv/lib/python3.12/site-packages/airflow/example_dags/example_outlet_event_extra.py took 0.309 seconds
[2025-01-28T10:17:04.119+0000] {processor.py:186} INFO - Started process (PID=15178) to work on /mnt/c/Users/Admin/Desktop/ud_data/Dataslush_umang/airflow/airflow_venv/lib/python3.12/site-packages/airflow/example_dags/example_outlet_event_extra.py
[2025-01-28T10:17:04.454+0000] {processor.py:914} INFO - Processing file /mnt/c/Users/Admin/Desktop/ud_data/Dataslush_umang/airflow/airflow_venv/lib/python3.12/site-packages/airflow/example_dags/example_outlet_event_extra.py for tasks to queue
[2025-01-28T10:17:04.459+0000] {logging_mixin.py:190} INFO - [2025-01-28T10:17:04.457+0000] {dagbag.py:588} INFO - Filling up the DagBag from /mnt/c/Users/Admin/Desktop/ud_data/Dataslush_umang/airflow/airflow_venv/lib/python3.12/site-packages/airflow/example_dags/example_outlet_event_extra.py
[2025-01-28T10:17:04.664+0000] {processor.py:925} INFO - DAG(s) 'dataset_with_extra_by_yield', 'dataset_with_extra_from_classic_operator', 'dataset_with_extra_by_context' retrieved from /mnt/c/Users/Admin/Desktop/ud_data/Dataslush_umang/airflow/airflow_venv/lib/python3.12/site-packages/airflow/example_dags/example_outlet_event_extra.py
[2025-01-28T10:17:04.704+0000] {logging_mixin.py:190} INFO - [2025-01-28T10:17:04.702+0000] {dag.py:3239} INFO - Sync 3 DAGs
[2025-01-28T10:17:04.733+0000] {logging_mixin.py:190} INFO - [2025-01-28T10:17:04.732+0000] {dag.py:4180} INFO - Setting next_dagrun for dataset_with_extra_by_context to 2025-01-27 00:00:00+00:00, run_after=2025-01-28 00:00:00+00:00
[2025-01-28T10:17:04.740+0000] {logging_mixin.py:190} INFO - [2025-01-28T10:17:04.738+0000] {dag.py:4180} INFO - Setting next_dagrun for dataset_with_extra_by_yield to 2025-01-27 00:00:00+00:00, run_after=2025-01-28 00:00:00+00:00
[2025-01-28T10:17:04.743+0000] {logging_mixin.py:190} INFO - [2025-01-28T10:17:04.742+0000] {dag.py:4180} INFO - Setting next_dagrun for dataset_with_extra_from_classic_operator to 2025-01-27 00:00:00+00:00, run_after=2025-01-28 00:00:00+00:00
[2025-01-28T10:17:05.158+0000] {processor.py:208} INFO - Processing /mnt/c/Users/Admin/Desktop/ud_data/Dataslush_umang/airflow/airflow_venv/lib/python3.12/site-packages/airflow/example_dags/example_outlet_event_extra.py took 1.062 seconds
[2025-01-28T10:19:25.180+0000] {processor.py:186} INFO - Started process (PID=15407) to work on /mnt/c/Users/Admin/Desktop/ud_data/Dataslush_umang/airflow/airflow_venv/lib/python3.12/site-packages/airflow/example_dags/example_outlet_event_extra.py
[2025-01-28T10:19:25.190+0000] {processor.py:914} INFO - Processing file /mnt/c/Users/Admin/Desktop/ud_data/Dataslush_umang/airflow/airflow_venv/lib/python3.12/site-packages/airflow/example_dags/example_outlet_event_extra.py for tasks to queue
[2025-01-28T10:19:25.207+0000] {logging_mixin.py:190} INFO - [2025-01-28T10:19:25.201+0000] {dagbag.py:588} INFO - Filling up the DagBag from /mnt/c/Users/Admin/Desktop/ud_data/Dataslush_umang/airflow/airflow_venv/lib/python3.12/site-packages/airflow/example_dags/example_outlet_event_extra.py
[2025-01-28T10:19:25.628+0000] {processor.py:925} INFO - DAG(s) 'dataset_with_extra_from_classic_operator', 'dataset_with_extra_by_yield', 'dataset_with_extra_by_context' retrieved from /mnt/c/Users/Admin/Desktop/ud_data/Dataslush_umang/airflow/airflow_venv/lib/python3.12/site-packages/airflow/example_dags/example_outlet_event_extra.py
[2025-01-28T10:19:25.676+0000] {logging_mixin.py:190} INFO - [2025-01-28T10:19:25.674+0000] {dag.py:3239} INFO - Sync 3 DAGs
[2025-01-28T10:19:25.702+0000] {logging_mixin.py:190} INFO - [2025-01-28T10:19:25.700+0000] {dag.py:4180} INFO - Setting next_dagrun for dataset_with_extra_by_context to 2025-01-27 00:00:00+00:00, run_after=2025-01-28 00:00:00+00:00
[2025-01-28T10:19:25.711+0000] {logging_mixin.py:190} INFO - [2025-01-28T10:19:25.709+0000] {dag.py:4180} INFO - Setting next_dagrun for dataset_with_extra_by_yield to 2025-01-27 00:00:00+00:00, run_after=2025-01-28 00:00:00+00:00
[2025-01-28T10:19:25.717+0000] {logging_mixin.py:190} INFO - [2025-01-28T10:19:25.715+0000] {dag.py:4180} INFO - Setting next_dagrun for dataset_with_extra_from_classic_operator to 2025-01-27 00:00:00+00:00, run_after=2025-01-28 00:00:00+00:00
[2025-01-28T10:19:25.764+0000] {processor.py:208} INFO - Processing /mnt/c/Users/Admin/Desktop/ud_data/Dataslush_umang/airflow/airflow_venv/lib/python3.12/site-packages/airflow/example_dags/example_outlet_event_extra.py took 0.660 seconds
[2025-01-28T10:21:08.482+0000] {processor.py:186} INFO - Started process (PID=15570) to work on /mnt/c/Users/Admin/Desktop/ud_data/Dataslush_umang/airflow/airflow_venv/lib/python3.12/site-packages/airflow/example_dags/example_outlet_event_extra.py
[2025-01-28T10:21:08.487+0000] {processor.py:914} INFO - Processing file /mnt/c/Users/Admin/Desktop/ud_data/Dataslush_umang/airflow/airflow_venv/lib/python3.12/site-packages/airflow/example_dags/example_outlet_event_extra.py for tasks to queue
[2025-01-28T10:21:08.497+0000] {logging_mixin.py:190} INFO - [2025-01-28T10:21:08.494+0000] {dagbag.py:588} INFO - Filling up the DagBag from /mnt/c/Users/Admin/Desktop/ud_data/Dataslush_umang/airflow/airflow_venv/lib/python3.12/site-packages/airflow/example_dags/example_outlet_event_extra.py
[2025-01-28T10:21:39.317+0000] {processor.py:925} INFO - DAG(s) 'dataset_with_extra_by_yield', 'dataset_with_extra_by_context', 'dataset_with_extra_from_classic_operator' retrieved from /mnt/c/Users/Admin/Desktop/ud_data/Dataslush_umang/airflow/airflow_venv/lib/python3.12/site-packages/airflow/example_dags/example_outlet_event_extra.py
[2025-01-28T10:21:09.279+0000] {logging_mixin.py:190} INFO - [2025-01-28T10:21:09.276+0000] {dag.py:3239} INFO - Sync 3 DAGs
[2025-01-28T10:21:09.322+0000] {logging_mixin.py:190} INFO - [2025-01-28T10:21:09.319+0000] {dag.py:4180} INFO - Setting next_dagrun for dataset_with_extra_by_context to 2025-01-27 00:00:00+00:00, run_after=2025-01-28 00:00:00+00:00
[2025-01-28T10:21:09.331+0000] {logging_mixin.py:190} INFO - [2025-01-28T10:21:09.328+0000] {dag.py:4180} INFO - Setting next_dagrun for dataset_with_extra_by_yield to 2025-01-27 00:00:00+00:00, run_after=2025-01-28 00:00:00+00:00
[2025-01-28T10:21:09.338+0000] {logging_mixin.py:190} INFO - [2025-01-28T10:21:09.336+0000] {dag.py:4180} INFO - Setting next_dagrun for dataset_with_extra_from_classic_operator to 2025-01-27 00:00:00+00:00, run_after=2025-01-28 00:00:00+00:00
[2025-01-28T10:21:10.393+0000] {processor.py:208} INFO - Processing /mnt/c/Users/Admin/Desktop/ud_data/Dataslush_umang/airflow/airflow_venv/lib/python3.12/site-packages/airflow/example_dags/example_outlet_event_extra.py took 2.037 seconds
[2025-01-28T10:22:30.174+0000] {processor.py:186} INFO - Started process (PID=15680) to work on /mnt/c/Users/Admin/Desktop/ud_data/Dataslush_umang/airflow/airflow_venv/lib/python3.12/site-packages/airflow/example_dags/example_outlet_event_extra.py
[2025-01-28T10:22:30.286+0000] {processor.py:914} INFO - Processing file /mnt/c/Users/Admin/Desktop/ud_data/Dataslush_umang/airflow/airflow_venv/lib/python3.12/site-packages/airflow/example_dags/example_outlet_event_extra.py for tasks to queue
[2025-01-28T10:22:30.293+0000] {logging_mixin.py:190} INFO - [2025-01-28T10:22:30.290+0000] {dagbag.py:588} INFO - Filling up the DagBag from /mnt/c/Users/Admin/Desktop/ud_data/Dataslush_umang/airflow/airflow_venv/lib/python3.12/site-packages/airflow/example_dags/example_outlet_event_extra.py
[2025-01-28T10:22:30.552+0000] {processor.py:925} INFO - DAG(s) 'dataset_with_extra_by_context', 'dataset_with_extra_by_yield', 'dataset_with_extra_from_classic_operator' retrieved from /mnt/c/Users/Admin/Desktop/ud_data/Dataslush_umang/airflow/airflow_venv/lib/python3.12/site-packages/airflow/example_dags/example_outlet_event_extra.py
[2025-01-28T10:22:30.597+0000] {logging_mixin.py:190} INFO - [2025-01-28T10:22:30.595+0000] {dag.py:3239} INFO - Sync 3 DAGs
[2025-01-28T10:22:30.626+0000] {logging_mixin.py:190} INFO - [2025-01-28T10:22:30.624+0000] {dag.py:4180} INFO - Setting next_dagrun for dataset_with_extra_by_context to 2025-01-27 00:00:00+00:00, run_after=2025-01-28 00:00:00+00:00
[2025-01-28T10:22:30.633+0000] {logging_mixin.py:190} INFO - [2025-01-28T10:22:30.632+0000] {dag.py:4180} INFO - Setting next_dagrun for dataset_with_extra_by_yield to 2025-01-27 00:00:00+00:00, run_after=2025-01-28 00:00:00+00:00
[2025-01-28T10:22:30.639+0000] {logging_mixin.py:190} INFO - [2025-01-28T10:22:30.637+0000] {dag.py:4180} INFO - Setting next_dagrun for dataset_with_extra_from_classic_operator to 2025-01-27 00:00:00+00:00, run_after=2025-01-28 00:00:00+00:00
[2025-01-28T10:22:30.943+0000] {processor.py:208} INFO - Processing /mnt/c/Users/Admin/Desktop/ud_data/Dataslush_umang/airflow/airflow_venv/lib/python3.12/site-packages/airflow/example_dags/example_outlet_event_extra.py took 0.793 seconds
[2025-01-28T10:24:14.922+0000] {processor.py:186} INFO - Started process (PID=15847) to work on /mnt/c/Users/Admin/Desktop/ud_data/Dataslush_umang/airflow/airflow_venv/lib/python3.12/site-packages/airflow/example_dags/example_outlet_event_extra.py
[2025-01-28T10:24:15.025+0000] {processor.py:914} INFO - Processing file /mnt/c/Users/Admin/Desktop/ud_data/Dataslush_umang/airflow/airflow_venv/lib/python3.12/site-packages/airflow/example_dags/example_outlet_event_extra.py for tasks to queue
[2025-01-28T10:24:15.041+0000] {logging_mixin.py:190} INFO - [2025-01-28T10:24:15.036+0000] {dagbag.py:588} INFO - Filling up the DagBag from /mnt/c/Users/Admin/Desktop/ud_data/Dataslush_umang/airflow/airflow_venv/lib/python3.12/site-packages/airflow/example_dags/example_outlet_event_extra.py
[2025-01-28T10:24:15.305+0000] {processor.py:925} INFO - DAG(s) 'dataset_with_extra_by_context', 'dataset_with_extra_by_yield', 'dataset_with_extra_from_classic_operator' retrieved from /mnt/c/Users/Admin/Desktop/ud_data/Dataslush_umang/airflow/airflow_venv/lib/python3.12/site-packages/airflow/example_dags/example_outlet_event_extra.py
[2025-01-28T10:24:15.372+0000] {logging_mixin.py:190} INFO - [2025-01-28T10:24:15.368+0000] {dag.py:3239} INFO - Sync 3 DAGs
[2025-01-28T10:24:15.476+0000] {logging_mixin.py:190} INFO - [2025-01-28T10:24:15.472+0000] {dag.py:4180} INFO - Setting next_dagrun for dataset_with_extra_by_context to 2025-01-27 00:00:00+00:00, run_after=2025-01-28 00:00:00+00:00
[2025-01-28T10:24:15.501+0000] {logging_mixin.py:190} INFO - [2025-01-28T10:24:15.497+0000] {dag.py:4180} INFO - Setting next_dagrun for dataset_with_extra_by_yield to 2025-01-27 00:00:00+00:00, run_after=2025-01-28 00:00:00+00:00
[2025-01-28T10:24:15.516+0000] {logging_mixin.py:190} INFO - [2025-01-28T10:24:15.513+0000] {dag.py:4180} INFO - Setting next_dagrun for dataset_with_extra_from_classic_operator to 2025-01-27 00:00:00+00:00, run_after=2025-01-28 00:00:00+00:00
[2025-01-28T10:24:15.955+0000] {processor.py:208} INFO - Processing /mnt/c/Users/Admin/Desktop/ud_data/Dataslush_umang/airflow/airflow_venv/lib/python3.12/site-packages/airflow/example_dags/example_outlet_event_extra.py took 1.072 seconds
[2025-01-28T10:25:53.923+0000] {processor.py:186} INFO - Started process (PID=16086) to work on /mnt/c/Users/Admin/Desktop/ud_data/Dataslush_umang/airflow/airflow_venv/lib/python3.12/site-packages/airflow/example_dags/example_outlet_event_extra.py
[2025-01-28T10:25:54.231+0000] {processor.py:914} INFO - Processing file /mnt/c/Users/Admin/Desktop/ud_data/Dataslush_umang/airflow/airflow_venv/lib/python3.12/site-packages/airflow/example_dags/example_outlet_event_extra.py for tasks to queue
[2025-01-28T10:25:54.247+0000] {logging_mixin.py:190} INFO - [2025-01-28T10:25:54.243+0000] {dagbag.py:588} INFO - Filling up the DagBag from /mnt/c/Users/Admin/Desktop/ud_data/Dataslush_umang/airflow/airflow_venv/lib/python3.12/site-packages/airflow/example_dags/example_outlet_event_extra.py
[2025-01-28T10:25:54.746+0000] {processor.py:925} INFO - DAG(s) 'dataset_with_extra_by_yield', 'dataset_with_extra_by_context', 'dataset_with_extra_from_classic_operator' retrieved from /mnt/c/Users/Admin/Desktop/ud_data/Dataslush_umang/airflow/airflow_venv/lib/python3.12/site-packages/airflow/example_dags/example_outlet_event_extra.py
[2025-01-28T10:25:55.043+0000] {logging_mixin.py:190} INFO - [2025-01-28T10:25:55.040+0000] {dag.py:3239} INFO - Sync 3 DAGs
[2025-01-28T10:25:55.096+0000] {logging_mixin.py:190} INFO - [2025-01-28T10:25:55.093+0000] {dag.py:4180} INFO - Setting next_dagrun for dataset_with_extra_by_context to 2025-01-27 00:00:00+00:00, run_after=2025-01-28 00:00:00+00:00
[2025-01-28T10:25:55.106+0000] {logging_mixin.py:190} INFO - [2025-01-28T10:25:55.104+0000] {dag.py:4180} INFO - Setting next_dagrun for dataset_with_extra_by_yield to 2025-01-27 00:00:00+00:00, run_after=2025-01-28 00:00:00+00:00
[2025-01-28T10:25:55.113+0000] {logging_mixin.py:190} INFO - [2025-01-28T10:25:55.111+0000] {dag.py:4180} INFO - Setting next_dagrun for dataset_with_extra_from_classic_operator to 2025-01-27 00:00:00+00:00, run_after=2025-01-28 00:00:00+00:00
[2025-01-28T10:25:55.995+0000] {processor.py:208} INFO - Processing /mnt/c/Users/Admin/Desktop/ud_data/Dataslush_umang/airflow/airflow_venv/lib/python3.12/site-packages/airflow/example_dags/example_outlet_event_extra.py took 2.161 seconds
[2025-01-28T10:28:38.916+0000] {processor.py:186} INFO - Started process (PID=16320) to work on /mnt/c/Users/Admin/Desktop/ud_data/Dataslush_umang/airflow/airflow_venv/lib/python3.12/site-packages/airflow/example_dags/example_outlet_event_extra.py
[2025-01-28T10:28:38.993+0000] {processor.py:914} INFO - Processing file /mnt/c/Users/Admin/Desktop/ud_data/Dataslush_umang/airflow/airflow_venv/lib/python3.12/site-packages/airflow/example_dags/example_outlet_event_extra.py for tasks to queue
[2025-01-28T10:28:39.009+0000] {logging_mixin.py:190} INFO - [2025-01-28T10:28:39.004+0000] {dagbag.py:588} INFO - Filling up the DagBag from /mnt/c/Users/Admin/Desktop/ud_data/Dataslush_umang/airflow/airflow_venv/lib/python3.12/site-packages/airflow/example_dags/example_outlet_event_extra.py
[2025-01-28T10:28:39.487+0000] {processor.py:925} INFO - DAG(s) 'dataset_with_extra_from_classic_operator', 'dataset_with_extra_by_yield', 'dataset_with_extra_by_context' retrieved from /mnt/c/Users/Admin/Desktop/ud_data/Dataslush_umang/airflow/airflow_venv/lib/python3.12/site-packages/airflow/example_dags/example_outlet_event_extra.py
[2025-01-28T10:29:09.645+0000] {logging_mixin.py:190} INFO - [2025-01-28T10:29:09.642+0000] {dag.py:3239} INFO - Sync 3 DAGs
[2025-01-28T10:29:09.672+0000] {logging_mixin.py:190} INFO - [2025-01-28T10:29:09.670+0000] {dag.py:4180} INFO - Setting next_dagrun for dataset_with_extra_by_context to 2025-01-27 00:00:00+00:00, run_after=2025-01-28 00:00:00+00:00
[2025-01-28T10:29:09.681+0000] {logging_mixin.py:190} INFO - [2025-01-28T10:29:09.679+0000] {dag.py:4180} INFO - Setting next_dagrun for dataset_with_extra_by_yield to 2025-01-27 00:00:00+00:00, run_after=2025-01-28 00:00:00+00:00
[2025-01-28T10:29:09.687+0000] {logging_mixin.py:190} INFO - [2025-01-28T10:29:09.685+0000] {dag.py:4180} INFO - Setting next_dagrun for dataset_with_extra_from_classic_operator to 2025-01-27 00:00:00+00:00, run_after=2025-01-28 00:00:00+00:00
[2025-01-28T10:29:09.859+0000] {processor.py:208} INFO - Processing /mnt/c/Users/Admin/Desktop/ud_data/Dataslush_umang/airflow/airflow_venv/lib/python3.12/site-packages/airflow/example_dags/example_outlet_event_extra.py took 0.869 seconds
[2025-01-28T10:31:11.690+0000] {processor.py:186} INFO - Started process (PID=16513) to work on /mnt/c/Users/Admin/Desktop/ud_data/Dataslush_umang/airflow/airflow_venv/lib/python3.12/site-packages/airflow/example_dags/example_outlet_event_extra.py
[2025-01-28T10:31:11.697+0000] {processor.py:914} INFO - Processing file /mnt/c/Users/Admin/Desktop/ud_data/Dataslush_umang/airflow/airflow_venv/lib/python3.12/site-packages/airflow/example_dags/example_outlet_event_extra.py for tasks to queue
[2025-01-28T10:31:11.712+0000] {logging_mixin.py:190} INFO - [2025-01-28T10:31:11.707+0000] {dagbag.py:588} INFO - Filling up the DagBag from /mnt/c/Users/Admin/Desktop/ud_data/Dataslush_umang/airflow/airflow_venv/lib/python3.12/site-packages/airflow/example_dags/example_outlet_event_extra.py
[2025-01-28T10:31:12.481+0000] {processor.py:925} INFO - DAG(s) 'dataset_with_extra_from_classic_operator', 'dataset_with_extra_by_context', 'dataset_with_extra_by_yield' retrieved from /mnt/c/Users/Admin/Desktop/ud_data/Dataslush_umang/airflow/airflow_venv/lib/python3.12/site-packages/airflow/example_dags/example_outlet_event_extra.py
[2025-01-28T10:31:12.565+0000] {logging_mixin.py:190} INFO - [2025-01-28T10:31:12.563+0000] {dag.py:3239} INFO - Sync 3 DAGs
[2025-01-28T10:31:12.595+0000] {logging_mixin.py:190} INFO - [2025-01-28T10:31:12.592+0000] {dag.py:4180} INFO - Setting next_dagrun for dataset_with_extra_by_context to 2025-01-27 00:00:00+00:00, run_after=2025-01-28 00:00:00+00:00
[2025-01-28T10:31:12.603+0000] {logging_mixin.py:190} INFO - [2025-01-28T10:31:12.601+0000] {dag.py:4180} INFO - Setting next_dagrun for dataset_with_extra_by_yield to 2025-01-27 00:00:00+00:00, run_after=2025-01-28 00:00:00+00:00
[2025-01-28T10:31:12.610+0000] {logging_mixin.py:190} INFO - [2025-01-28T10:31:12.608+0000] {dag.py:4180} INFO - Setting next_dagrun for dataset_with_extra_from_classic_operator to 2025-01-27 00:00:00+00:00, run_after=2025-01-28 00:00:00+00:00
[2025-01-28T10:31:12.662+0000] {processor.py:208} INFO - Processing /mnt/c/Users/Admin/Desktop/ud_data/Dataslush_umang/airflow/airflow_venv/lib/python3.12/site-packages/airflow/example_dags/example_outlet_event_extra.py took 1.038 seconds
[2025-01-28T10:33:34.341+0000] {processor.py:186} INFO - Started process (PID=16735) to work on /mnt/c/Users/Admin/Desktop/ud_data/Dataslush_umang/airflow/airflow_venv/lib/python3.12/site-packages/airflow/example_dags/example_outlet_event_extra.py
[2025-01-28T10:33:34.566+0000] {processor.py:914} INFO - Processing file /mnt/c/Users/Admin/Desktop/ud_data/Dataslush_umang/airflow/airflow_venv/lib/python3.12/site-packages/airflow/example_dags/example_outlet_event_extra.py for tasks to queue
[2025-01-28T10:33:34.572+0000] {logging_mixin.py:190} INFO - [2025-01-28T10:33:34.570+0000] {dagbag.py:588} INFO - Filling up the DagBag from /mnt/c/Users/Admin/Desktop/ud_data/Dataslush_umang/airflow/airflow_venv/lib/python3.12/site-packages/airflow/example_dags/example_outlet_event_extra.py
[2025-01-28T10:33:34.866+0000] {processor.py:925} INFO - DAG(s) 'dataset_with_extra_by_context', 'dataset_with_extra_by_yield', 'dataset_with_extra_from_classic_operator' retrieved from /mnt/c/Users/Admin/Desktop/ud_data/Dataslush_umang/airflow/airflow_venv/lib/python3.12/site-packages/airflow/example_dags/example_outlet_event_extra.py
[2025-01-28T10:33:34.918+0000] {logging_mixin.py:190} INFO - [2025-01-28T10:33:34.916+0000] {dag.py:3239} INFO - Sync 3 DAGs
[2025-01-28T10:33:34.945+0000] {logging_mixin.py:190} INFO - [2025-01-28T10:33:34.943+0000] {dag.py:4180} INFO - Setting next_dagrun for dataset_with_extra_by_context to 2025-01-27 00:00:00+00:00, run_after=2025-01-28 00:00:00+00:00
[2025-01-28T10:33:34.953+0000] {logging_mixin.py:190} INFO - [2025-01-28T10:33:34.951+0000] {dag.py:4180} INFO - Setting next_dagrun for dataset_with_extra_by_yield to 2025-01-27 00:00:00+00:00, run_after=2025-01-28 00:00:00+00:00
[2025-01-28T10:33:34.959+0000] {logging_mixin.py:190} INFO - [2025-01-28T10:33:34.957+0000] {dag.py:4180} INFO - Setting next_dagrun for dataset_with_extra_from_classic_operator to 2025-01-27 00:00:00+00:00, run_after=2025-01-28 00:00:00+00:00
[2025-01-28T10:33:36.517+0000] {processor.py:208} INFO - Processing /mnt/c/Users/Admin/Desktop/ud_data/Dataslush_umang/airflow/airflow_venv/lib/python3.12/site-packages/airflow/example_dags/example_outlet_event_extra.py took 2.257 seconds
[2025-01-28T10:36:13.512+0000] {processor.py:186} INFO - Started process (PID=16982) to work on /mnt/c/Users/Admin/Desktop/ud_data/Dataslush_umang/airflow/airflow_venv/lib/python3.12/site-packages/airflow/example_dags/example_outlet_event_extra.py
[2025-01-28T10:36:13.521+0000] {processor.py:914} INFO - Processing file /mnt/c/Users/Admin/Desktop/ud_data/Dataslush_umang/airflow/airflow_venv/lib/python3.12/site-packages/airflow/example_dags/example_outlet_event_extra.py for tasks to queue
[2025-01-28T10:36:13.534+0000] {logging_mixin.py:190} INFO - [2025-01-28T10:36:13.530+0000] {dagbag.py:588} INFO - Filling up the DagBag from /mnt/c/Users/Admin/Desktop/ud_data/Dataslush_umang/airflow/airflow_venv/lib/python3.12/site-packages/airflow/example_dags/example_outlet_event_extra.py
[2025-01-28T10:36:13.833+0000] {processor.py:925} INFO - DAG(s) 'dataset_with_extra_from_classic_operator', 'dataset_with_extra_by_yield', 'dataset_with_extra_by_context' retrieved from /mnt/c/Users/Admin/Desktop/ud_data/Dataslush_umang/airflow/airflow_venv/lib/python3.12/site-packages/airflow/example_dags/example_outlet_event_extra.py
[2025-01-28T10:36:13.925+0000] {logging_mixin.py:190} INFO - [2025-01-28T10:36:13.921+0000] {dag.py:3239} INFO - Sync 3 DAGs
[2025-01-28T10:36:13.990+0000] {logging_mixin.py:190} INFO - [2025-01-28T10:36:13.988+0000] {dag.py:4180} INFO - Setting next_dagrun for dataset_with_extra_by_context to 2025-01-27 00:00:00+00:00, run_after=2025-01-28 00:00:00+00:00
[2025-01-28T10:36:14.003+0000] {logging_mixin.py:190} INFO - [2025-01-28T10:36:14.000+0000] {dag.py:4180} INFO - Setting next_dagrun for dataset_with_extra_by_yield to 2025-01-27 00:00:00+00:00, run_after=2025-01-28 00:00:00+00:00
[2025-01-28T10:36:14.011+0000] {logging_mixin.py:190} INFO - [2025-01-28T10:36:14.009+0000] {dag.py:4180} INFO - Setting next_dagrun for dataset_with_extra_from_classic_operator to 2025-01-27 00:00:00+00:00, run_after=2025-01-28 00:00:00+00:00
[2025-01-28T10:36:14.070+0000] {processor.py:208} INFO - Processing /mnt/c/Users/Admin/Desktop/ud_data/Dataslush_umang/airflow/airflow_venv/lib/python3.12/site-packages/airflow/example_dags/example_outlet_event_extra.py took 0.626 seconds
[2025-01-28T10:39:12.182+0000] {processor.py:186} INFO - Started process (PID=17266) to work on /mnt/c/Users/Admin/Desktop/ud_data/Dataslush_umang/airflow/airflow_venv/lib/python3.12/site-packages/airflow/example_dags/example_outlet_event_extra.py
[2025-01-28T10:39:12.419+0000] {processor.py:914} INFO - Processing file /mnt/c/Users/Admin/Desktop/ud_data/Dataslush_umang/airflow/airflow_venv/lib/python3.12/site-packages/airflow/example_dags/example_outlet_event_extra.py for tasks to queue
[2025-01-28T10:39:12.441+0000] {logging_mixin.py:190} INFO - [2025-01-28T10:39:12.435+0000] {dagbag.py:588} INFO - Filling up the DagBag from /mnt/c/Users/Admin/Desktop/ud_data/Dataslush_umang/airflow/airflow_venv/lib/python3.12/site-packages/airflow/example_dags/example_outlet_event_extra.py
[2025-01-28T10:39:13.255+0000] {processor.py:925} INFO - DAG(s) 'dataset_with_extra_by_yield', 'dataset_with_extra_by_context', 'dataset_with_extra_from_classic_operator' retrieved from /mnt/c/Users/Admin/Desktop/ud_data/Dataslush_umang/airflow/airflow_venv/lib/python3.12/site-packages/airflow/example_dags/example_outlet_event_extra.py
[2025-01-28T10:39:13.383+0000] {logging_mixin.py:190} INFO - [2025-01-28T10:39:13.379+0000] {dag.py:3239} INFO - Sync 3 DAGs
[2025-01-28T10:39:13.448+0000] {logging_mixin.py:190} INFO - [2025-01-28T10:39:13.445+0000] {dag.py:4180} INFO - Setting next_dagrun for dataset_with_extra_by_context to 2025-01-27 00:00:00+00:00, run_after=2025-01-28 00:00:00+00:00
[2025-01-28T10:39:13.463+0000] {logging_mixin.py:190} INFO - [2025-01-28T10:39:13.460+0000] {dag.py:4180} INFO - Setting next_dagrun for dataset_with_extra_by_yield to 2025-01-27 00:00:00+00:00, run_after=2025-01-28 00:00:00+00:00
[2025-01-28T10:39:13.473+0000] {logging_mixin.py:190} INFO - [2025-01-28T10:39:13.470+0000] {dag.py:4180} INFO - Setting next_dagrun for dataset_with_extra_from_classic_operator to 2025-01-27 00:00:00+00:00, run_after=2025-01-28 00:00:00+00:00
[2025-01-28T10:39:13.895+0000] {processor.py:208} INFO - Processing /mnt/c/Users/Admin/Desktop/ud_data/Dataslush_umang/airflow/airflow_venv/lib/python3.12/site-packages/airflow/example_dags/example_outlet_event_extra.py took 1.764 seconds
[2025-01-28T10:40:40.425+0000] {processor.py:186} INFO - Started process (PID=17364) to work on /mnt/c/Users/Admin/Desktop/ud_data/Dataslush_umang/airflow/airflow_venv/lib/python3.12/site-packages/airflow/example_dags/example_outlet_event_extra.py
[2025-01-28T10:40:40.428+0000] {processor.py:914} INFO - Processing file /mnt/c/Users/Admin/Desktop/ud_data/Dataslush_umang/airflow/airflow_venv/lib/python3.12/site-packages/airflow/example_dags/example_outlet_event_extra.py for tasks to queue
[2025-01-28T10:40:40.433+0000] {logging_mixin.py:190} INFO - [2025-01-28T10:40:40.431+0000] {dagbag.py:588} INFO - Filling up the DagBag from /mnt/c/Users/Admin/Desktop/ud_data/Dataslush_umang/airflow/airflow_venv/lib/python3.12/site-packages/airflow/example_dags/example_outlet_event_extra.py
[2025-01-28T10:40:40.653+0000] {processor.py:925} INFO - DAG(s) 'dataset_with_extra_from_classic_operator', 'dataset_with_extra_by_yield', 'dataset_with_extra_by_context' retrieved from /mnt/c/Users/Admin/Desktop/ud_data/Dataslush_umang/airflow/airflow_venv/lib/python3.12/site-packages/airflow/example_dags/example_outlet_event_extra.py
[2025-01-28T10:40:40.691+0000] {logging_mixin.py:190} INFO - [2025-01-28T10:40:40.689+0000] {dag.py:3239} INFO - Sync 3 DAGs
[2025-01-28T10:40:40.713+0000] {logging_mixin.py:190} INFO - [2025-01-28T10:40:40.711+0000] {dag.py:4180} INFO - Setting next_dagrun for dataset_with_extra_by_context to 2025-01-27 00:00:00+00:00, run_after=2025-01-28 00:00:00+00:00
[2025-01-28T10:40:40.720+0000] {logging_mixin.py:190} INFO - [2025-01-28T10:40:40.719+0000] {dag.py:4180} INFO - Setting next_dagrun for dataset_with_extra_by_yield to 2025-01-27 00:00:00+00:00, run_after=2025-01-28 00:00:00+00:00
[2025-01-28T10:40:40.724+0000] {logging_mixin.py:190} INFO - [2025-01-28T10:40:40.723+0000] {dag.py:4180} INFO - Setting next_dagrun for dataset_with_extra_from_classic_operator to 2025-01-27 00:00:00+00:00, run_after=2025-01-28 00:00:00+00:00
[2025-01-28T10:40:40.766+0000] {processor.py:208} INFO - Processing /mnt/c/Users/Admin/Desktop/ud_data/Dataslush_umang/airflow/airflow_venv/lib/python3.12/site-packages/airflow/example_dags/example_outlet_event_extra.py took 0.370 seconds
[2025-01-28T10:42:20.005+0000] {processor.py:186} INFO - Started process (PID=17571) to work on /mnt/c/Users/Admin/Desktop/ud_data/Dataslush_umang/airflow/airflow_venv/lib/python3.12/site-packages/airflow/example_dags/example_outlet_event_extra.py
[2025-01-28T10:42:20.009+0000] {processor.py:914} INFO - Processing file /mnt/c/Users/Admin/Desktop/ud_data/Dataslush_umang/airflow/airflow_venv/lib/python3.12/site-packages/airflow/example_dags/example_outlet_event_extra.py for tasks to queue
[2025-01-28T10:42:20.016+0000] {logging_mixin.py:190} INFO - [2025-01-28T10:42:20.014+0000] {dagbag.py:588} INFO - Filling up the DagBag from /mnt/c/Users/Admin/Desktop/ud_data/Dataslush_umang/airflow/airflow_venv/lib/python3.12/site-packages/airflow/example_dags/example_outlet_event_extra.py
[2025-01-28T10:42:20.189+0000] {processor.py:925} INFO - DAG(s) 'dataset_with_extra_by_context', 'dataset_with_extra_from_classic_operator', 'dataset_with_extra_by_yield' retrieved from /mnt/c/Users/Admin/Desktop/ud_data/Dataslush_umang/airflow/airflow_venv/lib/python3.12/site-packages/airflow/example_dags/example_outlet_event_extra.py
[2025-01-28T10:42:20.230+0000] {logging_mixin.py:190} INFO - [2025-01-28T10:42:20.228+0000] {dag.py:3239} INFO - Sync 3 DAGs
[2025-01-28T10:42:20.256+0000] {logging_mixin.py:190} INFO - [2025-01-28T10:42:20.254+0000] {dag.py:4180} INFO - Setting next_dagrun for dataset_with_extra_by_context to 2025-01-27 00:00:00+00:00, run_after=2025-01-28 00:00:00+00:00
[2025-01-28T10:42:20.263+0000] {logging_mixin.py:190} INFO - [2025-01-28T10:42:20.261+0000] {dag.py:4180} INFO - Setting next_dagrun for dataset_with_extra_by_yield to 2025-01-27 00:00:00+00:00, run_after=2025-01-28 00:00:00+00:00
[2025-01-28T10:42:20.268+0000] {logging_mixin.py:190} INFO - [2025-01-28T10:42:20.266+0000] {dag.py:4180} INFO - Setting next_dagrun for dataset_with_extra_from_classic_operator to 2025-01-27 00:00:00+00:00, run_after=2025-01-28 00:00:00+00:00
[2025-01-28T10:42:20.362+0000] {processor.py:208} INFO - Processing /mnt/c/Users/Admin/Desktop/ud_data/Dataslush_umang/airflow/airflow_venv/lib/python3.12/site-packages/airflow/example_dags/example_outlet_event_extra.py took 0.390 seconds
[2025-01-28T10:46:04.225+0000] {processor.py:186} INFO - Started process (PID=17906) to work on /mnt/c/Users/Admin/Desktop/ud_data/Dataslush_umang/airflow/airflow_venv/lib/python3.12/site-packages/airflow/example_dags/example_outlet_event_extra.py
[2025-01-28T10:46:04.385+0000] {processor.py:914} INFO - Processing file /mnt/c/Users/Admin/Desktop/ud_data/Dataslush_umang/airflow/airflow_venv/lib/python3.12/site-packages/airflow/example_dags/example_outlet_event_extra.py for tasks to queue
[2025-01-28T10:46:04.401+0000] {logging_mixin.py:190} INFO - [2025-01-28T10:46:04.390+0000] {dagbag.py:588} INFO - Filling up the DagBag from /mnt/c/Users/Admin/Desktop/ud_data/Dataslush_umang/airflow/airflow_venv/lib/python3.12/site-packages/airflow/example_dags/example_outlet_event_extra.py
[2025-01-28T10:46:04.672+0000] {processor.py:925} INFO - DAG(s) 'dataset_with_extra_from_classic_operator', 'dataset_with_extra_by_context', 'dataset_with_extra_by_yield' retrieved from /mnt/c/Users/Admin/Desktop/ud_data/Dataslush_umang/airflow/airflow_venv/lib/python3.12/site-packages/airflow/example_dags/example_outlet_event_extra.py
[2025-01-28T10:46:04.730+0000] {logging_mixin.py:190} INFO - [2025-01-28T10:46:04.729+0000] {dag.py:3239} INFO - Sync 3 DAGs
[2025-01-28T10:46:04.777+0000] {logging_mixin.py:190} INFO - [2025-01-28T10:46:04.775+0000] {dag.py:4180} INFO - Setting next_dagrun for dataset_with_extra_by_context to 2025-01-27 00:00:00+00:00, run_after=2025-01-28 00:00:00+00:00
[2025-01-28T10:46:04.788+0000] {logging_mixin.py:190} INFO - [2025-01-28T10:46:04.786+0000] {dag.py:4180} INFO - Setting next_dagrun for dataset_with_extra_by_yield to 2025-01-27 00:00:00+00:00, run_after=2025-01-28 00:00:00+00:00
[2025-01-28T10:46:04.793+0000] {logging_mixin.py:190} INFO - [2025-01-28T10:46:04.792+0000] {dag.py:4180} INFO - Setting next_dagrun for dataset_with_extra_from_classic_operator to 2025-01-27 00:00:00+00:00, run_after=2025-01-28 00:00:00+00:00
[2025-01-28T10:46:04.856+0000] {processor.py:208} INFO - Processing /mnt/c/Users/Admin/Desktop/ud_data/Dataslush_umang/airflow/airflow_venv/lib/python3.12/site-packages/airflow/example_dags/example_outlet_event_extra.py took 0.661 seconds
[2025-01-28T10:47:41.123+0000] {processor.py:186} INFO - Started process (PID=18022) to work on /mnt/c/Users/Admin/Desktop/ud_data/Dataslush_umang/airflow/airflow_venv/lib/python3.12/site-packages/airflow/example_dags/example_outlet_event_extra.py
[2025-01-28T10:47:41.126+0000] {processor.py:914} INFO - Processing file /mnt/c/Users/Admin/Desktop/ud_data/Dataslush_umang/airflow/airflow_venv/lib/python3.12/site-packages/airflow/example_dags/example_outlet_event_extra.py for tasks to queue
[2025-01-28T10:47:41.131+0000] {logging_mixin.py:190} INFO - [2025-01-28T10:47:41.130+0000] {dagbag.py:588} INFO - Filling up the DagBag from /mnt/c/Users/Admin/Desktop/ud_data/Dataslush_umang/airflow/airflow_venv/lib/python3.12/site-packages/airflow/example_dags/example_outlet_event_extra.py
[2025-01-28T10:47:41.381+0000] {processor.py:925} INFO - DAG(s) 'dataset_with_extra_by_context', 'dataset_with_extra_by_yield', 'dataset_with_extra_from_classic_operator' retrieved from /mnt/c/Users/Admin/Desktop/ud_data/Dataslush_umang/airflow/airflow_venv/lib/python3.12/site-packages/airflow/example_dags/example_outlet_event_extra.py
[2025-01-28T10:47:41.428+0000] {logging_mixin.py:190} INFO - [2025-01-28T10:47:41.427+0000] {dag.py:3239} INFO - Sync 3 DAGs
[2025-01-28T10:47:41.468+0000] {logging_mixin.py:190} INFO - [2025-01-28T10:47:41.467+0000] {dag.py:4180} INFO - Setting next_dagrun for dataset_with_extra_by_context to 2025-01-27 00:00:00+00:00, run_after=2025-01-28 00:00:00+00:00
[2025-01-28T10:47:41.478+0000] {logging_mixin.py:190} INFO - [2025-01-28T10:47:41.477+0000] {dag.py:4180} INFO - Setting next_dagrun for dataset_with_extra_by_yield to 2025-01-27 00:00:00+00:00, run_after=2025-01-28 00:00:00+00:00
[2025-01-28T10:47:41.483+0000] {logging_mixin.py:190} INFO - [2025-01-28T10:47:41.482+0000] {dag.py:4180} INFO - Setting next_dagrun for dataset_with_extra_from_classic_operator to 2025-01-27 00:00:00+00:00, run_after=2025-01-28 00:00:00+00:00
[2025-01-28T10:47:41.534+0000] {processor.py:208} INFO - Processing /mnt/c/Users/Admin/Desktop/ud_data/Dataslush_umang/airflow/airflow_venv/lib/python3.12/site-packages/airflow/example_dags/example_outlet_event_extra.py took 0.434 seconds
[2025-01-28T10:49:03.850+0000] {processor.py:186} INFO - Started process (PID=18207) to work on /mnt/c/Users/Admin/Desktop/ud_data/Dataslush_umang/airflow/airflow_venv/lib/python3.12/site-packages/airflow/example_dags/example_outlet_event_extra.py
[2025-01-28T10:49:03.852+0000] {processor.py:914} INFO - Processing file /mnt/c/Users/Admin/Desktop/ud_data/Dataslush_umang/airflow/airflow_venv/lib/python3.12/site-packages/airflow/example_dags/example_outlet_event_extra.py for tasks to queue
[2025-01-28T10:49:03.859+0000] {logging_mixin.py:190} INFO - [2025-01-28T10:49:03.857+0000] {dagbag.py:588} INFO - Filling up the DagBag from /mnt/c/Users/Admin/Desktop/ud_data/Dataslush_umang/airflow/airflow_venv/lib/python3.12/site-packages/airflow/example_dags/example_outlet_event_extra.py
[2025-01-28T10:49:04.071+0000] {processor.py:925} INFO - DAG(s) 'dataset_with_extra_by_context', 'dataset_with_extra_from_classic_operator', 'dataset_with_extra_by_yield' retrieved from /mnt/c/Users/Admin/Desktop/ud_data/Dataslush_umang/airflow/airflow_venv/lib/python3.12/site-packages/airflow/example_dags/example_outlet_event_extra.py
[2025-01-28T10:49:04.114+0000] {logging_mixin.py:190} INFO - [2025-01-28T10:49:04.113+0000] {dag.py:3239} INFO - Sync 3 DAGs
[2025-01-28T10:49:04.152+0000] {logging_mixin.py:190} INFO - [2025-01-28T10:49:04.151+0000] {dag.py:4180} INFO - Setting next_dagrun for dataset_with_extra_by_context to 2025-01-27 00:00:00+00:00, run_after=2025-01-28 00:00:00+00:00
[2025-01-28T10:49:04.161+0000] {logging_mixin.py:190} INFO - [2025-01-28T10:49:04.160+0000] {dag.py:4180} INFO - Setting next_dagrun for dataset_with_extra_by_yield to 2025-01-27 00:00:00+00:00, run_after=2025-01-28 00:00:00+00:00
[2025-01-28T10:49:04.166+0000] {logging_mixin.py:190} INFO - [2025-01-28T10:49:04.165+0000] {dag.py:4180} INFO - Setting next_dagrun for dataset_with_extra_from_classic_operator to 2025-01-27 00:00:00+00:00, run_after=2025-01-28 00:00:00+00:00
[2025-01-28T10:49:04.209+0000] {processor.py:208} INFO - Processing /mnt/c/Users/Admin/Desktop/ud_data/Dataslush_umang/airflow/airflow_venv/lib/python3.12/site-packages/airflow/example_dags/example_outlet_event_extra.py took 0.385 seconds
[2025-01-28T10:50:14.184+0000] {processor.py:186} INFO - Started process (PID=18314) to work on /mnt/c/Users/Admin/Desktop/ud_data/Dataslush_umang/airflow/airflow_venv/lib/python3.12/site-packages/airflow/example_dags/example_outlet_event_extra.py
[2025-01-28T10:50:14.187+0000] {processor.py:914} INFO - Processing file /mnt/c/Users/Admin/Desktop/ud_data/Dataslush_umang/airflow/airflow_venv/lib/python3.12/site-packages/airflow/example_dags/example_outlet_event_extra.py for tasks to queue
[2025-01-28T10:50:14.194+0000] {logging_mixin.py:190} INFO - [2025-01-28T10:50:14.192+0000] {dagbag.py:588} INFO - Filling up the DagBag from /mnt/c/Users/Admin/Desktop/ud_data/Dataslush_umang/airflow/airflow_venv/lib/python3.12/site-packages/airflow/example_dags/example_outlet_event_extra.py
[2025-01-28T10:50:14.456+0000] {processor.py:925} INFO - DAG(s) 'dataset_with_extra_by_yield', 'dataset_with_extra_by_context', 'dataset_with_extra_from_classic_operator' retrieved from /mnt/c/Users/Admin/Desktop/ud_data/Dataslush_umang/airflow/airflow_venv/lib/python3.12/site-packages/airflow/example_dags/example_outlet_event_extra.py
[2025-01-28T10:50:14.503+0000] {logging_mixin.py:190} INFO - [2025-01-28T10:50:14.501+0000] {dag.py:3239} INFO - Sync 3 DAGs
[2025-01-28T10:50:14.539+0000] {logging_mixin.py:190} INFO - [2025-01-28T10:50:14.537+0000] {dag.py:4180} INFO - Setting next_dagrun for dataset_with_extra_by_context to 2025-01-27 00:00:00+00:00, run_after=2025-01-28 00:00:00+00:00
[2025-01-28T10:50:14.549+0000] {logging_mixin.py:190} INFO - [2025-01-28T10:50:14.547+0000] {dag.py:4180} INFO - Setting next_dagrun for dataset_with_extra_by_yield to 2025-01-27 00:00:00+00:00, run_after=2025-01-28 00:00:00+00:00
[2025-01-28T10:50:14.556+0000] {logging_mixin.py:190} INFO - [2025-01-28T10:50:14.554+0000] {dag.py:4180} INFO - Setting next_dagrun for dataset_with_extra_from_classic_operator to 2025-01-27 00:00:00+00:00, run_after=2025-01-28 00:00:00+00:00
[2025-01-28T10:50:14.607+0000] {processor.py:208} INFO - Processing /mnt/c/Users/Admin/Desktop/ud_data/Dataslush_umang/airflow/airflow_venv/lib/python3.12/site-packages/airflow/example_dags/example_outlet_event_extra.py took 0.451 seconds
[2025-01-28T10:51:25.152+0000] {processor.py:186} INFO - Started process (PID=18533) to work on /mnt/c/Users/Admin/Desktop/ud_data/Dataslush_umang/airflow/airflow_venv/lib/python3.12/site-packages/airflow/example_dags/example_outlet_event_extra.py
[2025-01-28T10:51:25.198+0000] {processor.py:914} INFO - Processing file /mnt/c/Users/Admin/Desktop/ud_data/Dataslush_umang/airflow/airflow_venv/lib/python3.12/site-packages/airflow/example_dags/example_outlet_event_extra.py for tasks to queue
[2025-01-28T10:51:25.204+0000] {logging_mixin.py:190} INFO - [2025-01-28T10:51:25.202+0000] {dagbag.py:588} INFO - Filling up the DagBag from /mnt/c/Users/Admin/Desktop/ud_data/Dataslush_umang/airflow/airflow_venv/lib/python3.12/site-packages/airflow/example_dags/example_outlet_event_extra.py
[2025-01-28T10:51:25.432+0000] {processor.py:925} INFO - DAG(s) 'dataset_with_extra_by_yield', 'dataset_with_extra_by_context', 'dataset_with_extra_from_classic_operator' retrieved from /mnt/c/Users/Admin/Desktop/ud_data/Dataslush_umang/airflow/airflow_venv/lib/python3.12/site-packages/airflow/example_dags/example_outlet_event_extra.py
[2025-01-28T10:51:25.492+0000] {logging_mixin.py:190} INFO - [2025-01-28T10:51:25.490+0000] {dag.py:3239} INFO - Sync 3 DAGs
[2025-01-28T10:51:25.547+0000] {logging_mixin.py:190} INFO - [2025-01-28T10:51:25.546+0000] {dag.py:4180} INFO - Setting next_dagrun for dataset_with_extra_by_context to 2025-01-27 00:00:00+00:00, run_after=2025-01-28 00:00:00+00:00
[2025-01-28T10:51:25.561+0000] {logging_mixin.py:190} INFO - [2025-01-28T10:51:25.560+0000] {dag.py:4180} INFO - Setting next_dagrun for dataset_with_extra_by_yield to 2025-01-27 00:00:00+00:00, run_after=2025-01-28 00:00:00+00:00
[2025-01-28T10:51:25.567+0000] {logging_mixin.py:190} INFO - [2025-01-28T10:51:25.565+0000] {dag.py:4180} INFO - Setting next_dagrun for dataset_with_extra_from_classic_operator to 2025-01-27 00:00:00+00:00, run_after=2025-01-28 00:00:00+00:00
[2025-01-28T10:51:25.693+0000] {processor.py:208} INFO - Processing /mnt/c/Users/Admin/Desktop/ud_data/Dataslush_umang/airflow/airflow_venv/lib/python3.12/site-packages/airflow/example_dags/example_outlet_event_extra.py took 0.564 seconds
[2025-01-28T10:53:11.221+0000] {processor.py:186} INFO - Started process (PID=18701) to work on /mnt/c/Users/Admin/Desktop/ud_data/Dataslush_umang/airflow/airflow_venv/lib/python3.12/site-packages/airflow/example_dags/example_outlet_event_extra.py
[2025-01-28T10:53:11.223+0000] {processor.py:914} INFO - Processing file /mnt/c/Users/Admin/Desktop/ud_data/Dataslush_umang/airflow/airflow_venv/lib/python3.12/site-packages/airflow/example_dags/example_outlet_event_extra.py for tasks to queue
[2025-01-28T10:53:11.228+0000] {logging_mixin.py:190} INFO - [2025-01-28T10:53:11.227+0000] {dagbag.py:588} INFO - Filling up the DagBag from /mnt/c/Users/Admin/Desktop/ud_data/Dataslush_umang/airflow/airflow_venv/lib/python3.12/site-packages/airflow/example_dags/example_outlet_event_extra.py
[2025-01-28T10:53:11.446+0000] {processor.py:925} INFO - DAG(s) 'dataset_with_extra_from_classic_operator', 'dataset_with_extra_by_context', 'dataset_with_extra_by_yield' retrieved from /mnt/c/Users/Admin/Desktop/ud_data/Dataslush_umang/airflow/airflow_venv/lib/python3.12/site-packages/airflow/example_dags/example_outlet_event_extra.py
[2025-01-28T10:53:11.497+0000] {logging_mixin.py:190} INFO - [2025-01-28T10:53:11.496+0000] {dag.py:3239} INFO - Sync 3 DAGs
[2025-01-28T10:53:11.548+0000] {logging_mixin.py:190} INFO - [2025-01-28T10:53:11.547+0000] {dag.py:4180} INFO - Setting next_dagrun for dataset_with_extra_by_context to 2025-01-27 00:00:00+00:00, run_after=2025-01-28 00:00:00+00:00
[2025-01-28T10:53:11.560+0000] {logging_mixin.py:190} INFO - [2025-01-28T10:53:11.558+0000] {dag.py:4180} INFO - Setting next_dagrun for dataset_with_extra_by_yield to 2025-01-27 00:00:00+00:00, run_after=2025-01-28 00:00:00+00:00
[2025-01-28T10:53:11.568+0000] {logging_mixin.py:190} INFO - [2025-01-28T10:53:11.566+0000] {dag.py:4180} INFO - Setting next_dagrun for dataset_with_extra_from_classic_operator to 2025-01-27 00:00:00+00:00, run_after=2025-01-28 00:00:00+00:00
[2025-01-28T10:53:11.755+0000] {processor.py:208} INFO - Processing /mnt/c/Users/Admin/Desktop/ud_data/Dataslush_umang/airflow/airflow_venv/lib/python3.12/site-packages/airflow/example_dags/example_outlet_event_extra.py took 0.557 seconds
[2025-01-28T10:54:59.101+0000] {processor.py:186} INFO - Started process (PID=18843) to work on /mnt/c/Users/Admin/Desktop/ud_data/Dataslush_umang/airflow/airflow_venv/lib/python3.12/site-packages/airflow/example_dags/example_outlet_event_extra.py
[2025-01-28T10:54:59.117+0000] {processor.py:914} INFO - Processing file /mnt/c/Users/Admin/Desktop/ud_data/Dataslush_umang/airflow/airflow_venv/lib/python3.12/site-packages/airflow/example_dags/example_outlet_event_extra.py for tasks to queue
[2025-01-28T10:54:59.124+0000] {logging_mixin.py:190} INFO - [2025-01-28T10:54:59.122+0000] {dagbag.py:588} INFO - Filling up the DagBag from /mnt/c/Users/Admin/Desktop/ud_data/Dataslush_umang/airflow/airflow_venv/lib/python3.12/site-packages/airflow/example_dags/example_outlet_event_extra.py
[2025-01-28T10:54:59.399+0000] {processor.py:925} INFO - DAG(s) 'dataset_with_extra_by_context', 'dataset_with_extra_from_classic_operator', 'dataset_with_extra_by_yield' retrieved from /mnt/c/Users/Admin/Desktop/ud_data/Dataslush_umang/airflow/airflow_venv/lib/python3.12/site-packages/airflow/example_dags/example_outlet_event_extra.py
[2025-01-28T10:54:59.451+0000] {logging_mixin.py:190} INFO - [2025-01-28T10:54:59.450+0000] {dag.py:3239} INFO - Sync 3 DAGs
[2025-01-28T10:54:59.485+0000] {logging_mixin.py:190} INFO - [2025-01-28T10:54:59.484+0000] {dag.py:4180} INFO - Setting next_dagrun for dataset_with_extra_by_context to 2025-01-27 00:00:00+00:00, run_after=2025-01-28 00:00:00+00:00
[2025-01-28T10:54:59.493+0000] {logging_mixin.py:190} INFO - [2025-01-28T10:54:59.492+0000] {dag.py:4180} INFO - Setting next_dagrun for dataset_with_extra_by_yield to 2025-01-27 00:00:00+00:00, run_after=2025-01-28 00:00:00+00:00
[2025-01-28T10:54:59.498+0000] {logging_mixin.py:190} INFO - [2025-01-28T10:54:59.496+0000] {dag.py:4180} INFO - Setting next_dagrun for dataset_with_extra_from_classic_operator to 2025-01-27 00:00:00+00:00, run_after=2025-01-28 00:00:00+00:00
[2025-01-28T10:54:59.554+0000] {processor.py:208} INFO - Processing /mnt/c/Users/Admin/Desktop/ud_data/Dataslush_umang/airflow/airflow_venv/lib/python3.12/site-packages/airflow/example_dags/example_outlet_event_extra.py took 0.480 seconds
[2025-01-28T10:56:26.229+0000] {processor.py:186} INFO - Started process (PID=19047) to work on /mnt/c/Users/Admin/Desktop/ud_data/Dataslush_umang/airflow/airflow_venv/lib/python3.12/site-packages/airflow/example_dags/example_outlet_event_extra.py
[2025-01-28T10:56:26.233+0000] {processor.py:914} INFO - Processing file /mnt/c/Users/Admin/Desktop/ud_data/Dataslush_umang/airflow/airflow_venv/lib/python3.12/site-packages/airflow/example_dags/example_outlet_event_extra.py for tasks to queue
[2025-01-28T10:56:26.239+0000] {logging_mixin.py:190} INFO - [2025-01-28T10:56:26.237+0000] {dagbag.py:588} INFO - Filling up the DagBag from /mnt/c/Users/Admin/Desktop/ud_data/Dataslush_umang/airflow/airflow_venv/lib/python3.12/site-packages/airflow/example_dags/example_outlet_event_extra.py
[2025-01-28T10:56:26.513+0000] {processor.py:925} INFO - DAG(s) 'dataset_with_extra_by_context', 'dataset_with_extra_from_classic_operator', 'dataset_with_extra_by_yield' retrieved from /mnt/c/Users/Admin/Desktop/ud_data/Dataslush_umang/airflow/airflow_venv/lib/python3.12/site-packages/airflow/example_dags/example_outlet_event_extra.py
[2025-01-28T10:56:26.562+0000] {logging_mixin.py:190} INFO - [2025-01-28T10:56:26.560+0000] {dag.py:3239} INFO - Sync 3 DAGs
[2025-01-28T10:56:26.602+0000] {logging_mixin.py:190} INFO - [2025-01-28T10:56:26.600+0000] {dag.py:4180} INFO - Setting next_dagrun for dataset_with_extra_by_context to 2025-01-27 00:00:00+00:00, run_after=2025-01-28 00:00:00+00:00
[2025-01-28T10:56:26.609+0000] {logging_mixin.py:190} INFO - [2025-01-28T10:56:26.608+0000] {dag.py:4180} INFO - Setting next_dagrun for dataset_with_extra_by_yield to 2025-01-27 00:00:00+00:00, run_after=2025-01-28 00:00:00+00:00
[2025-01-28T10:56:26.615+0000] {logging_mixin.py:190} INFO - [2025-01-28T10:56:26.614+0000] {dag.py:4180} INFO - Setting next_dagrun for dataset_with_extra_from_classic_operator to 2025-01-27 00:00:00+00:00, run_after=2025-01-28 00:00:00+00:00
[2025-01-28T10:56:26.667+0000] {processor.py:208} INFO - Processing /mnt/c/Users/Admin/Desktop/ud_data/Dataslush_umang/airflow/airflow_venv/lib/python3.12/site-packages/airflow/example_dags/example_outlet_event_extra.py took 0.469 seconds
[2025-01-28T10:57:58.409+0000] {processor.py:186} INFO - Started process (PID=19201) to work on /mnt/c/Users/Admin/Desktop/ud_data/Dataslush_umang/airflow/airflow_venv/lib/python3.12/site-packages/airflow/example_dags/example_outlet_event_extra.py
[2025-01-28T10:57:58.465+0000] {processor.py:914} INFO - Processing file /mnt/c/Users/Admin/Desktop/ud_data/Dataslush_umang/airflow/airflow_venv/lib/python3.12/site-packages/airflow/example_dags/example_outlet_event_extra.py for tasks to queue
[2025-01-28T10:57:58.475+0000] {logging_mixin.py:190} INFO - [2025-01-28T10:57:58.471+0000] {dagbag.py:588} INFO - Filling up the DagBag from /mnt/c/Users/Admin/Desktop/ud_data/Dataslush_umang/airflow/airflow_venv/lib/python3.12/site-packages/airflow/example_dags/example_outlet_event_extra.py
[2025-01-28T10:57:58.708+0000] {processor.py:925} INFO - DAG(s) 'dataset_with_extra_from_classic_operator', 'dataset_with_extra_by_context', 'dataset_with_extra_by_yield' retrieved from /mnt/c/Users/Admin/Desktop/ud_data/Dataslush_umang/airflow/airflow_venv/lib/python3.12/site-packages/airflow/example_dags/example_outlet_event_extra.py
[2025-01-28T10:57:58.750+0000] {logging_mixin.py:190} INFO - [2025-01-28T10:57:58.748+0000] {dag.py:3239} INFO - Sync 3 DAGs
[2025-01-28T10:57:58.781+0000] {logging_mixin.py:190} INFO - [2025-01-28T10:57:58.779+0000] {dag.py:4180} INFO - Setting next_dagrun for dataset_with_extra_by_context to 2025-01-27 00:00:00+00:00, run_after=2025-01-28 00:00:00+00:00
[2025-01-28T10:57:58.789+0000] {logging_mixin.py:190} INFO - [2025-01-28T10:57:58.787+0000] {dag.py:4180} INFO - Setting next_dagrun for dataset_with_extra_by_yield to 2025-01-27 00:00:00+00:00, run_after=2025-01-28 00:00:00+00:00
[2025-01-28T10:57:58.794+0000] {logging_mixin.py:190} INFO - [2025-01-28T10:57:58.793+0000] {dag.py:4180} INFO - Setting next_dagrun for dataset_with_extra_from_classic_operator to 2025-01-27 00:00:00+00:00, run_after=2025-01-28 00:00:00+00:00
[2025-01-28T10:57:59.184+0000] {processor.py:208} INFO - Processing /mnt/c/Users/Admin/Desktop/ud_data/Dataslush_umang/airflow/airflow_venv/lib/python3.12/site-packages/airflow/example_dags/example_outlet_event_extra.py took 0.801 seconds
[2025-01-28T10:59:27.726+0000] {processor.py:186} INFO - Started process (PID=19388) to work on /mnt/c/Users/Admin/Desktop/ud_data/Dataslush_umang/airflow/airflow_venv/lib/python3.12/site-packages/airflow/example_dags/example_outlet_event_extra.py
[2025-01-28T10:59:27.733+0000] {processor.py:914} INFO - Processing file /mnt/c/Users/Admin/Desktop/ud_data/Dataslush_umang/airflow/airflow_venv/lib/python3.12/site-packages/airflow/example_dags/example_outlet_event_extra.py for tasks to queue
[2025-01-28T10:59:27.739+0000] {logging_mixin.py:190} INFO - [2025-01-28T10:59:27.738+0000] {dagbag.py:588} INFO - Filling up the DagBag from /mnt/c/Users/Admin/Desktop/ud_data/Dataslush_umang/airflow/airflow_venv/lib/python3.12/site-packages/airflow/example_dags/example_outlet_event_extra.py
[2025-01-28T10:59:58.040+0000] {processor.py:925} INFO - DAG(s) 'dataset_with_extra_by_context', 'dataset_with_extra_by_yield', 'dataset_with_extra_from_classic_operator' retrieved from /mnt/c/Users/Admin/Desktop/ud_data/Dataslush_umang/airflow/airflow_venv/lib/python3.12/site-packages/airflow/example_dags/example_outlet_event_extra.py
[2025-01-28T10:59:58.092+0000] {logging_mixin.py:190} INFO - [2025-01-28T10:59:58.091+0000] {dag.py:3239} INFO - Sync 3 DAGs
[2025-01-28T10:59:58.132+0000] {logging_mixin.py:190} INFO - [2025-01-28T10:59:58.131+0000] {dag.py:4180} INFO - Setting next_dagrun for dataset_with_extra_by_context to 2025-01-27 00:00:00+00:00, run_after=2025-01-28 00:00:00+00:00
[2025-01-28T10:59:58.140+0000] {logging_mixin.py:190} INFO - [2025-01-28T10:59:58.139+0000] {dag.py:4180} INFO - Setting next_dagrun for dataset_with_extra_by_yield to 2025-01-27 00:00:00+00:00, run_after=2025-01-28 00:00:00+00:00
[2025-01-28T10:59:58.144+0000] {logging_mixin.py:190} INFO - [2025-01-28T10:59:58.143+0000] {dag.py:4180} INFO - Setting next_dagrun for dataset_with_extra_from_classic_operator to 2025-01-27 00:00:00+00:00, run_after=2025-01-28 00:00:00+00:00
[2025-01-28T10:59:58.200+0000] {processor.py:208} INFO - Processing /mnt/c/Users/Admin/Desktop/ud_data/Dataslush_umang/airflow/airflow_venv/lib/python3.12/site-packages/airflow/example_dags/example_outlet_event_extra.py took 0.433 seconds
[2025-01-28T11:01:22.334+0000] {processor.py:186} INFO - Started process (PID=19576) to work on /mnt/c/Users/Admin/Desktop/ud_data/Dataslush_umang/airflow/airflow_venv/lib/python3.12/site-packages/airflow/example_dags/example_outlet_event_extra.py
[2025-01-28T11:01:22.337+0000] {processor.py:914} INFO - Processing file /mnt/c/Users/Admin/Desktop/ud_data/Dataslush_umang/airflow/airflow_venv/lib/python3.12/site-packages/airflow/example_dags/example_outlet_event_extra.py for tasks to queue
[2025-01-28T11:01:22.345+0000] {logging_mixin.py:190} INFO - [2025-01-28T11:01:22.342+0000] {dagbag.py:588} INFO - Filling up the DagBag from /mnt/c/Users/Admin/Desktop/ud_data/Dataslush_umang/airflow/airflow_venv/lib/python3.12/site-packages/airflow/example_dags/example_outlet_event_extra.py
[2025-01-28T11:01:22.636+0000] {processor.py:925} INFO - DAG(s) 'dataset_with_extra_by_context', 'dataset_with_extra_from_classic_operator', 'dataset_with_extra_by_yield' retrieved from /mnt/c/Users/Admin/Desktop/ud_data/Dataslush_umang/airflow/airflow_venv/lib/python3.12/site-packages/airflow/example_dags/example_outlet_event_extra.py
[2025-01-28T11:01:22.720+0000] {logging_mixin.py:190} INFO - [2025-01-28T11:01:22.715+0000] {dag.py:3239} INFO - Sync 3 DAGs
[2025-01-28T11:01:22.770+0000] {logging_mixin.py:190} INFO - [2025-01-28T11:01:22.769+0000] {dag.py:4180} INFO - Setting next_dagrun for dataset_with_extra_by_context to 2025-01-27 00:00:00+00:00, run_after=2025-01-28 00:00:00+00:00
[2025-01-28T11:01:22.779+0000] {logging_mixin.py:190} INFO - [2025-01-28T11:01:22.777+0000] {dag.py:4180} INFO - Setting next_dagrun for dataset_with_extra_by_yield to 2025-01-27 00:00:00+00:00, run_after=2025-01-28 00:00:00+00:00
[2025-01-28T11:01:22.784+0000] {logging_mixin.py:190} INFO - [2025-01-28T11:01:22.783+0000] {dag.py:4180} INFO - Setting next_dagrun for dataset_with_extra_from_classic_operator to 2025-01-27 00:00:00+00:00, run_after=2025-01-28 00:00:00+00:00
[2025-01-28T11:01:22.965+0000] {processor.py:208} INFO - Processing /mnt/c/Users/Admin/Desktop/ud_data/Dataslush_umang/airflow/airflow_venv/lib/python3.12/site-packages/airflow/example_dags/example_outlet_event_extra.py took 0.664 seconds
[2025-01-28T11:02:41.095+0000] {processor.py:186} INFO - Started process (PID=19647) to work on /mnt/c/Users/Admin/Desktop/ud_data/Dataslush_umang/airflow/airflow_venv/lib/python3.12/site-packages/airflow/example_dags/example_outlet_event_extra.py
[2025-01-28T11:02:41.099+0000] {processor.py:914} INFO - Processing file /mnt/c/Users/Admin/Desktop/ud_data/Dataslush_umang/airflow/airflow_venv/lib/python3.12/site-packages/airflow/example_dags/example_outlet_event_extra.py for tasks to queue
[2025-01-28T11:02:41.106+0000] {logging_mixin.py:190} INFO - [2025-01-28T11:02:41.104+0000] {dagbag.py:588} INFO - Filling up the DagBag from /mnt/c/Users/Admin/Desktop/ud_data/Dataslush_umang/airflow/airflow_venv/lib/python3.12/site-packages/airflow/example_dags/example_outlet_event_extra.py
[2025-01-28T11:02:41.356+0000] {processor.py:925} INFO - DAG(s) 'dataset_with_extra_by_yield', 'dataset_with_extra_from_classic_operator', 'dataset_with_extra_by_context' retrieved from /mnt/c/Users/Admin/Desktop/ud_data/Dataslush_umang/airflow/airflow_venv/lib/python3.12/site-packages/airflow/example_dags/example_outlet_event_extra.py
[2025-01-28T11:02:41.407+0000] {logging_mixin.py:190} INFO - [2025-01-28T11:02:41.405+0000] {dag.py:3239} INFO - Sync 3 DAGs
[2025-01-28T11:02:41.441+0000] {logging_mixin.py:190} INFO - [2025-01-28T11:02:41.439+0000] {dag.py:4180} INFO - Setting next_dagrun for dataset_with_extra_by_context to 2025-01-27 00:00:00+00:00, run_after=2025-01-28 00:00:00+00:00
[2025-01-28T11:02:41.450+0000] {logging_mixin.py:190} INFO - [2025-01-28T11:02:41.449+0000] {dag.py:4180} INFO - Setting next_dagrun for dataset_with_extra_by_yield to 2025-01-27 00:00:00+00:00, run_after=2025-01-28 00:00:00+00:00
[2025-01-28T11:02:41.457+0000] {logging_mixin.py:190} INFO - [2025-01-28T11:02:41.456+0000] {dag.py:4180} INFO - Setting next_dagrun for dataset_with_extra_from_classic_operator to 2025-01-27 00:00:00+00:00, run_after=2025-01-28 00:00:00+00:00
[2025-01-28T11:02:41.566+0000] {processor.py:208} INFO - Processing /mnt/c/Users/Admin/Desktop/ud_data/Dataslush_umang/airflow/airflow_venv/lib/python3.12/site-packages/airflow/example_dags/example_outlet_event_extra.py took 0.502 seconds
[2025-01-28T11:04:13.030+0000] {processor.py:186} INFO - Started process (PID=19872) to work on /mnt/c/Users/Admin/Desktop/ud_data/Dataslush_umang/airflow/airflow_venv/lib/python3.12/site-packages/airflow/example_dags/example_outlet_event_extra.py
[2025-01-28T11:04:13.033+0000] {processor.py:914} INFO - Processing file /mnt/c/Users/Admin/Desktop/ud_data/Dataslush_umang/airflow/airflow_venv/lib/python3.12/site-packages/airflow/example_dags/example_outlet_event_extra.py for tasks to queue
[2025-01-28T11:04:13.039+0000] {logging_mixin.py:190} INFO - [2025-01-28T11:04:13.037+0000] {dagbag.py:588} INFO - Filling up the DagBag from /mnt/c/Users/Admin/Desktop/ud_data/Dataslush_umang/airflow/airflow_venv/lib/python3.12/site-packages/airflow/example_dags/example_outlet_event_extra.py
[2025-01-28T11:04:13.278+0000] {processor.py:925} INFO - DAG(s) 'dataset_with_extra_from_classic_operator', 'dataset_with_extra_by_yield', 'dataset_with_extra_by_context' retrieved from /mnt/c/Users/Admin/Desktop/ud_data/Dataslush_umang/airflow/airflow_venv/lib/python3.12/site-packages/airflow/example_dags/example_outlet_event_extra.py
[2025-01-28T11:04:13.319+0000] {logging_mixin.py:190} INFO - [2025-01-28T11:04:13.318+0000] {dag.py:3239} INFO - Sync 3 DAGs
[2025-01-28T11:04:13.350+0000] {logging_mixin.py:190} INFO - [2025-01-28T11:04:13.349+0000] {dag.py:4180} INFO - Setting next_dagrun for dataset_with_extra_by_context to 2025-01-27 00:00:00+00:00, run_after=2025-01-28 00:00:00+00:00
[2025-01-28T11:04:13.357+0000] {logging_mixin.py:190} INFO - [2025-01-28T11:04:13.356+0000] {dag.py:4180} INFO - Setting next_dagrun for dataset_with_extra_by_yield to 2025-01-27 00:00:00+00:00, run_after=2025-01-28 00:00:00+00:00
[2025-01-28T11:04:13.362+0000] {logging_mixin.py:190} INFO - [2025-01-28T11:04:13.360+0000] {dag.py:4180} INFO - Setting next_dagrun for dataset_with_extra_from_classic_operator to 2025-01-27 00:00:00+00:00, run_after=2025-01-28 00:00:00+00:00
[2025-01-28T11:04:43.654+0000] {processor.py:208} INFO - Processing /mnt/c/Users/Admin/Desktop/ud_data/Dataslush_umang/airflow/airflow_venv/lib/python3.12/site-packages/airflow/example_dags/example_outlet_event_extra.py took 0.569 seconds
[2025-01-28T11:06:44.992+0000] {processor.py:186} INFO - Started process (PID=20047) to work on /mnt/c/Users/Admin/Desktop/ud_data/Dataslush_umang/airflow/airflow_venv/lib/python3.12/site-packages/airflow/example_dags/example_outlet_event_extra.py
[2025-01-28T11:06:45.189+0000] {processor.py:914} INFO - Processing file /mnt/c/Users/Admin/Desktop/ud_data/Dataslush_umang/airflow/airflow_venv/lib/python3.12/site-packages/airflow/example_dags/example_outlet_event_extra.py for tasks to queue
[2025-01-28T11:06:45.198+0000] {logging_mixin.py:190} INFO - [2025-01-28T11:06:45.195+0000] {dagbag.py:588} INFO - Filling up the DagBag from /mnt/c/Users/Admin/Desktop/ud_data/Dataslush_umang/airflow/airflow_venv/lib/python3.12/site-packages/airflow/example_dags/example_outlet_event_extra.py
[2025-01-28T11:06:45.460+0000] {processor.py:925} INFO - DAG(s) 'dataset_with_extra_by_yield', 'dataset_with_extra_from_classic_operator', 'dataset_with_extra_by_context' retrieved from /mnt/c/Users/Admin/Desktop/ud_data/Dataslush_umang/airflow/airflow_venv/lib/python3.12/site-packages/airflow/example_dags/example_outlet_event_extra.py
[2025-01-28T11:06:45.509+0000] {logging_mixin.py:190} INFO - [2025-01-28T11:06:45.507+0000] {dag.py:3239} INFO - Sync 3 DAGs
[2025-01-28T11:06:45.542+0000] {logging_mixin.py:190} INFO - [2025-01-28T11:06:45.540+0000] {dag.py:4180} INFO - Setting next_dagrun for dataset_with_extra_by_context to 2025-01-27 00:00:00+00:00, run_after=2025-01-28 00:00:00+00:00
[2025-01-28T11:06:45.550+0000] {logging_mixin.py:190} INFO - [2025-01-28T11:06:45.549+0000] {dag.py:4180} INFO - Setting next_dagrun for dataset_with_extra_by_yield to 2025-01-27 00:00:00+00:00, run_after=2025-01-28 00:00:00+00:00
[2025-01-28T11:06:45.555+0000] {logging_mixin.py:190} INFO - [2025-01-28T11:06:45.554+0000] {dag.py:4180} INFO - Setting next_dagrun for dataset_with_extra_from_classic_operator to 2025-01-27 00:00:00+00:00, run_after=2025-01-28 00:00:00+00:00
[2025-01-28T11:06:45.795+0000] {processor.py:208} INFO - Processing /mnt/c/Users/Admin/Desktop/ud_data/Dataslush_umang/airflow/airflow_venv/lib/python3.12/site-packages/airflow/example_dags/example_outlet_event_extra.py took 0.831 seconds
[2025-01-28T11:07:56.292+0000] {processor.py:186} INFO - Started process (PID=20169) to work on /mnt/c/Users/Admin/Desktop/ud_data/Dataslush_umang/airflow/airflow_venv/lib/python3.12/site-packages/airflow/example_dags/example_outlet_event_extra.py
[2025-01-28T11:07:56.294+0000] {processor.py:914} INFO - Processing file /mnt/c/Users/Admin/Desktop/ud_data/Dataslush_umang/airflow/airflow_venv/lib/python3.12/site-packages/airflow/example_dags/example_outlet_event_extra.py for tasks to queue
[2025-01-28T11:07:56.299+0000] {logging_mixin.py:190} INFO - [2025-01-28T11:07:56.298+0000] {dagbag.py:588} INFO - Filling up the DagBag from /mnt/c/Users/Admin/Desktop/ud_data/Dataslush_umang/airflow/airflow_venv/lib/python3.12/site-packages/airflow/example_dags/example_outlet_event_extra.py
[2025-01-28T11:07:56.541+0000] {processor.py:925} INFO - DAG(s) 'dataset_with_extra_by_context', 'dataset_with_extra_from_classic_operator', 'dataset_with_extra_by_yield' retrieved from /mnt/c/Users/Admin/Desktop/ud_data/Dataslush_umang/airflow/airflow_venv/lib/python3.12/site-packages/airflow/example_dags/example_outlet_event_extra.py
[2025-01-28T11:07:56.591+0000] {logging_mixin.py:190} INFO - [2025-01-28T11:07:56.590+0000] {dag.py:3239} INFO - Sync 3 DAGs
[2025-01-28T11:07:56.626+0000] {logging_mixin.py:190} INFO - [2025-01-28T11:07:56.624+0000] {dag.py:4180} INFO - Setting next_dagrun for dataset_with_extra_by_context to 2025-01-27 00:00:00+00:00, run_after=2025-01-28 00:00:00+00:00
[2025-01-28T11:07:56.636+0000] {logging_mixin.py:190} INFO - [2025-01-28T11:07:56.635+0000] {dag.py:4180} INFO - Setting next_dagrun for dataset_with_extra_by_yield to 2025-01-27 00:00:00+00:00, run_after=2025-01-28 00:00:00+00:00
[2025-01-28T11:07:56.643+0000] {logging_mixin.py:190} INFO - [2025-01-28T11:07:56.641+0000] {dag.py:4180} INFO - Setting next_dagrun for dataset_with_extra_from_classic_operator to 2025-01-27 00:00:00+00:00, run_after=2025-01-28 00:00:00+00:00
[2025-01-28T11:07:56.692+0000] {processor.py:208} INFO - Processing /mnt/c/Users/Admin/Desktop/ud_data/Dataslush_umang/airflow/airflow_venv/lib/python3.12/site-packages/airflow/example_dags/example_outlet_event_extra.py took 0.422 seconds
[2025-01-28T11:09:31.309+0000] {processor.py:186} INFO - Started process (PID=20373) to work on /mnt/c/Users/Admin/Desktop/ud_data/Dataslush_umang/airflow/airflow_venv/lib/python3.12/site-packages/airflow/example_dags/example_outlet_event_extra.py
[2025-01-28T11:09:31.311+0000] {processor.py:914} INFO - Processing file /mnt/c/Users/Admin/Desktop/ud_data/Dataslush_umang/airflow/airflow_venv/lib/python3.12/site-packages/airflow/example_dags/example_outlet_event_extra.py for tasks to queue
[2025-01-28T11:09:31.317+0000] {logging_mixin.py:190} INFO - [2025-01-28T11:09:31.315+0000] {dagbag.py:588} INFO - Filling up the DagBag from /mnt/c/Users/Admin/Desktop/ud_data/Dataslush_umang/airflow/airflow_venv/lib/python3.12/site-packages/airflow/example_dags/example_outlet_event_extra.py
[2025-01-28T11:09:31.565+0000] {processor.py:925} INFO - DAG(s) 'dataset_with_extra_by_yield', 'dataset_with_extra_from_classic_operator', 'dataset_with_extra_by_context' retrieved from /mnt/c/Users/Admin/Desktop/ud_data/Dataslush_umang/airflow/airflow_venv/lib/python3.12/site-packages/airflow/example_dags/example_outlet_event_extra.py
[2025-01-28T11:09:31.617+0000] {logging_mixin.py:190} INFO - [2025-01-28T11:09:31.615+0000] {dag.py:3239} INFO - Sync 3 DAGs
[2025-01-28T11:09:31.649+0000] {logging_mixin.py:190} INFO - [2025-01-28T11:09:31.647+0000] {dag.py:4180} INFO - Setting next_dagrun for dataset_with_extra_by_context to 2025-01-27 00:00:00+00:00, run_after=2025-01-28 00:00:00+00:00
[2025-01-28T11:09:31.657+0000] {logging_mixin.py:190} INFO - [2025-01-28T11:09:31.656+0000] {dag.py:4180} INFO - Setting next_dagrun for dataset_with_extra_by_yield to 2025-01-27 00:00:00+00:00, run_after=2025-01-28 00:00:00+00:00
[2025-01-28T11:09:31.662+0000] {logging_mixin.py:190} INFO - [2025-01-28T11:09:31.661+0000] {dag.py:4180} INFO - Setting next_dagrun for dataset_with_extra_from_classic_operator to 2025-01-27 00:00:00+00:00, run_after=2025-01-28 00:00:00+00:00
[2025-01-28T11:09:31.707+0000] {processor.py:208} INFO - Processing /mnt/c/Users/Admin/Desktop/ud_data/Dataslush_umang/airflow/airflow_venv/lib/python3.12/site-packages/airflow/example_dags/example_outlet_event_extra.py took 0.425 seconds
[2025-01-28T11:10:38.743+0000] {processor.py:186} INFO - Started process (PID=20470) to work on /mnt/c/Users/Admin/Desktop/ud_data/Dataslush_umang/airflow/airflow_venv/lib/python3.12/site-packages/airflow/example_dags/example_outlet_event_extra.py
[2025-01-28T11:10:38.745+0000] {processor.py:914} INFO - Processing file /mnt/c/Users/Admin/Desktop/ud_data/Dataslush_umang/airflow/airflow_venv/lib/python3.12/site-packages/airflow/example_dags/example_outlet_event_extra.py for tasks to queue
[2025-01-28T11:10:38.751+0000] {logging_mixin.py:190} INFO - [2025-01-28T11:10:38.750+0000] {dagbag.py:588} INFO - Filling up the DagBag from /mnt/c/Users/Admin/Desktop/ud_data/Dataslush_umang/airflow/airflow_venv/lib/python3.12/site-packages/airflow/example_dags/example_outlet_event_extra.py
[2025-01-28T11:10:38.961+0000] {processor.py:925} INFO - DAG(s) 'dataset_with_extra_by_yield', 'dataset_with_extra_by_context', 'dataset_with_extra_from_classic_operator' retrieved from /mnt/c/Users/Admin/Desktop/ud_data/Dataslush_umang/airflow/airflow_venv/lib/python3.12/site-packages/airflow/example_dags/example_outlet_event_extra.py
[2025-01-28T11:10:39.005+0000] {logging_mixin.py:190} INFO - [2025-01-28T11:10:39.003+0000] {dag.py:3239} INFO - Sync 3 DAGs
[2025-01-28T11:11:09.112+0000] {logging_mixin.py:190} INFO - [2025-01-28T11:10:39.029+0000] {dag.py:4180} INFO - Setting next_dagrun for dataset_with_extra_by_context to 2025-01-27 00:00:00+00:00, run_after=2025-01-28 00:00:00+00:00
[2025-01-28T11:11:09.120+0000] {logging_mixin.py:190} INFO - [2025-01-28T11:11:09.118+0000] {dag.py:4180} INFO - Setting next_dagrun for dataset_with_extra_by_yield to 2025-01-27 00:00:00+00:00, run_after=2025-01-28 00:00:00+00:00
[2025-01-28T11:11:09.126+0000] {logging_mixin.py:190} INFO - [2025-01-28T11:11:09.124+0000] {dag.py:4180} INFO - Setting next_dagrun for dataset_with_extra_from_classic_operator to 2025-01-27 00:00:00+00:00, run_after=2025-01-28 00:00:00+00:00
[2025-01-28T11:11:09.170+0000] {processor.py:208} INFO - Processing /mnt/c/Users/Admin/Desktop/ud_data/Dataslush_umang/airflow/airflow_venv/lib/python3.12/site-packages/airflow/example_dags/example_outlet_event_extra.py took 0.369 seconds
[2025-01-28T11:12:16.870+0000] {processor.py:186} INFO - Started process (PID=20588) to work on /mnt/c/Users/Admin/Desktop/ud_data/Dataslush_umang/airflow/airflow_venv/lib/python3.12/site-packages/airflow/example_dags/example_outlet_event_extra.py
[2025-01-28T11:12:16.951+0000] {processor.py:914} INFO - Processing file /mnt/c/Users/Admin/Desktop/ud_data/Dataslush_umang/airflow/airflow_venv/lib/python3.12/site-packages/airflow/example_dags/example_outlet_event_extra.py for tasks to queue
[2025-01-28T11:12:16.957+0000] {logging_mixin.py:190} INFO - [2025-01-28T11:12:16.955+0000] {dagbag.py:588} INFO - Filling up the DagBag from /mnt/c/Users/Admin/Desktop/ud_data/Dataslush_umang/airflow/airflow_venv/lib/python3.12/site-packages/airflow/example_dags/example_outlet_event_extra.py
[2025-01-28T11:12:17.217+0000] {processor.py:925} INFO - DAG(s) 'dataset_with_extra_by_context', 'dataset_with_extra_by_yield', 'dataset_with_extra_from_classic_operator' retrieved from /mnt/c/Users/Admin/Desktop/ud_data/Dataslush_umang/airflow/airflow_venv/lib/python3.12/site-packages/airflow/example_dags/example_outlet_event_extra.py
[2025-01-28T11:12:17.263+0000] {logging_mixin.py:190} INFO - [2025-01-28T11:12:17.261+0000] {dag.py:3239} INFO - Sync 3 DAGs
[2025-01-28T11:12:17.299+0000] {logging_mixin.py:190} INFO - [2025-01-28T11:12:17.297+0000] {dag.py:4180} INFO - Setting next_dagrun for dataset_with_extra_by_context to 2025-01-27 00:00:00+00:00, run_after=2025-01-28 00:00:00+00:00
[2025-01-28T11:12:17.307+0000] {logging_mixin.py:190} INFO - [2025-01-28T11:12:17.305+0000] {dag.py:4180} INFO - Setting next_dagrun for dataset_with_extra_by_yield to 2025-01-27 00:00:00+00:00, run_after=2025-01-28 00:00:00+00:00
[2025-01-28T11:12:17.311+0000] {logging_mixin.py:190} INFO - [2025-01-28T11:12:17.310+0000] {dag.py:4180} INFO - Setting next_dagrun for dataset_with_extra_from_classic_operator to 2025-01-27 00:00:00+00:00, run_after=2025-01-28 00:00:00+00:00
[2025-01-28T11:12:17.361+0000] {processor.py:208} INFO - Processing /mnt/c/Users/Admin/Desktop/ud_data/Dataslush_umang/airflow/airflow_venv/lib/python3.12/site-packages/airflow/example_dags/example_outlet_event_extra.py took 0.521 seconds
[2025-01-28T11:13:32.258+0000] {processor.py:186} INFO - Started process (PID=20675) to work on /mnt/c/Users/Admin/Desktop/ud_data/Dataslush_umang/airflow/airflow_venv/lib/python3.12/site-packages/airflow/example_dags/example_outlet_event_extra.py
[2025-01-28T11:13:32.356+0000] {processor.py:914} INFO - Processing file /mnt/c/Users/Admin/Desktop/ud_data/Dataslush_umang/airflow/airflow_venv/lib/python3.12/site-packages/airflow/example_dags/example_outlet_event_extra.py for tasks to queue
[2025-01-28T11:13:32.366+0000] {logging_mixin.py:190} INFO - [2025-01-28T11:13:32.364+0000] {dagbag.py:588} INFO - Filling up the DagBag from /mnt/c/Users/Admin/Desktop/ud_data/Dataslush_umang/airflow/airflow_venv/lib/python3.12/site-packages/airflow/example_dags/example_outlet_event_extra.py
[2025-01-28T11:13:32.563+0000] {processor.py:925} INFO - DAG(s) 'dataset_with_extra_by_yield', 'dataset_with_extra_by_context', 'dataset_with_extra_from_classic_operator' retrieved from /mnt/c/Users/Admin/Desktop/ud_data/Dataslush_umang/airflow/airflow_venv/lib/python3.12/site-packages/airflow/example_dags/example_outlet_event_extra.py
[2025-01-28T11:13:32.603+0000] {logging_mixin.py:190} INFO - [2025-01-28T11:13:32.602+0000] {dag.py:3239} INFO - Sync 3 DAGs
[2025-01-28T11:13:32.635+0000] {logging_mixin.py:190} INFO - [2025-01-28T11:13:32.633+0000] {dag.py:4180} INFO - Setting next_dagrun for dataset_with_extra_by_context to 2025-01-27 00:00:00+00:00, run_after=2025-01-28 00:00:00+00:00
[2025-01-28T11:13:32.642+0000] {logging_mixin.py:190} INFO - [2025-01-28T11:13:32.641+0000] {dag.py:4180} INFO - Setting next_dagrun for dataset_with_extra_by_yield to 2025-01-27 00:00:00+00:00, run_after=2025-01-28 00:00:00+00:00
[2025-01-28T11:13:32.648+0000] {logging_mixin.py:190} INFO - [2025-01-28T11:13:32.646+0000] {dag.py:4180} INFO - Setting next_dagrun for dataset_with_extra_from_classic_operator to 2025-01-27 00:00:00+00:00, run_after=2025-01-28 00:00:00+00:00
[2025-01-28T11:13:32.819+0000] {processor.py:208} INFO - Processing /mnt/c/Users/Admin/Desktop/ud_data/Dataslush_umang/airflow/airflow_venv/lib/python3.12/site-packages/airflow/example_dags/example_outlet_event_extra.py took 0.594 seconds
