[2025-01-28T10:13:16.887+0000] {processor.py:186} INFO - Started process (PID=14837) to work on /mnt/c/Users/Admin/Desktop/ud_data/Dataslush_umang/airflow/airflow_venv/lib/python3.12/site-packages/airflow/example_dags/example_external_task_marker_dag.py
[2025-01-28T10:13:16.889+0000] {processor.py:914} INFO - Processing file /mnt/c/Users/Admin/Desktop/ud_data/Dataslush_umang/airflow/airflow_venv/lib/python3.12/site-packages/airflow/example_dags/example_external_task_marker_dag.py for tasks to queue
[2025-01-28T10:13:16.896+0000] {logging_mixin.py:190} INFO - [2025-01-28T10:13:16.894+0000] {dagbag.py:588} INFO - Filling up the DagBag from /mnt/c/Users/Admin/Desktop/ud_data/Dataslush_umang/airflow/airflow_venv/lib/python3.12/site-packages/airflow/example_dags/example_external_task_marker_dag.py
[2025-01-28T10:13:16.989+0000] {processor.py:925} INFO - DAG(s) 'example_external_task_marker_child', 'example_external_task_marker_parent' retrieved from /mnt/c/Users/Admin/Desktop/ud_data/Dataslush_umang/airflow/airflow_venv/lib/python3.12/site-packages/airflow/example_dags/example_external_task_marker_dag.py
[2025-01-28T10:13:18.703+0000] {logging_mixin.py:190} INFO - [2025-01-28T10:13:18.701+0000] {override.py:1912} INFO - Created Permission View: can edit on DAG:example_external_task_marker_child
[2025-01-28T10:13:18.731+0000] {logging_mixin.py:190} INFO - [2025-01-28T10:13:18.729+0000] {override.py:1912} INFO - Created Permission View: can read on DAG:example_external_task_marker_child
[2025-01-28T10:13:18.754+0000] {logging_mixin.py:190} INFO - [2025-01-28T10:13:18.752+0000] {override.py:1912} INFO - Created Permission View: can delete on DAG:example_external_task_marker_child
[2025-01-28T10:13:18.804+0000] {logging_mixin.py:190} INFO - [2025-01-28T10:13:18.802+0000] {override.py:1912} INFO - Created Permission View: can create on DAG Run:example_external_task_marker_child
[2025-01-28T10:13:18.828+0000] {logging_mixin.py:190} INFO - [2025-01-28T10:13:18.826+0000] {override.py:1912} INFO - Created Permission View: menu access on DAG Run:example_external_task_marker_child
[2025-01-28T10:13:18.853+0000] {logging_mixin.py:190} INFO - [2025-01-28T10:13:18.852+0000] {override.py:1912} INFO - Created Permission View: can read on DAG Run:example_external_task_marker_child
[2025-01-28T10:13:18.878+0000] {logging_mixin.py:190} INFO - [2025-01-28T10:13:18.876+0000] {override.py:1912} INFO - Created Permission View: can delete on DAG Run:example_external_task_marker_child
[2025-01-28T10:13:18.929+0000] {logging_mixin.py:190} INFO - [2025-01-28T10:13:18.927+0000] {override.py:1912} INFO - Created Permission View: can edit on DAG:example_external_task_marker_parent
[2025-01-28T10:13:18.951+0000] {logging_mixin.py:190} INFO - [2025-01-28T10:13:18.949+0000] {override.py:1912} INFO - Created Permission View: can read on DAG:example_external_task_marker_parent
[2025-01-28T10:13:18.978+0000] {logging_mixin.py:190} INFO - [2025-01-28T10:13:18.976+0000] {override.py:1912} INFO - Created Permission View: can delete on DAG:example_external_task_marker_parent
[2025-01-28T10:13:19.023+0000] {logging_mixin.py:190} INFO - [2025-01-28T10:13:19.021+0000] {override.py:1912} INFO - Created Permission View: can create on DAG Run:example_external_task_marker_parent
[2025-01-28T10:13:19.049+0000] {logging_mixin.py:190} INFO - [2025-01-28T10:13:19.047+0000] {override.py:1912} INFO - Created Permission View: menu access on DAG Run:example_external_task_marker_parent
[2025-01-28T10:13:19.075+0000] {logging_mixin.py:190} INFO - [2025-01-28T10:13:19.073+0000] {override.py:1912} INFO - Created Permission View: can read on DAG Run:example_external_task_marker_parent
[2025-01-28T10:13:19.104+0000] {logging_mixin.py:190} INFO - [2025-01-28T10:13:19.102+0000] {override.py:1912} INFO - Created Permission View: can delete on DAG Run:example_external_task_marker_parent
[2025-01-28T10:13:19.107+0000] {logging_mixin.py:190} INFO - [2025-01-28T10:13:19.106+0000] {dag.py:3239} INFO - Sync 2 DAGs
[2025-01-28T10:13:19.122+0000] {logging_mixin.py:190} INFO - [2025-01-28T10:13:19.120+0000] {dag.py:3262} INFO - Creating ORM DAG for example_external_task_marker_child
[2025-01-28T10:13:19.125+0000] {logging_mixin.py:190} INFO - [2025-01-28T10:13:19.124+0000] {dag.py:3262} INFO - Creating ORM DAG for example_external_task_marker_parent
[2025-01-28T10:13:19.127+0000] {logging_mixin.py:190} INFO - [2025-01-28T10:13:19.126+0000] {dag.py:4180} INFO - Setting next_dagrun for example_external_task_marker_child to None, run_after=None
[2025-01-28T10:13:19.129+0000] {logging_mixin.py:190} INFO - [2025-01-28T10:13:19.128+0000] {dag.py:4180} INFO - Setting next_dagrun for example_external_task_marker_parent to None, run_after=None
[2025-01-28T10:13:19.212+0000] {processor.py:208} INFO - Processing /mnt/c/Users/Admin/Desktop/ud_data/Dataslush_umang/airflow/airflow_venv/lib/python3.12/site-packages/airflow/example_dags/example_external_task_marker_dag.py took 2.339 seconds
[2025-01-28T10:15:31.960+0000] {processor.py:186} INFO - Started process (PID=15000) to work on /mnt/c/Users/Admin/Desktop/ud_data/Dataslush_umang/airflow/airflow_venv/lib/python3.12/site-packages/airflow/example_dags/example_external_task_marker_dag.py
[2025-01-28T10:15:32.160+0000] {processor.py:914} INFO - Processing file /mnt/c/Users/Admin/Desktop/ud_data/Dataslush_umang/airflow/airflow_venv/lib/python3.12/site-packages/airflow/example_dags/example_external_task_marker_dag.py for tasks to queue
[2025-01-28T10:15:32.166+0000] {logging_mixin.py:190} INFO - [2025-01-28T10:15:32.164+0000] {dagbag.py:588} INFO - Filling up the DagBag from /mnt/c/Users/Admin/Desktop/ud_data/Dataslush_umang/airflow/airflow_venv/lib/python3.12/site-packages/airflow/example_dags/example_external_task_marker_dag.py
[2025-01-28T10:15:32.292+0000] {processor.py:925} INFO - DAG(s) 'example_external_task_marker_parent', 'example_external_task_marker_child' retrieved from /mnt/c/Users/Admin/Desktop/ud_data/Dataslush_umang/airflow/airflow_venv/lib/python3.12/site-packages/airflow/example_dags/example_external_task_marker_dag.py
[2025-01-28T10:15:32.329+0000] {logging_mixin.py:190} INFO - [2025-01-28T10:15:32.328+0000] {dag.py:3239} INFO - Sync 2 DAGs
[2025-01-28T10:15:32.347+0000] {logging_mixin.py:190} INFO - [2025-01-28T10:15:32.346+0000] {dag.py:4180} INFO - Setting next_dagrun for example_external_task_marker_child to None, run_after=None
[2025-01-28T10:15:32.352+0000] {logging_mixin.py:190} INFO - [2025-01-28T10:15:32.351+0000] {dag.py:4180} INFO - Setting next_dagrun for example_external_task_marker_parent to None, run_after=None
[2025-01-28T10:15:32.627+0000] {processor.py:208} INFO - Processing /mnt/c/Users/Admin/Desktop/ud_data/Dataslush_umang/airflow/airflow_venv/lib/python3.12/site-packages/airflow/example_dags/example_external_task_marker_dag.py took 0.687 seconds
[2025-01-28T10:17:14.309+0000] {processor.py:186} INFO - Started process (PID=15189) to work on /mnt/c/Users/Admin/Desktop/ud_data/Dataslush_umang/airflow/airflow_venv/lib/python3.12/site-packages/airflow/example_dags/example_external_task_marker_dag.py
[2025-01-28T10:17:14.528+0000] {processor.py:914} INFO - Processing file /mnt/c/Users/Admin/Desktop/ud_data/Dataslush_umang/airflow/airflow_venv/lib/python3.12/site-packages/airflow/example_dags/example_external_task_marker_dag.py for tasks to queue
[2025-01-28T10:17:14.534+0000] {logging_mixin.py:190} INFO - [2025-01-28T10:17:14.532+0000] {dagbag.py:588} INFO - Filling up the DagBag from /mnt/c/Users/Admin/Desktop/ud_data/Dataslush_umang/airflow/airflow_venv/lib/python3.12/site-packages/airflow/example_dags/example_external_task_marker_dag.py
[2025-01-28T10:17:14.714+0000] {processor.py:925} INFO - DAG(s) 'example_external_task_marker_child', 'example_external_task_marker_parent' retrieved from /mnt/c/Users/Admin/Desktop/ud_data/Dataslush_umang/airflow/airflow_venv/lib/python3.12/site-packages/airflow/example_dags/example_external_task_marker_dag.py
[2025-01-28T10:17:14.748+0000] {logging_mixin.py:190} INFO - [2025-01-28T10:17:14.747+0000] {dag.py:3239} INFO - Sync 2 DAGs
[2025-01-28T10:17:14.764+0000] {logging_mixin.py:190} INFO - [2025-01-28T10:17:14.762+0000] {dag.py:4180} INFO - Setting next_dagrun for example_external_task_marker_child to None, run_after=None
[2025-01-28T10:17:14.770+0000] {logging_mixin.py:190} INFO - [2025-01-28T10:17:14.768+0000] {dag.py:4180} INFO - Setting next_dagrun for example_external_task_marker_parent to None, run_after=None
[2025-01-28T10:17:15.086+0000] {processor.py:208} INFO - Processing /mnt/c/Users/Admin/Desktop/ud_data/Dataslush_umang/airflow/airflow_venv/lib/python3.12/site-packages/airflow/example_dags/example_external_task_marker_dag.py took 0.802 seconds
[2025-01-28T10:19:35.966+0000] {processor.py:186} INFO - Started process (PID=15421) to work on /mnt/c/Users/Admin/Desktop/ud_data/Dataslush_umang/airflow/airflow_venv/lib/python3.12/site-packages/airflow/example_dags/example_external_task_marker_dag.py
[2025-01-28T10:19:35.972+0000] {processor.py:914} INFO - Processing file /mnt/c/Users/Admin/Desktop/ud_data/Dataslush_umang/airflow/airflow_venv/lib/python3.12/site-packages/airflow/example_dags/example_external_task_marker_dag.py for tasks to queue
[2025-01-28T10:19:35.982+0000] {logging_mixin.py:190} INFO - [2025-01-28T10:19:35.978+0000] {dagbag.py:588} INFO - Filling up the DagBag from /mnt/c/Users/Admin/Desktop/ud_data/Dataslush_umang/airflow/airflow_venv/lib/python3.12/site-packages/airflow/example_dags/example_external_task_marker_dag.py
[2025-01-28T10:19:36.264+0000] {processor.py:925} INFO - DAG(s) 'example_external_task_marker_child', 'example_external_task_marker_parent' retrieved from /mnt/c/Users/Admin/Desktop/ud_data/Dataslush_umang/airflow/airflow_venv/lib/python3.12/site-packages/airflow/example_dags/example_external_task_marker_dag.py
[2025-01-28T10:19:36.306+0000] {logging_mixin.py:190} INFO - [2025-01-28T10:19:36.304+0000] {dag.py:3239} INFO - Sync 2 DAGs
[2025-01-28T10:19:36.326+0000] {logging_mixin.py:190} INFO - [2025-01-28T10:19:36.324+0000] {dag.py:4180} INFO - Setting next_dagrun for example_external_task_marker_child to None, run_after=None
[2025-01-28T10:19:36.335+0000] {logging_mixin.py:190} INFO - [2025-01-28T10:19:36.331+0000] {dag.py:4180} INFO - Setting next_dagrun for example_external_task_marker_parent to None, run_after=None
[2025-01-28T10:19:36.417+0000] {processor.py:208} INFO - Processing /mnt/c/Users/Admin/Desktop/ud_data/Dataslush_umang/airflow/airflow_venv/lib/python3.12/site-packages/airflow/example_dags/example_external_task_marker_dag.py took 0.494 seconds
[2025-01-28T10:22:42.102+0000] {processor.py:186} INFO - Started process (PID=15712) to work on /mnt/c/Users/Admin/Desktop/ud_data/Dataslush_umang/airflow/airflow_venv/lib/python3.12/site-packages/airflow/example_dags/example_external_task_marker_dag.py
[2025-01-28T10:22:42.109+0000] {processor.py:914} INFO - Processing file /mnt/c/Users/Admin/Desktop/ud_data/Dataslush_umang/airflow/airflow_venv/lib/python3.12/site-packages/airflow/example_dags/example_external_task_marker_dag.py for tasks to queue
[2025-01-28T10:22:42.124+0000] {logging_mixin.py:190} INFO - [2025-01-28T10:22:42.119+0000] {dagbag.py:588} INFO - Filling up the DagBag from /mnt/c/Users/Admin/Desktop/ud_data/Dataslush_umang/airflow/airflow_venv/lib/python3.12/site-packages/airflow/example_dags/example_external_task_marker_dag.py
[2025-01-28T10:22:42.428+0000] {processor.py:925} INFO - DAG(s) 'example_external_task_marker_child', 'example_external_task_marker_parent' retrieved from /mnt/c/Users/Admin/Desktop/ud_data/Dataslush_umang/airflow/airflow_venv/lib/python3.12/site-packages/airflow/example_dags/example_external_task_marker_dag.py
[2025-01-28T10:22:42.515+0000] {logging_mixin.py:190} INFO - [2025-01-28T10:22:42.511+0000] {dag.py:3239} INFO - Sync 2 DAGs
[2025-01-28T10:22:42.561+0000] {logging_mixin.py:190} INFO - [2025-01-28T10:22:42.557+0000] {dag.py:4180} INFO - Setting next_dagrun for example_external_task_marker_child to None, run_after=None
[2025-01-28T10:22:42.578+0000] {logging_mixin.py:190} INFO - [2025-01-28T10:22:42.574+0000] {dag.py:4180} INFO - Setting next_dagrun for example_external_task_marker_parent to None, run_after=None
[2025-01-28T10:22:42.654+0000] {processor.py:208} INFO - Processing /mnt/c/Users/Admin/Desktop/ud_data/Dataslush_umang/airflow/airflow_venv/lib/python3.12/site-packages/airflow/example_dags/example_external_task_marker_dag.py took 0.618 seconds
[2025-01-28T10:24:27.087+0000] {processor.py:186} INFO - Started process (PID=15885) to work on /mnt/c/Users/Admin/Desktop/ud_data/Dataslush_umang/airflow/airflow_venv/lib/python3.12/site-packages/airflow/example_dags/example_external_task_marker_dag.py
[2025-01-28T10:24:27.094+0000] {processor.py:914} INFO - Processing file /mnt/c/Users/Admin/Desktop/ud_data/Dataslush_umang/airflow/airflow_venv/lib/python3.12/site-packages/airflow/example_dags/example_external_task_marker_dag.py for tasks to queue
[2025-01-28T10:24:27.109+0000] {logging_mixin.py:190} INFO - [2025-01-28T10:24:27.104+0000] {dagbag.py:588} INFO - Filling up the DagBag from /mnt/c/Users/Admin/Desktop/ud_data/Dataslush_umang/airflow/airflow_venv/lib/python3.12/site-packages/airflow/example_dags/example_external_task_marker_dag.py
[2025-01-28T10:24:27.426+0000] {processor.py:925} INFO - DAG(s) 'example_external_task_marker_child', 'example_external_task_marker_parent' retrieved from /mnt/c/Users/Admin/Desktop/ud_data/Dataslush_umang/airflow/airflow_venv/lib/python3.12/site-packages/airflow/example_dags/example_external_task_marker_dag.py
[2025-01-28T10:24:27.467+0000] {logging_mixin.py:190} INFO - [2025-01-28T10:24:27.465+0000] {dag.py:3239} INFO - Sync 2 DAGs
[2025-01-28T10:24:27.499+0000] {logging_mixin.py:190} INFO - [2025-01-28T10:24:27.497+0000] {dag.py:4180} INFO - Setting next_dagrun for example_external_task_marker_child to None, run_after=None
[2025-01-28T10:24:27.508+0000] {logging_mixin.py:190} INFO - [2025-01-28T10:24:27.506+0000] {dag.py:4180} INFO - Setting next_dagrun for example_external_task_marker_parent to None, run_after=None
[2025-01-28T10:24:27.584+0000] {processor.py:208} INFO - Processing /mnt/c/Users/Admin/Desktop/ud_data/Dataslush_umang/airflow/airflow_venv/lib/python3.12/site-packages/airflow/example_dags/example_external_task_marker_dag.py took 0.566 seconds
[2025-01-28T10:26:54.012+0000] {processor.py:186} INFO - Started process (PID=16226) to work on /mnt/c/Users/Admin/Desktop/ud_data/Dataslush_umang/airflow/airflow_venv/lib/python3.12/site-packages/airflow/example_dags/example_external_task_marker_dag.py
[2025-01-28T10:26:54.018+0000] {processor.py:914} INFO - Processing file /mnt/c/Users/Admin/Desktop/ud_data/Dataslush_umang/airflow/airflow_venv/lib/python3.12/site-packages/airflow/example_dags/example_external_task_marker_dag.py for tasks to queue
[2025-01-28T10:26:54.033+0000] {logging_mixin.py:190} INFO - [2025-01-28T10:26:54.028+0000] {dagbag.py:588} INFO - Filling up the DagBag from /mnt/c/Users/Admin/Desktop/ud_data/Dataslush_umang/airflow/airflow_venv/lib/python3.12/site-packages/airflow/example_dags/example_external_task_marker_dag.py
[2025-01-28T10:26:54.253+0000] {processor.py:925} INFO - DAG(s) 'example_external_task_marker_parent', 'example_external_task_marker_child' retrieved from /mnt/c/Users/Admin/Desktop/ud_data/Dataslush_umang/airflow/airflow_venv/lib/python3.12/site-packages/airflow/example_dags/example_external_task_marker_dag.py
[2025-01-28T10:26:54.292+0000] {logging_mixin.py:190} INFO - [2025-01-28T10:26:54.290+0000] {dag.py:3239} INFO - Sync 2 DAGs
[2025-01-28T10:26:54.311+0000] {logging_mixin.py:190} INFO - [2025-01-28T10:26:54.310+0000] {dag.py:4180} INFO - Setting next_dagrun for example_external_task_marker_child to None, run_after=None
[2025-01-28T10:26:54.318+0000] {logging_mixin.py:190} INFO - [2025-01-28T10:26:54.316+0000] {dag.py:4180} INFO - Setting next_dagrun for example_external_task_marker_parent to None, run_after=None
[2025-01-28T10:26:54.356+0000] {processor.py:208} INFO - Processing /mnt/c/Users/Admin/Desktop/ud_data/Dataslush_umang/airflow/airflow_venv/lib/python3.12/site-packages/airflow/example_dags/example_external_task_marker_dag.py took 0.408 seconds
[2025-01-28T10:29:52.686+0000] {processor.py:186} INFO - Started process (PID=16392) to work on /mnt/c/Users/Admin/Desktop/ud_data/Dataslush_umang/airflow/airflow_venv/lib/python3.12/site-packages/airflow/example_dags/example_external_task_marker_dag.py
[2025-01-28T10:29:52.694+0000] {processor.py:914} INFO - Processing file /mnt/c/Users/Admin/Desktop/ud_data/Dataslush_umang/airflow/airflow_venv/lib/python3.12/site-packages/airflow/example_dags/example_external_task_marker_dag.py for tasks to queue
[2025-01-28T10:29:52.711+0000] {logging_mixin.py:190} INFO - [2025-01-28T10:29:52.706+0000] {dagbag.py:588} INFO - Filling up the DagBag from /mnt/c/Users/Admin/Desktop/ud_data/Dataslush_umang/airflow/airflow_venv/lib/python3.12/site-packages/airflow/example_dags/example_external_task_marker_dag.py
[2025-01-28T10:29:53.054+0000] {processor.py:925} INFO - DAG(s) 'example_external_task_marker_parent', 'example_external_task_marker_child' retrieved from /mnt/c/Users/Admin/Desktop/ud_data/Dataslush_umang/airflow/airflow_venv/lib/python3.12/site-packages/airflow/example_dags/example_external_task_marker_dag.py
[2025-01-28T10:29:53.160+0000] {logging_mixin.py:190} INFO - [2025-01-28T10:29:53.157+0000] {dag.py:3239} INFO - Sync 2 DAGs
[2025-01-28T10:29:53.212+0000] {logging_mixin.py:190} INFO - [2025-01-28T10:29:53.208+0000] {dag.py:4180} INFO - Setting next_dagrun for example_external_task_marker_child to None, run_after=None
[2025-01-28T10:29:53.230+0000] {logging_mixin.py:190} INFO - [2025-01-28T10:29:53.225+0000] {dag.py:4180} INFO - Setting next_dagrun for example_external_task_marker_parent to None, run_after=None
[2025-01-28T10:29:53.295+0000] {processor.py:208} INFO - Processing /mnt/c/Users/Admin/Desktop/ud_data/Dataslush_umang/airflow/airflow_venv/lib/python3.12/site-packages/airflow/example_dags/example_external_task_marker_dag.py took 0.677 seconds
[2025-01-28T10:32:09.085+0000] {processor.py:186} INFO - Started process (PID=16625) to work on /mnt/c/Users/Admin/Desktop/ud_data/Dataslush_umang/airflow/airflow_venv/lib/python3.12/site-packages/airflow/example_dags/example_external_task_marker_dag.py
[2025-01-28T10:32:09.092+0000] {processor.py:914} INFO - Processing file /mnt/c/Users/Admin/Desktop/ud_data/Dataslush_umang/airflow/airflow_venv/lib/python3.12/site-packages/airflow/example_dags/example_external_task_marker_dag.py for tasks to queue
[2025-01-28T10:32:09.108+0000] {logging_mixin.py:190} INFO - [2025-01-28T10:32:09.102+0000] {dagbag.py:588} INFO - Filling up the DagBag from /mnt/c/Users/Admin/Desktop/ud_data/Dataslush_umang/airflow/airflow_venv/lib/python3.12/site-packages/airflow/example_dags/example_external_task_marker_dag.py
[2025-01-28T10:32:09.308+0000] {processor.py:925} INFO - DAG(s) 'example_external_task_marker_child', 'example_external_task_marker_parent' retrieved from /mnt/c/Users/Admin/Desktop/ud_data/Dataslush_umang/airflow/airflow_venv/lib/python3.12/site-packages/airflow/example_dags/example_external_task_marker_dag.py
[2025-01-28T10:32:09.340+0000] {logging_mixin.py:190} INFO - [2025-01-28T10:32:09.338+0000] {dag.py:3239} INFO - Sync 2 DAGs
[2025-01-28T10:32:09.360+0000] {logging_mixin.py:190} INFO - [2025-01-28T10:32:09.358+0000] {dag.py:4180} INFO - Setting next_dagrun for example_external_task_marker_child to None, run_after=None
[2025-01-28T10:32:09.366+0000] {logging_mixin.py:190} INFO - [2025-01-28T10:32:09.365+0000] {dag.py:4180} INFO - Setting next_dagrun for example_external_task_marker_parent to None, run_after=None
[2025-01-28T10:32:09.455+0000] {processor.py:208} INFO - Processing /mnt/c/Users/Admin/Desktop/ud_data/Dataslush_umang/airflow/airflow_venv/lib/python3.12/site-packages/airflow/example_dags/example_external_task_marker_dag.py took 0.438 seconds
[2025-01-28T10:34:41.645+0000] {processor.py:186} INFO - Started process (PID=16858) to work on /mnt/c/Users/Admin/Desktop/ud_data/Dataslush_umang/airflow/airflow_venv/lib/python3.12/site-packages/airflow/example_dags/example_external_task_marker_dag.py
[2025-01-28T10:34:41.695+0000] {processor.py:914} INFO - Processing file /mnt/c/Users/Admin/Desktop/ud_data/Dataslush_umang/airflow/airflow_venv/lib/python3.12/site-packages/airflow/example_dags/example_external_task_marker_dag.py for tasks to queue
[2025-01-28T10:34:41.715+0000] {logging_mixin.py:190} INFO - [2025-01-28T10:34:41.706+0000] {dagbag.py:588} INFO - Filling up the DagBag from /mnt/c/Users/Admin/Desktop/ud_data/Dataslush_umang/airflow/airflow_venv/lib/python3.12/site-packages/airflow/example_dags/example_external_task_marker_dag.py
[2025-01-28T10:34:42.058+0000] {processor.py:925} INFO - DAG(s) 'example_external_task_marker_parent', 'example_external_task_marker_child' retrieved from /mnt/c/Users/Admin/Desktop/ud_data/Dataslush_umang/airflow/airflow_venv/lib/python3.12/site-packages/airflow/example_dags/example_external_task_marker_dag.py
[2025-01-28T10:34:42.124+0000] {logging_mixin.py:190} INFO - [2025-01-28T10:34:42.121+0000] {dag.py:3239} INFO - Sync 2 DAGs
[2025-01-28T10:34:42.147+0000] {logging_mixin.py:190} INFO - [2025-01-28T10:34:42.144+0000] {dag.py:4180} INFO - Setting next_dagrun for example_external_task_marker_child to None, run_after=None
[2025-01-28T10:34:42.154+0000] {logging_mixin.py:190} INFO - [2025-01-28T10:34:42.152+0000] {dag.py:4180} INFO - Setting next_dagrun for example_external_task_marker_parent to None, run_after=None
[2025-01-28T10:34:42.196+0000] {processor.py:208} INFO - Processing /mnt/c/Users/Admin/Desktop/ud_data/Dataslush_umang/airflow/airflow_venv/lib/python3.12/site-packages/airflow/example_dags/example_external_task_marker_dag.py took 0.592 seconds
[2025-01-28T10:36:24.942+0000] {processor.py:186} INFO - Started process (PID=17003) to work on /mnt/c/Users/Admin/Desktop/ud_data/Dataslush_umang/airflow/airflow_venv/lib/python3.12/site-packages/airflow/example_dags/example_external_task_marker_dag.py
[2025-01-28T10:36:24.949+0000] {processor.py:914} INFO - Processing file /mnt/c/Users/Admin/Desktop/ud_data/Dataslush_umang/airflow/airflow_venv/lib/python3.12/site-packages/airflow/example_dags/example_external_task_marker_dag.py for tasks to queue
[2025-01-28T10:36:24.965+0000] {logging_mixin.py:190} INFO - [2025-01-28T10:36:24.960+0000] {dagbag.py:588} INFO - Filling up the DagBag from /mnt/c/Users/Admin/Desktop/ud_data/Dataslush_umang/airflow/airflow_venv/lib/python3.12/site-packages/airflow/example_dags/example_external_task_marker_dag.py
[2025-01-28T10:36:25.246+0000] {processor.py:925} INFO - DAG(s) 'example_external_task_marker_parent', 'example_external_task_marker_child' retrieved from /mnt/c/Users/Admin/Desktop/ud_data/Dataslush_umang/airflow/airflow_venv/lib/python3.12/site-packages/airflow/example_dags/example_external_task_marker_dag.py
[2025-01-28T10:36:55.421+0000] {logging_mixin.py:190} INFO - [2025-01-28T10:36:25.289+0000] {dag.py:3239} INFO - Sync 2 DAGs
[2025-01-28T10:36:55.438+0000] {logging_mixin.py:190} INFO - [2025-01-28T10:36:55.436+0000] {dag.py:4180} INFO - Setting next_dagrun for example_external_task_marker_child to None, run_after=None
[2025-01-28T10:36:55.445+0000] {logging_mixin.py:190} INFO - [2025-01-28T10:36:55.443+0000] {dag.py:4180} INFO - Setting next_dagrun for example_external_task_marker_parent to None, run_after=None
[2025-01-28T10:36:55.485+0000] {processor.py:208} INFO - Processing /mnt/c/Users/Admin/Desktop/ud_data/Dataslush_umang/airflow/airflow_venv/lib/python3.12/site-packages/airflow/example_dags/example_external_task_marker_dag.py took 0.479 seconds
[2025-01-28T10:39:24.047+0000] {processor.py:186} INFO - Started process (PID=17278) to work on /mnt/c/Users/Admin/Desktop/ud_data/Dataslush_umang/airflow/airflow_venv/lib/python3.12/site-packages/airflow/example_dags/example_external_task_marker_dag.py
[2025-01-28T10:39:24.050+0000] {processor.py:914} INFO - Processing file /mnt/c/Users/Admin/Desktop/ud_data/Dataslush_umang/airflow/airflow_venv/lib/python3.12/site-packages/airflow/example_dags/example_external_task_marker_dag.py for tasks to queue
[2025-01-28T10:39:24.058+0000] {logging_mixin.py:190} INFO - [2025-01-28T10:39:24.056+0000] {dagbag.py:588} INFO - Filling up the DagBag from /mnt/c/Users/Admin/Desktop/ud_data/Dataslush_umang/airflow/airflow_venv/lib/python3.12/site-packages/airflow/example_dags/example_external_task_marker_dag.py
[2025-01-28T10:39:24.256+0000] {processor.py:925} INFO - DAG(s) 'example_external_task_marker_parent', 'example_external_task_marker_child' retrieved from /mnt/c/Users/Admin/Desktop/ud_data/Dataslush_umang/airflow/airflow_venv/lib/python3.12/site-packages/airflow/example_dags/example_external_task_marker_dag.py
[2025-01-28T10:39:24.326+0000] {logging_mixin.py:190} INFO - [2025-01-28T10:39:24.323+0000] {dag.py:3239} INFO - Sync 2 DAGs
[2025-01-28T10:39:24.383+0000] {logging_mixin.py:190} INFO - [2025-01-28T10:39:24.379+0000] {dag.py:4180} INFO - Setting next_dagrun for example_external_task_marker_child to None, run_after=None
[2025-01-28T10:39:24.400+0000] {logging_mixin.py:190} INFO - [2025-01-28T10:39:24.396+0000] {dag.py:4180} INFO - Setting next_dagrun for example_external_task_marker_parent to None, run_after=None
[2025-01-28T10:39:24.508+0000] {processor.py:208} INFO - Processing /mnt/c/Users/Admin/Desktop/ud_data/Dataslush_umang/airflow/airflow_venv/lib/python3.12/site-packages/airflow/example_dags/example_external_task_marker_dag.py took 0.491 seconds
[2025-01-28T10:41:17.376+0000] {processor.py:186} INFO - Started process (PID=17408) to work on /mnt/c/Users/Admin/Desktop/ud_data/Dataslush_umang/airflow/airflow_venv/lib/python3.12/site-packages/airflow/example_dags/example_external_task_marker_dag.py
[2025-01-28T10:41:17.464+0000] {processor.py:914} INFO - Processing file /mnt/c/Users/Admin/Desktop/ud_data/Dataslush_umang/airflow/airflow_venv/lib/python3.12/site-packages/airflow/example_dags/example_external_task_marker_dag.py for tasks to queue
[2025-01-28T10:41:17.478+0000] {logging_mixin.py:190} INFO - [2025-01-28T10:41:17.473+0000] {dagbag.py:588} INFO - Filling up the DagBag from /mnt/c/Users/Admin/Desktop/ud_data/Dataslush_umang/airflow/airflow_venv/lib/python3.12/site-packages/airflow/example_dags/example_external_task_marker_dag.py
[2025-01-28T10:41:17.613+0000] {processor.py:925} INFO - DAG(s) 'example_external_task_marker_parent', 'example_external_task_marker_child' retrieved from /mnt/c/Users/Admin/Desktop/ud_data/Dataslush_umang/airflow/airflow_venv/lib/python3.12/site-packages/airflow/example_dags/example_external_task_marker_dag.py
[2025-01-28T10:41:17.639+0000] {logging_mixin.py:190} INFO - [2025-01-28T10:41:17.637+0000] {dag.py:3239} INFO - Sync 2 DAGs
[2025-01-28T10:41:17.654+0000] {logging_mixin.py:190} INFO - [2025-01-28T10:41:17.652+0000] {dag.py:4180} INFO - Setting next_dagrun for example_external_task_marker_child to None, run_after=None
[2025-01-28T10:41:17.660+0000] {logging_mixin.py:190} INFO - [2025-01-28T10:41:17.658+0000] {dag.py:4180} INFO - Setting next_dagrun for example_external_task_marker_parent to None, run_after=None
[2025-01-28T10:41:18.479+0000] {processor.py:208} INFO - Processing /mnt/c/Users/Admin/Desktop/ud_data/Dataslush_umang/airflow/airflow_venv/lib/python3.12/site-packages/airflow/example_dags/example_external_task_marker_dag.py took 1.135 seconds
[2025-01-28T10:43:06.025+0000] {processor.py:186} INFO - Started process (PID=17722) to work on /mnt/c/Users/Admin/Desktop/ud_data/Dataslush_umang/airflow/airflow_venv/lib/python3.12/site-packages/airflow/example_dags/example_external_task_marker_dag.py
[2025-01-28T10:43:06.030+0000] {processor.py:914} INFO - Processing file /mnt/c/Users/Admin/Desktop/ud_data/Dataslush_umang/airflow/airflow_venv/lib/python3.12/site-packages/airflow/example_dags/example_external_task_marker_dag.py for tasks to queue
[2025-01-28T10:43:06.038+0000] {logging_mixin.py:190} INFO - [2025-01-28T10:43:06.035+0000] {dagbag.py:588} INFO - Filling up the DagBag from /mnt/c/Users/Admin/Desktop/ud_data/Dataslush_umang/airflow/airflow_venv/lib/python3.12/site-packages/airflow/example_dags/example_external_task_marker_dag.py
[2025-01-28T10:43:36.254+0000] {processor.py:925} INFO - DAG(s) 'example_external_task_marker_parent', 'example_external_task_marker_child' retrieved from /mnt/c/Users/Admin/Desktop/ud_data/Dataslush_umang/airflow/airflow_venv/lib/python3.12/site-packages/airflow/example_dags/example_external_task_marker_dag.py
[2025-01-28T10:43:36.290+0000] {logging_mixin.py:190} INFO - [2025-01-28T10:43:36.287+0000] {dag.py:3239} INFO - Sync 2 DAGs
[2025-01-28T10:43:36.306+0000] {logging_mixin.py:190} INFO - [2025-01-28T10:43:36.304+0000] {dag.py:4180} INFO - Setting next_dagrun for example_external_task_marker_child to None, run_after=None
[2025-01-28T10:43:36.313+0000] {logging_mixin.py:190} INFO - [2025-01-28T10:43:36.311+0000] {dag.py:4180} INFO - Setting next_dagrun for example_external_task_marker_parent to None, run_after=None
[2025-01-28T10:43:36.352+0000] {processor.py:208} INFO - Processing /mnt/c/Users/Admin/Desktop/ud_data/Dataslush_umang/airflow/airflow_venv/lib/python3.12/site-packages/airflow/example_dags/example_external_task_marker_dag.py took 0.268 seconds
[2025-01-28T10:47:45.128+0000] {processor.py:186} INFO - Started process (PID=18030) to work on /mnt/c/Users/Admin/Desktop/ud_data/Dataslush_umang/airflow/airflow_venv/lib/python3.12/site-packages/airflow/example_dags/example_external_task_marker_dag.py
[2025-01-28T10:47:45.131+0000] {processor.py:914} INFO - Processing file /mnt/c/Users/Admin/Desktop/ud_data/Dataslush_umang/airflow/airflow_venv/lib/python3.12/site-packages/airflow/example_dags/example_external_task_marker_dag.py for tasks to queue
[2025-01-28T10:47:45.137+0000] {logging_mixin.py:190} INFO - [2025-01-28T10:47:45.135+0000] {dagbag.py:588} INFO - Filling up the DagBag from /mnt/c/Users/Admin/Desktop/ud_data/Dataslush_umang/airflow/airflow_venv/lib/python3.12/site-packages/airflow/example_dags/example_external_task_marker_dag.py
[2025-01-28T10:47:45.244+0000] {processor.py:925} INFO - DAG(s) 'example_external_task_marker_parent', 'example_external_task_marker_child' retrieved from /mnt/c/Users/Admin/Desktop/ud_data/Dataslush_umang/airflow/airflow_venv/lib/python3.12/site-packages/airflow/example_dags/example_external_task_marker_dag.py
[2025-01-28T10:47:45.279+0000] {logging_mixin.py:190} INFO - [2025-01-28T10:47:45.277+0000] {dag.py:3239} INFO - Sync 2 DAGs
[2025-01-28T10:47:45.301+0000] {logging_mixin.py:190} INFO - [2025-01-28T10:47:45.299+0000] {dag.py:4180} INFO - Setting next_dagrun for example_external_task_marker_child to None, run_after=None
[2025-01-28T10:47:45.310+0000] {logging_mixin.py:190} INFO - [2025-01-28T10:47:45.308+0000] {dag.py:4180} INFO - Setting next_dagrun for example_external_task_marker_parent to None, run_after=None
[2025-01-28T10:47:45.466+0000] {processor.py:208} INFO - Processing /mnt/c/Users/Admin/Desktop/ud_data/Dataslush_umang/airflow/airflow_venv/lib/python3.12/site-packages/airflow/example_dags/example_external_task_marker_dag.py took 0.365 seconds
[2025-01-28T10:49:09.127+0000] {processor.py:186} INFO - Started process (PID=18218) to work on /mnt/c/Users/Admin/Desktop/ud_data/Dataslush_umang/airflow/airflow_venv/lib/python3.12/site-packages/airflow/example_dags/example_external_task_marker_dag.py
[2025-01-28T10:49:09.131+0000] {processor.py:914} INFO - Processing file /mnt/c/Users/Admin/Desktop/ud_data/Dataslush_umang/airflow/airflow_venv/lib/python3.12/site-packages/airflow/example_dags/example_external_task_marker_dag.py for tasks to queue
[2025-01-28T10:49:09.137+0000] {logging_mixin.py:190} INFO - [2025-01-28T10:49:09.135+0000] {dagbag.py:588} INFO - Filling up the DagBag from /mnt/c/Users/Admin/Desktop/ud_data/Dataslush_umang/airflow/airflow_venv/lib/python3.12/site-packages/airflow/example_dags/example_external_task_marker_dag.py
[2025-01-28T10:49:09.266+0000] {processor.py:925} INFO - DAG(s) 'example_external_task_marker_parent', 'example_external_task_marker_child' retrieved from /mnt/c/Users/Admin/Desktop/ud_data/Dataslush_umang/airflow/airflow_venv/lib/python3.12/site-packages/airflow/example_dags/example_external_task_marker_dag.py
[2025-01-28T10:49:09.306+0000] {logging_mixin.py:190} INFO - [2025-01-28T10:49:09.304+0000] {dag.py:3239} INFO - Sync 2 DAGs
[2025-01-28T10:49:09.330+0000] {logging_mixin.py:190} INFO - [2025-01-28T10:49:09.328+0000] {dag.py:4180} INFO - Setting next_dagrun for example_external_task_marker_child to None, run_after=None
[2025-01-28T10:49:09.337+0000] {logging_mixin.py:190} INFO - [2025-01-28T10:49:09.335+0000] {dag.py:4180} INFO - Setting next_dagrun for example_external_task_marker_parent to None, run_after=None
[2025-01-28T10:49:09.384+0000] {processor.py:208} INFO - Processing /mnt/c/Users/Admin/Desktop/ud_data/Dataslush_umang/airflow/airflow_venv/lib/python3.12/site-packages/airflow/example_dags/example_external_task_marker_dag.py took 0.286 seconds
[2025-01-28T10:50:23.546+0000] {processor.py:186} INFO - Started process (PID=18327) to work on /mnt/c/Users/Admin/Desktop/ud_data/Dataslush_umang/airflow/airflow_venv/lib/python3.12/site-packages/airflow/example_dags/example_external_task_marker_dag.py
[2025-01-28T10:50:23.549+0000] {processor.py:914} INFO - Processing file /mnt/c/Users/Admin/Desktop/ud_data/Dataslush_umang/airflow/airflow_venv/lib/python3.12/site-packages/airflow/example_dags/example_external_task_marker_dag.py for tasks to queue
[2025-01-28T10:50:23.557+0000] {logging_mixin.py:190} INFO - [2025-01-28T10:50:23.554+0000] {dagbag.py:588} INFO - Filling up the DagBag from /mnt/c/Users/Admin/Desktop/ud_data/Dataslush_umang/airflow/airflow_venv/lib/python3.12/site-packages/airflow/example_dags/example_external_task_marker_dag.py
[2025-01-28T10:50:23.687+0000] {processor.py:925} INFO - DAG(s) 'example_external_task_marker_child', 'example_external_task_marker_parent' retrieved from /mnt/c/Users/Admin/Desktop/ud_data/Dataslush_umang/airflow/airflow_venv/lib/python3.12/site-packages/airflow/example_dags/example_external_task_marker_dag.py
[2025-01-28T10:50:23.717+0000] {logging_mixin.py:190} INFO - [2025-01-28T10:50:23.716+0000] {dag.py:3239} INFO - Sync 2 DAGs
[2025-01-28T10:50:23.735+0000] {logging_mixin.py:190} INFO - [2025-01-28T10:50:23.733+0000] {dag.py:4180} INFO - Setting next_dagrun for example_external_task_marker_child to None, run_after=None
[2025-01-28T10:50:23.742+0000] {logging_mixin.py:190} INFO - [2025-01-28T10:50:23.740+0000] {dag.py:4180} INFO - Setting next_dagrun for example_external_task_marker_parent to None, run_after=None
[2025-01-28T10:50:23.786+0000] {processor.py:208} INFO - Processing /mnt/c/Users/Admin/Desktop/ud_data/Dataslush_umang/airflow/airflow_venv/lib/python3.12/site-packages/airflow/example_dags/example_external_task_marker_dag.py took 0.269 seconds
[2025-01-28T10:52:05.001+0000] {processor.py:186} INFO - Started process (PID=18578) to work on /mnt/c/Users/Admin/Desktop/ud_data/Dataslush_umang/airflow/airflow_venv/lib/python3.12/site-packages/airflow/example_dags/example_external_task_marker_dag.py
[2025-01-28T10:52:05.005+0000] {processor.py:914} INFO - Processing file /mnt/c/Users/Admin/Desktop/ud_data/Dataslush_umang/airflow/airflow_venv/lib/python3.12/site-packages/airflow/example_dags/example_external_task_marker_dag.py for tasks to queue
[2025-01-28T10:52:05.011+0000] {logging_mixin.py:190} INFO - [2025-01-28T10:52:05.009+0000] {dagbag.py:588} INFO - Filling up the DagBag from /mnt/c/Users/Admin/Desktop/ud_data/Dataslush_umang/airflow/airflow_venv/lib/python3.12/site-packages/airflow/example_dags/example_external_task_marker_dag.py
[2025-01-28T10:52:05.152+0000] {processor.py:925} INFO - DAG(s) 'example_external_task_marker_child', 'example_external_task_marker_parent' retrieved from /mnt/c/Users/Admin/Desktop/ud_data/Dataslush_umang/airflow/airflow_venv/lib/python3.12/site-packages/airflow/example_dags/example_external_task_marker_dag.py
[2025-01-28T10:52:05.182+0000] {logging_mixin.py:190} INFO - [2025-01-28T10:52:05.180+0000] {dag.py:3239} INFO - Sync 2 DAGs
[2025-01-28T10:52:05.201+0000] {logging_mixin.py:190} INFO - [2025-01-28T10:52:05.199+0000] {dag.py:4180} INFO - Setting next_dagrun for example_external_task_marker_child to None, run_after=None
[2025-01-28T10:52:05.209+0000] {logging_mixin.py:190} INFO - [2025-01-28T10:52:05.207+0000] {dag.py:4180} INFO - Setting next_dagrun for example_external_task_marker_parent to None, run_after=None
[2025-01-28T10:52:05.252+0000] {processor.py:208} INFO - Processing /mnt/c/Users/Admin/Desktop/ud_data/Dataslush_umang/airflow/airflow_venv/lib/python3.12/site-packages/airflow/example_dags/example_external_task_marker_dag.py took 0.277 seconds
[2025-01-28T10:53:44.549+0000] {processor.py:186} INFO - Started process (PID=18739) to work on /mnt/c/Users/Admin/Desktop/ud_data/Dataslush_umang/airflow/airflow_venv/lib/python3.12/site-packages/airflow/example_dags/example_external_task_marker_dag.py
[2025-01-28T10:53:44.552+0000] {processor.py:914} INFO - Processing file /mnt/c/Users/Admin/Desktop/ud_data/Dataslush_umang/airflow/airflow_venv/lib/python3.12/site-packages/airflow/example_dags/example_external_task_marker_dag.py for tasks to queue
[2025-01-28T10:53:44.558+0000] {logging_mixin.py:190} INFO - [2025-01-28T10:53:44.556+0000] {dagbag.py:588} INFO - Filling up the DagBag from /mnt/c/Users/Admin/Desktop/ud_data/Dataslush_umang/airflow/airflow_venv/lib/python3.12/site-packages/airflow/example_dags/example_external_task_marker_dag.py
[2025-01-28T10:53:44.673+0000] {processor.py:925} INFO - DAG(s) 'example_external_task_marker_child', 'example_external_task_marker_parent' retrieved from /mnt/c/Users/Admin/Desktop/ud_data/Dataslush_umang/airflow/airflow_venv/lib/python3.12/site-packages/airflow/example_dags/example_external_task_marker_dag.py
[2025-01-28T10:53:44.722+0000] {logging_mixin.py:190} INFO - [2025-01-28T10:53:44.720+0000] {dag.py:3239} INFO - Sync 2 DAGs
[2025-01-28T10:53:44.746+0000] {logging_mixin.py:190} INFO - [2025-01-28T10:53:44.744+0000] {dag.py:4180} INFO - Setting next_dagrun for example_external_task_marker_child to None, run_after=None
[2025-01-28T10:53:44.755+0000] {logging_mixin.py:190} INFO - [2025-01-28T10:53:44.754+0000] {dag.py:4180} INFO - Setting next_dagrun for example_external_task_marker_parent to None, run_after=None
[2025-01-28T10:53:44.802+0000] {processor.py:208} INFO - Processing /mnt/c/Users/Admin/Desktop/ud_data/Dataslush_umang/airflow/airflow_venv/lib/python3.12/site-packages/airflow/example_dags/example_external_task_marker_dag.py took 0.280 seconds
[2025-01-28T10:55:06.375+0000] {processor.py:186} INFO - Started process (PID=18851) to work on /mnt/c/Users/Admin/Desktop/ud_data/Dataslush_umang/airflow/airflow_venv/lib/python3.12/site-packages/airflow/example_dags/example_external_task_marker_dag.py
[2025-01-28T10:55:06.379+0000] {processor.py:914} INFO - Processing file /mnt/c/Users/Admin/Desktop/ud_data/Dataslush_umang/airflow/airflow_venv/lib/python3.12/site-packages/airflow/example_dags/example_external_task_marker_dag.py for tasks to queue
[2025-01-28T10:55:06.386+0000] {logging_mixin.py:190} INFO - [2025-01-28T10:55:06.384+0000] {dagbag.py:588} INFO - Filling up the DagBag from /mnt/c/Users/Admin/Desktop/ud_data/Dataslush_umang/airflow/airflow_venv/lib/python3.12/site-packages/airflow/example_dags/example_external_task_marker_dag.py
[2025-01-28T10:55:06.512+0000] {processor.py:925} INFO - DAG(s) 'example_external_task_marker_child', 'example_external_task_marker_parent' retrieved from /mnt/c/Users/Admin/Desktop/ud_data/Dataslush_umang/airflow/airflow_venv/lib/python3.12/site-packages/airflow/example_dags/example_external_task_marker_dag.py
[2025-01-28T10:55:06.561+0000] {logging_mixin.py:190} INFO - [2025-01-28T10:55:06.559+0000] {dag.py:3239} INFO - Sync 2 DAGs
[2025-01-28T10:55:06.587+0000] {logging_mixin.py:190} INFO - [2025-01-28T10:55:06.586+0000] {dag.py:4180} INFO - Setting next_dagrun for example_external_task_marker_child to None, run_after=None
[2025-01-28T10:55:06.595+0000] {logging_mixin.py:190} INFO - [2025-01-28T10:55:06.593+0000] {dag.py:4180} INFO - Setting next_dagrun for example_external_task_marker_parent to None, run_after=None
[2025-01-28T10:55:06.646+0000] {processor.py:208} INFO - Processing /mnt/c/Users/Admin/Desktop/ud_data/Dataslush_umang/airflow/airflow_venv/lib/python3.12/site-packages/airflow/example_dags/example_external_task_marker_dag.py took 0.301 seconds
[2025-01-28T10:56:36.268+0000] {processor.py:186} INFO - Started process (PID=19073) to work on /mnt/c/Users/Admin/Desktop/ud_data/Dataslush_umang/airflow/airflow_venv/lib/python3.12/site-packages/airflow/example_dags/example_external_task_marker_dag.py
[2025-01-28T10:56:36.271+0000] {processor.py:914} INFO - Processing file /mnt/c/Users/Admin/Desktop/ud_data/Dataslush_umang/airflow/airflow_venv/lib/python3.12/site-packages/airflow/example_dags/example_external_task_marker_dag.py for tasks to queue
[2025-01-28T10:56:36.277+0000] {logging_mixin.py:190} INFO - [2025-01-28T10:56:36.275+0000] {dagbag.py:588} INFO - Filling up the DagBag from /mnt/c/Users/Admin/Desktop/ud_data/Dataslush_umang/airflow/airflow_venv/lib/python3.12/site-packages/airflow/example_dags/example_external_task_marker_dag.py
[2025-01-28T10:56:36.401+0000] {processor.py:925} INFO - DAG(s) 'example_external_task_marker_parent', 'example_external_task_marker_child' retrieved from /mnt/c/Users/Admin/Desktop/ud_data/Dataslush_umang/airflow/airflow_venv/lib/python3.12/site-packages/airflow/example_dags/example_external_task_marker_dag.py
[2025-01-28T10:56:36.433+0000] {logging_mixin.py:190} INFO - [2025-01-28T10:56:36.431+0000] {dag.py:3239} INFO - Sync 2 DAGs
[2025-01-28T10:56:36.452+0000] {logging_mixin.py:190} INFO - [2025-01-28T10:56:36.451+0000] {dag.py:4180} INFO - Setting next_dagrun for example_external_task_marker_child to None, run_after=None
[2025-01-28T10:56:36.459+0000] {logging_mixin.py:190} INFO - [2025-01-28T10:56:36.457+0000] {dag.py:4180} INFO - Setting next_dagrun for example_external_task_marker_parent to None, run_after=None
[2025-01-28T10:56:36.499+0000] {processor.py:208} INFO - Processing /mnt/c/Users/Admin/Desktop/ud_data/Dataslush_umang/airflow/airflow_venv/lib/python3.12/site-packages/airflow/example_dags/example_external_task_marker_dag.py took 0.256 seconds
[2025-01-28T10:58:05.740+0000] {processor.py:186} INFO - Started process (PID=19214) to work on /mnt/c/Users/Admin/Desktop/ud_data/Dataslush_umang/airflow/airflow_venv/lib/python3.12/site-packages/airflow/example_dags/example_external_task_marker_dag.py
[2025-01-28T10:58:05.743+0000] {processor.py:914} INFO - Processing file /mnt/c/Users/Admin/Desktop/ud_data/Dataslush_umang/airflow/airflow_venv/lib/python3.12/site-packages/airflow/example_dags/example_external_task_marker_dag.py for tasks to queue
[2025-01-28T10:58:05.748+0000] {logging_mixin.py:190} INFO - [2025-01-28T10:58:05.746+0000] {dagbag.py:588} INFO - Filling up the DagBag from /mnt/c/Users/Admin/Desktop/ud_data/Dataslush_umang/airflow/airflow_venv/lib/python3.12/site-packages/airflow/example_dags/example_external_task_marker_dag.py
[2025-01-28T10:58:05.846+0000] {processor.py:925} INFO - DAG(s) 'example_external_task_marker_child', 'example_external_task_marker_parent' retrieved from /mnt/c/Users/Admin/Desktop/ud_data/Dataslush_umang/airflow/airflow_venv/lib/python3.12/site-packages/airflow/example_dags/example_external_task_marker_dag.py
[2025-01-28T10:58:05.885+0000] {logging_mixin.py:190} INFO - [2025-01-28T10:58:05.884+0000] {dag.py:3239} INFO - Sync 2 DAGs
[2025-01-28T10:58:05.919+0000] {logging_mixin.py:190} INFO - [2025-01-28T10:58:05.917+0000] {dag.py:4180} INFO - Setting next_dagrun for example_external_task_marker_child to None, run_after=None
[2025-01-28T10:58:05.929+0000] {logging_mixin.py:190} INFO - [2025-01-28T10:58:05.927+0000] {dag.py:4180} INFO - Setting next_dagrun for example_external_task_marker_parent to None, run_after=None
[2025-01-28T10:58:05.978+0000] {processor.py:208} INFO - Processing /mnt/c/Users/Admin/Desktop/ud_data/Dataslush_umang/airflow/airflow_venv/lib/python3.12/site-packages/airflow/example_dags/example_external_task_marker_dag.py took 0.261 seconds
[2025-01-28T10:59:33.790+0000] {processor.py:186} INFO - Started process (PID=19414) to work on /mnt/c/Users/Admin/Desktop/ud_data/Dataslush_umang/airflow/airflow_venv/lib/python3.12/site-packages/airflow/example_dags/example_external_task_marker_dag.py
[2025-01-28T10:59:34.172+0000] {processor.py:914} INFO - Processing file /mnt/c/Users/Admin/Desktop/ud_data/Dataslush_umang/airflow/airflow_venv/lib/python3.12/site-packages/airflow/example_dags/example_external_task_marker_dag.py for tasks to queue
[2025-01-28T10:59:34.185+0000] {logging_mixin.py:190} INFO - [2025-01-28T10:59:34.179+0000] {dagbag.py:588} INFO - Filling up the DagBag from /mnt/c/Users/Admin/Desktop/ud_data/Dataslush_umang/airflow/airflow_venv/lib/python3.12/site-packages/airflow/example_dags/example_external_task_marker_dag.py
[2025-01-28T10:59:34.377+0000] {processor.py:925} INFO - DAG(s) 'example_external_task_marker_parent', 'example_external_task_marker_child' retrieved from /mnt/c/Users/Admin/Desktop/ud_data/Dataslush_umang/airflow/airflow_venv/lib/python3.12/site-packages/airflow/example_dags/example_external_task_marker_dag.py
[2025-01-28T10:59:34.434+0000] {logging_mixin.py:190} INFO - [2025-01-28T10:59:34.426+0000] {dag.py:3239} INFO - Sync 2 DAGs
[2025-01-28T10:59:34.482+0000] {logging_mixin.py:190} INFO - [2025-01-28T10:59:34.477+0000] {dag.py:4180} INFO - Setting next_dagrun for example_external_task_marker_child to None, run_after=None
[2025-01-28T10:59:34.499+0000] {logging_mixin.py:190} INFO - [2025-01-28T10:59:34.494+0000] {dag.py:4180} INFO - Setting next_dagrun for example_external_task_marker_parent to None, run_after=None
[2025-01-28T10:59:34.688+0000] {processor.py:208} INFO - Processing /mnt/c/Users/Admin/Desktop/ud_data/Dataslush_umang/airflow/airflow_venv/lib/python3.12/site-packages/airflow/example_dags/example_external_task_marker_dag.py took 0.922 seconds
[2025-01-28T11:01:27.740+0000] {processor.py:186} INFO - Started process (PID=19583) to work on /mnt/c/Users/Admin/Desktop/ud_data/Dataslush_umang/airflow/airflow_venv/lib/python3.12/site-packages/airflow/example_dags/example_external_task_marker_dag.py
[2025-01-28T11:01:27.743+0000] {processor.py:914} INFO - Processing file /mnt/c/Users/Admin/Desktop/ud_data/Dataslush_umang/airflow/airflow_venv/lib/python3.12/site-packages/airflow/example_dags/example_external_task_marker_dag.py for tasks to queue
[2025-01-28T11:01:27.748+0000] {logging_mixin.py:190} INFO - [2025-01-28T11:01:27.747+0000] {dagbag.py:588} INFO - Filling up the DagBag from /mnt/c/Users/Admin/Desktop/ud_data/Dataslush_umang/airflow/airflow_venv/lib/python3.12/site-packages/airflow/example_dags/example_external_task_marker_dag.py
[2025-01-28T11:01:27.847+0000] {processor.py:925} INFO - DAG(s) 'example_external_task_marker_child', 'example_external_task_marker_parent' retrieved from /mnt/c/Users/Admin/Desktop/ud_data/Dataslush_umang/airflow/airflow_venv/lib/python3.12/site-packages/airflow/example_dags/example_external_task_marker_dag.py
[2025-01-28T11:01:27.884+0000] {logging_mixin.py:190} INFO - [2025-01-28T11:01:27.882+0000] {dag.py:3239} INFO - Sync 2 DAGs
[2025-01-28T11:01:27.910+0000] {logging_mixin.py:190} INFO - [2025-01-28T11:01:27.906+0000] {dag.py:4180} INFO - Setting next_dagrun for example_external_task_marker_child to None, run_after=None
[2025-01-28T11:01:27.921+0000] {logging_mixin.py:190} INFO - [2025-01-28T11:01:27.919+0000] {dag.py:4180} INFO - Setting next_dagrun for example_external_task_marker_parent to None, run_after=None
[2025-01-28T11:01:27.977+0000] {processor.py:208} INFO - Processing /mnt/c/Users/Admin/Desktop/ud_data/Dataslush_umang/airflow/airflow_venv/lib/python3.12/site-packages/airflow/example_dags/example_external_task_marker_dag.py took 0.267 seconds
[2025-01-28T11:02:50.884+0000] {processor.py:186} INFO - Started process (PID=19660) to work on /mnt/c/Users/Admin/Desktop/ud_data/Dataslush_umang/airflow/airflow_venv/lib/python3.12/site-packages/airflow/example_dags/example_external_task_marker_dag.py
[2025-01-28T11:02:50.887+0000] {processor.py:914} INFO - Processing file /mnt/c/Users/Admin/Desktop/ud_data/Dataslush_umang/airflow/airflow_venv/lib/python3.12/site-packages/airflow/example_dags/example_external_task_marker_dag.py for tasks to queue
[2025-01-28T11:02:50.893+0000] {logging_mixin.py:190} INFO - [2025-01-28T11:02:50.891+0000] {dagbag.py:588} INFO - Filling up the DagBag from /mnt/c/Users/Admin/Desktop/ud_data/Dataslush_umang/airflow/airflow_venv/lib/python3.12/site-packages/airflow/example_dags/example_external_task_marker_dag.py
[2025-01-28T11:02:51.016+0000] {processor.py:925} INFO - DAG(s) 'example_external_task_marker_child', 'example_external_task_marker_parent' retrieved from /mnt/c/Users/Admin/Desktop/ud_data/Dataslush_umang/airflow/airflow_venv/lib/python3.12/site-packages/airflow/example_dags/example_external_task_marker_dag.py
[2025-01-28T11:02:51.046+0000] {logging_mixin.py:190} INFO - [2025-01-28T11:02:51.044+0000] {dag.py:3239} INFO - Sync 2 DAGs
[2025-01-28T11:02:51.063+0000] {logging_mixin.py:190} INFO - [2025-01-28T11:02:51.062+0000] {dag.py:4180} INFO - Setting next_dagrun for example_external_task_marker_child to None, run_after=None
[2025-01-28T11:02:51.069+0000] {logging_mixin.py:190} INFO - [2025-01-28T11:02:51.068+0000] {dag.py:4180} INFO - Setting next_dagrun for example_external_task_marker_parent to None, run_after=None
[2025-01-28T11:02:51.108+0000] {processor.py:208} INFO - Processing /mnt/c/Users/Admin/Desktop/ud_data/Dataslush_umang/airflow/airflow_venv/lib/python3.12/site-packages/airflow/example_dags/example_external_task_marker_dag.py took 0.252 seconds
[2025-01-28T11:04:42.989+0000] {processor.py:186} INFO - Started process (PID=19926) to work on /mnt/c/Users/Admin/Desktop/ud_data/Dataslush_umang/airflow/airflow_venv/lib/python3.12/site-packages/airflow/example_dags/example_external_task_marker_dag.py
[2025-01-28T11:04:42.992+0000] {processor.py:914} INFO - Processing file /mnt/c/Users/Admin/Desktop/ud_data/Dataslush_umang/airflow/airflow_venv/lib/python3.12/site-packages/airflow/example_dags/example_external_task_marker_dag.py for tasks to queue
[2025-01-28T11:04:42.998+0000] {logging_mixin.py:190} INFO - [2025-01-28T11:04:42.997+0000] {dagbag.py:588} INFO - Filling up the DagBag from /mnt/c/Users/Admin/Desktop/ud_data/Dataslush_umang/airflow/airflow_venv/lib/python3.12/site-packages/airflow/example_dags/example_external_task_marker_dag.py
[2025-01-28T11:04:43.109+0000] {processor.py:925} INFO - DAG(s) 'example_external_task_marker_parent', 'example_external_task_marker_child' retrieved from /mnt/c/Users/Admin/Desktop/ud_data/Dataslush_umang/airflow/airflow_venv/lib/python3.12/site-packages/airflow/example_dags/example_external_task_marker_dag.py
[2025-01-28T11:04:43.140+0000] {logging_mixin.py:190} INFO - [2025-01-28T11:04:43.139+0000] {dag.py:3239} INFO - Sync 2 DAGs
[2025-01-28T11:04:43.165+0000] {logging_mixin.py:190} INFO - [2025-01-28T11:04:43.163+0000] {dag.py:4180} INFO - Setting next_dagrun for example_external_task_marker_child to None, run_after=None
[2025-01-28T11:04:43.171+0000] {logging_mixin.py:190} INFO - [2025-01-28T11:04:43.170+0000] {dag.py:4180} INFO - Setting next_dagrun for example_external_task_marker_parent to None, run_after=None
[2025-01-28T11:04:43.336+0000] {processor.py:208} INFO - Processing /mnt/c/Users/Admin/Desktop/ud_data/Dataslush_umang/airflow/airflow_venv/lib/python3.12/site-packages/airflow/example_dags/example_external_task_marker_dag.py took 0.371 seconds
[2025-01-28T11:06:48.999+0000] {processor.py:186} INFO - Started process (PID=20051) to work on /mnt/c/Users/Admin/Desktop/ud_data/Dataslush_umang/airflow/airflow_venv/lib/python3.12/site-packages/airflow/example_dags/example_external_task_marker_dag.py
[2025-01-28T11:06:49.124+0000] {processor.py:914} INFO - Processing file /mnt/c/Users/Admin/Desktop/ud_data/Dataslush_umang/airflow/airflow_venv/lib/python3.12/site-packages/airflow/example_dags/example_external_task_marker_dag.py for tasks to queue
[2025-01-28T11:06:49.132+0000] {logging_mixin.py:190} INFO - [2025-01-28T11:06:49.129+0000] {dagbag.py:588} INFO - Filling up the DagBag from /mnt/c/Users/Admin/Desktop/ud_data/Dataslush_umang/airflow/airflow_venv/lib/python3.12/site-packages/airflow/example_dags/example_external_task_marker_dag.py
[2025-01-28T11:06:49.257+0000] {processor.py:925} INFO - DAG(s) 'example_external_task_marker_child', 'example_external_task_marker_parent' retrieved from /mnt/c/Users/Admin/Desktop/ud_data/Dataslush_umang/airflow/airflow_venv/lib/python3.12/site-packages/airflow/example_dags/example_external_task_marker_dag.py
[2025-01-28T11:06:49.293+0000] {logging_mixin.py:190} INFO - [2025-01-28T11:06:49.291+0000] {dag.py:3239} INFO - Sync 2 DAGs
[2025-01-28T11:06:49.314+0000] {logging_mixin.py:190} INFO - [2025-01-28T11:06:49.313+0000] {dag.py:4180} INFO - Setting next_dagrun for example_external_task_marker_child to None, run_after=None
[2025-01-28T11:06:49.322+0000] {logging_mixin.py:190} INFO - [2025-01-28T11:06:49.321+0000] {dag.py:4180} INFO - Setting next_dagrun for example_external_task_marker_parent to None, run_after=None
[2025-01-28T11:06:49.697+0000] {processor.py:208} INFO - Processing /mnt/c/Users/Admin/Desktop/ud_data/Dataslush_umang/airflow/airflow_venv/lib/python3.12/site-packages/airflow/example_dags/example_external_task_marker_dag.py took 0.725 seconds
[2025-01-28T11:08:21.906+0000] {processor.py:186} INFO - Started process (PID=20203) to work on /mnt/c/Users/Admin/Desktop/ud_data/Dataslush_umang/airflow/airflow_venv/lib/python3.12/site-packages/airflow/example_dags/example_external_task_marker_dag.py
[2025-01-28T11:08:21.909+0000] {processor.py:914} INFO - Processing file /mnt/c/Users/Admin/Desktop/ud_data/Dataslush_umang/airflow/airflow_venv/lib/python3.12/site-packages/airflow/example_dags/example_external_task_marker_dag.py for tasks to queue
[2025-01-28T11:08:21.918+0000] {logging_mixin.py:190} INFO - [2025-01-28T11:08:21.916+0000] {dagbag.py:588} INFO - Filling up the DagBag from /mnt/c/Users/Admin/Desktop/ud_data/Dataslush_umang/airflow/airflow_venv/lib/python3.12/site-packages/airflow/example_dags/example_external_task_marker_dag.py
[2025-01-28T11:08:22.052+0000] {processor.py:925} INFO - DAG(s) 'example_external_task_marker_parent', 'example_external_task_marker_child' retrieved from /mnt/c/Users/Admin/Desktop/ud_data/Dataslush_umang/airflow/airflow_venv/lib/python3.12/site-packages/airflow/example_dags/example_external_task_marker_dag.py
[2025-01-28T11:08:22.095+0000] {logging_mixin.py:190} INFO - [2025-01-28T11:08:22.094+0000] {dag.py:3239} INFO - Sync 2 DAGs
[2025-01-28T11:08:22.115+0000] {logging_mixin.py:190} INFO - [2025-01-28T11:08:22.113+0000] {dag.py:4180} INFO - Setting next_dagrun for example_external_task_marker_child to None, run_after=None
[2025-01-28T11:08:22.123+0000] {logging_mixin.py:190} INFO - [2025-01-28T11:08:22.122+0000] {dag.py:4180} INFO - Setting next_dagrun for example_external_task_marker_parent to None, run_after=None
[2025-01-28T11:08:22.163+0000] {processor.py:208} INFO - Processing /mnt/c/Users/Admin/Desktop/ud_data/Dataslush_umang/airflow/airflow_venv/lib/python3.12/site-packages/airflow/example_dags/example_external_task_marker_dag.py took 0.286 seconds
[2025-01-28T11:10:46.420+0000] {processor.py:186} INFO - Started process (PID=20480) to work on /mnt/c/Users/Admin/Desktop/ud_data/Dataslush_umang/airflow/airflow_venv/lib/python3.12/site-packages/airflow/example_dags/example_external_task_marker_dag.py
[2025-01-28T11:10:46.424+0000] {processor.py:914} INFO - Processing file /mnt/c/Users/Admin/Desktop/ud_data/Dataslush_umang/airflow/airflow_venv/lib/python3.12/site-packages/airflow/example_dags/example_external_task_marker_dag.py for tasks to queue
[2025-01-28T11:10:46.432+0000] {logging_mixin.py:190} INFO - [2025-01-28T11:10:46.429+0000] {dagbag.py:588} INFO - Filling up the DagBag from /mnt/c/Users/Admin/Desktop/ud_data/Dataslush_umang/airflow/airflow_venv/lib/python3.12/site-packages/airflow/example_dags/example_external_task_marker_dag.py
[2025-01-28T11:10:46.562+0000] {processor.py:925} INFO - DAG(s) 'example_external_task_marker_child', 'example_external_task_marker_parent' retrieved from /mnt/c/Users/Admin/Desktop/ud_data/Dataslush_umang/airflow/airflow_venv/lib/python3.12/site-packages/airflow/example_dags/example_external_task_marker_dag.py
[2025-01-28T11:10:46.597+0000] {logging_mixin.py:190} INFO - [2025-01-28T11:10:46.596+0000] {dag.py:3239} INFO - Sync 2 DAGs
[2025-01-28T11:10:46.618+0000] {logging_mixin.py:190} INFO - [2025-01-28T11:10:46.616+0000] {dag.py:4180} INFO - Setting next_dagrun for example_external_task_marker_child to None, run_after=None
[2025-01-28T11:10:46.626+0000] {logging_mixin.py:190} INFO - [2025-01-28T11:10:46.624+0000] {dag.py:4180} INFO - Setting next_dagrun for example_external_task_marker_parent to None, run_after=None
[2025-01-28T11:10:46.673+0000] {processor.py:208} INFO - Processing /mnt/c/Users/Admin/Desktop/ud_data/Dataslush_umang/airflow/airflow_venv/lib/python3.12/site-packages/airflow/example_dags/example_external_task_marker_dag.py took 0.279 seconds
[2025-01-28T11:12:22.519+0000] {processor.py:186} INFO - Started process (PID=20594) to work on /mnt/c/Users/Admin/Desktop/ud_data/Dataslush_umang/airflow/airflow_venv/lib/python3.12/site-packages/airflow/example_dags/example_external_task_marker_dag.py
[2025-01-28T11:12:22.521+0000] {processor.py:914} INFO - Processing file /mnt/c/Users/Admin/Desktop/ud_data/Dataslush_umang/airflow/airflow_venv/lib/python3.12/site-packages/airflow/example_dags/example_external_task_marker_dag.py for tasks to queue
[2025-01-28T11:12:22.527+0000] {logging_mixin.py:190} INFO - [2025-01-28T11:12:22.525+0000] {dagbag.py:588} INFO - Filling up the DagBag from /mnt/c/Users/Admin/Desktop/ud_data/Dataslush_umang/airflow/airflow_venv/lib/python3.12/site-packages/airflow/example_dags/example_external_task_marker_dag.py
[2025-01-28T11:12:22.620+0000] {processor.py:925} INFO - DAG(s) 'example_external_task_marker_parent', 'example_external_task_marker_child' retrieved from /mnt/c/Users/Admin/Desktop/ud_data/Dataslush_umang/airflow/airflow_venv/lib/python3.12/site-packages/airflow/example_dags/example_external_task_marker_dag.py
[2025-01-28T11:12:22.654+0000] {logging_mixin.py:190} INFO - [2025-01-28T11:12:22.653+0000] {dag.py:3239} INFO - Sync 2 DAGs
[2025-01-28T11:12:22.675+0000] {logging_mixin.py:190} INFO - [2025-01-28T11:12:22.673+0000] {dag.py:4180} INFO - Setting next_dagrun for example_external_task_marker_child to None, run_after=None
[2025-01-28T11:12:22.683+0000] {logging_mixin.py:190} INFO - [2025-01-28T11:12:22.682+0000] {dag.py:4180} INFO - Setting next_dagrun for example_external_task_marker_parent to None, run_after=None
[2025-01-28T11:12:22.736+0000] {processor.py:208} INFO - Processing /mnt/c/Users/Admin/Desktop/ud_data/Dataslush_umang/airflow/airflow_venv/lib/python3.12/site-packages/airflow/example_dags/example_external_task_marker_dag.py took 0.243 seconds
[2025-01-28T11:14:01.175+0000] {processor.py:186} INFO - Started process (PID=20708) to work on /mnt/c/Users/Admin/Desktop/ud_data/Dataslush_umang/airflow/airflow_venv/lib/python3.12/site-packages/airflow/example_dags/example_external_task_marker_dag.py
[2025-01-28T11:14:01.178+0000] {processor.py:914} INFO - Processing file /mnt/c/Users/Admin/Desktop/ud_data/Dataslush_umang/airflow/airflow_venv/lib/python3.12/site-packages/airflow/example_dags/example_external_task_marker_dag.py for tasks to queue
[2025-01-28T11:14:01.185+0000] {logging_mixin.py:190} INFO - [2025-01-28T11:14:01.183+0000] {dagbag.py:588} INFO - Filling up the DagBag from /mnt/c/Users/Admin/Desktop/ud_data/Dataslush_umang/airflow/airflow_venv/lib/python3.12/site-packages/airflow/example_dags/example_external_task_marker_dag.py
[2025-01-28T11:14:01.306+0000] {processor.py:925} INFO - DAG(s) 'example_external_task_marker_child', 'example_external_task_marker_parent' retrieved from /mnt/c/Users/Admin/Desktop/ud_data/Dataslush_umang/airflow/airflow_venv/lib/python3.12/site-packages/airflow/example_dags/example_external_task_marker_dag.py
[2025-01-28T11:14:01.340+0000] {logging_mixin.py:190} INFO - [2025-01-28T11:14:01.338+0000] {dag.py:3239} INFO - Sync 2 DAGs
[2025-01-28T11:14:01.365+0000] {logging_mixin.py:190} INFO - [2025-01-28T11:14:01.363+0000] {dag.py:4180} INFO - Setting next_dagrun for example_external_task_marker_child to None, run_after=None
[2025-01-28T11:14:01.373+0000] {logging_mixin.py:190} INFO - [2025-01-28T11:14:01.371+0000] {dag.py:4180} INFO - Setting next_dagrun for example_external_task_marker_parent to None, run_after=None
[2025-01-28T11:14:01.418+0000] {processor.py:208} INFO - Processing /mnt/c/Users/Admin/Desktop/ud_data/Dataslush_umang/airflow/airflow_venv/lib/python3.12/site-packages/airflow/example_dags/example_external_task_marker_dag.py took 0.268 seconds
