[2025-01-28T10:11:36.373+0000] {processor.py:186} INFO - Started process (PID=14688) to work on /mnt/c/Users/Admin/Desktop/ud_data/Dataslush_umang/airflow/airflow_venv/lib/python3.12/site-packages/airflow/example_dags/example_xcomargs.py
[2025-01-28T10:11:36.375+0000] {processor.py:914} INFO - Processing file /mnt/c/Users/Admin/Desktop/ud_data/Dataslush_umang/airflow/airflow_venv/lib/python3.12/site-packages/airflow/example_dags/example_xcomargs.py for tasks to queue
[2025-01-28T10:11:36.380+0000] {logging_mixin.py:190} INFO - [2025-01-28T10:11:36.379+0000] {dagbag.py:588} INFO - Filling up the DagBag from /mnt/c/Users/Admin/Desktop/ud_data/Dataslush_umang/airflow/airflow_venv/lib/python3.12/site-packages/airflow/example_dags/example_xcomargs.py
[2025-01-28T10:11:36.533+0000] {processor.py:925} INFO - DAG(s) 'example_xcom_args', 'example_xcom_args_with_operators' retrieved from /mnt/c/Users/Admin/Desktop/ud_data/Dataslush_umang/airflow/airflow_venv/lib/python3.12/site-packages/airflow/example_dags/example_xcomargs.py
[2025-01-28T10:11:39.413+0000] {logging_mixin.py:190} INFO - [2025-01-28T10:11:39.411+0000] {override.py:1912} INFO - Created Permission View: can edit on DAG:example_xcom_args
[2025-01-28T10:11:39.698+0000] {logging_mixin.py:190} INFO - [2025-01-28T10:11:39.696+0000] {override.py:1912} INFO - Created Permission View: can read on DAG:example_xcom_args
[2025-01-28T10:11:39.726+0000] {logging_mixin.py:190} INFO - [2025-01-28T10:11:39.724+0000] {override.py:1912} INFO - Created Permission View: can delete on DAG:example_xcom_args
[2025-01-28T10:11:39.768+0000] {logging_mixin.py:190} INFO - [2025-01-28T10:11:39.766+0000] {override.py:1912} INFO - Created Permission View: can create on DAG Run:example_xcom_args
[2025-01-28T10:11:39.793+0000] {logging_mixin.py:190} INFO - [2025-01-28T10:11:39.791+0000] {override.py:1912} INFO - Created Permission View: menu access on DAG Run:example_xcom_args
[2025-01-28T10:11:39.930+0000] {logging_mixin.py:190} INFO - [2025-01-28T10:11:39.928+0000] {override.py:1912} INFO - Created Permission View: can read on DAG Run:example_xcom_args
[2025-01-28T10:11:39.954+0000] {logging_mixin.py:190} INFO - [2025-01-28T10:11:39.952+0000] {override.py:1912} INFO - Created Permission View: can delete on DAG Run:example_xcom_args
[2025-01-28T10:11:40.011+0000] {logging_mixin.py:190} INFO - [2025-01-28T10:11:40.010+0000] {override.py:1912} INFO - Created Permission View: can edit on DAG:example_xcom_args_with_operators
[2025-01-28T10:11:40.038+0000] {logging_mixin.py:190} INFO - [2025-01-28T10:11:40.037+0000] {override.py:1912} INFO - Created Permission View: can read on DAG:example_xcom_args_with_operators
[2025-01-28T10:11:40.171+0000] {logging_mixin.py:190} INFO - [2025-01-28T10:11:40.169+0000] {override.py:1912} INFO - Created Permission View: can delete on DAG:example_xcom_args_with_operators
[2025-01-28T10:11:40.218+0000] {logging_mixin.py:190} INFO - [2025-01-28T10:11:40.216+0000] {override.py:1912} INFO - Created Permission View: can create on DAG Run:example_xcom_args_with_operators
[2025-01-28T10:11:40.243+0000] {logging_mixin.py:190} INFO - [2025-01-28T10:11:40.241+0000] {override.py:1912} INFO - Created Permission View: menu access on DAG Run:example_xcom_args_with_operators
[2025-01-28T10:11:40.292+0000] {logging_mixin.py:190} INFO - [2025-01-28T10:11:40.290+0000] {override.py:1912} INFO - Created Permission View: can read on DAG Run:example_xcom_args_with_operators
[2025-01-28T10:11:40.433+0000] {logging_mixin.py:190} INFO - [2025-01-28T10:11:40.432+0000] {override.py:1912} INFO - Created Permission View: can delete on DAG Run:example_xcom_args_with_operators
[2025-01-28T10:11:40.436+0000] {logging_mixin.py:190} INFO - [2025-01-28T10:11:40.435+0000] {dag.py:3239} INFO - Sync 2 DAGs
[2025-01-28T10:11:40.460+0000] {logging_mixin.py:190} INFO - [2025-01-28T10:11:40.458+0000] {dag.py:3262} INFO - Creating ORM DAG for example_xcom_args
[2025-01-28T10:11:40.463+0000] {logging_mixin.py:190} INFO - [2025-01-28T10:11:40.462+0000] {dag.py:3262} INFO - Creating ORM DAG for example_xcom_args_with_operators
[2025-01-28T10:11:40.468+0000] {logging_mixin.py:190} INFO - [2025-01-28T10:11:40.466+0000] {dag.py:4180} INFO - Setting next_dagrun for example_xcom_args to None, run_after=None
[2025-01-28T10:11:40.472+0000] {logging_mixin.py:190} INFO - [2025-01-28T10:11:40.471+0000] {dag.py:4180} INFO - Setting next_dagrun for example_xcom_args_with_operators to None, run_after=None
[2025-01-28T10:11:40.837+0000] {processor.py:208} INFO - Processing /mnt/c/Users/Admin/Desktop/ud_data/Dataslush_umang/airflow/airflow_venv/lib/python3.12/site-packages/airflow/example_dags/example_xcomargs.py took 4.471 seconds
[2025-01-28T10:14:52.668+0000] {processor.py:186} INFO - Started process (PID=14952) to work on /mnt/c/Users/Admin/Desktop/ud_data/Dataslush_umang/airflow/airflow_venv/lib/python3.12/site-packages/airflow/example_dags/example_xcomargs.py
[2025-01-28T10:14:52.670+0000] {processor.py:914} INFO - Processing file /mnt/c/Users/Admin/Desktop/ud_data/Dataslush_umang/airflow/airflow_venv/lib/python3.12/site-packages/airflow/example_dags/example_xcomargs.py for tasks to queue
[2025-01-28T10:14:52.674+0000] {logging_mixin.py:190} INFO - [2025-01-28T10:14:52.673+0000] {dagbag.py:588} INFO - Filling up the DagBag from /mnt/c/Users/Admin/Desktop/ud_data/Dataslush_umang/airflow/airflow_venv/lib/python3.12/site-packages/airflow/example_dags/example_xcomargs.py
[2025-01-28T10:14:52.764+0000] {processor.py:925} INFO - DAG(s) 'example_xcom_args_with_operators', 'example_xcom_args' retrieved from /mnt/c/Users/Admin/Desktop/ud_data/Dataslush_umang/airflow/airflow_venv/lib/python3.12/site-packages/airflow/example_dags/example_xcomargs.py
[2025-01-28T10:14:52.788+0000] {logging_mixin.py:190} INFO - [2025-01-28T10:14:52.787+0000] {dag.py:3239} INFO - Sync 2 DAGs
[2025-01-28T10:14:52.801+0000] {logging_mixin.py:190} INFO - [2025-01-28T10:14:52.800+0000] {dag.py:4180} INFO - Setting next_dagrun for example_xcom_args to None, run_after=None
[2025-01-28T10:14:52.806+0000] {logging_mixin.py:190} INFO - [2025-01-28T10:14:52.805+0000] {dag.py:4180} INFO - Setting next_dagrun for example_xcom_args_with_operators to None, run_after=None
[2025-01-28T10:14:52.839+0000] {processor.py:208} INFO - Processing /mnt/c/Users/Admin/Desktop/ud_data/Dataslush_umang/airflow/airflow_venv/lib/python3.12/site-packages/airflow/example_dags/example_xcomargs.py took 0.193 seconds
[2025-01-28T10:15:58.884+0000] {processor.py:186} INFO - Started process (PID=15048) to work on /mnt/c/Users/Admin/Desktop/ud_data/Dataslush_umang/airflow/airflow_venv/lib/python3.12/site-packages/airflow/example_dags/example_xcomargs.py
[2025-01-28T10:15:59.179+0000] {processor.py:914} INFO - Processing file /mnt/c/Users/Admin/Desktop/ud_data/Dataslush_umang/airflow/airflow_venv/lib/python3.12/site-packages/airflow/example_dags/example_xcomargs.py for tasks to queue
[2025-01-28T10:15:59.210+0000] {logging_mixin.py:190} INFO - [2025-01-28T10:15:59.203+0000] {dagbag.py:588} INFO - Filling up the DagBag from /mnt/c/Users/Admin/Desktop/ud_data/Dataslush_umang/airflow/airflow_venv/lib/python3.12/site-packages/airflow/example_dags/example_xcomargs.py
[2025-01-28T10:15:59.363+0000] {processor.py:925} INFO - DAG(s) 'example_xcom_args_with_operators', 'example_xcom_args' retrieved from /mnt/c/Users/Admin/Desktop/ud_data/Dataslush_umang/airflow/airflow_venv/lib/python3.12/site-packages/airflow/example_dags/example_xcomargs.py
[2025-01-28T10:15:59.390+0000] {logging_mixin.py:190} INFO - [2025-01-28T10:15:59.388+0000] {dag.py:3239} INFO - Sync 2 DAGs
[2025-01-28T10:15:59.405+0000] {logging_mixin.py:190} INFO - [2025-01-28T10:15:59.403+0000] {dag.py:4180} INFO - Setting next_dagrun for example_xcom_args to None, run_after=None
[2025-01-28T10:15:59.411+0000] {logging_mixin.py:190} INFO - [2025-01-28T10:15:59.409+0000] {dag.py:4180} INFO - Setting next_dagrun for example_xcom_args_with_operators to None, run_after=None
[2025-01-28T10:15:59.939+0000] {processor.py:208} INFO - Processing /mnt/c/Users/Admin/Desktop/ud_data/Dataslush_umang/airflow/airflow_venv/lib/python3.12/site-packages/airflow/example_dags/example_xcomargs.py took 1.074 seconds
[2025-01-28T10:17:18.425+0000] {processor.py:186} INFO - Started process (PID=15143) to work on /mnt/c/Users/Admin/Desktop/ud_data/Dataslush_umang/airflow/airflow_venv/lib/python3.12/site-packages/airflow/example_dags/example_xcomargs.py
[2025-01-28T10:17:18.428+0000] {processor.py:914} INFO - Processing file /mnt/c/Users/Admin/Desktop/ud_data/Dataslush_umang/airflow/airflow_venv/lib/python3.12/site-packages/airflow/example_dags/example_xcomargs.py for tasks to queue
[2025-01-28T10:17:18.432+0000] {logging_mixin.py:190} INFO - [2025-01-28T10:17:18.431+0000] {dagbag.py:588} INFO - Filling up the DagBag from /mnt/c/Users/Admin/Desktop/ud_data/Dataslush_umang/airflow/airflow_venv/lib/python3.12/site-packages/airflow/example_dags/example_xcomargs.py
[2025-01-28T10:17:18.549+0000] {processor.py:925} INFO - DAG(s) 'example_xcom_args_with_operators', 'example_xcom_args' retrieved from /mnt/c/Users/Admin/Desktop/ud_data/Dataslush_umang/airflow/airflow_venv/lib/python3.12/site-packages/airflow/example_dags/example_xcomargs.py
[2025-01-28T10:17:18.587+0000] {logging_mixin.py:190} INFO - [2025-01-28T10:17:18.585+0000] {dag.py:3239} INFO - Sync 2 DAGs
[2025-01-28T10:17:18.611+0000] {logging_mixin.py:190} INFO - [2025-01-28T10:17:18.609+0000] {dag.py:4180} INFO - Setting next_dagrun for example_xcom_args to None, run_after=None
[2025-01-28T10:17:18.617+0000] {logging_mixin.py:190} INFO - [2025-01-28T10:17:18.616+0000] {dag.py:4180} INFO - Setting next_dagrun for example_xcom_args_with_operators to None, run_after=None
[2025-01-28T10:17:18.658+0000] {processor.py:208} INFO - Processing /mnt/c/Users/Admin/Desktop/ud_data/Dataslush_umang/airflow/airflow_venv/lib/python3.12/site-packages/airflow/example_dags/example_xcomargs.py took 0.252 seconds
[2025-01-28T10:18:59.784+0000] {processor.py:186} INFO - Started process (PID=15378) to work on /mnt/c/Users/Admin/Desktop/ud_data/Dataslush_umang/airflow/airflow_venv/lib/python3.12/site-packages/airflow/example_dags/example_xcomargs.py
[2025-01-28T10:18:59.787+0000] {processor.py:914} INFO - Processing file /mnt/c/Users/Admin/Desktop/ud_data/Dataslush_umang/airflow/airflow_venv/lib/python3.12/site-packages/airflow/example_dags/example_xcomargs.py for tasks to queue
[2025-01-28T10:18:59.792+0000] {logging_mixin.py:190} INFO - [2025-01-28T10:18:59.790+0000] {dagbag.py:588} INFO - Filling up the DagBag from /mnt/c/Users/Admin/Desktop/ud_data/Dataslush_umang/airflow/airflow_venv/lib/python3.12/site-packages/airflow/example_dags/example_xcomargs.py
[2025-01-28T10:18:59.916+0000] {processor.py:925} INFO - DAG(s) 'example_xcom_args_with_operators', 'example_xcom_args' retrieved from /mnt/c/Users/Admin/Desktop/ud_data/Dataslush_umang/airflow/airflow_venv/lib/python3.12/site-packages/airflow/example_dags/example_xcomargs.py
[2025-01-28T10:18:59.946+0000] {logging_mixin.py:190} INFO - [2025-01-28T10:18:59.944+0000] {dag.py:3239} INFO - Sync 2 DAGs
[2025-01-28T10:18:59.963+0000] {logging_mixin.py:190} INFO - [2025-01-28T10:18:59.961+0000] {dag.py:4180} INFO - Setting next_dagrun for example_xcom_args to None, run_after=None
[2025-01-28T10:18:59.970+0000] {logging_mixin.py:190} INFO - [2025-01-28T10:18:59.968+0000] {dag.py:4180} INFO - Setting next_dagrun for example_xcom_args_with_operators to None, run_after=None
[2025-01-28T10:19:00.012+0000] {processor.py:208} INFO - Processing /mnt/c/Users/Admin/Desktop/ud_data/Dataslush_umang/airflow/airflow_venv/lib/python3.12/site-packages/airflow/example_dags/example_xcomargs.py took 0.254 seconds
[2025-01-28T10:20:16.995+0000] {processor.py:186} INFO - Started process (PID=15491) to work on /mnt/c/Users/Admin/Desktop/ud_data/Dataslush_umang/airflow/airflow_venv/lib/python3.12/site-packages/airflow/example_dags/example_xcomargs.py
[2025-01-28T10:20:17.001+0000] {processor.py:914} INFO - Processing file /mnt/c/Users/Admin/Desktop/ud_data/Dataslush_umang/airflow/airflow_venv/lib/python3.12/site-packages/airflow/example_dags/example_xcomargs.py for tasks to queue
[2025-01-28T10:20:17.010+0000] {logging_mixin.py:190} INFO - [2025-01-28T10:20:17.007+0000] {dagbag.py:588} INFO - Filling up the DagBag from /mnt/c/Users/Admin/Desktop/ud_data/Dataslush_umang/airflow/airflow_venv/lib/python3.12/site-packages/airflow/example_dags/example_xcomargs.py
[2025-01-28T10:20:17.174+0000] {processor.py:925} INFO - DAG(s) 'example_xcom_args', 'example_xcom_args_with_operators' retrieved from /mnt/c/Users/Admin/Desktop/ud_data/Dataslush_umang/airflow/airflow_venv/lib/python3.12/site-packages/airflow/example_dags/example_xcomargs.py
[2025-01-28T10:20:17.212+0000] {logging_mixin.py:190} INFO - [2025-01-28T10:20:17.211+0000] {dag.py:3239} INFO - Sync 2 DAGs
[2025-01-28T10:20:17.239+0000] {logging_mixin.py:190} INFO - [2025-01-28T10:20:17.238+0000] {dag.py:4180} INFO - Setting next_dagrun for example_xcom_args to None, run_after=None
[2025-01-28T10:20:17.248+0000] {logging_mixin.py:190} INFO - [2025-01-28T10:20:17.246+0000] {dag.py:4180} INFO - Setting next_dagrun for example_xcom_args_with_operators to None, run_after=None
[2025-01-28T10:20:17.436+0000] {processor.py:208} INFO - Processing /mnt/c/Users/Admin/Desktop/ud_data/Dataslush_umang/airflow/airflow_venv/lib/python3.12/site-packages/airflow/example_dags/example_xcomargs.py took 0.488 seconds
[2025-01-28T10:22:19.238+0000] {processor.py:186} INFO - Started process (PID=15615) to work on /mnt/c/Users/Admin/Desktop/ud_data/Dataslush_umang/airflow/airflow_venv/lib/python3.12/site-packages/airflow/example_dags/example_xcomargs.py
[2025-01-28T10:22:19.351+0000] {processor.py:914} INFO - Processing file /mnt/c/Users/Admin/Desktop/ud_data/Dataslush_umang/airflow/airflow_venv/lib/python3.12/site-packages/airflow/example_dags/example_xcomargs.py for tasks to queue
[2025-01-28T10:22:19.367+0000] {logging_mixin.py:190} INFO - [2025-01-28T10:22:19.362+0000] {dagbag.py:588} INFO - Filling up the DagBag from /mnt/c/Users/Admin/Desktop/ud_data/Dataslush_umang/airflow/airflow_venv/lib/python3.12/site-packages/airflow/example_dags/example_xcomargs.py
[2025-01-28T10:21:49.611+0000] {processor.py:925} INFO - DAG(s) 'example_xcom_args_with_operators', 'example_xcom_args' retrieved from /mnt/c/Users/Admin/Desktop/ud_data/Dataslush_umang/airflow/airflow_venv/lib/python3.12/site-packages/airflow/example_dags/example_xcomargs.py
[2025-01-28T10:21:49.698+0000] {logging_mixin.py:190} INFO - [2025-01-28T10:21:49.694+0000] {dag.py:3239} INFO - Sync 2 DAGs
[2025-01-28T10:21:49.745+0000] {logging_mixin.py:190} INFO - [2025-01-28T10:21:49.741+0000] {dag.py:4180} INFO - Setting next_dagrun for example_xcom_args to None, run_after=None
[2025-01-28T10:21:49.761+0000] {logging_mixin.py:190} INFO - [2025-01-28T10:21:49.757+0000] {dag.py:4180} INFO - Setting next_dagrun for example_xcom_args_with_operators to None, run_after=None
[2025-01-28T10:21:50.370+0000] {processor.py:208} INFO - Processing /mnt/c/Users/Admin/Desktop/ud_data/Dataslush_umang/airflow/airflow_venv/lib/python3.12/site-packages/airflow/example_dags/example_xcomargs.py took 1.321 seconds
[2025-01-28T10:23:30.398+0000] {processor.py:186} INFO - Started process (PID=15803) to work on /mnt/c/Users/Admin/Desktop/ud_data/Dataslush_umang/airflow/airflow_venv/lib/python3.12/site-packages/airflow/example_dags/example_xcomargs.py
[2025-01-28T10:23:30.478+0000] {processor.py:914} INFO - Processing file /mnt/c/Users/Admin/Desktop/ud_data/Dataslush_umang/airflow/airflow_venv/lib/python3.12/site-packages/airflow/example_dags/example_xcomargs.py for tasks to queue
[2025-01-28T10:23:30.494+0000] {logging_mixin.py:190} INFO - [2025-01-28T10:23:30.489+0000] {dagbag.py:588} INFO - Filling up the DagBag from /mnt/c/Users/Admin/Desktop/ud_data/Dataslush_umang/airflow/airflow_venv/lib/python3.12/site-packages/airflow/example_dags/example_xcomargs.py
[2025-01-28T10:23:30.840+0000] {processor.py:925} INFO - DAG(s) 'example_xcom_args', 'example_xcom_args_with_operators' retrieved from /mnt/c/Users/Admin/Desktop/ud_data/Dataslush_umang/airflow/airflow_venv/lib/python3.12/site-packages/airflow/example_dags/example_xcomargs.py
[2025-01-28T10:23:31.052+0000] {logging_mixin.py:190} INFO - [2025-01-28T10:23:31.050+0000] {dag.py:3239} INFO - Sync 2 DAGs
[2025-01-28T10:23:31.193+0000] {logging_mixin.py:190} INFO - [2025-01-28T10:23:31.189+0000] {dag.py:4180} INFO - Setting next_dagrun for example_xcom_args to None, run_after=None
[2025-01-28T10:23:31.215+0000] {logging_mixin.py:190} INFO - [2025-01-28T10:23:31.210+0000] {dag.py:4180} INFO - Setting next_dagrun for example_xcom_args_with_operators to None, run_after=None
[2025-01-28T10:23:31.304+0000] {processor.py:208} INFO - Processing /mnt/c/Users/Admin/Desktop/ud_data/Dataslush_umang/airflow/airflow_venv/lib/python3.12/site-packages/airflow/example_dags/example_xcomargs.py took 0.977 seconds
[2025-01-28T10:25:10.135+0000] {processor.py:186} INFO - Started process (PID=16001) to work on /mnt/c/Users/Admin/Desktop/ud_data/Dataslush_umang/airflow/airflow_venv/lib/python3.12/site-packages/airflow/example_dags/example_xcomargs.py
[2025-01-28T10:25:10.259+0000] {processor.py:914} INFO - Processing file /mnt/c/Users/Admin/Desktop/ud_data/Dataslush_umang/airflow/airflow_venv/lib/python3.12/site-packages/airflow/example_dags/example_xcomargs.py for tasks to queue
[2025-01-28T10:25:10.273+0000] {logging_mixin.py:190} INFO - [2025-01-28T10:25:10.269+0000] {dagbag.py:588} INFO - Filling up the DagBag from /mnt/c/Users/Admin/Desktop/ud_data/Dataslush_umang/airflow/airflow_venv/lib/python3.12/site-packages/airflow/example_dags/example_xcomargs.py
[2025-01-28T10:25:10.536+0000] {processor.py:925} INFO - DAG(s) 'example_xcom_args_with_operators', 'example_xcom_args' retrieved from /mnt/c/Users/Admin/Desktop/ud_data/Dataslush_umang/airflow/airflow_venv/lib/python3.12/site-packages/airflow/example_dags/example_xcomargs.py
[2025-01-28T10:25:10.569+0000] {logging_mixin.py:190} INFO - [2025-01-28T10:25:10.567+0000] {dag.py:3239} INFO - Sync 2 DAGs
[2025-01-28T10:25:10.589+0000] {logging_mixin.py:190} INFO - [2025-01-28T10:25:10.587+0000] {dag.py:4180} INFO - Setting next_dagrun for example_xcom_args to None, run_after=None
[2025-01-28T10:25:10.596+0000] {logging_mixin.py:190} INFO - [2025-01-28T10:25:10.594+0000] {dag.py:4180} INFO - Setting next_dagrun for example_xcom_args_with_operators to None, run_after=None
[2025-01-28T10:25:10.873+0000] {processor.py:208} INFO - Processing /mnt/c/Users/Admin/Desktop/ud_data/Dataslush_umang/airflow/airflow_venv/lib/python3.12/site-packages/airflow/example_dags/example_xcomargs.py took 0.789 seconds
[2025-01-28T10:26:26.436+0000] {processor.py:186} INFO - Started process (PID=16173) to work on /mnt/c/Users/Admin/Desktop/ud_data/Dataslush_umang/airflow/airflow_venv/lib/python3.12/site-packages/airflow/example_dags/example_xcomargs.py
[2025-01-28T10:26:26.441+0000] {processor.py:914} INFO - Processing file /mnt/c/Users/Admin/Desktop/ud_data/Dataslush_umang/airflow/airflow_venv/lib/python3.12/site-packages/airflow/example_dags/example_xcomargs.py for tasks to queue
[2025-01-28T10:26:26.449+0000] {logging_mixin.py:190} INFO - [2025-01-28T10:26:26.446+0000] {dagbag.py:588} INFO - Filling up the DagBag from /mnt/c/Users/Admin/Desktop/ud_data/Dataslush_umang/airflow/airflow_venv/lib/python3.12/site-packages/airflow/example_dags/example_xcomargs.py
[2025-01-28T10:26:26.652+0000] {processor.py:925} INFO - DAG(s) 'example_xcom_args_with_operators', 'example_xcom_args' retrieved from /mnt/c/Users/Admin/Desktop/ud_data/Dataslush_umang/airflow/airflow_venv/lib/python3.12/site-packages/airflow/example_dags/example_xcomargs.py
[2025-01-28T10:26:26.683+0000] {logging_mixin.py:190} INFO - [2025-01-28T10:26:26.680+0000] {dag.py:3239} INFO - Sync 2 DAGs
[2025-01-28T10:26:26.700+0000] {logging_mixin.py:190} INFO - [2025-01-28T10:26:26.698+0000] {dag.py:4180} INFO - Setting next_dagrun for example_xcom_args to None, run_after=None
[2025-01-28T10:26:26.708+0000] {logging_mixin.py:190} INFO - [2025-01-28T10:26:26.706+0000] {dag.py:4180} INFO - Setting next_dagrun for example_xcom_args_with_operators to None, run_after=None
[2025-01-28T10:26:26.749+0000] {processor.py:208} INFO - Processing /mnt/c/Users/Admin/Desktop/ud_data/Dataslush_umang/airflow/airflow_venv/lib/python3.12/site-packages/airflow/example_dags/example_xcomargs.py took 0.373 seconds
[2025-01-28T10:28:24.869+0000] {processor.py:186} INFO - Started process (PID=16279) to work on /mnt/c/Users/Admin/Desktop/ud_data/Dataslush_umang/airflow/airflow_venv/lib/python3.12/site-packages/airflow/example_dags/example_xcomargs.py
[2025-01-28T10:28:24.876+0000] {processor.py:914} INFO - Processing file /mnt/c/Users/Admin/Desktop/ud_data/Dataslush_umang/airflow/airflow_venv/lib/python3.12/site-packages/airflow/example_dags/example_xcomargs.py for tasks to queue
[2025-01-28T10:28:24.889+0000] {logging_mixin.py:190} INFO - [2025-01-28T10:28:24.885+0000] {dagbag.py:588} INFO - Filling up the DagBag from /mnt/c/Users/Admin/Desktop/ud_data/Dataslush_umang/airflow/airflow_venv/lib/python3.12/site-packages/airflow/example_dags/example_xcomargs.py
[2025-01-28T10:27:55.118+0000] {processor.py:925} INFO - DAG(s) 'example_xcom_args', 'example_xcom_args_with_operators' retrieved from /mnt/c/Users/Admin/Desktop/ud_data/Dataslush_umang/airflow/airflow_venv/lib/python3.12/site-packages/airflow/example_dags/example_xcomargs.py
[2025-01-28T10:27:55.185+0000] {logging_mixin.py:190} INFO - [2025-01-28T10:27:55.182+0000] {dag.py:3239} INFO - Sync 2 DAGs
[2025-01-28T10:27:55.207+0000] {logging_mixin.py:190} INFO - [2025-01-28T10:27:55.204+0000] {dag.py:4180} INFO - Setting next_dagrun for example_xcom_args to None, run_after=None
[2025-01-28T10:27:55.214+0000] {logging_mixin.py:190} INFO - [2025-01-28T10:27:55.212+0000] {dag.py:4180} INFO - Setting next_dagrun for example_xcom_args_with_operators to None, run_after=None
[2025-01-28T10:27:56.193+0000] {processor.py:208} INFO - Processing /mnt/c/Users/Admin/Desktop/ud_data/Dataslush_umang/airflow/airflow_venv/lib/python3.12/site-packages/airflow/example_dags/example_xcomargs.py took 1.508 seconds
[2025-01-28T10:29:18.536+0000] {processor.py:186} INFO - Started process (PID=16357) to work on /mnt/c/Users/Admin/Desktop/ud_data/Dataslush_umang/airflow/airflow_venv/lib/python3.12/site-packages/airflow/example_dags/example_xcomargs.py
[2025-01-28T10:29:18.545+0000] {processor.py:914} INFO - Processing file /mnt/c/Users/Admin/Desktop/ud_data/Dataslush_umang/airflow/airflow_venv/lib/python3.12/site-packages/airflow/example_dags/example_xcomargs.py for tasks to queue
[2025-01-28T10:29:18.559+0000] {logging_mixin.py:190} INFO - [2025-01-28T10:29:18.554+0000] {dagbag.py:588} INFO - Filling up the DagBag from /mnt/c/Users/Admin/Desktop/ud_data/Dataslush_umang/airflow/airflow_venv/lib/python3.12/site-packages/airflow/example_dags/example_xcomargs.py
[2025-01-28T10:29:18.910+0000] {processor.py:925} INFO - DAG(s) 'example_xcom_args_with_operators', 'example_xcom_args' retrieved from /mnt/c/Users/Admin/Desktop/ud_data/Dataslush_umang/airflow/airflow_venv/lib/python3.12/site-packages/airflow/example_dags/example_xcomargs.py
[2025-01-28T10:29:18.984+0000] {logging_mixin.py:190} INFO - [2025-01-28T10:29:18.981+0000] {dag.py:3239} INFO - Sync 2 DAGs
[2025-01-28T10:29:19.019+0000] {logging_mixin.py:190} INFO - [2025-01-28T10:29:19.015+0000] {dag.py:4180} INFO - Setting next_dagrun for example_xcom_args to None, run_after=None
[2025-01-28T10:29:19.037+0000] {logging_mixin.py:190} INFO - [2025-01-28T10:29:19.033+0000] {dag.py:4180} INFO - Setting next_dagrun for example_xcom_args_with_operators to None, run_after=None
[2025-01-28T10:29:19.244+0000] {processor.py:208} INFO - Processing /mnt/c/Users/Admin/Desktop/ud_data/Dataslush_umang/airflow/airflow_venv/lib/python3.12/site-packages/airflow/example_dags/example_xcomargs.py took 0.779 seconds
[2025-01-28T10:30:43.874+0000] {processor.py:186} INFO - Started process (PID=16452) to work on /mnt/c/Users/Admin/Desktop/ud_data/Dataslush_umang/airflow/airflow_venv/lib/python3.12/site-packages/airflow/example_dags/example_xcomargs.py
[2025-01-28T10:30:43.881+0000] {processor.py:914} INFO - Processing file /mnt/c/Users/Admin/Desktop/ud_data/Dataslush_umang/airflow/airflow_venv/lib/python3.12/site-packages/airflow/example_dags/example_xcomargs.py for tasks to queue
[2025-01-28T10:30:43.895+0000] {logging_mixin.py:190} INFO - [2025-01-28T10:30:43.890+0000] {dagbag.py:588} INFO - Filling up the DagBag from /mnt/c/Users/Admin/Desktop/ud_data/Dataslush_umang/airflow/airflow_venv/lib/python3.12/site-packages/airflow/example_dags/example_xcomargs.py
[2025-01-28T10:30:44.251+0000] {processor.py:925} INFO - DAG(s) 'example_xcom_args_with_operators', 'example_xcom_args' retrieved from /mnt/c/Users/Admin/Desktop/ud_data/Dataslush_umang/airflow/airflow_venv/lib/python3.12/site-packages/airflow/example_dags/example_xcomargs.py
[2025-01-28T10:30:44.325+0000] {logging_mixin.py:190} INFO - [2025-01-28T10:30:44.322+0000] {dag.py:3239} INFO - Sync 2 DAGs
[2025-01-28T10:30:44.357+0000] {logging_mixin.py:190} INFO - [2025-01-28T10:30:44.356+0000] {dag.py:4180} INFO - Setting next_dagrun for example_xcom_args to None, run_after=None
[2025-01-28T10:30:44.368+0000] {logging_mixin.py:190} INFO - [2025-01-28T10:30:44.366+0000] {dag.py:4180} INFO - Setting next_dagrun for example_xcom_args_with_operators to None, run_after=None
[2025-01-28T10:30:44.414+0000] {processor.py:208} INFO - Processing /mnt/c/Users/Admin/Desktop/ud_data/Dataslush_umang/airflow/airflow_venv/lib/python3.12/site-packages/airflow/example_dags/example_xcomargs.py took 0.611 seconds
[2025-01-28T10:31:44.188+0000] {processor.py:186} INFO - Started process (PID=16595) to work on /mnt/c/Users/Admin/Desktop/ud_data/Dataslush_umang/airflow/airflow_venv/lib/python3.12/site-packages/airflow/example_dags/example_xcomargs.py
[2025-01-28T10:31:44.195+0000] {processor.py:914} INFO - Processing file /mnt/c/Users/Admin/Desktop/ud_data/Dataslush_umang/airflow/airflow_venv/lib/python3.12/site-packages/airflow/example_dags/example_xcomargs.py for tasks to queue
[2025-01-28T10:31:44.209+0000] {logging_mixin.py:190} INFO - [2025-01-28T10:31:44.205+0000] {dagbag.py:588} INFO - Filling up the DagBag from /mnt/c/Users/Admin/Desktop/ud_data/Dataslush_umang/airflow/airflow_venv/lib/python3.12/site-packages/airflow/example_dags/example_xcomargs.py
[2025-01-28T10:31:44.381+0000] {processor.py:925} INFO - DAG(s) 'example_xcom_args_with_operators', 'example_xcom_args' retrieved from /mnt/c/Users/Admin/Desktop/ud_data/Dataslush_umang/airflow/airflow_venv/lib/python3.12/site-packages/airflow/example_dags/example_xcomargs.py
[2025-01-28T10:31:44.413+0000] {logging_mixin.py:190} INFO - [2025-01-28T10:31:44.411+0000] {dag.py:3239} INFO - Sync 2 DAGs
[2025-01-28T10:31:44.430+0000] {logging_mixin.py:190} INFO - [2025-01-28T10:31:44.428+0000] {dag.py:4180} INFO - Setting next_dagrun for example_xcom_args to None, run_after=None
[2025-01-28T10:31:44.436+0000] {logging_mixin.py:190} INFO - [2025-01-28T10:31:44.434+0000] {dag.py:4180} INFO - Setting next_dagrun for example_xcom_args_with_operators to None, run_after=None
[2025-01-28T10:31:44.475+0000] {processor.py:208} INFO - Processing /mnt/c/Users/Admin/Desktop/ud_data/Dataslush_umang/airflow/airflow_venv/lib/python3.12/site-packages/airflow/example_dags/example_xcomargs.py took 0.355 seconds
[2025-01-28T10:32:54.234+0000] {processor.py:186} INFO - Started process (PID=16669) to work on /mnt/c/Users/Admin/Desktop/ud_data/Dataslush_umang/airflow/airflow_venv/lib/python3.12/site-packages/airflow/example_dags/example_xcomargs.py
[2025-01-28T10:32:54.238+0000] {processor.py:914} INFO - Processing file /mnt/c/Users/Admin/Desktop/ud_data/Dataslush_umang/airflow/airflow_venv/lib/python3.12/site-packages/airflow/example_dags/example_xcomargs.py for tasks to queue
[2025-01-28T10:32:54.244+0000] {logging_mixin.py:190} INFO - [2025-01-28T10:32:54.242+0000] {dagbag.py:588} INFO - Filling up the DagBag from /mnt/c/Users/Admin/Desktop/ud_data/Dataslush_umang/airflow/airflow_venv/lib/python3.12/site-packages/airflow/example_dags/example_xcomargs.py
[2025-01-28T10:32:54.410+0000] {processor.py:925} INFO - DAG(s) 'example_xcom_args_with_operators', 'example_xcom_args' retrieved from /mnt/c/Users/Admin/Desktop/ud_data/Dataslush_umang/airflow/airflow_venv/lib/python3.12/site-packages/airflow/example_dags/example_xcomargs.py
[2025-01-28T10:32:54.444+0000] {logging_mixin.py:190} INFO - [2025-01-28T10:32:54.442+0000] {dag.py:3239} INFO - Sync 2 DAGs
[2025-01-28T10:32:54.464+0000] {logging_mixin.py:190} INFO - [2025-01-28T10:32:54.461+0000] {dag.py:4180} INFO - Setting next_dagrun for example_xcom_args to None, run_after=None
[2025-01-28T10:32:54.471+0000] {logging_mixin.py:190} INFO - [2025-01-28T10:32:54.469+0000] {dag.py:4180} INFO - Setting next_dagrun for example_xcom_args_with_operators to None, run_after=None
[2025-01-28T10:32:54.513+0000] {processor.py:208} INFO - Processing /mnt/c/Users/Admin/Desktop/ud_data/Dataslush_umang/airflow/airflow_venv/lib/python3.12/site-packages/airflow/example_dags/example_xcomargs.py took 0.310 seconds
[2025-01-28T10:34:08.890+0000] {processor.py:186} INFO - Started process (PID=16804) to work on /mnt/c/Users/Admin/Desktop/ud_data/Dataslush_umang/airflow/airflow_venv/lib/python3.12/site-packages/airflow/example_dags/example_xcomargs.py
[2025-01-28T10:34:08.898+0000] {processor.py:914} INFO - Processing file /mnt/c/Users/Admin/Desktop/ud_data/Dataslush_umang/airflow/airflow_venv/lib/python3.12/site-packages/airflow/example_dags/example_xcomargs.py for tasks to queue
[2025-01-28T10:34:08.912+0000] {logging_mixin.py:190} INFO - [2025-01-28T10:34:08.907+0000] {dagbag.py:588} INFO - Filling up the DagBag from /mnt/c/Users/Admin/Desktop/ud_data/Dataslush_umang/airflow/airflow_venv/lib/python3.12/site-packages/airflow/example_dags/example_xcomargs.py
[2025-01-28T10:34:09.279+0000] {processor.py:925} INFO - DAG(s) 'example_xcom_args_with_operators', 'example_xcom_args' retrieved from /mnt/c/Users/Admin/Desktop/ud_data/Dataslush_umang/airflow/airflow_venv/lib/python3.12/site-packages/airflow/example_dags/example_xcomargs.py
[2025-01-28T10:34:09.368+0000] {logging_mixin.py:190} INFO - [2025-01-28T10:34:09.364+0000] {dag.py:3239} INFO - Sync 2 DAGs
[2025-01-28T10:34:09.423+0000] {logging_mixin.py:190} INFO - [2025-01-28T10:34:09.418+0000] {dag.py:4180} INFO - Setting next_dagrun for example_xcom_args to None, run_after=None
[2025-01-28T10:34:09.438+0000] {logging_mixin.py:190} INFO - [2025-01-28T10:34:09.436+0000] {dag.py:4180} INFO - Setting next_dagrun for example_xcom_args_with_operators to None, run_after=None
[2025-01-28T10:34:09.689+0000] {processor.py:208} INFO - Processing /mnt/c/Users/Admin/Desktop/ud_data/Dataslush_umang/airflow/airflow_venv/lib/python3.12/site-packages/airflow/example_dags/example_xcomargs.py took 0.870 seconds
[2025-01-28T10:35:31.681+0000] {processor.py:186} INFO - Started process (PID=16934) to work on /mnt/c/Users/Admin/Desktop/ud_data/Dataslush_umang/airflow/airflow_venv/lib/python3.12/site-packages/airflow/example_dags/example_xcomargs.py
[2025-01-28T10:35:32.030+0000] {processor.py:914} INFO - Processing file /mnt/c/Users/Admin/Desktop/ud_data/Dataslush_umang/airflow/airflow_venv/lib/python3.12/site-packages/airflow/example_dags/example_xcomargs.py for tasks to queue
[2025-01-28T10:35:32.045+0000] {logging_mixin.py:190} INFO - [2025-01-28T10:35:32.040+0000] {dagbag.py:588} INFO - Filling up the DagBag from /mnt/c/Users/Admin/Desktop/ud_data/Dataslush_umang/airflow/airflow_venv/lib/python3.12/site-packages/airflow/example_dags/example_xcomargs.py
[2025-01-28T10:35:32.301+0000] {processor.py:925} INFO - DAG(s) 'example_xcom_args', 'example_xcom_args_with_operators' retrieved from /mnt/c/Users/Admin/Desktop/ud_data/Dataslush_umang/airflow/airflow_venv/lib/python3.12/site-packages/airflow/example_dags/example_xcomargs.py
[2025-01-28T10:35:32.333+0000] {logging_mixin.py:190} INFO - [2025-01-28T10:35:32.331+0000] {dag.py:3239} INFO - Sync 2 DAGs
[2025-01-28T10:35:32.351+0000] {logging_mixin.py:190} INFO - [2025-01-28T10:35:32.349+0000] {dag.py:4180} INFO - Setting next_dagrun for example_xcom_args to None, run_after=None
[2025-01-28T10:35:32.359+0000] {logging_mixin.py:190} INFO - [2025-01-28T10:35:32.357+0000] {dag.py:4180} INFO - Setting next_dagrun for example_xcom_args_with_operators to None, run_after=None
[2025-01-28T10:35:33.411+0000] {processor.py:208} INFO - Processing /mnt/c/Users/Admin/Desktop/ud_data/Dataslush_umang/airflow/airflow_venv/lib/python3.12/site-packages/airflow/example_dags/example_xcomargs.py took 1.817 seconds
[2025-01-28T10:36:55.309+0000] {processor.py:186} INFO - Started process (PID=17055) to work on /mnt/c/Users/Admin/Desktop/ud_data/Dataslush_umang/airflow/airflow_venv/lib/python3.12/site-packages/airflow/example_dags/example_xcomargs.py
[2025-01-28T10:36:55.340+0000] {processor.py:914} INFO - Processing file /mnt/c/Users/Admin/Desktop/ud_data/Dataslush_umang/airflow/airflow_venv/lib/python3.12/site-packages/airflow/example_dags/example_xcomargs.py for tasks to queue
[2025-01-28T10:36:55.346+0000] {logging_mixin.py:190} INFO - [2025-01-28T10:36:55.344+0000] {dagbag.py:588} INFO - Filling up the DagBag from /mnt/c/Users/Admin/Desktop/ud_data/Dataslush_umang/airflow/airflow_venv/lib/python3.12/site-packages/airflow/example_dags/example_xcomargs.py
[2025-01-28T10:37:25.548+0000] {processor.py:925} INFO - DAG(s) 'example_xcom_args', 'example_xcom_args_with_operators' retrieved from /mnt/c/Users/Admin/Desktop/ud_data/Dataslush_umang/airflow/airflow_venv/lib/python3.12/site-packages/airflow/example_dags/example_xcomargs.py
[2025-01-28T10:37:25.584+0000] {logging_mixin.py:190} INFO - [2025-01-28T10:37:25.582+0000] {dag.py:3239} INFO - Sync 2 DAGs
[2025-01-28T10:37:25.629+0000] {logging_mixin.py:190} INFO - [2025-01-28T10:37:25.625+0000] {dag.py:4180} INFO - Setting next_dagrun for example_xcom_args to None, run_after=None
[2025-01-28T10:37:25.640+0000] {logging_mixin.py:190} INFO - [2025-01-28T10:37:25.638+0000] {dag.py:4180} INFO - Setting next_dagrun for example_xcom_args_with_operators to None, run_after=None
[2025-01-28T10:36:55.875+0000] {processor.py:208} INFO - Processing /mnt/c/Users/Admin/Desktop/ud_data/Dataslush_umang/airflow/airflow_venv/lib/python3.12/site-packages/airflow/example_dags/example_xcomargs.py took 0.590 seconds
[2025-01-28T10:38:28.598+0000] {processor.py:186} INFO - Started process (PID=17174) to work on /mnt/c/Users/Admin/Desktop/ud_data/Dataslush_umang/airflow/airflow_venv/lib/python3.12/site-packages/airflow/example_dags/example_xcomargs.py
[2025-01-28T10:38:28.977+0000] {processor.py:914} INFO - Processing file /mnt/c/Users/Admin/Desktop/ud_data/Dataslush_umang/airflow/airflow_venv/lib/python3.12/site-packages/airflow/example_dags/example_xcomargs.py for tasks to queue
[2025-01-28T10:38:28.994+0000] {logging_mixin.py:190} INFO - [2025-01-28T10:38:28.988+0000] {dagbag.py:588} INFO - Filling up the DagBag from /mnt/c/Users/Admin/Desktop/ud_data/Dataslush_umang/airflow/airflow_venv/lib/python3.12/site-packages/airflow/example_dags/example_xcomargs.py
[2025-01-28T10:38:29.359+0000] {processor.py:925} INFO - DAG(s) 'example_xcom_args', 'example_xcom_args_with_operators' retrieved from /mnt/c/Users/Admin/Desktop/ud_data/Dataslush_umang/airflow/airflow_venv/lib/python3.12/site-packages/airflow/example_dags/example_xcomargs.py
[2025-01-28T10:38:29.414+0000] {logging_mixin.py:190} INFO - [2025-01-28T10:38:29.411+0000] {dag.py:3239} INFO - Sync 2 DAGs
[2025-01-28T10:38:29.439+0000] {logging_mixin.py:190} INFO - [2025-01-28T10:38:29.436+0000] {dag.py:4180} INFO - Setting next_dagrun for example_xcom_args to None, run_after=None
[2025-01-28T10:38:29.448+0000] {logging_mixin.py:190} INFO - [2025-01-28T10:38:29.445+0000] {dag.py:4180} INFO - Setting next_dagrun for example_xcom_args_with_operators to None, run_after=None
[2025-01-28T10:38:29.492+0000] {processor.py:208} INFO - Processing /mnt/c/Users/Admin/Desktop/ud_data/Dataslush_umang/airflow/airflow_venv/lib/python3.12/site-packages/airflow/example_dags/example_xcomargs.py took 0.964 seconds
[2025-01-28T10:40:11.945+0000] {processor.py:186} INFO - Started process (PID=17327) to work on /mnt/c/Users/Admin/Desktop/ud_data/Dataslush_umang/airflow/airflow_venv/lib/python3.12/site-packages/airflow/example_dags/example_xcomargs.py
[2025-01-28T10:40:11.951+0000] {processor.py:914} INFO - Processing file /mnt/c/Users/Admin/Desktop/ud_data/Dataslush_umang/airflow/airflow_venv/lib/python3.12/site-packages/airflow/example_dags/example_xcomargs.py for tasks to queue
[2025-01-28T10:40:11.963+0000] {logging_mixin.py:190} INFO - [2025-01-28T10:40:11.959+0000] {dagbag.py:588} INFO - Filling up the DagBag from /mnt/c/Users/Admin/Desktop/ud_data/Dataslush_umang/airflow/airflow_venv/lib/python3.12/site-packages/airflow/example_dags/example_xcomargs.py
[2025-01-28T10:40:12.314+0000] {processor.py:925} INFO - DAG(s) 'example_xcom_args_with_operators', 'example_xcom_args' retrieved from /mnt/c/Users/Admin/Desktop/ud_data/Dataslush_umang/airflow/airflow_venv/lib/python3.12/site-packages/airflow/example_dags/example_xcomargs.py
[2025-01-28T10:40:12.443+0000] {logging_mixin.py:190} INFO - [2025-01-28T10:40:12.438+0000] {dag.py:3239} INFO - Sync 2 DAGs
[2025-01-28T10:40:12.510+0000] {logging_mixin.py:190} INFO - [2025-01-28T10:40:12.507+0000] {dag.py:4180} INFO - Setting next_dagrun for example_xcom_args to None, run_after=None
[2025-01-28T10:40:12.529+0000] {logging_mixin.py:190} INFO - [2025-01-28T10:40:12.525+0000] {dag.py:4180} INFO - Setting next_dagrun for example_xcom_args_with_operators to None, run_after=None
[2025-01-28T10:40:12.619+0000] {processor.py:208} INFO - Processing /mnt/c/Users/Admin/Desktop/ud_data/Dataslush_umang/airflow/airflow_venv/lib/python3.12/site-packages/airflow/example_dags/example_xcomargs.py took 0.733 seconds
[2025-01-28T10:41:05.820+0000] {processor.py:186} INFO - Started process (PID=17395) to work on /mnt/c/Users/Admin/Desktop/ud_data/Dataslush_umang/airflow/airflow_venv/lib/python3.12/site-packages/airflow/example_dags/example_xcomargs.py
[2025-01-28T10:41:05.822+0000] {processor.py:914} INFO - Processing file /mnt/c/Users/Admin/Desktop/ud_data/Dataslush_umang/airflow/airflow_venv/lib/python3.12/site-packages/airflow/example_dags/example_xcomargs.py for tasks to queue
[2025-01-28T10:41:05.829+0000] {logging_mixin.py:190} INFO - [2025-01-28T10:41:05.826+0000] {dagbag.py:588} INFO - Filling up the DagBag from /mnt/c/Users/Admin/Desktop/ud_data/Dataslush_umang/airflow/airflow_venv/lib/python3.12/site-packages/airflow/example_dags/example_xcomargs.py
[2025-01-28T10:41:36.042+0000] {processor.py:925} INFO - DAG(s) 'example_xcom_args', 'example_xcom_args_with_operators' retrieved from /mnt/c/Users/Admin/Desktop/ud_data/Dataslush_umang/airflow/airflow_venv/lib/python3.12/site-packages/airflow/example_dags/example_xcomargs.py
[2025-01-28T10:41:36.071+0000] {logging_mixin.py:190} INFO - [2025-01-28T10:41:36.068+0000] {dag.py:3239} INFO - Sync 2 DAGs
[2025-01-28T10:41:36.087+0000] {logging_mixin.py:190} INFO - [2025-01-28T10:41:36.085+0000] {dag.py:4180} INFO - Setting next_dagrun for example_xcom_args to None, run_after=None
[2025-01-28T10:41:36.095+0000] {logging_mixin.py:190} INFO - [2025-01-28T10:41:36.093+0000] {dag.py:4180} INFO - Setting next_dagrun for example_xcom_args_with_operators to None, run_after=None
[2025-01-28T10:41:36.136+0000] {processor.py:208} INFO - Processing /mnt/c/Users/Admin/Desktop/ud_data/Dataslush_umang/airflow/airflow_venv/lib/python3.12/site-packages/airflow/example_dags/example_xcomargs.py took 0.244 seconds
[2025-01-28T10:43:16.325+0000] {processor.py:186} INFO - Started process (PID=17700) to work on /mnt/c/Users/Admin/Desktop/ud_data/Dataslush_umang/airflow/airflow_venv/lib/python3.12/site-packages/airflow/example_dags/example_xcomargs.py
[2025-01-28T10:43:16.332+0000] {processor.py:914} INFO - Processing file /mnt/c/Users/Admin/Desktop/ud_data/Dataslush_umang/airflow/airflow_venv/lib/python3.12/site-packages/airflow/example_dags/example_xcomargs.py for tasks to queue
[2025-01-28T10:43:16.337+0000] {logging_mixin.py:190} INFO - [2025-01-28T10:43:16.335+0000] {dagbag.py:588} INFO - Filling up the DagBag from /mnt/c/Users/Admin/Desktop/ud_data/Dataslush_umang/airflow/airflow_venv/lib/python3.12/site-packages/airflow/example_dags/example_xcomargs.py
[2025-01-28T10:43:16.446+0000] {processor.py:925} INFO - DAG(s) 'example_xcom_args', 'example_xcom_args_with_operators' retrieved from /mnt/c/Users/Admin/Desktop/ud_data/Dataslush_umang/airflow/airflow_venv/lib/python3.12/site-packages/airflow/example_dags/example_xcomargs.py
[2025-01-28T10:43:16.481+0000] {logging_mixin.py:190} INFO - [2025-01-28T10:43:16.479+0000] {dag.py:3239} INFO - Sync 2 DAGs
[2025-01-28T10:43:16.501+0000] {logging_mixin.py:190} INFO - [2025-01-28T10:43:16.499+0000] {dag.py:4180} INFO - Setting next_dagrun for example_xcom_args to None, run_after=None
[2025-01-28T10:43:16.511+0000] {logging_mixin.py:190} INFO - [2025-01-28T10:43:16.508+0000] {dag.py:4180} INFO - Setting next_dagrun for example_xcom_args_with_operators to None, run_after=None
[2025-01-28T10:42:46.561+0000] {processor.py:208} INFO - Processing /mnt/c/Users/Admin/Desktop/ud_data/Dataslush_umang/airflow/airflow_venv/lib/python3.12/site-packages/airflow/example_dags/example_xcomargs.py took 0.366 seconds
[2025-01-28T10:44:51.621+0000] {processor.py:186} INFO - Started process (PID=17821) to work on /mnt/c/Users/Admin/Desktop/ud_data/Dataslush_umang/airflow/airflow_venv/lib/python3.12/site-packages/airflow/example_dags/example_xcomargs.py
[2025-01-28T10:44:51.635+0000] {processor.py:914} INFO - Processing file /mnt/c/Users/Admin/Desktop/ud_data/Dataslush_umang/airflow/airflow_venv/lib/python3.12/site-packages/airflow/example_dags/example_xcomargs.py for tasks to queue
[2025-01-28T10:44:51.653+0000] {logging_mixin.py:190} INFO - [2025-01-28T10:44:51.645+0000] {dagbag.py:588} INFO - Filling up the DagBag from /mnt/c/Users/Admin/Desktop/ud_data/Dataslush_umang/airflow/airflow_venv/lib/python3.12/site-packages/airflow/example_dags/example_xcomargs.py
[2025-01-28T10:44:21.885+0000] {processor.py:925} INFO - DAG(s) 'example_xcom_args', 'example_xcom_args_with_operators' retrieved from /mnt/c/Users/Admin/Desktop/ud_data/Dataslush_umang/airflow/airflow_venv/lib/python3.12/site-packages/airflow/example_dags/example_xcomargs.py
[2025-01-28T10:44:21.984+0000] {logging_mixin.py:190} INFO - [2025-01-28T10:44:21.981+0000] {dag.py:3239} INFO - Sync 2 DAGs
[2025-01-28T10:44:22.038+0000] {logging_mixin.py:190} INFO - [2025-01-28T10:44:22.036+0000] {dag.py:4180} INFO - Setting next_dagrun for example_xcom_args to None, run_after=None
[2025-01-28T10:44:22.063+0000] {logging_mixin.py:190} INFO - [2025-01-28T10:44:22.057+0000] {dag.py:4180} INFO - Setting next_dagrun for example_xcom_args_with_operators to None, run_after=None
[2025-01-28T10:44:22.188+0000] {processor.py:208} INFO - Processing /mnt/c/Users/Admin/Desktop/ud_data/Dataslush_umang/airflow/airflow_venv/lib/python3.12/site-packages/airflow/example_dags/example_xcomargs.py took 0.717 seconds
[2025-01-28T10:47:11.272+0000] {processor.py:186} INFO - Started process (PID=17976) to work on /mnt/c/Users/Admin/Desktop/ud_data/Dataslush_umang/airflow/airflow_venv/lib/python3.12/site-packages/airflow/example_dags/example_xcomargs.py
[2025-01-28T10:47:11.391+0000] {processor.py:914} INFO - Processing file /mnt/c/Users/Admin/Desktop/ud_data/Dataslush_umang/airflow/airflow_venv/lib/python3.12/site-packages/airflow/example_dags/example_xcomargs.py for tasks to queue
[2025-01-28T10:47:11.398+0000] {logging_mixin.py:190} INFO - [2025-01-28T10:47:11.396+0000] {dagbag.py:588} INFO - Filling up the DagBag from /mnt/c/Users/Admin/Desktop/ud_data/Dataslush_umang/airflow/airflow_venv/lib/python3.12/site-packages/airflow/example_dags/example_xcomargs.py
[2025-01-28T10:47:11.533+0000] {processor.py:925} INFO - DAG(s) 'example_xcom_args_with_operators', 'example_xcom_args' retrieved from /mnt/c/Users/Admin/Desktop/ud_data/Dataslush_umang/airflow/airflow_venv/lib/python3.12/site-packages/airflow/example_dags/example_xcomargs.py
[2025-01-28T10:47:11.570+0000] {logging_mixin.py:190} INFO - [2025-01-28T10:47:11.568+0000] {dag.py:3239} INFO - Sync 2 DAGs
[2025-01-28T10:47:41.679+0000] {logging_mixin.py:190} INFO - [2025-01-28T10:47:41.677+0000] {dag.py:4180} INFO - Setting next_dagrun for example_xcom_args to None, run_after=None
[2025-01-28T10:47:41.688+0000] {logging_mixin.py:190} INFO - [2025-01-28T10:47:41.686+0000] {dag.py:4180} INFO - Setting next_dagrun for example_xcom_args_with_operators to None, run_after=None
[2025-01-28T10:47:41.735+0000] {processor.py:208} INFO - Processing /mnt/c/Users/Admin/Desktop/ud_data/Dataslush_umang/airflow/airflow_venv/lib/python3.12/site-packages/airflow/example_dags/example_xcomargs.py took 0.409 seconds
[2025-01-28T10:48:48.159+0000] {processor.py:186} INFO - Started process (PID=18172) to work on /mnt/c/Users/Admin/Desktop/ud_data/Dataslush_umang/airflow/airflow_venv/lib/python3.12/site-packages/airflow/example_dags/example_xcomargs.py
[2025-01-28T10:48:48.269+0000] {processor.py:914} INFO - Processing file /mnt/c/Users/Admin/Desktop/ud_data/Dataslush_umang/airflow/airflow_venv/lib/python3.12/site-packages/airflow/example_dags/example_xcomargs.py for tasks to queue
[2025-01-28T10:48:48.276+0000] {logging_mixin.py:190} INFO - [2025-01-28T10:48:48.274+0000] {dagbag.py:588} INFO - Filling up the DagBag from /mnt/c/Users/Admin/Desktop/ud_data/Dataslush_umang/airflow/airflow_venv/lib/python3.12/site-packages/airflow/example_dags/example_xcomargs.py
[2025-01-28T10:48:48.373+0000] {processor.py:925} INFO - DAG(s) 'example_xcom_args', 'example_xcom_args_with_operators' retrieved from /mnt/c/Users/Admin/Desktop/ud_data/Dataslush_umang/airflow/airflow_venv/lib/python3.12/site-packages/airflow/example_dags/example_xcomargs.py
[2025-01-28T10:48:48.414+0000] {logging_mixin.py:190} INFO - [2025-01-28T10:48:48.412+0000] {dag.py:3239} INFO - Sync 2 DAGs
[2025-01-28T10:48:48.437+0000] {logging_mixin.py:190} INFO - [2025-01-28T10:48:48.435+0000] {dag.py:4180} INFO - Setting next_dagrun for example_xcom_args to None, run_after=None
[2025-01-28T10:48:48.444+0000] {logging_mixin.py:190} INFO - [2025-01-28T10:48:48.442+0000] {dag.py:4180} INFO - Setting next_dagrun for example_xcom_args_with_operators to None, run_after=None
[2025-01-28T10:48:48.704+0000] {processor.py:208} INFO - Processing /mnt/c/Users/Admin/Desktop/ud_data/Dataslush_umang/airflow/airflow_venv/lib/python3.12/site-packages/airflow/example_dags/example_xcomargs.py took 0.576 seconds
[2025-01-28T10:49:44.572+0000] {processor.py:186} INFO - Started process (PID=18266) to work on /mnt/c/Users/Admin/Desktop/ud_data/Dataslush_umang/airflow/airflow_venv/lib/python3.12/site-packages/airflow/example_dags/example_xcomargs.py
[2025-01-28T10:49:44.575+0000] {processor.py:914} INFO - Processing file /mnt/c/Users/Admin/Desktop/ud_data/Dataslush_umang/airflow/airflow_venv/lib/python3.12/site-packages/airflow/example_dags/example_xcomargs.py for tasks to queue
[2025-01-28T10:49:44.581+0000] {logging_mixin.py:190} INFO - [2025-01-28T10:49:44.579+0000] {dagbag.py:588} INFO - Filling up the DagBag from /mnt/c/Users/Admin/Desktop/ud_data/Dataslush_umang/airflow/airflow_venv/lib/python3.12/site-packages/airflow/example_dags/example_xcomargs.py
[2025-01-28T10:49:44.704+0000] {processor.py:925} INFO - DAG(s) 'example_xcom_args', 'example_xcom_args_with_operators' retrieved from /mnt/c/Users/Admin/Desktop/ud_data/Dataslush_umang/airflow/airflow_venv/lib/python3.12/site-packages/airflow/example_dags/example_xcomargs.py
[2025-01-28T10:49:44.736+0000] {logging_mixin.py:190} INFO - [2025-01-28T10:49:44.734+0000] {dag.py:3239} INFO - Sync 2 DAGs
[2025-01-28T10:49:44.764+0000] {logging_mixin.py:190} INFO - [2025-01-28T10:49:44.763+0000] {dag.py:4180} INFO - Setting next_dagrun for example_xcom_args to None, run_after=None
[2025-01-28T10:49:44.772+0000] {logging_mixin.py:190} INFO - [2025-01-28T10:49:44.770+0000] {dag.py:4180} INFO - Setting next_dagrun for example_xcom_args_with_operators to None, run_after=None
[2025-01-28T10:49:44.814+0000] {processor.py:208} INFO - Processing /mnt/c/Users/Admin/Desktop/ud_data/Dataslush_umang/airflow/airflow_venv/lib/python3.12/site-packages/airflow/example_dags/example_xcomargs.py took 0.269 seconds
[2025-01-28T10:50:59.256+0000] {processor.py:186} INFO - Started process (PID=18475) to work on /mnt/c/Users/Admin/Desktop/ud_data/Dataslush_umang/airflow/airflow_venv/lib/python3.12/site-packages/airflow/example_dags/example_xcomargs.py
[2025-01-28T10:50:59.259+0000] {processor.py:914} INFO - Processing file /mnt/c/Users/Admin/Desktop/ud_data/Dataslush_umang/airflow/airflow_venv/lib/python3.12/site-packages/airflow/example_dags/example_xcomargs.py for tasks to queue
[2025-01-28T10:50:59.265+0000] {logging_mixin.py:190} INFO - [2025-01-28T10:50:59.263+0000] {dagbag.py:588} INFO - Filling up the DagBag from /mnt/c/Users/Admin/Desktop/ud_data/Dataslush_umang/airflow/airflow_venv/lib/python3.12/site-packages/airflow/example_dags/example_xcomargs.py
[2025-01-28T10:50:59.393+0000] {processor.py:925} INFO - DAG(s) 'example_xcom_args_with_operators', 'example_xcom_args' retrieved from /mnt/c/Users/Admin/Desktop/ud_data/Dataslush_umang/airflow/airflow_venv/lib/python3.12/site-packages/airflow/example_dags/example_xcomargs.py
[2025-01-28T10:50:59.435+0000] {logging_mixin.py:190} INFO - [2025-01-28T10:50:59.431+0000] {dag.py:3239} INFO - Sync 2 DAGs
[2025-01-28T10:50:59.462+0000] {logging_mixin.py:190} INFO - [2025-01-28T10:50:59.460+0000] {dag.py:4180} INFO - Setting next_dagrun for example_xcom_args to None, run_after=None
[2025-01-28T10:50:59.469+0000] {logging_mixin.py:190} INFO - [2025-01-28T10:50:59.468+0000] {dag.py:4180} INFO - Setting next_dagrun for example_xcom_args_with_operators to None, run_after=None
[2025-01-28T10:50:59.518+0000] {processor.py:208} INFO - Processing /mnt/c/Users/Admin/Desktop/ud_data/Dataslush_umang/airflow/airflow_venv/lib/python3.12/site-packages/airflow/example_dags/example_xcomargs.py took 0.291 seconds
[2025-01-28T10:51:46.099+0000] {processor.py:186} INFO - Started process (PID=18558) to work on /mnt/c/Users/Admin/Desktop/ud_data/Dataslush_umang/airflow/airflow_venv/lib/python3.12/site-packages/airflow/example_dags/example_xcomargs.py
[2025-01-28T10:51:46.102+0000] {processor.py:914} INFO - Processing file /mnt/c/Users/Admin/Desktop/ud_data/Dataslush_umang/airflow/airflow_venv/lib/python3.12/site-packages/airflow/example_dags/example_xcomargs.py for tasks to queue
[2025-01-28T10:51:46.108+0000] {logging_mixin.py:190} INFO - [2025-01-28T10:51:46.106+0000] {dagbag.py:588} INFO - Filling up the DagBag from /mnt/c/Users/Admin/Desktop/ud_data/Dataslush_umang/airflow/airflow_venv/lib/python3.12/site-packages/airflow/example_dags/example_xcomargs.py
[2025-01-28T10:51:46.233+0000] {processor.py:925} INFO - DAG(s) 'example_xcom_args', 'example_xcom_args_with_operators' retrieved from /mnt/c/Users/Admin/Desktop/ud_data/Dataslush_umang/airflow/airflow_venv/lib/python3.12/site-packages/airflow/example_dags/example_xcomargs.py
[2025-01-28T10:51:46.272+0000] {logging_mixin.py:190} INFO - [2025-01-28T10:51:46.271+0000] {dag.py:3239} INFO - Sync 2 DAGs
[2025-01-28T10:51:46.296+0000] {logging_mixin.py:190} INFO - [2025-01-28T10:51:46.295+0000] {dag.py:4180} INFO - Setting next_dagrun for example_xcom_args to None, run_after=None
[2025-01-28T10:51:46.304+0000] {logging_mixin.py:190} INFO - [2025-01-28T10:51:46.302+0000] {dag.py:4180} INFO - Setting next_dagrun for example_xcom_args_with_operators to None, run_after=None
[2025-01-28T10:51:46.343+0000] {processor.py:208} INFO - Processing /mnt/c/Users/Admin/Desktop/ud_data/Dataslush_umang/airflow/airflow_venv/lib/python3.12/site-packages/airflow/example_dags/example_xcomargs.py took 0.274 seconds
[2025-01-28T10:52:41.879+0000] {processor.py:186} INFO - Started process (PID=18644) to work on /mnt/c/Users/Admin/Desktop/ud_data/Dataslush_umang/airflow/airflow_venv/lib/python3.12/site-packages/airflow/example_dags/example_xcomargs.py
[2025-01-28T10:52:41.881+0000] {processor.py:914} INFO - Processing file /mnt/c/Users/Admin/Desktop/ud_data/Dataslush_umang/airflow/airflow_venv/lib/python3.12/site-packages/airflow/example_dags/example_xcomargs.py for tasks to queue
[2025-01-28T10:52:41.885+0000] {logging_mixin.py:190} INFO - [2025-01-28T10:52:41.884+0000] {dagbag.py:588} INFO - Filling up the DagBag from /mnt/c/Users/Admin/Desktop/ud_data/Dataslush_umang/airflow/airflow_venv/lib/python3.12/site-packages/airflow/example_dags/example_xcomargs.py
[2025-01-28T10:52:41.964+0000] {processor.py:925} INFO - DAG(s) 'example_xcom_args_with_operators', 'example_xcom_args' retrieved from /mnt/c/Users/Admin/Desktop/ud_data/Dataslush_umang/airflow/airflow_venv/lib/python3.12/site-packages/airflow/example_dags/example_xcomargs.py
[2025-01-28T10:52:42.004+0000] {logging_mixin.py:190} INFO - [2025-01-28T10:52:42.003+0000] {dag.py:3239} INFO - Sync 2 DAGs
[2025-01-28T10:52:42.030+0000] {logging_mixin.py:190} INFO - [2025-01-28T10:52:42.028+0000] {dag.py:4180} INFO - Setting next_dagrun for example_xcom_args to None, run_after=None
[2025-01-28T10:52:42.037+0000] {logging_mixin.py:190} INFO - [2025-01-28T10:52:42.036+0000] {dag.py:4180} INFO - Setting next_dagrun for example_xcom_args_with_operators to None, run_after=None
[2025-01-28T10:52:42.084+0000] {processor.py:208} INFO - Processing /mnt/c/Users/Admin/Desktop/ud_data/Dataslush_umang/airflow/airflow_venv/lib/python3.12/site-packages/airflow/example_dags/example_xcomargs.py took 0.228 seconds
[2025-01-28T10:53:30.537+0000] {processor.py:186} INFO - Started process (PID=18723) to work on /mnt/c/Users/Admin/Desktop/ud_data/Dataslush_umang/airflow/airflow_venv/lib/python3.12/site-packages/airflow/example_dags/example_xcomargs.py
[2025-01-28T10:53:30.540+0000] {processor.py:914} INFO - Processing file /mnt/c/Users/Admin/Desktop/ud_data/Dataslush_umang/airflow/airflow_venv/lib/python3.12/site-packages/airflow/example_dags/example_xcomargs.py for tasks to queue
[2025-01-28T10:53:30.546+0000] {logging_mixin.py:190} INFO - [2025-01-28T10:53:30.544+0000] {dagbag.py:588} INFO - Filling up the DagBag from /mnt/c/Users/Admin/Desktop/ud_data/Dataslush_umang/airflow/airflow_venv/lib/python3.12/site-packages/airflow/example_dags/example_xcomargs.py
[2025-01-28T10:53:30.681+0000] {processor.py:925} INFO - DAG(s) 'example_xcom_args', 'example_xcom_args_with_operators' retrieved from /mnt/c/Users/Admin/Desktop/ud_data/Dataslush_umang/airflow/airflow_venv/lib/python3.12/site-packages/airflow/example_dags/example_xcomargs.py
[2025-01-28T10:53:30.719+0000] {logging_mixin.py:190} INFO - [2025-01-28T10:53:30.717+0000] {dag.py:3239} INFO - Sync 2 DAGs
[2025-01-28T10:53:30.745+0000] {logging_mixin.py:190} INFO - [2025-01-28T10:53:30.743+0000] {dag.py:4180} INFO - Setting next_dagrun for example_xcom_args to None, run_after=None
[2025-01-28T10:53:30.755+0000] {logging_mixin.py:190} INFO - [2025-01-28T10:53:30.753+0000] {dag.py:4180} INFO - Setting next_dagrun for example_xcom_args_with_operators to None, run_after=None
[2025-01-28T10:53:30.807+0000] {processor.py:208} INFO - Processing /mnt/c/Users/Admin/Desktop/ud_data/Dataslush_umang/airflow/airflow_venv/lib/python3.12/site-packages/airflow/example_dags/example_xcomargs.py took 0.300 seconds
[2025-01-28T10:54:29.930+0000] {processor.py:186} INFO - Started process (PID=18801) to work on /mnt/c/Users/Admin/Desktop/ud_data/Dataslush_umang/airflow/airflow_venv/lib/python3.12/site-packages/airflow/example_dags/example_xcomargs.py
[2025-01-28T10:54:29.934+0000] {processor.py:914} INFO - Processing file /mnt/c/Users/Admin/Desktop/ud_data/Dataslush_umang/airflow/airflow_venv/lib/python3.12/site-packages/airflow/example_dags/example_xcomargs.py for tasks to queue
[2025-01-28T10:54:29.939+0000] {logging_mixin.py:190} INFO - [2025-01-28T10:54:29.937+0000] {dagbag.py:588} INFO - Filling up the DagBag from /mnt/c/Users/Admin/Desktop/ud_data/Dataslush_umang/airflow/airflow_venv/lib/python3.12/site-packages/airflow/example_dags/example_xcomargs.py
[2025-01-28T10:54:30.049+0000] {processor.py:925} INFO - DAG(s) 'example_xcom_args', 'example_xcom_args_with_operators' retrieved from /mnt/c/Users/Admin/Desktop/ud_data/Dataslush_umang/airflow/airflow_venv/lib/python3.12/site-packages/airflow/example_dags/example_xcomargs.py
[2025-01-28T10:54:30.081+0000] {logging_mixin.py:190} INFO - [2025-01-28T10:54:30.080+0000] {dag.py:3239} INFO - Sync 2 DAGs
[2025-01-28T10:54:30.101+0000] {logging_mixin.py:190} INFO - [2025-01-28T10:54:30.100+0000] {dag.py:4180} INFO - Setting next_dagrun for example_xcom_args to None, run_after=None
[2025-01-28T10:54:30.107+0000] {logging_mixin.py:190} INFO - [2025-01-28T10:54:30.106+0000] {dag.py:4180} INFO - Setting next_dagrun for example_xcom_args_with_operators to None, run_after=None
[2025-01-28T10:54:30.146+0000] {processor.py:208} INFO - Processing /mnt/c/Users/Admin/Desktop/ud_data/Dataslush_umang/airflow/airflow_venv/lib/python3.12/site-packages/airflow/example_dags/example_xcomargs.py took 0.244 seconds
[2025-01-28T10:55:23.866+0000] {processor.py:186} INFO - Started process (PID=18896) to work on /mnt/c/Users/Admin/Desktop/ud_data/Dataslush_umang/airflow/airflow_venv/lib/python3.12/site-packages/airflow/example_dags/example_xcomargs.py
[2025-01-28T10:55:23.976+0000] {processor.py:914} INFO - Processing file /mnt/c/Users/Admin/Desktop/ud_data/Dataslush_umang/airflow/airflow_venv/lib/python3.12/site-packages/airflow/example_dags/example_xcomargs.py for tasks to queue
[2025-01-28T10:55:23.987+0000] {logging_mixin.py:190} INFO - [2025-01-28T10:55:23.985+0000] {dagbag.py:588} INFO - Filling up the DagBag from /mnt/c/Users/Admin/Desktop/ud_data/Dataslush_umang/airflow/airflow_venv/lib/python3.12/site-packages/airflow/example_dags/example_xcomargs.py
[2025-01-28T10:55:24.109+0000] {processor.py:925} INFO - DAG(s) 'example_xcom_args_with_operators', 'example_xcom_args' retrieved from /mnt/c/Users/Admin/Desktop/ud_data/Dataslush_umang/airflow/airflow_venv/lib/python3.12/site-packages/airflow/example_dags/example_xcomargs.py
[2025-01-28T10:55:24.147+0000] {logging_mixin.py:190} INFO - [2025-01-28T10:55:24.146+0000] {dag.py:3239} INFO - Sync 2 DAGs
[2025-01-28T10:55:24.168+0000] {logging_mixin.py:190} INFO - [2025-01-28T10:55:24.167+0000] {dag.py:4180} INFO - Setting next_dagrun for example_xcom_args to None, run_after=None
[2025-01-28T10:55:24.176+0000] {logging_mixin.py:190} INFO - [2025-01-28T10:55:24.174+0000] {dag.py:4180} INFO - Setting next_dagrun for example_xcom_args_with_operators to None, run_after=None
[2025-01-28T10:55:24.223+0000] {processor.py:208} INFO - Processing /mnt/c/Users/Admin/Desktop/ud_data/Dataslush_umang/airflow/airflow_venv/lib/python3.12/site-packages/airflow/example_dags/example_xcomargs.py took 0.386 seconds
[2025-01-28T10:56:05.352+0000] {processor.py:186} INFO - Started process (PID=18977) to work on /mnt/c/Users/Admin/Desktop/ud_data/Dataslush_umang/airflow/airflow_venv/lib/python3.12/site-packages/airflow/example_dags/example_xcomargs.py
[2025-01-28T10:56:05.355+0000] {processor.py:914} INFO - Processing file /mnt/c/Users/Admin/Desktop/ud_data/Dataslush_umang/airflow/airflow_venv/lib/python3.12/site-packages/airflow/example_dags/example_xcomargs.py for tasks to queue
[2025-01-28T10:56:05.361+0000] {logging_mixin.py:190} INFO - [2025-01-28T10:56:05.359+0000] {dagbag.py:588} INFO - Filling up the DagBag from /mnt/c/Users/Admin/Desktop/ud_data/Dataslush_umang/airflow/airflow_venv/lib/python3.12/site-packages/airflow/example_dags/example_xcomargs.py
[2025-01-28T10:56:05.483+0000] {processor.py:925} INFO - DAG(s) 'example_xcom_args_with_operators', 'example_xcom_args' retrieved from /mnt/c/Users/Admin/Desktop/ud_data/Dataslush_umang/airflow/airflow_venv/lib/python3.12/site-packages/airflow/example_dags/example_xcomargs.py
[2025-01-28T10:56:05.516+0000] {logging_mixin.py:190} INFO - [2025-01-28T10:56:05.515+0000] {dag.py:3239} INFO - Sync 2 DAGs
[2025-01-28T10:56:05.536+0000] {logging_mixin.py:190} INFO - [2025-01-28T10:56:05.535+0000] {dag.py:4180} INFO - Setting next_dagrun for example_xcom_args to None, run_after=None
[2025-01-28T10:56:05.543+0000] {logging_mixin.py:190} INFO - [2025-01-28T10:56:05.542+0000] {dag.py:4180} INFO - Setting next_dagrun for example_xcom_args_with_operators to None, run_after=None
[2025-01-28T10:56:05.586+0000] {processor.py:208} INFO - Processing /mnt/c/Users/Admin/Desktop/ud_data/Dataslush_umang/airflow/airflow_venv/lib/python3.12/site-packages/airflow/example_dags/example_xcomargs.py took 0.265 seconds
[2025-01-28T10:56:56.449+0000] {processor.py:186} INFO - Started process (PID=19111) to work on /mnt/c/Users/Admin/Desktop/ud_data/Dataslush_umang/airflow/airflow_venv/lib/python3.12/site-packages/airflow/example_dags/example_xcomargs.py
[2025-01-28T10:56:56.451+0000] {processor.py:914} INFO - Processing file /mnt/c/Users/Admin/Desktop/ud_data/Dataslush_umang/airflow/airflow_venv/lib/python3.12/site-packages/airflow/example_dags/example_xcomargs.py for tasks to queue
[2025-01-28T10:56:56.456+0000] {logging_mixin.py:190} INFO - [2025-01-28T10:56:56.454+0000] {dagbag.py:588} INFO - Filling up the DagBag from /mnt/c/Users/Admin/Desktop/ud_data/Dataslush_umang/airflow/airflow_venv/lib/python3.12/site-packages/airflow/example_dags/example_xcomargs.py
[2025-01-28T10:56:56.548+0000] {processor.py:925} INFO - DAG(s) 'example_xcom_args', 'example_xcom_args_with_operators' retrieved from /mnt/c/Users/Admin/Desktop/ud_data/Dataslush_umang/airflow/airflow_venv/lib/python3.12/site-packages/airflow/example_dags/example_xcomargs.py
[2025-01-28T10:56:56.581+0000] {logging_mixin.py:190} INFO - [2025-01-28T10:56:56.579+0000] {dag.py:3239} INFO - Sync 2 DAGs
[2025-01-28T10:56:56.607+0000] {logging_mixin.py:190} INFO - [2025-01-28T10:56:56.605+0000] {dag.py:4180} INFO - Setting next_dagrun for example_xcom_args to None, run_after=None
[2025-01-28T10:56:56.613+0000] {logging_mixin.py:190} INFO - [2025-01-28T10:56:56.611+0000] {dag.py:4180} INFO - Setting next_dagrun for example_xcom_args_with_operators to None, run_after=None
[2025-01-28T10:56:56.652+0000] {processor.py:208} INFO - Processing /mnt/c/Users/Admin/Desktop/ud_data/Dataslush_umang/airflow/airflow_venv/lib/python3.12/site-packages/airflow/example_dags/example_xcomargs.py took 0.225 seconds
[2025-01-28T10:57:42.408+0000] {processor.py:186} INFO - Started process (PID=19170) to work on /mnt/c/Users/Admin/Desktop/ud_data/Dataslush_umang/airflow/airflow_venv/lib/python3.12/site-packages/airflow/example_dags/example_xcomargs.py
[2025-01-28T10:57:42.411+0000] {processor.py:914} INFO - Processing file /mnt/c/Users/Admin/Desktop/ud_data/Dataslush_umang/airflow/airflow_venv/lib/python3.12/site-packages/airflow/example_dags/example_xcomargs.py for tasks to queue
[2025-01-28T10:57:42.418+0000] {logging_mixin.py:190} INFO - [2025-01-28T10:57:42.416+0000] {dagbag.py:588} INFO - Filling up the DagBag from /mnt/c/Users/Admin/Desktop/ud_data/Dataslush_umang/airflow/airflow_venv/lib/python3.12/site-packages/airflow/example_dags/example_xcomargs.py
[2025-01-28T10:57:42.542+0000] {processor.py:925} INFO - DAG(s) 'example_xcom_args', 'example_xcom_args_with_operators' retrieved from /mnt/c/Users/Admin/Desktop/ud_data/Dataslush_umang/airflow/airflow_venv/lib/python3.12/site-packages/airflow/example_dags/example_xcomargs.py
[2025-01-28T10:57:42.587+0000] {logging_mixin.py:190} INFO - [2025-01-28T10:57:42.585+0000] {dag.py:3239} INFO - Sync 2 DAGs
[2025-01-28T10:57:42.608+0000] {logging_mixin.py:190} INFO - [2025-01-28T10:57:42.606+0000] {dag.py:4180} INFO - Setting next_dagrun for example_xcom_args to None, run_after=None
[2025-01-28T10:57:42.615+0000] {logging_mixin.py:190} INFO - [2025-01-28T10:57:42.614+0000] {dag.py:4180} INFO - Setting next_dagrun for example_xcom_args_with_operators to None, run_after=None
[2025-01-28T10:57:42.657+0000] {processor.py:208} INFO - Processing /mnt/c/Users/Admin/Desktop/ud_data/Dataslush_umang/airflow/airflow_venv/lib/python3.12/site-packages/airflow/example_dags/example_xcomargs.py took 0.277 seconds
[2025-01-28T10:59:07.411+0000] {processor.py:186} INFO - Started process (PID=19365) to work on /mnt/c/Users/Admin/Desktop/ud_data/Dataslush_umang/airflow/airflow_venv/lib/python3.12/site-packages/airflow/example_dags/example_xcomargs.py
[2025-01-28T10:59:07.414+0000] {processor.py:914} INFO - Processing file /mnt/c/Users/Admin/Desktop/ud_data/Dataslush_umang/airflow/airflow_venv/lib/python3.12/site-packages/airflow/example_dags/example_xcomargs.py for tasks to queue
[2025-01-28T10:59:07.420+0000] {logging_mixin.py:190} INFO - [2025-01-28T10:59:07.419+0000] {dagbag.py:588} INFO - Filling up the DagBag from /mnt/c/Users/Admin/Desktop/ud_data/Dataslush_umang/airflow/airflow_venv/lib/python3.12/site-packages/airflow/example_dags/example_xcomargs.py
[2025-01-28T10:59:07.537+0000] {processor.py:925} INFO - DAG(s) 'example_xcom_args', 'example_xcom_args_with_operators' retrieved from /mnt/c/Users/Admin/Desktop/ud_data/Dataslush_umang/airflow/airflow_venv/lib/python3.12/site-packages/airflow/example_dags/example_xcomargs.py
[2025-01-28T10:59:07.576+0000] {logging_mixin.py:190} INFO - [2025-01-28T10:59:07.574+0000] {dag.py:3239} INFO - Sync 2 DAGs
[2025-01-28T10:59:07.598+0000] {logging_mixin.py:190} INFO - [2025-01-28T10:59:07.596+0000] {dag.py:4180} INFO - Setting next_dagrun for example_xcom_args to None, run_after=None
[2025-01-28T10:59:07.605+0000] {logging_mixin.py:190} INFO - [2025-01-28T10:59:07.603+0000] {dag.py:4180} INFO - Setting next_dagrun for example_xcom_args_with_operators to None, run_after=None
[2025-01-28T10:59:07.649+0000] {processor.py:208} INFO - Processing /mnt/c/Users/Admin/Desktop/ud_data/Dataslush_umang/airflow/airflow_venv/lib/python3.12/site-packages/airflow/example_dags/example_xcomargs.py took 0.265 seconds
[2025-01-28T10:59:58.732+0000] {processor.py:186} INFO - Started process (PID=19457) to work on /mnt/c/Users/Admin/Desktop/ud_data/Dataslush_umang/airflow/airflow_venv/lib/python3.12/site-packages/airflow/example_dags/example_xcomargs.py
[2025-01-28T10:59:58.744+0000] {processor.py:914} INFO - Processing file /mnt/c/Users/Admin/Desktop/ud_data/Dataslush_umang/airflow/airflow_venv/lib/python3.12/site-packages/airflow/example_dags/example_xcomargs.py for tasks to queue
[2025-01-28T10:59:58.752+0000] {logging_mixin.py:190} INFO - [2025-01-28T10:59:58.749+0000] {dagbag.py:588} INFO - Filling up the DagBag from /mnt/c/Users/Admin/Desktop/ud_data/Dataslush_umang/airflow/airflow_venv/lib/python3.12/site-packages/airflow/example_dags/example_xcomargs.py
[2025-01-28T10:59:58.861+0000] {processor.py:925} INFO - DAG(s) 'example_xcom_args', 'example_xcom_args_with_operators' retrieved from /mnt/c/Users/Admin/Desktop/ud_data/Dataslush_umang/airflow/airflow_venv/lib/python3.12/site-packages/airflow/example_dags/example_xcomargs.py
[2025-01-28T10:59:58.907+0000] {logging_mixin.py:190} INFO - [2025-01-28T10:59:58.904+0000] {dag.py:3239} INFO - Sync 2 DAGs
[2025-01-28T10:59:58.932+0000] {logging_mixin.py:190} INFO - [2025-01-28T10:59:58.930+0000] {dag.py:4180} INFO - Setting next_dagrun for example_xcom_args to None, run_after=None
[2025-01-28T10:59:58.940+0000] {logging_mixin.py:190} INFO - [2025-01-28T10:59:58.939+0000] {dag.py:4180} INFO - Setting next_dagrun for example_xcom_args_with_operators to None, run_after=None
[2025-01-28T10:59:58.988+0000] {processor.py:208} INFO - Processing /mnt/c/Users/Admin/Desktop/ud_data/Dataslush_umang/airflow/airflow_venv/lib/python3.12/site-packages/airflow/example_dags/example_xcomargs.py took 0.289 seconds
[2025-01-28T11:00:53.834+0000] {processor.py:186} INFO - Started process (PID=19542) to work on /mnt/c/Users/Admin/Desktop/ud_data/Dataslush_umang/airflow/airflow_venv/lib/python3.12/site-packages/airflow/example_dags/example_xcomargs.py
[2025-01-28T11:00:53.930+0000] {processor.py:914} INFO - Processing file /mnt/c/Users/Admin/Desktop/ud_data/Dataslush_umang/airflow/airflow_venv/lib/python3.12/site-packages/airflow/example_dags/example_xcomargs.py for tasks to queue
[2025-01-28T11:00:53.936+0000] {logging_mixin.py:190} INFO - [2025-01-28T11:00:53.934+0000] {dagbag.py:588} INFO - Filling up the DagBag from /mnt/c/Users/Admin/Desktop/ud_data/Dataslush_umang/airflow/airflow_venv/lib/python3.12/site-packages/airflow/example_dags/example_xcomargs.py
[2025-01-28T11:00:54.047+0000] {processor.py:925} INFO - DAG(s) 'example_xcom_args', 'example_xcom_args_with_operators' retrieved from /mnt/c/Users/Admin/Desktop/ud_data/Dataslush_umang/airflow/airflow_venv/lib/python3.12/site-packages/airflow/example_dags/example_xcomargs.py
[2025-01-28T11:00:54.086+0000] {logging_mixin.py:190} INFO - [2025-01-28T11:00:54.085+0000] {dag.py:3239} INFO - Sync 2 DAGs
[2025-01-28T11:00:54.108+0000] {logging_mixin.py:190} INFO - [2025-01-28T11:00:54.106+0000] {dag.py:4180} INFO - Setting next_dagrun for example_xcom_args to None, run_after=None
[2025-01-28T11:00:54.114+0000] {logging_mixin.py:190} INFO - [2025-01-28T11:00:54.112+0000] {dag.py:4180} INFO - Setting next_dagrun for example_xcom_args_with_operators to None, run_after=None
[2025-01-28T11:00:54.230+0000] {processor.py:208} INFO - Processing /mnt/c/Users/Admin/Desktop/ud_data/Dataslush_umang/airflow/airflow_venv/lib/python3.12/site-packages/airflow/example_dags/example_xcomargs.py took 0.421 seconds
[2025-01-28T11:01:47.535+0000] {processor.py:186} INFO - Started process (PID=19608) to work on /mnt/c/Users/Admin/Desktop/ud_data/Dataslush_umang/airflow/airflow_venv/lib/python3.12/site-packages/airflow/example_dags/example_xcomargs.py
[2025-01-28T11:01:47.538+0000] {processor.py:914} INFO - Processing file /mnt/c/Users/Admin/Desktop/ud_data/Dataslush_umang/airflow/airflow_venv/lib/python3.12/site-packages/airflow/example_dags/example_xcomargs.py for tasks to queue
[2025-01-28T11:01:47.543+0000] {logging_mixin.py:190} INFO - [2025-01-28T11:01:47.541+0000] {dagbag.py:588} INFO - Filling up the DagBag from /mnt/c/Users/Admin/Desktop/ud_data/Dataslush_umang/airflow/airflow_venv/lib/python3.12/site-packages/airflow/example_dags/example_xcomargs.py
[2025-01-28T11:01:47.649+0000] {processor.py:925} INFO - DAG(s) 'example_xcom_args_with_operators', 'example_xcom_args' retrieved from /mnt/c/Users/Admin/Desktop/ud_data/Dataslush_umang/airflow/airflow_venv/lib/python3.12/site-packages/airflow/example_dags/example_xcomargs.py
[2025-01-28T11:01:47.681+0000] {logging_mixin.py:190} INFO - [2025-01-28T11:01:47.679+0000] {dag.py:3239} INFO - Sync 2 DAGs
[2025-01-28T11:01:47.700+0000] {logging_mixin.py:190} INFO - [2025-01-28T11:01:47.698+0000] {dag.py:4180} INFO - Setting next_dagrun for example_xcom_args to None, run_after=None
[2025-01-28T11:01:47.708+0000] {logging_mixin.py:190} INFO - [2025-01-28T11:01:47.706+0000] {dag.py:4180} INFO - Setting next_dagrun for example_xcom_args_with_operators to None, run_after=None
[2025-01-28T11:01:47.749+0000] {processor.py:208} INFO - Processing /mnt/c/Users/Admin/Desktop/ud_data/Dataslush_umang/airflow/airflow_venv/lib/python3.12/site-packages/airflow/example_dags/example_xcomargs.py took 0.239 seconds
[2025-01-28T11:03:41.761+0000] {processor.py:186} INFO - Started process (PID=19752) to work on /mnt/c/Users/Admin/Desktop/ud_data/Dataslush_umang/airflow/airflow_venv/lib/python3.12/site-packages/airflow/example_dags/example_xcomargs.py
[2025-01-28T11:03:41.766+0000] {processor.py:914} INFO - Processing file /mnt/c/Users/Admin/Desktop/ud_data/Dataslush_umang/airflow/airflow_venv/lib/python3.12/site-packages/airflow/example_dags/example_xcomargs.py for tasks to queue
[2025-01-28T11:03:41.774+0000] {logging_mixin.py:190} INFO - [2025-01-28T11:03:41.771+0000] {dagbag.py:588} INFO - Filling up the DagBag from /mnt/c/Users/Admin/Desktop/ud_data/Dataslush_umang/airflow/airflow_venv/lib/python3.12/site-packages/airflow/example_dags/example_xcomargs.py
[2025-01-28T11:03:41.878+0000] {processor.py:925} INFO - DAG(s) 'example_xcom_args', 'example_xcom_args_with_operators' retrieved from /mnt/c/Users/Admin/Desktop/ud_data/Dataslush_umang/airflow/airflow_venv/lib/python3.12/site-packages/airflow/example_dags/example_xcomargs.py
[2025-01-28T11:03:41.905+0000] {logging_mixin.py:190} INFO - [2025-01-28T11:03:41.904+0000] {dag.py:3239} INFO - Sync 2 DAGs
[2025-01-28T11:03:41.924+0000] {logging_mixin.py:190} INFO - [2025-01-28T11:03:41.923+0000] {dag.py:4180} INFO - Setting next_dagrun for example_xcom_args to None, run_after=None
[2025-01-28T11:03:41.930+0000] {logging_mixin.py:190} INFO - [2025-01-28T11:03:41.928+0000] {dag.py:4180} INFO - Setting next_dagrun for example_xcom_args_with_operators to None, run_after=None
[2025-01-28T11:03:41.972+0000] {processor.py:208} INFO - Processing /mnt/c/Users/Admin/Desktop/ud_data/Dataslush_umang/airflow/airflow_venv/lib/python3.12/site-packages/airflow/example_dags/example_xcomargs.py took 0.245 seconds
[2025-01-28T11:04:32.794+0000] {processor.py:186} INFO - Started process (PID=19908) to work on /mnt/c/Users/Admin/Desktop/ud_data/Dataslush_umang/airflow/airflow_venv/lib/python3.12/site-packages/airflow/example_dags/example_xcomargs.py
[2025-01-28T11:04:32.797+0000] {processor.py:914} INFO - Processing file /mnt/c/Users/Admin/Desktop/ud_data/Dataslush_umang/airflow/airflow_venv/lib/python3.12/site-packages/airflow/example_dags/example_xcomargs.py for tasks to queue
[2025-01-28T11:04:32.804+0000] {logging_mixin.py:190} INFO - [2025-01-28T11:04:32.802+0000] {dagbag.py:588} INFO - Filling up the DagBag from /mnt/c/Users/Admin/Desktop/ud_data/Dataslush_umang/airflow/airflow_venv/lib/python3.12/site-packages/airflow/example_dags/example_xcomargs.py
[2025-01-28T11:04:32.906+0000] {processor.py:925} INFO - DAG(s) 'example_xcom_args_with_operators', 'example_xcom_args' retrieved from /mnt/c/Users/Admin/Desktop/ud_data/Dataslush_umang/airflow/airflow_venv/lib/python3.12/site-packages/airflow/example_dags/example_xcomargs.py
[2025-01-28T11:04:32.942+0000] {logging_mixin.py:190} INFO - [2025-01-28T11:04:32.941+0000] {dag.py:3239} INFO - Sync 2 DAGs
[2025-01-28T11:04:32.961+0000] {logging_mixin.py:190} INFO - [2025-01-28T11:04:32.960+0000] {dag.py:4180} INFO - Setting next_dagrun for example_xcom_args to None, run_after=None
[2025-01-28T11:04:32.968+0000] {logging_mixin.py:190} INFO - [2025-01-28T11:04:32.966+0000] {dag.py:4180} INFO - Setting next_dagrun for example_xcom_args_with_operators to None, run_after=None
[2025-01-28T11:04:33.009+0000] {processor.py:208} INFO - Processing /mnt/c/Users/Admin/Desktop/ud_data/Dataslush_umang/airflow/airflow_venv/lib/python3.12/site-packages/airflow/example_dags/example_xcomargs.py took 0.248 seconds
[2025-01-28T11:05:21.720+0000] {processor.py:186} INFO - Started process (PID=19970) to work on /mnt/c/Users/Admin/Desktop/ud_data/Dataslush_umang/airflow/airflow_venv/lib/python3.12/site-packages/airflow/example_dags/example_xcomargs.py
[2025-01-28T11:05:21.723+0000] {processor.py:914} INFO - Processing file /mnt/c/Users/Admin/Desktop/ud_data/Dataslush_umang/airflow/airflow_venv/lib/python3.12/site-packages/airflow/example_dags/example_xcomargs.py for tasks to queue
[2025-01-28T11:05:21.729+0000] {logging_mixin.py:190} INFO - [2025-01-28T11:05:21.727+0000] {dagbag.py:588} INFO - Filling up the DagBag from /mnt/c/Users/Admin/Desktop/ud_data/Dataslush_umang/airflow/airflow_venv/lib/python3.12/site-packages/airflow/example_dags/example_xcomargs.py
[2025-01-28T11:05:21.865+0000] {processor.py:925} INFO - DAG(s) 'example_xcom_args_with_operators', 'example_xcom_args' retrieved from /mnt/c/Users/Admin/Desktop/ud_data/Dataslush_umang/airflow/airflow_venv/lib/python3.12/site-packages/airflow/example_dags/example_xcomargs.py
[2025-01-28T11:05:21.915+0000] {logging_mixin.py:190} INFO - [2025-01-28T11:05:21.913+0000] {dag.py:3239} INFO - Sync 2 DAGs
[2025-01-28T11:05:21.936+0000] {logging_mixin.py:190} INFO - [2025-01-28T11:05:21.935+0000] {dag.py:4180} INFO - Setting next_dagrun for example_xcom_args to None, run_after=None
[2025-01-28T11:05:21.943+0000] {logging_mixin.py:190} INFO - [2025-01-28T11:05:21.941+0000] {dag.py:4180} INFO - Setting next_dagrun for example_xcom_args_with_operators to None, run_after=None
[2025-01-28T11:05:21.988+0000] {processor.py:208} INFO - Processing /mnt/c/Users/Admin/Desktop/ud_data/Dataslush_umang/airflow/airflow_venv/lib/python3.12/site-packages/airflow/example_dags/example_xcomargs.py took 0.289 seconds
[2025-01-28T11:06:27.314+0000] {processor.py:186} INFO - Started process (PID=20022) to work on /mnt/c/Users/Admin/Desktop/ud_data/Dataslush_umang/airflow/airflow_venv/lib/python3.12/site-packages/airflow/example_dags/example_xcomargs.py
[2025-01-28T11:06:27.319+0000] {processor.py:914} INFO - Processing file /mnt/c/Users/Admin/Desktop/ud_data/Dataslush_umang/airflow/airflow_venv/lib/python3.12/site-packages/airflow/example_dags/example_xcomargs.py for tasks to queue
[2025-01-28T11:06:27.324+0000] {logging_mixin.py:190} INFO - [2025-01-28T11:06:27.322+0000] {dagbag.py:588} INFO - Filling up the DagBag from /mnt/c/Users/Admin/Desktop/ud_data/Dataslush_umang/airflow/airflow_venv/lib/python3.12/site-packages/airflow/example_dags/example_xcomargs.py
[2025-01-28T11:06:27.460+0000] {processor.py:925} INFO - DAG(s) 'example_xcom_args_with_operators', 'example_xcom_args' retrieved from /mnt/c/Users/Admin/Desktop/ud_data/Dataslush_umang/airflow/airflow_venv/lib/python3.12/site-packages/airflow/example_dags/example_xcomargs.py
[2025-01-28T11:06:27.503+0000] {logging_mixin.py:190} INFO - [2025-01-28T11:06:27.502+0000] {dag.py:3239} INFO - Sync 2 DAGs
[2025-01-28T11:06:27.538+0000] {logging_mixin.py:190} INFO - [2025-01-28T11:06:27.537+0000] {dag.py:4180} INFO - Setting next_dagrun for example_xcom_args to None, run_after=None
[2025-01-28T11:06:27.547+0000] {logging_mixin.py:190} INFO - [2025-01-28T11:06:27.545+0000] {dag.py:4180} INFO - Setting next_dagrun for example_xcom_args_with_operators to None, run_after=None
[2025-01-28T11:06:27.598+0000] {processor.py:208} INFO - Processing /mnt/c/Users/Admin/Desktop/ud_data/Dataslush_umang/airflow/airflow_venv/lib/python3.12/site-packages/airflow/example_dags/example_xcomargs.py took 0.309 seconds
[2025-01-28T11:07:29.990+0000] {processor.py:186} INFO - Started process (PID=20096) to work on /mnt/c/Users/Admin/Desktop/ud_data/Dataslush_umang/airflow/airflow_venv/lib/python3.12/site-packages/airflow/example_dags/example_xcomargs.py
[2025-01-28T11:07:30.035+0000] {processor.py:914} INFO - Processing file /mnt/c/Users/Admin/Desktop/ud_data/Dataslush_umang/airflow/airflow_venv/lib/python3.12/site-packages/airflow/example_dags/example_xcomargs.py for tasks to queue
[2025-01-28T11:07:30.040+0000] {logging_mixin.py:190} INFO - [2025-01-28T11:07:30.038+0000] {dagbag.py:588} INFO - Filling up the DagBag from /mnt/c/Users/Admin/Desktop/ud_data/Dataslush_umang/airflow/airflow_venv/lib/python3.12/site-packages/airflow/example_dags/example_xcomargs.py
[2025-01-28T11:07:30.171+0000] {processor.py:925} INFO - DAG(s) 'example_xcom_args', 'example_xcom_args_with_operators' retrieved from /mnt/c/Users/Admin/Desktop/ud_data/Dataslush_umang/airflow/airflow_venv/lib/python3.12/site-packages/airflow/example_dags/example_xcomargs.py
[2025-01-28T11:07:30.208+0000] {logging_mixin.py:190} INFO - [2025-01-28T11:07:30.207+0000] {dag.py:3239} INFO - Sync 2 DAGs
[2025-01-28T11:07:30.232+0000] {logging_mixin.py:190} INFO - [2025-01-28T11:07:30.230+0000] {dag.py:4180} INFO - Setting next_dagrun for example_xcom_args to None, run_after=None
[2025-01-28T11:07:30.239+0000] {logging_mixin.py:190} INFO - [2025-01-28T11:07:30.237+0000] {dag.py:4180} INFO - Setting next_dagrun for example_xcom_args_with_operators to None, run_after=None
[2025-01-28T11:07:30.391+0000] {processor.py:208} INFO - Processing /mnt/c/Users/Admin/Desktop/ud_data/Dataslush_umang/airflow/airflow_venv/lib/python3.12/site-packages/airflow/example_dags/example_xcomargs.py took 0.431 seconds
[2025-01-28T11:08:14.467+0000] {processor.py:186} INFO - Started process (PID=20195) to work on /mnt/c/Users/Admin/Desktop/ud_data/Dataslush_umang/airflow/airflow_venv/lib/python3.12/site-packages/airflow/example_dags/example_xcomargs.py
[2025-01-28T11:08:14.793+0000] {processor.py:914} INFO - Processing file /mnt/c/Users/Admin/Desktop/ud_data/Dataslush_umang/airflow/airflow_venv/lib/python3.12/site-packages/airflow/example_dags/example_xcomargs.py for tasks to queue
[2025-01-28T11:08:14.797+0000] {logging_mixin.py:190} INFO - [2025-01-28T11:08:14.796+0000] {dagbag.py:588} INFO - Filling up the DagBag from /mnt/c/Users/Admin/Desktop/ud_data/Dataslush_umang/airflow/airflow_venv/lib/python3.12/site-packages/airflow/example_dags/example_xcomargs.py
[2025-01-28T11:08:14.888+0000] {processor.py:925} INFO - DAG(s) 'example_xcom_args_with_operators', 'example_xcom_args' retrieved from /mnt/c/Users/Admin/Desktop/ud_data/Dataslush_umang/airflow/airflow_venv/lib/python3.12/site-packages/airflow/example_dags/example_xcomargs.py
[2025-01-28T11:08:14.924+0000] {logging_mixin.py:190} INFO - [2025-01-28T11:08:14.923+0000] {dag.py:3239} INFO - Sync 2 DAGs
[2025-01-28T11:08:14.944+0000] {logging_mixin.py:190} INFO - [2025-01-28T11:08:14.943+0000] {dag.py:4180} INFO - Setting next_dagrun for example_xcom_args to None, run_after=None
[2025-01-28T11:08:14.950+0000] {logging_mixin.py:190} INFO - [2025-01-28T11:08:14.949+0000] {dag.py:4180} INFO - Setting next_dagrun for example_xcom_args_with_operators to None, run_after=None
[2025-01-28T11:08:15.145+0000] {processor.py:208} INFO - Processing /mnt/c/Users/Admin/Desktop/ud_data/Dataslush_umang/airflow/airflow_venv/lib/python3.12/site-packages/airflow/example_dags/example_xcomargs.py took 0.705 seconds
[2025-01-28T11:09:01.986+0000] {processor.py:186} INFO - Started process (PID=20269) to work on /mnt/c/Users/Admin/Desktop/ud_data/Dataslush_umang/airflow/airflow_venv/lib/python3.12/site-packages/airflow/example_dags/example_xcomargs.py
[2025-01-28T11:09:01.990+0000] {processor.py:914} INFO - Processing file /mnt/c/Users/Admin/Desktop/ud_data/Dataslush_umang/airflow/airflow_venv/lib/python3.12/site-packages/airflow/example_dags/example_xcomargs.py for tasks to queue
[2025-01-28T11:09:01.996+0000] {logging_mixin.py:190} INFO - [2025-01-28T11:09:01.995+0000] {dagbag.py:588} INFO - Filling up the DagBag from /mnt/c/Users/Admin/Desktop/ud_data/Dataslush_umang/airflow/airflow_venv/lib/python3.12/site-packages/airflow/example_dags/example_xcomargs.py
[2025-01-28T11:09:02.108+0000] {processor.py:925} INFO - DAG(s) 'example_xcom_args', 'example_xcom_args_with_operators' retrieved from /mnt/c/Users/Admin/Desktop/ud_data/Dataslush_umang/airflow/airflow_venv/lib/python3.12/site-packages/airflow/example_dags/example_xcomargs.py
[2025-01-28T11:09:02.147+0000] {logging_mixin.py:190} INFO - [2025-01-28T11:09:02.146+0000] {dag.py:3239} INFO - Sync 2 DAGs
[2025-01-28T11:09:02.165+0000] {logging_mixin.py:190} INFO - [2025-01-28T11:09:02.163+0000] {dag.py:4180} INFO - Setting next_dagrun for example_xcom_args to None, run_after=None
[2025-01-28T11:09:02.171+0000] {logging_mixin.py:190} INFO - [2025-01-28T11:09:02.170+0000] {dag.py:4180} INFO - Setting next_dagrun for example_xcom_args_with_operators to None, run_after=None
[2025-01-28T11:09:02.207+0000] {processor.py:208} INFO - Processing /mnt/c/Users/Admin/Desktop/ud_data/Dataslush_umang/airflow/airflow_venv/lib/python3.12/site-packages/airflow/example_dags/example_xcomargs.py took 0.251 seconds
[2025-01-28T11:09:54.437+0000] {processor.py:186} INFO - Started process (PID=20407) to work on /mnt/c/Users/Admin/Desktop/ud_data/Dataslush_umang/airflow/airflow_venv/lib/python3.12/site-packages/airflow/example_dags/example_xcomargs.py
[2025-01-28T11:09:54.692+0000] {processor.py:914} INFO - Processing file /mnt/c/Users/Admin/Desktop/ud_data/Dataslush_umang/airflow/airflow_venv/lib/python3.12/site-packages/airflow/example_dags/example_xcomargs.py for tasks to queue
[2025-01-28T11:09:54.698+0000] {logging_mixin.py:190} INFO - [2025-01-28T11:09:54.697+0000] {dagbag.py:588} INFO - Filling up the DagBag from /mnt/c/Users/Admin/Desktop/ud_data/Dataslush_umang/airflow/airflow_venv/lib/python3.12/site-packages/airflow/example_dags/example_xcomargs.py
[2025-01-28T11:09:54.821+0000] {processor.py:925} INFO - DAG(s) 'example_xcom_args', 'example_xcom_args_with_operators' retrieved from /mnt/c/Users/Admin/Desktop/ud_data/Dataslush_umang/airflow/airflow_venv/lib/python3.12/site-packages/airflow/example_dags/example_xcomargs.py
[2025-01-28T11:09:54.870+0000] {logging_mixin.py:190} INFO - [2025-01-28T11:09:54.869+0000] {dag.py:3239} INFO - Sync 2 DAGs
[2025-01-28T11:09:54.889+0000] {logging_mixin.py:190} INFO - [2025-01-28T11:09:54.886+0000] {dag.py:4180} INFO - Setting next_dagrun for example_xcom_args to None, run_after=None
[2025-01-28T11:09:54.895+0000] {logging_mixin.py:190} INFO - [2025-01-28T11:09:54.894+0000] {dag.py:4180} INFO - Setting next_dagrun for example_xcom_args_with_operators to None, run_after=None
[2025-01-28T11:09:55.115+0000] {processor.py:208} INFO - Processing /mnt/c/Users/Admin/Desktop/ud_data/Dataslush_umang/airflow/airflow_venv/lib/python3.12/site-packages/airflow/example_dags/example_xcomargs.py took 0.704 seconds
[2025-01-28T11:11:26.788+0000] {processor.py:186} INFO - Started process (PID=20527) to work on /mnt/c/Users/Admin/Desktop/ud_data/Dataslush_umang/airflow/airflow_venv/lib/python3.12/site-packages/airflow/example_dags/example_xcomargs.py
[2025-01-28T11:11:26.790+0000] {processor.py:914} INFO - Processing file /mnt/c/Users/Admin/Desktop/ud_data/Dataslush_umang/airflow/airflow_venv/lib/python3.12/site-packages/airflow/example_dags/example_xcomargs.py for tasks to queue
[2025-01-28T11:11:26.795+0000] {logging_mixin.py:190} INFO - [2025-01-28T11:11:26.794+0000] {dagbag.py:588} INFO - Filling up the DagBag from /mnt/c/Users/Admin/Desktop/ud_data/Dataslush_umang/airflow/airflow_venv/lib/python3.12/site-packages/airflow/example_dags/example_xcomargs.py
[2025-01-28T11:11:26.921+0000] {processor.py:925} INFO - DAG(s) 'example_xcom_args_with_operators', 'example_xcom_args' retrieved from /mnt/c/Users/Admin/Desktop/ud_data/Dataslush_umang/airflow/airflow_venv/lib/python3.12/site-packages/airflow/example_dags/example_xcomargs.py
[2025-01-28T11:11:26.959+0000] {logging_mixin.py:190} INFO - [2025-01-28T11:11:26.956+0000] {dag.py:3239} INFO - Sync 2 DAGs
[2025-01-28T11:11:26.979+0000] {logging_mixin.py:190} INFO - [2025-01-28T11:11:26.977+0000] {dag.py:4180} INFO - Setting next_dagrun for example_xcom_args to None, run_after=None
[2025-01-28T11:11:26.987+0000] {logging_mixin.py:190} INFO - [2025-01-28T11:11:26.985+0000] {dag.py:4180} INFO - Setting next_dagrun for example_xcom_args_with_operators to None, run_after=None
[2025-01-28T11:11:27.103+0000] {processor.py:208} INFO - Processing /mnt/c/Users/Admin/Desktop/ud_data/Dataslush_umang/airflow/airflow_venv/lib/python3.12/site-packages/airflow/example_dags/example_xcomargs.py took 0.342 seconds
[2025-01-28T11:13:01.911+0000] {processor.py:186} INFO - Started process (PID=20638) to work on /mnt/c/Users/Admin/Desktop/ud_data/Dataslush_umang/airflow/airflow_venv/lib/python3.12/site-packages/airflow/example_dags/example_xcomargs.py
[2025-01-28T11:13:01.926+0000] {processor.py:914} INFO - Processing file /mnt/c/Users/Admin/Desktop/ud_data/Dataslush_umang/airflow/airflow_venv/lib/python3.12/site-packages/airflow/example_dags/example_xcomargs.py for tasks to queue
[2025-01-28T11:13:01.932+0000] {logging_mixin.py:190} INFO - [2025-01-28T11:13:01.930+0000] {dagbag.py:588} INFO - Filling up the DagBag from /mnt/c/Users/Admin/Desktop/ud_data/Dataslush_umang/airflow/airflow_venv/lib/python3.12/site-packages/airflow/example_dags/example_xcomargs.py
[2025-01-28T11:13:02.050+0000] {processor.py:925} INFO - DAG(s) 'example_xcom_args_with_operators', 'example_xcom_args' retrieved from /mnt/c/Users/Admin/Desktop/ud_data/Dataslush_umang/airflow/airflow_venv/lib/python3.12/site-packages/airflow/example_dags/example_xcomargs.py
[2025-01-28T11:13:02.082+0000] {logging_mixin.py:190} INFO - [2025-01-28T11:13:02.080+0000] {dag.py:3239} INFO - Sync 2 DAGs
[2025-01-28T11:13:02.100+0000] {logging_mixin.py:190} INFO - [2025-01-28T11:13:02.099+0000] {dag.py:4180} INFO - Setting next_dagrun for example_xcom_args to None, run_after=None
[2025-01-28T11:13:02.105+0000] {logging_mixin.py:190} INFO - [2025-01-28T11:13:02.104+0000] {dag.py:4180} INFO - Setting next_dagrun for example_xcom_args_with_operators to None, run_after=None
[2025-01-28T11:13:02.195+0000] {processor.py:208} INFO - Processing /mnt/c/Users/Admin/Desktop/ud_data/Dataslush_umang/airflow/airflow_venv/lib/python3.12/site-packages/airflow/example_dags/example_xcomargs.py took 0.312 seconds
[2025-01-28T11:13:51.979+0000] {processor.py:186} INFO - Started process (PID=20698) to work on /mnt/c/Users/Admin/Desktop/ud_data/Dataslush_umang/airflow/airflow_venv/lib/python3.12/site-packages/airflow/example_dags/example_xcomargs.py
[2025-01-28T11:13:51.983+0000] {processor.py:914} INFO - Processing file /mnt/c/Users/Admin/Desktop/ud_data/Dataslush_umang/airflow/airflow_venv/lib/python3.12/site-packages/airflow/example_dags/example_xcomargs.py for tasks to queue
[2025-01-28T11:13:51.990+0000] {logging_mixin.py:190} INFO - [2025-01-28T11:13:51.987+0000] {dagbag.py:588} INFO - Filling up the DagBag from /mnt/c/Users/Admin/Desktop/ud_data/Dataslush_umang/airflow/airflow_venv/lib/python3.12/site-packages/airflow/example_dags/example_xcomargs.py
[2025-01-28T11:13:52.122+0000] {processor.py:925} INFO - DAG(s) 'example_xcom_args', 'example_xcom_args_with_operators' retrieved from /mnt/c/Users/Admin/Desktop/ud_data/Dataslush_umang/airflow/airflow_venv/lib/python3.12/site-packages/airflow/example_dags/example_xcomargs.py
[2025-01-28T11:13:52.162+0000] {logging_mixin.py:190} INFO - [2025-01-28T11:13:52.160+0000] {dag.py:3239} INFO - Sync 2 DAGs
[2025-01-28T11:13:52.190+0000] {logging_mixin.py:190} INFO - [2025-01-28T11:13:52.188+0000] {dag.py:4180} INFO - Setting next_dagrun for example_xcom_args to None, run_after=None
[2025-01-28T11:13:52.197+0000] {logging_mixin.py:190} INFO - [2025-01-28T11:13:52.196+0000] {dag.py:4180} INFO - Setting next_dagrun for example_xcom_args_with_operators to None, run_after=None
[2025-01-28T11:13:52.246+0000] {processor.py:208} INFO - Processing /mnt/c/Users/Admin/Desktop/ud_data/Dataslush_umang/airflow/airflow_venv/lib/python3.12/site-packages/airflow/example_dags/example_xcomargs.py took 0.297 seconds
[2025-01-28T11:14:36.322+0000] {processor.py:186} INFO - Started process (PID=20750) to work on /mnt/c/Users/Admin/Desktop/ud_data/Dataslush_umang/airflow/airflow_venv/lib/python3.12/site-packages/airflow/example_dags/example_xcomargs.py
[2025-01-28T11:14:36.325+0000] {processor.py:914} INFO - Processing file /mnt/c/Users/Admin/Desktop/ud_data/Dataslush_umang/airflow/airflow_venv/lib/python3.12/site-packages/airflow/example_dags/example_xcomargs.py for tasks to queue
[2025-01-28T11:14:36.331+0000] {logging_mixin.py:190} INFO - [2025-01-28T11:14:36.329+0000] {dagbag.py:588} INFO - Filling up the DagBag from /mnt/c/Users/Admin/Desktop/ud_data/Dataslush_umang/airflow/airflow_venv/lib/python3.12/site-packages/airflow/example_dags/example_xcomargs.py
[2025-01-28T11:14:36.444+0000] {processor.py:925} INFO - DAG(s) 'example_xcom_args_with_operators', 'example_xcom_args' retrieved from /mnt/c/Users/Admin/Desktop/ud_data/Dataslush_umang/airflow/airflow_venv/lib/python3.12/site-packages/airflow/example_dags/example_xcomargs.py
[2025-01-28T11:14:36.475+0000] {logging_mixin.py:190} INFO - [2025-01-28T11:14:36.474+0000] {dag.py:3239} INFO - Sync 2 DAGs
[2025-01-28T11:14:36.501+0000] {logging_mixin.py:190} INFO - [2025-01-28T11:14:36.499+0000] {dag.py:4180} INFO - Setting next_dagrun for example_xcom_args to None, run_after=None
[2025-01-28T11:14:36.508+0000] {logging_mixin.py:190} INFO - [2025-01-28T11:14:36.506+0000] {dag.py:4180} INFO - Setting next_dagrun for example_xcom_args_with_operators to None, run_after=None
[2025-01-28T11:14:36.547+0000] {processor.py:208} INFO - Processing /mnt/c/Users/Admin/Desktop/ud_data/Dataslush_umang/airflow/airflow_venv/lib/python3.12/site-packages/airflow/example_dags/example_xcomargs.py took 0.249 seconds
