[2025-01-28T10:11:50.372+0000] {processor.py:186} INFO - Started process (PID=14697) to work on /mnt/c/Users/Admin/Desktop/ud_data/Dataslush_umang/airflow/airflow_venv/lib/python3.12/site-packages/airflow/example_dags/example_trigger_target_dag.py
[2025-01-28T10:11:50.374+0000] {processor.py:914} INFO - Processing file /mnt/c/Users/Admin/Desktop/ud_data/Dataslush_umang/airflow/airflow_venv/lib/python3.12/site-packages/airflow/example_dags/example_trigger_target_dag.py for tasks to queue
[2025-01-28T10:11:50.382+0000] {logging_mixin.py:190} INFO - [2025-01-28T10:11:50.379+0000] {dagbag.py:588} INFO - Filling up the DagBag from /mnt/c/Users/Admin/Desktop/ud_data/Dataslush_umang/airflow/airflow_venv/lib/python3.12/site-packages/airflow/example_dags/example_trigger_target_dag.py
[2025-01-28T10:11:50.546+0000] {processor.py:925} INFO - DAG(s) 'example_trigger_target_dag' retrieved from /mnt/c/Users/Admin/Desktop/ud_data/Dataslush_umang/airflow/airflow_venv/lib/python3.12/site-packages/airflow/example_dags/example_trigger_target_dag.py
[2025-01-28T10:11:52.471+0000] {logging_mixin.py:190} INFO - [2025-01-28T10:11:52.470+0000] {override.py:1912} INFO - Created Permission View: can edit on DAG:example_trigger_target_dag
[2025-01-28T10:11:52.603+0000] {logging_mixin.py:190} INFO - [2025-01-28T10:11:52.601+0000] {override.py:1912} INFO - Created Permission View: can read on DAG:example_trigger_target_dag
[2025-01-28T10:11:52.632+0000] {logging_mixin.py:190} INFO - [2025-01-28T10:11:52.630+0000] {override.py:1912} INFO - Created Permission View: can delete on DAG:example_trigger_target_dag
[2025-01-28T10:11:52.676+0000] {logging_mixin.py:190} INFO - [2025-01-28T10:11:52.674+0000] {override.py:1912} INFO - Created Permission View: can create on DAG Run:example_trigger_target_dag
[2025-01-28T10:11:52.702+0000] {logging_mixin.py:190} INFO - [2025-01-28T10:11:52.700+0000] {override.py:1912} INFO - Created Permission View: menu access on DAG Run:example_trigger_target_dag
[2025-01-28T10:11:52.830+0000] {logging_mixin.py:190} INFO - [2025-01-28T10:11:52.828+0000] {override.py:1912} INFO - Created Permission View: can read on DAG Run:example_trigger_target_dag
[2025-01-28T10:11:52.855+0000] {logging_mixin.py:190} INFO - [2025-01-28T10:11:52.854+0000] {override.py:1912} INFO - Created Permission View: can delete on DAG Run:example_trigger_target_dag
[2025-01-28T10:11:52.858+0000] {logging_mixin.py:190} INFO - [2025-01-28T10:11:52.857+0000] {dag.py:3239} INFO - Sync 1 DAGs
[2025-01-28T10:12:22.962+0000] {logging_mixin.py:190} INFO - [2025-01-28T10:12:22.961+0000] {dag.py:3262} INFO - Creating ORM DAG for example_trigger_target_dag
[2025-01-28T10:12:22.965+0000] {logging_mixin.py:190} INFO - [2025-01-28T10:12:22.964+0000] {dag.py:4180} INFO - Setting next_dagrun for example_trigger_target_dag to None, run_after=None
[2025-01-28T10:12:23.033+0000] {processor.py:208} INFO - Processing /mnt/c/Users/Admin/Desktop/ud_data/Dataslush_umang/airflow/airflow_venv/lib/python3.12/site-packages/airflow/example_dags/example_trigger_target_dag.py took 2.602 seconds
[2025-01-28T10:14:56.555+0000] {processor.py:186} INFO - Started process (PID=14957) to work on /mnt/c/Users/Admin/Desktop/ud_data/Dataslush_umang/airflow/airflow_venv/lib/python3.12/site-packages/airflow/example_dags/example_trigger_target_dag.py
[2025-01-28T10:14:56.558+0000] {processor.py:914} INFO - Processing file /mnt/c/Users/Admin/Desktop/ud_data/Dataslush_umang/airflow/airflow_venv/lib/python3.12/site-packages/airflow/example_dags/example_trigger_target_dag.py for tasks to queue
[2025-01-28T10:14:56.563+0000] {logging_mixin.py:190} INFO - [2025-01-28T10:14:56.561+0000] {dagbag.py:588} INFO - Filling up the DagBag from /mnt/c/Users/Admin/Desktop/ud_data/Dataslush_umang/airflow/airflow_venv/lib/python3.12/site-packages/airflow/example_dags/example_trigger_target_dag.py
[2025-01-28T10:14:56.648+0000] {processor.py:925} INFO - DAG(s) 'example_trigger_target_dag' retrieved from /mnt/c/Users/Admin/Desktop/ud_data/Dataslush_umang/airflow/airflow_venv/lib/python3.12/site-packages/airflow/example_dags/example_trigger_target_dag.py
[2025-01-28T10:14:56.674+0000] {logging_mixin.py:190} INFO - [2025-01-28T10:14:56.672+0000] {dag.py:3239} INFO - Sync 1 DAGs
[2025-01-28T10:14:56.688+0000] {logging_mixin.py:190} INFO - [2025-01-28T10:14:56.686+0000] {dag.py:4180} INFO - Setting next_dagrun for example_trigger_target_dag to None, run_after=None
[2025-01-28T10:14:56.868+0000] {processor.py:208} INFO - Processing /mnt/c/Users/Admin/Desktop/ud_data/Dataslush_umang/airflow/airflow_venv/lib/python3.12/site-packages/airflow/example_dags/example_trigger_target_dag.py took 0.333 seconds
[2025-01-28T10:16:04.158+0000] {processor.py:186} INFO - Started process (PID=15055) to work on /mnt/c/Users/Admin/Desktop/ud_data/Dataslush_umang/airflow/airflow_venv/lib/python3.12/site-packages/airflow/example_dags/example_trigger_target_dag.py
[2025-01-28T10:16:04.328+0000] {processor.py:914} INFO - Processing file /mnt/c/Users/Admin/Desktop/ud_data/Dataslush_umang/airflow/airflow_venv/lib/python3.12/site-packages/airflow/example_dags/example_trigger_target_dag.py for tasks to queue
[2025-01-28T10:16:04.334+0000] {logging_mixin.py:190} INFO - [2025-01-28T10:16:04.332+0000] {dagbag.py:588} INFO - Filling up the DagBag from /mnt/c/Users/Admin/Desktop/ud_data/Dataslush_umang/airflow/airflow_venv/lib/python3.12/site-packages/airflow/example_dags/example_trigger_target_dag.py
[2025-01-28T10:16:04.422+0000] {processor.py:925} INFO - DAG(s) 'example_trigger_target_dag' retrieved from /mnt/c/Users/Admin/Desktop/ud_data/Dataslush_umang/airflow/airflow_venv/lib/python3.12/site-packages/airflow/example_dags/example_trigger_target_dag.py
[2025-01-28T10:16:04.448+0000] {logging_mixin.py:190} INFO - [2025-01-28T10:16:04.445+0000] {dag.py:3239} INFO - Sync 1 DAGs
[2025-01-28T10:16:04.463+0000] {logging_mixin.py:190} INFO - [2025-01-28T10:16:04.461+0000] {dag.py:4180} INFO - Setting next_dagrun for example_trigger_target_dag to None, run_after=None
[2025-01-28T10:16:04.831+0000] {processor.py:208} INFO - Processing /mnt/c/Users/Admin/Desktop/ud_data/Dataslush_umang/airflow/airflow_venv/lib/python3.12/site-packages/airflow/example_dags/example_trigger_target_dag.py took 0.693 seconds
[2025-01-28T10:17:52.426+0000] {processor.py:186} INFO - Started process (PID=15245) to work on /mnt/c/Users/Admin/Desktop/ud_data/Dataslush_umang/airflow/airflow_venv/lib/python3.12/site-packages/airflow/example_dags/example_trigger_target_dag.py
[2025-01-28T10:17:52.527+0000] {processor.py:914} INFO - Processing file /mnt/c/Users/Admin/Desktop/ud_data/Dataslush_umang/airflow/airflow_venv/lib/python3.12/site-packages/airflow/example_dags/example_trigger_target_dag.py for tasks to queue
[2025-01-28T10:17:52.537+0000] {logging_mixin.py:190} INFO - [2025-01-28T10:17:52.533+0000] {dagbag.py:588} INFO - Filling up the DagBag from /mnt/c/Users/Admin/Desktop/ud_data/Dataslush_umang/airflow/airflow_venv/lib/python3.12/site-packages/airflow/example_dags/example_trigger_target_dag.py
[2025-01-28T10:17:52.738+0000] {processor.py:925} INFO - DAG(s) 'example_trigger_target_dag' retrieved from /mnt/c/Users/Admin/Desktop/ud_data/Dataslush_umang/airflow/airflow_venv/lib/python3.12/site-packages/airflow/example_dags/example_trigger_target_dag.py
[2025-01-28T10:17:52.830+0000] {logging_mixin.py:190} INFO - [2025-01-28T10:17:52.827+0000] {dag.py:3239} INFO - Sync 1 DAGs
[2025-01-28T10:17:52.873+0000] {logging_mixin.py:190} INFO - [2025-01-28T10:17:52.871+0000] {dag.py:4180} INFO - Setting next_dagrun for example_trigger_target_dag to None, run_after=None
[2025-01-28T10:17:52.976+0000] {processor.py:208} INFO - Processing /mnt/c/Users/Admin/Desktop/ud_data/Dataslush_umang/airflow/airflow_venv/lib/python3.12/site-packages/airflow/example_dags/example_trigger_target_dag.py took 0.583 seconds
[2025-01-28T10:19:03.965+0000] {processor.py:186} INFO - Started process (PID=15385) to work on /mnt/c/Users/Admin/Desktop/ud_data/Dataslush_umang/airflow/airflow_venv/lib/python3.12/site-packages/airflow/example_dags/example_trigger_target_dag.py
[2025-01-28T10:19:03.977+0000] {processor.py:914} INFO - Processing file /mnt/c/Users/Admin/Desktop/ud_data/Dataslush_umang/airflow/airflow_venv/lib/python3.12/site-packages/airflow/example_dags/example_trigger_target_dag.py for tasks to queue
[2025-01-28T10:19:03.993+0000] {logging_mixin.py:190} INFO - [2025-01-28T10:19:03.986+0000] {dagbag.py:588} INFO - Filling up the DagBag from /mnt/c/Users/Admin/Desktop/ud_data/Dataslush_umang/airflow/airflow_venv/lib/python3.12/site-packages/airflow/example_dags/example_trigger_target_dag.py
[2025-01-28T10:19:04.356+0000] {processor.py:925} INFO - DAG(s) 'example_trigger_target_dag' retrieved from /mnt/c/Users/Admin/Desktop/ud_data/Dataslush_umang/airflow/airflow_venv/lib/python3.12/site-packages/airflow/example_dags/example_trigger_target_dag.py
[2025-01-28T10:19:04.414+0000] {logging_mixin.py:190} INFO - [2025-01-28T10:19:04.411+0000] {dag.py:3239} INFO - Sync 1 DAGs
[2025-01-28T10:19:04.435+0000] {logging_mixin.py:190} INFO - [2025-01-28T10:19:04.433+0000] {dag.py:4180} INFO - Setting next_dagrun for example_trigger_target_dag to None, run_after=None
[2025-01-28T10:19:04.475+0000] {processor.py:208} INFO - Processing /mnt/c/Users/Admin/Desktop/ud_data/Dataslush_umang/airflow/airflow_venv/lib/python3.12/site-packages/airflow/example_dags/example_trigger_target_dag.py took 0.556 seconds
[2025-01-28T10:20:22.064+0000] {processor.py:186} INFO - Started process (PID=15496) to work on /mnt/c/Users/Admin/Desktop/ud_data/Dataslush_umang/airflow/airflow_venv/lib/python3.12/site-packages/airflow/example_dags/example_trigger_target_dag.py
[2025-01-28T10:20:22.067+0000] {processor.py:914} INFO - Processing file /mnt/c/Users/Admin/Desktop/ud_data/Dataslush_umang/airflow/airflow_venv/lib/python3.12/site-packages/airflow/example_dags/example_trigger_target_dag.py for tasks to queue
[2025-01-28T10:20:22.072+0000] {logging_mixin.py:190} INFO - [2025-01-28T10:20:22.070+0000] {dagbag.py:588} INFO - Filling up the DagBag from /mnt/c/Users/Admin/Desktop/ud_data/Dataslush_umang/airflow/airflow_venv/lib/python3.12/site-packages/airflow/example_dags/example_trigger_target_dag.py
[2025-01-28T10:20:22.173+0000] {processor.py:925} INFO - DAG(s) 'example_trigger_target_dag' retrieved from /mnt/c/Users/Admin/Desktop/ud_data/Dataslush_umang/airflow/airflow_venv/lib/python3.12/site-packages/airflow/example_dags/example_trigger_target_dag.py
[2025-01-28T10:20:22.217+0000] {logging_mixin.py:190} INFO - [2025-01-28T10:20:22.214+0000] {dag.py:3239} INFO - Sync 1 DAGs
[2025-01-28T10:20:22.261+0000] {logging_mixin.py:190} INFO - [2025-01-28T10:20:22.257+0000] {dag.py:4180} INFO - Setting next_dagrun for example_trigger_target_dag to None, run_after=None
[2025-01-28T10:20:22.448+0000] {processor.py:208} INFO - Processing /mnt/c/Users/Admin/Desktop/ud_data/Dataslush_umang/airflow/airflow_venv/lib/python3.12/site-packages/airflow/example_dags/example_trigger_target_dag.py took 0.408 seconds
[2025-01-28T10:21:54.781+0000] {processor.py:186} INFO - Started process (PID=15621) to work on /mnt/c/Users/Admin/Desktop/ud_data/Dataslush_umang/airflow/airflow_venv/lib/python3.12/site-packages/airflow/example_dags/example_trigger_target_dag.py
[2025-01-28T10:21:55.320+0000] {processor.py:914} INFO - Processing file /mnt/c/Users/Admin/Desktop/ud_data/Dataslush_umang/airflow/airflow_venv/lib/python3.12/site-packages/airflow/example_dags/example_trigger_target_dag.py for tasks to queue
[2025-01-28T10:21:55.337+0000] {logging_mixin.py:190} INFO - [2025-01-28T10:21:55.331+0000] {dagbag.py:588} INFO - Filling up the DagBag from /mnt/c/Users/Admin/Desktop/ud_data/Dataslush_umang/airflow/airflow_venv/lib/python3.12/site-packages/airflow/example_dags/example_trigger_target_dag.py
[2025-01-28T10:21:55.603+0000] {processor.py:925} INFO - DAG(s) 'example_trigger_target_dag' retrieved from /mnt/c/Users/Admin/Desktop/ud_data/Dataslush_umang/airflow/airflow_venv/lib/python3.12/site-packages/airflow/example_dags/example_trigger_target_dag.py
[2025-01-28T10:21:55.635+0000] {logging_mixin.py:190} INFO - [2025-01-28T10:21:55.633+0000] {dag.py:3239} INFO - Sync 1 DAGs
[2025-01-28T10:21:55.659+0000] {logging_mixin.py:190} INFO - [2025-01-28T10:21:55.656+0000] {dag.py:4180} INFO - Setting next_dagrun for example_trigger_target_dag to None, run_after=None
[2025-01-28T10:21:56.303+0000] {processor.py:208} INFO - Processing /mnt/c/Users/Admin/Desktop/ud_data/Dataslush_umang/airflow/airflow_venv/lib/python3.12/site-packages/airflow/example_dags/example_trigger_target_dag.py took 1.617 seconds
[2025-01-28T10:23:36.339+0000] {processor.py:186} INFO - Started process (PID=15811) to work on /mnt/c/Users/Admin/Desktop/ud_data/Dataslush_umang/airflow/airflow_venv/lib/python3.12/site-packages/airflow/example_dags/example_trigger_target_dag.py
[2025-01-28T10:23:36.561+0000] {processor.py:914} INFO - Processing file /mnt/c/Users/Admin/Desktop/ud_data/Dataslush_umang/airflow/airflow_venv/lib/python3.12/site-packages/airflow/example_dags/example_trigger_target_dag.py for tasks to queue
[2025-01-28T10:23:36.575+0000] {logging_mixin.py:190} INFO - [2025-01-28T10:23:36.570+0000] {dagbag.py:588} INFO - Filling up the DagBag from /mnt/c/Users/Admin/Desktop/ud_data/Dataslush_umang/airflow/airflow_venv/lib/python3.12/site-packages/airflow/example_dags/example_trigger_target_dag.py
[2025-01-28T10:23:36.922+0000] {processor.py:925} INFO - DAG(s) 'example_trigger_target_dag' retrieved from /mnt/c/Users/Admin/Desktop/ud_data/Dataslush_umang/airflow/airflow_venv/lib/python3.12/site-packages/airflow/example_dags/example_trigger_target_dag.py
[2025-01-28T10:23:37.123+0000] {logging_mixin.py:190} INFO - [2025-01-28T10:23:37.121+0000] {dag.py:3239} INFO - Sync 1 DAGs
[2025-01-28T10:23:37.138+0000] {logging_mixin.py:190} INFO - [2025-01-28T10:23:37.136+0000] {dag.py:4180} INFO - Setting next_dagrun for example_trigger_target_dag to None, run_after=None
[2025-01-28T10:23:37.181+0000] {processor.py:208} INFO - Processing /mnt/c/Users/Admin/Desktop/ud_data/Dataslush_umang/airflow/airflow_venv/lib/python3.12/site-packages/airflow/example_dags/example_trigger_target_dag.py took 0.884 seconds
[2025-01-28T10:25:14.167+0000] {processor.py:186} INFO - Started process (PID=16005) to work on /mnt/c/Users/Admin/Desktop/ud_data/Dataslush_umang/airflow/airflow_venv/lib/python3.12/site-packages/airflow/example_dags/example_trigger_target_dag.py
[2025-01-28T10:25:14.171+0000] {processor.py:914} INFO - Processing file /mnt/c/Users/Admin/Desktop/ud_data/Dataslush_umang/airflow/airflow_venv/lib/python3.12/site-packages/airflow/example_dags/example_trigger_target_dag.py for tasks to queue
[2025-01-28T10:25:44.298+0000] {logging_mixin.py:190} INFO - [2025-01-28T10:25:44.295+0000] {dagbag.py:588} INFO - Filling up the DagBag from /mnt/c/Users/Admin/Desktop/ud_data/Dataslush_umang/airflow/airflow_venv/lib/python3.12/site-packages/airflow/example_dags/example_trigger_target_dag.py
[2025-01-28T10:25:44.478+0000] {processor.py:925} INFO - DAG(s) 'example_trigger_target_dag' retrieved from /mnt/c/Users/Admin/Desktop/ud_data/Dataslush_umang/airflow/airflow_venv/lib/python3.12/site-packages/airflow/example_dags/example_trigger_target_dag.py
[2025-01-28T10:25:44.527+0000] {logging_mixin.py:190} INFO - [2025-01-28T10:25:44.525+0000] {dag.py:3239} INFO - Sync 1 DAGs
[2025-01-28T10:25:44.551+0000] {logging_mixin.py:190} INFO - [2025-01-28T10:25:44.550+0000] {dag.py:4180} INFO - Setting next_dagrun for example_trigger_target_dag to None, run_after=None
[2025-01-28T10:25:14.667+0000] {processor.py:208} INFO - Processing /mnt/c/Users/Admin/Desktop/ud_data/Dataslush_umang/airflow/airflow_venv/lib/python3.12/site-packages/airflow/example_dags/example_trigger_target_dag.py took 0.528 seconds
[2025-01-28T10:26:30.466+0000] {processor.py:186} INFO - Started process (PID=16180) to work on /mnt/c/Users/Admin/Desktop/ud_data/Dataslush_umang/airflow/airflow_venv/lib/python3.12/site-packages/airflow/example_dags/example_trigger_target_dag.py
[2025-01-28T10:26:30.474+0000] {processor.py:914} INFO - Processing file /mnt/c/Users/Admin/Desktop/ud_data/Dataslush_umang/airflow/airflow_venv/lib/python3.12/site-packages/airflow/example_dags/example_trigger_target_dag.py for tasks to queue
[2025-01-28T10:26:30.487+0000] {logging_mixin.py:190} INFO - [2025-01-28T10:26:30.483+0000] {dagbag.py:588} INFO - Filling up the DagBag from /mnt/c/Users/Admin/Desktop/ud_data/Dataslush_umang/airflow/airflow_venv/lib/python3.12/site-packages/airflow/example_dags/example_trigger_target_dag.py
[2025-01-28T10:26:30.767+0000] {processor.py:925} INFO - DAG(s) 'example_trigger_target_dag' retrieved from /mnt/c/Users/Admin/Desktop/ud_data/Dataslush_umang/airflow/airflow_venv/lib/python3.12/site-packages/airflow/example_dags/example_trigger_target_dag.py
[2025-01-28T10:26:30.830+0000] {logging_mixin.py:190} INFO - [2025-01-28T10:26:30.827+0000] {dag.py:3239} INFO - Sync 1 DAGs
[2025-01-28T10:26:30.858+0000] {logging_mixin.py:190} INFO - [2025-01-28T10:26:30.855+0000] {dag.py:4180} INFO - Setting next_dagrun for example_trigger_target_dag to None, run_after=None
[2025-01-28T10:26:30.934+0000] {processor.py:208} INFO - Processing /mnt/c/Users/Admin/Desktop/ud_data/Dataslush_umang/airflow/airflow_venv/lib/python3.12/site-packages/airflow/example_dags/example_trigger_target_dag.py took 0.529 seconds
[2025-01-28T10:28:01.456+0000] {processor.py:186} INFO - Started process (PID=16285) to work on /mnt/c/Users/Admin/Desktop/ud_data/Dataslush_umang/airflow/airflow_venv/lib/python3.12/site-packages/airflow/example_dags/example_trigger_target_dag.py
[2025-01-28T10:28:32.034+0000] {processor.py:914} INFO - Processing file /mnt/c/Users/Admin/Desktop/ud_data/Dataslush_umang/airflow/airflow_venv/lib/python3.12/site-packages/airflow/example_dags/example_trigger_target_dag.py for tasks to queue
[2025-01-28T10:28:32.054+0000] {logging_mixin.py:190} INFO - [2025-01-28T10:28:32.049+0000] {dagbag.py:588} INFO - Filling up the DagBag from /mnt/c/Users/Admin/Desktop/ud_data/Dataslush_umang/airflow/airflow_venv/lib/python3.12/site-packages/airflow/example_dags/example_trigger_target_dag.py
[2025-01-28T10:28:32.393+0000] {processor.py:925} INFO - DAG(s) 'example_trigger_target_dag' retrieved from /mnt/c/Users/Admin/Desktop/ud_data/Dataslush_umang/airflow/airflow_venv/lib/python3.12/site-packages/airflow/example_dags/example_trigger_target_dag.py
[2025-01-28T10:28:02.324+0000] {logging_mixin.py:190} INFO - [2025-01-28T10:28:02.322+0000] {dag.py:3239} INFO - Sync 1 DAGs
[2025-01-28T10:28:02.344+0000] {logging_mixin.py:190} INFO - [2025-01-28T10:28:02.342+0000] {dag.py:4180} INFO - Setting next_dagrun for example_trigger_target_dag to None, run_after=None
[2025-01-28T10:28:03.023+0000] {processor.py:208} INFO - Processing /mnt/c/Users/Admin/Desktop/ud_data/Dataslush_umang/airflow/airflow_venv/lib/python3.12/site-packages/airflow/example_dags/example_trigger_target_dag.py took 1.611 seconds
[2025-01-28T10:29:25.930+0000] {processor.py:186} INFO - Started process (PID=16365) to work on /mnt/c/Users/Admin/Desktop/ud_data/Dataslush_umang/airflow/airflow_venv/lib/python3.12/site-packages/airflow/example_dags/example_trigger_target_dag.py
[2025-01-28T10:29:26.579+0000] {processor.py:914} INFO - Processing file /mnt/c/Users/Admin/Desktop/ud_data/Dataslush_umang/airflow/airflow_venv/lib/python3.12/site-packages/airflow/example_dags/example_trigger_target_dag.py for tasks to queue
[2025-01-28T10:29:26.595+0000] {logging_mixin.py:190} INFO - [2025-01-28T10:29:26.590+0000] {dagbag.py:588} INFO - Filling up the DagBag from /mnt/c/Users/Admin/Desktop/ud_data/Dataslush_umang/airflow/airflow_venv/lib/python3.12/site-packages/airflow/example_dags/example_trigger_target_dag.py
[2025-01-28T10:29:26.942+0000] {processor.py:925} INFO - DAG(s) 'example_trigger_target_dag' retrieved from /mnt/c/Users/Admin/Desktop/ud_data/Dataslush_umang/airflow/airflow_venv/lib/python3.12/site-packages/airflow/example_dags/example_trigger_target_dag.py
[2025-01-28T10:29:27.015+0000] {logging_mixin.py:190} INFO - [2025-01-28T10:29:27.011+0000] {dag.py:3239} INFO - Sync 1 DAGs
[2025-01-28T10:29:27.064+0000] {logging_mixin.py:190} INFO - [2025-01-28T10:29:27.060+0000] {dag.py:4180} INFO - Setting next_dagrun for example_trigger_target_dag to None, run_after=None
[2025-01-28T10:29:27.577+0000] {processor.py:208} INFO - Processing /mnt/c/Users/Admin/Desktop/ud_data/Dataslush_umang/airflow/airflow_venv/lib/python3.12/site-packages/airflow/example_dags/example_trigger_target_dag.py took 1.697 seconds
[2025-01-28T10:30:47.752+0000] {processor.py:186} INFO - Started process (PID=16456) to work on /mnt/c/Users/Admin/Desktop/ud_data/Dataslush_umang/airflow/airflow_venv/lib/python3.12/site-packages/airflow/example_dags/example_trigger_target_dag.py
[2025-01-28T10:30:47.758+0000] {processor.py:914} INFO - Processing file /mnt/c/Users/Admin/Desktop/ud_data/Dataslush_umang/airflow/airflow_venv/lib/python3.12/site-packages/airflow/example_dags/example_trigger_target_dag.py for tasks to queue
[2025-01-28T10:30:47.768+0000] {logging_mixin.py:190} INFO - [2025-01-28T10:30:47.765+0000] {dagbag.py:588} INFO - Filling up the DagBag from /mnt/c/Users/Admin/Desktop/ud_data/Dataslush_umang/airflow/airflow_venv/lib/python3.12/site-packages/airflow/example_dags/example_trigger_target_dag.py
[2025-01-28T10:30:47.970+0000] {processor.py:925} INFO - DAG(s) 'example_trigger_target_dag' retrieved from /mnt/c/Users/Admin/Desktop/ud_data/Dataslush_umang/airflow/airflow_venv/lib/python3.12/site-packages/airflow/example_dags/example_trigger_target_dag.py
[2025-01-28T10:30:48.000+0000] {logging_mixin.py:190} INFO - [2025-01-28T10:30:47.998+0000] {dag.py:3239} INFO - Sync 1 DAGs
[2025-01-28T10:30:48.019+0000] {logging_mixin.py:190} INFO - [2025-01-28T10:30:48.017+0000] {dag.py:4180} INFO - Setting next_dagrun for example_trigger_target_dag to None, run_after=None
[2025-01-28T10:30:48.060+0000] {processor.py:208} INFO - Processing /mnt/c/Users/Admin/Desktop/ud_data/Dataslush_umang/airflow/airflow_venv/lib/python3.12/site-packages/airflow/example_dags/example_trigger_target_dag.py took 0.333 seconds
[2025-01-28T10:31:53.552+0000] {processor.py:186} INFO - Started process (PID=16602) to work on /mnt/c/Users/Admin/Desktop/ud_data/Dataslush_umang/airflow/airflow_venv/lib/python3.12/site-packages/airflow/example_dags/example_trigger_target_dag.py
[2025-01-28T10:31:53.678+0000] {processor.py:914} INFO - Processing file /mnt/c/Users/Admin/Desktop/ud_data/Dataslush_umang/airflow/airflow_venv/lib/python3.12/site-packages/airflow/example_dags/example_trigger_target_dag.py for tasks to queue
[2025-01-28T10:31:53.686+0000] {logging_mixin.py:190} INFO - [2025-01-28T10:31:53.683+0000] {dagbag.py:588} INFO - Filling up the DagBag from /mnt/c/Users/Admin/Desktop/ud_data/Dataslush_umang/airflow/airflow_venv/lib/python3.12/site-packages/airflow/example_dags/example_trigger_target_dag.py
[2025-01-28T10:31:53.877+0000] {processor.py:925} INFO - DAG(s) 'example_trigger_target_dag' retrieved from /mnt/c/Users/Admin/Desktop/ud_data/Dataslush_umang/airflow/airflow_venv/lib/python3.12/site-packages/airflow/example_dags/example_trigger_target_dag.py
[2025-01-28T10:31:53.913+0000] {logging_mixin.py:190} INFO - [2025-01-28T10:31:53.910+0000] {dag.py:3239} INFO - Sync 1 DAGs
[2025-01-28T10:31:53.935+0000] {logging_mixin.py:190} INFO - [2025-01-28T10:31:53.932+0000] {dag.py:4180} INFO - Setting next_dagrun for example_trigger_target_dag to None, run_after=None
[2025-01-28T10:31:53.985+0000] {processor.py:208} INFO - Processing /mnt/c/Users/Admin/Desktop/ud_data/Dataslush_umang/airflow/airflow_venv/lib/python3.12/site-packages/airflow/example_dags/example_trigger_target_dag.py took 0.469 seconds
[2025-01-28T10:32:58.615+0000] {processor.py:186} INFO - Started process (PID=16674) to work on /mnt/c/Users/Admin/Desktop/ud_data/Dataslush_umang/airflow/airflow_venv/lib/python3.12/site-packages/airflow/example_dags/example_trigger_target_dag.py
[2025-01-28T10:32:58.686+0000] {processor.py:914} INFO - Processing file /mnt/c/Users/Admin/Desktop/ud_data/Dataslush_umang/airflow/airflow_venv/lib/python3.12/site-packages/airflow/example_dags/example_trigger_target_dag.py for tasks to queue
[2025-01-28T10:32:58.701+0000] {logging_mixin.py:190} INFO - [2025-01-28T10:32:58.696+0000] {dagbag.py:588} INFO - Filling up the DagBag from /mnt/c/Users/Admin/Desktop/ud_data/Dataslush_umang/airflow/airflow_venv/lib/python3.12/site-packages/airflow/example_dags/example_trigger_target_dag.py
[2025-01-28T10:32:59.021+0000] {processor.py:925} INFO - DAG(s) 'example_trigger_target_dag' retrieved from /mnt/c/Users/Admin/Desktop/ud_data/Dataslush_umang/airflow/airflow_venv/lib/python3.12/site-packages/airflow/example_dags/example_trigger_target_dag.py
[2025-01-28T10:32:59.069+0000] {logging_mixin.py:190} INFO - [2025-01-28T10:32:59.066+0000] {dag.py:3239} INFO - Sync 1 DAGs
[2025-01-28T10:32:59.095+0000] {logging_mixin.py:190} INFO - [2025-01-28T10:32:59.092+0000] {dag.py:4180} INFO - Setting next_dagrun for example_trigger_target_dag to None, run_after=None
[2025-01-28T10:32:59.137+0000] {processor.py:208} INFO - Processing /mnt/c/Users/Admin/Desktop/ud_data/Dataslush_umang/airflow/airflow_venv/lib/python3.12/site-packages/airflow/example_dags/example_trigger_target_dag.py took 0.585 seconds
[2025-01-28T10:34:15.513+0000] {processor.py:186} INFO - Started process (PID=16830) to work on /mnt/c/Users/Admin/Desktop/ud_data/Dataslush_umang/airflow/airflow_venv/lib/python3.12/site-packages/airflow/example_dags/example_trigger_target_dag.py
[2025-01-28T10:34:15.567+0000] {processor.py:914} INFO - Processing file /mnt/c/Users/Admin/Desktop/ud_data/Dataslush_umang/airflow/airflow_venv/lib/python3.12/site-packages/airflow/example_dags/example_trigger_target_dag.py for tasks to queue
[2025-01-28T10:34:15.600+0000] {logging_mixin.py:190} INFO - [2025-01-28T10:34:15.590+0000] {dagbag.py:588} INFO - Filling up the DagBag from /mnt/c/Users/Admin/Desktop/ud_data/Dataslush_umang/airflow/airflow_venv/lib/python3.12/site-packages/airflow/example_dags/example_trigger_target_dag.py
[2025-01-28T10:34:15.790+0000] {processor.py:925} INFO - DAG(s) 'example_trigger_target_dag' retrieved from /mnt/c/Users/Admin/Desktop/ud_data/Dataslush_umang/airflow/airflow_venv/lib/python3.12/site-packages/airflow/example_dags/example_trigger_target_dag.py
[2025-01-28T10:34:15.836+0000] {logging_mixin.py:190} INFO - [2025-01-28T10:34:15.833+0000] {dag.py:3239} INFO - Sync 1 DAGs
[2025-01-28T10:34:15.864+0000] {logging_mixin.py:190} INFO - [2025-01-28T10:34:15.861+0000] {dag.py:4180} INFO - Setting next_dagrun for example_trigger_target_dag to None, run_after=None
[2025-01-28T10:34:18.268+0000] {processor.py:208} INFO - Processing /mnt/c/Users/Admin/Desktop/ud_data/Dataslush_umang/airflow/airflow_venv/lib/python3.12/site-packages/airflow/example_dags/example_trigger_target_dag.py took 2.831 seconds
[2025-01-28T10:35:39.874+0000] {processor.py:186} INFO - Started process (PID=16940) to work on /mnt/c/Users/Admin/Desktop/ud_data/Dataslush_umang/airflow/airflow_venv/lib/python3.12/site-packages/airflow/example_dags/example_trigger_target_dag.py
[2025-01-28T10:35:39.908+0000] {processor.py:914} INFO - Processing file /mnt/c/Users/Admin/Desktop/ud_data/Dataslush_umang/airflow/airflow_venv/lib/python3.12/site-packages/airflow/example_dags/example_trigger_target_dag.py for tasks to queue
[2025-01-28T10:35:39.920+0000] {logging_mixin.py:190} INFO - [2025-01-28T10:35:39.917+0000] {dagbag.py:588} INFO - Filling up the DagBag from /mnt/c/Users/Admin/Desktop/ud_data/Dataslush_umang/airflow/airflow_venv/lib/python3.12/site-packages/airflow/example_dags/example_trigger_target_dag.py
[2025-01-28T10:36:10.355+0000] {processor.py:925} INFO - DAG(s) 'example_trigger_target_dag' retrieved from /mnt/c/Users/Admin/Desktop/ud_data/Dataslush_umang/airflow/airflow_venv/lib/python3.12/site-packages/airflow/example_dags/example_trigger_target_dag.py
[2025-01-28T10:36:10.407+0000] {logging_mixin.py:190} INFO - [2025-01-28T10:36:10.404+0000] {dag.py:3239} INFO - Sync 1 DAGs
[2025-01-28T10:36:10.437+0000] {logging_mixin.py:190} INFO - [2025-01-28T10:36:10.434+0000] {dag.py:4180} INFO - Setting next_dagrun for example_trigger_target_dag to None, run_after=None
[2025-01-28T10:36:10.659+0000] {processor.py:208} INFO - Processing /mnt/c/Users/Admin/Desktop/ud_data/Dataslush_umang/airflow/airflow_venv/lib/python3.12/site-packages/airflow/example_dags/example_trigger_target_dag.py took 0.717 seconds
[2025-01-28T10:38:36.982+0000] {processor.py:186} INFO - Started process (PID=17181) to work on /mnt/c/Users/Admin/Desktop/ud_data/Dataslush_umang/airflow/airflow_venv/lib/python3.12/site-packages/airflow/example_dags/example_trigger_target_dag.py
[2025-01-28T10:38:36.989+0000] {processor.py:914} INFO - Processing file /mnt/c/Users/Admin/Desktop/ud_data/Dataslush_umang/airflow/airflow_venv/lib/python3.12/site-packages/airflow/example_dags/example_trigger_target_dag.py for tasks to queue
[2025-01-28T10:38:37.003+0000] {logging_mixin.py:190} INFO - [2025-01-28T10:38:36.998+0000] {dagbag.py:588} INFO - Filling up the DagBag from /mnt/c/Users/Admin/Desktop/ud_data/Dataslush_umang/airflow/airflow_venv/lib/python3.12/site-packages/airflow/example_dags/example_trigger_target_dag.py
[2025-01-28T10:38:37.346+0000] {processor.py:925} INFO - DAG(s) 'example_trigger_target_dag' retrieved from /mnt/c/Users/Admin/Desktop/ud_data/Dataslush_umang/airflow/airflow_venv/lib/python3.12/site-packages/airflow/example_dags/example_trigger_target_dag.py
[2025-01-28T10:38:37.419+0000] {logging_mixin.py:190} INFO - [2025-01-28T10:38:37.416+0000] {dag.py:3239} INFO - Sync 1 DAGs
[2025-01-28T10:38:37.450+0000] {logging_mixin.py:190} INFO - [2025-01-28T10:38:37.446+0000] {dag.py:4180} INFO - Setting next_dagrun for example_trigger_target_dag to None, run_after=None
[2025-01-28T10:38:37.497+0000] {processor.py:208} INFO - Processing /mnt/c/Users/Admin/Desktop/ud_data/Dataslush_umang/airflow/airflow_venv/lib/python3.12/site-packages/airflow/example_dags/example_trigger_target_dag.py took 0.585 seconds
[2025-01-28T10:40:16.465+0000] {processor.py:186} INFO - Started process (PID=17335) to work on /mnt/c/Users/Admin/Desktop/ud_data/Dataslush_umang/airflow/airflow_venv/lib/python3.12/site-packages/airflow/example_dags/example_trigger_target_dag.py
[2025-01-28T10:40:16.984+0000] {processor.py:914} INFO - Processing file /mnt/c/Users/Admin/Desktop/ud_data/Dataslush_umang/airflow/airflow_venv/lib/python3.12/site-packages/airflow/example_dags/example_trigger_target_dag.py for tasks to queue
[2025-01-28T10:40:16.998+0000] {logging_mixin.py:190} INFO - [2025-01-28T10:40:16.995+0000] {dagbag.py:588} INFO - Filling up the DagBag from /mnt/c/Users/Admin/Desktop/ud_data/Dataslush_umang/airflow/airflow_venv/lib/python3.12/site-packages/airflow/example_dags/example_trigger_target_dag.py
[2025-01-28T10:40:17.096+0000] {processor.py:925} INFO - DAG(s) 'example_trigger_target_dag' retrieved from /mnt/c/Users/Admin/Desktop/ud_data/Dataslush_umang/airflow/airflow_venv/lib/python3.12/site-packages/airflow/example_dags/example_trigger_target_dag.py
[2025-01-28T10:40:17.119+0000] {logging_mixin.py:190} INFO - [2025-01-28T10:40:17.118+0000] {dag.py:3239} INFO - Sync 1 DAGs
[2025-01-28T10:40:17.133+0000] {logging_mixin.py:190} INFO - [2025-01-28T10:40:17.131+0000] {dag.py:4180} INFO - Setting next_dagrun for example_trigger_target_dag to None, run_after=None
[2025-01-28T10:40:17.435+0000] {processor.py:208} INFO - Processing /mnt/c/Users/Admin/Desktop/ud_data/Dataslush_umang/airflow/airflow_venv/lib/python3.12/site-packages/airflow/example_dags/example_trigger_target_dag.py took 0.996 seconds
[2025-01-28T10:41:10.564+0000] {processor.py:186} INFO - Started process (PID=17400) to work on /mnt/c/Users/Admin/Desktop/ud_data/Dataslush_umang/airflow/airflow_venv/lib/python3.12/site-packages/airflow/example_dags/example_trigger_target_dag.py
[2025-01-28T10:41:10.567+0000] {processor.py:914} INFO - Processing file /mnt/c/Users/Admin/Desktop/ud_data/Dataslush_umang/airflow/airflow_venv/lib/python3.12/site-packages/airflow/example_dags/example_trigger_target_dag.py for tasks to queue
[2025-01-28T10:41:10.573+0000] {logging_mixin.py:190} INFO - [2025-01-28T10:41:10.571+0000] {dagbag.py:588} INFO - Filling up the DagBag from /mnt/c/Users/Admin/Desktop/ud_data/Dataslush_umang/airflow/airflow_venv/lib/python3.12/site-packages/airflow/example_dags/example_trigger_target_dag.py
[2025-01-28T10:41:10.648+0000] {processor.py:925} INFO - DAG(s) 'example_trigger_target_dag' retrieved from /mnt/c/Users/Admin/Desktop/ud_data/Dataslush_umang/airflow/airflow_venv/lib/python3.12/site-packages/airflow/example_dags/example_trigger_target_dag.py
[2025-01-28T10:41:10.671+0000] {logging_mixin.py:190} INFO - [2025-01-28T10:41:10.670+0000] {dag.py:3239} INFO - Sync 1 DAGs
[2025-01-28T10:41:10.685+0000] {logging_mixin.py:190} INFO - [2025-01-28T10:41:10.683+0000] {dag.py:4180} INFO - Setting next_dagrun for example_trigger_target_dag to None, run_after=None
[2025-01-28T10:41:10.721+0000] {processor.py:208} INFO - Processing /mnt/c/Users/Admin/Desktop/ud_data/Dataslush_umang/airflow/airflow_venv/lib/python3.12/site-packages/airflow/example_dags/example_trigger_target_dag.py took 0.195 seconds
[2025-01-28T10:42:50.636+0000] {processor.py:186} INFO - Started process (PID=17705) to work on /mnt/c/Users/Admin/Desktop/ud_data/Dataslush_umang/airflow/airflow_venv/lib/python3.12/site-packages/airflow/example_dags/example_trigger_target_dag.py
[2025-01-28T10:42:50.641+0000] {processor.py:914} INFO - Processing file /mnt/c/Users/Admin/Desktop/ud_data/Dataslush_umang/airflow/airflow_venv/lib/python3.12/site-packages/airflow/example_dags/example_trigger_target_dag.py for tasks to queue
[2025-01-28T10:42:50.647+0000] {logging_mixin.py:190} INFO - [2025-01-28T10:42:50.645+0000] {dagbag.py:588} INFO - Filling up the DagBag from /mnt/c/Users/Admin/Desktop/ud_data/Dataslush_umang/airflow/airflow_venv/lib/python3.12/site-packages/airflow/example_dags/example_trigger_target_dag.py
[2025-01-28T10:42:50.753+0000] {processor.py:925} INFO - DAG(s) 'example_trigger_target_dag' retrieved from /mnt/c/Users/Admin/Desktop/ud_data/Dataslush_umang/airflow/airflow_venv/lib/python3.12/site-packages/airflow/example_dags/example_trigger_target_dag.py
[2025-01-28T10:42:50.783+0000] {logging_mixin.py:190} INFO - [2025-01-28T10:42:50.782+0000] {dag.py:3239} INFO - Sync 1 DAGs
[2025-01-28T10:42:50.801+0000] {logging_mixin.py:190} INFO - [2025-01-28T10:42:50.799+0000] {dag.py:4180} INFO - Setting next_dagrun for example_trigger_target_dag to None, run_after=None
[2025-01-28T10:42:50.843+0000] {processor.py:208} INFO - Processing /mnt/c/Users/Admin/Desktop/ud_data/Dataslush_umang/airflow/airflow_venv/lib/python3.12/site-packages/airflow/example_dags/example_trigger_target_dag.py took 0.241 seconds
[2025-01-28T10:44:38.796+0000] {processor.py:186} INFO - Started process (PID=17833) to work on /mnt/c/Users/Admin/Desktop/ud_data/Dataslush_umang/airflow/airflow_venv/lib/python3.12/site-packages/airflow/example_dags/example_trigger_target_dag.py
[2025-01-28T10:44:42.840+0000] {processor.py:914} INFO - Processing file /mnt/c/Users/Admin/Desktop/ud_data/Dataslush_umang/airflow/airflow_venv/lib/python3.12/site-packages/airflow/example_dags/example_trigger_target_dag.py for tasks to queue
[2025-01-28T10:44:42.845+0000] {logging_mixin.py:190} INFO - [2025-01-28T10:44:42.844+0000] {dagbag.py:588} INFO - Filling up the DagBag from /mnt/c/Users/Admin/Desktop/ud_data/Dataslush_umang/airflow/airflow_venv/lib/python3.12/site-packages/airflow/example_dags/example_trigger_target_dag.py
[2025-01-28T10:44:42.964+0000] {processor.py:925} INFO - DAG(s) 'example_trigger_target_dag' retrieved from /mnt/c/Users/Admin/Desktop/ud_data/Dataslush_umang/airflow/airflow_venv/lib/python3.12/site-packages/airflow/example_dags/example_trigger_target_dag.py
[2025-01-28T10:44:42.993+0000] {logging_mixin.py:190} INFO - [2025-01-28T10:44:42.992+0000] {dag.py:3239} INFO - Sync 1 DAGs
[2025-01-28T10:44:43.011+0000] {logging_mixin.py:190} INFO - [2025-01-28T10:44:43.010+0000] {dag.py:4180} INFO - Setting next_dagrun for example_trigger_target_dag to None, run_after=None
[2025-01-28T10:44:43.842+0000] {processor.py:208} INFO - Processing /mnt/c/Users/Admin/Desktop/ud_data/Dataslush_umang/airflow/airflow_venv/lib/python3.12/site-packages/airflow/example_dags/example_trigger_target_dag.py took 5.087 seconds
[2025-01-28T10:47:14.942+0000] {processor.py:186} INFO - Started process (PID=17981) to work on /mnt/c/Users/Admin/Desktop/ud_data/Dataslush_umang/airflow/airflow_venv/lib/python3.12/site-packages/airflow/example_dags/example_trigger_target_dag.py
[2025-01-28T10:47:14.945+0000] {processor.py:914} INFO - Processing file /mnt/c/Users/Admin/Desktop/ud_data/Dataslush_umang/airflow/airflow_venv/lib/python3.12/site-packages/airflow/example_dags/example_trigger_target_dag.py for tasks to queue
[2025-01-28T10:47:14.952+0000] {logging_mixin.py:190} INFO - [2025-01-28T10:47:14.950+0000] {dagbag.py:588} INFO - Filling up the DagBag from /mnt/c/Users/Admin/Desktop/ud_data/Dataslush_umang/airflow/airflow_venv/lib/python3.12/site-packages/airflow/example_dags/example_trigger_target_dag.py
[2025-01-28T10:47:15.083+0000] {processor.py:925} INFO - DAG(s) 'example_trigger_target_dag' retrieved from /mnt/c/Users/Admin/Desktop/ud_data/Dataslush_umang/airflow/airflow_venv/lib/python3.12/site-packages/airflow/example_dags/example_trigger_target_dag.py
[2025-01-28T10:47:15.116+0000] {logging_mixin.py:190} INFO - [2025-01-28T10:47:15.114+0000] {dag.py:3239} INFO - Sync 1 DAGs
[2025-01-28T10:47:15.139+0000] {logging_mixin.py:190} INFO - [2025-01-28T10:47:15.138+0000] {dag.py:4180} INFO - Setting next_dagrun for example_trigger_target_dag to None, run_after=None
[2025-01-28T10:47:15.185+0000] {processor.py:208} INFO - Processing /mnt/c/Users/Admin/Desktop/ud_data/Dataslush_umang/airflow/airflow_venv/lib/python3.12/site-packages/airflow/example_dags/example_trigger_target_dag.py took 0.279 seconds
[2025-01-28T10:48:07.931+0000] {processor.py:186} INFO - Started process (PID=18083) to work on /mnt/c/Users/Admin/Desktop/ud_data/Dataslush_umang/airflow/airflow_venv/lib/python3.12/site-packages/airflow/example_dags/example_trigger_target_dag.py
[2025-01-28T10:48:07.934+0000] {processor.py:914} INFO - Processing file /mnt/c/Users/Admin/Desktop/ud_data/Dataslush_umang/airflow/airflow_venv/lib/python3.12/site-packages/airflow/example_dags/example_trigger_target_dag.py for tasks to queue
[2025-01-28T10:48:07.941+0000] {logging_mixin.py:190} INFO - [2025-01-28T10:48:07.938+0000] {dagbag.py:588} INFO - Filling up the DagBag from /mnt/c/Users/Admin/Desktop/ud_data/Dataslush_umang/airflow/airflow_venv/lib/python3.12/site-packages/airflow/example_dags/example_trigger_target_dag.py
[2025-01-28T10:48:08.051+0000] {processor.py:925} INFO - DAG(s) 'example_trigger_target_dag' retrieved from /mnt/c/Users/Admin/Desktop/ud_data/Dataslush_umang/airflow/airflow_venv/lib/python3.12/site-packages/airflow/example_dags/example_trigger_target_dag.py
[2025-01-28T10:48:08.077+0000] {logging_mixin.py:190} INFO - [2025-01-28T10:48:08.075+0000] {dag.py:3239} INFO - Sync 1 DAGs
[2025-01-28T10:48:08.095+0000] {logging_mixin.py:190} INFO - [2025-01-28T10:48:08.093+0000] {dag.py:4180} INFO - Setting next_dagrun for example_trigger_target_dag to None, run_after=None
[2025-01-28T10:48:08.138+0000] {processor.py:208} INFO - Processing /mnt/c/Users/Admin/Desktop/ud_data/Dataslush_umang/airflow/airflow_venv/lib/python3.12/site-packages/airflow/example_dags/example_trigger_target_dag.py took 0.240 seconds
[2025-01-28T10:49:48.410+0000] {processor.py:186} INFO - Started process (PID=18270) to work on /mnt/c/Users/Admin/Desktop/ud_data/Dataslush_umang/airflow/airflow_venv/lib/python3.12/site-packages/airflow/example_dags/example_trigger_target_dag.py
[2025-01-28T10:49:48.476+0000] {processor.py:914} INFO - Processing file /mnt/c/Users/Admin/Desktop/ud_data/Dataslush_umang/airflow/airflow_venv/lib/python3.12/site-packages/airflow/example_dags/example_trigger_target_dag.py for tasks to queue
[2025-01-28T10:49:48.491+0000] {logging_mixin.py:190} INFO - [2025-01-28T10:49:48.486+0000] {dagbag.py:588} INFO - Filling up the DagBag from /mnt/c/Users/Admin/Desktop/ud_data/Dataslush_umang/airflow/airflow_venv/lib/python3.12/site-packages/airflow/example_dags/example_trigger_target_dag.py
[2025-01-28T10:49:48.604+0000] {processor.py:925} INFO - DAG(s) 'example_trigger_target_dag' retrieved from /mnt/c/Users/Admin/Desktop/ud_data/Dataslush_umang/airflow/airflow_venv/lib/python3.12/site-packages/airflow/example_dags/example_trigger_target_dag.py
[2025-01-28T10:49:48.628+0000] {logging_mixin.py:190} INFO - [2025-01-28T10:49:48.627+0000] {dag.py:3239} INFO - Sync 1 DAGs
[2025-01-28T10:49:48.645+0000] {logging_mixin.py:190} INFO - [2025-01-28T10:49:48.643+0000] {dag.py:4180} INFO - Setting next_dagrun for example_trigger_target_dag to None, run_after=None
[2025-01-28T10:49:48.744+0000] {processor.py:208} INFO - Processing /mnt/c/Users/Admin/Desktop/ud_data/Dataslush_umang/airflow/airflow_venv/lib/python3.12/site-packages/airflow/example_dags/example_trigger_target_dag.py took 0.364 seconds
[2025-01-28T10:51:03.272+0000] {processor.py:186} INFO - Started process (PID=18484) to work on /mnt/c/Users/Admin/Desktop/ud_data/Dataslush_umang/airflow/airflow_venv/lib/python3.12/site-packages/airflow/example_dags/example_trigger_target_dag.py
[2025-01-28T10:51:03.276+0000] {processor.py:914} INFO - Processing file /mnt/c/Users/Admin/Desktop/ud_data/Dataslush_umang/airflow/airflow_venv/lib/python3.12/site-packages/airflow/example_dags/example_trigger_target_dag.py for tasks to queue
[2025-01-28T10:51:03.283+0000] {logging_mixin.py:190} INFO - [2025-01-28T10:51:03.281+0000] {dagbag.py:588} INFO - Filling up the DagBag from /mnt/c/Users/Admin/Desktop/ud_data/Dataslush_umang/airflow/airflow_venv/lib/python3.12/site-packages/airflow/example_dags/example_trigger_target_dag.py
[2025-01-28T10:51:33.503+0000] {processor.py:925} INFO - DAG(s) 'example_trigger_target_dag' retrieved from /mnt/c/Users/Admin/Desktop/ud_data/Dataslush_umang/airflow/airflow_venv/lib/python3.12/site-packages/airflow/example_dags/example_trigger_target_dag.py
[2025-01-28T10:51:33.529+0000] {logging_mixin.py:190} INFO - [2025-01-28T10:51:33.528+0000] {dag.py:3239} INFO - Sync 1 DAGs
[2025-01-28T10:51:33.548+0000] {logging_mixin.py:190} INFO - [2025-01-28T10:51:33.547+0000] {dag.py:4180} INFO - Setting next_dagrun for example_trigger_target_dag to None, run_after=None
[2025-01-28T10:51:33.598+0000] {processor.py:208} INFO - Processing /mnt/c/Users/Admin/Desktop/ud_data/Dataslush_umang/airflow/airflow_venv/lib/python3.12/site-packages/airflow/example_dags/example_trigger_target_dag.py took 0.275 seconds
[2025-01-28T10:52:45.992+0000] {processor.py:186} INFO - Started process (PID=18655) to work on /mnt/c/Users/Admin/Desktop/ud_data/Dataslush_umang/airflow/airflow_venv/lib/python3.12/site-packages/airflow/example_dags/example_trigger_target_dag.py
[2025-01-28T10:52:45.995+0000] {processor.py:914} INFO - Processing file /mnt/c/Users/Admin/Desktop/ud_data/Dataslush_umang/airflow/airflow_venv/lib/python3.12/site-packages/airflow/example_dags/example_trigger_target_dag.py for tasks to queue
[2025-01-28T10:52:46.000+0000] {logging_mixin.py:190} INFO - [2025-01-28T10:52:45.998+0000] {dagbag.py:588} INFO - Filling up the DagBag from /mnt/c/Users/Admin/Desktop/ud_data/Dataslush_umang/airflow/airflow_venv/lib/python3.12/site-packages/airflow/example_dags/example_trigger_target_dag.py
[2025-01-28T10:52:46.101+0000] {processor.py:925} INFO - DAG(s) 'example_trigger_target_dag' retrieved from /mnt/c/Users/Admin/Desktop/ud_data/Dataslush_umang/airflow/airflow_venv/lib/python3.12/site-packages/airflow/example_dags/example_trigger_target_dag.py
[2025-01-28T10:52:46.129+0000] {logging_mixin.py:190} INFO - [2025-01-28T10:52:46.126+0000] {dag.py:3239} INFO - Sync 1 DAGs
[2025-01-28T10:52:46.148+0000] {logging_mixin.py:190} INFO - [2025-01-28T10:52:46.146+0000] {dag.py:4180} INFO - Setting next_dagrun for example_trigger_target_dag to None, run_after=None
[2025-01-28T10:52:46.189+0000] {processor.py:208} INFO - Processing /mnt/c/Users/Admin/Desktop/ud_data/Dataslush_umang/airflow/airflow_venv/lib/python3.12/site-packages/airflow/example_dags/example_trigger_target_dag.py took 0.221 seconds
[2025-01-28T10:55:02.743+0000] {processor.py:186} INFO - Started process (PID=18808) to work on /mnt/c/Users/Admin/Desktop/ud_data/Dataslush_umang/airflow/airflow_venv/lib/python3.12/site-packages/airflow/example_dags/example_trigger_target_dag.py
[2025-01-28T10:54:32.660+0000] {processor.py:914} INFO - Processing file /mnt/c/Users/Admin/Desktop/ud_data/Dataslush_umang/airflow/airflow_venv/lib/python3.12/site-packages/airflow/example_dags/example_trigger_target_dag.py for tasks to queue
[2025-01-28T10:54:32.666+0000] {logging_mixin.py:190} INFO - [2025-01-28T10:54:32.664+0000] {dagbag.py:588} INFO - Filling up the DagBag from /mnt/c/Users/Admin/Desktop/ud_data/Dataslush_umang/airflow/airflow_venv/lib/python3.12/site-packages/airflow/example_dags/example_trigger_target_dag.py
[2025-01-28T10:54:32.794+0000] {processor.py:925} INFO - DAG(s) 'example_trigger_target_dag' retrieved from /mnt/c/Users/Admin/Desktop/ud_data/Dataslush_umang/airflow/airflow_venv/lib/python3.12/site-packages/airflow/example_dags/example_trigger_target_dag.py
[2025-01-28T10:54:32.824+0000] {logging_mixin.py:190} INFO - [2025-01-28T10:54:32.823+0000] {dag.py:3239} INFO - Sync 1 DAGs
[2025-01-28T10:54:32.842+0000] {logging_mixin.py:190} INFO - [2025-01-28T10:54:32.841+0000] {dag.py:4180} INFO - Setting next_dagrun for example_trigger_target_dag to None, run_after=None
[2025-01-28T10:55:03.611+0000] {processor.py:208} INFO - Processing /mnt/c/Users/Admin/Desktop/ud_data/Dataslush_umang/airflow/airflow_venv/lib/python3.12/site-packages/airflow/example_dags/example_trigger_target_dag.py took 0.900 seconds
[2025-01-28T10:56:06.676+0000] {processor.py:186} INFO - Started process (PID=18978) to work on /mnt/c/Users/Admin/Desktop/ud_data/Dataslush_umang/airflow/airflow_venv/lib/python3.12/site-packages/airflow/example_dags/example_trigger_target_dag.py
[2025-01-28T10:56:06.680+0000] {processor.py:914} INFO - Processing file /mnt/c/Users/Admin/Desktop/ud_data/Dataslush_umang/airflow/airflow_venv/lib/python3.12/site-packages/airflow/example_dags/example_trigger_target_dag.py for tasks to queue
[2025-01-28T10:56:06.686+0000] {logging_mixin.py:190} INFO - [2025-01-28T10:56:06.684+0000] {dagbag.py:588} INFO - Filling up the DagBag from /mnt/c/Users/Admin/Desktop/ud_data/Dataslush_umang/airflow/airflow_venv/lib/python3.12/site-packages/airflow/example_dags/example_trigger_target_dag.py
[2025-01-28T10:56:06.764+0000] {processor.py:925} INFO - DAG(s) 'example_trigger_target_dag' retrieved from /mnt/c/Users/Admin/Desktop/ud_data/Dataslush_umang/airflow/airflow_venv/lib/python3.12/site-packages/airflow/example_dags/example_trigger_target_dag.py
[2025-01-28T10:56:06.792+0000] {logging_mixin.py:190} INFO - [2025-01-28T10:56:06.791+0000] {dag.py:3239} INFO - Sync 1 DAGs
[2025-01-28T10:56:06.814+0000] {logging_mixin.py:190} INFO - [2025-01-28T10:56:06.812+0000] {dag.py:4180} INFO - Setting next_dagrun for example_trigger_target_dag to None, run_after=None
[2025-01-28T10:56:06.866+0000] {processor.py:208} INFO - Processing /mnt/c/Users/Admin/Desktop/ud_data/Dataslush_umang/airflow/airflow_venv/lib/python3.12/site-packages/airflow/example_dags/example_trigger_target_dag.py took 0.213 seconds
[2025-01-28T10:57:01.919+0000] {processor.py:186} INFO - Started process (PID=19119) to work on /mnt/c/Users/Admin/Desktop/ud_data/Dataslush_umang/airflow/airflow_venv/lib/python3.12/site-packages/airflow/example_dags/example_trigger_target_dag.py
[2025-01-28T10:57:01.923+0000] {processor.py:914} INFO - Processing file /mnt/c/Users/Admin/Desktop/ud_data/Dataslush_umang/airflow/airflow_venv/lib/python3.12/site-packages/airflow/example_dags/example_trigger_target_dag.py for tasks to queue
[2025-01-28T10:57:01.932+0000] {logging_mixin.py:190} INFO - [2025-01-28T10:57:01.929+0000] {dagbag.py:588} INFO - Filling up the DagBag from /mnt/c/Users/Admin/Desktop/ud_data/Dataslush_umang/airflow/airflow_venv/lib/python3.12/site-packages/airflow/example_dags/example_trigger_target_dag.py
[2025-01-28T10:57:02.049+0000] {processor.py:925} INFO - DAG(s) 'example_trigger_target_dag' retrieved from /mnt/c/Users/Admin/Desktop/ud_data/Dataslush_umang/airflow/airflow_venv/lib/python3.12/site-packages/airflow/example_dags/example_trigger_target_dag.py
[2025-01-28T10:57:02.079+0000] {logging_mixin.py:190} INFO - [2025-01-28T10:57:02.078+0000] {dag.py:3239} INFO - Sync 1 DAGs
[2025-01-28T10:57:02.101+0000] {logging_mixin.py:190} INFO - [2025-01-28T10:57:02.100+0000] {dag.py:4180} INFO - Setting next_dagrun for example_trigger_target_dag to None, run_after=None
[2025-01-28T10:57:02.149+0000] {processor.py:208} INFO - Processing /mnt/c/Users/Admin/Desktop/ud_data/Dataslush_umang/airflow/airflow_venv/lib/python3.12/site-packages/airflow/example_dags/example_trigger_target_dag.py took 0.262 seconds
[2025-01-28T10:58:23.257+0000] {processor.py:186} INFO - Started process (PID=19265) to work on /mnt/c/Users/Admin/Desktop/ud_data/Dataslush_umang/airflow/airflow_venv/lib/python3.12/site-packages/airflow/example_dags/example_trigger_target_dag.py
[2025-01-28T10:58:23.543+0000] {processor.py:914} INFO - Processing file /mnt/c/Users/Admin/Desktop/ud_data/Dataslush_umang/airflow/airflow_venv/lib/python3.12/site-packages/airflow/example_dags/example_trigger_target_dag.py for tasks to queue
[2025-01-28T10:58:23.550+0000] {logging_mixin.py:190} INFO - [2025-01-28T10:58:23.548+0000] {dagbag.py:588} INFO - Filling up the DagBag from /mnt/c/Users/Admin/Desktop/ud_data/Dataslush_umang/airflow/airflow_venv/lib/python3.12/site-packages/airflow/example_dags/example_trigger_target_dag.py
[2025-01-28T10:58:23.663+0000] {processor.py:925} INFO - DAG(s) 'example_trigger_target_dag' retrieved from /mnt/c/Users/Admin/Desktop/ud_data/Dataslush_umang/airflow/airflow_venv/lib/python3.12/site-packages/airflow/example_dags/example_trigger_target_dag.py
[2025-01-28T10:58:23.696+0000] {logging_mixin.py:190} INFO - [2025-01-28T10:58:23.694+0000] {dag.py:3239} INFO - Sync 1 DAGs
[2025-01-28T10:58:23.721+0000] {logging_mixin.py:190} INFO - [2025-01-28T10:58:23.719+0000] {dag.py:4180} INFO - Setting next_dagrun for example_trigger_target_dag to None, run_after=None
[2025-01-28T10:58:24.122+0000] {processor.py:208} INFO - Processing /mnt/c/Users/Admin/Desktop/ud_data/Dataslush_umang/airflow/airflow_venv/lib/python3.12/site-packages/airflow/example_dags/example_trigger_target_dag.py took 0.895 seconds
[2025-01-28T10:59:11.389+0000] {processor.py:186} INFO - Started process (PID=19370) to work on /mnt/c/Users/Admin/Desktop/ud_data/Dataslush_umang/airflow/airflow_venv/lib/python3.12/site-packages/airflow/example_dags/example_trigger_target_dag.py
[2025-01-28T10:59:11.393+0000] {processor.py:914} INFO - Processing file /mnt/c/Users/Admin/Desktop/ud_data/Dataslush_umang/airflow/airflow_venv/lib/python3.12/site-packages/airflow/example_dags/example_trigger_target_dag.py for tasks to queue
[2025-01-28T10:59:11.400+0000] {logging_mixin.py:190} INFO - [2025-01-28T10:59:11.398+0000] {dagbag.py:588} INFO - Filling up the DagBag from /mnt/c/Users/Admin/Desktop/ud_data/Dataslush_umang/airflow/airflow_venv/lib/python3.12/site-packages/airflow/example_dags/example_trigger_target_dag.py
[2025-01-28T10:59:11.509+0000] {processor.py:925} INFO - DAG(s) 'example_trigger_target_dag' retrieved from /mnt/c/Users/Admin/Desktop/ud_data/Dataslush_umang/airflow/airflow_venv/lib/python3.12/site-packages/airflow/example_dags/example_trigger_target_dag.py
[2025-01-28T10:59:11.536+0000] {logging_mixin.py:190} INFO - [2025-01-28T10:59:11.534+0000] {dag.py:3239} INFO - Sync 1 DAGs
[2025-01-28T10:59:11.554+0000] {logging_mixin.py:190} INFO - [2025-01-28T10:59:11.552+0000] {dag.py:4180} INFO - Setting next_dagrun for example_trigger_target_dag to None, run_after=None
[2025-01-28T10:59:11.595+0000] {processor.py:208} INFO - Processing /mnt/c/Users/Admin/Desktop/ud_data/Dataslush_umang/airflow/airflow_venv/lib/python3.12/site-packages/airflow/example_dags/example_trigger_target_dag.py took 0.236 seconds
[2025-01-28T11:00:57.478+0000] {processor.py:186} INFO - Started process (PID=19546) to work on /mnt/c/Users/Admin/Desktop/ud_data/Dataslush_umang/airflow/airflow_venv/lib/python3.12/site-packages/airflow/example_dags/example_trigger_target_dag.py
[2025-01-28T11:00:57.481+0000] {processor.py:914} INFO - Processing file /mnt/c/Users/Admin/Desktop/ud_data/Dataslush_umang/airflow/airflow_venv/lib/python3.12/site-packages/airflow/example_dags/example_trigger_target_dag.py for tasks to queue
[2025-01-28T11:00:57.487+0000] {logging_mixin.py:190} INFO - [2025-01-28T11:00:57.485+0000] {dagbag.py:588} INFO - Filling up the DagBag from /mnt/c/Users/Admin/Desktop/ud_data/Dataslush_umang/airflow/airflow_venv/lib/python3.12/site-packages/airflow/example_dags/example_trigger_target_dag.py
[2025-01-28T11:00:57.610+0000] {processor.py:925} INFO - DAG(s) 'example_trigger_target_dag' retrieved from /mnt/c/Users/Admin/Desktop/ud_data/Dataslush_umang/airflow/airflow_venv/lib/python3.12/site-packages/airflow/example_dags/example_trigger_target_dag.py
[2025-01-28T11:00:57.641+0000] {logging_mixin.py:190} INFO - [2025-01-28T11:00:57.640+0000] {dag.py:3239} INFO - Sync 1 DAGs
[2025-01-28T11:00:57.665+0000] {logging_mixin.py:190} INFO - [2025-01-28T11:00:57.663+0000] {dag.py:4180} INFO - Setting next_dagrun for example_trigger_target_dag to None, run_after=None
[2025-01-28T11:00:57.713+0000] {processor.py:208} INFO - Processing /mnt/c/Users/Admin/Desktop/ud_data/Dataslush_umang/airflow/airflow_venv/lib/python3.12/site-packages/airflow/example_dags/example_trigger_target_dag.py took 0.264 seconds
[2025-01-28T11:01:51.565+0000] {processor.py:186} INFO - Started process (PID=19613) to work on /mnt/c/Users/Admin/Desktop/ud_data/Dataslush_umang/airflow/airflow_venv/lib/python3.12/site-packages/airflow/example_dags/example_trigger_target_dag.py
[2025-01-28T11:01:51.580+0000] {processor.py:914} INFO - Processing file /mnt/c/Users/Admin/Desktop/ud_data/Dataslush_umang/airflow/airflow_venv/lib/python3.12/site-packages/airflow/example_dags/example_trigger_target_dag.py for tasks to queue
[2025-01-28T11:01:51.588+0000] {logging_mixin.py:190} INFO - [2025-01-28T11:01:51.586+0000] {dagbag.py:588} INFO - Filling up the DagBag from /mnt/c/Users/Admin/Desktop/ud_data/Dataslush_umang/airflow/airflow_venv/lib/python3.12/site-packages/airflow/example_dags/example_trigger_target_dag.py
[2025-01-28T11:01:51.730+0000] {processor.py:925} INFO - DAG(s) 'example_trigger_target_dag' retrieved from /mnt/c/Users/Admin/Desktop/ud_data/Dataslush_umang/airflow/airflow_venv/lib/python3.12/site-packages/airflow/example_dags/example_trigger_target_dag.py
[2025-01-28T11:01:51.784+0000] {logging_mixin.py:190} INFO - [2025-01-28T11:01:51.782+0000] {dag.py:3239} INFO - Sync 1 DAGs
[2025-01-28T11:01:51.816+0000] {logging_mixin.py:190} INFO - [2025-01-28T11:01:51.815+0000] {dag.py:4180} INFO - Setting next_dagrun for example_trigger_target_dag to None, run_after=None
[2025-01-28T11:01:51.911+0000] {processor.py:208} INFO - Processing /mnt/c/Users/Admin/Desktop/ud_data/Dataslush_umang/airflow/airflow_venv/lib/python3.12/site-packages/airflow/example_dags/example_trigger_target_dag.py took 0.380 seconds
[2025-01-28T11:03:46.627+0000] {processor.py:186} INFO - Started process (PID=19757) to work on /mnt/c/Users/Admin/Desktop/ud_data/Dataslush_umang/airflow/airflow_venv/lib/python3.12/site-packages/airflow/example_dags/example_trigger_target_dag.py
[2025-01-28T11:03:46.629+0000] {processor.py:914} INFO - Processing file /mnt/c/Users/Admin/Desktop/ud_data/Dataslush_umang/airflow/airflow_venv/lib/python3.12/site-packages/airflow/example_dags/example_trigger_target_dag.py for tasks to queue
[2025-01-28T11:03:46.634+0000] {logging_mixin.py:190} INFO - [2025-01-28T11:03:46.633+0000] {dagbag.py:588} INFO - Filling up the DagBag from /mnt/c/Users/Admin/Desktop/ud_data/Dataslush_umang/airflow/airflow_venv/lib/python3.12/site-packages/airflow/example_dags/example_trigger_target_dag.py
[2025-01-28T11:03:46.756+0000] {processor.py:925} INFO - DAG(s) 'example_trigger_target_dag' retrieved from /mnt/c/Users/Admin/Desktop/ud_data/Dataslush_umang/airflow/airflow_venv/lib/python3.12/site-packages/airflow/example_dags/example_trigger_target_dag.py
[2025-01-28T11:03:46.787+0000] {logging_mixin.py:190} INFO - [2025-01-28T11:03:46.785+0000] {dag.py:3239} INFO - Sync 1 DAGs
[2025-01-28T11:03:46.811+0000] {logging_mixin.py:190} INFO - [2025-01-28T11:03:46.809+0000] {dag.py:4180} INFO - Setting next_dagrun for example_trigger_target_dag to None, run_after=None
[2025-01-28T11:03:46.854+0000] {processor.py:208} INFO - Processing /mnt/c/Users/Admin/Desktop/ud_data/Dataslush_umang/airflow/airflow_venv/lib/python3.12/site-packages/airflow/example_dags/example_trigger_target_dag.py took 0.253 seconds
[2025-01-28T11:04:37.536+0000] {processor.py:186} INFO - Started process (PID=19917) to work on /mnt/c/Users/Admin/Desktop/ud_data/Dataslush_umang/airflow/airflow_venv/lib/python3.12/site-packages/airflow/example_dags/example_trigger_target_dag.py
[2025-01-28T11:04:37.622+0000] {processor.py:914} INFO - Processing file /mnt/c/Users/Admin/Desktop/ud_data/Dataslush_umang/airflow/airflow_venv/lib/python3.12/site-packages/airflow/example_dags/example_trigger_target_dag.py for tasks to queue
[2025-01-28T11:04:37.629+0000] {logging_mixin.py:190} INFO - [2025-01-28T11:04:37.626+0000] {dagbag.py:588} INFO - Filling up the DagBag from /mnt/c/Users/Admin/Desktop/ud_data/Dataslush_umang/airflow/airflow_venv/lib/python3.12/site-packages/airflow/example_dags/example_trigger_target_dag.py
[2025-01-28T11:04:37.754+0000] {processor.py:925} INFO - DAG(s) 'example_trigger_target_dag' retrieved from /mnt/c/Users/Admin/Desktop/ud_data/Dataslush_umang/airflow/airflow_venv/lib/python3.12/site-packages/airflow/example_dags/example_trigger_target_dag.py
[2025-01-28T11:04:37.788+0000] {logging_mixin.py:190} INFO - [2025-01-28T11:04:37.787+0000] {dag.py:3239} INFO - Sync 1 DAGs
[2025-01-28T11:04:37.812+0000] {logging_mixin.py:190} INFO - [2025-01-28T11:04:37.810+0000] {dag.py:4180} INFO - Setting next_dagrun for example_trigger_target_dag to None, run_after=None
[2025-01-28T11:04:37.858+0000] {processor.py:208} INFO - Processing /mnt/c/Users/Admin/Desktop/ud_data/Dataslush_umang/airflow/airflow_venv/lib/python3.12/site-packages/airflow/example_dags/example_trigger_target_dag.py took 0.349 seconds
[2025-01-28T11:06:30.131+0000] {processor.py:186} INFO - Started process (PID=20026) to work on /mnt/c/Users/Admin/Desktop/ud_data/Dataslush_umang/airflow/airflow_venv/lib/python3.12/site-packages/airflow/example_dags/example_trigger_target_dag.py
[2025-01-28T11:06:30.134+0000] {processor.py:914} INFO - Processing file /mnt/c/Users/Admin/Desktop/ud_data/Dataslush_umang/airflow/airflow_venv/lib/python3.12/site-packages/airflow/example_dags/example_trigger_target_dag.py for tasks to queue
[2025-01-28T11:06:30.140+0000] {logging_mixin.py:190} INFO - [2025-01-28T11:06:30.138+0000] {dagbag.py:588} INFO - Filling up the DagBag from /mnt/c/Users/Admin/Desktop/ud_data/Dataslush_umang/airflow/airflow_venv/lib/python3.12/site-packages/airflow/example_dags/example_trigger_target_dag.py
[2025-01-28T11:06:30.263+0000] {processor.py:925} INFO - DAG(s) 'example_trigger_target_dag' retrieved from /mnt/c/Users/Admin/Desktop/ud_data/Dataslush_umang/airflow/airflow_venv/lib/python3.12/site-packages/airflow/example_dags/example_trigger_target_dag.py
[2025-01-28T11:06:30.301+0000] {logging_mixin.py:190} INFO - [2025-01-28T11:06:30.299+0000] {dag.py:3239} INFO - Sync 1 DAGs
[2025-01-28T11:06:30.327+0000] {logging_mixin.py:190} INFO - [2025-01-28T11:06:30.325+0000] {dag.py:4180} INFO - Setting next_dagrun for example_trigger_target_dag to None, run_after=None
[2025-01-28T11:06:30.372+0000] {processor.py:208} INFO - Processing /mnt/c/Users/Admin/Desktop/ud_data/Dataslush_umang/airflow/airflow_venv/lib/python3.12/site-packages/airflow/example_dags/example_trigger_target_dag.py took 0.270 seconds
[2025-01-28T11:07:35.580+0000] {processor.py:186} INFO - Started process (PID=20126) to work on /mnt/c/Users/Admin/Desktop/ud_data/Dataslush_umang/airflow/airflow_venv/lib/python3.12/site-packages/airflow/example_dags/example_trigger_target_dag.py
[2025-01-28T11:07:35.727+0000] {processor.py:914} INFO - Processing file /mnt/c/Users/Admin/Desktop/ud_data/Dataslush_umang/airflow/airflow_venv/lib/python3.12/site-packages/airflow/example_dags/example_trigger_target_dag.py for tasks to queue
[2025-01-28T11:07:35.734+0000] {logging_mixin.py:190} INFO - [2025-01-28T11:07:35.732+0000] {dagbag.py:588} INFO - Filling up the DagBag from /mnt/c/Users/Admin/Desktop/ud_data/Dataslush_umang/airflow/airflow_venv/lib/python3.12/site-packages/airflow/example_dags/example_trigger_target_dag.py
[2025-01-28T11:07:35.848+0000] {processor.py:925} INFO - DAG(s) 'example_trigger_target_dag' retrieved from /mnt/c/Users/Admin/Desktop/ud_data/Dataslush_umang/airflow/airflow_venv/lib/python3.12/site-packages/airflow/example_dags/example_trigger_target_dag.py
[2025-01-28T11:07:35.889+0000] {logging_mixin.py:190} INFO - [2025-01-28T11:07:35.886+0000] {dag.py:3239} INFO - Sync 1 DAGs
[2025-01-28T11:07:35.910+0000] {logging_mixin.py:190} INFO - [2025-01-28T11:07:35.908+0000] {dag.py:4180} INFO - Setting next_dagrun for example_trigger_target_dag to None, run_after=None
[2025-01-28T11:07:35.955+0000] {processor.py:208} INFO - Processing /mnt/c/Users/Admin/Desktop/ud_data/Dataslush_umang/airflow/airflow_venv/lib/python3.12/site-packages/airflow/example_dags/example_trigger_target_dag.py took 0.396 seconds
[2025-01-28T11:09:06.587+0000] {processor.py:186} INFO - Started process (PID=20274) to work on /mnt/c/Users/Admin/Desktop/ud_data/Dataslush_umang/airflow/airflow_venv/lib/python3.12/site-packages/airflow/example_dags/example_trigger_target_dag.py
[2025-01-28T11:09:06.591+0000] {processor.py:914} INFO - Processing file /mnt/c/Users/Admin/Desktop/ud_data/Dataslush_umang/airflow/airflow_venv/lib/python3.12/site-packages/airflow/example_dags/example_trigger_target_dag.py for tasks to queue
[2025-01-28T11:09:06.597+0000] {logging_mixin.py:190} INFO - [2025-01-28T11:09:06.595+0000] {dagbag.py:588} INFO - Filling up the DagBag from /mnt/c/Users/Admin/Desktop/ud_data/Dataslush_umang/airflow/airflow_venv/lib/python3.12/site-packages/airflow/example_dags/example_trigger_target_dag.py
[2025-01-28T11:09:06.708+0000] {processor.py:925} INFO - DAG(s) 'example_trigger_target_dag' retrieved from /mnt/c/Users/Admin/Desktop/ud_data/Dataslush_umang/airflow/airflow_venv/lib/python3.12/site-packages/airflow/example_dags/example_trigger_target_dag.py
[2025-01-28T11:09:06.740+0000] {logging_mixin.py:190} INFO - [2025-01-28T11:09:06.739+0000] {dag.py:3239} INFO - Sync 1 DAGs
[2025-01-28T11:09:06.757+0000] {logging_mixin.py:190} INFO - [2025-01-28T11:09:06.756+0000] {dag.py:4180} INFO - Setting next_dagrun for example_trigger_target_dag to None, run_after=None
[2025-01-28T11:09:06.863+0000] {processor.py:208} INFO - Processing /mnt/c/Users/Admin/Desktop/ud_data/Dataslush_umang/airflow/airflow_venv/lib/python3.12/site-packages/airflow/example_dags/example_trigger_target_dag.py took 0.305 seconds
[2025-01-28T11:09:58.356+0000] {processor.py:186} INFO - Started process (PID=20411) to work on /mnt/c/Users/Admin/Desktop/ud_data/Dataslush_umang/airflow/airflow_venv/lib/python3.12/site-packages/airflow/example_dags/example_trigger_target_dag.py
[2025-01-28T11:09:58.361+0000] {processor.py:914} INFO - Processing file /mnt/c/Users/Admin/Desktop/ud_data/Dataslush_umang/airflow/airflow_venv/lib/python3.12/site-packages/airflow/example_dags/example_trigger_target_dag.py for tasks to queue
[2025-01-28T11:09:58.368+0000] {logging_mixin.py:190} INFO - [2025-01-28T11:09:58.365+0000] {dagbag.py:588} INFO - Filling up the DagBag from /mnt/c/Users/Admin/Desktop/ud_data/Dataslush_umang/airflow/airflow_venv/lib/python3.12/site-packages/airflow/example_dags/example_trigger_target_dag.py
[2025-01-28T11:09:58.492+0000] {processor.py:925} INFO - DAG(s) 'example_trigger_target_dag' retrieved from /mnt/c/Users/Admin/Desktop/ud_data/Dataslush_umang/airflow/airflow_venv/lib/python3.12/site-packages/airflow/example_dags/example_trigger_target_dag.py
[2025-01-28T11:09:58.525+0000] {logging_mixin.py:190} INFO - [2025-01-28T11:09:58.524+0000] {dag.py:3239} INFO - Sync 1 DAGs
[2025-01-28T11:09:58.549+0000] {logging_mixin.py:190} INFO - [2025-01-28T11:09:58.547+0000] {dag.py:4180} INFO - Setting next_dagrun for example_trigger_target_dag to None, run_after=None
[2025-01-28T11:09:58.601+0000] {processor.py:208} INFO - Processing /mnt/c/Users/Admin/Desktop/ud_data/Dataslush_umang/airflow/airflow_venv/lib/python3.12/site-packages/airflow/example_dags/example_trigger_target_dag.py took 0.273 seconds
[2025-01-28T11:11:30.110+0000] {processor.py:186} INFO - Started process (PID=20531) to work on /mnt/c/Users/Admin/Desktop/ud_data/Dataslush_umang/airflow/airflow_venv/lib/python3.12/site-packages/airflow/example_dags/example_trigger_target_dag.py
[2025-01-28T11:11:30.244+0000] {processor.py:914} INFO - Processing file /mnt/c/Users/Admin/Desktop/ud_data/Dataslush_umang/airflow/airflow_venv/lib/python3.12/site-packages/airflow/example_dags/example_trigger_target_dag.py for tasks to queue
[2025-01-28T11:11:30.248+0000] {logging_mixin.py:190} INFO - [2025-01-28T11:11:30.246+0000] {dagbag.py:588} INFO - Filling up the DagBag from /mnt/c/Users/Admin/Desktop/ud_data/Dataslush_umang/airflow/airflow_venv/lib/python3.12/site-packages/airflow/example_dags/example_trigger_target_dag.py
[2025-01-28T11:11:30.360+0000] {processor.py:925} INFO - DAG(s) 'example_trigger_target_dag' retrieved from /mnt/c/Users/Admin/Desktop/ud_data/Dataslush_umang/airflow/airflow_venv/lib/python3.12/site-packages/airflow/example_dags/example_trigger_target_dag.py
[2025-01-28T11:11:30.391+0000] {logging_mixin.py:190} INFO - [2025-01-28T11:11:30.389+0000] {dag.py:3239} INFO - Sync 1 DAGs
[2025-01-28T11:11:30.409+0000] {logging_mixin.py:190} INFO - [2025-01-28T11:11:30.407+0000] {dag.py:4180} INFO - Setting next_dagrun for example_trigger_target_dag to None, run_after=None
[2025-01-28T11:11:30.832+0000] {processor.py:208} INFO - Processing /mnt/c/Users/Admin/Desktop/ud_data/Dataslush_umang/airflow/airflow_venv/lib/python3.12/site-packages/airflow/example_dags/example_trigger_target_dag.py took 0.749 seconds
[2025-01-28T11:13:06.899+0000] {processor.py:186} INFO - Started process (PID=20646) to work on /mnt/c/Users/Admin/Desktop/ud_data/Dataslush_umang/airflow/airflow_venv/lib/python3.12/site-packages/airflow/example_dags/example_trigger_target_dag.py
[2025-01-28T11:13:06.902+0000] {processor.py:914} INFO - Processing file /mnt/c/Users/Admin/Desktop/ud_data/Dataslush_umang/airflow/airflow_venv/lib/python3.12/site-packages/airflow/example_dags/example_trigger_target_dag.py for tasks to queue
[2025-01-28T11:13:06.912+0000] {logging_mixin.py:190} INFO - [2025-01-28T11:13:06.908+0000] {dagbag.py:588} INFO - Filling up the DagBag from /mnt/c/Users/Admin/Desktop/ud_data/Dataslush_umang/airflow/airflow_venv/lib/python3.12/site-packages/airflow/example_dags/example_trigger_target_dag.py
[2025-01-28T11:13:07.033+0000] {processor.py:925} INFO - DAG(s) 'example_trigger_target_dag' retrieved from /mnt/c/Users/Admin/Desktop/ud_data/Dataslush_umang/airflow/airflow_venv/lib/python3.12/site-packages/airflow/example_dags/example_trigger_target_dag.py
[2025-01-28T11:13:07.062+0000] {logging_mixin.py:190} INFO - [2025-01-28T11:13:07.061+0000] {dag.py:3239} INFO - Sync 1 DAGs
[2025-01-28T11:13:07.082+0000] {logging_mixin.py:190} INFO - [2025-01-28T11:13:07.081+0000] {dag.py:4180} INFO - Setting next_dagrun for example_trigger_target_dag to None, run_after=None
[2025-01-28T11:13:07.126+0000] {processor.py:208} INFO - Processing /mnt/c/Users/Admin/Desktop/ud_data/Dataslush_umang/airflow/airflow_venv/lib/python3.12/site-packages/airflow/example_dags/example_trigger_target_dag.py took 0.253 seconds
[2025-01-28T11:14:37.683+0000] {processor.py:186} INFO - Started process (PID=20751) to work on /mnt/c/Users/Admin/Desktop/ud_data/Dataslush_umang/airflow/airflow_venv/lib/python3.12/site-packages/airflow/example_dags/example_trigger_target_dag.py
[2025-01-28T11:14:37.685+0000] {processor.py:914} INFO - Processing file /mnt/c/Users/Admin/Desktop/ud_data/Dataslush_umang/airflow/airflow_venv/lib/python3.12/site-packages/airflow/example_dags/example_trigger_target_dag.py for tasks to queue
[2025-01-28T11:14:37.691+0000] {logging_mixin.py:190} INFO - [2025-01-28T11:14:37.689+0000] {dagbag.py:588} INFO - Filling up the DagBag from /mnt/c/Users/Admin/Desktop/ud_data/Dataslush_umang/airflow/airflow_venv/lib/python3.12/site-packages/airflow/example_dags/example_trigger_target_dag.py
[2025-01-28T11:14:37.807+0000] {processor.py:925} INFO - DAG(s) 'example_trigger_target_dag' retrieved from /mnt/c/Users/Admin/Desktop/ud_data/Dataslush_umang/airflow/airflow_venv/lib/python3.12/site-packages/airflow/example_dags/example_trigger_target_dag.py
[2025-01-28T11:14:37.838+0000] {logging_mixin.py:190} INFO - [2025-01-28T11:14:37.836+0000] {dag.py:3239} INFO - Sync 1 DAGs
[2025-01-28T11:14:37.859+0000] {logging_mixin.py:190} INFO - [2025-01-28T11:14:37.857+0000] {dag.py:4180} INFO - Setting next_dagrun for example_trigger_target_dag to None, run_after=None
[2025-01-28T11:14:38.036+0000] {processor.py:208} INFO - Processing /mnt/c/Users/Admin/Desktop/ud_data/Dataslush_umang/airflow/airflow_venv/lib/python3.12/site-packages/airflow/example_dags/example_trigger_target_dag.py took 0.381 seconds
