[2025-01-28T10:13:14.112+0000] {processor.py:186} INFO - Started process (PID=14827) to work on /mnt/c/Users/Admin/Desktop/ud_data/Dataslush_umang/airflow/airflow_venv/lib/python3.12/site-packages/airflow/example_dags/example_inlet_event_extra.py
[2025-01-28T10:13:14.115+0000] {processor.py:914} INFO - Processing file /mnt/c/Users/Admin/Desktop/ud_data/Dataslush_umang/airflow/airflow_venv/lib/python3.12/site-packages/airflow/example_dags/example_inlet_event_extra.py for tasks to queue
[2025-01-28T10:13:14.144+0000] {logging_mixin.py:190} INFO - [2025-01-28T10:13:14.129+0000] {dagbag.py:588} INFO - Filling up the DagBag from /mnt/c/Users/Admin/Desktop/ud_data/Dataslush_umang/airflow/airflow_venv/lib/python3.12/site-packages/airflow/example_dags/example_inlet_event_extra.py
[2025-01-28T10:13:14.405+0000] {processor.py:925} INFO - DAG(s) 'read_dataset_event', 'read_dataset_event_from_classic' retrieved from /mnt/c/Users/Admin/Desktop/ud_data/Dataslush_umang/airflow/airflow_venv/lib/python3.12/site-packages/airflow/example_dags/example_inlet_event_extra.py
[2025-01-28T10:13:16.124+0000] {logging_mixin.py:190} INFO - [2025-01-28T10:13:16.122+0000] {override.py:1912} INFO - Created Permission View: can edit on DAG:read_dataset_event
[2025-01-28T10:13:16.166+0000] {logging_mixin.py:190} INFO - [2025-01-28T10:13:16.164+0000] {override.py:1912} INFO - Created Permission View: can read on DAG:read_dataset_event
[2025-01-28T10:13:16.201+0000] {logging_mixin.py:190} INFO - [2025-01-28T10:13:16.199+0000] {override.py:1912} INFO - Created Permission View: can delete on DAG:read_dataset_event
[2025-01-28T10:13:16.237+0000] {logging_mixin.py:190} INFO - [2025-01-28T10:13:16.236+0000] {override.py:1912} INFO - Created Permission View: can create on DAG Run:read_dataset_event
[2025-01-28T10:13:16.269+0000] {logging_mixin.py:190} INFO - [2025-01-28T10:13:16.267+0000] {override.py:1912} INFO - Created Permission View: menu access on DAG Run:read_dataset_event
[2025-01-28T10:13:16.299+0000] {logging_mixin.py:190} INFO - [2025-01-28T10:13:16.297+0000] {override.py:1912} INFO - Created Permission View: can read on DAG Run:read_dataset_event
[2025-01-28T10:13:16.338+0000] {logging_mixin.py:190} INFO - [2025-01-28T10:13:16.336+0000] {override.py:1912} INFO - Created Permission View: can delete on DAG Run:read_dataset_event
[2025-01-28T10:13:16.381+0000] {logging_mixin.py:190} INFO - [2025-01-28T10:13:16.379+0000] {override.py:1912} INFO - Created Permission View: can edit on DAG:read_dataset_event_from_classic
[2025-01-28T10:13:16.403+0000] {logging_mixin.py:190} INFO - [2025-01-28T10:13:16.402+0000] {override.py:1912} INFO - Created Permission View: can read on DAG:read_dataset_event_from_classic
[2025-01-28T10:13:16.443+0000] {logging_mixin.py:190} INFO - [2025-01-28T10:13:16.440+0000] {override.py:1912} INFO - Created Permission View: can delete on DAG:read_dataset_event_from_classic
[2025-01-28T10:13:16.489+0000] {logging_mixin.py:190} INFO - [2025-01-28T10:13:16.487+0000] {override.py:1912} INFO - Created Permission View: can create on DAG Run:read_dataset_event_from_classic
[2025-01-28T10:13:16.523+0000] {logging_mixin.py:190} INFO - [2025-01-28T10:13:16.519+0000] {override.py:1912} INFO - Created Permission View: menu access on DAG Run:read_dataset_event_from_classic
[2025-01-28T10:13:16.564+0000] {logging_mixin.py:190} INFO - [2025-01-28T10:13:16.561+0000] {override.py:1912} INFO - Created Permission View: can read on DAG Run:read_dataset_event_from_classic
[2025-01-28T10:13:16.599+0000] {logging_mixin.py:190} INFO - [2025-01-28T10:13:16.597+0000] {override.py:1912} INFO - Created Permission View: can delete on DAG Run:read_dataset_event_from_classic
[2025-01-28T10:13:16.603+0000] {logging_mixin.py:190} INFO - [2025-01-28T10:13:16.601+0000] {dag.py:3239} INFO - Sync 2 DAGs
[2025-01-28T10:13:16.624+0000] {logging_mixin.py:190} INFO - [2025-01-28T10:13:16.621+0000] {dag.py:3262} INFO - Creating ORM DAG for read_dataset_event
[2025-01-28T10:13:16.629+0000] {logging_mixin.py:190} INFO - [2025-01-28T10:13:16.627+0000] {dag.py:3262} INFO - Creating ORM DAG for read_dataset_event_from_classic
[2025-01-28T10:13:16.645+0000] {logging_mixin.py:190} INFO - [2025-01-28T10:13:16.643+0000] {dag.py:4180} INFO - Setting next_dagrun for read_dataset_event to 2025-01-27 00:00:00+00:00, run_after=2025-01-28 00:00:00+00:00
[2025-01-28T10:13:16.652+0000] {logging_mixin.py:190} INFO - [2025-01-28T10:13:16.650+0000] {dag.py:4180} INFO - Setting next_dagrun for read_dataset_event_from_classic to 2025-01-27 00:00:00+00:00, run_after=2025-01-28 00:00:00+00:00
[2025-01-28T10:13:16.741+0000] {processor.py:208} INFO - Processing /mnt/c/Users/Admin/Desktop/ud_data/Dataslush_umang/airflow/airflow_venv/lib/python3.12/site-packages/airflow/example_dags/example_inlet_event_extra.py took 2.669 seconds
[2025-01-28T10:15:30.596+0000] {processor.py:186} INFO - Started process (PID=14998) to work on /mnt/c/Users/Admin/Desktop/ud_data/Dataslush_umang/airflow/airflow_venv/lib/python3.12/site-packages/airflow/example_dags/example_inlet_event_extra.py
[2025-01-28T10:15:30.599+0000] {processor.py:914} INFO - Processing file /mnt/c/Users/Admin/Desktop/ud_data/Dataslush_umang/airflow/airflow_venv/lib/python3.12/site-packages/airflow/example_dags/example_inlet_event_extra.py for tasks to queue
[2025-01-28T10:15:30.603+0000] {logging_mixin.py:190} INFO - [2025-01-28T10:15:30.601+0000] {dagbag.py:588} INFO - Filling up the DagBag from /mnt/c/Users/Admin/Desktop/ud_data/Dataslush_umang/airflow/airflow_venv/lib/python3.12/site-packages/airflow/example_dags/example_inlet_event_extra.py
[2025-01-28T10:15:30.775+0000] {processor.py:925} INFO - DAG(s) 'read_dataset_event_from_classic', 'read_dataset_event' retrieved from /mnt/c/Users/Admin/Desktop/ud_data/Dataslush_umang/airflow/airflow_venv/lib/python3.12/site-packages/airflow/example_dags/example_inlet_event_extra.py
[2025-01-28T10:15:30.802+0000] {logging_mixin.py:190} INFO - [2025-01-28T10:15:30.800+0000] {dag.py:3239} INFO - Sync 2 DAGs
[2025-01-28T10:15:30.826+0000] {logging_mixin.py:190} INFO - [2025-01-28T10:15:30.824+0000] {dag.py:4180} INFO - Setting next_dagrun for read_dataset_event to 2025-01-27 00:00:00+00:00, run_after=2025-01-28 00:00:00+00:00
[2025-01-28T10:15:30.833+0000] {logging_mixin.py:190} INFO - [2025-01-28T10:15:30.831+0000] {dag.py:4180} INFO - Setting next_dagrun for read_dataset_event_from_classic to 2025-01-27 00:00:00+00:00, run_after=2025-01-28 00:00:00+00:00
[2025-01-28T10:15:30.867+0000] {processor.py:208} INFO - Processing /mnt/c/Users/Admin/Desktop/ud_data/Dataslush_umang/airflow/airflow_venv/lib/python3.12/site-packages/airflow/example_dags/example_inlet_event_extra.py took 0.293 seconds
[2025-01-28T10:17:12.761+0000] {processor.py:186} INFO - Started process (PID=15187) to work on /mnt/c/Users/Admin/Desktop/ud_data/Dataslush_umang/airflow/airflow_venv/lib/python3.12/site-packages/airflow/example_dags/example_inlet_event_extra.py
[2025-01-28T10:17:12.782+0000] {processor.py:914} INFO - Processing file /mnt/c/Users/Admin/Desktop/ud_data/Dataslush_umang/airflow/airflow_venv/lib/python3.12/site-packages/airflow/example_dags/example_inlet_event_extra.py for tasks to queue
[2025-01-28T10:17:12.787+0000] {logging_mixin.py:190} INFO - [2025-01-28T10:17:12.785+0000] {dagbag.py:588} INFO - Filling up the DagBag from /mnt/c/Users/Admin/Desktop/ud_data/Dataslush_umang/airflow/airflow_venv/lib/python3.12/site-packages/airflow/example_dags/example_inlet_event_extra.py
[2025-01-28T10:17:12.962+0000] {processor.py:925} INFO - DAG(s) 'read_dataset_event_from_classic', 'read_dataset_event' retrieved from /mnt/c/Users/Admin/Desktop/ud_data/Dataslush_umang/airflow/airflow_venv/lib/python3.12/site-packages/airflow/example_dags/example_inlet_event_extra.py
[2025-01-28T10:17:12.990+0000] {logging_mixin.py:190} INFO - [2025-01-28T10:17:12.988+0000] {dag.py:3239} INFO - Sync 2 DAGs
[2025-01-28T10:17:13.013+0000] {logging_mixin.py:190} INFO - [2025-01-28T10:17:13.011+0000] {dag.py:4180} INFO - Setting next_dagrun for read_dataset_event to 2025-01-27 00:00:00+00:00, run_after=2025-01-28 00:00:00+00:00
[2025-01-28T10:17:13.020+0000] {logging_mixin.py:190} INFO - [2025-01-28T10:17:13.018+0000] {dag.py:4180} INFO - Setting next_dagrun for read_dataset_event_from_classic to 2025-01-27 00:00:00+00:00, run_after=2025-01-28 00:00:00+00:00
[2025-01-28T10:17:13.193+0000] {processor.py:208} INFO - Processing /mnt/c/Users/Admin/Desktop/ud_data/Dataslush_umang/airflow/airflow_venv/lib/python3.12/site-packages/airflow/example_dags/example_inlet_event_extra.py took 0.460 seconds
[2025-01-28T10:19:33.599+0000] {processor.py:186} INFO - Started process (PID=15418) to work on /mnt/c/Users/Admin/Desktop/ud_data/Dataslush_umang/airflow/airflow_venv/lib/python3.12/site-packages/airflow/example_dags/example_inlet_event_extra.py
[2025-01-28T10:19:33.604+0000] {processor.py:914} INFO - Processing file /mnt/c/Users/Admin/Desktop/ud_data/Dataslush_umang/airflow/airflow_venv/lib/python3.12/site-packages/airflow/example_dags/example_inlet_event_extra.py for tasks to queue
[2025-01-28T10:20:03.747+0000] {logging_mixin.py:190} INFO - [2025-01-28T10:19:33.611+0000] {dagbag.py:588} INFO - Filling up the DagBag from /mnt/c/Users/Admin/Desktop/ud_data/Dataslush_umang/airflow/airflow_venv/lib/python3.12/site-packages/airflow/example_dags/example_inlet_event_extra.py
[2025-01-28T10:20:04.009+0000] {processor.py:925} INFO - DAG(s) 'read_dataset_event_from_classic', 'read_dataset_event' retrieved from /mnt/c/Users/Admin/Desktop/ud_data/Dataslush_umang/airflow/airflow_venv/lib/python3.12/site-packages/airflow/example_dags/example_inlet_event_extra.py
[2025-01-28T10:20:04.051+0000] {logging_mixin.py:190} INFO - [2025-01-28T10:20:04.049+0000] {dag.py:3239} INFO - Sync 2 DAGs
[2025-01-28T10:20:04.082+0000] {logging_mixin.py:190} INFO - [2025-01-28T10:20:04.081+0000] {dag.py:4180} INFO - Setting next_dagrun for read_dataset_event to 2025-01-27 00:00:00+00:00, run_after=2025-01-28 00:00:00+00:00
[2025-01-28T10:20:04.093+0000] {logging_mixin.py:190} INFO - [2025-01-28T10:20:04.092+0000] {dag.py:4180} INFO - Setting next_dagrun for read_dataset_event_from_classic to 2025-01-27 00:00:00+00:00, run_after=2025-01-28 00:00:00+00:00
[2025-01-28T10:19:34.698+0000] {processor.py:208} INFO - Processing /mnt/c/Users/Admin/Desktop/ud_data/Dataslush_umang/airflow/airflow_venv/lib/python3.12/site-packages/airflow/example_dags/example_inlet_event_extra.py took 1.109 seconds
[2025-01-28T10:22:39.772+0000] {processor.py:186} INFO - Started process (PID=15708) to work on /mnt/c/Users/Admin/Desktop/ud_data/Dataslush_umang/airflow/airflow_venv/lib/python3.12/site-packages/airflow/example_dags/example_inlet_event_extra.py
[2025-01-28T10:22:39.961+0000] {processor.py:914} INFO - Processing file /mnt/c/Users/Admin/Desktop/ud_data/Dataslush_umang/airflow/airflow_venv/lib/python3.12/site-packages/airflow/example_dags/example_inlet_event_extra.py for tasks to queue
[2025-01-28T10:22:39.977+0000] {logging_mixin.py:190} INFO - [2025-01-28T10:22:39.972+0000] {dagbag.py:588} INFO - Filling up the DagBag from /mnt/c/Users/Admin/Desktop/ud_data/Dataslush_umang/airflow/airflow_venv/lib/python3.12/site-packages/airflow/example_dags/example_inlet_event_extra.py
[2025-01-28T10:22:40.477+0000] {processor.py:925} INFO - DAG(s) 'read_dataset_event_from_classic', 'read_dataset_event' retrieved from /mnt/c/Users/Admin/Desktop/ud_data/Dataslush_umang/airflow/airflow_venv/lib/python3.12/site-packages/airflow/example_dags/example_inlet_event_extra.py
[2025-01-28T10:22:40.509+0000] {logging_mixin.py:190} INFO - [2025-01-28T10:22:40.507+0000] {dag.py:3239} INFO - Sync 2 DAGs
[2025-01-28T10:22:40.547+0000] {logging_mixin.py:190} INFO - [2025-01-28T10:22:40.543+0000] {dag.py:4180} INFO - Setting next_dagrun for read_dataset_event to 2025-01-27 00:00:00+00:00, run_after=2025-01-28 00:00:00+00:00
[2025-01-28T10:22:40.714+0000] {logging_mixin.py:190} INFO - [2025-01-28T10:22:40.712+0000] {dag.py:4180} INFO - Setting next_dagrun for read_dataset_event_from_classic to 2025-01-27 00:00:00+00:00, run_after=2025-01-28 00:00:00+00:00
[2025-01-28T10:22:40.833+0000] {processor.py:208} INFO - Processing /mnt/c/Users/Admin/Desktop/ud_data/Dataslush_umang/airflow/airflow_venv/lib/python3.12/site-packages/airflow/example_dags/example_inlet_event_extra.py took 1.122 seconds
[2025-01-28T10:24:24.565+0000] {processor.py:186} INFO - Started process (PID=15882) to work on /mnt/c/Users/Admin/Desktop/ud_data/Dataslush_umang/airflow/airflow_venv/lib/python3.12/site-packages/airflow/example_dags/example_inlet_event_extra.py
[2025-01-28T10:24:24.761+0000] {processor.py:914} INFO - Processing file /mnt/c/Users/Admin/Desktop/ud_data/Dataslush_umang/airflow/airflow_venv/lib/python3.12/site-packages/airflow/example_dags/example_inlet_event_extra.py for tasks to queue
[2025-01-28T10:24:24.777+0000] {logging_mixin.py:190} INFO - [2025-01-28T10:24:24.772+0000] {dagbag.py:588} INFO - Filling up the DagBag from /mnt/c/Users/Admin/Desktop/ud_data/Dataslush_umang/airflow/airflow_venv/lib/python3.12/site-packages/airflow/example_dags/example_inlet_event_extra.py
[2025-01-28T10:24:25.364+0000] {processor.py:925} INFO - DAG(s) 'read_dataset_event', 'read_dataset_event_from_classic' retrieved from /mnt/c/Users/Admin/Desktop/ud_data/Dataslush_umang/airflow/airflow_venv/lib/python3.12/site-packages/airflow/example_dags/example_inlet_event_extra.py
[2025-01-28T10:24:25.430+0000] {logging_mixin.py:190} INFO - [2025-01-28T10:24:25.426+0000] {dag.py:3239} INFO - Sync 2 DAGs
[2025-01-28T10:24:25.490+0000] {logging_mixin.py:190} INFO - [2025-01-28T10:24:25.487+0000] {dag.py:4180} INFO - Setting next_dagrun for read_dataset_event to 2025-01-27 00:00:00+00:00, run_after=2025-01-28 00:00:00+00:00
[2025-01-28T10:24:25.506+0000] {logging_mixin.py:190} INFO - [2025-01-28T10:24:25.503+0000] {dag.py:4180} INFO - Setting next_dagrun for read_dataset_event_from_classic to 2025-01-27 00:00:00+00:00, run_after=2025-01-28 00:00:00+00:00
[2025-01-28T10:24:25.811+0000] {processor.py:208} INFO - Processing /mnt/c/Users/Admin/Desktop/ud_data/Dataslush_umang/airflow/airflow_venv/lib/python3.12/site-packages/airflow/example_dags/example_inlet_event_extra.py took 1.314 seconds
[2025-01-28T10:26:51.649+0000] {processor.py:186} INFO - Started process (PID=16225) to work on /mnt/c/Users/Admin/Desktop/ud_data/Dataslush_umang/airflow/airflow_venv/lib/python3.12/site-packages/airflow/example_dags/example_inlet_event_extra.py
[2025-01-28T10:26:51.740+0000] {processor.py:914} INFO - Processing file /mnt/c/Users/Admin/Desktop/ud_data/Dataslush_umang/airflow/airflow_venv/lib/python3.12/site-packages/airflow/example_dags/example_inlet_event_extra.py for tasks to queue
[2025-01-28T10:26:51.754+0000] {logging_mixin.py:190} INFO - [2025-01-28T10:26:51.750+0000] {dagbag.py:588} INFO - Filling up the DagBag from /mnt/c/Users/Admin/Desktop/ud_data/Dataslush_umang/airflow/airflow_venv/lib/python3.12/site-packages/airflow/example_dags/example_inlet_event_extra.py
[2025-01-28T10:26:52.456+0000] {processor.py:925} INFO - DAG(s) 'read_dataset_event_from_classic', 'read_dataset_event' retrieved from /mnt/c/Users/Admin/Desktop/ud_data/Dataslush_umang/airflow/airflow_venv/lib/python3.12/site-packages/airflow/example_dags/example_inlet_event_extra.py
[2025-01-28T10:26:52.533+0000] {logging_mixin.py:190} INFO - [2025-01-28T10:26:52.528+0000] {dag.py:3239} INFO - Sync 2 DAGs
[2025-01-28T10:26:52.608+0000] {logging_mixin.py:190} INFO - [2025-01-28T10:26:52.605+0000] {dag.py:4180} INFO - Setting next_dagrun for read_dataset_event to 2025-01-27 00:00:00+00:00, run_after=2025-01-28 00:00:00+00:00
[2025-01-28T10:26:52.622+0000] {logging_mixin.py:190} INFO - [2025-01-28T10:26:52.619+0000] {dag.py:4180} INFO - Setting next_dagrun for read_dataset_event_from_classic to 2025-01-27 00:00:00+00:00, run_after=2025-01-28 00:00:00+00:00
[2025-01-28T10:26:52.718+0000] {processor.py:208} INFO - Processing /mnt/c/Users/Admin/Desktop/ud_data/Dataslush_umang/airflow/airflow_venv/lib/python3.12/site-packages/airflow/example_dags/example_inlet_event_extra.py took 1.118 seconds
[2025-01-28T10:28:51.189+0000] {processor.py:186} INFO - Started process (PID=16331) to work on /mnt/c/Users/Admin/Desktop/ud_data/Dataslush_umang/airflow/airflow_venv/lib/python3.12/site-packages/airflow/example_dags/example_inlet_event_extra.py
[2025-01-28T10:28:51.248+0000] {processor.py:914} INFO - Processing file /mnt/c/Users/Admin/Desktop/ud_data/Dataslush_umang/airflow/airflow_venv/lib/python3.12/site-packages/airflow/example_dags/example_inlet_event_extra.py for tasks to queue
[2025-01-28T10:28:51.265+0000] {logging_mixin.py:190} INFO - [2025-01-28T10:28:51.260+0000] {dagbag.py:588} INFO - Filling up the DagBag from /mnt/c/Users/Admin/Desktop/ud_data/Dataslush_umang/airflow/airflow_venv/lib/python3.12/site-packages/airflow/example_dags/example_inlet_event_extra.py
[2025-01-28T10:28:52.000+0000] {processor.py:925} INFO - DAG(s) 'read_dataset_event', 'read_dataset_event_from_classic' retrieved from /mnt/c/Users/Admin/Desktop/ud_data/Dataslush_umang/airflow/airflow_venv/lib/python3.12/site-packages/airflow/example_dags/example_inlet_event_extra.py
[2025-01-28T10:28:52.065+0000] {logging_mixin.py:190} INFO - [2025-01-28T10:28:52.061+0000] {dag.py:3239} INFO - Sync 2 DAGs
[2025-01-28T10:28:52.132+0000] {logging_mixin.py:190} INFO - [2025-01-28T10:28:52.129+0000] {dag.py:4180} INFO - Setting next_dagrun for read_dataset_event to 2025-01-27 00:00:00+00:00, run_after=2025-01-28 00:00:00+00:00
[2025-01-28T10:28:52.146+0000] {logging_mixin.py:190} INFO - [2025-01-28T10:28:52.143+0000] {dag.py:4180} INFO - Setting next_dagrun for read_dataset_event_from_classic to 2025-01-27 00:00:00+00:00, run_after=2025-01-28 00:00:00+00:00
[2025-01-28T10:28:52.745+0000] {processor.py:208} INFO - Processing /mnt/c/Users/Admin/Desktop/ud_data/Dataslush_umang/airflow/airflow_venv/lib/python3.12/site-packages/airflow/example_dags/example_inlet_event_extra.py took 1.628 seconds
[2025-01-28T10:31:21.098+0000] {processor.py:186} INFO - Started process (PID=16541) to work on /mnt/c/Users/Admin/Desktop/ud_data/Dataslush_umang/airflow/airflow_venv/lib/python3.12/site-packages/airflow/example_dags/example_inlet_event_extra.py
[2025-01-28T10:31:21.148+0000] {processor.py:914} INFO - Processing file /mnt/c/Users/Admin/Desktop/ud_data/Dataslush_umang/airflow/airflow_venv/lib/python3.12/site-packages/airflow/example_dags/example_inlet_event_extra.py for tasks to queue
[2025-01-28T10:31:21.154+0000] {logging_mixin.py:190} INFO - [2025-01-28T10:31:21.152+0000] {dagbag.py:588} INFO - Filling up the DagBag from /mnt/c/Users/Admin/Desktop/ud_data/Dataslush_umang/airflow/airflow_venv/lib/python3.12/site-packages/airflow/example_dags/example_inlet_event_extra.py
[2025-01-28T10:31:21.706+0000] {processor.py:925} INFO - DAG(s) 'read_dataset_event_from_classic', 'read_dataset_event' retrieved from /mnt/c/Users/Admin/Desktop/ud_data/Dataslush_umang/airflow/airflow_venv/lib/python3.12/site-packages/airflow/example_dags/example_inlet_event_extra.py
[2025-01-28T10:31:21.786+0000] {logging_mixin.py:190} INFO - [2025-01-28T10:31:21.782+0000] {dag.py:3239} INFO - Sync 2 DAGs
[2025-01-28T10:31:21.863+0000] {logging_mixin.py:190} INFO - [2025-01-28T10:31:21.860+0000] {dag.py:4180} INFO - Setting next_dagrun for read_dataset_event to 2025-01-27 00:00:00+00:00, run_after=2025-01-28 00:00:00+00:00
[2025-01-28T10:31:21.879+0000] {logging_mixin.py:190} INFO - [2025-01-28T10:31:21.876+0000] {dag.py:4180} INFO - Setting next_dagrun for read_dataset_event_from_classic to 2025-01-27 00:00:00+00:00, run_after=2025-01-28 00:00:00+00:00
[2025-01-28T10:31:21.926+0000] {processor.py:208} INFO - Processing /mnt/c/Users/Admin/Desktop/ud_data/Dataslush_umang/airflow/airflow_venv/lib/python3.12/site-packages/airflow/example_dags/example_inlet_event_extra.py took 0.871 seconds
[2025-01-28T10:33:44.675+0000] {processor.py:186} INFO - Started process (PID=16756) to work on /mnt/c/Users/Admin/Desktop/ud_data/Dataslush_umang/airflow/airflow_venv/lib/python3.12/site-packages/airflow/example_dags/example_inlet_event_extra.py
[2025-01-28T10:33:44.707+0000] {processor.py:914} INFO - Processing file /mnt/c/Users/Admin/Desktop/ud_data/Dataslush_umang/airflow/airflow_venv/lib/python3.12/site-packages/airflow/example_dags/example_inlet_event_extra.py for tasks to queue
[2025-01-28T10:33:44.723+0000] {logging_mixin.py:190} INFO - [2025-01-28T10:33:44.718+0000] {dagbag.py:588} INFO - Filling up the DagBag from /mnt/c/Users/Admin/Desktop/ud_data/Dataslush_umang/airflow/airflow_venv/lib/python3.12/site-packages/airflow/example_dags/example_inlet_event_extra.py
[2025-01-28T10:34:15.297+0000] {processor.py:925} INFO - DAG(s) 'read_dataset_event_from_classic', 'read_dataset_event' retrieved from /mnt/c/Users/Admin/Desktop/ud_data/Dataslush_umang/airflow/airflow_venv/lib/python3.12/site-packages/airflow/example_dags/example_inlet_event_extra.py
[2025-01-28T10:34:15.327+0000] {logging_mixin.py:190} INFO - [2025-01-28T10:34:15.325+0000] {dag.py:3239} INFO - Sync 2 DAGs
[2025-01-28T10:34:15.355+0000] {logging_mixin.py:190} INFO - [2025-01-28T10:34:15.351+0000] {dag.py:4180} INFO - Setting next_dagrun for read_dataset_event to 2025-01-27 00:00:00+00:00, run_after=2025-01-28 00:00:00+00:00
[2025-01-28T10:34:15.366+0000] {logging_mixin.py:190} INFO - [2025-01-28T10:34:15.363+0000] {dag.py:4180} INFO - Setting next_dagrun for read_dataset_event_from_classic to 2025-01-27 00:00:00+00:00, run_after=2025-01-28 00:00:00+00:00
[2025-01-28T10:34:15.406+0000] {processor.py:208} INFO - Processing /mnt/c/Users/Admin/Desktop/ud_data/Dataslush_umang/airflow/airflow_venv/lib/python3.12/site-packages/airflow/example_dags/example_inlet_event_extra.py took 0.695 seconds
[2025-01-28T10:36:23.336+0000] {processor.py:186} INFO - Started process (PID=17002) to work on /mnt/c/Users/Admin/Desktop/ud_data/Dataslush_umang/airflow/airflow_venv/lib/python3.12/site-packages/airflow/example_dags/example_inlet_event_extra.py
[2025-01-28T10:36:23.343+0000] {processor.py:914} INFO - Processing file /mnt/c/Users/Admin/Desktop/ud_data/Dataslush_umang/airflow/airflow_venv/lib/python3.12/site-packages/airflow/example_dags/example_inlet_event_extra.py for tasks to queue
[2025-01-28T10:36:23.359+0000] {logging_mixin.py:190} INFO - [2025-01-28T10:36:23.354+0000] {dagbag.py:588} INFO - Filling up the DagBag from /mnt/c/Users/Admin/Desktop/ud_data/Dataslush_umang/airflow/airflow_venv/lib/python3.12/site-packages/airflow/example_dags/example_inlet_event_extra.py
[2025-01-28T10:36:23.838+0000] {processor.py:925} INFO - DAG(s) 'read_dataset_event_from_classic', 'read_dataset_event' retrieved from /mnt/c/Users/Admin/Desktop/ud_data/Dataslush_umang/airflow/airflow_venv/lib/python3.12/site-packages/airflow/example_dags/example_inlet_event_extra.py
[2025-01-28T10:36:23.872+0000] {logging_mixin.py:190} INFO - [2025-01-28T10:36:23.870+0000] {dag.py:3239} INFO - Sync 2 DAGs
[2025-01-28T10:36:23.902+0000] {logging_mixin.py:190} INFO - [2025-01-28T10:36:23.901+0000] {dag.py:4180} INFO - Setting next_dagrun for read_dataset_event to 2025-01-27 00:00:00+00:00, run_after=2025-01-28 00:00:00+00:00
[2025-01-28T10:36:23.910+0000] {logging_mixin.py:190} INFO - [2025-01-28T10:36:23.908+0000] {dag.py:4180} INFO - Setting next_dagrun for read_dataset_event_from_classic to 2025-01-27 00:00:00+00:00, run_after=2025-01-28 00:00:00+00:00
[2025-01-28T10:36:23.947+0000] {processor.py:208} INFO - Processing /mnt/c/Users/Admin/Desktop/ud_data/Dataslush_umang/airflow/airflow_venv/lib/python3.12/site-packages/airflow/example_dags/example_inlet_event_extra.py took 0.678 seconds
[2025-01-28T10:39:21.216+0000] {processor.py:186} INFO - Started process (PID=17276) to work on /mnt/c/Users/Admin/Desktop/ud_data/Dataslush_umang/airflow/airflow_venv/lib/python3.12/site-packages/airflow/example_dags/example_inlet_event_extra.py
[2025-01-28T10:39:21.345+0000] {processor.py:914} INFO - Processing file /mnt/c/Users/Admin/Desktop/ud_data/Dataslush_umang/airflow/airflow_venv/lib/python3.12/site-packages/airflow/example_dags/example_inlet_event_extra.py for tasks to queue
[2025-01-28T10:39:21.361+0000] {logging_mixin.py:190} INFO - [2025-01-28T10:39:21.356+0000] {dagbag.py:588} INFO - Filling up the DagBag from /mnt/c/Users/Admin/Desktop/ud_data/Dataslush_umang/airflow/airflow_venv/lib/python3.12/site-packages/airflow/example_dags/example_inlet_event_extra.py
[2025-01-28T10:39:22.050+0000] {processor.py:925} INFO - DAG(s) 'read_dataset_event', 'read_dataset_event_from_classic' retrieved from /mnt/c/Users/Admin/Desktop/ud_data/Dataslush_umang/airflow/airflow_venv/lib/python3.12/site-packages/airflow/example_dags/example_inlet_event_extra.py
[2025-01-28T10:39:22.115+0000] {logging_mixin.py:190} INFO - [2025-01-28T10:39:22.112+0000] {dag.py:3239} INFO - Sync 2 DAGs
[2025-01-28T10:39:22.188+0000] {logging_mixin.py:190} INFO - [2025-01-28T10:39:22.185+0000] {dag.py:4180} INFO - Setting next_dagrun for read_dataset_event to 2025-01-27 00:00:00+00:00, run_after=2025-01-28 00:00:00+00:00
[2025-01-28T10:39:22.200+0000] {logging_mixin.py:190} INFO - [2025-01-28T10:39:22.198+0000] {dag.py:4180} INFO - Setting next_dagrun for read_dataset_event_from_classic to 2025-01-27 00:00:00+00:00, run_after=2025-01-28 00:00:00+00:00
[2025-01-28T10:39:22.902+0000] {processor.py:208} INFO - Processing /mnt/c/Users/Admin/Desktop/ud_data/Dataslush_umang/airflow/airflow_venv/lib/python3.12/site-packages/airflow/example_dags/example_inlet_event_extra.py took 1.752 seconds
[2025-01-28T10:40:48.728+0000] {processor.py:186} INFO - Started process (PID=17376) to work on /mnt/c/Users/Admin/Desktop/ud_data/Dataslush_umang/airflow/airflow_venv/lib/python3.12/site-packages/airflow/example_dags/example_inlet_event_extra.py
[2025-01-28T10:40:48.766+0000] {processor.py:914} INFO - Processing file /mnt/c/Users/Admin/Desktop/ud_data/Dataslush_umang/airflow/airflow_venv/lib/python3.12/site-packages/airflow/example_dags/example_inlet_event_extra.py for tasks to queue
[2025-01-28T10:40:48.772+0000] {logging_mixin.py:190} INFO - [2025-01-28T10:40:48.770+0000] {dagbag.py:588} INFO - Filling up the DagBag from /mnt/c/Users/Admin/Desktop/ud_data/Dataslush_umang/airflow/airflow_venv/lib/python3.12/site-packages/airflow/example_dags/example_inlet_event_extra.py
[2025-01-28T10:40:48.965+0000] {processor.py:925} INFO - DAG(s) 'read_dataset_event', 'read_dataset_event_from_classic' retrieved from /mnt/c/Users/Admin/Desktop/ud_data/Dataslush_umang/airflow/airflow_venv/lib/python3.12/site-packages/airflow/example_dags/example_inlet_event_extra.py
[2025-01-28T10:40:48.997+0000] {logging_mixin.py:190} INFO - [2025-01-28T10:40:48.995+0000] {dag.py:3239} INFO - Sync 2 DAGs
[2025-01-28T10:40:49.028+0000] {logging_mixin.py:190} INFO - [2025-01-28T10:40:49.026+0000] {dag.py:4180} INFO - Setting next_dagrun for read_dataset_event to 2025-01-27 00:00:00+00:00, run_after=2025-01-28 00:00:00+00:00
[2025-01-28T10:40:49.037+0000] {logging_mixin.py:190} INFO - [2025-01-28T10:40:49.035+0000] {dag.py:4180} INFO - Setting next_dagrun for read_dataset_event_from_classic to 2025-01-27 00:00:00+00:00, run_after=2025-01-28 00:00:00+00:00
[2025-01-28T10:40:49.188+0000] {processor.py:208} INFO - Processing /mnt/c/Users/Admin/Desktop/ud_data/Dataslush_umang/airflow/airflow_venv/lib/python3.12/site-packages/airflow/example_dags/example_inlet_event_extra.py took 0.486 seconds
[2025-01-28T10:42:26.551+0000] {processor.py:186} INFO - Started process (PID=17589) to work on /mnt/c/Users/Admin/Desktop/ud_data/Dataslush_umang/airflow/airflow_venv/lib/python3.12/site-packages/airflow/example_dags/example_inlet_event_extra.py
[2025-01-28T10:42:26.866+0000] {processor.py:914} INFO - Processing file /mnt/c/Users/Admin/Desktop/ud_data/Dataslush_umang/airflow/airflow_venv/lib/python3.12/site-packages/airflow/example_dags/example_inlet_event_extra.py for tasks to queue
[2025-01-28T10:42:26.882+0000] {logging_mixin.py:190} INFO - [2025-01-28T10:42:26.877+0000] {dagbag.py:588} INFO - Filling up the DagBag from /mnt/c/Users/Admin/Desktop/ud_data/Dataslush_umang/airflow/airflow_venv/lib/python3.12/site-packages/airflow/example_dags/example_inlet_event_extra.py
[2025-01-28T10:42:27.085+0000] {processor.py:925} INFO - DAG(s) 'read_dataset_event_from_classic', 'read_dataset_event' retrieved from /mnt/c/Users/Admin/Desktop/ud_data/Dataslush_umang/airflow/airflow_venv/lib/python3.12/site-packages/airflow/example_dags/example_inlet_event_extra.py
[2025-01-28T10:42:27.112+0000] {logging_mixin.py:190} INFO - [2025-01-28T10:42:27.110+0000] {dag.py:3239} INFO - Sync 2 DAGs
[2025-01-28T10:42:27.140+0000] {logging_mixin.py:190} INFO - [2025-01-28T10:42:27.138+0000] {dag.py:4180} INFO - Setting next_dagrun for read_dataset_event to 2025-01-27 00:00:00+00:00, run_after=2025-01-28 00:00:00+00:00
[2025-01-28T10:42:27.149+0000] {logging_mixin.py:190} INFO - [2025-01-28T10:42:27.147+0000] {dag.py:4180} INFO - Setting next_dagrun for read_dataset_event_from_classic to 2025-01-27 00:00:00+00:00, run_after=2025-01-28 00:00:00+00:00
[2025-01-28T10:42:29.009+0000] {processor.py:208} INFO - Processing /mnt/c/Users/Admin/Desktop/ud_data/Dataslush_umang/airflow/airflow_venv/lib/python3.12/site-packages/airflow/example_dags/example_inlet_event_extra.py took 2.489 seconds
[2025-01-28T10:46:27.700+0000] {processor.py:186} INFO - Started process (PID=17918) to work on /mnt/c/Users/Admin/Desktop/ud_data/Dataslush_umang/airflow/airflow_venv/lib/python3.12/site-packages/airflow/example_dags/example_inlet_event_extra.py
[2025-01-28T10:46:27.702+0000] {processor.py:914} INFO - Processing file /mnt/c/Users/Admin/Desktop/ud_data/Dataslush_umang/airflow/airflow_venv/lib/python3.12/site-packages/airflow/example_dags/example_inlet_event_extra.py for tasks to queue
[2025-01-28T10:46:27.710+0000] {logging_mixin.py:190} INFO - [2025-01-28T10:46:27.708+0000] {dagbag.py:588} INFO - Filling up the DagBag from /mnt/c/Users/Admin/Desktop/ud_data/Dataslush_umang/airflow/airflow_venv/lib/python3.12/site-packages/airflow/example_dags/example_inlet_event_extra.py
[2025-01-28T10:46:27.961+0000] {processor.py:925} INFO - DAG(s) 'read_dataset_event', 'read_dataset_event_from_classic' retrieved from /mnt/c/Users/Admin/Desktop/ud_data/Dataslush_umang/airflow/airflow_venv/lib/python3.12/site-packages/airflow/example_dags/example_inlet_event_extra.py
[2025-01-28T10:46:28.001+0000] {logging_mixin.py:190} INFO - [2025-01-28T10:46:28.000+0000] {dag.py:3239} INFO - Sync 2 DAGs
[2025-01-28T10:46:28.050+0000] {logging_mixin.py:190} INFO - [2025-01-28T10:46:28.048+0000] {dag.py:4180} INFO - Setting next_dagrun for read_dataset_event to 2025-01-27 00:00:00+00:00, run_after=2025-01-28 00:00:00+00:00
[2025-01-28T10:46:28.061+0000] {logging_mixin.py:190} INFO - [2025-01-28T10:46:28.060+0000] {dag.py:4180} INFO - Setting next_dagrun for read_dataset_event_from_classic to 2025-01-27 00:00:00+00:00, run_after=2025-01-28 00:00:00+00:00
[2025-01-28T10:46:30.100+0000] {processor.py:208} INFO - Processing /mnt/c/Users/Admin/Desktop/ud_data/Dataslush_umang/airflow/airflow_venv/lib/python3.12/site-packages/airflow/example_dags/example_inlet_event_extra.py took 2.428 seconds
[2025-01-28T10:48:22.353+0000] {processor.py:186} INFO - Started process (PID=18122) to work on /mnt/c/Users/Admin/Desktop/ud_data/Dataslush_umang/airflow/airflow_venv/lib/python3.12/site-packages/airflow/example_dags/example_inlet_event_extra.py
[2025-01-28T10:48:22.703+0000] {processor.py:914} INFO - Processing file /mnt/c/Users/Admin/Desktop/ud_data/Dataslush_umang/airflow/airflow_venv/lib/python3.12/site-packages/airflow/example_dags/example_inlet_event_extra.py for tasks to queue
[2025-01-28T10:48:22.709+0000] {logging_mixin.py:190} INFO - [2025-01-28T10:48:22.707+0000] {dagbag.py:588} INFO - Filling up the DagBag from /mnt/c/Users/Admin/Desktop/ud_data/Dataslush_umang/airflow/airflow_venv/lib/python3.12/site-packages/airflow/example_dags/example_inlet_event_extra.py
[2025-01-28T10:48:22.958+0000] {processor.py:925} INFO - DAG(s) 'read_dataset_event', 'read_dataset_event_from_classic' retrieved from /mnt/c/Users/Admin/Desktop/ud_data/Dataslush_umang/airflow/airflow_venv/lib/python3.12/site-packages/airflow/example_dags/example_inlet_event_extra.py
[2025-01-28T10:48:22.995+0000] {logging_mixin.py:190} INFO - [2025-01-28T10:48:22.993+0000] {dag.py:3239} INFO - Sync 2 DAGs
[2025-01-28T10:48:23.030+0000] {logging_mixin.py:190} INFO - [2025-01-28T10:48:23.028+0000] {dag.py:4180} INFO - Setting next_dagrun for read_dataset_event to 2025-01-27 00:00:00+00:00, run_after=2025-01-28 00:00:00+00:00
[2025-01-28T10:48:23.038+0000] {logging_mixin.py:190} INFO - [2025-01-28T10:48:23.037+0000] {dag.py:4180} INFO - Setting next_dagrun for read_dataset_event_from_classic to 2025-01-27 00:00:00+00:00, run_after=2025-01-28 00:00:00+00:00
[2025-01-28T10:48:23.181+0000] {processor.py:208} INFO - Processing /mnt/c/Users/Admin/Desktop/ud_data/Dataslush_umang/airflow/airflow_venv/lib/python3.12/site-packages/airflow/example_dags/example_inlet_event_extra.py took 0.856 seconds
[2025-01-28T10:50:52.248+0000] {processor.py:186} INFO - Started process (PID=18322) to work on /mnt/c/Users/Admin/Desktop/ud_data/Dataslush_umang/airflow/airflow_venv/lib/python3.12/site-packages/airflow/example_dags/example_inlet_event_extra.py
[2025-01-28T10:50:52.253+0000] {processor.py:914} INFO - Processing file /mnt/c/Users/Admin/Desktop/ud_data/Dataslush_umang/airflow/airflow_venv/lib/python3.12/site-packages/airflow/example_dags/example_inlet_event_extra.py for tasks to queue
[2025-01-28T10:50:52.259+0000] {logging_mixin.py:190} INFO - [2025-01-28T10:50:52.258+0000] {dagbag.py:588} INFO - Filling up the DagBag from /mnt/c/Users/Admin/Desktop/ud_data/Dataslush_umang/airflow/airflow_venv/lib/python3.12/site-packages/airflow/example_dags/example_inlet_event_extra.py
[2025-01-28T10:50:22.417+0000] {processor.py:925} INFO - DAG(s) 'read_dataset_event_from_classic', 'read_dataset_event' retrieved from /mnt/c/Users/Admin/Desktop/ud_data/Dataslush_umang/airflow/airflow_venv/lib/python3.12/site-packages/airflow/example_dags/example_inlet_event_extra.py
[2025-01-28T10:50:22.450+0000] {logging_mixin.py:190} INFO - [2025-01-28T10:50:22.448+0000] {dag.py:3239} INFO - Sync 2 DAGs
[2025-01-28T10:50:22.478+0000] {logging_mixin.py:190} INFO - [2025-01-28T10:50:22.476+0000] {dag.py:4180} INFO - Setting next_dagrun for read_dataset_event to 2025-01-27 00:00:00+00:00, run_after=2025-01-28 00:00:00+00:00
[2025-01-28T10:50:22.487+0000] {logging_mixin.py:190} INFO - [2025-01-28T10:50:22.485+0000] {dag.py:4180} INFO - Setting next_dagrun for read_dataset_event_from_classic to 2025-01-27 00:00:00+00:00, run_after=2025-01-28 00:00:00+00:00
[2025-01-28T10:50:23.213+0000] {processor.py:208} INFO - Processing /mnt/c/Users/Admin/Desktop/ud_data/Dataslush_umang/airflow/airflow_venv/lib/python3.12/site-packages/airflow/example_dags/example_inlet_event_extra.py took 1.072 seconds
[2025-01-28T10:52:32.532+0000] {processor.py:186} INFO - Started process (PID=18575) to work on /mnt/c/Users/Admin/Desktop/ud_data/Dataslush_umang/airflow/airflow_venv/lib/python3.12/site-packages/airflow/example_dags/example_inlet_event_extra.py
[2025-01-28T10:52:32.536+0000] {processor.py:914} INFO - Processing file /mnt/c/Users/Admin/Desktop/ud_data/Dataslush_umang/airflow/airflow_venv/lib/python3.12/site-packages/airflow/example_dags/example_inlet_event_extra.py for tasks to queue
[2025-01-28T10:52:02.462+0000] {logging_mixin.py:190} INFO - [2025-01-28T10:52:02.460+0000] {dagbag.py:588} INFO - Filling up the DagBag from /mnt/c/Users/Admin/Desktop/ud_data/Dataslush_umang/airflow/airflow_venv/lib/python3.12/site-packages/airflow/example_dags/example_inlet_event_extra.py
[2025-01-28T10:52:02.686+0000] {processor.py:925} INFO - DAG(s) 'read_dataset_event', 'read_dataset_event_from_classic' retrieved from /mnt/c/Users/Admin/Desktop/ud_data/Dataslush_umang/airflow/airflow_venv/lib/python3.12/site-packages/airflow/example_dags/example_inlet_event_extra.py
[2025-01-28T10:52:02.715+0000] {logging_mixin.py:190} INFO - [2025-01-28T10:52:02.713+0000] {dag.py:3239} INFO - Sync 2 DAGs
[2025-01-28T10:52:02.742+0000] {logging_mixin.py:190} INFO - [2025-01-28T10:52:02.740+0000] {dag.py:4180} INFO - Setting next_dagrun for read_dataset_event to 2025-01-27 00:00:00+00:00, run_after=2025-01-28 00:00:00+00:00
[2025-01-28T10:52:02.751+0000] {logging_mixin.py:190} INFO - [2025-01-28T10:52:02.749+0000] {dag.py:4180} INFO - Setting next_dagrun for read_dataset_event_from_classic to 2025-01-27 00:00:00+00:00, run_after=2025-01-28 00:00:00+00:00
[2025-01-28T10:52:03.881+0000] {processor.py:208} INFO - Processing /mnt/c/Users/Admin/Desktop/ud_data/Dataslush_umang/airflow/airflow_venv/lib/python3.12/site-packages/airflow/example_dags/example_inlet_event_extra.py took 1.464 seconds
[2025-01-28T10:53:43.654+0000] {processor.py:186} INFO - Started process (PID=18738) to work on /mnt/c/Users/Admin/Desktop/ud_data/Dataslush_umang/airflow/airflow_venv/lib/python3.12/site-packages/airflow/example_dags/example_inlet_event_extra.py
[2025-01-28T10:53:43.658+0000] {processor.py:914} INFO - Processing file /mnt/c/Users/Admin/Desktop/ud_data/Dataslush_umang/airflow/airflow_venv/lib/python3.12/site-packages/airflow/example_dags/example_inlet_event_extra.py for tasks to queue
[2025-01-28T10:53:43.666+0000] {logging_mixin.py:190} INFO - [2025-01-28T10:53:43.663+0000] {dagbag.py:588} INFO - Filling up the DagBag from /mnt/c/Users/Admin/Desktop/ud_data/Dataslush_umang/airflow/airflow_venv/lib/python3.12/site-packages/airflow/example_dags/example_inlet_event_extra.py
[2025-01-28T10:53:43.900+0000] {processor.py:925} INFO - DAG(s) 'read_dataset_event_from_classic', 'read_dataset_event' retrieved from /mnt/c/Users/Admin/Desktop/ud_data/Dataslush_umang/airflow/airflow_venv/lib/python3.12/site-packages/airflow/example_dags/example_inlet_event_extra.py
[2025-01-28T10:53:43.932+0000] {logging_mixin.py:190} INFO - [2025-01-28T10:53:43.931+0000] {dag.py:3239} INFO - Sync 2 DAGs
[2025-01-28T10:53:43.963+0000] {logging_mixin.py:190} INFO - [2025-01-28T10:53:43.961+0000] {dag.py:4180} INFO - Setting next_dagrun for read_dataset_event to 2025-01-27 00:00:00+00:00, run_after=2025-01-28 00:00:00+00:00
[2025-01-28T10:53:43.971+0000] {logging_mixin.py:190} INFO - [2025-01-28T10:53:43.969+0000] {dag.py:4180} INFO - Setting next_dagrun for read_dataset_event_from_classic to 2025-01-27 00:00:00+00:00, run_after=2025-01-28 00:00:00+00:00
[2025-01-28T10:53:44.011+0000] {processor.py:208} INFO - Processing /mnt/c/Users/Admin/Desktop/ud_data/Dataslush_umang/airflow/airflow_venv/lib/python3.12/site-packages/airflow/example_dags/example_inlet_event_extra.py took 0.384 seconds
[2025-01-28T10:55:04.923+0000] {processor.py:186} INFO - Started process (PID=18850) to work on /mnt/c/Users/Admin/Desktop/ud_data/Dataslush_umang/airflow/airflow_venv/lib/python3.12/site-packages/airflow/example_dags/example_inlet_event_extra.py
[2025-01-28T10:55:04.926+0000] {processor.py:914} INFO - Processing file /mnt/c/Users/Admin/Desktop/ud_data/Dataslush_umang/airflow/airflow_venv/lib/python3.12/site-packages/airflow/example_dags/example_inlet_event_extra.py for tasks to queue
[2025-01-28T10:55:04.932+0000] {logging_mixin.py:190} INFO - [2025-01-28T10:55:04.930+0000] {dagbag.py:588} INFO - Filling up the DagBag from /mnt/c/Users/Admin/Desktop/ud_data/Dataslush_umang/airflow/airflow_venv/lib/python3.12/site-packages/airflow/example_dags/example_inlet_event_extra.py
[2025-01-28T10:55:05.145+0000] {processor.py:925} INFO - DAG(s) 'read_dataset_event', 'read_dataset_event_from_classic' retrieved from /mnt/c/Users/Admin/Desktop/ud_data/Dataslush_umang/airflow/airflow_venv/lib/python3.12/site-packages/airflow/example_dags/example_inlet_event_extra.py
[2025-01-28T10:55:05.173+0000] {logging_mixin.py:190} INFO - [2025-01-28T10:55:05.171+0000] {dag.py:3239} INFO - Sync 2 DAGs
[2025-01-28T10:55:05.207+0000] {logging_mixin.py:190} INFO - [2025-01-28T10:55:05.206+0000] {dag.py:4180} INFO - Setting next_dagrun for read_dataset_event to 2025-01-27 00:00:00+00:00, run_after=2025-01-28 00:00:00+00:00
[2025-01-28T10:55:05.219+0000] {logging_mixin.py:190} INFO - [2025-01-28T10:55:05.214+0000] {dag.py:4180} INFO - Setting next_dagrun for read_dataset_event_from_classic to 2025-01-27 00:00:00+00:00, run_after=2025-01-28 00:00:00+00:00
[2025-01-28T10:55:05.259+0000] {processor.py:208} INFO - Processing /mnt/c/Users/Admin/Desktop/ud_data/Dataslush_umang/airflow/airflow_venv/lib/python3.12/site-packages/airflow/example_dags/example_inlet_event_extra.py took 0.369 seconds
[2025-01-28T10:56:34.717+0000] {processor.py:186} INFO - Started process (PID=19072) to work on /mnt/c/Users/Admin/Desktop/ud_data/Dataslush_umang/airflow/airflow_venv/lib/python3.12/site-packages/airflow/example_dags/example_inlet_event_extra.py
[2025-01-28T10:56:34.844+0000] {processor.py:914} INFO - Processing file /mnt/c/Users/Admin/Desktop/ud_data/Dataslush_umang/airflow/airflow_venv/lib/python3.12/site-packages/airflow/example_dags/example_inlet_event_extra.py for tasks to queue
[2025-01-28T10:56:34.851+0000] {logging_mixin.py:190} INFO - [2025-01-28T10:56:34.849+0000] {dagbag.py:588} INFO - Filling up the DagBag from /mnt/c/Users/Admin/Desktop/ud_data/Dataslush_umang/airflow/airflow_venv/lib/python3.12/site-packages/airflow/example_dags/example_inlet_event_extra.py
[2025-01-28T10:56:35.065+0000] {processor.py:925} INFO - DAG(s) 'read_dataset_event', 'read_dataset_event_from_classic' retrieved from /mnt/c/Users/Admin/Desktop/ud_data/Dataslush_umang/airflow/airflow_venv/lib/python3.12/site-packages/airflow/example_dags/example_inlet_event_extra.py
[2025-01-28T10:56:35.093+0000] {logging_mixin.py:190} INFO - [2025-01-28T10:56:35.091+0000] {dag.py:3239} INFO - Sync 2 DAGs
[2025-01-28T10:56:35.122+0000] {logging_mixin.py:190} INFO - [2025-01-28T10:56:35.121+0000] {dag.py:4180} INFO - Setting next_dagrun for read_dataset_event to 2025-01-27 00:00:00+00:00, run_after=2025-01-28 00:00:00+00:00
[2025-01-28T10:56:35.131+0000] {logging_mixin.py:190} INFO - [2025-01-28T10:56:35.129+0000] {dag.py:4180} INFO - Setting next_dagrun for read_dataset_event_from_classic to 2025-01-27 00:00:00+00:00, run_after=2025-01-28 00:00:00+00:00
[2025-01-28T10:56:35.171+0000] {processor.py:208} INFO - Processing /mnt/c/Users/Admin/Desktop/ud_data/Dataslush_umang/airflow/airflow_venv/lib/python3.12/site-packages/airflow/example_dags/example_inlet_event_extra.py took 0.485 seconds
[2025-01-28T10:58:04.920+0000] {processor.py:186} INFO - Started process (PID=19213) to work on /mnt/c/Users/Admin/Desktop/ud_data/Dataslush_umang/airflow/airflow_venv/lib/python3.12/site-packages/airflow/example_dags/example_inlet_event_extra.py
[2025-01-28T10:58:05.020+0000] {processor.py:914} INFO - Processing file /mnt/c/Users/Admin/Desktop/ud_data/Dataslush_umang/airflow/airflow_venv/lib/python3.12/site-packages/airflow/example_dags/example_inlet_event_extra.py for tasks to queue
[2025-01-28T10:58:05.028+0000] {logging_mixin.py:190} INFO - [2025-01-28T10:58:05.025+0000] {dagbag.py:588} INFO - Filling up the DagBag from /mnt/c/Users/Admin/Desktop/ud_data/Dataslush_umang/airflow/airflow_venv/lib/python3.12/site-packages/airflow/example_dags/example_inlet_event_extra.py
[2025-01-28T10:58:05.245+0000] {processor.py:925} INFO - DAG(s) 'read_dataset_event', 'read_dataset_event_from_classic' retrieved from /mnt/c/Users/Admin/Desktop/ud_data/Dataslush_umang/airflow/airflow_venv/lib/python3.12/site-packages/airflow/example_dags/example_inlet_event_extra.py
[2025-01-28T10:58:05.273+0000] {logging_mixin.py:190} INFO - [2025-01-28T10:58:05.271+0000] {dag.py:3239} INFO - Sync 2 DAGs
[2025-01-28T10:58:05.306+0000] {logging_mixin.py:190} INFO - [2025-01-28T10:58:05.304+0000] {dag.py:4180} INFO - Setting next_dagrun for read_dataset_event to 2025-01-27 00:00:00+00:00, run_after=2025-01-28 00:00:00+00:00
[2025-01-28T10:58:05.315+0000] {logging_mixin.py:190} INFO - [2025-01-28T10:58:05.313+0000] {dag.py:4180} INFO - Setting next_dagrun for read_dataset_event_from_classic to 2025-01-27 00:00:00+00:00, run_after=2025-01-28 00:00:00+00:00
[2025-01-28T10:58:05.356+0000] {processor.py:208} INFO - Processing /mnt/c/Users/Admin/Desktop/ud_data/Dataslush_umang/airflow/airflow_venv/lib/python3.12/site-packages/airflow/example_dags/example_inlet_event_extra.py took 0.458 seconds
[2025-01-28T10:59:32.127+0000] {processor.py:186} INFO - Started process (PID=19406) to work on /mnt/c/Users/Admin/Desktop/ud_data/Dataslush_umang/airflow/airflow_venv/lib/python3.12/site-packages/airflow/example_dags/example_inlet_event_extra.py
[2025-01-28T10:59:32.151+0000] {processor.py:914} INFO - Processing file /mnt/c/Users/Admin/Desktop/ud_data/Dataslush_umang/airflow/airflow_venv/lib/python3.12/site-packages/airflow/example_dags/example_inlet_event_extra.py for tasks to queue
[2025-01-28T10:59:32.163+0000] {logging_mixin.py:190} INFO - [2025-01-28T10:59:32.160+0000] {dagbag.py:588} INFO - Filling up the DagBag from /mnt/c/Users/Admin/Desktop/ud_data/Dataslush_umang/airflow/airflow_venv/lib/python3.12/site-packages/airflow/example_dags/example_inlet_event_extra.py
[2025-01-28T10:59:32.505+0000] {processor.py:925} INFO - DAG(s) 'read_dataset_event_from_classic', 'read_dataset_event' retrieved from /mnt/c/Users/Admin/Desktop/ud_data/Dataslush_umang/airflow/airflow_venv/lib/python3.12/site-packages/airflow/example_dags/example_inlet_event_extra.py
[2025-01-28T10:59:32.533+0000] {logging_mixin.py:190} INFO - [2025-01-28T10:59:32.532+0000] {dag.py:3239} INFO - Sync 2 DAGs
[2025-01-28T10:59:32.562+0000] {logging_mixin.py:190} INFO - [2025-01-28T10:59:32.561+0000] {dag.py:4180} INFO - Setting next_dagrun for read_dataset_event to 2025-01-27 00:00:00+00:00, run_after=2025-01-28 00:00:00+00:00
[2025-01-28T10:59:32.570+0000] {logging_mixin.py:190} INFO - [2025-01-28T10:59:32.569+0000] {dag.py:4180} INFO - Setting next_dagrun for read_dataset_event_from_classic to 2025-01-27 00:00:00+00:00, run_after=2025-01-28 00:00:00+00:00
[2025-01-28T10:59:32.611+0000] {processor.py:208} INFO - Processing /mnt/c/Users/Admin/Desktop/ud_data/Dataslush_umang/airflow/airflow_venv/lib/python3.12/site-packages/airflow/example_dags/example_inlet_event_extra.py took 0.525 seconds
[2025-01-28T11:01:26.266+0000] {processor.py:186} INFO - Started process (PID=19582) to work on /mnt/c/Users/Admin/Desktop/ud_data/Dataslush_umang/airflow/airflow_venv/lib/python3.12/site-packages/airflow/example_dags/example_inlet_event_extra.py
[2025-01-28T11:01:26.269+0000] {processor.py:914} INFO - Processing file /mnt/c/Users/Admin/Desktop/ud_data/Dataslush_umang/airflow/airflow_venv/lib/python3.12/site-packages/airflow/example_dags/example_inlet_event_extra.py for tasks to queue
[2025-01-28T11:01:26.276+0000] {logging_mixin.py:190} INFO - [2025-01-28T11:01:26.274+0000] {dagbag.py:588} INFO - Filling up the DagBag from /mnt/c/Users/Admin/Desktop/ud_data/Dataslush_umang/airflow/airflow_venv/lib/python3.12/site-packages/airflow/example_dags/example_inlet_event_extra.py
[2025-01-28T11:01:26.510+0000] {processor.py:925} INFO - DAG(s) 'read_dataset_event', 'read_dataset_event_from_classic' retrieved from /mnt/c/Users/Admin/Desktop/ud_data/Dataslush_umang/airflow/airflow_venv/lib/python3.12/site-packages/airflow/example_dags/example_inlet_event_extra.py
[2025-01-28T11:01:26.543+0000] {logging_mixin.py:190} INFO - [2025-01-28T11:01:26.541+0000] {dag.py:3239} INFO - Sync 2 DAGs
[2025-01-28T11:01:26.576+0000] {logging_mixin.py:190} INFO - [2025-01-28T11:01:26.575+0000] {dag.py:4180} INFO - Setting next_dagrun for read_dataset_event to 2025-01-27 00:00:00+00:00, run_after=2025-01-28 00:00:00+00:00
[2025-01-28T11:01:26.584+0000] {logging_mixin.py:190} INFO - [2025-01-28T11:01:26.582+0000] {dag.py:4180} INFO - Setting next_dagrun for read_dataset_event_from_classic to 2025-01-27 00:00:00+00:00, run_after=2025-01-28 00:00:00+00:00
[2025-01-28T11:01:26.624+0000] {processor.py:208} INFO - Processing /mnt/c/Users/Admin/Desktop/ud_data/Dataslush_umang/airflow/airflow_venv/lib/python3.12/site-packages/airflow/example_dags/example_inlet_event_extra.py took 0.383 seconds
[2025-01-28T11:03:18.400+0000] {processor.py:186} INFO - Started process (PID=19657) to work on /mnt/c/Users/Admin/Desktop/ud_data/Dataslush_umang/airflow/airflow_venv/lib/python3.12/site-packages/airflow/example_dags/example_inlet_event_extra.py
[2025-01-28T11:03:18.403+0000] {processor.py:914} INFO - Processing file /mnt/c/Users/Admin/Desktop/ud_data/Dataslush_umang/airflow/airflow_venv/lib/python3.12/site-packages/airflow/example_dags/example_inlet_event_extra.py for tasks to queue
[2025-01-28T11:03:18.410+0000] {logging_mixin.py:190} INFO - [2025-01-28T11:03:18.408+0000] {dagbag.py:588} INFO - Filling up the DagBag from /mnt/c/Users/Admin/Desktop/ud_data/Dataslush_umang/airflow/airflow_venv/lib/python3.12/site-packages/airflow/example_dags/example_inlet_event_extra.py
[2025-01-28T11:02:48.614+0000] {processor.py:925} INFO - DAG(s) 'read_dataset_event', 'read_dataset_event_from_classic' retrieved from /mnt/c/Users/Admin/Desktop/ud_data/Dataslush_umang/airflow/airflow_venv/lib/python3.12/site-packages/airflow/example_dags/example_inlet_event_extra.py
[2025-01-28T11:02:48.647+0000] {logging_mixin.py:190} INFO - [2025-01-28T11:02:48.645+0000] {dag.py:3239} INFO - Sync 2 DAGs
[2025-01-28T11:02:48.672+0000] {logging_mixin.py:190} INFO - [2025-01-28T11:02:48.671+0000] {dag.py:4180} INFO - Setting next_dagrun for read_dataset_event to 2025-01-27 00:00:00+00:00, run_after=2025-01-28 00:00:00+00:00
[2025-01-28T11:02:48.683+0000] {logging_mixin.py:190} INFO - [2025-01-28T11:02:48.682+0000] {dag.py:4180} INFO - Setting next_dagrun for read_dataset_event_from_classic to 2025-01-27 00:00:00+00:00, run_after=2025-01-28 00:00:00+00:00
[2025-01-28T11:02:49.706+0000] {processor.py:208} INFO - Processing /mnt/c/Users/Admin/Desktop/ud_data/Dataslush_umang/airflow/airflow_venv/lib/python3.12/site-packages/airflow/example_dags/example_inlet_event_extra.py took 1.406 seconds
[2025-01-28T11:04:42.527+0000] {processor.py:186} INFO - Started process (PID=19925) to work on /mnt/c/Users/Admin/Desktop/ud_data/Dataslush_umang/airflow/airflow_venv/lib/python3.12/site-packages/airflow/example_dags/example_inlet_event_extra.py
[2025-01-28T11:04:42.532+0000] {processor.py:914} INFO - Processing file /mnt/c/Users/Admin/Desktop/ud_data/Dataslush_umang/airflow/airflow_venv/lib/python3.12/site-packages/airflow/example_dags/example_inlet_event_extra.py for tasks to queue
[2025-01-28T11:04:42.538+0000] {logging_mixin.py:190} INFO - [2025-01-28T11:04:42.537+0000] {dagbag.py:588} INFO - Filling up the DagBag from /mnt/c/Users/Admin/Desktop/ud_data/Dataslush_umang/airflow/airflow_venv/lib/python3.12/site-packages/airflow/example_dags/example_inlet_event_extra.py
[2025-01-28T11:04:42.729+0000] {processor.py:925} INFO - DAG(s) 'read_dataset_event', 'read_dataset_event_from_classic' retrieved from /mnt/c/Users/Admin/Desktop/ud_data/Dataslush_umang/airflow/airflow_venv/lib/python3.12/site-packages/airflow/example_dags/example_inlet_event_extra.py
[2025-01-28T11:04:42.757+0000] {logging_mixin.py:190} INFO - [2025-01-28T11:04:42.755+0000] {dag.py:3239} INFO - Sync 2 DAGs
[2025-01-28T11:04:42.784+0000] {logging_mixin.py:190} INFO - [2025-01-28T11:04:42.783+0000] {dag.py:4180} INFO - Setting next_dagrun for read_dataset_event to 2025-01-27 00:00:00+00:00, run_after=2025-01-28 00:00:00+00:00
[2025-01-28T11:04:42.791+0000] {logging_mixin.py:190} INFO - [2025-01-28T11:04:42.790+0000] {dag.py:4180} INFO - Setting next_dagrun for read_dataset_event_from_classic to 2025-01-27 00:00:00+00:00, run_after=2025-01-28 00:00:00+00:00
[2025-01-28T11:04:42.829+0000] {processor.py:208} INFO - Processing /mnt/c/Users/Admin/Desktop/ud_data/Dataslush_umang/airflow/airflow_venv/lib/python3.12/site-packages/airflow/example_dags/example_inlet_event_extra.py took 0.325 seconds
[2025-01-28T11:06:48.196+0000] {processor.py:186} INFO - Started process (PID=20050) to work on /mnt/c/Users/Admin/Desktop/ud_data/Dataslush_umang/airflow/airflow_venv/lib/python3.12/site-packages/airflow/example_dags/example_inlet_event_extra.py
[2025-01-28T11:06:48.209+0000] {processor.py:914} INFO - Processing file /mnt/c/Users/Admin/Desktop/ud_data/Dataslush_umang/airflow/airflow_venv/lib/python3.12/site-packages/airflow/example_dags/example_inlet_event_extra.py for tasks to queue
[2025-01-28T11:06:48.216+0000] {logging_mixin.py:190} INFO - [2025-01-28T11:06:48.214+0000] {dagbag.py:588} INFO - Filling up the DagBag from /mnt/c/Users/Admin/Desktop/ud_data/Dataslush_umang/airflow/airflow_venv/lib/python3.12/site-packages/airflow/example_dags/example_inlet_event_extra.py
[2025-01-28T11:06:48.447+0000] {processor.py:925} INFO - DAG(s) 'read_dataset_event', 'read_dataset_event_from_classic' retrieved from /mnt/c/Users/Admin/Desktop/ud_data/Dataslush_umang/airflow/airflow_venv/lib/python3.12/site-packages/airflow/example_dags/example_inlet_event_extra.py
[2025-01-28T11:06:48.480+0000] {logging_mixin.py:190} INFO - [2025-01-28T11:06:48.479+0000] {dag.py:3239} INFO - Sync 2 DAGs
[2025-01-28T11:06:48.518+0000] {logging_mixin.py:190} INFO - [2025-01-28T11:06:48.505+0000] {dag.py:4180} INFO - Setting next_dagrun for read_dataset_event to 2025-01-27 00:00:00+00:00, run_after=2025-01-28 00:00:00+00:00
[2025-01-28T11:06:48.527+0000] {logging_mixin.py:190} INFO - [2025-01-28T11:06:48.525+0000] {dag.py:4180} INFO - Setting next_dagrun for read_dataset_event_from_classic to 2025-01-27 00:00:00+00:00, run_after=2025-01-28 00:00:00+00:00
[2025-01-28T11:06:48.571+0000] {processor.py:208} INFO - Processing /mnt/c/Users/Admin/Desktop/ud_data/Dataslush_umang/airflow/airflow_venv/lib/python3.12/site-packages/airflow/example_dags/example_inlet_event_extra.py took 0.400 seconds
[2025-01-28T11:08:19.544+0000] {processor.py:186} INFO - Started process (PID=20201) to work on /mnt/c/Users/Admin/Desktop/ud_data/Dataslush_umang/airflow/airflow_venv/lib/python3.12/site-packages/airflow/example_dags/example_inlet_event_extra.py
[2025-01-28T11:08:20.047+0000] {processor.py:914} INFO - Processing file /mnt/c/Users/Admin/Desktop/ud_data/Dataslush_umang/airflow/airflow_venv/lib/python3.12/site-packages/airflow/example_dags/example_inlet_event_extra.py for tasks to queue
[2025-01-28T11:08:20.054+0000] {logging_mixin.py:190} INFO - [2025-01-28T11:08:20.052+0000] {dagbag.py:588} INFO - Filling up the DagBag from /mnt/c/Users/Admin/Desktop/ud_data/Dataslush_umang/airflow/airflow_venv/lib/python3.12/site-packages/airflow/example_dags/example_inlet_event_extra.py
[2025-01-28T11:08:20.283+0000] {processor.py:925} INFO - DAG(s) 'read_dataset_event', 'read_dataset_event_from_classic' retrieved from /mnt/c/Users/Admin/Desktop/ud_data/Dataslush_umang/airflow/airflow_venv/lib/python3.12/site-packages/airflow/example_dags/example_inlet_event_extra.py
[2025-01-28T11:08:20.311+0000] {logging_mixin.py:190} INFO - [2025-01-28T11:08:20.309+0000] {dag.py:3239} INFO - Sync 2 DAGs
[2025-01-28T11:08:20.338+0000] {logging_mixin.py:190} INFO - [2025-01-28T11:08:20.336+0000] {dag.py:4180} INFO - Setting next_dagrun for read_dataset_event to 2025-01-27 00:00:00+00:00, run_after=2025-01-28 00:00:00+00:00
[2025-01-28T11:08:20.346+0000] {logging_mixin.py:190} INFO - [2025-01-28T11:08:20.344+0000] {dag.py:4180} INFO - Setting next_dagrun for read_dataset_event_from_classic to 2025-01-27 00:00:00+00:00, run_after=2025-01-28 00:00:00+00:00
[2025-01-28T11:08:20.746+0000] {processor.py:208} INFO - Processing /mnt/c/Users/Admin/Desktop/ud_data/Dataslush_umang/airflow/airflow_venv/lib/python3.12/site-packages/airflow/example_dags/example_inlet_event_extra.py took 1.232 seconds
[2025-01-28T11:10:44.359+0000] {processor.py:186} INFO - Started process (PID=20477) to work on /mnt/c/Users/Admin/Desktop/ud_data/Dataslush_umang/airflow/airflow_venv/lib/python3.12/site-packages/airflow/example_dags/example_inlet_event_extra.py
[2025-01-28T11:10:44.368+0000] {processor.py:914} INFO - Processing file /mnt/c/Users/Admin/Desktop/ud_data/Dataslush_umang/airflow/airflow_venv/lib/python3.12/site-packages/airflow/example_dags/example_inlet_event_extra.py for tasks to queue
[2025-01-28T11:10:44.374+0000] {logging_mixin.py:190} INFO - [2025-01-28T11:10:44.372+0000] {dagbag.py:588} INFO - Filling up the DagBag from /mnt/c/Users/Admin/Desktop/ud_data/Dataslush_umang/airflow/airflow_venv/lib/python3.12/site-packages/airflow/example_dags/example_inlet_event_extra.py
[2025-01-28T11:10:44.608+0000] {processor.py:925} INFO - DAG(s) 'read_dataset_event_from_classic', 'read_dataset_event' retrieved from /mnt/c/Users/Admin/Desktop/ud_data/Dataslush_umang/airflow/airflow_venv/lib/python3.12/site-packages/airflow/example_dags/example_inlet_event_extra.py
[2025-01-28T11:10:44.643+0000] {logging_mixin.py:190} INFO - [2025-01-28T11:10:44.641+0000] {dag.py:3239} INFO - Sync 2 DAGs
[2025-01-28T11:10:44.674+0000] {logging_mixin.py:190} INFO - [2025-01-28T11:10:44.672+0000] {dag.py:4180} INFO - Setting next_dagrun for read_dataset_event to 2025-01-27 00:00:00+00:00, run_after=2025-01-28 00:00:00+00:00
[2025-01-28T11:10:44.693+0000] {logging_mixin.py:190} INFO - [2025-01-28T11:10:44.690+0000] {dag.py:4180} INFO - Setting next_dagrun for read_dataset_event_from_classic to 2025-01-27 00:00:00+00:00, run_after=2025-01-28 00:00:00+00:00
[2025-01-28T11:10:45.254+0000] {processor.py:208} INFO - Processing /mnt/c/Users/Admin/Desktop/ud_data/Dataslush_umang/airflow/airflow_venv/lib/python3.12/site-packages/airflow/example_dags/example_inlet_event_extra.py took 0.925 seconds
[2025-01-28T11:12:21.360+0000] {processor.py:186} INFO - Started process (PID=20593) to work on /mnt/c/Users/Admin/Desktop/ud_data/Dataslush_umang/airflow/airflow_venv/lib/python3.12/site-packages/airflow/example_dags/example_inlet_event_extra.py
[2025-01-28T11:12:21.363+0000] {processor.py:914} INFO - Processing file /mnt/c/Users/Admin/Desktop/ud_data/Dataslush_umang/airflow/airflow_venv/lib/python3.12/site-packages/airflow/example_dags/example_inlet_event_extra.py for tasks to queue
[2025-01-28T11:12:21.371+0000] {logging_mixin.py:190} INFO - [2025-01-28T11:12:21.368+0000] {dagbag.py:588} INFO - Filling up the DagBag from /mnt/c/Users/Admin/Desktop/ud_data/Dataslush_umang/airflow/airflow_venv/lib/python3.12/site-packages/airflow/example_dags/example_inlet_event_extra.py
[2025-01-28T11:12:21.604+0000] {processor.py:925} INFO - DAG(s) 'read_dataset_event', 'read_dataset_event_from_classic' retrieved from /mnt/c/Users/Admin/Desktop/ud_data/Dataslush_umang/airflow/airflow_venv/lib/python3.12/site-packages/airflow/example_dags/example_inlet_event_extra.py
[2025-01-28T11:12:21.643+0000] {logging_mixin.py:190} INFO - [2025-01-28T11:12:21.641+0000] {dag.py:3239} INFO - Sync 2 DAGs
[2025-01-28T11:12:21.678+0000] {logging_mixin.py:190} INFO - [2025-01-28T11:12:21.677+0000] {dag.py:4180} INFO - Setting next_dagrun for read_dataset_event to 2025-01-27 00:00:00+00:00, run_after=2025-01-28 00:00:00+00:00
[2025-01-28T11:12:21.688+0000] {logging_mixin.py:190} INFO - [2025-01-28T11:12:21.687+0000] {dag.py:4180} INFO - Setting next_dagrun for read_dataset_event_from_classic to 2025-01-27 00:00:00+00:00, run_after=2025-01-28 00:00:00+00:00
[2025-01-28T11:12:21.733+0000] {processor.py:208} INFO - Processing /mnt/c/Users/Admin/Desktop/ud_data/Dataslush_umang/airflow/airflow_venv/lib/python3.12/site-packages/airflow/example_dags/example_inlet_event_extra.py took 0.407 seconds
[2025-01-28T11:13:59.790+0000] {processor.py:186} INFO - Started process (PID=20706) to work on /mnt/c/Users/Admin/Desktop/ud_data/Dataslush_umang/airflow/airflow_venv/lib/python3.12/site-packages/airflow/example_dags/example_inlet_event_extra.py
[2025-01-28T11:13:59.825+0000] {processor.py:914} INFO - Processing file /mnt/c/Users/Admin/Desktop/ud_data/Dataslush_umang/airflow/airflow_venv/lib/python3.12/site-packages/airflow/example_dags/example_inlet_event_extra.py for tasks to queue
[2025-01-28T11:13:59.831+0000] {logging_mixin.py:190} INFO - [2025-01-28T11:13:59.829+0000] {dagbag.py:588} INFO - Filling up the DagBag from /mnt/c/Users/Admin/Desktop/ud_data/Dataslush_umang/airflow/airflow_venv/lib/python3.12/site-packages/airflow/example_dags/example_inlet_event_extra.py
[2025-01-28T11:14:00.073+0000] {processor.py:925} INFO - DAG(s) 'read_dataset_event_from_classic', 'read_dataset_event' retrieved from /mnt/c/Users/Admin/Desktop/ud_data/Dataslush_umang/airflow/airflow_venv/lib/python3.12/site-packages/airflow/example_dags/example_inlet_event_extra.py
[2025-01-28T11:14:00.107+0000] {logging_mixin.py:190} INFO - [2025-01-28T11:14:00.105+0000] {dag.py:3239} INFO - Sync 2 DAGs
[2025-01-28T11:14:00.144+0000] {logging_mixin.py:190} INFO - [2025-01-28T11:14:00.142+0000] {dag.py:4180} INFO - Setting next_dagrun for read_dataset_event to 2025-01-27 00:00:00+00:00, run_after=2025-01-28 00:00:00+00:00
[2025-01-28T11:14:00.155+0000] {logging_mixin.py:190} INFO - [2025-01-28T11:14:00.154+0000] {dag.py:4180} INFO - Setting next_dagrun for read_dataset_event_from_classic to 2025-01-27 00:00:00+00:00, run_after=2025-01-28 00:00:00+00:00
[2025-01-28T11:14:00.712+0000] {processor.py:208} INFO - Processing /mnt/c/Users/Admin/Desktop/ud_data/Dataslush_umang/airflow/airflow_venv/lib/python3.12/site-packages/airflow/example_dags/example_inlet_event_extra.py took 0.950 seconds
