[2025-01-28T10:14:21.076+0000] {processor.py:186} INFO - Started process (PID=14915) to work on /mnt/c/Users/Admin/Desktop/ud_data/Dataslush_umang/airflow/airflow_venv/lib/python3.12/site-packages/airflow/example_dags/example_branch_day_of_week_operator.py
[2025-01-28T10:14:21.079+0000] {processor.py:914} INFO - Processing file /mnt/c/Users/Admin/Desktop/ud_data/Dataslush_umang/airflow/airflow_venv/lib/python3.12/site-packages/airflow/example_dags/example_branch_day_of_week_operator.py for tasks to queue
[2025-01-28T10:14:21.086+0000] {logging_mixin.py:190} INFO - [2025-01-28T10:14:21.083+0000] {dagbag.py:588} INFO - Filling up the DagBag from /mnt/c/Users/Admin/Desktop/ud_data/Dataslush_umang/airflow/airflow_venv/lib/python3.12/site-packages/airflow/example_dags/example_branch_day_of_week_operator.py
[2025-01-28T10:14:21.236+0000] {processor.py:925} INFO - DAG(s) 'example_weekday_branch_operator' retrieved from /mnt/c/Users/Admin/Desktop/ud_data/Dataslush_umang/airflow/airflow_venv/lib/python3.12/site-packages/airflow/example_dags/example_branch_day_of_week_operator.py
[2025-01-28T10:14:22.951+0000] {logging_mixin.py:190} INFO - [2025-01-28T10:14:22.949+0000] {override.py:1912} INFO - Created Permission View: can edit on DAG:example_weekday_branch_operator
[2025-01-28T10:14:22.982+0000] {logging_mixin.py:190} INFO - [2025-01-28T10:14:22.979+0000] {override.py:1912} INFO - Created Permission View: can read on DAG:example_weekday_branch_operator
[2025-01-28T10:14:23.010+0000] {logging_mixin.py:190} INFO - [2025-01-28T10:14:23.007+0000] {override.py:1912} INFO - Created Permission View: can delete on DAG:example_weekday_branch_operator
[2025-01-28T10:14:23.054+0000] {logging_mixin.py:190} INFO - [2025-01-28T10:14:23.051+0000] {override.py:1912} INFO - Created Permission View: can create on DAG Run:example_weekday_branch_operator
[2025-01-28T10:14:53.168+0000] {logging_mixin.py:190} INFO - [2025-01-28T10:14:53.164+0000] {override.py:1912} INFO - Created Permission View: menu access on DAG Run:example_weekday_branch_operator
[2025-01-28T10:14:53.406+0000] {logging_mixin.py:190} INFO - [2025-01-28T10:14:53.402+0000] {override.py:1912} INFO - Created Permission View: can read on DAG Run:example_weekday_branch_operator
[2025-01-28T10:14:53.448+0000] {logging_mixin.py:190} INFO - [2025-01-28T10:14:53.443+0000] {override.py:1912} INFO - Created Permission View: can delete on DAG Run:example_weekday_branch_operator
[2025-01-28T10:14:53.455+0000] {logging_mixin.py:190} INFO - [2025-01-28T10:14:53.452+0000] {dag.py:3239} INFO - Sync 1 DAGs
[2025-01-28T10:14:53.484+0000] {logging_mixin.py:190} INFO - [2025-01-28T10:14:53.481+0000] {dag.py:3262} INFO - Creating ORM DAG for example_weekday_branch_operator
[2025-01-28T10:14:23.427+0000] {logging_mixin.py:190} INFO - [2025-01-28T10:14:23.424+0000] {dag.py:4180} INFO - Setting next_dagrun for example_weekday_branch_operator to 2025-01-27 00:00:00+00:00, run_after=2025-01-28 00:00:00+00:00
[2025-01-28T10:14:24.861+0000] {processor.py:208} INFO - Processing /mnt/c/Users/Admin/Desktop/ud_data/Dataslush_umang/airflow/airflow_venv/lib/python3.12/site-packages/airflow/example_dags/example_branch_day_of_week_operator.py took 3.800 seconds
[2025-01-28T10:16:26.827+0000] {processor.py:186} INFO - Started process (PID=15095) to work on /mnt/c/Users/Admin/Desktop/ud_data/Dataslush_umang/airflow/airflow_venv/lib/python3.12/site-packages/airflow/example_dags/example_branch_day_of_week_operator.py
[2025-01-28T10:16:26.829+0000] {processor.py:914} INFO - Processing file /mnt/c/Users/Admin/Desktop/ud_data/Dataslush_umang/airflow/airflow_venv/lib/python3.12/site-packages/airflow/example_dags/example_branch_day_of_week_operator.py for tasks to queue
[2025-01-28T10:16:26.833+0000] {logging_mixin.py:190} INFO - [2025-01-28T10:16:26.832+0000] {dagbag.py:588} INFO - Filling up the DagBag from /mnt/c/Users/Admin/Desktop/ud_data/Dataslush_umang/airflow/airflow_venv/lib/python3.12/site-packages/airflow/example_dags/example_branch_day_of_week_operator.py
[2025-01-28T10:16:26.933+0000] {processor.py:925} INFO - DAG(s) 'example_weekday_branch_operator' retrieved from /mnt/c/Users/Admin/Desktop/ud_data/Dataslush_umang/airflow/airflow_venv/lib/python3.12/site-packages/airflow/example_dags/example_branch_day_of_week_operator.py
[2025-01-28T10:16:26.959+0000] {logging_mixin.py:190} INFO - [2025-01-28T10:16:26.957+0000] {dag.py:3239} INFO - Sync 1 DAGs
[2025-01-28T10:16:26.982+0000] {logging_mixin.py:190} INFO - [2025-01-28T10:16:26.980+0000] {dag.py:4180} INFO - Setting next_dagrun for example_weekday_branch_operator to 2025-01-27 00:00:00+00:00, run_after=2025-01-28 00:00:00+00:00
[2025-01-28T10:16:27.025+0000] {processor.py:208} INFO - Processing /mnt/c/Users/Admin/Desktop/ud_data/Dataslush_umang/airflow/airflow_venv/lib/python3.12/site-packages/airflow/example_dags/example_branch_day_of_week_operator.py took 0.217 seconds
[2025-01-28T10:18:37.832+0000] {processor.py:186} INFO - Started process (PID=15350) to work on /mnt/c/Users/Admin/Desktop/ud_data/Dataslush_umang/airflow/airflow_venv/lib/python3.12/site-packages/airflow/example_dags/example_branch_day_of_week_operator.py
[2025-01-28T10:18:37.983+0000] {processor.py:914} INFO - Processing file /mnt/c/Users/Admin/Desktop/ud_data/Dataslush_umang/airflow/airflow_venv/lib/python3.12/site-packages/airflow/example_dags/example_branch_day_of_week_operator.py for tasks to queue
[2025-01-28T10:18:37.997+0000] {logging_mixin.py:190} INFO - [2025-01-28T10:18:37.992+0000] {dagbag.py:588} INFO - Filling up the DagBag from /mnt/c/Users/Admin/Desktop/ud_data/Dataslush_umang/airflow/airflow_venv/lib/python3.12/site-packages/airflow/example_dags/example_branch_day_of_week_operator.py
[2025-01-28T10:18:38.396+0000] {processor.py:925} INFO - DAG(s) 'example_weekday_branch_operator' retrieved from /mnt/c/Users/Admin/Desktop/ud_data/Dataslush_umang/airflow/airflow_venv/lib/python3.12/site-packages/airflow/example_dags/example_branch_day_of_week_operator.py
[2025-01-28T10:18:38.461+0000] {logging_mixin.py:190} INFO - [2025-01-28T10:18:38.458+0000] {dag.py:3239} INFO - Sync 1 DAGs
[2025-01-28T10:18:38.505+0000] {logging_mixin.py:190} INFO - [2025-01-28T10:18:38.502+0000] {dag.py:4180} INFO - Setting next_dagrun for example_weekday_branch_operator to 2025-01-27 00:00:00+00:00, run_after=2025-01-28 00:00:00+00:00
[2025-01-28T10:18:39.811+0000] {processor.py:208} INFO - Processing /mnt/c/Users/Admin/Desktop/ud_data/Dataslush_umang/airflow/airflow_venv/lib/python3.12/site-packages/airflow/example_dags/example_branch_day_of_week_operator.py took 2.024 seconds
[2025-01-28T10:21:54.211+0000] {processor.py:186} INFO - Started process (PID=15584) to work on /mnt/c/Users/Admin/Desktop/ud_data/Dataslush_umang/airflow/airflow_venv/lib/python3.12/site-packages/airflow/example_dags/example_branch_day_of_week_operator.py
[2025-01-28T10:21:54.225+0000] {processor.py:914} INFO - Processing file /mnt/c/Users/Admin/Desktop/ud_data/Dataslush_umang/airflow/airflow_venv/lib/python3.12/site-packages/airflow/example_dags/example_branch_day_of_week_operator.py for tasks to queue
[2025-01-28T10:21:54.232+0000] {logging_mixin.py:190} INFO - [2025-01-28T10:21:54.229+0000] {dagbag.py:588} INFO - Filling up the DagBag from /mnt/c/Users/Admin/Desktop/ud_data/Dataslush_umang/airflow/airflow_venv/lib/python3.12/site-packages/airflow/example_dags/example_branch_day_of_week_operator.py
[2025-01-28T10:21:24.285+0000] {processor.py:925} INFO - DAG(s) 'example_weekday_branch_operator' retrieved from /mnt/c/Users/Admin/Desktop/ud_data/Dataslush_umang/airflow/airflow_venv/lib/python3.12/site-packages/airflow/example_dags/example_branch_day_of_week_operator.py
[2025-01-28T10:21:24.312+0000] {logging_mixin.py:190} INFO - [2025-01-28T10:21:24.311+0000] {dag.py:3239} INFO - Sync 1 DAGs
[2025-01-28T10:21:24.363+0000] {logging_mixin.py:190} INFO - [2025-01-28T10:21:24.362+0000] {dag.py:4180} INFO - Setting next_dagrun for example_weekday_branch_operator to 2025-01-27 00:00:00+00:00, run_after=2025-01-28 00:00:00+00:00
[2025-01-28T10:21:25.205+0000] {processor.py:208} INFO - Processing /mnt/c/Users/Admin/Desktop/ud_data/Dataslush_umang/airflow/airflow_venv/lib/python3.12/site-packages/airflow/example_dags/example_branch_day_of_week_operator.py took 1.104 seconds
[2025-01-28T10:23:08.462+0000] {processor.py:186} INFO - Started process (PID=15755) to work on /mnt/c/Users/Admin/Desktop/ud_data/Dataslush_umang/airflow/airflow_venv/lib/python3.12/site-packages/airflow/example_dags/example_branch_day_of_week_operator.py
[2025-01-28T10:23:08.565+0000] {processor.py:914} INFO - Processing file /mnt/c/Users/Admin/Desktop/ud_data/Dataslush_umang/airflow/airflow_venv/lib/python3.12/site-packages/airflow/example_dags/example_branch_day_of_week_operator.py for tasks to queue
[2025-01-28T10:23:08.572+0000] {logging_mixin.py:190} INFO - [2025-01-28T10:23:08.570+0000] {dagbag.py:588} INFO - Filling up the DagBag from /mnt/c/Users/Admin/Desktop/ud_data/Dataslush_umang/airflow/airflow_venv/lib/python3.12/site-packages/airflow/example_dags/example_branch_day_of_week_operator.py
[2025-01-28T10:23:08.902+0000] {processor.py:925} INFO - DAG(s) 'example_weekday_branch_operator' retrieved from /mnt/c/Users/Admin/Desktop/ud_data/Dataslush_umang/airflow/airflow_venv/lib/python3.12/site-packages/airflow/example_dags/example_branch_day_of_week_operator.py
[2025-01-28T10:23:08.958+0000] {logging_mixin.py:190} INFO - [2025-01-28T10:23:08.955+0000] {dag.py:3239} INFO - Sync 1 DAGs
[2025-01-28T10:23:39.175+0000] {logging_mixin.py:190} INFO - [2025-01-28T10:23:39.173+0000] {dag.py:4180} INFO - Setting next_dagrun for example_weekday_branch_operator to 2025-01-27 00:00:00+00:00, run_after=2025-01-28 00:00:00+00:00
[2025-01-28T10:23:39.425+0000] {processor.py:208} INFO - Processing /mnt/c/Users/Admin/Desktop/ud_data/Dataslush_umang/airflow/airflow_venv/lib/python3.12/site-packages/airflow/example_dags/example_branch_day_of_week_operator.py took 0.910 seconds
[2025-01-28T10:24:50.464+0000] {processor.py:186} INFO - Started process (PID=15952) to work on /mnt/c/Users/Admin/Desktop/ud_data/Dataslush_umang/airflow/airflow_venv/lib/python3.12/site-packages/airflow/example_dags/example_branch_day_of_week_operator.py
[2025-01-28T10:24:50.563+0000] {processor.py:914} INFO - Processing file /mnt/c/Users/Admin/Desktop/ud_data/Dataslush_umang/airflow/airflow_venv/lib/python3.12/site-packages/airflow/example_dags/example_branch_day_of_week_operator.py for tasks to queue
[2025-01-28T10:24:50.579+0000] {logging_mixin.py:190} INFO - [2025-01-28T10:24:50.574+0000] {dagbag.py:588} INFO - Filling up the DagBag from /mnt/c/Users/Admin/Desktop/ud_data/Dataslush_umang/airflow/airflow_venv/lib/python3.12/site-packages/airflow/example_dags/example_branch_day_of_week_operator.py
[2025-01-28T10:24:50.980+0000] {processor.py:925} INFO - DAG(s) 'example_weekday_branch_operator' retrieved from /mnt/c/Users/Admin/Desktop/ud_data/Dataslush_umang/airflow/airflow_venv/lib/python3.12/site-packages/airflow/example_dags/example_branch_day_of_week_operator.py
[2025-01-28T10:24:51.007+0000] {logging_mixin.py:190} INFO - [2025-01-28T10:24:51.006+0000] {dag.py:3239} INFO - Sync 1 DAGs
[2025-01-28T10:24:51.042+0000] {logging_mixin.py:190} INFO - [2025-01-28T10:24:51.040+0000] {dag.py:4180} INFO - Setting next_dagrun for example_weekday_branch_operator to 2025-01-27 00:00:00+00:00, run_after=2025-01-28 00:00:00+00:00
[2025-01-28T10:24:51.378+0000] {processor.py:208} INFO - Processing /mnt/c/Users/Admin/Desktop/ud_data/Dataslush_umang/airflow/airflow_venv/lib/python3.12/site-packages/airflow/example_dags/example_branch_day_of_week_operator.py took 0.976 seconds
[2025-01-28T10:27:28.128+0000] {processor.py:186} INFO - Started process (PID=16252) to work on /mnt/c/Users/Admin/Desktop/ud_data/Dataslush_umang/airflow/airflow_venv/lib/python3.12/site-packages/airflow/example_dags/example_branch_day_of_week_operator.py
[2025-01-28T10:27:28.135+0000] {processor.py:914} INFO - Processing file /mnt/c/Users/Admin/Desktop/ud_data/Dataslush_umang/airflow/airflow_venv/lib/python3.12/site-packages/airflow/example_dags/example_branch_day_of_week_operator.py for tasks to queue
[2025-01-28T10:27:28.145+0000] {logging_mixin.py:190} INFO - [2025-01-28T10:27:28.142+0000] {dagbag.py:588} INFO - Filling up the DagBag from /mnt/c/Users/Admin/Desktop/ud_data/Dataslush_umang/airflow/airflow_venv/lib/python3.12/site-packages/airflow/example_dags/example_branch_day_of_week_operator.py
[2025-01-28T10:27:28.306+0000] {processor.py:925} INFO - DAG(s) 'example_weekday_branch_operator' retrieved from /mnt/c/Users/Admin/Desktop/ud_data/Dataslush_umang/airflow/airflow_venv/lib/python3.12/site-packages/airflow/example_dags/example_branch_day_of_week_operator.py
[2025-01-28T10:27:28.339+0000] {logging_mixin.py:190} INFO - [2025-01-28T10:27:28.337+0000] {dag.py:3239} INFO - Sync 1 DAGs
[2025-01-28T10:27:28.371+0000] {logging_mixin.py:190} INFO - [2025-01-28T10:27:28.369+0000] {dag.py:4180} INFO - Setting next_dagrun for example_weekday_branch_operator to 2025-01-27 00:00:00+00:00, run_after=2025-01-28 00:00:00+00:00
[2025-01-28T10:27:28.411+0000] {processor.py:208} INFO - Processing /mnt/c/Users/Admin/Desktop/ud_data/Dataslush_umang/airflow/airflow_venv/lib/python3.12/site-packages/airflow/example_dags/example_branch_day_of_week_operator.py took 0.359 seconds
[2025-01-28T10:30:15.592+0000] {processor.py:186} INFO - Started process (PID=16425) to work on /mnt/c/Users/Admin/Desktop/ud_data/Dataslush_umang/airflow/airflow_venv/lib/python3.12/site-packages/airflow/example_dags/example_branch_day_of_week_operator.py
[2025-01-28T10:30:15.599+0000] {processor.py:914} INFO - Processing file /mnt/c/Users/Admin/Desktop/ud_data/Dataslush_umang/airflow/airflow_venv/lib/python3.12/site-packages/airflow/example_dags/example_branch_day_of_week_operator.py for tasks to queue
[2025-01-28T10:30:15.609+0000] {logging_mixin.py:190} INFO - [2025-01-28T10:30:15.606+0000] {dagbag.py:588} INFO - Filling up the DagBag from /mnt/c/Users/Admin/Desktop/ud_data/Dataslush_umang/airflow/airflow_venv/lib/python3.12/site-packages/airflow/example_dags/example_branch_day_of_week_operator.py
[2025-01-28T10:30:15.833+0000] {processor.py:925} INFO - DAG(s) 'example_weekday_branch_operator' retrieved from /mnt/c/Users/Admin/Desktop/ud_data/Dataslush_umang/airflow/airflow_venv/lib/python3.12/site-packages/airflow/example_dags/example_branch_day_of_week_operator.py
[2025-01-28T10:30:15.868+0000] {logging_mixin.py:190} INFO - [2025-01-28T10:30:15.866+0000] {dag.py:3239} INFO - Sync 1 DAGs
[2025-01-28T10:30:15.899+0000] {logging_mixin.py:190} INFO - [2025-01-28T10:30:15.896+0000] {dag.py:4180} INFO - Setting next_dagrun for example_weekday_branch_operator to 2025-01-27 00:00:00+00:00, run_after=2025-01-28 00:00:00+00:00
[2025-01-28T10:30:15.950+0000] {processor.py:208} INFO - Processing /mnt/c/Users/Admin/Desktop/ud_data/Dataslush_umang/airflow/airflow_venv/lib/python3.12/site-packages/airflow/example_dags/example_branch_day_of_week_operator.py took 0.413 seconds
[2025-01-28T10:32:30.313+0000] {processor.py:186} INFO - Started process (PID=16645) to work on /mnt/c/Users/Admin/Desktop/ud_data/Dataslush_umang/airflow/airflow_venv/lib/python3.12/site-packages/airflow/example_dags/example_branch_day_of_week_operator.py
[2025-01-28T10:32:30.401+0000] {processor.py:914} INFO - Processing file /mnt/c/Users/Admin/Desktop/ud_data/Dataslush_umang/airflow/airflow_venv/lib/python3.12/site-packages/airflow/example_dags/example_branch_day_of_week_operator.py for tasks to queue
[2025-01-28T10:32:30.428+0000] {logging_mixin.py:190} INFO - [2025-01-28T10:32:30.427+0000] {dagbag.py:588} INFO - Filling up the DagBag from /mnt/c/Users/Admin/Desktop/ud_data/Dataslush_umang/airflow/airflow_venv/lib/python3.12/site-packages/airflow/example_dags/example_branch_day_of_week_operator.py
[2025-01-28T10:32:30.511+0000] {processor.py:925} INFO - DAG(s) 'example_weekday_branch_operator' retrieved from /mnt/c/Users/Admin/Desktop/ud_data/Dataslush_umang/airflow/airflow_venv/lib/python3.12/site-packages/airflow/example_dags/example_branch_day_of_week_operator.py
[2025-01-28T10:32:30.542+0000] {logging_mixin.py:190} INFO - [2025-01-28T10:32:30.538+0000] {dag.py:3239} INFO - Sync 1 DAGs
[2025-01-28T10:32:30.648+0000] {logging_mixin.py:190} INFO - [2025-01-28T10:32:30.645+0000] {dag.py:4180} INFO - Setting next_dagrun for example_weekday_branch_operator to 2025-01-27 00:00:00+00:00, run_after=2025-01-28 00:00:00+00:00
[2025-01-28T10:33:02.524+0000] {processor.py:208} INFO - Processing /mnt/c/Users/Admin/Desktop/ud_data/Dataslush_umang/airflow/airflow_venv/lib/python3.12/site-packages/airflow/example_dags/example_branch_day_of_week_operator.py took 2.146 seconds
[2025-01-28T10:35:04.957+0000] {processor.py:186} INFO - Started process (PID=16888) to work on /mnt/c/Users/Admin/Desktop/ud_data/Dataslush_umang/airflow/airflow_venv/lib/python3.12/site-packages/airflow/example_dags/example_branch_day_of_week_operator.py
[2025-01-28T10:35:04.964+0000] {processor.py:914} INFO - Processing file /mnt/c/Users/Admin/Desktop/ud_data/Dataslush_umang/airflow/airflow_venv/lib/python3.12/site-packages/airflow/example_dags/example_branch_day_of_week_operator.py for tasks to queue
[2025-01-28T10:35:04.979+0000] {logging_mixin.py:190} INFO - [2025-01-28T10:35:04.974+0000] {dagbag.py:588} INFO - Filling up the DagBag from /mnt/c/Users/Admin/Desktop/ud_data/Dataslush_umang/airflow/airflow_venv/lib/python3.12/site-packages/airflow/example_dags/example_branch_day_of_week_operator.py
[2025-01-28T10:35:35.413+0000] {processor.py:925} INFO - DAG(s) 'example_weekday_branch_operator' retrieved from /mnt/c/Users/Admin/Desktop/ud_data/Dataslush_umang/airflow/airflow_venv/lib/python3.12/site-packages/airflow/example_dags/example_branch_day_of_week_operator.py
[2025-01-28T10:35:35.500+0000] {logging_mixin.py:190} INFO - [2025-01-28T10:35:35.495+0000] {dag.py:3239} INFO - Sync 1 DAGs
[2025-01-28T10:35:05.494+0000] {logging_mixin.py:190} INFO - [2025-01-28T10:35:05.490+0000] {dag.py:4180} INFO - Setting next_dagrun for example_weekday_branch_operator to 2025-01-27 00:00:00+00:00, run_after=2025-01-28 00:00:00+00:00
[2025-01-28T10:35:05.665+0000] {processor.py:208} INFO - Processing /mnt/c/Users/Admin/Desktop/ud_data/Dataslush_umang/airflow/airflow_venv/lib/python3.12/site-packages/airflow/example_dags/example_branch_day_of_week_operator.py took 0.776 seconds
[2025-01-28T10:37:55.202+0000] {processor.py:186} INFO - Started process (PID=17104) to work on /mnt/c/Users/Admin/Desktop/ud_data/Dataslush_umang/airflow/airflow_venv/lib/python3.12/site-packages/airflow/example_dags/example_branch_day_of_week_operator.py
[2025-01-28T10:37:55.289+0000] {processor.py:914} INFO - Processing file /mnt/c/Users/Admin/Desktop/ud_data/Dataslush_umang/airflow/airflow_venv/lib/python3.12/site-packages/airflow/example_dags/example_branch_day_of_week_operator.py for tasks to queue
[2025-01-28T10:37:55.307+0000] {logging_mixin.py:190} INFO - [2025-01-28T10:37:55.302+0000] {dagbag.py:588} INFO - Filling up the DagBag from /mnt/c/Users/Admin/Desktop/ud_data/Dataslush_umang/airflow/airflow_venv/lib/python3.12/site-packages/airflow/example_dags/example_branch_day_of_week_operator.py
[2025-01-28T10:38:25.780+0000] {processor.py:925} INFO - DAG(s) 'example_weekday_branch_operator' retrieved from /mnt/c/Users/Admin/Desktop/ud_data/Dataslush_umang/airflow/airflow_venv/lib/python3.12/site-packages/airflow/example_dags/example_branch_day_of_week_operator.py
[2025-01-28T10:38:25.834+0000] {logging_mixin.py:190} INFO - [2025-01-28T10:38:25.832+0000] {dag.py:3239} INFO - Sync 1 DAGs
[2025-01-28T10:38:25.861+0000] {logging_mixin.py:190} INFO - [2025-01-28T10:38:25.859+0000] {dag.py:4180} INFO - Setting next_dagrun for example_weekday_branch_operator to 2025-01-27 00:00:00+00:00, run_after=2025-01-28 00:00:00+00:00
[2025-01-28T10:37:56.022+0000] {processor.py:208} INFO - Processing /mnt/c/Users/Admin/Desktop/ud_data/Dataslush_umang/airflow/airflow_venv/lib/python3.12/site-packages/airflow/example_dags/example_branch_day_of_week_operator.py took 0.911 seconds
[2025-01-28T10:39:48.380+0000] {processor.py:186} INFO - Started process (PID=17302) to work on /mnt/c/Users/Admin/Desktop/ud_data/Dataslush_umang/airflow/airflow_venv/lib/python3.12/site-packages/airflow/example_dags/example_branch_day_of_week_operator.py
[2025-01-28T10:39:48.384+0000] {processor.py:914} INFO - Processing file /mnt/c/Users/Admin/Desktop/ud_data/Dataslush_umang/airflow/airflow_venv/lib/python3.12/site-packages/airflow/example_dags/example_branch_day_of_week_operator.py for tasks to queue
[2025-01-28T10:39:48.390+0000] {logging_mixin.py:190} INFO - [2025-01-28T10:39:48.388+0000] {dagbag.py:588} INFO - Filling up the DagBag from /mnt/c/Users/Admin/Desktop/ud_data/Dataslush_umang/airflow/airflow_venv/lib/python3.12/site-packages/airflow/example_dags/example_branch_day_of_week_operator.py
[2025-01-28T10:39:48.567+0000] {processor.py:925} INFO - DAG(s) 'example_weekday_branch_operator' retrieved from /mnt/c/Users/Admin/Desktop/ud_data/Dataslush_umang/airflow/airflow_venv/lib/python3.12/site-packages/airflow/example_dags/example_branch_day_of_week_operator.py
[2025-01-28T10:39:48.624+0000] {logging_mixin.py:190} INFO - [2025-01-28T10:39:48.621+0000] {dag.py:3239} INFO - Sync 1 DAGs
[2025-01-28T10:39:48.672+0000] {logging_mixin.py:190} INFO - [2025-01-28T10:39:48.670+0000] {dag.py:4180} INFO - Setting next_dagrun for example_weekday_branch_operator to 2025-01-27 00:00:00+00:00, run_after=2025-01-28 00:00:00+00:00
[2025-01-28T10:39:48.908+0000] {processor.py:208} INFO - Processing /mnt/c/Users/Admin/Desktop/ud_data/Dataslush_umang/airflow/airflow_venv/lib/python3.12/site-packages/airflow/example_dags/example_branch_day_of_week_operator.py took 0.562 seconds
[2025-01-28T10:41:34.132+0000] {processor.py:186} INFO - Started process (PID=17447) to work on /mnt/c/Users/Admin/Desktop/ud_data/Dataslush_umang/airflow/airflow_venv/lib/python3.12/site-packages/airflow/example_dags/example_branch_day_of_week_operator.py
[2025-01-28T10:41:34.134+0000] {processor.py:914} INFO - Processing file /mnt/c/Users/Admin/Desktop/ud_data/Dataslush_umang/airflow/airflow_venv/lib/python3.12/site-packages/airflow/example_dags/example_branch_day_of_week_operator.py for tasks to queue
[2025-01-28T10:41:34.139+0000] {logging_mixin.py:190} INFO - [2025-01-28T10:41:34.138+0000] {dagbag.py:588} INFO - Filling up the DagBag from /mnt/c/Users/Admin/Desktop/ud_data/Dataslush_umang/airflow/airflow_venv/lib/python3.12/site-packages/airflow/example_dags/example_branch_day_of_week_operator.py
[2025-01-28T10:41:34.223+0000] {processor.py:925} INFO - DAG(s) 'example_weekday_branch_operator' retrieved from /mnt/c/Users/Admin/Desktop/ud_data/Dataslush_umang/airflow/airflow_venv/lib/python3.12/site-packages/airflow/example_dags/example_branch_day_of_week_operator.py
[2025-01-28T10:41:34.250+0000] {logging_mixin.py:190} INFO - [2025-01-28T10:41:34.249+0000] {dag.py:3239} INFO - Sync 1 DAGs
[2025-01-28T10:41:34.275+0000] {logging_mixin.py:190} INFO - [2025-01-28T10:41:34.273+0000] {dag.py:4180} INFO - Setting next_dagrun for example_weekday_branch_operator to 2025-01-27 00:00:00+00:00, run_after=2025-01-28 00:00:00+00:00
[2025-01-28T10:41:34.317+0000] {processor.py:208} INFO - Processing /mnt/c/Users/Admin/Desktop/ud_data/Dataslush_umang/airflow/airflow_venv/lib/python3.12/site-packages/airflow/example_dags/example_branch_day_of_week_operator.py took 0.203 seconds
[2025-01-28T10:43:46.821+0000] {processor.py:186} INFO - Started process (PID=17784) to work on /mnt/c/Users/Admin/Desktop/ud_data/Dataslush_umang/airflow/airflow_venv/lib/python3.12/site-packages/airflow/example_dags/example_branch_day_of_week_operator.py
[2025-01-28T10:43:46.895+0000] {processor.py:914} INFO - Processing file /mnt/c/Users/Admin/Desktop/ud_data/Dataslush_umang/airflow/airflow_venv/lib/python3.12/site-packages/airflow/example_dags/example_branch_day_of_week_operator.py for tasks to queue
[2025-01-28T10:43:46.906+0000] {logging_mixin.py:190} INFO - [2025-01-28T10:43:46.903+0000] {dagbag.py:588} INFO - Filling up the DagBag from /mnt/c/Users/Admin/Desktop/ud_data/Dataslush_umang/airflow/airflow_venv/lib/python3.12/site-packages/airflow/example_dags/example_branch_day_of_week_operator.py
[2025-01-28T10:43:47.062+0000] {processor.py:925} INFO - DAG(s) 'example_weekday_branch_operator' retrieved from /mnt/c/Users/Admin/Desktop/ud_data/Dataslush_umang/airflow/airflow_venv/lib/python3.12/site-packages/airflow/example_dags/example_branch_day_of_week_operator.py
[2025-01-28T10:43:47.122+0000] {logging_mixin.py:190} INFO - [2025-01-28T10:43:47.119+0000] {dag.py:3239} INFO - Sync 1 DAGs
[2025-01-28T10:43:47.200+0000] {logging_mixin.py:190} INFO - [2025-01-28T10:43:47.197+0000] {dag.py:4180} INFO - Setting next_dagrun for example_weekday_branch_operator to 2025-01-27 00:00:00+00:00, run_after=2025-01-28 00:00:00+00:00
[2025-01-28T10:43:58.196+0000] {processor.py:208} INFO - Processing /mnt/c/Users/Admin/Desktop/ud_data/Dataslush_umang/airflow/airflow_venv/lib/python3.12/site-packages/airflow/example_dags/example_branch_day_of_week_operator.py took 11.441 seconds
[2025-01-28T10:47:50.585+0000] {processor.py:186} INFO - Started process (PID=18037) to work on /mnt/c/Users/Admin/Desktop/ud_data/Dataslush_umang/airflow/airflow_venv/lib/python3.12/site-packages/airflow/example_dags/example_branch_day_of_week_operator.py
[2025-01-28T10:47:50.588+0000] {processor.py:914} INFO - Processing file /mnt/c/Users/Admin/Desktop/ud_data/Dataslush_umang/airflow/airflow_venv/lib/python3.12/site-packages/airflow/example_dags/example_branch_day_of_week_operator.py for tasks to queue
[2025-01-28T10:47:50.595+0000] {logging_mixin.py:190} INFO - [2025-01-28T10:47:50.593+0000] {dagbag.py:588} INFO - Filling up the DagBag from /mnt/c/Users/Admin/Desktop/ud_data/Dataslush_umang/airflow/airflow_venv/lib/python3.12/site-packages/airflow/example_dags/example_branch_day_of_week_operator.py
[2025-01-28T10:47:50.732+0000] {processor.py:925} INFO - DAG(s) 'example_weekday_branch_operator' retrieved from /mnt/c/Users/Admin/Desktop/ud_data/Dataslush_umang/airflow/airflow_venv/lib/python3.12/site-packages/airflow/example_dags/example_branch_day_of_week_operator.py
[2025-01-28T10:47:50.765+0000] {logging_mixin.py:190} INFO - [2025-01-28T10:47:50.763+0000] {dag.py:3239} INFO - Sync 1 DAGs
[2025-01-28T10:47:50.795+0000] {logging_mixin.py:190} INFO - [2025-01-28T10:47:50.794+0000] {dag.py:4180} INFO - Setting next_dagrun for example_weekday_branch_operator to 2025-01-27 00:00:00+00:00, run_after=2025-01-28 00:00:00+00:00
[2025-01-28T10:47:50.836+0000] {processor.py:208} INFO - Processing /mnt/c/Users/Admin/Desktop/ud_data/Dataslush_umang/airflow/airflow_venv/lib/python3.12/site-packages/airflow/example_dags/example_branch_day_of_week_operator.py took 0.277 seconds
[2025-01-28T10:49:15.809+0000] {processor.py:186} INFO - Started process (PID=18225) to work on /mnt/c/Users/Admin/Desktop/ud_data/Dataslush_umang/airflow/airflow_venv/lib/python3.12/site-packages/airflow/example_dags/example_branch_day_of_week_operator.py
[2025-01-28T10:49:15.812+0000] {processor.py:914} INFO - Processing file /mnt/c/Users/Admin/Desktop/ud_data/Dataslush_umang/airflow/airflow_venv/lib/python3.12/site-packages/airflow/example_dags/example_branch_day_of_week_operator.py for tasks to queue
[2025-01-28T10:49:15.820+0000] {logging_mixin.py:190} INFO - [2025-01-28T10:49:15.818+0000] {dagbag.py:588} INFO - Filling up the DagBag from /mnt/c/Users/Admin/Desktop/ud_data/Dataslush_umang/airflow/airflow_venv/lib/python3.12/site-packages/airflow/example_dags/example_branch_day_of_week_operator.py
[2025-01-28T10:49:15.957+0000] {processor.py:925} INFO - DAG(s) 'example_weekday_branch_operator' retrieved from /mnt/c/Users/Admin/Desktop/ud_data/Dataslush_umang/airflow/airflow_venv/lib/python3.12/site-packages/airflow/example_dags/example_branch_day_of_week_operator.py
[2025-01-28T10:49:15.989+0000] {logging_mixin.py:190} INFO - [2025-01-28T10:49:15.987+0000] {dag.py:3239} INFO - Sync 1 DAGs
[2025-01-28T10:49:16.020+0000] {logging_mixin.py:190} INFO - [2025-01-28T10:49:16.018+0000] {dag.py:4180} INFO - Setting next_dagrun for example_weekday_branch_operator to 2025-01-27 00:00:00+00:00, run_after=2025-01-28 00:00:00+00:00
[2025-01-28T10:49:16.074+0000] {processor.py:208} INFO - Processing /mnt/c/Users/Admin/Desktop/ud_data/Dataslush_umang/airflow/airflow_venv/lib/python3.12/site-packages/airflow/example_dags/example_branch_day_of_week_operator.py took 0.289 seconds
[2025-01-28T10:50:41.534+0000] {processor.py:186} INFO - Started process (PID=18365) to work on /mnt/c/Users/Admin/Desktop/ud_data/Dataslush_umang/airflow/airflow_venv/lib/python3.12/site-packages/airflow/example_dags/example_branch_day_of_week_operator.py
[2025-01-28T10:50:41.537+0000] {processor.py:914} INFO - Processing file /mnt/c/Users/Admin/Desktop/ud_data/Dataslush_umang/airflow/airflow_venv/lib/python3.12/site-packages/airflow/example_dags/example_branch_day_of_week_operator.py for tasks to queue
[2025-01-28T10:50:41.543+0000] {logging_mixin.py:190} INFO - [2025-01-28T10:50:41.541+0000] {dagbag.py:588} INFO - Filling up the DagBag from /mnt/c/Users/Admin/Desktop/ud_data/Dataslush_umang/airflow/airflow_venv/lib/python3.12/site-packages/airflow/example_dags/example_branch_day_of_week_operator.py
[2025-01-28T10:50:41.668+0000] {processor.py:925} INFO - DAG(s) 'example_weekday_branch_operator' retrieved from /mnt/c/Users/Admin/Desktop/ud_data/Dataslush_umang/airflow/airflow_venv/lib/python3.12/site-packages/airflow/example_dags/example_branch_day_of_week_operator.py
[2025-01-28T10:50:41.696+0000] {logging_mixin.py:190} INFO - [2025-01-28T10:50:41.695+0000] {dag.py:3239} INFO - Sync 1 DAGs
[2025-01-28T10:50:41.727+0000] {logging_mixin.py:190} INFO - [2025-01-28T10:50:41.725+0000] {dag.py:4180} INFO - Setting next_dagrun for example_weekday_branch_operator to 2025-01-27 00:00:00+00:00, run_after=2025-01-28 00:00:00+00:00
[2025-01-28T10:50:41.767+0000] {processor.py:208} INFO - Processing /mnt/c/Users/Admin/Desktop/ud_data/Dataslush_umang/airflow/airflow_venv/lib/python3.12/site-packages/airflow/example_dags/example_branch_day_of_week_operator.py took 0.264 seconds
[2025-01-28T10:52:21.227+0000] {processor.py:186} INFO - Started process (PID=18595) to work on /mnt/c/Users/Admin/Desktop/ud_data/Dataslush_umang/airflow/airflow_venv/lib/python3.12/site-packages/airflow/example_dags/example_branch_day_of_week_operator.py
[2025-01-28T10:52:21.230+0000] {processor.py:914} INFO - Processing file /mnt/c/Users/Admin/Desktop/ud_data/Dataslush_umang/airflow/airflow_venv/lib/python3.12/site-packages/airflow/example_dags/example_branch_day_of_week_operator.py for tasks to queue
[2025-01-28T10:52:21.236+0000] {logging_mixin.py:190} INFO - [2025-01-28T10:52:21.233+0000] {dagbag.py:588} INFO - Filling up the DagBag from /mnt/c/Users/Admin/Desktop/ud_data/Dataslush_umang/airflow/airflow_venv/lib/python3.12/site-packages/airflow/example_dags/example_branch_day_of_week_operator.py
[2025-01-28T10:52:21.365+0000] {processor.py:925} INFO - DAG(s) 'example_weekday_branch_operator' retrieved from /mnt/c/Users/Admin/Desktop/ud_data/Dataslush_umang/airflow/airflow_venv/lib/python3.12/site-packages/airflow/example_dags/example_branch_day_of_week_operator.py
[2025-01-28T10:52:21.396+0000] {logging_mixin.py:190} INFO - [2025-01-28T10:52:21.394+0000] {dag.py:3239} INFO - Sync 1 DAGs
[2025-01-28T10:52:21.431+0000] {logging_mixin.py:190} INFO - [2025-01-28T10:52:21.429+0000] {dag.py:4180} INFO - Setting next_dagrun for example_weekday_branch_operator to 2025-01-27 00:00:00+00:00, run_after=2025-01-28 00:00:00+00:00
[2025-01-28T10:52:21.477+0000] {processor.py:208} INFO - Processing /mnt/c/Users/Admin/Desktop/ud_data/Dataslush_umang/airflow/airflow_venv/lib/python3.12/site-packages/airflow/example_dags/example_branch_day_of_week_operator.py took 0.273 seconds
[2025-01-28T10:54:10.768+0000] {processor.py:186} INFO - Started process (PID=18759) to work on /mnt/c/Users/Admin/Desktop/ud_data/Dataslush_umang/airflow/airflow_venv/lib/python3.12/site-packages/airflow/example_dags/example_branch_day_of_week_operator.py
[2025-01-28T10:54:10.791+0000] {processor.py:914} INFO - Processing file /mnt/c/Users/Admin/Desktop/ud_data/Dataslush_umang/airflow/airflow_venv/lib/python3.12/site-packages/airflow/example_dags/example_branch_day_of_week_operator.py for tasks to queue
[2025-01-28T10:54:10.799+0000] {logging_mixin.py:190} INFO - [2025-01-28T10:54:10.797+0000] {dagbag.py:588} INFO - Filling up the DagBag from /mnt/c/Users/Admin/Desktop/ud_data/Dataslush_umang/airflow/airflow_venv/lib/python3.12/site-packages/airflow/example_dags/example_branch_day_of_week_operator.py
[2025-01-28T10:54:10.927+0000] {processor.py:925} INFO - DAG(s) 'example_weekday_branch_operator' retrieved from /mnt/c/Users/Admin/Desktop/ud_data/Dataslush_umang/airflow/airflow_venv/lib/python3.12/site-packages/airflow/example_dags/example_branch_day_of_week_operator.py
[2025-01-28T10:54:10.959+0000] {logging_mixin.py:190} INFO - [2025-01-28T10:54:10.958+0000] {dag.py:3239} INFO - Sync 1 DAGs
[2025-01-28T10:54:11.012+0000] {logging_mixin.py:190} INFO - [2025-01-28T10:54:11.010+0000] {dag.py:4180} INFO - Setting next_dagrun for example_weekday_branch_operator to 2025-01-27 00:00:00+00:00, run_after=2025-01-28 00:00:00+00:00
[2025-01-28T10:54:11.094+0000] {processor.py:208} INFO - Processing /mnt/c/Users/Admin/Desktop/ud_data/Dataslush_umang/airflow/airflow_venv/lib/python3.12/site-packages/airflow/example_dags/example_branch_day_of_week_operator.py took 0.349 seconds
[2025-01-28T10:55:50.513+0000] {processor.py:186} INFO - Started process (PID=18952) to work on /mnt/c/Users/Admin/Desktop/ud_data/Dataslush_umang/airflow/airflow_venv/lib/python3.12/site-packages/airflow/example_dags/example_branch_day_of_week_operator.py
[2025-01-28T10:55:50.598+0000] {processor.py:914} INFO - Processing file /mnt/c/Users/Admin/Desktop/ud_data/Dataslush_umang/airflow/airflow_venv/lib/python3.12/site-packages/airflow/example_dags/example_branch_day_of_week_operator.py for tasks to queue
[2025-01-28T10:55:50.605+0000] {logging_mixin.py:190} INFO - [2025-01-28T10:55:50.603+0000] {dagbag.py:588} INFO - Filling up the DagBag from /mnt/c/Users/Admin/Desktop/ud_data/Dataslush_umang/airflow/airflow_venv/lib/python3.12/site-packages/airflow/example_dags/example_branch_day_of_week_operator.py
[2025-01-28T10:55:50.732+0000] {processor.py:925} INFO - DAG(s) 'example_weekday_branch_operator' retrieved from /mnt/c/Users/Admin/Desktop/ud_data/Dataslush_umang/airflow/airflow_venv/lib/python3.12/site-packages/airflow/example_dags/example_branch_day_of_week_operator.py
[2025-01-28T10:55:50.761+0000] {logging_mixin.py:190} INFO - [2025-01-28T10:55:50.760+0000] {dag.py:3239} INFO - Sync 1 DAGs
[2025-01-28T10:55:50.788+0000] {logging_mixin.py:190} INFO - [2025-01-28T10:55:50.786+0000] {dag.py:4180} INFO - Setting next_dagrun for example_weekday_branch_operator to 2025-01-27 00:00:00+00:00, run_after=2025-01-28 00:00:00+00:00
[2025-01-28T10:55:50.884+0000] {processor.py:208} INFO - Processing /mnt/c/Users/Admin/Desktop/ud_data/Dataslush_umang/airflow/airflow_venv/lib/python3.12/site-packages/airflow/example_dags/example_branch_day_of_week_operator.py took 0.403 seconds
[2025-01-28T10:57:27.224+0000] {processor.py:186} INFO - Started process (PID=19152) to work on /mnt/c/Users/Admin/Desktop/ud_data/Dataslush_umang/airflow/airflow_venv/lib/python3.12/site-packages/airflow/example_dags/example_branch_day_of_week_operator.py
[2025-01-28T10:57:27.227+0000] {processor.py:914} INFO - Processing file /mnt/c/Users/Admin/Desktop/ud_data/Dataslush_umang/airflow/airflow_venv/lib/python3.12/site-packages/airflow/example_dags/example_branch_day_of_week_operator.py for tasks to queue
[2025-01-28T10:57:27.233+0000] {logging_mixin.py:190} INFO - [2025-01-28T10:57:27.231+0000] {dagbag.py:588} INFO - Filling up the DagBag from /mnt/c/Users/Admin/Desktop/ud_data/Dataslush_umang/airflow/airflow_venv/lib/python3.12/site-packages/airflow/example_dags/example_branch_day_of_week_operator.py
[2025-01-28T10:57:27.364+0000] {processor.py:925} INFO - DAG(s) 'example_weekday_branch_operator' retrieved from /mnt/c/Users/Admin/Desktop/ud_data/Dataslush_umang/airflow/airflow_venv/lib/python3.12/site-packages/airflow/example_dags/example_branch_day_of_week_operator.py
[2025-01-28T10:57:27.391+0000] {logging_mixin.py:190} INFO - [2025-01-28T10:57:27.389+0000] {dag.py:3239} INFO - Sync 1 DAGs
[2025-01-28T10:57:27.427+0000] {logging_mixin.py:190} INFO - [2025-01-28T10:57:27.426+0000] {dag.py:4180} INFO - Setting next_dagrun for example_weekday_branch_operator to 2025-01-27 00:00:00+00:00, run_after=2025-01-28 00:00:00+00:00
[2025-01-28T10:57:27.474+0000] {processor.py:208} INFO - Processing /mnt/c/Users/Admin/Desktop/ud_data/Dataslush_umang/airflow/airflow_venv/lib/python3.12/site-packages/airflow/example_dags/example_branch_day_of_week_operator.py took 0.277 seconds
[2025-01-28T10:58:52.509+0000] {processor.py:186} INFO - Started process (PID=19340) to work on /mnt/c/Users/Admin/Desktop/ud_data/Dataslush_umang/airflow/airflow_venv/lib/python3.12/site-packages/airflow/example_dags/example_branch_day_of_week_operator.py
[2025-01-28T10:58:52.514+0000] {processor.py:914} INFO - Processing file /mnt/c/Users/Admin/Desktop/ud_data/Dataslush_umang/airflow/airflow_venv/lib/python3.12/site-packages/airflow/example_dags/example_branch_day_of_week_operator.py for tasks to queue
[2025-01-28T10:58:52.521+0000] {logging_mixin.py:190} INFO - [2025-01-28T10:58:52.519+0000] {dagbag.py:588} INFO - Filling up the DagBag from /mnt/c/Users/Admin/Desktop/ud_data/Dataslush_umang/airflow/airflow_venv/lib/python3.12/site-packages/airflow/example_dags/example_branch_day_of_week_operator.py
[2025-01-28T10:58:52.636+0000] {processor.py:925} INFO - DAG(s) 'example_weekday_branch_operator' retrieved from /mnt/c/Users/Admin/Desktop/ud_data/Dataslush_umang/airflow/airflow_venv/lib/python3.12/site-packages/airflow/example_dags/example_branch_day_of_week_operator.py
[2025-01-28T10:58:52.664+0000] {logging_mixin.py:190} INFO - [2025-01-28T10:58:52.663+0000] {dag.py:3239} INFO - Sync 1 DAGs
[2025-01-28T10:58:52.695+0000] {logging_mixin.py:190} INFO - [2025-01-28T10:58:52.693+0000] {dag.py:4180} INFO - Setting next_dagrun for example_weekday_branch_operator to 2025-01-27 00:00:00+00:00, run_after=2025-01-28 00:00:00+00:00
[2025-01-28T10:58:52.734+0000] {processor.py:208} INFO - Processing /mnt/c/Users/Admin/Desktop/ud_data/Dataslush_umang/airflow/airflow_venv/lib/python3.12/site-packages/airflow/example_dags/example_branch_day_of_week_operator.py took 0.269 seconds
[2025-01-28T11:00:35.133+0000] {processor.py:186} INFO - Started process (PID=19521) to work on /mnt/c/Users/Admin/Desktop/ud_data/Dataslush_umang/airflow/airflow_venv/lib/python3.12/site-packages/airflow/example_dags/example_branch_day_of_week_operator.py
[2025-01-28T11:00:35.137+0000] {processor.py:914} INFO - Processing file /mnt/c/Users/Admin/Desktop/ud_data/Dataslush_umang/airflow/airflow_venv/lib/python3.12/site-packages/airflow/example_dags/example_branch_day_of_week_operator.py for tasks to queue
[2025-01-28T11:00:35.147+0000] {logging_mixin.py:190} INFO - [2025-01-28T11:00:35.145+0000] {dagbag.py:588} INFO - Filling up the DagBag from /mnt/c/Users/Admin/Desktop/ud_data/Dataslush_umang/airflow/airflow_venv/lib/python3.12/site-packages/airflow/example_dags/example_branch_day_of_week_operator.py
[2025-01-28T11:00:35.282+0000] {processor.py:925} INFO - DAG(s) 'example_weekday_branch_operator' retrieved from /mnt/c/Users/Admin/Desktop/ud_data/Dataslush_umang/airflow/airflow_venv/lib/python3.12/site-packages/airflow/example_dags/example_branch_day_of_week_operator.py
[2025-01-28T11:00:35.311+0000] {logging_mixin.py:190} INFO - [2025-01-28T11:00:35.310+0000] {dag.py:3239} INFO - Sync 1 DAGs
[2025-01-28T11:00:35.345+0000] {logging_mixin.py:190} INFO - [2025-01-28T11:00:35.343+0000] {dag.py:4180} INFO - Setting next_dagrun for example_weekday_branch_operator to 2025-01-27 00:00:00+00:00, run_after=2025-01-28 00:00:00+00:00
[2025-01-28T11:00:35.518+0000] {processor.py:208} INFO - Processing /mnt/c/Users/Admin/Desktop/ud_data/Dataslush_umang/airflow/airflow_venv/lib/python3.12/site-packages/airflow/example_dags/example_branch_day_of_week_operator.py took 0.411 seconds
[2025-01-28T11:03:11.292+0000] {processor.py:186} INFO - Started process (PID=19697) to work on /mnt/c/Users/Admin/Desktop/ud_data/Dataslush_umang/airflow/airflow_venv/lib/python3.12/site-packages/airflow/example_dags/example_branch_day_of_week_operator.py
[2025-01-28T11:03:11.307+0000] {processor.py:914} INFO - Processing file /mnt/c/Users/Admin/Desktop/ud_data/Dataslush_umang/airflow/airflow_venv/lib/python3.12/site-packages/airflow/example_dags/example_branch_day_of_week_operator.py for tasks to queue
[2025-01-28T11:03:11.314+0000] {logging_mixin.py:190} INFO - [2025-01-28T11:03:11.312+0000] {dagbag.py:588} INFO - Filling up the DagBag from /mnt/c/Users/Admin/Desktop/ud_data/Dataslush_umang/airflow/airflow_venv/lib/python3.12/site-packages/airflow/example_dags/example_branch_day_of_week_operator.py
[2025-01-28T11:03:11.475+0000] {processor.py:925} INFO - DAG(s) 'example_weekday_branch_operator' retrieved from /mnt/c/Users/Admin/Desktop/ud_data/Dataslush_umang/airflow/airflow_venv/lib/python3.12/site-packages/airflow/example_dags/example_branch_day_of_week_operator.py
[2025-01-28T11:03:11.510+0000] {logging_mixin.py:190} INFO - [2025-01-28T11:03:11.508+0000] {dag.py:3239} INFO - Sync 1 DAGs
[2025-01-28T11:03:11.546+0000] {logging_mixin.py:190} INFO - [2025-01-28T11:03:11.545+0000] {dag.py:4180} INFO - Setting next_dagrun for example_weekday_branch_operator to 2025-01-27 00:00:00+00:00, run_after=2025-01-28 00:00:00+00:00
[2025-01-28T11:03:11.593+0000] {processor.py:208} INFO - Processing /mnt/c/Users/Admin/Desktop/ud_data/Dataslush_umang/airflow/airflow_venv/lib/python3.12/site-packages/airflow/example_dags/example_branch_day_of_week_operator.py took 0.330 seconds
[2025-01-28T11:05:33.648+0000] {processor.py:186} INFO - Started process (PID=19947) to work on /mnt/c/Users/Admin/Desktop/ud_data/Dataslush_umang/airflow/airflow_venv/lib/python3.12/site-packages/airflow/example_dags/example_branch_day_of_week_operator.py
[2025-01-28T11:05:33.650+0000] {processor.py:914} INFO - Processing file /mnt/c/Users/Admin/Desktop/ud_data/Dataslush_umang/airflow/airflow_venv/lib/python3.12/site-packages/airflow/example_dags/example_branch_day_of_week_operator.py for tasks to queue
[2025-01-28T11:05:33.657+0000] {logging_mixin.py:190} INFO - [2025-01-28T11:05:33.654+0000] {dagbag.py:588} INFO - Filling up the DagBag from /mnt/c/Users/Admin/Desktop/ud_data/Dataslush_umang/airflow/airflow_venv/lib/python3.12/site-packages/airflow/example_dags/example_branch_day_of_week_operator.py
[2025-01-28T11:05:33.790+0000] {processor.py:925} INFO - DAG(s) 'example_weekday_branch_operator' retrieved from /mnt/c/Users/Admin/Desktop/ud_data/Dataslush_umang/airflow/airflow_venv/lib/python3.12/site-packages/airflow/example_dags/example_branch_day_of_week_operator.py
[2025-01-28T11:05:33.850+0000] {logging_mixin.py:190} INFO - [2025-01-28T11:05:33.841+0000] {dag.py:3239} INFO - Sync 1 DAGs
[2025-01-28T11:05:33.901+0000] {logging_mixin.py:190} INFO - [2025-01-28T11:05:33.900+0000] {dag.py:4180} INFO - Setting next_dagrun for example_weekday_branch_operator to 2025-01-27 00:00:00+00:00, run_after=2025-01-28 00:00:00+00:00
[2025-01-28T11:05:04.048+0000] {processor.py:208} INFO - Processing /mnt/c/Users/Admin/Desktop/ud_data/Dataslush_umang/airflow/airflow_venv/lib/python3.12/site-packages/airflow/example_dags/example_branch_day_of_week_operator.py took 0.502 seconds
[2025-01-28T11:07:09.231+0000] {processor.py:186} INFO - Started process (PID=20073) to work on /mnt/c/Users/Admin/Desktop/ud_data/Dataslush_umang/airflow/airflow_venv/lib/python3.12/site-packages/airflow/example_dags/example_branch_day_of_week_operator.py
[2025-01-28T11:07:09.289+0000] {processor.py:914} INFO - Processing file /mnt/c/Users/Admin/Desktop/ud_data/Dataslush_umang/airflow/airflow_venv/lib/python3.12/site-packages/airflow/example_dags/example_branch_day_of_week_operator.py for tasks to queue
[2025-01-28T11:07:09.298+0000] {logging_mixin.py:190} INFO - [2025-01-28T11:07:09.295+0000] {dagbag.py:588} INFO - Filling up the DagBag from /mnt/c/Users/Admin/Desktop/ud_data/Dataslush_umang/airflow/airflow_venv/lib/python3.12/site-packages/airflow/example_dags/example_branch_day_of_week_operator.py
[2025-01-28T11:07:09.458+0000] {processor.py:925} INFO - DAG(s) 'example_weekday_branch_operator' retrieved from /mnt/c/Users/Admin/Desktop/ud_data/Dataslush_umang/airflow/airflow_venv/lib/python3.12/site-packages/airflow/example_dags/example_branch_day_of_week_operator.py
[2025-01-28T11:07:09.493+0000] {logging_mixin.py:190} INFO - [2025-01-28T11:07:09.492+0000] {dag.py:3239} INFO - Sync 1 DAGs
[2025-01-28T11:07:09.532+0000] {logging_mixin.py:190} INFO - [2025-01-28T11:07:09.529+0000] {dag.py:4180} INFO - Setting next_dagrun for example_weekday_branch_operator to 2025-01-27 00:00:00+00:00, run_after=2025-01-28 00:00:00+00:00
[2025-01-28T11:07:10.210+0000] {processor.py:208} INFO - Processing /mnt/c/Users/Admin/Desktop/ud_data/Dataslush_umang/airflow/airflow_venv/lib/python3.12/site-packages/airflow/example_dags/example_branch_day_of_week_operator.py took 1.009 seconds
[2025-01-28T11:08:42.305+0000] {processor.py:186} INFO - Started process (PID=20239) to work on /mnt/c/Users/Admin/Desktop/ud_data/Dataslush_umang/airflow/airflow_venv/lib/python3.12/site-packages/airflow/example_dags/example_branch_day_of_week_operator.py
[2025-01-28T11:08:42.307+0000] {processor.py:914} INFO - Processing file /mnt/c/Users/Admin/Desktop/ud_data/Dataslush_umang/airflow/airflow_venv/lib/python3.12/site-packages/airflow/example_dags/example_branch_day_of_week_operator.py for tasks to queue
[2025-01-28T11:08:42.315+0000] {logging_mixin.py:190} INFO - [2025-01-28T11:08:42.312+0000] {dagbag.py:588} INFO - Filling up the DagBag from /mnt/c/Users/Admin/Desktop/ud_data/Dataslush_umang/airflow/airflow_venv/lib/python3.12/site-packages/airflow/example_dags/example_branch_day_of_week_operator.py
[2025-01-28T11:08:42.458+0000] {processor.py:925} INFO - DAG(s) 'example_weekday_branch_operator' retrieved from /mnt/c/Users/Admin/Desktop/ud_data/Dataslush_umang/airflow/airflow_venv/lib/python3.12/site-packages/airflow/example_dags/example_branch_day_of_week_operator.py
[2025-01-28T11:08:42.494+0000] {logging_mixin.py:190} INFO - [2025-01-28T11:08:42.492+0000] {dag.py:3239} INFO - Sync 1 DAGs
[2025-01-28T11:08:42.535+0000] {logging_mixin.py:190} INFO - [2025-01-28T11:08:42.534+0000] {dag.py:4180} INFO - Setting next_dagrun for example_weekday_branch_operator to 2025-01-27 00:00:00+00:00, run_after=2025-01-28 00:00:00+00:00
[2025-01-28T11:08:42.583+0000] {processor.py:208} INFO - Processing /mnt/c/Users/Admin/Desktop/ud_data/Dataslush_umang/airflow/airflow_venv/lib/python3.12/site-packages/airflow/example_dags/example_branch_day_of_week_operator.py took 0.307 seconds
[2025-01-28T11:11:08.465+0000] {processor.py:186} INFO - Started process (PID=20504) to work on /mnt/c/Users/Admin/Desktop/ud_data/Dataslush_umang/airflow/airflow_venv/lib/python3.12/site-packages/airflow/example_dags/example_branch_day_of_week_operator.py
[2025-01-28T11:11:08.760+0000] {processor.py:914} INFO - Processing file /mnt/c/Users/Admin/Desktop/ud_data/Dataslush_umang/airflow/airflow_venv/lib/python3.12/site-packages/airflow/example_dags/example_branch_day_of_week_operator.py for tasks to queue
[2025-01-28T11:11:08.767+0000] {logging_mixin.py:190} INFO - [2025-01-28T11:11:08.765+0000] {dagbag.py:588} INFO - Filling up the DagBag from /mnt/c/Users/Admin/Desktop/ud_data/Dataslush_umang/airflow/airflow_venv/lib/python3.12/site-packages/airflow/example_dags/example_branch_day_of_week_operator.py
[2025-01-28T11:11:08.914+0000] {processor.py:925} INFO - DAG(s) 'example_weekday_branch_operator' retrieved from /mnt/c/Users/Admin/Desktop/ud_data/Dataslush_umang/airflow/airflow_venv/lib/python3.12/site-packages/airflow/example_dags/example_branch_day_of_week_operator.py
[2025-01-28T11:11:08.943+0000] {logging_mixin.py:190} INFO - [2025-01-28T11:11:08.941+0000] {dag.py:3239} INFO - Sync 1 DAGs
[2025-01-28T11:11:08.970+0000] {logging_mixin.py:190} INFO - [2025-01-28T11:11:08.968+0000] {dag.py:4180} INFO - Setting next_dagrun for example_weekday_branch_operator to 2025-01-27 00:00:00+00:00, run_after=2025-01-28 00:00:00+00:00
[2025-01-28T11:11:09.013+0000] {processor.py:208} INFO - Processing /mnt/c/Users/Admin/Desktop/ud_data/Dataslush_umang/airflow/airflow_venv/lib/python3.12/site-packages/airflow/example_dags/example_branch_day_of_week_operator.py took 0.573 seconds
[2025-01-28T11:12:43.728+0000] {processor.py:186} INFO - Started process (PID=20615) to work on /mnt/c/Users/Admin/Desktop/ud_data/Dataslush_umang/airflow/airflow_venv/lib/python3.12/site-packages/airflow/example_dags/example_branch_day_of_week_operator.py
[2025-01-28T11:12:43.731+0000] {processor.py:914} INFO - Processing file /mnt/c/Users/Admin/Desktop/ud_data/Dataslush_umang/airflow/airflow_venv/lib/python3.12/site-packages/airflow/example_dags/example_branch_day_of_week_operator.py for tasks to queue
[2025-01-28T11:12:43.738+0000] {logging_mixin.py:190} INFO - [2025-01-28T11:12:43.736+0000] {dagbag.py:588} INFO - Filling up the DagBag from /mnt/c/Users/Admin/Desktop/ud_data/Dataslush_umang/airflow/airflow_venv/lib/python3.12/site-packages/airflow/example_dags/example_branch_day_of_week_operator.py
[2025-01-28T11:12:43.877+0000] {processor.py:925} INFO - DAG(s) 'example_weekday_branch_operator' retrieved from /mnt/c/Users/Admin/Desktop/ud_data/Dataslush_umang/airflow/airflow_venv/lib/python3.12/site-packages/airflow/example_dags/example_branch_day_of_week_operator.py
[2025-01-28T11:12:43.910+0000] {logging_mixin.py:190} INFO - [2025-01-28T11:12:43.909+0000] {dag.py:3239} INFO - Sync 1 DAGs
[2025-01-28T11:12:43.946+0000] {logging_mixin.py:190} INFO - [2025-01-28T11:12:43.945+0000] {dag.py:4180} INFO - Setting next_dagrun for example_weekday_branch_operator to 2025-01-27 00:00:00+00:00, run_after=2025-01-28 00:00:00+00:00
[2025-01-28T11:12:43.988+0000] {processor.py:208} INFO - Processing /mnt/c/Users/Admin/Desktop/ud_data/Dataslush_umang/airflow/airflow_venv/lib/python3.12/site-packages/airflow/example_dags/example_branch_day_of_week_operator.py took 0.287 seconds
[2025-01-28T11:14:18.693+0000] {processor.py:186} INFO - Started process (PID=20726) to work on /mnt/c/Users/Admin/Desktop/ud_data/Dataslush_umang/airflow/airflow_venv/lib/python3.12/site-packages/airflow/example_dags/example_branch_day_of_week_operator.py
[2025-01-28T11:14:18.696+0000] {processor.py:914} INFO - Processing file /mnt/c/Users/Admin/Desktop/ud_data/Dataslush_umang/airflow/airflow_venv/lib/python3.12/site-packages/airflow/example_dags/example_branch_day_of_week_operator.py for tasks to queue
[2025-01-28T11:14:18.702+0000] {logging_mixin.py:190} INFO - [2025-01-28T11:14:18.700+0000] {dagbag.py:588} INFO - Filling up the DagBag from /mnt/c/Users/Admin/Desktop/ud_data/Dataslush_umang/airflow/airflow_venv/lib/python3.12/site-packages/airflow/example_dags/example_branch_day_of_week_operator.py
[2025-01-28T11:14:18.819+0000] {processor.py:925} INFO - DAG(s) 'example_weekday_branch_operator' retrieved from /mnt/c/Users/Admin/Desktop/ud_data/Dataslush_umang/airflow/airflow_venv/lib/python3.12/site-packages/airflow/example_dags/example_branch_day_of_week_operator.py
[2025-01-28T11:14:18.850+0000] {logging_mixin.py:190} INFO - [2025-01-28T11:14:18.849+0000] {dag.py:3239} INFO - Sync 1 DAGs
[2025-01-28T11:14:18.878+0000] {logging_mixin.py:190} INFO - [2025-01-28T11:14:18.877+0000] {dag.py:4180} INFO - Setting next_dagrun for example_weekday_branch_operator to 2025-01-27 00:00:00+00:00, run_after=2025-01-28 00:00:00+00:00
[2025-01-28T11:14:18.919+0000] {processor.py:208} INFO - Processing /mnt/c/Users/Admin/Desktop/ud_data/Dataslush_umang/airflow/airflow_venv/lib/python3.12/site-packages/airflow/example_dags/example_branch_day_of_week_operator.py took 0.252 seconds
