[2025-01-28T10:12:01.954+0000] {processor.py:186} INFO - Started process (PID=14705) to work on /mnt/c/Users/Admin/Desktop/ud_data/Dataslush_umang/airflow/airflow_venv/lib/python3.12/site-packages/airflow/example_dags/example_task_group_decorator.py
[2025-01-28T10:12:01.956+0000] {processor.py:914} INFO - Processing file /mnt/c/Users/Admin/Desktop/ud_data/Dataslush_umang/airflow/airflow_venv/lib/python3.12/site-packages/airflow/example_dags/example_task_group_decorator.py for tasks to queue
[2025-01-28T10:12:01.964+0000] {logging_mixin.py:190} INFO - [2025-01-28T10:12:01.962+0000] {dagbag.py:588} INFO - Filling up the DagBag from /mnt/c/Users/Admin/Desktop/ud_data/Dataslush_umang/airflow/airflow_venv/lib/python3.12/site-packages/airflow/example_dags/example_task_group_decorator.py
[2025-01-28T10:12:02.100+0000] {processor.py:925} INFO - DAG(s) 'example_task_group_decorator' retrieved from /mnt/c/Users/Admin/Desktop/ud_data/Dataslush_umang/airflow/airflow_venv/lib/python3.12/site-packages/airflow/example_dags/example_task_group_decorator.py
[2025-01-28T10:12:04.705+0000] {logging_mixin.py:190} INFO - [2025-01-28T10:12:04.696+0000] {override.py:1912} INFO - Created Permission View: can edit on DAG:example_task_group_decorator
[2025-01-28T10:12:04.866+0000] {logging_mixin.py:190} INFO - [2025-01-28T10:12:04.864+0000] {override.py:1912} INFO - Created Permission View: can read on DAG:example_task_group_decorator
[2025-01-28T10:12:04.896+0000] {logging_mixin.py:190} INFO - [2025-01-28T10:12:04.894+0000] {override.py:1912} INFO - Created Permission View: can delete on DAG:example_task_group_decorator
[2025-01-28T10:12:04.941+0000] {logging_mixin.py:190} INFO - [2025-01-28T10:12:04.940+0000] {override.py:1912} INFO - Created Permission View: can create on DAG Run:example_task_group_decorator
[2025-01-28T10:12:05.023+0000] {logging_mixin.py:190} INFO - [2025-01-28T10:12:05.022+0000] {override.py:1912} INFO - Created Permission View: menu access on DAG Run:example_task_group_decorator
[2025-01-28T10:12:05.051+0000] {logging_mixin.py:190} INFO - [2025-01-28T10:12:05.049+0000] {override.py:1912} INFO - Created Permission View: can read on DAG Run:example_task_group_decorator
[2025-01-28T10:12:05.078+0000] {logging_mixin.py:190} INFO - [2025-01-28T10:12:05.076+0000] {override.py:1912} INFO - Created Permission View: can delete on DAG Run:example_task_group_decorator
[2025-01-28T10:12:05.081+0000] {logging_mixin.py:190} INFO - [2025-01-28T10:12:05.079+0000] {dag.py:3239} INFO - Sync 1 DAGs
[2025-01-28T10:12:05.100+0000] {logging_mixin.py:190} INFO - [2025-01-28T10:12:05.099+0000] {dag.py:3262} INFO - Creating ORM DAG for example_task_group_decorator
[2025-01-28T10:12:05.104+0000] {logging_mixin.py:190} INFO - [2025-01-28T10:12:05.102+0000] {dag.py:4180} INFO - Setting next_dagrun for example_task_group_decorator to None, run_after=None
[2025-01-28T10:12:05.237+0000] {processor.py:208} INFO - Processing /mnt/c/Users/Admin/Desktop/ud_data/Dataslush_umang/airflow/airflow_venv/lib/python3.12/site-packages/airflow/example_dags/example_task_group_decorator.py took 3.307 seconds
[2025-01-28T10:15:00.049+0000] {processor.py:186} INFO - Started process (PID=14962) to work on /mnt/c/Users/Admin/Desktop/ud_data/Dataslush_umang/airflow/airflow_venv/lib/python3.12/site-packages/airflow/example_dags/example_task_group_decorator.py
[2025-01-28T10:15:00.053+0000] {processor.py:914} INFO - Processing file /mnt/c/Users/Admin/Desktop/ud_data/Dataslush_umang/airflow/airflow_venv/lib/python3.12/site-packages/airflow/example_dags/example_task_group_decorator.py for tasks to queue
[2025-01-28T10:15:00.059+0000] {logging_mixin.py:190} INFO - [2025-01-28T10:15:00.057+0000] {dagbag.py:588} INFO - Filling up the DagBag from /mnt/c/Users/Admin/Desktop/ud_data/Dataslush_umang/airflow/airflow_venv/lib/python3.12/site-packages/airflow/example_dags/example_task_group_decorator.py
[2025-01-28T10:15:00.150+0000] {processor.py:925} INFO - DAG(s) 'example_task_group_decorator' retrieved from /mnt/c/Users/Admin/Desktop/ud_data/Dataslush_umang/airflow/airflow_venv/lib/python3.12/site-packages/airflow/example_dags/example_task_group_decorator.py
[2025-01-28T10:15:00.178+0000] {logging_mixin.py:190} INFO - [2025-01-28T10:15:00.176+0000] {dag.py:3239} INFO - Sync 1 DAGs
[2025-01-28T10:15:00.191+0000] {logging_mixin.py:190} INFO - [2025-01-28T10:15:00.189+0000] {dag.py:4180} INFO - Setting next_dagrun for example_task_group_decorator to None, run_after=None
[2025-01-28T10:15:00.230+0000] {processor.py:208} INFO - Processing /mnt/c/Users/Admin/Desktop/ud_data/Dataslush_umang/airflow/airflow_venv/lib/python3.12/site-packages/airflow/example_dags/example_task_group_decorator.py took 0.208 seconds
[2025-01-28T10:16:06.078+0000] {processor.py:186} INFO - Started process (PID=15058) to work on /mnt/c/Users/Admin/Desktop/ud_data/Dataslush_umang/airflow/airflow_venv/lib/python3.12/site-packages/airflow/example_dags/example_task_group_decorator.py
[2025-01-28T10:16:06.081+0000] {processor.py:914} INFO - Processing file /mnt/c/Users/Admin/Desktop/ud_data/Dataslush_umang/airflow/airflow_venv/lib/python3.12/site-packages/airflow/example_dags/example_task_group_decorator.py for tasks to queue
[2025-01-28T10:16:06.087+0000] {logging_mixin.py:190} INFO - [2025-01-28T10:16:06.085+0000] {dagbag.py:588} INFO - Filling up the DagBag from /mnt/c/Users/Admin/Desktop/ud_data/Dataslush_umang/airflow/airflow_venv/lib/python3.12/site-packages/airflow/example_dags/example_task_group_decorator.py
[2025-01-28T10:16:06.233+0000] {processor.py:925} INFO - DAG(s) 'example_task_group_decorator' retrieved from /mnt/c/Users/Admin/Desktop/ud_data/Dataslush_umang/airflow/airflow_venv/lib/python3.12/site-packages/airflow/example_dags/example_task_group_decorator.py
[2025-01-28T10:16:06.275+0000] {logging_mixin.py:190} INFO - [2025-01-28T10:16:06.273+0000] {dag.py:3239} INFO - Sync 1 DAGs
[2025-01-28T10:16:06.295+0000] {logging_mixin.py:190} INFO - [2025-01-28T10:16:06.294+0000] {dag.py:4180} INFO - Setting next_dagrun for example_task_group_decorator to None, run_after=None
[2025-01-28T10:16:06.465+0000] {processor.py:208} INFO - Processing /mnt/c/Users/Admin/Desktop/ud_data/Dataslush_umang/airflow/airflow_venv/lib/python3.12/site-packages/airflow/example_dags/example_task_group_decorator.py took 0.407 seconds
[2025-01-28T10:17:54.972+0000] {processor.py:186} INFO - Started process (PID=15267) to work on /mnt/c/Users/Admin/Desktop/ud_data/Dataslush_umang/airflow/airflow_venv/lib/python3.12/site-packages/airflow/example_dags/example_task_group_decorator.py
[2025-01-28T10:17:55.002+0000] {processor.py:914} INFO - Processing file /mnt/c/Users/Admin/Desktop/ud_data/Dataslush_umang/airflow/airflow_venv/lib/python3.12/site-packages/airflow/example_dags/example_task_group_decorator.py for tasks to queue
[2025-01-28T10:17:55.135+0000] {logging_mixin.py:190} INFO - [2025-01-28T10:17:55.132+0000] {dagbag.py:588} INFO - Filling up the DagBag from /mnt/c/Users/Admin/Desktop/ud_data/Dataslush_umang/airflow/airflow_venv/lib/python3.12/site-packages/airflow/example_dags/example_task_group_decorator.py
[2025-01-28T10:17:55.334+0000] {processor.py:925} INFO - DAG(s) 'example_task_group_decorator' retrieved from /mnt/c/Users/Admin/Desktop/ud_data/Dataslush_umang/airflow/airflow_venv/lib/python3.12/site-packages/airflow/example_dags/example_task_group_decorator.py
[2025-01-28T10:17:55.404+0000] {logging_mixin.py:190} INFO - [2025-01-28T10:17:55.402+0000] {dag.py:3239} INFO - Sync 1 DAGs
[2025-01-28T10:17:55.434+0000] {logging_mixin.py:190} INFO - [2025-01-28T10:17:55.432+0000] {dag.py:4180} INFO - Setting next_dagrun for example_task_group_decorator to None, run_after=None
[2025-01-28T10:17:55.490+0000] {processor.py:208} INFO - Processing /mnt/c/Users/Admin/Desktop/ud_data/Dataslush_umang/airflow/airflow_venv/lib/python3.12/site-packages/airflow/example_dags/example_task_group_decorator.py took 0.549 seconds
[2025-01-28T10:19:07.487+0000] {processor.py:186} INFO - Started process (PID=15390) to work on /mnt/c/Users/Admin/Desktop/ud_data/Dataslush_umang/airflow/airflow_venv/lib/python3.12/site-packages/airflow/example_dags/example_task_group_decorator.py
[2025-01-28T10:19:07.493+0000] {processor.py:914} INFO - Processing file /mnt/c/Users/Admin/Desktop/ud_data/Dataslush_umang/airflow/airflow_venv/lib/python3.12/site-packages/airflow/example_dags/example_task_group_decorator.py for tasks to queue
[2025-01-28T10:19:07.503+0000] {logging_mixin.py:190} INFO - [2025-01-28T10:19:07.500+0000] {dagbag.py:588} INFO - Filling up the DagBag from /mnt/c/Users/Admin/Desktop/ud_data/Dataslush_umang/airflow/airflow_venv/lib/python3.12/site-packages/airflow/example_dags/example_task_group_decorator.py
[2025-01-28T10:19:07.832+0000] {processor.py:925} INFO - DAG(s) 'example_task_group_decorator' retrieved from /mnt/c/Users/Admin/Desktop/ud_data/Dataslush_umang/airflow/airflow_venv/lib/python3.12/site-packages/airflow/example_dags/example_task_group_decorator.py
[2025-01-28T10:19:07.910+0000] {logging_mixin.py:190} INFO - [2025-01-28T10:19:07.907+0000] {dag.py:3239} INFO - Sync 1 DAGs
[2025-01-28T10:19:07.938+0000] {logging_mixin.py:190} INFO - [2025-01-28T10:19:07.936+0000] {dag.py:4180} INFO - Setting next_dagrun for example_task_group_decorator to None, run_after=None
[2025-01-28T10:19:08.211+0000] {processor.py:208} INFO - Processing /mnt/c/Users/Admin/Desktop/ud_data/Dataslush_umang/airflow/airflow_venv/lib/python3.12/site-packages/airflow/example_dags/example_task_group_decorator.py took 0.767 seconds
[2025-01-28T10:20:26.174+0000] {processor.py:186} INFO - Started process (PID=15509) to work on /mnt/c/Users/Admin/Desktop/ud_data/Dataslush_umang/airflow/airflow_venv/lib/python3.12/site-packages/airflow/example_dags/example_task_group_decorator.py
[2025-01-28T10:20:26.183+0000] {processor.py:914} INFO - Processing file /mnt/c/Users/Admin/Desktop/ud_data/Dataslush_umang/airflow/airflow_venv/lib/python3.12/site-packages/airflow/example_dags/example_task_group_decorator.py for tasks to queue
[2025-01-28T10:20:26.198+0000] {logging_mixin.py:190} INFO - [2025-01-28T10:20:26.192+0000] {dagbag.py:588} INFO - Filling up the DagBag from /mnt/c/Users/Admin/Desktop/ud_data/Dataslush_umang/airflow/airflow_venv/lib/python3.12/site-packages/airflow/example_dags/example_task_group_decorator.py
[2025-01-28T10:20:26.579+0000] {processor.py:925} INFO - DAG(s) 'example_task_group_decorator' retrieved from /mnt/c/Users/Admin/Desktop/ud_data/Dataslush_umang/airflow/airflow_venv/lib/python3.12/site-packages/airflow/example_dags/example_task_group_decorator.py
[2025-01-28T10:20:26.655+0000] {logging_mixin.py:190} INFO - [2025-01-28T10:20:26.652+0000] {dag.py:3239} INFO - Sync 1 DAGs
[2025-01-28T10:20:26.687+0000] {logging_mixin.py:190} INFO - [2025-01-28T10:20:26.684+0000] {dag.py:4180} INFO - Setting next_dagrun for example_task_group_decorator to None, run_after=None
[2025-01-28T10:20:26.855+0000] {processor.py:208} INFO - Processing /mnt/c/Users/Admin/Desktop/ud_data/Dataslush_umang/airflow/airflow_venv/lib/python3.12/site-packages/airflow/example_dags/example_task_group_decorator.py took 0.752 seconds
[2025-01-28T10:22:01.438+0000] {processor.py:186} INFO - Started process (PID=15627) to work on /mnt/c/Users/Admin/Desktop/ud_data/Dataslush_umang/airflow/airflow_venv/lib/python3.12/site-packages/airflow/example_dags/example_task_group_decorator.py
[2025-01-28T10:22:01.445+0000] {processor.py:914} INFO - Processing file /mnt/c/Users/Admin/Desktop/ud_data/Dataslush_umang/airflow/airflow_venv/lib/python3.12/site-packages/airflow/example_dags/example_task_group_decorator.py for tasks to queue
[2025-01-28T10:22:01.459+0000] {logging_mixin.py:190} INFO - [2025-01-28T10:22:01.454+0000] {dagbag.py:588} INFO - Filling up the DagBag from /mnt/c/Users/Admin/Desktop/ud_data/Dataslush_umang/airflow/airflow_venv/lib/python3.12/site-packages/airflow/example_dags/example_task_group_decorator.py
[2025-01-28T10:22:31.720+0000] {processor.py:925} INFO - DAG(s) 'example_task_group_decorator' retrieved from /mnt/c/Users/Admin/Desktop/ud_data/Dataslush_umang/airflow/airflow_venv/lib/python3.12/site-packages/airflow/example_dags/example_task_group_decorator.py
[2025-01-28T10:22:31.755+0000] {logging_mixin.py:190} INFO - [2025-01-28T10:22:31.753+0000] {dag.py:3239} INFO - Sync 1 DAGs
[2025-01-28T10:22:31.783+0000] {logging_mixin.py:190} INFO - [2025-01-28T10:22:31.779+0000] {dag.py:4180} INFO - Setting next_dagrun for example_task_group_decorator to None, run_after=None
[2025-01-28T10:22:01.905+0000] {processor.py:208} INFO - Processing /mnt/c/Users/Admin/Desktop/ud_data/Dataslush_umang/airflow/airflow_venv/lib/python3.12/site-packages/airflow/example_dags/example_task_group_decorator.py took 0.568 seconds
[2025-01-28T10:23:42.135+0000] {processor.py:186} INFO - Started process (PID=15816) to work on /mnt/c/Users/Admin/Desktop/ud_data/Dataslush_umang/airflow/airflow_venv/lib/python3.12/site-packages/airflow/example_dags/example_task_group_decorator.py
[2025-01-28T10:23:42.140+0000] {processor.py:914} INFO - Processing file /mnt/c/Users/Admin/Desktop/ud_data/Dataslush_umang/airflow/airflow_venv/lib/python3.12/site-packages/airflow/example_dags/example_task_group_decorator.py for tasks to queue
[2025-01-28T10:23:42.152+0000] {logging_mixin.py:190} INFO - [2025-01-28T10:23:42.148+0000] {dagbag.py:588} INFO - Filling up the DagBag from /mnt/c/Users/Admin/Desktop/ud_data/Dataslush_umang/airflow/airflow_venv/lib/python3.12/site-packages/airflow/example_dags/example_task_group_decorator.py
[2025-01-28T10:23:42.513+0000] {processor.py:925} INFO - DAG(s) 'example_task_group_decorator' retrieved from /mnt/c/Users/Admin/Desktop/ud_data/Dataslush_umang/airflow/airflow_venv/lib/python3.12/site-packages/airflow/example_dags/example_task_group_decorator.py
[2025-01-28T10:23:42.738+0000] {logging_mixin.py:190} INFO - [2025-01-28T10:23:42.736+0000] {dag.py:3239} INFO - Sync 1 DAGs
[2025-01-28T10:23:42.753+0000] {logging_mixin.py:190} INFO - [2025-01-28T10:23:42.751+0000] {dag.py:4180} INFO - Setting next_dagrun for example_task_group_decorator to None, run_after=None
[2025-01-28T10:23:42.795+0000] {processor.py:208} INFO - Processing /mnt/c/Users/Admin/Desktop/ud_data/Dataslush_umang/airflow/airflow_venv/lib/python3.12/site-packages/airflow/example_dags/example_task_group_decorator.py took 0.700 seconds
[2025-01-28T10:25:49.473+0000] {processor.py:186} INFO - Started process (PID=16022) to work on /mnt/c/Users/Admin/Desktop/ud_data/Dataslush_umang/airflow/airflow_venv/lib/python3.12/site-packages/airflow/example_dags/example_task_group_decorator.py
[2025-01-28T10:25:49.477+0000] {processor.py:914} INFO - Processing file /mnt/c/Users/Admin/Desktop/ud_data/Dataslush_umang/airflow/airflow_venv/lib/python3.12/site-packages/airflow/example_dags/example_task_group_decorator.py for tasks to queue
[2025-01-28T10:25:49.486+0000] {logging_mixin.py:190} INFO - [2025-01-28T10:25:49.483+0000] {dagbag.py:588} INFO - Filling up the DagBag from /mnt/c/Users/Admin/Desktop/ud_data/Dataslush_umang/airflow/airflow_venv/lib/python3.12/site-packages/airflow/example_dags/example_task_group_decorator.py
[2025-01-28T10:25:19.597+0000] {processor.py:925} INFO - DAG(s) 'example_task_group_decorator' retrieved from /mnt/c/Users/Admin/Desktop/ud_data/Dataslush_umang/airflow/airflow_venv/lib/python3.12/site-packages/airflow/example_dags/example_task_group_decorator.py
[2025-01-28T10:25:19.667+0000] {logging_mixin.py:190} INFO - [2025-01-28T10:25:19.662+0000] {dag.py:3239} INFO - Sync 1 DAGs
[2025-01-28T10:25:19.736+0000] {logging_mixin.py:190} INFO - [2025-01-28T10:25:19.733+0000] {dag.py:4180} INFO - Setting next_dagrun for example_task_group_decorator to None, run_after=None
[2025-01-28T10:25:20.975+0000] {processor.py:208} INFO - Processing /mnt/c/Users/Admin/Desktop/ud_data/Dataslush_umang/airflow/airflow_venv/lib/python3.12/site-packages/airflow/example_dags/example_task_group_decorator.py took 1.651 seconds
[2025-01-28T10:26:35.788+0000] {processor.py:186} INFO - Started process (PID=16204) to work on /mnt/c/Users/Admin/Desktop/ud_data/Dataslush_umang/airflow/airflow_venv/lib/python3.12/site-packages/airflow/example_dags/example_task_group_decorator.py
[2025-01-28T10:26:35.794+0000] {processor.py:914} INFO - Processing file /mnt/c/Users/Admin/Desktop/ud_data/Dataslush_umang/airflow/airflow_venv/lib/python3.12/site-packages/airflow/example_dags/example_task_group_decorator.py for tasks to queue
[2025-01-28T10:26:35.802+0000] {logging_mixin.py:190} INFO - [2025-01-28T10:26:35.800+0000] {dagbag.py:588} INFO - Filling up the DagBag from /mnt/c/Users/Admin/Desktop/ud_data/Dataslush_umang/airflow/airflow_venv/lib/python3.12/site-packages/airflow/example_dags/example_task_group_decorator.py
[2025-01-28T10:26:35.928+0000] {processor.py:925} INFO - DAG(s) 'example_task_group_decorator' retrieved from /mnt/c/Users/Admin/Desktop/ud_data/Dataslush_umang/airflow/airflow_venv/lib/python3.12/site-packages/airflow/example_dags/example_task_group_decorator.py
[2025-01-28T10:26:35.956+0000] {logging_mixin.py:190} INFO - [2025-01-28T10:26:35.955+0000] {dag.py:3239} INFO - Sync 1 DAGs
[2025-01-28T10:26:35.973+0000] {logging_mixin.py:190} INFO - [2025-01-28T10:26:35.971+0000] {dag.py:4180} INFO - Setting next_dagrun for example_task_group_decorator to None, run_after=None
[2025-01-28T10:26:36.032+0000] {processor.py:208} INFO - Processing /mnt/c/Users/Admin/Desktop/ud_data/Dataslush_umang/airflow/airflow_venv/lib/python3.12/site-packages/airflow/example_dags/example_task_group_decorator.py took 0.319 seconds
[2025-01-28T10:28:08.265+0000] {processor.py:186} INFO - Started process (PID=16291) to work on /mnt/c/Users/Admin/Desktop/ud_data/Dataslush_umang/airflow/airflow_venv/lib/python3.12/site-packages/airflow/example_dags/example_task_group_decorator.py
[2025-01-28T10:28:08.270+0000] {processor.py:914} INFO - Processing file /mnt/c/Users/Admin/Desktop/ud_data/Dataslush_umang/airflow/airflow_venv/lib/python3.12/site-packages/airflow/example_dags/example_task_group_decorator.py for tasks to queue
[2025-01-28T10:28:08.280+0000] {logging_mixin.py:190} INFO - [2025-01-28T10:28:08.277+0000] {dagbag.py:588} INFO - Filling up the DagBag from /mnt/c/Users/Admin/Desktop/ud_data/Dataslush_umang/airflow/airflow_venv/lib/python3.12/site-packages/airflow/example_dags/example_task_group_decorator.py
[2025-01-28T10:28:08.595+0000] {processor.py:925} INFO - DAG(s) 'example_task_group_decorator' retrieved from /mnt/c/Users/Admin/Desktop/ud_data/Dataslush_umang/airflow/airflow_venv/lib/python3.12/site-packages/airflow/example_dags/example_task_group_decorator.py
[2025-01-28T10:28:08.683+0000] {logging_mixin.py:190} INFO - [2025-01-28T10:28:08.680+0000] {dag.py:3239} INFO - Sync 1 DAGs
[2025-01-28T10:28:08.717+0000] {logging_mixin.py:190} INFO - [2025-01-28T10:28:08.715+0000] {dag.py:4180} INFO - Setting next_dagrun for example_task_group_decorator to None, run_after=None
[2025-01-28T10:28:08.830+0000] {processor.py:208} INFO - Processing /mnt/c/Users/Admin/Desktop/ud_data/Dataslush_umang/airflow/airflow_venv/lib/python3.12/site-packages/airflow/example_dags/example_task_group_decorator.py took 0.617 seconds
[2025-01-28T10:29:59.686+0000] {processor.py:186} INFO - Started process (PID=16368) to work on /mnt/c/Users/Admin/Desktop/ud_data/Dataslush_umang/airflow/airflow_venv/lib/python3.12/site-packages/airflow/example_dags/example_task_group_decorator.py
[2025-01-28T10:29:59.694+0000] {processor.py:914} INFO - Processing file /mnt/c/Users/Admin/Desktop/ud_data/Dataslush_umang/airflow/airflow_venv/lib/python3.12/site-packages/airflow/example_dags/example_task_group_decorator.py for tasks to queue
[2025-01-28T10:29:59.711+0000] {logging_mixin.py:190} INFO - [2025-01-28T10:29:59.705+0000] {dagbag.py:588} INFO - Filling up the DagBag from /mnt/c/Users/Admin/Desktop/ud_data/Dataslush_umang/airflow/airflow_venv/lib/python3.12/site-packages/airflow/example_dags/example_task_group_decorator.py
[2025-01-28T10:29:29.978+0000] {processor.py:925} INFO - DAG(s) 'example_task_group_decorator' retrieved from /mnt/c/Users/Admin/Desktop/ud_data/Dataslush_umang/airflow/airflow_venv/lib/python3.12/site-packages/airflow/example_dags/example_task_group_decorator.py
[2025-01-28T10:29:30.051+0000] {logging_mixin.py:190} INFO - [2025-01-28T10:29:30.048+0000] {dag.py:3239} INFO - Sync 1 DAGs
[2025-01-28T10:29:30.081+0000] {logging_mixin.py:190} INFO - [2025-01-28T10:29:30.079+0000] {dag.py:4180} INFO - Setting next_dagrun for example_task_group_decorator to None, run_after=None
[2025-01-28T10:29:30.894+0000] {processor.py:208} INFO - Processing /mnt/c/Users/Admin/Desktop/ud_data/Dataslush_umang/airflow/airflow_venv/lib/python3.12/site-packages/airflow/example_dags/example_task_group_decorator.py took 1.391 seconds
[2025-01-28T10:30:52.791+0000] {processor.py:186} INFO - Started process (PID=16461) to work on /mnt/c/Users/Admin/Desktop/ud_data/Dataslush_umang/airflow/airflow_venv/lib/python3.12/site-packages/airflow/example_dags/example_task_group_decorator.py
[2025-01-28T10:30:52.847+0000] {processor.py:914} INFO - Processing file /mnt/c/Users/Admin/Desktop/ud_data/Dataslush_umang/airflow/airflow_venv/lib/python3.12/site-packages/airflow/example_dags/example_task_group_decorator.py for tasks to queue
[2025-01-28T10:30:52.860+0000] {logging_mixin.py:190} INFO - [2025-01-28T10:30:52.855+0000] {dagbag.py:588} INFO - Filling up the DagBag from /mnt/c/Users/Admin/Desktop/ud_data/Dataslush_umang/airflow/airflow_venv/lib/python3.12/site-packages/airflow/example_dags/example_task_group_decorator.py
[2025-01-28T10:30:53.074+0000] {processor.py:925} INFO - DAG(s) 'example_task_group_decorator' retrieved from /mnt/c/Users/Admin/Desktop/ud_data/Dataslush_umang/airflow/airflow_venv/lib/python3.12/site-packages/airflow/example_dags/example_task_group_decorator.py
[2025-01-28T10:30:53.111+0000] {logging_mixin.py:190} INFO - [2025-01-28T10:30:53.108+0000] {dag.py:3239} INFO - Sync 1 DAGs
[2025-01-28T10:30:53.129+0000] {logging_mixin.py:190} INFO - [2025-01-28T10:30:53.127+0000] {dag.py:4180} INFO - Setting next_dagrun for example_task_group_decorator to None, run_after=None
[2025-01-28T10:30:53.172+0000] {processor.py:208} INFO - Processing /mnt/c/Users/Admin/Desktop/ud_data/Dataslush_umang/airflow/airflow_venv/lib/python3.12/site-packages/airflow/example_dags/example_task_group_decorator.py took 0.420 seconds
[2025-01-28T10:31:58.574+0000] {processor.py:186} INFO - Started process (PID=16606) to work on /mnt/c/Users/Admin/Desktop/ud_data/Dataslush_umang/airflow/airflow_venv/lib/python3.12/site-packages/airflow/example_dags/example_task_group_decorator.py
[2025-01-28T10:31:58.697+0000] {processor.py:914} INFO - Processing file /mnt/c/Users/Admin/Desktop/ud_data/Dataslush_umang/airflow/airflow_venv/lib/python3.12/site-packages/airflow/example_dags/example_task_group_decorator.py for tasks to queue
[2025-01-28T10:31:58.829+0000] {logging_mixin.py:190} INFO - [2025-01-28T10:31:58.822+0000] {dagbag.py:588} INFO - Filling up the DagBag from /mnt/c/Users/Admin/Desktop/ud_data/Dataslush_umang/airflow/airflow_venv/lib/python3.12/site-packages/airflow/example_dags/example_task_group_decorator.py
[2025-01-28T10:31:59.211+0000] {processor.py:925} INFO - DAG(s) 'example_task_group_decorator' retrieved from /mnt/c/Users/Admin/Desktop/ud_data/Dataslush_umang/airflow/airflow_venv/lib/python3.12/site-packages/airflow/example_dags/example_task_group_decorator.py
[2025-01-28T10:31:59.310+0000] {logging_mixin.py:190} INFO - [2025-01-28T10:31:59.307+0000] {dag.py:3239} INFO - Sync 1 DAGs
[2025-01-28T10:31:59.353+0000] {logging_mixin.py:190} INFO - [2025-01-28T10:31:59.350+0000] {dag.py:4180} INFO - Setting next_dagrun for example_task_group_decorator to None, run_after=None
[2025-01-28T10:31:59.556+0000] {processor.py:208} INFO - Processing /mnt/c/Users/Admin/Desktop/ud_data/Dataslush_umang/airflow/airflow_venv/lib/python3.12/site-packages/airflow/example_dags/example_task_group_decorator.py took 1.052 seconds
[2025-01-28T10:33:06.072+0000] {processor.py:186} INFO - Started process (PID=16680) to work on /mnt/c/Users/Admin/Desktop/ud_data/Dataslush_umang/airflow/airflow_venv/lib/python3.12/site-packages/airflow/example_dags/example_task_group_decorator.py
[2025-01-28T10:33:06.150+0000] {processor.py:914} INFO - Processing file /mnt/c/Users/Admin/Desktop/ud_data/Dataslush_umang/airflow/airflow_venv/lib/python3.12/site-packages/airflow/example_dags/example_task_group_decorator.py for tasks to queue
[2025-01-28T10:33:06.158+0000] {logging_mixin.py:190} INFO - [2025-01-28T10:33:06.155+0000] {dagbag.py:588} INFO - Filling up the DagBag from /mnt/c/Users/Admin/Desktop/ud_data/Dataslush_umang/airflow/airflow_venv/lib/python3.12/site-packages/airflow/example_dags/example_task_group_decorator.py
[2025-01-28T10:33:06.300+0000] {processor.py:925} INFO - DAG(s) 'example_task_group_decorator' retrieved from /mnt/c/Users/Admin/Desktop/ud_data/Dataslush_umang/airflow/airflow_venv/lib/python3.12/site-packages/airflow/example_dags/example_task_group_decorator.py
[2025-01-28T10:33:06.349+0000] {logging_mixin.py:190} INFO - [2025-01-28T10:33:06.347+0000] {dag.py:3239} INFO - Sync 1 DAGs
[2025-01-28T10:33:06.366+0000] {logging_mixin.py:190} INFO - [2025-01-28T10:33:06.364+0000] {dag.py:4180} INFO - Setting next_dagrun for example_task_group_decorator to None, run_after=None
[2025-01-28T10:33:07.346+0000] {processor.py:208} INFO - Processing /mnt/c/Users/Admin/Desktop/ud_data/Dataslush_umang/airflow/airflow_venv/lib/python3.12/site-packages/airflow/example_dags/example_task_group_decorator.py took 1.342 seconds
[2025-01-28T10:34:24.538+0000] {processor.py:186} INFO - Started process (PID=16842) to work on /mnt/c/Users/Admin/Desktop/ud_data/Dataslush_umang/airflow/airflow_venv/lib/python3.12/site-packages/airflow/example_dags/example_task_group_decorator.py
[2025-01-28T10:34:24.541+0000] {processor.py:914} INFO - Processing file /mnt/c/Users/Admin/Desktop/ud_data/Dataslush_umang/airflow/airflow_venv/lib/python3.12/site-packages/airflow/example_dags/example_task_group_decorator.py for tasks to queue
[2025-01-28T10:34:24.548+0000] {logging_mixin.py:190} INFO - [2025-01-28T10:34:24.546+0000] {dagbag.py:588} INFO - Filling up the DagBag from /mnt/c/Users/Admin/Desktop/ud_data/Dataslush_umang/airflow/airflow_venv/lib/python3.12/site-packages/airflow/example_dags/example_task_group_decorator.py
[2025-01-28T10:34:24.731+0000] {processor.py:925} INFO - DAG(s) 'example_task_group_decorator' retrieved from /mnt/c/Users/Admin/Desktop/ud_data/Dataslush_umang/airflow/airflow_venv/lib/python3.12/site-packages/airflow/example_dags/example_task_group_decorator.py
[2025-01-28T10:34:24.766+0000] {logging_mixin.py:190} INFO - [2025-01-28T10:34:24.763+0000] {dag.py:3239} INFO - Sync 1 DAGs
[2025-01-28T10:34:24.784+0000] {logging_mixin.py:190} INFO - [2025-01-28T10:34:24.781+0000] {dag.py:4180} INFO - Setting next_dagrun for example_task_group_decorator to None, run_after=None
[2025-01-28T10:34:24.828+0000] {processor.py:208} INFO - Processing /mnt/c/Users/Admin/Desktop/ud_data/Dataslush_umang/airflow/airflow_venv/lib/python3.12/site-packages/airflow/example_dags/example_task_group_decorator.py took 0.326 seconds
[2025-01-28T10:35:45.811+0000] {processor.py:186} INFO - Started process (PID=16948) to work on /mnt/c/Users/Admin/Desktop/ud_data/Dataslush_umang/airflow/airflow_venv/lib/python3.12/site-packages/airflow/example_dags/example_task_group_decorator.py
[2025-01-28T10:35:45.911+0000] {processor.py:914} INFO - Processing file /mnt/c/Users/Admin/Desktop/ud_data/Dataslush_umang/airflow/airflow_venv/lib/python3.12/site-packages/airflow/example_dags/example_task_group_decorator.py for tasks to queue
[2025-01-28T10:35:45.919+0000] {logging_mixin.py:190} INFO - [2025-01-28T10:35:45.916+0000] {dagbag.py:588} INFO - Filling up the DagBag from /mnt/c/Users/Admin/Desktop/ud_data/Dataslush_umang/airflow/airflow_venv/lib/python3.12/site-packages/airflow/example_dags/example_task_group_decorator.py
[2025-01-28T10:35:46.122+0000] {processor.py:925} INFO - DAG(s) 'example_task_group_decorator' retrieved from /mnt/c/Users/Admin/Desktop/ud_data/Dataslush_umang/airflow/airflow_venv/lib/python3.12/site-packages/airflow/example_dags/example_task_group_decorator.py
[2025-01-28T10:35:46.166+0000] {logging_mixin.py:190} INFO - [2025-01-28T10:35:46.164+0000] {dag.py:3239} INFO - Sync 1 DAGs
[2025-01-28T10:35:46.186+0000] {logging_mixin.py:190} INFO - [2025-01-28T10:35:46.184+0000] {dag.py:4180} INFO - Setting next_dagrun for example_task_group_decorator to None, run_after=None
[2025-01-28T10:35:47.385+0000] {processor.py:208} INFO - Processing /mnt/c/Users/Admin/Desktop/ud_data/Dataslush_umang/airflow/airflow_venv/lib/python3.12/site-packages/airflow/example_dags/example_task_group_decorator.py took 1.628 seconds
[2025-01-28T10:37:06.500+0000] {processor.py:186} INFO - Started process (PID=17065) to work on /mnt/c/Users/Admin/Desktop/ud_data/Dataslush_umang/airflow/airflow_venv/lib/python3.12/site-packages/airflow/example_dags/example_task_group_decorator.py
[2025-01-28T10:37:06.910+0000] {processor.py:914} INFO - Processing file /mnt/c/Users/Admin/Desktop/ud_data/Dataslush_umang/airflow/airflow_venv/lib/python3.12/site-packages/airflow/example_dags/example_task_group_decorator.py for tasks to queue
[2025-01-28T10:37:06.927+0000] {logging_mixin.py:190} INFO - [2025-01-28T10:37:06.922+0000] {dagbag.py:588} INFO - Filling up the DagBag from /mnt/c/Users/Admin/Desktop/ud_data/Dataslush_umang/airflow/airflow_venv/lib/python3.12/site-packages/airflow/example_dags/example_task_group_decorator.py
[2025-01-28T10:37:07.292+0000] {processor.py:925} INFO - DAG(s) 'example_task_group_decorator' retrieved from /mnt/c/Users/Admin/Desktop/ud_data/Dataslush_umang/airflow/airflow_venv/lib/python3.12/site-packages/airflow/example_dags/example_task_group_decorator.py
[2025-01-28T10:37:07.370+0000] {logging_mixin.py:190} INFO - [2025-01-28T10:37:07.367+0000] {dag.py:3239} INFO - Sync 1 DAGs
[2025-01-28T10:37:07.387+0000] {logging_mixin.py:190} INFO - [2025-01-28T10:37:07.385+0000] {dag.py:4180} INFO - Setting next_dagrun for example_task_group_decorator to None, run_after=None
[2025-01-28T10:37:10.076+0000] {processor.py:208} INFO - Processing /mnt/c/Users/Admin/Desktop/ud_data/Dataslush_umang/airflow/airflow_venv/lib/python3.12/site-packages/airflow/example_dags/example_task_group_decorator.py took 3.663 seconds
[2025-01-28T10:38:42.001+0000] {processor.py:186} INFO - Started process (PID=17206) to work on /mnt/c/Users/Admin/Desktop/ud_data/Dataslush_umang/airflow/airflow_venv/lib/python3.12/site-packages/airflow/example_dags/example_task_group_decorator.py
[2025-01-28T10:38:42.158+0000] {processor.py:914} INFO - Processing file /mnt/c/Users/Admin/Desktop/ud_data/Dataslush_umang/airflow/airflow_venv/lib/python3.12/site-packages/airflow/example_dags/example_task_group_decorator.py for tasks to queue
[2025-01-28T10:38:42.190+0000] {logging_mixin.py:190} INFO - [2025-01-28T10:38:42.185+0000] {dagbag.py:588} INFO - Filling up the DagBag from /mnt/c/Users/Admin/Desktop/ud_data/Dataslush_umang/airflow/airflow_venv/lib/python3.12/site-packages/airflow/example_dags/example_task_group_decorator.py
[2025-01-28T10:38:42.486+0000] {processor.py:925} INFO - DAG(s) 'example_task_group_decorator' retrieved from /mnt/c/Users/Admin/Desktop/ud_data/Dataslush_umang/airflow/airflow_venv/lib/python3.12/site-packages/airflow/example_dags/example_task_group_decorator.py
[2025-01-28T10:38:42.526+0000] {logging_mixin.py:190} INFO - [2025-01-28T10:38:42.523+0000] {dag.py:3239} INFO - Sync 1 DAGs
[2025-01-28T10:38:42.546+0000] {logging_mixin.py:190} INFO - [2025-01-28T10:38:42.544+0000] {dag.py:4180} INFO - Setting next_dagrun for example_task_group_decorator to None, run_after=None
[2025-01-28T10:38:42.777+0000] {processor.py:208} INFO - Processing /mnt/c/Users/Admin/Desktop/ud_data/Dataslush_umang/airflow/airflow_venv/lib/python3.12/site-packages/airflow/example_dags/example_task_group_decorator.py took 0.824 seconds
[2025-01-28T10:40:20.163+0000] {processor.py:186} INFO - Started process (PID=17339) to work on /mnt/c/Users/Admin/Desktop/ud_data/Dataslush_umang/airflow/airflow_venv/lib/python3.12/site-packages/airflow/example_dags/example_task_group_decorator.py
[2025-01-28T10:40:20.167+0000] {processor.py:914} INFO - Processing file /mnt/c/Users/Admin/Desktop/ud_data/Dataslush_umang/airflow/airflow_venv/lib/python3.12/site-packages/airflow/example_dags/example_task_group_decorator.py for tasks to queue
[2025-01-28T10:40:20.173+0000] {logging_mixin.py:190} INFO - [2025-01-28T10:40:20.170+0000] {dagbag.py:588} INFO - Filling up the DagBag from /mnt/c/Users/Admin/Desktop/ud_data/Dataslush_umang/airflow/airflow_venv/lib/python3.12/site-packages/airflow/example_dags/example_task_group_decorator.py
[2025-01-28T10:40:20.270+0000] {processor.py:925} INFO - DAG(s) 'example_task_group_decorator' retrieved from /mnt/c/Users/Admin/Desktop/ud_data/Dataslush_umang/airflow/airflow_venv/lib/python3.12/site-packages/airflow/example_dags/example_task_group_decorator.py
[2025-01-28T10:40:20.298+0000] {logging_mixin.py:190} INFO - [2025-01-28T10:40:20.297+0000] {dag.py:3239} INFO - Sync 1 DAGs
[2025-01-28T10:40:20.314+0000] {logging_mixin.py:190} INFO - [2025-01-28T10:40:20.312+0000] {dag.py:4180} INFO - Setting next_dagrun for example_task_group_decorator to None, run_after=None
[2025-01-28T10:40:20.351+0000] {processor.py:208} INFO - Processing /mnt/c/Users/Admin/Desktop/ud_data/Dataslush_umang/airflow/airflow_venv/lib/python3.12/site-packages/airflow/example_dags/example_task_group_decorator.py took 0.224 seconds
[2025-01-28T10:41:14.540+0000] {processor.py:186} INFO - Started process (PID=17405) to work on /mnt/c/Users/Admin/Desktop/ud_data/Dataslush_umang/airflow/airflow_venv/lib/python3.12/site-packages/airflow/example_dags/example_task_group_decorator.py
[2025-01-28T10:41:14.542+0000] {processor.py:914} INFO - Processing file /mnt/c/Users/Admin/Desktop/ud_data/Dataslush_umang/airflow/airflow_venv/lib/python3.12/site-packages/airflow/example_dags/example_task_group_decorator.py for tasks to queue
[2025-01-28T10:41:14.546+0000] {logging_mixin.py:190} INFO - [2025-01-28T10:41:14.545+0000] {dagbag.py:588} INFO - Filling up the DagBag from /mnt/c/Users/Admin/Desktop/ud_data/Dataslush_umang/airflow/airflow_venv/lib/python3.12/site-packages/airflow/example_dags/example_task_group_decorator.py
[2025-01-28T10:41:14.653+0000] {processor.py:925} INFO - DAG(s) 'example_task_group_decorator' retrieved from /mnt/c/Users/Admin/Desktop/ud_data/Dataslush_umang/airflow/airflow_venv/lib/python3.12/site-packages/airflow/example_dags/example_task_group_decorator.py
[2025-01-28T10:41:14.682+0000] {logging_mixin.py:190} INFO - [2025-01-28T10:41:14.680+0000] {dag.py:3239} INFO - Sync 1 DAGs
[2025-01-28T10:41:14.697+0000] {logging_mixin.py:190} INFO - [2025-01-28T10:41:14.695+0000] {dag.py:4180} INFO - Setting next_dagrun for example_task_group_decorator to None, run_after=None
[2025-01-28T10:41:14.744+0000] {processor.py:208} INFO - Processing /mnt/c/Users/Admin/Desktop/ud_data/Dataslush_umang/airflow/airflow_venv/lib/python3.12/site-packages/airflow/example_dags/example_task_group_decorator.py took 0.233 seconds
[2025-01-28T10:42:59.527+0000] {processor.py:186} INFO - Started process (PID=17715) to work on /mnt/c/Users/Admin/Desktop/ud_data/Dataslush_umang/airflow/airflow_venv/lib/python3.12/site-packages/airflow/example_dags/example_task_group_decorator.py
[2025-01-28T10:42:59.607+0000] {processor.py:914} INFO - Processing file /mnt/c/Users/Admin/Desktop/ud_data/Dataslush_umang/airflow/airflow_venv/lib/python3.12/site-packages/airflow/example_dags/example_task_group_decorator.py for tasks to queue
[2025-01-28T10:42:59.614+0000] {logging_mixin.py:190} INFO - [2025-01-28T10:42:59.612+0000] {dagbag.py:588} INFO - Filling up the DagBag from /mnt/c/Users/Admin/Desktop/ud_data/Dataslush_umang/airflow/airflow_venv/lib/python3.12/site-packages/airflow/example_dags/example_task_group_decorator.py
[2025-01-28T10:42:59.723+0000] {processor.py:925} INFO - DAG(s) 'example_task_group_decorator' retrieved from /mnt/c/Users/Admin/Desktop/ud_data/Dataslush_umang/airflow/airflow_venv/lib/python3.12/site-packages/airflow/example_dags/example_task_group_decorator.py
[2025-01-28T10:42:59.758+0000] {logging_mixin.py:190} INFO - [2025-01-28T10:42:59.755+0000] {dag.py:3239} INFO - Sync 1 DAGs
[2025-01-28T10:42:59.776+0000] {logging_mixin.py:190} INFO - [2025-01-28T10:42:59.774+0000] {dag.py:4180} INFO - Setting next_dagrun for example_task_group_decorator to None, run_after=None
[2025-01-28T10:43:00.077+0000] {processor.py:208} INFO - Processing /mnt/c/Users/Admin/Desktop/ud_data/Dataslush_umang/airflow/airflow_venv/lib/python3.12/site-packages/airflow/example_dags/example_task_group_decorator.py took 0.578 seconds
[2025-01-28T10:44:47.792+0000] {processor.py:186} INFO - Started process (PID=17851) to work on /mnt/c/Users/Admin/Desktop/ud_data/Dataslush_umang/airflow/airflow_venv/lib/python3.12/site-packages/airflow/example_dags/example_task_group_decorator.py
[2025-01-28T10:44:47.794+0000] {processor.py:914} INFO - Processing file /mnt/c/Users/Admin/Desktop/ud_data/Dataslush_umang/airflow/airflow_venv/lib/python3.12/site-packages/airflow/example_dags/example_task_group_decorator.py for tasks to queue
[2025-01-28T10:44:47.800+0000] {logging_mixin.py:190} INFO - [2025-01-28T10:44:47.798+0000] {dagbag.py:588} INFO - Filling up the DagBag from /mnt/c/Users/Admin/Desktop/ud_data/Dataslush_umang/airflow/airflow_venv/lib/python3.12/site-packages/airflow/example_dags/example_task_group_decorator.py
[2025-01-28T10:44:47.950+0000] {processor.py:925} INFO - DAG(s) 'example_task_group_decorator' retrieved from /mnt/c/Users/Admin/Desktop/ud_data/Dataslush_umang/airflow/airflow_venv/lib/python3.12/site-packages/airflow/example_dags/example_task_group_decorator.py
[2025-01-28T10:44:48.000+0000] {logging_mixin.py:190} INFO - [2025-01-28T10:44:47.998+0000] {dag.py:3239} INFO - Sync 1 DAGs
[2025-01-28T10:44:48.034+0000] {logging_mixin.py:190} INFO - [2025-01-28T10:44:48.031+0000] {dag.py:4180} INFO - Setting next_dagrun for example_task_group_decorator to None, run_after=None
[2025-01-28T10:44:48.110+0000] {processor.py:208} INFO - Processing /mnt/c/Users/Admin/Desktop/ud_data/Dataslush_umang/airflow/airflow_venv/lib/python3.12/site-packages/airflow/example_dags/example_task_group_decorator.py took 0.347 seconds
[2025-01-28T10:47:19.040+0000] {processor.py:186} INFO - Started process (PID=17986) to work on /mnt/c/Users/Admin/Desktop/ud_data/Dataslush_umang/airflow/airflow_venv/lib/python3.12/site-packages/airflow/example_dags/example_task_group_decorator.py
[2025-01-28T10:47:19.044+0000] {processor.py:914} INFO - Processing file /mnt/c/Users/Admin/Desktop/ud_data/Dataslush_umang/airflow/airflow_venv/lib/python3.12/site-packages/airflow/example_dags/example_task_group_decorator.py for tasks to queue
[2025-01-28T10:47:19.049+0000] {logging_mixin.py:190} INFO - [2025-01-28T10:47:19.048+0000] {dagbag.py:588} INFO - Filling up the DagBag from /mnt/c/Users/Admin/Desktop/ud_data/Dataslush_umang/airflow/airflow_venv/lib/python3.12/site-packages/airflow/example_dags/example_task_group_decorator.py
[2025-01-28T10:47:19.214+0000] {processor.py:925} INFO - DAG(s) 'example_task_group_decorator' retrieved from /mnt/c/Users/Admin/Desktop/ud_data/Dataslush_umang/airflow/airflow_venv/lib/python3.12/site-packages/airflow/example_dags/example_task_group_decorator.py
[2025-01-28T10:47:19.285+0000] {logging_mixin.py:190} INFO - [2025-01-28T10:47:19.283+0000] {dag.py:3239} INFO - Sync 1 DAGs
[2025-01-28T10:47:19.324+0000] {logging_mixin.py:190} INFO - [2025-01-28T10:47:19.321+0000] {dag.py:4180} INFO - Setting next_dagrun for example_task_group_decorator to None, run_after=None
[2025-01-28T10:47:19.367+0000] {processor.py:208} INFO - Processing /mnt/c/Users/Admin/Desktop/ud_data/Dataslush_umang/airflow/airflow_venv/lib/python3.12/site-packages/airflow/example_dags/example_task_group_decorator.py took 0.353 seconds
[2025-01-28T10:48:10.635+0000] {processor.py:186} INFO - Started process (PID=18085) to work on /mnt/c/Users/Admin/Desktop/ud_data/Dataslush_umang/airflow/airflow_venv/lib/python3.12/site-packages/airflow/example_dags/example_task_group_decorator.py
[2025-01-28T10:48:10.639+0000] {processor.py:914} INFO - Processing file /mnt/c/Users/Admin/Desktop/ud_data/Dataslush_umang/airflow/airflow_venv/lib/python3.12/site-packages/airflow/example_dags/example_task_group_decorator.py for tasks to queue
[2025-01-28T10:48:10.645+0000] {logging_mixin.py:190} INFO - [2025-01-28T10:48:10.643+0000] {dagbag.py:588} INFO - Filling up the DagBag from /mnt/c/Users/Admin/Desktop/ud_data/Dataslush_umang/airflow/airflow_venv/lib/python3.12/site-packages/airflow/example_dags/example_task_group_decorator.py
[2025-01-28T10:48:10.791+0000] {processor.py:925} INFO - DAG(s) 'example_task_group_decorator' retrieved from /mnt/c/Users/Admin/Desktop/ud_data/Dataslush_umang/airflow/airflow_venv/lib/python3.12/site-packages/airflow/example_dags/example_task_group_decorator.py
[2025-01-28T10:48:10.838+0000] {logging_mixin.py:190} INFO - [2025-01-28T10:48:10.836+0000] {dag.py:3239} INFO - Sync 1 DAGs
[2025-01-28T10:48:10.864+0000] {logging_mixin.py:190} INFO - [2025-01-28T10:48:10.862+0000] {dag.py:4180} INFO - Setting next_dagrun for example_task_group_decorator to None, run_after=None
[2025-01-28T10:48:10.913+0000] {processor.py:208} INFO - Processing /mnt/c/Users/Admin/Desktop/ud_data/Dataslush_umang/airflow/airflow_venv/lib/python3.12/site-packages/airflow/example_dags/example_task_group_decorator.py took 0.311 seconds
[2025-01-28T10:50:22.175+0000] {processor.py:186} INFO - Started process (PID=18286) to work on /mnt/c/Users/Admin/Desktop/ud_data/Dataslush_umang/airflow/airflow_venv/lib/python3.12/site-packages/airflow/example_dags/example_task_group_decorator.py
[2025-01-28T10:50:22.178+0000] {processor.py:914} INFO - Processing file /mnt/c/Users/Admin/Desktop/ud_data/Dataslush_umang/airflow/airflow_venv/lib/python3.12/site-packages/airflow/example_dags/example_task_group_decorator.py for tasks to queue
[2025-01-28T10:50:22.183+0000] {logging_mixin.py:190} INFO - [2025-01-28T10:50:22.182+0000] {dagbag.py:588} INFO - Filling up the DagBag from /mnt/c/Users/Admin/Desktop/ud_data/Dataslush_umang/airflow/airflow_venv/lib/python3.12/site-packages/airflow/example_dags/example_task_group_decorator.py
[2025-01-28T10:49:52.225+0000] {processor.py:925} INFO - DAG(s) 'example_task_group_decorator' retrieved from /mnt/c/Users/Admin/Desktop/ud_data/Dataslush_umang/airflow/airflow_venv/lib/python3.12/site-packages/airflow/example_dags/example_task_group_decorator.py
[2025-01-28T10:49:52.311+0000] {logging_mixin.py:190} INFO - [2025-01-28T10:49:52.309+0000] {dag.py:3239} INFO - Sync 1 DAGs
[2025-01-28T10:49:52.331+0000] {logging_mixin.py:190} INFO - [2025-01-28T10:49:52.329+0000] {dag.py:4180} INFO - Setting next_dagrun for example_task_group_decorator to None, run_after=None
[2025-01-28T10:49:53.035+0000] {processor.py:208} INFO - Processing /mnt/c/Users/Admin/Desktop/ud_data/Dataslush_umang/airflow/airflow_venv/lib/python3.12/site-packages/airflow/example_dags/example_task_group_decorator.py took 0.976 seconds
[2025-01-28T10:51:06.363+0000] {processor.py:186} INFO - Started process (PID=18491) to work on /mnt/c/Users/Admin/Desktop/ud_data/Dataslush_umang/airflow/airflow_venv/lib/python3.12/site-packages/airflow/example_dags/example_task_group_decorator.py
[2025-01-28T10:51:06.367+0000] {processor.py:914} INFO - Processing file /mnt/c/Users/Admin/Desktop/ud_data/Dataslush_umang/airflow/airflow_venv/lib/python3.12/site-packages/airflow/example_dags/example_task_group_decorator.py for tasks to queue
[2025-01-28T10:51:06.372+0000] {logging_mixin.py:190} INFO - [2025-01-28T10:51:06.370+0000] {dagbag.py:588} INFO - Filling up the DagBag from /mnt/c/Users/Admin/Desktop/ud_data/Dataslush_umang/airflow/airflow_venv/lib/python3.12/site-packages/airflow/example_dags/example_task_group_decorator.py
[2025-01-28T10:51:06.512+0000] {processor.py:925} INFO - DAG(s) 'example_task_group_decorator' retrieved from /mnt/c/Users/Admin/Desktop/ud_data/Dataslush_umang/airflow/airflow_venv/lib/python3.12/site-packages/airflow/example_dags/example_task_group_decorator.py
[2025-01-28T10:51:06.547+0000] {logging_mixin.py:190} INFO - [2025-01-28T10:51:06.545+0000] {dag.py:3239} INFO - Sync 1 DAGs
[2025-01-28T10:51:06.565+0000] {logging_mixin.py:190} INFO - [2025-01-28T10:51:06.563+0000] {dag.py:4180} INFO - Setting next_dagrun for example_task_group_decorator to None, run_after=None
[2025-01-28T10:51:06.610+0000] {processor.py:208} INFO - Processing /mnt/c/Users/Admin/Desktop/ud_data/Dataslush_umang/airflow/airflow_venv/lib/python3.12/site-packages/airflow/example_dags/example_task_group_decorator.py took 0.274 seconds
[2025-01-28T10:52:49.983+0000] {processor.py:186} INFO - Started process (PID=18660) to work on /mnt/c/Users/Admin/Desktop/ud_data/Dataslush_umang/airflow/airflow_venv/lib/python3.12/site-packages/airflow/example_dags/example_task_group_decorator.py
[2025-01-28T10:52:49.985+0000] {processor.py:914} INFO - Processing file /mnt/c/Users/Admin/Desktop/ud_data/Dataslush_umang/airflow/airflow_venv/lib/python3.12/site-packages/airflow/example_dags/example_task_group_decorator.py for tasks to queue
[2025-01-28T10:52:49.990+0000] {logging_mixin.py:190} INFO - [2025-01-28T10:52:49.988+0000] {dagbag.py:588} INFO - Filling up the DagBag from /mnt/c/Users/Admin/Desktop/ud_data/Dataslush_umang/airflow/airflow_venv/lib/python3.12/site-packages/airflow/example_dags/example_task_group_decorator.py
[2025-01-28T10:52:50.122+0000] {processor.py:925} INFO - DAG(s) 'example_task_group_decorator' retrieved from /mnt/c/Users/Admin/Desktop/ud_data/Dataslush_umang/airflow/airflow_venv/lib/python3.12/site-packages/airflow/example_dags/example_task_group_decorator.py
[2025-01-28T10:52:50.156+0000] {logging_mixin.py:190} INFO - [2025-01-28T10:52:50.155+0000] {dag.py:3239} INFO - Sync 1 DAGs
[2025-01-28T10:52:50.173+0000] {logging_mixin.py:190} INFO - [2025-01-28T10:52:50.172+0000] {dag.py:4180} INFO - Setting next_dagrun for example_task_group_decorator to None, run_after=None
[2025-01-28T10:52:50.215+0000] {processor.py:208} INFO - Processing /mnt/c/Users/Admin/Desktop/ud_data/Dataslush_umang/airflow/airflow_venv/lib/python3.12/site-packages/airflow/example_dags/example_task_group_decorator.py took 0.253 seconds
[2025-01-28T10:54:37.235+0000] {processor.py:186} INFO - Started process (PID=18813) to work on /mnt/c/Users/Admin/Desktop/ud_data/Dataslush_umang/airflow/airflow_venv/lib/python3.12/site-packages/airflow/example_dags/example_task_group_decorator.py
[2025-01-28T10:54:37.238+0000] {processor.py:914} INFO - Processing file /mnt/c/Users/Admin/Desktop/ud_data/Dataslush_umang/airflow/airflow_venv/lib/python3.12/site-packages/airflow/example_dags/example_task_group_decorator.py for tasks to queue
[2025-01-28T10:54:37.245+0000] {logging_mixin.py:190} INFO - [2025-01-28T10:54:37.242+0000] {dagbag.py:588} INFO - Filling up the DagBag from /mnt/c/Users/Admin/Desktop/ud_data/Dataslush_umang/airflow/airflow_venv/lib/python3.12/site-packages/airflow/example_dags/example_task_group_decorator.py
[2025-01-28T10:54:37.377+0000] {processor.py:925} INFO - DAG(s) 'example_task_group_decorator' retrieved from /mnt/c/Users/Admin/Desktop/ud_data/Dataslush_umang/airflow/airflow_venv/lib/python3.12/site-packages/airflow/example_dags/example_task_group_decorator.py
[2025-01-28T10:55:07.475+0000] {logging_mixin.py:190} INFO - [2025-01-28T10:55:07.474+0000] {dag.py:3239} INFO - Sync 1 DAGs
[2025-01-28T10:55:07.494+0000] {logging_mixin.py:190} INFO - [2025-01-28T10:55:07.492+0000] {dag.py:4180} INFO - Setting next_dagrun for example_task_group_decorator to None, run_after=None
[2025-01-28T10:55:07.539+0000] {processor.py:208} INFO - Processing /mnt/c/Users/Admin/Desktop/ud_data/Dataslush_umang/airflow/airflow_venv/lib/python3.12/site-packages/airflow/example_dags/example_task_group_decorator.py took 0.271 seconds
[2025-01-28T10:56:08.055+0000] {processor.py:186} INFO - Started process (PID=19004) to work on /mnt/c/Users/Admin/Desktop/ud_data/Dataslush_umang/airflow/airflow_venv/lib/python3.12/site-packages/airflow/example_dags/example_task_group_decorator.py
[2025-01-28T10:56:08.059+0000] {processor.py:914} INFO - Processing file /mnt/c/Users/Admin/Desktop/ud_data/Dataslush_umang/airflow/airflow_venv/lib/python3.12/site-packages/airflow/example_dags/example_task_group_decorator.py for tasks to queue
[2025-01-28T10:56:08.066+0000] {logging_mixin.py:190} INFO - [2025-01-28T10:56:08.064+0000] {dagbag.py:588} INFO - Filling up the DagBag from /mnt/c/Users/Admin/Desktop/ud_data/Dataslush_umang/airflow/airflow_venv/lib/python3.12/site-packages/airflow/example_dags/example_task_group_decorator.py
[2025-01-28T10:56:08.194+0000] {processor.py:925} INFO - DAG(s) 'example_task_group_decorator' retrieved from /mnt/c/Users/Admin/Desktop/ud_data/Dataslush_umang/airflow/airflow_venv/lib/python3.12/site-packages/airflow/example_dags/example_task_group_decorator.py
[2025-01-28T10:56:08.233+0000] {logging_mixin.py:190} INFO - [2025-01-28T10:56:08.231+0000] {dag.py:3239} INFO - Sync 1 DAGs
[2025-01-28T10:56:08.256+0000] {logging_mixin.py:190} INFO - [2025-01-28T10:56:08.255+0000] {dag.py:4180} INFO - Setting next_dagrun for example_task_group_decorator to None, run_after=None
[2025-01-28T10:56:08.300+0000] {processor.py:208} INFO - Processing /mnt/c/Users/Admin/Desktop/ud_data/Dataslush_umang/airflow/airflow_venv/lib/python3.12/site-packages/airflow/example_dags/example_task_group_decorator.py took 0.276 seconds
[2025-01-28T10:57:05.480+0000] {processor.py:186} INFO - Started process (PID=19125) to work on /mnt/c/Users/Admin/Desktop/ud_data/Dataslush_umang/airflow/airflow_venv/lib/python3.12/site-packages/airflow/example_dags/example_task_group_decorator.py
[2025-01-28T10:57:05.484+0000] {processor.py:914} INFO - Processing file /mnt/c/Users/Admin/Desktop/ud_data/Dataslush_umang/airflow/airflow_venv/lib/python3.12/site-packages/airflow/example_dags/example_task_group_decorator.py for tasks to queue
[2025-01-28T10:57:05.489+0000] {logging_mixin.py:190} INFO - [2025-01-28T10:57:05.488+0000] {dagbag.py:588} INFO - Filling up the DagBag from /mnt/c/Users/Admin/Desktop/ud_data/Dataslush_umang/airflow/airflow_venv/lib/python3.12/site-packages/airflow/example_dags/example_task_group_decorator.py
[2025-01-28T10:57:05.620+0000] {processor.py:925} INFO - DAG(s) 'example_task_group_decorator' retrieved from /mnt/c/Users/Admin/Desktop/ud_data/Dataslush_umang/airflow/airflow_venv/lib/python3.12/site-packages/airflow/example_dags/example_task_group_decorator.py
[2025-01-28T10:57:05.665+0000] {logging_mixin.py:190} INFO - [2025-01-28T10:57:05.664+0000] {dag.py:3239} INFO - Sync 1 DAGs
[2025-01-28T10:57:05.687+0000] {logging_mixin.py:190} INFO - [2025-01-28T10:57:05.686+0000] {dag.py:4180} INFO - Setting next_dagrun for example_task_group_decorator to None, run_after=None
[2025-01-28T10:57:05.730+0000] {processor.py:208} INFO - Processing /mnt/c/Users/Admin/Desktop/ud_data/Dataslush_umang/airflow/airflow_venv/lib/python3.12/site-packages/airflow/example_dags/example_task_group_decorator.py took 0.274 seconds
[2025-01-28T10:58:27.256+0000] {processor.py:186} INFO - Started process (PID=19269) to work on /mnt/c/Users/Admin/Desktop/ud_data/Dataslush_umang/airflow/airflow_venv/lib/python3.12/site-packages/airflow/example_dags/example_task_group_decorator.py
[2025-01-28T10:58:27.267+0000] {processor.py:914} INFO - Processing file /mnt/c/Users/Admin/Desktop/ud_data/Dataslush_umang/airflow/airflow_venv/lib/python3.12/site-packages/airflow/example_dags/example_task_group_decorator.py for tasks to queue
[2025-01-28T10:58:27.272+0000] {logging_mixin.py:190} INFO - [2025-01-28T10:58:27.270+0000] {dagbag.py:588} INFO - Filling up the DagBag from /mnt/c/Users/Admin/Desktop/ud_data/Dataslush_umang/airflow/airflow_venv/lib/python3.12/site-packages/airflow/example_dags/example_task_group_decorator.py
[2025-01-28T10:58:27.389+0000] {processor.py:925} INFO - DAG(s) 'example_task_group_decorator' retrieved from /mnt/c/Users/Admin/Desktop/ud_data/Dataslush_umang/airflow/airflow_venv/lib/python3.12/site-packages/airflow/example_dags/example_task_group_decorator.py
[2025-01-28T10:58:27.439+0000] {logging_mixin.py:190} INFO - [2025-01-28T10:58:27.437+0000] {dag.py:3239} INFO - Sync 1 DAGs
[2025-01-28T10:58:27.462+0000] {logging_mixin.py:190} INFO - [2025-01-28T10:58:27.461+0000] {dag.py:4180} INFO - Setting next_dagrun for example_task_group_decorator to None, run_after=None
[2025-01-28T10:58:27.506+0000] {processor.py:208} INFO - Processing /mnt/c/Users/Admin/Desktop/ud_data/Dataslush_umang/airflow/airflow_venv/lib/python3.12/site-packages/airflow/example_dags/example_task_group_decorator.py took 0.278 seconds
[2025-01-28T11:00:02.374+0000] {processor.py:186} INFO - Started process (PID=19460) to work on /mnt/c/Users/Admin/Desktop/ud_data/Dataslush_umang/airflow/airflow_venv/lib/python3.12/site-packages/airflow/example_dags/example_task_group_decorator.py
[2025-01-28T11:00:02.387+0000] {processor.py:914} INFO - Processing file /mnt/c/Users/Admin/Desktop/ud_data/Dataslush_umang/airflow/airflow_venv/lib/python3.12/site-packages/airflow/example_dags/example_task_group_decorator.py for tasks to queue
[2025-01-28T11:00:02.392+0000] {logging_mixin.py:190} INFO - [2025-01-28T11:00:02.391+0000] {dagbag.py:588} INFO - Filling up the DagBag from /mnt/c/Users/Admin/Desktop/ud_data/Dataslush_umang/airflow/airflow_venv/lib/python3.12/site-packages/airflow/example_dags/example_task_group_decorator.py
[2025-01-28T11:00:02.527+0000] {processor.py:925} INFO - DAG(s) 'example_task_group_decorator' retrieved from /mnt/c/Users/Admin/Desktop/ud_data/Dataslush_umang/airflow/airflow_venv/lib/python3.12/site-packages/airflow/example_dags/example_task_group_decorator.py
[2025-01-28T11:00:02.563+0000] {logging_mixin.py:190} INFO - [2025-01-28T11:00:02.561+0000] {dag.py:3239} INFO - Sync 1 DAGs
[2025-01-28T11:00:02.580+0000] {logging_mixin.py:190} INFO - [2025-01-28T11:00:02.578+0000] {dag.py:4180} INFO - Setting next_dagrun for example_task_group_decorator to None, run_after=None
[2025-01-28T11:00:02.622+0000] {processor.py:208} INFO - Processing /mnt/c/Users/Admin/Desktop/ud_data/Dataslush_umang/airflow/airflow_venv/lib/python3.12/site-packages/airflow/example_dags/example_task_group_decorator.py took 0.275 seconds
[2025-01-28T11:01:00.782+0000] {processor.py:186} INFO - Started process (PID=19551) to work on /mnt/c/Users/Admin/Desktop/ud_data/Dataslush_umang/airflow/airflow_venv/lib/python3.12/site-packages/airflow/example_dags/example_task_group_decorator.py
[2025-01-28T11:01:00.785+0000] {processor.py:914} INFO - Processing file /mnt/c/Users/Admin/Desktop/ud_data/Dataslush_umang/airflow/airflow_venv/lib/python3.12/site-packages/airflow/example_dags/example_task_group_decorator.py for tasks to queue
[2025-01-28T11:01:00.791+0000] {logging_mixin.py:190} INFO - [2025-01-28T11:01:00.789+0000] {dagbag.py:588} INFO - Filling up the DagBag from /mnt/c/Users/Admin/Desktop/ud_data/Dataslush_umang/airflow/airflow_venv/lib/python3.12/site-packages/airflow/example_dags/example_task_group_decorator.py
[2025-01-28T11:01:00.938+0000] {processor.py:925} INFO - DAG(s) 'example_task_group_decorator' retrieved from /mnt/c/Users/Admin/Desktop/ud_data/Dataslush_umang/airflow/airflow_venv/lib/python3.12/site-packages/airflow/example_dags/example_task_group_decorator.py
[2025-01-28T11:01:00.982+0000] {logging_mixin.py:190} INFO - [2025-01-28T11:01:00.980+0000] {dag.py:3239} INFO - Sync 1 DAGs
[2025-01-28T11:01:01.006+0000] {logging_mixin.py:190} INFO - [2025-01-28T11:01:01.005+0000] {dag.py:4180} INFO - Setting next_dagrun for example_task_group_decorator to None, run_after=None
[2025-01-28T11:01:01.196+0000] {processor.py:208} INFO - Processing /mnt/c/Users/Admin/Desktop/ud_data/Dataslush_umang/airflow/airflow_venv/lib/python3.12/site-packages/airflow/example_dags/example_task_group_decorator.py took 0.439 seconds
[2025-01-28T11:01:57.183+0000] {processor.py:186} INFO - Started process (PID=19619) to work on /mnt/c/Users/Admin/Desktop/ud_data/Dataslush_umang/airflow/airflow_venv/lib/python3.12/site-packages/airflow/example_dags/example_task_group_decorator.py
[2025-01-28T11:01:57.201+0000] {processor.py:914} INFO - Processing file /mnt/c/Users/Admin/Desktop/ud_data/Dataslush_umang/airflow/airflow_venv/lib/python3.12/site-packages/airflow/example_dags/example_task_group_decorator.py for tasks to queue
[2025-01-28T11:01:57.207+0000] {logging_mixin.py:190} INFO - [2025-01-28T11:01:57.205+0000] {dagbag.py:588} INFO - Filling up the DagBag from /mnt/c/Users/Admin/Desktop/ud_data/Dataslush_umang/airflow/airflow_venv/lib/python3.12/site-packages/airflow/example_dags/example_task_group_decorator.py
[2025-01-28T11:01:57.312+0000] {processor.py:925} INFO - DAG(s) 'example_task_group_decorator' retrieved from /mnt/c/Users/Admin/Desktop/ud_data/Dataslush_umang/airflow/airflow_venv/lib/python3.12/site-packages/airflow/example_dags/example_task_group_decorator.py
[2025-01-28T11:01:57.340+0000] {logging_mixin.py:190} INFO - [2025-01-28T11:01:57.339+0000] {dag.py:3239} INFO - Sync 1 DAGs
[2025-01-28T11:01:57.362+0000] {logging_mixin.py:190} INFO - [2025-01-28T11:01:57.360+0000] {dag.py:4180} INFO - Setting next_dagrun for example_task_group_decorator to None, run_after=None
[2025-01-28T11:01:59.186+0000] {processor.py:208} INFO - Processing /mnt/c/Users/Admin/Desktop/ud_data/Dataslush_umang/airflow/airflow_venv/lib/python3.12/site-packages/airflow/example_dags/example_task_group_decorator.py took 2.040 seconds
[2025-01-28T11:03:50.817+0000] {processor.py:186} INFO - Started process (PID=19834) to work on /mnt/c/Users/Admin/Desktop/ud_data/Dataslush_umang/airflow/airflow_venv/lib/python3.12/site-packages/airflow/example_dags/example_task_group_decorator.py
[2025-01-28T11:03:50.820+0000] {processor.py:914} INFO - Processing file /mnt/c/Users/Admin/Desktop/ud_data/Dataslush_umang/airflow/airflow_venv/lib/python3.12/site-packages/airflow/example_dags/example_task_group_decorator.py for tasks to queue
[2025-01-28T11:03:50.828+0000] {logging_mixin.py:190} INFO - [2025-01-28T11:03:50.825+0000] {dagbag.py:588} INFO - Filling up the DagBag from /mnt/c/Users/Admin/Desktop/ud_data/Dataslush_umang/airflow/airflow_venv/lib/python3.12/site-packages/airflow/example_dags/example_task_group_decorator.py
[2025-01-28T11:03:50.928+0000] {processor.py:925} INFO - DAG(s) 'example_task_group_decorator' retrieved from /mnt/c/Users/Admin/Desktop/ud_data/Dataslush_umang/airflow/airflow_venv/lib/python3.12/site-packages/airflow/example_dags/example_task_group_decorator.py
[2025-01-28T11:03:50.998+0000] {logging_mixin.py:190} INFO - [2025-01-28T11:03:50.997+0000] {dag.py:3239} INFO - Sync 1 DAGs
[2025-01-28T11:03:51.033+0000] {logging_mixin.py:190} INFO - [2025-01-28T11:03:51.031+0000] {dag.py:4180} INFO - Setting next_dagrun for example_task_group_decorator to None, run_after=None
[2025-01-28T11:03:51.089+0000] {processor.py:208} INFO - Processing /mnt/c/Users/Admin/Desktop/ud_data/Dataslush_umang/airflow/airflow_venv/lib/python3.12/site-packages/airflow/example_dags/example_task_group_decorator.py took 0.300 seconds
[2025-01-28T11:05:24.847+0000] {processor.py:186} INFO - Started process (PID=19974) to work on /mnt/c/Users/Admin/Desktop/ud_data/Dataslush_umang/airflow/airflow_venv/lib/python3.12/site-packages/airflow/example_dags/example_task_group_decorator.py
[2025-01-28T11:05:24.976+0000] {processor.py:914} INFO - Processing file /mnt/c/Users/Admin/Desktop/ud_data/Dataslush_umang/airflow/airflow_venv/lib/python3.12/site-packages/airflow/example_dags/example_task_group_decorator.py for tasks to queue
[2025-01-28T11:05:24.983+0000] {logging_mixin.py:190} INFO - [2025-01-28T11:05:24.980+0000] {dagbag.py:588} INFO - Filling up the DagBag from /mnt/c/Users/Admin/Desktop/ud_data/Dataslush_umang/airflow/airflow_venv/lib/python3.12/site-packages/airflow/example_dags/example_task_group_decorator.py
[2025-01-28T11:05:25.108+0000] {processor.py:925} INFO - DAG(s) 'example_task_group_decorator' retrieved from /mnt/c/Users/Admin/Desktop/ud_data/Dataslush_umang/airflow/airflow_venv/lib/python3.12/site-packages/airflow/example_dags/example_task_group_decorator.py
[2025-01-28T11:05:25.143+0000] {logging_mixin.py:190} INFO - [2025-01-28T11:05:25.141+0000] {dag.py:3239} INFO - Sync 1 DAGs
[2025-01-28T11:05:25.165+0000] {logging_mixin.py:190} INFO - [2025-01-28T11:05:25.163+0000] {dag.py:4180} INFO - Setting next_dagrun for example_task_group_decorator to None, run_after=None
[2025-01-28T11:05:25.599+0000] {processor.py:208} INFO - Processing /mnt/c/Users/Admin/Desktop/ud_data/Dataslush_umang/airflow/airflow_venv/lib/python3.12/site-packages/airflow/example_dags/example_task_group_decorator.py took 0.776 seconds
[2025-01-28T11:06:33.168+0000] {processor.py:186} INFO - Started process (PID=20029) to work on /mnt/c/Users/Admin/Desktop/ud_data/Dataslush_umang/airflow/airflow_venv/lib/python3.12/site-packages/airflow/example_dags/example_task_group_decorator.py
[2025-01-28T11:06:33.183+0000] {processor.py:914} INFO - Processing file /mnt/c/Users/Admin/Desktop/ud_data/Dataslush_umang/airflow/airflow_venv/lib/python3.12/site-packages/airflow/example_dags/example_task_group_decorator.py for tasks to queue
[2025-01-28T11:06:33.190+0000] {logging_mixin.py:190} INFO - [2025-01-28T11:06:33.188+0000] {dagbag.py:588} INFO - Filling up the DagBag from /mnt/c/Users/Admin/Desktop/ud_data/Dataslush_umang/airflow/airflow_venv/lib/python3.12/site-packages/airflow/example_dags/example_task_group_decorator.py
[2025-01-28T11:06:33.300+0000] {processor.py:925} INFO - DAG(s) 'example_task_group_decorator' retrieved from /mnt/c/Users/Admin/Desktop/ud_data/Dataslush_umang/airflow/airflow_venv/lib/python3.12/site-packages/airflow/example_dags/example_task_group_decorator.py
[2025-01-28T11:06:33.335+0000] {logging_mixin.py:190} INFO - [2025-01-28T11:06:33.333+0000] {dag.py:3239} INFO - Sync 1 DAGs
[2025-01-28T11:06:33.354+0000] {logging_mixin.py:190} INFO - [2025-01-28T11:06:33.353+0000] {dag.py:4180} INFO - Setting next_dagrun for example_task_group_decorator to None, run_after=None
[2025-01-28T11:06:33.391+0000] {processor.py:208} INFO - Processing /mnt/c/Users/Admin/Desktop/ud_data/Dataslush_umang/airflow/airflow_venv/lib/python3.12/site-packages/airflow/example_dags/example_task_group_decorator.py took 0.249 seconds
[2025-01-28T11:07:38.605+0000] {processor.py:186} INFO - Started process (PID=20129) to work on /mnt/c/Users/Admin/Desktop/ud_data/Dataslush_umang/airflow/airflow_venv/lib/python3.12/site-packages/airflow/example_dags/example_task_group_decorator.py
[2025-01-28T11:07:38.609+0000] {processor.py:914} INFO - Processing file /mnt/c/Users/Admin/Desktop/ud_data/Dataslush_umang/airflow/airflow_venv/lib/python3.12/site-packages/airflow/example_dags/example_task_group_decorator.py for tasks to queue
[2025-01-28T11:07:38.615+0000] {logging_mixin.py:190} INFO - [2025-01-28T11:07:38.613+0000] {dagbag.py:588} INFO - Filling up the DagBag from /mnt/c/Users/Admin/Desktop/ud_data/Dataslush_umang/airflow/airflow_venv/lib/python3.12/site-packages/airflow/example_dags/example_task_group_decorator.py
[2025-01-28T11:08:08.826+0000] {processor.py:925} INFO - DAG(s) 'example_task_group_decorator' retrieved from /mnt/c/Users/Admin/Desktop/ud_data/Dataslush_umang/airflow/airflow_venv/lib/python3.12/site-packages/airflow/example_dags/example_task_group_decorator.py
[2025-01-28T11:08:08.861+0000] {logging_mixin.py:190} INFO - [2025-01-28T11:08:08.859+0000] {dag.py:3239} INFO - Sync 1 DAGs
[2025-01-28T11:08:08.881+0000] {logging_mixin.py:190} INFO - [2025-01-28T11:08:08.878+0000] {dag.py:4180} INFO - Setting next_dagrun for example_task_group_decorator to None, run_after=None
[2025-01-28T11:08:08.932+0000] {processor.py:208} INFO - Processing /mnt/c/Users/Admin/Desktop/ud_data/Dataslush_umang/airflow/airflow_venv/lib/python3.12/site-packages/airflow/example_dags/example_task_group_decorator.py took 0.276 seconds
[2025-01-28T11:09:10.323+0000] {processor.py:186} INFO - Started process (PID=20279) to work on /mnt/c/Users/Admin/Desktop/ud_data/Dataslush_umang/airflow/airflow_venv/lib/python3.12/site-packages/airflow/example_dags/example_task_group_decorator.py
[2025-01-28T11:09:10.326+0000] {processor.py:914} INFO - Processing file /mnt/c/Users/Admin/Desktop/ud_data/Dataslush_umang/airflow/airflow_venv/lib/python3.12/site-packages/airflow/example_dags/example_task_group_decorator.py for tasks to queue
[2025-01-28T11:09:10.332+0000] {logging_mixin.py:190} INFO - [2025-01-28T11:09:10.330+0000] {dagbag.py:588} INFO - Filling up the DagBag from /mnt/c/Users/Admin/Desktop/ud_data/Dataslush_umang/airflow/airflow_venv/lib/python3.12/site-packages/airflow/example_dags/example_task_group_decorator.py
[2025-01-28T11:09:10.461+0000] {processor.py:925} INFO - DAG(s) 'example_task_group_decorator' retrieved from /mnt/c/Users/Admin/Desktop/ud_data/Dataslush_umang/airflow/airflow_venv/lib/python3.12/site-packages/airflow/example_dags/example_task_group_decorator.py
[2025-01-28T11:09:10.498+0000] {logging_mixin.py:190} INFO - [2025-01-28T11:09:10.496+0000] {dag.py:3239} INFO - Sync 1 DAGs
[2025-01-28T11:09:10.521+0000] {logging_mixin.py:190} INFO - [2025-01-28T11:09:10.519+0000] {dag.py:4180} INFO - Setting next_dagrun for example_task_group_decorator to None, run_after=None
[2025-01-28T11:09:10.573+0000] {processor.py:208} INFO - Processing /mnt/c/Users/Admin/Desktop/ud_data/Dataslush_umang/airflow/airflow_venv/lib/python3.12/site-packages/airflow/example_dags/example_task_group_decorator.py took 0.278 seconds
[2025-01-28T11:10:08.776+0000] {processor.py:186} INFO - Started process (PID=20419) to work on /mnt/c/Users/Admin/Desktop/ud_data/Dataslush_umang/airflow/airflow_venv/lib/python3.12/site-packages/airflow/example_dags/example_task_group_decorator.py
[2025-01-28T11:10:08.783+0000] {processor.py:914} INFO - Processing file /mnt/c/Users/Admin/Desktop/ud_data/Dataslush_umang/airflow/airflow_venv/lib/python3.12/site-packages/airflow/example_dags/example_task_group_decorator.py for tasks to queue
[2025-01-28T11:10:08.789+0000] {logging_mixin.py:190} INFO - [2025-01-28T11:10:08.788+0000] {dagbag.py:588} INFO - Filling up the DagBag from /mnt/c/Users/Admin/Desktop/ud_data/Dataslush_umang/airflow/airflow_venv/lib/python3.12/site-packages/airflow/example_dags/example_task_group_decorator.py
[2025-01-28T11:10:08.896+0000] {processor.py:925} INFO - DAG(s) 'example_task_group_decorator' retrieved from /mnt/c/Users/Admin/Desktop/ud_data/Dataslush_umang/airflow/airflow_venv/lib/python3.12/site-packages/airflow/example_dags/example_task_group_decorator.py
[2025-01-28T11:10:08.937+0000] {logging_mixin.py:190} INFO - [2025-01-28T11:10:08.936+0000] {dag.py:3239} INFO - Sync 1 DAGs
[2025-01-28T11:10:08.958+0000] {logging_mixin.py:190} INFO - [2025-01-28T11:10:08.957+0000] {dag.py:4180} INFO - Setting next_dagrun for example_task_group_decorator to None, run_after=None
[2025-01-28T11:10:39.114+0000] {processor.py:208} INFO - Processing /mnt/c/Users/Admin/Desktop/ud_data/Dataslush_umang/airflow/airflow_venv/lib/python3.12/site-packages/airflow/example_dags/example_task_group_decorator.py took 0.287 seconds
[2025-01-28T11:11:32.977+0000] {processor.py:186} INFO - Started process (PID=20535) to work on /mnt/c/Users/Admin/Desktop/ud_data/Dataslush_umang/airflow/airflow_venv/lib/python3.12/site-packages/airflow/example_dags/example_task_group_decorator.py
[2025-01-28T11:11:32.985+0000] {processor.py:914} INFO - Processing file /mnt/c/Users/Admin/Desktop/ud_data/Dataslush_umang/airflow/airflow_venv/lib/python3.12/site-packages/airflow/example_dags/example_task_group_decorator.py for tasks to queue
[2025-01-28T11:11:32.990+0000] {logging_mixin.py:190} INFO - [2025-01-28T11:11:32.988+0000] {dagbag.py:588} INFO - Filling up the DagBag from /mnt/c/Users/Admin/Desktop/ud_data/Dataslush_umang/airflow/airflow_venv/lib/python3.12/site-packages/airflow/example_dags/example_task_group_decorator.py
[2025-01-28T11:11:33.097+0000] {processor.py:925} INFO - DAG(s) 'example_task_group_decorator' retrieved from /mnt/c/Users/Admin/Desktop/ud_data/Dataslush_umang/airflow/airflow_venv/lib/python3.12/site-packages/airflow/example_dags/example_task_group_decorator.py
[2025-01-28T11:11:33.138+0000] {logging_mixin.py:190} INFO - [2025-01-28T11:11:33.137+0000] {dag.py:3239} INFO - Sync 1 DAGs
[2025-01-28T11:11:33.163+0000] {logging_mixin.py:190} INFO - [2025-01-28T11:11:33.161+0000] {dag.py:4180} INFO - Setting next_dagrun for example_task_group_decorator to None, run_after=None
[2025-01-28T11:11:33.203+0000] {processor.py:208} INFO - Processing /mnt/c/Users/Admin/Desktop/ud_data/Dataslush_umang/airflow/airflow_venv/lib/python3.12/site-packages/airflow/example_dags/example_task_group_decorator.py took 0.249 seconds
[2025-01-28T11:13:10.091+0000] {processor.py:186} INFO - Started process (PID=20650) to work on /mnt/c/Users/Admin/Desktop/ud_data/Dataslush_umang/airflow/airflow_venv/lib/python3.12/site-packages/airflow/example_dags/example_task_group_decorator.py
[2025-01-28T11:13:10.691+0000] {processor.py:914} INFO - Processing file /mnt/c/Users/Admin/Desktop/ud_data/Dataslush_umang/airflow/airflow_venv/lib/python3.12/site-packages/airflow/example_dags/example_task_group_decorator.py for tasks to queue
[2025-01-28T11:13:10.699+0000] {logging_mixin.py:190} INFO - [2025-01-28T11:13:10.697+0000] {dagbag.py:588} INFO - Filling up the DagBag from /mnt/c/Users/Admin/Desktop/ud_data/Dataslush_umang/airflow/airflow_venv/lib/python3.12/site-packages/airflow/example_dags/example_task_group_decorator.py
[2025-01-28T11:13:10.833+0000] {processor.py:925} INFO - DAG(s) 'example_task_group_decorator' retrieved from /mnt/c/Users/Admin/Desktop/ud_data/Dataslush_umang/airflow/airflow_venv/lib/python3.12/site-packages/airflow/example_dags/example_task_group_decorator.py
[2025-01-28T11:13:10.873+0000] {logging_mixin.py:190} INFO - [2025-01-28T11:13:10.872+0000] {dag.py:3239} INFO - Sync 1 DAGs
[2025-01-28T11:13:10.897+0000] {logging_mixin.py:190} INFO - [2025-01-28T11:13:10.895+0000] {dag.py:4180} INFO - Setting next_dagrun for example_task_group_decorator to None, run_after=None
[2025-01-28T11:13:11.244+0000] {processor.py:208} INFO - Processing /mnt/c/Users/Admin/Desktop/ud_data/Dataslush_umang/airflow/airflow_venv/lib/python3.12/site-packages/airflow/example_dags/example_task_group_decorator.py took 1.183 seconds
[2025-01-28T11:14:42.331+0000] {processor.py:186} INFO - Started process (PID=20757) to work on /mnt/c/Users/Admin/Desktop/ud_data/Dataslush_umang/airflow/airflow_venv/lib/python3.12/site-packages/airflow/example_dags/example_task_group_decorator.py
[2025-01-28T11:14:42.408+0000] {processor.py:914} INFO - Processing file /mnt/c/Users/Admin/Desktop/ud_data/Dataslush_umang/airflow/airflow_venv/lib/python3.12/site-packages/airflow/example_dags/example_task_group_decorator.py for tasks to queue
[2025-01-28T11:14:42.414+0000] {logging_mixin.py:190} INFO - [2025-01-28T11:14:42.411+0000] {dagbag.py:588} INFO - Filling up the DagBag from /mnt/c/Users/Admin/Desktop/ud_data/Dataslush_umang/airflow/airflow_venv/lib/python3.12/site-packages/airflow/example_dags/example_task_group_decorator.py
[2025-01-28T11:14:42.567+0000] {processor.py:925} INFO - DAG(s) 'example_task_group_decorator' retrieved from /mnt/c/Users/Admin/Desktop/ud_data/Dataslush_umang/airflow/airflow_venv/lib/python3.12/site-packages/airflow/example_dags/example_task_group_decorator.py
[2025-01-28T11:14:42.610+0000] {logging_mixin.py:190} INFO - [2025-01-28T11:14:42.609+0000] {dag.py:3239} INFO - Sync 1 DAGs
[2025-01-28T11:14:42.643+0000] {logging_mixin.py:190} INFO - [2025-01-28T11:14:42.642+0000] {dag.py:4180} INFO - Setting next_dagrun for example_task_group_decorator to None, run_after=None
[2025-01-28T11:14:43.934+0000] {processor.py:208} INFO - Processing /mnt/c/Users/Admin/Desktop/ud_data/Dataslush_umang/airflow/airflow_venv/lib/python3.12/site-packages/airflow/example_dags/example_task_group_decorator.py took 1.629 seconds
