[2025-01-28T10:13:56.340+0000] {processor.py:186} INFO - Started process (PID=14878) to work on /mnt/c/Users/Admin/Desktop/ud_data/Dataslush_umang/airflow/airflow_venv/lib/python3.12/site-packages/airflow/example_dags/example_dag_decorator.py
[2025-01-28T10:13:56.341+0000] {processor.py:914} INFO - Processing file /mnt/c/Users/Admin/Desktop/ud_data/Dataslush_umang/airflow/airflow_venv/lib/python3.12/site-packages/airflow/example_dags/example_dag_decorator.py for tasks to queue
[2025-01-28T10:13:56.345+0000] {logging_mixin.py:190} INFO - [2025-01-28T10:13:56.344+0000] {dagbag.py:588} INFO - Filling up the DagBag from /mnt/c/Users/Admin/Desktop/ud_data/Dataslush_umang/airflow/airflow_venv/lib/python3.12/site-packages/airflow/example_dags/example_dag_decorator.py
[2025-01-28T10:13:56.436+0000] {processor.py:925} INFO - DAG(s) 'example_dag_decorator' retrieved from /mnt/c/Users/Admin/Desktop/ud_data/Dataslush_umang/airflow/airflow_venv/lib/python3.12/site-packages/airflow/example_dags/example_dag_decorator.py
[2025-01-28T10:13:57.858+0000] {logging_mixin.py:190} INFO - [2025-01-28T10:13:57.855+0000] {override.py:1912} INFO - Created Permission View: can edit on DAG:example_dag_decorator
[2025-01-28T10:13:57.998+0000] {logging_mixin.py:190} INFO - [2025-01-28T10:13:57.995+0000] {override.py:1912} INFO - Created Permission View: can read on DAG:example_dag_decorator
[2025-01-28T10:13:58.029+0000] {logging_mixin.py:190} INFO - [2025-01-28T10:13:58.027+0000] {override.py:1912} INFO - Created Permission View: can delete on DAG:example_dag_decorator
[2025-01-28T10:14:28.222+0000] {logging_mixin.py:190} INFO - [2025-01-28T10:14:28.220+0000] {override.py:1912} INFO - Created Permission View: can create on DAG Run:example_dag_decorator
[2025-01-28T10:14:28.248+0000] {logging_mixin.py:190} INFO - [2025-01-28T10:14:28.246+0000] {override.py:1912} INFO - Created Permission View: menu access on DAG Run:example_dag_decorator
[2025-01-28T10:14:28.381+0000] {logging_mixin.py:190} INFO - [2025-01-28T10:14:28.379+0000] {override.py:1912} INFO - Created Permission View: can read on DAG Run:example_dag_decorator
[2025-01-28T10:14:28.412+0000] {logging_mixin.py:190} INFO - [2025-01-28T10:14:28.410+0000] {override.py:1912} INFO - Created Permission View: can delete on DAG Run:example_dag_decorator
[2025-01-28T10:14:28.415+0000] {logging_mixin.py:190} INFO - [2025-01-28T10:14:28.414+0000] {dag.py:3239} INFO - Sync 1 DAGs
[2025-01-28T10:13:58.355+0000] {logging_mixin.py:190} INFO - [2025-01-28T10:14:28.438+0000] {dag.py:3262} INFO - Creating ORM DAG for example_dag_decorator
[2025-01-28T10:13:58.358+0000] {logging_mixin.py:190} INFO - [2025-01-28T10:13:58.357+0000] {dag.py:4180} INFO - Setting next_dagrun for example_dag_decorator to None, run_after=None
[2025-01-28T10:13:59.158+0000] {processor.py:208} INFO - Processing /mnt/c/Users/Admin/Desktop/ud_data/Dataslush_umang/airflow/airflow_venv/lib/python3.12/site-packages/airflow/example_dags/example_dag_decorator.py took 2.833 seconds
[2025-01-28T10:15:39.235+0000] {processor.py:186} INFO - Started process (PID=15011) to work on /mnt/c/Users/Admin/Desktop/ud_data/Dataslush_umang/airflow/airflow_venv/lib/python3.12/site-packages/airflow/example_dags/example_dag_decorator.py
[2025-01-28T10:15:39.238+0000] {processor.py:914} INFO - Processing file /mnt/c/Users/Admin/Desktop/ud_data/Dataslush_umang/airflow/airflow_venv/lib/python3.12/site-packages/airflow/example_dags/example_dag_decorator.py for tasks to queue
[2025-01-28T10:15:39.244+0000] {logging_mixin.py:190} INFO - [2025-01-28T10:15:39.242+0000] {dagbag.py:588} INFO - Filling up the DagBag from /mnt/c/Users/Admin/Desktop/ud_data/Dataslush_umang/airflow/airflow_venv/lib/python3.12/site-packages/airflow/example_dags/example_dag_decorator.py
[2025-01-28T10:15:39.358+0000] {processor.py:925} INFO - DAG(s) 'example_dag_decorator' retrieved from /mnt/c/Users/Admin/Desktop/ud_data/Dataslush_umang/airflow/airflow_venv/lib/python3.12/site-packages/airflow/example_dags/example_dag_decorator.py
[2025-01-28T10:15:39.385+0000] {logging_mixin.py:190} INFO - [2025-01-28T10:15:39.383+0000] {dag.py:3239} INFO - Sync 1 DAGs
[2025-01-28T10:15:39.399+0000] {logging_mixin.py:190} INFO - [2025-01-28T10:15:39.397+0000] {dag.py:4180} INFO - Setting next_dagrun for example_dag_decorator to None, run_after=None
[2025-01-28T10:15:39.438+0000] {processor.py:208} INFO - Processing /mnt/c/Users/Admin/Desktop/ud_data/Dataslush_umang/airflow/airflow_venv/lib/python3.12/site-packages/airflow/example_dags/example_dag_decorator.py took 0.230 seconds
[2025-01-28T10:17:22.149+0000] {processor.py:186} INFO - Started process (PID=15198) to work on /mnt/c/Users/Admin/Desktop/ud_data/Dataslush_umang/airflow/airflow_venv/lib/python3.12/site-packages/airflow/example_dags/example_dag_decorator.py
[2025-01-28T10:17:22.178+0000] {processor.py:914} INFO - Processing file /mnt/c/Users/Admin/Desktop/ud_data/Dataslush_umang/airflow/airflow_venv/lib/python3.12/site-packages/airflow/example_dags/example_dag_decorator.py for tasks to queue
[2025-01-28T10:17:22.184+0000] {logging_mixin.py:190} INFO - [2025-01-28T10:17:22.182+0000] {dagbag.py:588} INFO - Filling up the DagBag from /mnt/c/Users/Admin/Desktop/ud_data/Dataslush_umang/airflow/airflow_venv/lib/python3.12/site-packages/airflow/example_dags/example_dag_decorator.py
[2025-01-28T10:17:22.322+0000] {processor.py:925} INFO - DAG(s) 'example_dag_decorator' retrieved from /mnt/c/Users/Admin/Desktop/ud_data/Dataslush_umang/airflow/airflow_venv/lib/python3.12/site-packages/airflow/example_dags/example_dag_decorator.py
[2025-01-28T10:17:53.776+0000] {logging_mixin.py:190} INFO - [2025-01-28T10:17:53.774+0000] {dag.py:3239} INFO - Sync 1 DAGs
[2025-01-28T10:17:53.789+0000] {logging_mixin.py:190} INFO - [2025-01-28T10:17:53.788+0000] {dag.py:4180} INFO - Setting next_dagrun for example_dag_decorator to None, run_after=None
[2025-01-28T10:17:23.900+0000] {processor.py:208} INFO - Processing /mnt/c/Users/Admin/Desktop/ud_data/Dataslush_umang/airflow/airflow_venv/lib/python3.12/site-packages/airflow/example_dags/example_dag_decorator.py took 1.780 seconds
[2025-01-28T10:19:46.151+0000] {processor.py:186} INFO - Started process (PID=15431) to work on /mnt/c/Users/Admin/Desktop/ud_data/Dataslush_umang/airflow/airflow_venv/lib/python3.12/site-packages/airflow/example_dags/example_dag_decorator.py
[2025-01-28T10:19:46.154+0000] {processor.py:914} INFO - Processing file /mnt/c/Users/Admin/Desktop/ud_data/Dataslush_umang/airflow/airflow_venv/lib/python3.12/site-packages/airflow/example_dags/example_dag_decorator.py for tasks to queue
[2025-01-28T10:19:46.160+0000] {logging_mixin.py:190} INFO - [2025-01-28T10:19:46.158+0000] {dagbag.py:588} INFO - Filling up the DagBag from /mnt/c/Users/Admin/Desktop/ud_data/Dataslush_umang/airflow/airflow_venv/lib/python3.12/site-packages/airflow/example_dags/example_dag_decorator.py
[2025-01-28T10:19:46.327+0000] {processor.py:925} INFO - DAG(s) 'example_dag_decorator' retrieved from /mnt/c/Users/Admin/Desktop/ud_data/Dataslush_umang/airflow/airflow_venv/lib/python3.12/site-packages/airflow/example_dags/example_dag_decorator.py
[2025-01-28T10:19:49.892+0000] {logging_mixin.py:190} INFO - [2025-01-28T10:19:49.890+0000] {dag.py:3239} INFO - Sync 1 DAGs
[2025-01-28T10:19:49.910+0000] {logging_mixin.py:190} INFO - [2025-01-28T10:19:49.908+0000] {dag.py:4180} INFO - Setting next_dagrun for example_dag_decorator to None, run_after=None
[2025-01-28T10:19:52.251+0000] {processor.py:208} INFO - Processing /mnt/c/Users/Admin/Desktop/ud_data/Dataslush_umang/airflow/airflow_venv/lib/python3.12/site-packages/airflow/example_dags/example_dag_decorator.py took 6.168 seconds
[2025-01-28T10:23:24.360+0000] {processor.py:186} INFO - Started process (PID=15723) to work on /mnt/c/Users/Admin/Desktop/ud_data/Dataslush_umang/airflow/airflow_venv/lib/python3.12/site-packages/airflow/example_dags/example_dag_decorator.py
[2025-01-28T10:23:24.364+0000] {processor.py:914} INFO - Processing file /mnt/c/Users/Admin/Desktop/ud_data/Dataslush_umang/airflow/airflow_venv/lib/python3.12/site-packages/airflow/example_dags/example_dag_decorator.py for tasks to queue
[2025-01-28T10:23:24.372+0000] {logging_mixin.py:190} INFO - [2025-01-28T10:23:24.369+0000] {dagbag.py:588} INFO - Filling up the DagBag from /mnt/c/Users/Admin/Desktop/ud_data/Dataslush_umang/airflow/airflow_venv/lib/python3.12/site-packages/airflow/example_dags/example_dag_decorator.py
[2025-01-28T10:22:54.428+0000] {processor.py:925} INFO - DAG(s) 'example_dag_decorator' retrieved from /mnt/c/Users/Admin/Desktop/ud_data/Dataslush_umang/airflow/airflow_venv/lib/python3.12/site-packages/airflow/example_dags/example_dag_decorator.py
[2025-01-28T10:22:56.798+0000] {logging_mixin.py:190} INFO - [2025-01-28T10:22:56.795+0000] {dag.py:3239} INFO - Sync 1 DAGs
[2025-01-28T10:22:56.813+0000] {logging_mixin.py:190} INFO - [2025-01-28T10:22:56.811+0000] {dag.py:4180} INFO - Setting next_dagrun for example_dag_decorator to None, run_after=None
[2025-01-28T10:22:56.855+0000] {processor.py:208} INFO - Processing /mnt/c/Users/Admin/Desktop/ud_data/Dataslush_umang/airflow/airflow_venv/lib/python3.12/site-packages/airflow/example_dags/example_dag_decorator.py took 2.666 seconds
[2025-01-28T10:24:38.379+0000] {processor.py:186} INFO - Started process (PID=15914) to work on /mnt/c/Users/Admin/Desktop/ud_data/Dataslush_umang/airflow/airflow_venv/lib/python3.12/site-packages/airflow/example_dags/example_dag_decorator.py
[2025-01-28T10:24:38.386+0000] {processor.py:914} INFO - Processing file /mnt/c/Users/Admin/Desktop/ud_data/Dataslush_umang/airflow/airflow_venv/lib/python3.12/site-packages/airflow/example_dags/example_dag_decorator.py for tasks to queue
[2025-01-28T10:24:38.400+0000] {logging_mixin.py:190} INFO - [2025-01-28T10:24:38.395+0000] {dagbag.py:588} INFO - Filling up the DagBag from /mnt/c/Users/Admin/Desktop/ud_data/Dataslush_umang/airflow/airflow_venv/lib/python3.12/site-packages/airflow/example_dags/example_dag_decorator.py
[2025-01-28T10:24:38.806+0000] {processor.py:925} INFO - DAG(s) 'example_dag_decorator' retrieved from /mnt/c/Users/Admin/Desktop/ud_data/Dataslush_umang/airflow/airflow_venv/lib/python3.12/site-packages/airflow/example_dags/example_dag_decorator.py
[2025-01-28T10:24:41.120+0000] {logging_mixin.py:190} INFO - [2025-01-28T10:24:41.119+0000] {dag.py:3239} INFO - Sync 1 DAGs
[2025-01-28T10:24:41.135+0000] {logging_mixin.py:190} INFO - [2025-01-28T10:24:41.134+0000] {dag.py:4180} INFO - Setting next_dagrun for example_dag_decorator to None, run_after=None
[2025-01-28T10:24:41.176+0000] {processor.py:208} INFO - Processing /mnt/c/Users/Admin/Desktop/ud_data/Dataslush_umang/airflow/airflow_venv/lib/python3.12/site-packages/airflow/example_dags/example_dag_decorator.py took 2.837 seconds
[2025-01-28T10:27:10.885+0000] {processor.py:186} INFO - Started process (PID=16237) to work on /mnt/c/Users/Admin/Desktop/ud_data/Dataslush_umang/airflow/airflow_venv/lib/python3.12/site-packages/airflow/example_dags/example_dag_decorator.py
[2025-01-28T10:27:11.281+0000] {processor.py:914} INFO - Processing file /mnt/c/Users/Admin/Desktop/ud_data/Dataslush_umang/airflow/airflow_venv/lib/python3.12/site-packages/airflow/example_dags/example_dag_decorator.py for tasks to queue
[2025-01-28T10:27:11.296+0000] {logging_mixin.py:190} INFO - [2025-01-28T10:27:11.291+0000] {dagbag.py:588} INFO - Filling up the DagBag from /mnt/c/Users/Admin/Desktop/ud_data/Dataslush_umang/airflow/airflow_venv/lib/python3.12/site-packages/airflow/example_dags/example_dag_decorator.py
[2025-01-28T10:27:11.686+0000] {processor.py:925} INFO - DAG(s) 'example_dag_decorator' retrieved from /mnt/c/Users/Admin/Desktop/ud_data/Dataslush_umang/airflow/airflow_venv/lib/python3.12/site-packages/airflow/example_dags/example_dag_decorator.py
[2025-01-28T10:27:14.229+0000] {logging_mixin.py:190} INFO - [2025-01-28T10:27:14.227+0000] {dag.py:3239} INFO - Sync 1 DAGs
[2025-01-28T10:27:14.244+0000] {logging_mixin.py:190} INFO - [2025-01-28T10:27:14.242+0000] {dag.py:4180} INFO - Setting next_dagrun for example_dag_decorator to None, run_after=None
[2025-01-28T10:27:44.553+0000] {processor.py:208} INFO - Processing /mnt/c/Users/Admin/Desktop/ud_data/Dataslush_umang/airflow/airflow_venv/lib/python3.12/site-packages/airflow/example_dags/example_dag_decorator.py took 3.630 seconds
[2025-01-28T10:30:00.888+0000] {processor.py:186} INFO - Started process (PID=16399) to work on /mnt/c/Users/Admin/Desktop/ud_data/Dataslush_umang/airflow/airflow_venv/lib/python3.12/site-packages/airflow/example_dags/example_dag_decorator.py
[2025-01-28T10:30:01.395+0000] {processor.py:914} INFO - Processing file /mnt/c/Users/Admin/Desktop/ud_data/Dataslush_umang/airflow/airflow_venv/lib/python3.12/site-packages/airflow/example_dags/example_dag_decorator.py for tasks to queue
[2025-01-28T10:30:01.411+0000] {logging_mixin.py:190} INFO - [2025-01-28T10:30:01.406+0000] {dagbag.py:588} INFO - Filling up the DagBag from /mnt/c/Users/Admin/Desktop/ud_data/Dataslush_umang/airflow/airflow_venv/lib/python3.12/site-packages/airflow/example_dags/example_dag_decorator.py
[2025-01-28T10:30:01.681+0000] {processor.py:925} INFO - DAG(s) 'example_dag_decorator' retrieved from /mnt/c/Users/Admin/Desktop/ud_data/Dataslush_umang/airflow/airflow_venv/lib/python3.12/site-packages/airflow/example_dags/example_dag_decorator.py
[2025-01-28T10:30:03.648+0000] {logging_mixin.py:190} INFO - [2025-01-28T10:30:03.645+0000] {dag.py:3239} INFO - Sync 1 DAGs
[2025-01-28T10:30:03.664+0000] {logging_mixin.py:190} INFO - [2025-01-28T10:30:03.661+0000] {dag.py:4180} INFO - Setting next_dagrun for example_dag_decorator to None, run_after=None
[2025-01-28T10:30:03.709+0000] {processor.py:208} INFO - Processing /mnt/c/Users/Admin/Desktop/ud_data/Dataslush_umang/airflow/airflow_venv/lib/python3.12/site-packages/airflow/example_dags/example_dag_decorator.py took 2.907 seconds
[2025-01-28T10:32:14.833+0000] {processor.py:186} INFO - Started process (PID=16631) to work on /mnt/c/Users/Admin/Desktop/ud_data/Dataslush_umang/airflow/airflow_venv/lib/python3.12/site-packages/airflow/example_dags/example_dag_decorator.py
[2025-01-28T10:32:14.840+0000] {processor.py:914} INFO - Processing file /mnt/c/Users/Admin/Desktop/ud_data/Dataslush_umang/airflow/airflow_venv/lib/python3.12/site-packages/airflow/example_dags/example_dag_decorator.py for tasks to queue
[2025-01-28T10:32:14.853+0000] {logging_mixin.py:190} INFO - [2025-01-28T10:32:14.848+0000] {dagbag.py:588} INFO - Filling up the DagBag from /mnt/c/Users/Admin/Desktop/ud_data/Dataslush_umang/airflow/airflow_venv/lib/python3.12/site-packages/airflow/example_dags/example_dag_decorator.py
[2025-01-28T10:32:45.286+0000] {processor.py:925} INFO - DAG(s) 'example_dag_decorator' retrieved from /mnt/c/Users/Admin/Desktop/ud_data/Dataslush_umang/airflow/airflow_venv/lib/python3.12/site-packages/airflow/example_dags/example_dag_decorator.py
[2025-01-28T10:32:17.771+0000] {logging_mixin.py:190} INFO - [2025-01-28T10:32:17.769+0000] {dag.py:3239} INFO - Sync 1 DAGs
[2025-01-28T10:32:17.786+0000] {logging_mixin.py:190} INFO - [2025-01-28T10:32:17.784+0000] {dag.py:4180} INFO - Setting next_dagrun for example_dag_decorator to None, run_after=None
[2025-01-28T10:32:17.833+0000] {processor.py:208} INFO - Processing /mnt/c/Users/Admin/Desktop/ud_data/Dataslush_umang/airflow/airflow_venv/lib/python3.12/site-packages/airflow/example_dags/example_dag_decorator.py took 3.049 seconds
[2025-01-28T10:35:20.301+0000] {processor.py:186} INFO - Started process (PID=16864) to work on /mnt/c/Users/Admin/Desktop/ud_data/Dataslush_umang/airflow/airflow_venv/lib/python3.12/site-packages/airflow/example_dags/example_dag_decorator.py
[2025-01-28T10:35:20.357+0000] {processor.py:914} INFO - Processing file /mnt/c/Users/Admin/Desktop/ud_data/Dataslush_umang/airflow/airflow_venv/lib/python3.12/site-packages/airflow/example_dags/example_dag_decorator.py for tasks to queue
[2025-01-28T10:35:20.367+0000] {logging_mixin.py:190} INFO - [2025-01-28T10:35:20.364+0000] {dagbag.py:588} INFO - Filling up the DagBag from /mnt/c/Users/Admin/Desktop/ud_data/Dataslush_umang/airflow/airflow_venv/lib/python3.12/site-packages/airflow/example_dags/example_dag_decorator.py
[2025-01-28T10:34:50.618+0000] {processor.py:925} INFO - DAG(s) 'example_dag_decorator' retrieved from /mnt/c/Users/Admin/Desktop/ud_data/Dataslush_umang/airflow/airflow_venv/lib/python3.12/site-packages/airflow/example_dags/example_dag_decorator.py
[2025-01-28T10:34:50.684+0000] {logging_mixin.py:190} INFO - [2025-01-28T10:34:50.681+0000] {dag.py:3239} INFO - Sync 1 DAGs
[2025-01-28T10:34:50.712+0000] {logging_mixin.py:190} INFO - [2025-01-28T10:34:50.710+0000] {dag.py:4180} INFO - Setting next_dagrun for example_dag_decorator to None, run_after=None
[2025-01-28T10:34:52.994+0000] {processor.py:208} INFO - Processing /mnt/c/Users/Admin/Desktop/ud_data/Dataslush_umang/airflow/airflow_venv/lib/python3.12/site-packages/airflow/example_dags/example_dag_decorator.py took 2.832 seconds
[2025-01-28T10:37:40.115+0000] {processor.py:186} INFO - Started process (PID=17090) to work on /mnt/c/Users/Admin/Desktop/ud_data/Dataslush_umang/airflow/airflow_venv/lib/python3.12/site-packages/airflow/example_dags/example_dag_decorator.py
[2025-01-28T10:37:40.122+0000] {processor.py:914} INFO - Processing file /mnt/c/Users/Admin/Desktop/ud_data/Dataslush_umang/airflow/airflow_venv/lib/python3.12/site-packages/airflow/example_dags/example_dag_decorator.py for tasks to queue
[2025-01-28T10:37:40.139+0000] {logging_mixin.py:190} INFO - [2025-01-28T10:37:40.134+0000] {dagbag.py:588} INFO - Filling up the DagBag from /mnt/c/Users/Admin/Desktop/ud_data/Dataslush_umang/airflow/airflow_venv/lib/python3.12/site-packages/airflow/example_dags/example_dag_decorator.py
[2025-01-28T10:37:40.426+0000] {processor.py:925} INFO - DAG(s) 'example_dag_decorator' retrieved from /mnt/c/Users/Admin/Desktop/ud_data/Dataslush_umang/airflow/airflow_venv/lib/python3.12/site-packages/airflow/example_dags/example_dag_decorator.py
[2025-01-28T10:37:44.241+0000] {logging_mixin.py:190} INFO - [2025-01-28T10:37:44.238+0000] {dag.py:3239} INFO - Sync 1 DAGs
[2025-01-28T10:37:44.263+0000] {logging_mixin.py:190} INFO - [2025-01-28T10:37:44.261+0000] {dag.py:4180} INFO - Setting next_dagrun for example_dag_decorator to None, run_after=None
[2025-01-28T10:37:44.351+0000] {processor.py:208} INFO - Processing /mnt/c/Users/Admin/Desktop/ud_data/Dataslush_umang/airflow/airflow_venv/lib/python3.12/site-packages/airflow/example_dags/example_dag_decorator.py took 4.329 seconds
[2025-01-28T10:40:06.071+0000] {processor.py:186} INFO - Started process (PID=17289) to work on /mnt/c/Users/Admin/Desktop/ud_data/Dataslush_umang/airflow/airflow_venv/lib/python3.12/site-packages/airflow/example_dags/example_dag_decorator.py
[2025-01-28T10:40:06.074+0000] {processor.py:914} INFO - Processing file /mnt/c/Users/Admin/Desktop/ud_data/Dataslush_umang/airflow/airflow_venv/lib/python3.12/site-packages/airflow/example_dags/example_dag_decorator.py for tasks to queue
[2025-01-28T10:40:06.081+0000] {logging_mixin.py:190} INFO - [2025-01-28T10:40:06.079+0000] {dagbag.py:588} INFO - Filling up the DagBag from /mnt/c/Users/Admin/Desktop/ud_data/Dataslush_umang/airflow/airflow_venv/lib/python3.12/site-packages/airflow/example_dags/example_dag_decorator.py
[2025-01-28T10:39:36.196+0000] {processor.py:925} INFO - DAG(s) 'example_dag_decorator' retrieved from /mnt/c/Users/Admin/Desktop/ud_data/Dataslush_umang/airflow/airflow_venv/lib/python3.12/site-packages/airflow/example_dags/example_dag_decorator.py
[2025-01-28T10:39:38.801+0000] {logging_mixin.py:190} INFO - [2025-01-28T10:39:38.799+0000] {dag.py:3239} INFO - Sync 1 DAGs
[2025-01-28T10:39:38.817+0000] {logging_mixin.py:190} INFO - [2025-01-28T10:39:38.815+0000] {dag.py:4180} INFO - Setting next_dagrun for example_dag_decorator to None, run_after=None
[2025-01-28T10:39:38.863+0000] {processor.py:208} INFO - Processing /mnt/c/Users/Admin/Desktop/ud_data/Dataslush_umang/airflow/airflow_venv/lib/python3.12/site-packages/airflow/example_dags/example_dag_decorator.py took 2.923 seconds
[2025-01-28T10:41:26.390+0000] {processor.py:186} INFO - Started process (PID=17430) to work on /mnt/c/Users/Admin/Desktop/ud_data/Dataslush_umang/airflow/airflow_venv/lib/python3.12/site-packages/airflow/example_dags/example_dag_decorator.py
[2025-01-28T10:41:26.421+0000] {processor.py:914} INFO - Processing file /mnt/c/Users/Admin/Desktop/ud_data/Dataslush_umang/airflow/airflow_venv/lib/python3.12/site-packages/airflow/example_dags/example_dag_decorator.py for tasks to queue
[2025-01-28T10:41:26.431+0000] {logging_mixin.py:190} INFO - [2025-01-28T10:41:26.428+0000] {dagbag.py:588} INFO - Filling up the DagBag from /mnt/c/Users/Admin/Desktop/ud_data/Dataslush_umang/airflow/airflow_venv/lib/python3.12/site-packages/airflow/example_dags/example_dag_decorator.py
[2025-01-28T10:41:26.595+0000] {processor.py:925} INFO - DAG(s) 'example_dag_decorator' retrieved from /mnt/c/Users/Admin/Desktop/ud_data/Dataslush_umang/airflow/airflow_venv/lib/python3.12/site-packages/airflow/example_dags/example_dag_decorator.py
[2025-01-28T10:41:26.626+0000] {logging_mixin.py:190} INFO - [2025-01-28T10:41:26.625+0000] {dag.py:3239} INFO - Sync 1 DAGs
[2025-01-28T10:41:26.646+0000] {logging_mixin.py:190} INFO - [2025-01-28T10:41:26.644+0000] {dag.py:4180} INFO - Setting next_dagrun for example_dag_decorator to None, run_after=None
[2025-01-28T10:41:26.681+0000] {processor.py:208} INFO - Processing /mnt/c/Users/Admin/Desktop/ud_data/Dataslush_umang/airflow/airflow_venv/lib/python3.12/site-packages/airflow/example_dags/example_dag_decorator.py took 0.330 seconds
[2025-01-28T10:43:56.303+0000] {processor.py:186} INFO - Started process (PID=17735) to work on /mnt/c/Users/Admin/Desktop/ud_data/Dataslush_umang/airflow/airflow_venv/lib/python3.12/site-packages/airflow/example_dags/example_dag_decorator.py
[2025-01-28T10:43:56.306+0000] {processor.py:914} INFO - Processing file /mnt/c/Users/Admin/Desktop/ud_data/Dataslush_umang/airflow/airflow_venv/lib/python3.12/site-packages/airflow/example_dags/example_dag_decorator.py for tasks to queue
[2025-01-28T10:43:56.319+0000] {logging_mixin.py:190} INFO - [2025-01-28T10:43:56.316+0000] {dagbag.py:588} INFO - Filling up the DagBag from /mnt/c/Users/Admin/Desktop/ud_data/Dataslush_umang/airflow/airflow_venv/lib/python3.12/site-packages/airflow/example_dags/example_dag_decorator.py
[2025-01-28T10:43:56.508+0000] {processor.py:925} INFO - DAG(s) 'example_dag_decorator' retrieved from /mnt/c/Users/Admin/Desktop/ud_data/Dataslush_umang/airflow/airflow_venv/lib/python3.12/site-packages/airflow/example_dags/example_dag_decorator.py
[2025-01-28T10:43:28.356+0000] {logging_mixin.py:190} INFO - [2025-01-28T10:43:28.355+0000] {dag.py:3239} INFO - Sync 1 DAGs
[2025-01-28T10:43:28.371+0000] {logging_mixin.py:190} INFO - [2025-01-28T10:43:28.369+0000] {dag.py:4180} INFO - Setting next_dagrun for example_dag_decorator to None, run_after=None
[2025-01-28T10:43:32.725+0000] {processor.py:208} INFO - Processing /mnt/c/Users/Admin/Desktop/ud_data/Dataslush_umang/airflow/airflow_venv/lib/python3.12/site-packages/airflow/example_dags/example_dag_decorator.py took 6.558 seconds
[2025-01-28T10:46:45.777+0000] {processor.py:186} INFO - Started process (PID=17937) to work on /mnt/c/Users/Admin/Desktop/ud_data/Dataslush_umang/airflow/airflow_venv/lib/python3.12/site-packages/airflow/example_dags/example_dag_decorator.py
[2025-01-28T10:46:45.799+0000] {processor.py:914} INFO - Processing file /mnt/c/Users/Admin/Desktop/ud_data/Dataslush_umang/airflow/airflow_venv/lib/python3.12/site-packages/airflow/example_dags/example_dag_decorator.py for tasks to queue
[2025-01-28T10:46:45.813+0000] {logging_mixin.py:190} INFO - [2025-01-28T10:46:45.808+0000] {dagbag.py:588} INFO - Filling up the DagBag from /mnt/c/Users/Admin/Desktop/ud_data/Dataslush_umang/airflow/airflow_venv/lib/python3.12/site-packages/airflow/example_dags/example_dag_decorator.py
[2025-01-28T10:46:46.015+0000] {processor.py:925} INFO - DAG(s) 'example_dag_decorator' retrieved from /mnt/c/Users/Admin/Desktop/ud_data/Dataslush_umang/airflow/airflow_venv/lib/python3.12/site-packages/airflow/example_dags/example_dag_decorator.py
[2025-01-28T10:46:47.440+0000] {logging_mixin.py:190} INFO - [2025-01-28T10:46:47.437+0000] {dag.py:3239} INFO - Sync 1 DAGs
[2025-01-28T10:46:47.454+0000] {logging_mixin.py:190} INFO - [2025-01-28T10:46:47.451+0000] {dag.py:4180} INFO - Setting next_dagrun for example_dag_decorator to None, run_after=None
[2025-01-28T10:46:49.731+0000] {processor.py:208} INFO - Processing /mnt/c/Users/Admin/Desktop/ud_data/Dataslush_umang/airflow/airflow_venv/lib/python3.12/site-packages/airflow/example_dags/example_dag_decorator.py took 3.994 seconds
[2025-01-28T10:48:31.542+0000] {processor.py:186} INFO - Started process (PID=18137) to work on /mnt/c/Users/Admin/Desktop/ud_data/Dataslush_umang/airflow/airflow_venv/lib/python3.12/site-packages/airflow/example_dags/example_dag_decorator.py
[2025-01-28T10:48:31.545+0000] {processor.py:914} INFO - Processing file /mnt/c/Users/Admin/Desktop/ud_data/Dataslush_umang/airflow/airflow_venv/lib/python3.12/site-packages/airflow/example_dags/example_dag_decorator.py for tasks to queue
[2025-01-28T10:48:31.552+0000] {logging_mixin.py:190} INFO - [2025-01-28T10:48:31.550+0000] {dagbag.py:588} INFO - Filling up the DagBag from /mnt/c/Users/Admin/Desktop/ud_data/Dataslush_umang/airflow/airflow_venv/lib/python3.12/site-packages/airflow/example_dags/example_dag_decorator.py
[2025-01-28T10:48:31.698+0000] {processor.py:925} INFO - DAG(s) 'example_dag_decorator' retrieved from /mnt/c/Users/Admin/Desktop/ud_data/Dataslush_umang/airflow/airflow_venv/lib/python3.12/site-packages/airflow/example_dags/example_dag_decorator.py
[2025-01-28T10:48:31.736+0000] {logging_mixin.py:190} INFO - [2025-01-28T10:48:31.735+0000] {dag.py:3239} INFO - Sync 1 DAGs
[2025-01-28T10:49:01.847+0000] {logging_mixin.py:190} INFO - [2025-01-28T10:49:01.845+0000] {dag.py:4180} INFO - Setting next_dagrun for example_dag_decorator to None, run_after=None
[2025-01-28T10:49:01.894+0000] {processor.py:208} INFO - Processing /mnt/c/Users/Admin/Desktop/ud_data/Dataslush_umang/airflow/airflow_venv/lib/python3.12/site-packages/airflow/example_dags/example_dag_decorator.py took 0.294 seconds
[2025-01-28T10:50:34.561+0000] {processor.py:186} INFO - Started process (PID=18353) to work on /mnt/c/Users/Admin/Desktop/ud_data/Dataslush_umang/airflow/airflow_venv/lib/python3.12/site-packages/airflow/example_dags/example_dag_decorator.py
[2025-01-28T10:50:34.564+0000] {processor.py:914} INFO - Processing file /mnt/c/Users/Admin/Desktop/ud_data/Dataslush_umang/airflow/airflow_venv/lib/python3.12/site-packages/airflow/example_dags/example_dag_decorator.py for tasks to queue
[2025-01-28T10:50:34.572+0000] {logging_mixin.py:190} INFO - [2025-01-28T10:50:34.570+0000] {dagbag.py:588} INFO - Filling up the DagBag from /mnt/c/Users/Admin/Desktop/ud_data/Dataslush_umang/airflow/airflow_venv/lib/python3.12/site-packages/airflow/example_dags/example_dag_decorator.py
[2025-01-28T10:50:34.705+0000] {processor.py:925} INFO - DAG(s) 'example_dag_decorator' retrieved from /mnt/c/Users/Admin/Desktop/ud_data/Dataslush_umang/airflow/airflow_venv/lib/python3.12/site-packages/airflow/example_dags/example_dag_decorator.py
[2025-01-28T10:50:36.302+0000] {logging_mixin.py:190} INFO - [2025-01-28T10:50:36.301+0000] {dag.py:3239} INFO - Sync 1 DAGs
[2025-01-28T10:50:36.322+0000] {logging_mixin.py:190} INFO - [2025-01-28T10:50:36.320+0000] {dag.py:4180} INFO - Setting next_dagrun for example_dag_decorator to None, run_after=None
[2025-01-28T10:50:36.370+0000] {processor.py:208} INFO - Processing /mnt/c/Users/Admin/Desktop/ud_data/Dataslush_umang/airflow/airflow_venv/lib/python3.12/site-packages/airflow/example_dags/example_dag_decorator.py took 1.842 seconds
[2025-01-28T10:52:12.572+0000] {processor.py:186} INFO - Started process (PID=18586) to work on /mnt/c/Users/Admin/Desktop/ud_data/Dataslush_umang/airflow/airflow_venv/lib/python3.12/site-packages/airflow/example_dags/example_dag_decorator.py
[2025-01-28T10:52:12.576+0000] {processor.py:914} INFO - Processing file /mnt/c/Users/Admin/Desktop/ud_data/Dataslush_umang/airflow/airflow_venv/lib/python3.12/site-packages/airflow/example_dags/example_dag_decorator.py for tasks to queue
[2025-01-28T10:52:12.585+0000] {logging_mixin.py:190} INFO - [2025-01-28T10:52:12.582+0000] {dagbag.py:588} INFO - Filling up the DagBag from /mnt/c/Users/Admin/Desktop/ud_data/Dataslush_umang/airflow/airflow_venv/lib/python3.12/site-packages/airflow/example_dags/example_dag_decorator.py
[2025-01-28T10:52:12.720+0000] {processor.py:925} INFO - DAG(s) 'example_dag_decorator' retrieved from /mnt/c/Users/Admin/Desktop/ud_data/Dataslush_umang/airflow/airflow_venv/lib/python3.12/site-packages/airflow/example_dags/example_dag_decorator.py
[2025-01-28T10:52:14.520+0000] {logging_mixin.py:190} INFO - [2025-01-28T10:52:14.518+0000] {dag.py:3239} INFO - Sync 1 DAGs
[2025-01-28T10:52:14.535+0000] {logging_mixin.py:190} INFO - [2025-01-28T10:52:14.534+0000] {dag.py:4180} INFO - Setting next_dagrun for example_dag_decorator to None, run_after=None
[2025-01-28T10:52:14.579+0000] {processor.py:208} INFO - Processing /mnt/c/Users/Admin/Desktop/ud_data/Dataslush_umang/airflow/airflow_venv/lib/python3.12/site-packages/airflow/example_dags/example_dag_decorator.py took 2.034 seconds
[2025-01-28T10:53:55.992+0000] {processor.py:186} INFO - Started process (PID=18749) to work on /mnt/c/Users/Admin/Desktop/ud_data/Dataslush_umang/airflow/airflow_venv/lib/python3.12/site-packages/airflow/example_dags/example_dag_decorator.py
[2025-01-28T10:53:56.126+0000] {processor.py:914} INFO - Processing file /mnt/c/Users/Admin/Desktop/ud_data/Dataslush_umang/airflow/airflow_venv/lib/python3.12/site-packages/airflow/example_dags/example_dag_decorator.py for tasks to queue
[2025-01-28T10:53:56.135+0000] {logging_mixin.py:190} INFO - [2025-01-28T10:53:56.132+0000] {dagbag.py:588} INFO - Filling up the DagBag from /mnt/c/Users/Admin/Desktop/ud_data/Dataslush_umang/airflow/airflow_venv/lib/python3.12/site-packages/airflow/example_dags/example_dag_decorator.py
[2025-01-28T10:53:56.279+0000] {processor.py:925} INFO - DAG(s) 'example_dag_decorator' retrieved from /mnt/c/Users/Admin/Desktop/ud_data/Dataslush_umang/airflow/airflow_venv/lib/python3.12/site-packages/airflow/example_dags/example_dag_decorator.py
[2025-01-28T10:53:58.094+0000] {logging_mixin.py:190} INFO - [2025-01-28T10:53:58.092+0000] {dag.py:3239} INFO - Sync 1 DAGs
[2025-01-28T10:53:58.110+0000] {logging_mixin.py:190} INFO - [2025-01-28T10:53:58.107+0000] {dag.py:4180} INFO - Setting next_dagrun for example_dag_decorator to None, run_after=None
[2025-01-28T10:53:58.456+0000] {processor.py:208} INFO - Processing /mnt/c/Users/Admin/Desktop/ud_data/Dataslush_umang/airflow/airflow_venv/lib/python3.12/site-packages/airflow/example_dags/example_dag_decorator.py took 2.491 seconds
[2025-01-28T10:55:41.332+0000] {processor.py:186} INFO - Started process (PID=18919) to work on /mnt/c/Users/Admin/Desktop/ud_data/Dataslush_umang/airflow/airflow_venv/lib/python3.12/site-packages/airflow/example_dags/example_dag_decorator.py
[2025-01-28T10:55:41.335+0000] {processor.py:914} INFO - Processing file /mnt/c/Users/Admin/Desktop/ud_data/Dataslush_umang/airflow/airflow_venv/lib/python3.12/site-packages/airflow/example_dags/example_dag_decorator.py for tasks to queue
[2025-01-28T10:55:41.342+0000] {logging_mixin.py:190} INFO - [2025-01-28T10:55:41.340+0000] {dagbag.py:588} INFO - Filling up the DagBag from /mnt/c/Users/Admin/Desktop/ud_data/Dataslush_umang/airflow/airflow_venv/lib/python3.12/site-packages/airflow/example_dags/example_dag_decorator.py
[2025-01-28T10:55:41.476+0000] {processor.py:925} INFO - DAG(s) 'example_dag_decorator' retrieved from /mnt/c/Users/Admin/Desktop/ud_data/Dataslush_umang/airflow/airflow_venv/lib/python3.12/site-packages/airflow/example_dags/example_dag_decorator.py
[2025-01-28T10:55:43.307+0000] {logging_mixin.py:190} INFO - [2025-01-28T10:55:43.306+0000] {dag.py:3239} INFO - Sync 1 DAGs
[2025-01-28T10:55:43.326+0000] {logging_mixin.py:190} INFO - [2025-01-28T10:55:43.324+0000] {dag.py:4180} INFO - Setting next_dagrun for example_dag_decorator to None, run_after=None
[2025-01-28T10:55:43.829+0000] {processor.py:208} INFO - Processing /mnt/c/Users/Admin/Desktop/ud_data/Dataslush_umang/airflow/airflow_venv/lib/python3.12/site-packages/airflow/example_dags/example_dag_decorator.py took 2.520 seconds
[2025-01-28T10:57:20.048+0000] {processor.py:186} INFO - Started process (PID=19143) to work on /mnt/c/Users/Admin/Desktop/ud_data/Dataslush_umang/airflow/airflow_venv/lib/python3.12/site-packages/airflow/example_dags/example_dag_decorator.py
[2025-01-28T10:57:20.051+0000] {processor.py:914} INFO - Processing file /mnt/c/Users/Admin/Desktop/ud_data/Dataslush_umang/airflow/airflow_venv/lib/python3.12/site-packages/airflow/example_dags/example_dag_decorator.py for tasks to queue
[2025-01-28T10:57:20.058+0000] {logging_mixin.py:190} INFO - [2025-01-28T10:57:20.056+0000] {dagbag.py:588} INFO - Filling up the DagBag from /mnt/c/Users/Admin/Desktop/ud_data/Dataslush_umang/airflow/airflow_venv/lib/python3.12/site-packages/airflow/example_dags/example_dag_decorator.py
[2025-01-28T10:57:20.197+0000] {processor.py:925} INFO - DAG(s) 'example_dag_decorator' retrieved from /mnt/c/Users/Admin/Desktop/ud_data/Dataslush_umang/airflow/airflow_venv/lib/python3.12/site-packages/airflow/example_dags/example_dag_decorator.py
[2025-01-28T10:57:21.991+0000] {logging_mixin.py:190} INFO - [2025-01-28T10:57:21.989+0000] {dag.py:3239} INFO - Sync 1 DAGs
[2025-01-28T10:57:22.028+0000] {logging_mixin.py:190} INFO - [2025-01-28T10:57:22.026+0000] {dag.py:4180} INFO - Setting next_dagrun for example_dag_decorator to None, run_after=None
[2025-01-28T10:57:22.084+0000] {processor.py:208} INFO - Processing /mnt/c/Users/Admin/Desktop/ud_data/Dataslush_umang/airflow/airflow_venv/lib/python3.12/site-packages/airflow/example_dags/example_dag_decorator.py took 2.074 seconds
[2025-01-28T10:58:44.303+0000] {processor.py:186} INFO - Started process (PID=19321) to work on /mnt/c/Users/Admin/Desktop/ud_data/Dataslush_umang/airflow/airflow_venv/lib/python3.12/site-packages/airflow/example_dags/example_dag_decorator.py
[2025-01-28T10:58:44.306+0000] {processor.py:914} INFO - Processing file /mnt/c/Users/Admin/Desktop/ud_data/Dataslush_umang/airflow/airflow_venv/lib/python3.12/site-packages/airflow/example_dags/example_dag_decorator.py for tasks to queue
[2025-01-28T10:58:44.312+0000] {logging_mixin.py:190} INFO - [2025-01-28T10:58:44.310+0000] {dagbag.py:588} INFO - Filling up the DagBag from /mnt/c/Users/Admin/Desktop/ud_data/Dataslush_umang/airflow/airflow_venv/lib/python3.12/site-packages/airflow/example_dags/example_dag_decorator.py
[2025-01-28T10:58:44.442+0000] {processor.py:925} INFO - DAG(s) 'example_dag_decorator' retrieved from /mnt/c/Users/Admin/Desktop/ud_data/Dataslush_umang/airflow/airflow_venv/lib/python3.12/site-packages/airflow/example_dags/example_dag_decorator.py
[2025-01-28T10:58:46.134+0000] {logging_mixin.py:190} INFO - [2025-01-28T10:58:46.133+0000] {dag.py:3239} INFO - Sync 1 DAGs
[2025-01-28T10:58:46.149+0000] {logging_mixin.py:190} INFO - [2025-01-28T10:58:46.148+0000] {dag.py:4180} INFO - Setting next_dagrun for example_dag_decorator to None, run_after=None
[2025-01-28T10:58:46.325+0000] {processor.py:208} INFO - Processing /mnt/c/Users/Admin/Desktop/ud_data/Dataslush_umang/airflow/airflow_venv/lib/python3.12/site-packages/airflow/example_dags/example_dag_decorator.py took 2.047 seconds
[2025-01-28T11:00:21.094+0000] {processor.py:186} INFO - Started process (PID=19481) to work on /mnt/c/Users/Admin/Desktop/ud_data/Dataslush_umang/airflow/airflow_venv/lib/python3.12/site-packages/airflow/example_dags/example_dag_decorator.py
[2025-01-28T11:00:21.097+0000] {processor.py:914} INFO - Processing file /mnt/c/Users/Admin/Desktop/ud_data/Dataslush_umang/airflow/airflow_venv/lib/python3.12/site-packages/airflow/example_dags/example_dag_decorator.py for tasks to queue
[2025-01-28T11:00:21.104+0000] {logging_mixin.py:190} INFO - [2025-01-28T11:00:21.101+0000] {dagbag.py:588} INFO - Filling up the DagBag from /mnt/c/Users/Admin/Desktop/ud_data/Dataslush_umang/airflow/airflow_venv/lib/python3.12/site-packages/airflow/example_dags/example_dag_decorator.py
[2025-01-28T11:00:21.256+0000] {processor.py:925} INFO - DAG(s) 'example_dag_decorator' retrieved from /mnt/c/Users/Admin/Desktop/ud_data/Dataslush_umang/airflow/airflow_venv/lib/python3.12/site-packages/airflow/example_dags/example_dag_decorator.py
[2025-01-28T11:00:21.332+0000] {logging_mixin.py:190} INFO - [2025-01-28T11:00:21.326+0000] {dag.py:3239} INFO - Sync 1 DAGs
[2025-01-28T11:00:21.376+0000] {logging_mixin.py:190} INFO - [2025-01-28T11:00:21.374+0000] {dag.py:4180} INFO - Setting next_dagrun for example_dag_decorator to None, run_after=None
[2025-01-28T11:00:21.452+0000] {processor.py:208} INFO - Processing /mnt/c/Users/Admin/Desktop/ud_data/Dataslush_umang/airflow/airflow_venv/lib/python3.12/site-packages/airflow/example_dags/example_dag_decorator.py took 0.384 seconds
[2025-01-28T11:03:01.072+0000] {processor.py:186} INFO - Started process (PID=19671) to work on /mnt/c/Users/Admin/Desktop/ud_data/Dataslush_umang/airflow/airflow_venv/lib/python3.12/site-packages/airflow/example_dags/example_dag_decorator.py
[2025-01-28T11:03:01.076+0000] {processor.py:914} INFO - Processing file /mnt/c/Users/Admin/Desktop/ud_data/Dataslush_umang/airflow/airflow_venv/lib/python3.12/site-packages/airflow/example_dags/example_dag_decorator.py for tasks to queue
[2025-01-28T11:03:01.084+0000] {logging_mixin.py:190} INFO - [2025-01-28T11:03:01.081+0000] {dagbag.py:588} INFO - Filling up the DagBag from /mnt/c/Users/Admin/Desktop/ud_data/Dataslush_umang/airflow/airflow_venv/lib/python3.12/site-packages/airflow/example_dags/example_dag_decorator.py
[2025-01-28T11:03:01.231+0000] {processor.py:925} INFO - DAG(s) 'example_dag_decorator' retrieved from /mnt/c/Users/Admin/Desktop/ud_data/Dataslush_umang/airflow/airflow_venv/lib/python3.12/site-packages/airflow/example_dags/example_dag_decorator.py
[2025-01-28T11:03:02.918+0000] {logging_mixin.py:190} INFO - [2025-01-28T11:03:02.917+0000] {dag.py:3239} INFO - Sync 1 DAGs
[2025-01-28T11:03:02.932+0000] {logging_mixin.py:190} INFO - [2025-01-28T11:03:02.931+0000] {dag.py:4180} INFO - Setting next_dagrun for example_dag_decorator to None, run_after=None
[2025-01-28T11:03:02.974+0000] {processor.py:208} INFO - Processing /mnt/c/Users/Admin/Desktop/ud_data/Dataslush_umang/airflow/airflow_venv/lib/python3.12/site-packages/airflow/example_dags/example_dag_decorator.py took 1.932 seconds
[2025-01-28T11:04:52.979+0000] {processor.py:186} INFO - Started process (PID=19937) to work on /mnt/c/Users/Admin/Desktop/ud_data/Dataslush_umang/airflow/airflow_venv/lib/python3.12/site-packages/airflow/example_dags/example_dag_decorator.py
[2025-01-28T11:04:52.982+0000] {processor.py:914} INFO - Processing file /mnt/c/Users/Admin/Desktop/ud_data/Dataslush_umang/airflow/airflow_venv/lib/python3.12/site-packages/airflow/example_dags/example_dag_decorator.py for tasks to queue
[2025-01-28T11:04:52.988+0000] {logging_mixin.py:190} INFO - [2025-01-28T11:04:52.986+0000] {dagbag.py:588} INFO - Filling up the DagBag from /mnt/c/Users/Admin/Desktop/ud_data/Dataslush_umang/airflow/airflow_venv/lib/python3.12/site-packages/airflow/example_dags/example_dag_decorator.py
[2025-01-28T11:04:53.098+0000] {processor.py:925} INFO - DAG(s) 'example_dag_decorator' retrieved from /mnt/c/Users/Admin/Desktop/ud_data/Dataslush_umang/airflow/airflow_venv/lib/python3.12/site-packages/airflow/example_dags/example_dag_decorator.py
[2025-01-28T11:04:54.798+0000] {logging_mixin.py:190} INFO - [2025-01-28T11:04:54.796+0000] {dag.py:3239} INFO - Sync 1 DAGs
[2025-01-28T11:04:54.812+0000] {logging_mixin.py:190} INFO - [2025-01-28T11:04:54.811+0000] {dag.py:4180} INFO - Setting next_dagrun for example_dag_decorator to None, run_after=None
[2025-01-28T11:04:55.269+0000] {processor.py:208} INFO - Processing /mnt/c/Users/Admin/Desktop/ud_data/Dataslush_umang/airflow/airflow_venv/lib/python3.12/site-packages/airflow/example_dags/example_dag_decorator.py took 2.303 seconds
[2025-01-28T11:07:00.369+0000] {processor.py:186} INFO - Started process (PID=20064) to work on /mnt/c/Users/Admin/Desktop/ud_data/Dataslush_umang/airflow/airflow_venv/lib/python3.12/site-packages/airflow/example_dags/example_dag_decorator.py
[2025-01-28T11:07:00.373+0000] {processor.py:914} INFO - Processing file /mnt/c/Users/Admin/Desktop/ud_data/Dataslush_umang/airflow/airflow_venv/lib/python3.12/site-packages/airflow/example_dags/example_dag_decorator.py for tasks to queue
[2025-01-28T11:07:00.380+0000] {logging_mixin.py:190} INFO - [2025-01-28T11:07:00.377+0000] {dagbag.py:588} INFO - Filling up the DagBag from /mnt/c/Users/Admin/Desktop/ud_data/Dataslush_umang/airflow/airflow_venv/lib/python3.12/site-packages/airflow/example_dags/example_dag_decorator.py
[2025-01-28T11:07:00.522+0000] {processor.py:925} INFO - DAG(s) 'example_dag_decorator' retrieved from /mnt/c/Users/Admin/Desktop/ud_data/Dataslush_umang/airflow/airflow_venv/lib/python3.12/site-packages/airflow/example_dags/example_dag_decorator.py
[2025-01-28T11:07:02.234+0000] {logging_mixin.py:190} INFO - [2025-01-28T11:07:02.233+0000] {dag.py:3239} INFO - Sync 1 DAGs
[2025-01-28T11:07:02.248+0000] {logging_mixin.py:190} INFO - [2025-01-28T11:07:02.247+0000] {dag.py:4180} INFO - Setting next_dagrun for example_dag_decorator to None, run_after=None
[2025-01-28T11:07:02.292+0000] {processor.py:208} INFO - Processing /mnt/c/Users/Admin/Desktop/ud_data/Dataslush_umang/airflow/airflow_venv/lib/python3.12/site-packages/airflow/example_dags/example_dag_decorator.py took 1.949 seconds
[2025-01-28T11:08:33.655+0000] {processor.py:186} INFO - Started process (PID=20214) to work on /mnt/c/Users/Admin/Desktop/ud_data/Dataslush_umang/airflow/airflow_venv/lib/python3.12/site-packages/airflow/example_dags/example_dag_decorator.py
[2025-01-28T11:08:33.658+0000] {processor.py:914} INFO - Processing file /mnt/c/Users/Admin/Desktop/ud_data/Dataslush_umang/airflow/airflow_venv/lib/python3.12/site-packages/airflow/example_dags/example_dag_decorator.py for tasks to queue
[2025-01-28T11:08:33.664+0000] {logging_mixin.py:190} INFO - [2025-01-28T11:08:33.662+0000] {dagbag.py:588} INFO - Filling up the DagBag from /mnt/c/Users/Admin/Desktop/ud_data/Dataslush_umang/airflow/airflow_venv/lib/python3.12/site-packages/airflow/example_dags/example_dag_decorator.py
[2025-01-28T11:09:03.862+0000] {processor.py:925} INFO - DAG(s) 'example_dag_decorator' retrieved from /mnt/c/Users/Admin/Desktop/ud_data/Dataslush_umang/airflow/airflow_venv/lib/python3.12/site-packages/airflow/example_dags/example_dag_decorator.py
[2025-01-28T11:08:35.317+0000] {logging_mixin.py:190} INFO - [2025-01-28T11:08:35.316+0000] {dag.py:3239} INFO - Sync 1 DAGs
[2025-01-28T11:08:35.335+0000] {logging_mixin.py:190} INFO - [2025-01-28T11:08:35.334+0000] {dag.py:4180} INFO - Setting next_dagrun for example_dag_decorator to None, run_after=None
[2025-01-28T11:08:35.748+0000] {processor.py:208} INFO - Processing /mnt/c/Users/Admin/Desktop/ud_data/Dataslush_umang/airflow/airflow_venv/lib/python3.12/site-packages/airflow/example_dags/example_dag_decorator.py took 2.137 seconds
[2025-01-28T11:10:56.578+0000] {processor.py:186} INFO - Started process (PID=20491) to work on /mnt/c/Users/Admin/Desktop/ud_data/Dataslush_umang/airflow/airflow_venv/lib/python3.12/site-packages/airflow/example_dags/example_dag_decorator.py
[2025-01-28T11:10:56.582+0000] {processor.py:914} INFO - Processing file /mnt/c/Users/Admin/Desktop/ud_data/Dataslush_umang/airflow/airflow_venv/lib/python3.12/site-packages/airflow/example_dags/example_dag_decorator.py for tasks to queue
[2025-01-28T11:10:56.591+0000] {logging_mixin.py:190} INFO - [2025-01-28T11:10:56.588+0000] {dagbag.py:588} INFO - Filling up the DagBag from /mnt/c/Users/Admin/Desktop/ud_data/Dataslush_umang/airflow/airflow_venv/lib/python3.12/site-packages/airflow/example_dags/example_dag_decorator.py
[2025-01-28T11:10:56.727+0000] {processor.py:925} INFO - DAG(s) 'example_dag_decorator' retrieved from /mnt/c/Users/Admin/Desktop/ud_data/Dataslush_umang/airflow/airflow_venv/lib/python3.12/site-packages/airflow/example_dags/example_dag_decorator.py
[2025-01-28T11:10:58.394+0000] {logging_mixin.py:190} INFO - [2025-01-28T11:10:58.393+0000] {dag.py:3239} INFO - Sync 1 DAGs
[2025-01-28T11:10:58.423+0000] {logging_mixin.py:190} INFO - [2025-01-28T11:10:58.421+0000] {dag.py:4180} INFO - Setting next_dagrun for example_dag_decorator to None, run_after=None
[2025-01-28T11:11:01.046+0000] {processor.py:208} INFO - Processing /mnt/c/Users/Admin/Desktop/ud_data/Dataslush_umang/airflow/airflow_venv/lib/python3.12/site-packages/airflow/example_dags/example_dag_decorator.py took 4.498 seconds
[2025-01-28T11:12:32.525+0000] {processor.py:186} INFO - Started process (PID=20605) to work on /mnt/c/Users/Admin/Desktop/ud_data/Dataslush_umang/airflow/airflow_venv/lib/python3.12/site-packages/airflow/example_dags/example_dag_decorator.py
[2025-01-28T11:12:32.529+0000] {processor.py:914} INFO - Processing file /mnt/c/Users/Admin/Desktop/ud_data/Dataslush_umang/airflow/airflow_venv/lib/python3.12/site-packages/airflow/example_dags/example_dag_decorator.py for tasks to queue
[2025-01-28T11:12:32.537+0000] {logging_mixin.py:190} INFO - [2025-01-28T11:12:32.535+0000] {dagbag.py:588} INFO - Filling up the DagBag from /mnt/c/Users/Admin/Desktop/ud_data/Dataslush_umang/airflow/airflow_venv/lib/python3.12/site-packages/airflow/example_dags/example_dag_decorator.py
[2025-01-28T11:12:32.683+0000] {processor.py:925} INFO - DAG(s) 'example_dag_decorator' retrieved from /mnt/c/Users/Admin/Desktop/ud_data/Dataslush_umang/airflow/airflow_venv/lib/python3.12/site-packages/airflow/example_dags/example_dag_decorator.py
[2025-01-28T11:13:04.314+0000] {logging_mixin.py:190} INFO - [2025-01-28T11:13:04.312+0000] {dag.py:3239} INFO - Sync 1 DAGs
[2025-01-28T11:13:04.347+0000] {logging_mixin.py:190} INFO - [2025-01-28T11:13:04.343+0000] {dag.py:4180} INFO - Setting next_dagrun for example_dag_decorator to None, run_after=None
[2025-01-28T11:12:35.115+0000] {processor.py:208} INFO - Processing /mnt/c/Users/Admin/Desktop/ud_data/Dataslush_umang/airflow/airflow_venv/lib/python3.12/site-packages/airflow/example_dags/example_dag_decorator.py took 2.626 seconds
[2025-01-28T11:14:10.369+0000] {processor.py:186} INFO - Started process (PID=20719) to work on /mnt/c/Users/Admin/Desktop/ud_data/Dataslush_umang/airflow/airflow_venv/lib/python3.12/site-packages/airflow/example_dags/example_dag_decorator.py
[2025-01-28T11:14:10.372+0000] {processor.py:914} INFO - Processing file /mnt/c/Users/Admin/Desktop/ud_data/Dataslush_umang/airflow/airflow_venv/lib/python3.12/site-packages/airflow/example_dags/example_dag_decorator.py for tasks to queue
[2025-01-28T11:14:10.380+0000] {logging_mixin.py:190} INFO - [2025-01-28T11:14:10.378+0000] {dagbag.py:588} INFO - Filling up the DagBag from /mnt/c/Users/Admin/Desktop/ud_data/Dataslush_umang/airflow/airflow_venv/lib/python3.12/site-packages/airflow/example_dags/example_dag_decorator.py
[2025-01-28T11:14:10.519+0000] {processor.py:925} INFO - DAG(s) 'example_dag_decorator' retrieved from /mnt/c/Users/Admin/Desktop/ud_data/Dataslush_umang/airflow/airflow_venv/lib/python3.12/site-packages/airflow/example_dags/example_dag_decorator.py
[2025-01-28T11:14:12.082+0000] {logging_mixin.py:190} INFO - [2025-01-28T11:14:12.081+0000] {dag.py:3239} INFO - Sync 1 DAGs
[2025-01-28T11:14:12.097+0000] {logging_mixin.py:190} INFO - [2025-01-28T11:14:12.095+0000] {dag.py:4180} INFO - Setting next_dagrun for example_dag_decorator to None, run_after=None
[2025-01-28T11:14:12.136+0000] {processor.py:208} INFO - Processing /mnt/c/Users/Admin/Desktop/ud_data/Dataslush_umang/airflow/airflow_venv/lib/python3.12/site-packages/airflow/example_dags/example_dag_decorator.py took 1.798 seconds
