[2025-01-28T10:12:53.507+0000] {processor.py:186} INFO - Started process (PID=14779) to work on /mnt/c/Users/Admin/Desktop/ud_data/Dataslush_umang/airflow/airflow_venv/lib/python3.12/site-packages/airflow/example_dags/example_params_trigger_ui.py
[2025-01-28T10:12:53.509+0000] {processor.py:914} INFO - Processing file /mnt/c/Users/Admin/Desktop/ud_data/Dataslush_umang/airflow/airflow_venv/lib/python3.12/site-packages/airflow/example_dags/example_params_trigger_ui.py for tasks to queue
[2025-01-28T10:12:53.517+0000] {logging_mixin.py:190} INFO - [2025-01-28T10:12:53.513+0000] {dagbag.py:588} INFO - Filling up the DagBag from /mnt/c/Users/Admin/Desktop/ud_data/Dataslush_umang/airflow/airflow_venv/lib/python3.12/site-packages/airflow/example_dags/example_params_trigger_ui.py
[2025-01-28T10:12:53.667+0000] {processor.py:925} INFO - DAG(s) 'example_params_trigger_ui' retrieved from /mnt/c/Users/Admin/Desktop/ud_data/Dataslush_umang/airflow/airflow_venv/lib/python3.12/site-packages/airflow/example_dags/example_params_trigger_ui.py
[2025-01-28T10:12:55.341+0000] {logging_mixin.py:190} INFO - [2025-01-28T10:12:55.339+0000] {override.py:1912} INFO - Created Permission View: can edit on DAG:example_params_trigger_ui
[2025-01-28T10:12:55.370+0000] {logging_mixin.py:190} INFO - [2025-01-28T10:12:55.368+0000] {override.py:1912} INFO - Created Permission View: can read on DAG:example_params_trigger_ui
[2025-01-28T10:12:55.393+0000] {logging_mixin.py:190} INFO - [2025-01-28T10:12:55.391+0000] {override.py:1912} INFO - Created Permission View: can delete on DAG:example_params_trigger_ui
[2025-01-28T10:12:55.452+0000] {logging_mixin.py:190} INFO - [2025-01-28T10:12:55.451+0000] {override.py:1912} INFO - Created Permission View: can create on DAG Run:example_params_trigger_ui
[2025-01-28T10:12:55.475+0000] {logging_mixin.py:190} INFO - [2025-01-28T10:12:55.473+0000] {override.py:1912} INFO - Created Permission View: menu access on DAG Run:example_params_trigger_ui
[2025-01-28T10:12:55.500+0000] {logging_mixin.py:190} INFO - [2025-01-28T10:12:55.498+0000] {override.py:1912} INFO - Created Permission View: can read on DAG Run:example_params_trigger_ui
[2025-01-28T10:12:55.525+0000] {logging_mixin.py:190} INFO - [2025-01-28T10:12:55.523+0000] {override.py:1912} INFO - Created Permission View: can delete on DAG Run:example_params_trigger_ui
[2025-01-28T10:12:55.527+0000] {logging_mixin.py:190} INFO - [2025-01-28T10:12:55.526+0000] {dag.py:3239} INFO - Sync 1 DAGs
[2025-01-28T10:12:55.548+0000] {logging_mixin.py:190} INFO - [2025-01-28T10:12:55.547+0000] {dag.py:3262} INFO - Creating ORM DAG for example_params_trigger_ui
[2025-01-28T10:12:55.552+0000] {logging_mixin.py:190} INFO - [2025-01-28T10:12:55.550+0000] {dag.py:4180} INFO - Setting next_dagrun for example_params_trigger_ui to None, run_after=None
[2025-01-28T10:12:55.616+0000] {processor.py:208} INFO - Processing /mnt/c/Users/Admin/Desktop/ud_data/Dataslush_umang/airflow/airflow_venv/lib/python3.12/site-packages/airflow/example_dags/example_params_trigger_ui.py took 2.132 seconds
[2025-01-28T10:15:21.024+0000] {processor.py:186} INFO - Started process (PID=14987) to work on /mnt/c/Users/Admin/Desktop/ud_data/Dataslush_umang/airflow/airflow_venv/lib/python3.12/site-packages/airflow/example_dags/example_params_trigger_ui.py
[2025-01-28T10:15:21.147+0000] {processor.py:914} INFO - Processing file /mnt/c/Users/Admin/Desktop/ud_data/Dataslush_umang/airflow/airflow_venv/lib/python3.12/site-packages/airflow/example_dags/example_params_trigger_ui.py for tasks to queue
[2025-01-28T10:15:21.161+0000] {logging_mixin.py:190} INFO - [2025-01-28T10:15:21.156+0000] {dagbag.py:588} INFO - Filling up the DagBag from /mnt/c/Users/Admin/Desktop/ud_data/Dataslush_umang/airflow/airflow_venv/lib/python3.12/site-packages/airflow/example_dags/example_params_trigger_ui.py
[2025-01-28T10:15:21.327+0000] {processor.py:925} INFO - DAG(s) 'example_params_trigger_ui' retrieved from /mnt/c/Users/Admin/Desktop/ud_data/Dataslush_umang/airflow/airflow_venv/lib/python3.12/site-packages/airflow/example_dags/example_params_trigger_ui.py
[2025-01-28T10:15:21.369+0000] {logging_mixin.py:190} INFO - [2025-01-28T10:15:21.367+0000] {dag.py:3239} INFO - Sync 1 DAGs
[2025-01-28T10:15:21.383+0000] {logging_mixin.py:190} INFO - [2025-01-28T10:15:21.381+0000] {dag.py:4180} INFO - Setting next_dagrun for example_params_trigger_ui to None, run_after=None
[2025-01-28T10:15:21.419+0000] {processor.py:208} INFO - Processing /mnt/c/Users/Admin/Desktop/ud_data/Dataslush_umang/airflow/airflow_venv/lib/python3.12/site-packages/airflow/example_dags/example_params_trigger_ui.py took 0.414 seconds
[2025-01-28T10:17:02.216+0000] {processor.py:186} INFO - Started process (PID=15175) to work on /mnt/c/Users/Admin/Desktop/ud_data/Dataslush_umang/airflow/airflow_venv/lib/python3.12/site-packages/airflow/example_dags/example_params_trigger_ui.py
[2025-01-28T10:17:02.368+0000] {processor.py:914} INFO - Processing file /mnt/c/Users/Admin/Desktop/ud_data/Dataslush_umang/airflow/airflow_venv/lib/python3.12/site-packages/airflow/example_dags/example_params_trigger_ui.py for tasks to queue
[2025-01-28T10:17:02.375+0000] {logging_mixin.py:190} INFO - [2025-01-28T10:17:02.372+0000] {dagbag.py:588} INFO - Filling up the DagBag from /mnt/c/Users/Admin/Desktop/ud_data/Dataslush_umang/airflow/airflow_venv/lib/python3.12/site-packages/airflow/example_dags/example_params_trigger_ui.py
[2025-01-28T10:17:02.467+0000] {processor.py:925} INFO - DAG(s) 'example_params_trigger_ui' retrieved from /mnt/c/Users/Admin/Desktop/ud_data/Dataslush_umang/airflow/airflow_venv/lib/python3.12/site-packages/airflow/example_dags/example_params_trigger_ui.py
[2025-01-28T10:17:02.512+0000] {logging_mixin.py:190} INFO - [2025-01-28T10:17:02.510+0000] {dag.py:3239} INFO - Sync 1 DAGs
[2025-01-28T10:17:02.528+0000] {logging_mixin.py:190} INFO - [2025-01-28T10:17:02.526+0000] {dag.py:4180} INFO - Setting next_dagrun for example_params_trigger_ui to None, run_after=None
[2025-01-28T10:17:02.955+0000] {processor.py:208} INFO - Processing /mnt/c/Users/Admin/Desktop/ud_data/Dataslush_umang/airflow/airflow_venv/lib/python3.12/site-packages/airflow/example_dags/example_params_trigger_ui.py took 0.764 seconds
[2025-01-28T10:19:23.400+0000] {processor.py:186} INFO - Started process (PID=15405) to work on /mnt/c/Users/Admin/Desktop/ud_data/Dataslush_umang/airflow/airflow_venv/lib/python3.12/site-packages/airflow/example_dags/example_params_trigger_ui.py
[2025-01-28T10:19:23.404+0000] {processor.py:914} INFO - Processing file /mnt/c/Users/Admin/Desktop/ud_data/Dataslush_umang/airflow/airflow_venv/lib/python3.12/site-packages/airflow/example_dags/example_params_trigger_ui.py for tasks to queue
[2025-01-28T10:19:23.411+0000] {logging_mixin.py:190} INFO - [2025-01-28T10:19:23.408+0000] {dagbag.py:588} INFO - Filling up the DagBag from /mnt/c/Users/Admin/Desktop/ud_data/Dataslush_umang/airflow/airflow_venv/lib/python3.12/site-packages/airflow/example_dags/example_params_trigger_ui.py
[2025-01-28T10:19:53.725+0000] {processor.py:925} INFO - DAG(s) 'example_params_trigger_ui' retrieved from /mnt/c/Users/Admin/Desktop/ud_data/Dataslush_umang/airflow/airflow_venv/lib/python3.12/site-packages/airflow/example_dags/example_params_trigger_ui.py
[2025-01-28T10:19:53.777+0000] {logging_mixin.py:190} INFO - [2025-01-28T10:19:53.775+0000] {dag.py:3239} INFO - Sync 1 DAGs
[2025-01-28T10:19:53.793+0000] {logging_mixin.py:190} INFO - [2025-01-28T10:19:53.791+0000] {dag.py:4180} INFO - Setting next_dagrun for example_params_trigger_ui to None, run_after=None
[2025-01-28T10:19:53.835+0000] {processor.py:208} INFO - Processing /mnt/c/Users/Admin/Desktop/ud_data/Dataslush_umang/airflow/airflow_venv/lib/python3.12/site-packages/airflow/example_dags/example_params_trigger_ui.py took 0.352 seconds
[2025-01-28T10:22:28.597+0000] {processor.py:186} INFO - Started process (PID=15678) to work on /mnt/c/Users/Admin/Desktop/ud_data/Dataslush_umang/airflow/airflow_venv/lib/python3.12/site-packages/airflow/example_dags/example_params_trigger_ui.py
[2025-01-28T10:22:28.721+0000] {processor.py:914} INFO - Processing file /mnt/c/Users/Admin/Desktop/ud_data/Dataslush_umang/airflow/airflow_venv/lib/python3.12/site-packages/airflow/example_dags/example_params_trigger_ui.py for tasks to queue
[2025-01-28T10:22:28.727+0000] {logging_mixin.py:190} INFO - [2025-01-28T10:22:28.725+0000] {dagbag.py:588} INFO - Filling up the DagBag from /mnt/c/Users/Admin/Desktop/ud_data/Dataslush_umang/airflow/airflow_venv/lib/python3.12/site-packages/airflow/example_dags/example_params_trigger_ui.py
[2025-01-28T10:22:28.853+0000] {processor.py:925} INFO - DAG(s) 'example_params_trigger_ui' retrieved from /mnt/c/Users/Admin/Desktop/ud_data/Dataslush_umang/airflow/airflow_venv/lib/python3.12/site-packages/airflow/example_dags/example_params_trigger_ui.py
[2025-01-28T10:22:28.917+0000] {logging_mixin.py:190} INFO - [2025-01-28T10:22:28.915+0000] {dag.py:3239} INFO - Sync 1 DAGs
[2025-01-28T10:22:59.048+0000] {logging_mixin.py:190} INFO - [2025-01-28T10:22:59.046+0000] {dag.py:4180} INFO - Setting next_dagrun for example_params_trigger_ui to None, run_after=None
[2025-01-28T10:22:59.088+0000] {processor.py:208} INFO - Processing /mnt/c/Users/Admin/Desktop/ud_data/Dataslush_umang/airflow/airflow_venv/lib/python3.12/site-packages/airflow/example_dags/example_params_trigger_ui.py took 0.403 seconds
[2025-01-28T10:24:13.519+0000] {processor.py:186} INFO - Started process (PID=15845) to work on /mnt/c/Users/Admin/Desktop/ud_data/Dataslush_umang/airflow/airflow_venv/lib/python3.12/site-packages/airflow/example_dags/example_params_trigger_ui.py
[2025-01-28T10:24:13.521+0000] {processor.py:914} INFO - Processing file /mnt/c/Users/Admin/Desktop/ud_data/Dataslush_umang/airflow/airflow_venv/lib/python3.12/site-packages/airflow/example_dags/example_params_trigger_ui.py for tasks to queue
[2025-01-28T10:24:13.525+0000] {logging_mixin.py:190} INFO - [2025-01-28T10:24:13.524+0000] {dagbag.py:588} INFO - Filling up the DagBag from /mnt/c/Users/Admin/Desktop/ud_data/Dataslush_umang/airflow/airflow_venv/lib/python3.12/site-packages/airflow/example_dags/example_params_trigger_ui.py
[2025-01-28T10:24:13.605+0000] {processor.py:925} INFO - DAG(s) 'example_params_trigger_ui' retrieved from /mnt/c/Users/Admin/Desktop/ud_data/Dataslush_umang/airflow/airflow_venv/lib/python3.12/site-packages/airflow/example_dags/example_params_trigger_ui.py
[2025-01-28T10:24:13.658+0000] {logging_mixin.py:190} INFO - [2025-01-28T10:24:13.657+0000] {dag.py:3239} INFO - Sync 1 DAGs
[2025-01-28T10:24:13.676+0000] {logging_mixin.py:190} INFO - [2025-01-28T10:24:13.675+0000] {dag.py:4180} INFO - Setting next_dagrun for example_params_trigger_ui to None, run_after=None
[2025-01-28T10:24:13.721+0000] {processor.py:208} INFO - Processing /mnt/c/Users/Admin/Desktop/ud_data/Dataslush_umang/airflow/airflow_venv/lib/python3.12/site-packages/airflow/example_dags/example_params_trigger_ui.py took 0.222 seconds
[2025-01-28T10:25:50.507+0000] {processor.py:186} INFO - Started process (PID=16080) to work on /mnt/c/Users/Admin/Desktop/ud_data/Dataslush_umang/airflow/airflow_venv/lib/python3.12/site-packages/airflow/example_dags/example_params_trigger_ui.py
[2025-01-28T10:25:50.986+0000] {processor.py:914} INFO - Processing file /mnt/c/Users/Admin/Desktop/ud_data/Dataslush_umang/airflow/airflow_venv/lib/python3.12/site-packages/airflow/example_dags/example_params_trigger_ui.py for tasks to queue
[2025-01-28T10:25:50.996+0000] {logging_mixin.py:190} INFO - [2025-01-28T10:25:50.993+0000] {dagbag.py:588} INFO - Filling up the DagBag from /mnt/c/Users/Admin/Desktop/ud_data/Dataslush_umang/airflow/airflow_venv/lib/python3.12/site-packages/airflow/example_dags/example_params_trigger_ui.py
[2025-01-28T10:25:51.332+0000] {processor.py:925} INFO - DAG(s) 'example_params_trigger_ui' retrieved from /mnt/c/Users/Admin/Desktop/ud_data/Dataslush_umang/airflow/airflow_venv/lib/python3.12/site-packages/airflow/example_dags/example_params_trigger_ui.py
[2025-01-28T10:25:51.429+0000] {logging_mixin.py:190} INFO - [2025-01-28T10:25:51.426+0000] {dag.py:3239} INFO - Sync 1 DAGs
[2025-01-28T10:25:51.446+0000] {logging_mixin.py:190} INFO - [2025-01-28T10:25:51.444+0000] {dag.py:4180} INFO - Setting next_dagrun for example_params_trigger_ui to None, run_after=None
[2025-01-28T10:25:52.741+0000] {processor.py:208} INFO - Processing /mnt/c/Users/Admin/Desktop/ud_data/Dataslush_umang/airflow/airflow_venv/lib/python3.12/site-packages/airflow/example_dags/example_params_trigger_ui.py took 2.302 seconds
[2025-01-28T10:28:37.391+0000] {processor.py:186} INFO - Started process (PID=16319) to work on /mnt/c/Users/Admin/Desktop/ud_data/Dataslush_umang/airflow/airflow_venv/lib/python3.12/site-packages/airflow/example_dags/example_params_trigger_ui.py
[2025-01-28T10:28:37.510+0000] {processor.py:914} INFO - Processing file /mnt/c/Users/Admin/Desktop/ud_data/Dataslush_umang/airflow/airflow_venv/lib/python3.12/site-packages/airflow/example_dags/example_params_trigger_ui.py for tasks to queue
[2025-01-28T10:28:37.526+0000] {logging_mixin.py:190} INFO - [2025-01-28T10:28:37.521+0000] {dagbag.py:588} INFO - Filling up the DagBag from /mnt/c/Users/Admin/Desktop/ud_data/Dataslush_umang/airflow/airflow_venv/lib/python3.12/site-packages/airflow/example_dags/example_params_trigger_ui.py
[2025-01-28T10:28:37.797+0000] {processor.py:925} INFO - DAG(s) 'example_params_trigger_ui' retrieved from /mnt/c/Users/Admin/Desktop/ud_data/Dataslush_umang/airflow/airflow_venv/lib/python3.12/site-packages/airflow/example_dags/example_params_trigger_ui.py
[2025-01-28T10:28:37.883+0000] {logging_mixin.py:190} INFO - [2025-01-28T10:28:37.880+0000] {dag.py:3239} INFO - Sync 1 DAGs
[2025-01-28T10:28:37.917+0000] {logging_mixin.py:190} INFO - [2025-01-28T10:28:37.914+0000] {dag.py:4180} INFO - Setting next_dagrun for example_params_trigger_ui to None, run_after=None
[2025-01-28T10:28:38.028+0000] {processor.py:208} INFO - Processing /mnt/c/Users/Admin/Desktop/ud_data/Dataslush_umang/airflow/airflow_venv/lib/python3.12/site-packages/airflow/example_dags/example_params_trigger_ui.py took 0.699 seconds
[2025-01-28T10:31:39.976+0000] {processor.py:186} INFO - Started process (PID=16510) to work on /mnt/c/Users/Admin/Desktop/ud_data/Dataslush_umang/airflow/airflow_venv/lib/python3.12/site-packages/airflow/example_dags/example_params_trigger_ui.py
[2025-01-28T10:31:39.984+0000] {processor.py:914} INFO - Processing file /mnt/c/Users/Admin/Desktop/ud_data/Dataslush_umang/airflow/airflow_venv/lib/python3.12/site-packages/airflow/example_dags/example_params_trigger_ui.py for tasks to queue
[2025-01-28T10:31:40.000+0000] {logging_mixin.py:190} INFO - [2025-01-28T10:31:39.996+0000] {dagbag.py:588} INFO - Filling up the DagBag from /mnt/c/Users/Admin/Desktop/ud_data/Dataslush_umang/airflow/airflow_venv/lib/python3.12/site-packages/airflow/example_dags/example_params_trigger_ui.py
[2025-01-28T10:31:10.190+0000] {processor.py:925} INFO - DAG(s) 'example_params_trigger_ui' retrieved from /mnt/c/Users/Admin/Desktop/ud_data/Dataslush_umang/airflow/airflow_venv/lib/python3.12/site-packages/airflow/example_dags/example_params_trigger_ui.py
[2025-01-28T10:31:10.321+0000] {logging_mixin.py:190} INFO - [2025-01-28T10:31:10.316+0000] {dag.py:3239} INFO - Sync 1 DAGs
[2025-01-28T10:31:10.387+0000] {logging_mixin.py:190} INFO - [2025-01-28T10:31:10.382+0000] {dag.py:4180} INFO - Setting next_dagrun for example_params_trigger_ui to None, run_after=None
[2025-01-28T10:31:10.471+0000] {processor.py:208} INFO - Processing /mnt/c/Users/Admin/Desktop/ud_data/Dataslush_umang/airflow/airflow_venv/lib/python3.12/site-packages/airflow/example_dags/example_params_trigger_ui.py took 0.667 seconds
[2025-01-28T10:33:32.759+0000] {processor.py:186} INFO - Started process (PID=16733) to work on /mnt/c/Users/Admin/Desktop/ud_data/Dataslush_umang/airflow/airflow_venv/lib/python3.12/site-packages/airflow/example_dags/example_params_trigger_ui.py
[2025-01-28T10:33:32.878+0000] {processor.py:914} INFO - Processing file /mnt/c/Users/Admin/Desktop/ud_data/Dataslush_umang/airflow/airflow_venv/lib/python3.12/site-packages/airflow/example_dags/example_params_trigger_ui.py for tasks to queue
[2025-01-28T10:33:32.888+0000] {logging_mixin.py:190} INFO - [2025-01-28T10:33:32.885+0000] {dagbag.py:588} INFO - Filling up the DagBag from /mnt/c/Users/Admin/Desktop/ud_data/Dataslush_umang/airflow/airflow_venv/lib/python3.12/site-packages/airflow/example_dags/example_params_trigger_ui.py
[2025-01-28T10:33:33.053+0000] {processor.py:925} INFO - DAG(s) 'example_params_trigger_ui' retrieved from /mnt/c/Users/Admin/Desktop/ud_data/Dataslush_umang/airflow/airflow_venv/lib/python3.12/site-packages/airflow/example_dags/example_params_trigger_ui.py
[2025-01-28T10:33:33.100+0000] {logging_mixin.py:190} INFO - [2025-01-28T10:33:33.099+0000] {dag.py:3239} INFO - Sync 1 DAGs
[2025-01-28T10:33:33.116+0000] {logging_mixin.py:190} INFO - [2025-01-28T10:33:33.115+0000] {dag.py:4180} INFO - Setting next_dagrun for example_params_trigger_ui to None, run_after=None
[2025-01-28T10:33:33.721+0000] {processor.py:208} INFO - Processing /mnt/c/Users/Admin/Desktop/ud_data/Dataslush_umang/airflow/airflow_venv/lib/python3.12/site-packages/airflow/example_dags/example_params_trigger_ui.py took 1.011 seconds
[2025-01-28T10:36:11.300+0000] {processor.py:186} INFO - Started process (PID=16980) to work on /mnt/c/Users/Admin/Desktop/ud_data/Dataslush_umang/airflow/airflow_venv/lib/python3.12/site-packages/airflow/example_dags/example_params_trigger_ui.py
[2025-01-28T10:36:11.382+0000] {processor.py:914} INFO - Processing file /mnt/c/Users/Admin/Desktop/ud_data/Dataslush_umang/airflow/airflow_venv/lib/python3.12/site-packages/airflow/example_dags/example_params_trigger_ui.py for tasks to queue
[2025-01-28T10:36:11.399+0000] {logging_mixin.py:190} INFO - [2025-01-28T10:36:11.394+0000] {dagbag.py:588} INFO - Filling up the DagBag from /mnt/c/Users/Admin/Desktop/ud_data/Dataslush_umang/airflow/airflow_venv/lib/python3.12/site-packages/airflow/example_dags/example_params_trigger_ui.py
[2025-01-28T10:36:11.757+0000] {processor.py:925} INFO - DAG(s) 'example_params_trigger_ui' retrieved from /mnt/c/Users/Admin/Desktop/ud_data/Dataslush_umang/airflow/airflow_venv/lib/python3.12/site-packages/airflow/example_dags/example_params_trigger_ui.py
[2025-01-28T10:36:11.865+0000] {logging_mixin.py:190} INFO - [2025-01-28T10:36:11.863+0000] {dag.py:3239} INFO - Sync 1 DAGs
[2025-01-28T10:36:11.885+0000] {logging_mixin.py:190} INFO - [2025-01-28T10:36:11.883+0000] {dag.py:4180} INFO - Setting next_dagrun for example_params_trigger_ui to None, run_after=None
[2025-01-28T10:36:12.236+0000] {processor.py:208} INFO - Processing /mnt/c/Users/Admin/Desktop/ud_data/Dataslush_umang/airflow/airflow_venv/lib/python3.12/site-packages/airflow/example_dags/example_params_trigger_ui.py took 1.006 seconds
[2025-01-28T10:39:10.132+0000] {processor.py:186} INFO - Started process (PID=17260) to work on /mnt/c/Users/Admin/Desktop/ud_data/Dataslush_umang/airflow/airflow_venv/lib/python3.12/site-packages/airflow/example_dags/example_params_trigger_ui.py
[2025-01-28T10:39:10.292+0000] {processor.py:914} INFO - Processing file /mnt/c/Users/Admin/Desktop/ud_data/Dataslush_umang/airflow/airflow_venv/lib/python3.12/site-packages/airflow/example_dags/example_params_trigger_ui.py for tasks to queue
[2025-01-28T10:39:10.309+0000] {logging_mixin.py:190} INFO - [2025-01-28T10:39:10.303+0000] {dagbag.py:588} INFO - Filling up the DagBag from /mnt/c/Users/Admin/Desktop/ud_data/Dataslush_umang/airflow/airflow_venv/lib/python3.12/site-packages/airflow/example_dags/example_params_trigger_ui.py
[2025-01-28T10:39:10.578+0000] {processor.py:925} INFO - DAG(s) 'example_params_trigger_ui' retrieved from /mnt/c/Users/Admin/Desktop/ud_data/Dataslush_umang/airflow/airflow_venv/lib/python3.12/site-packages/airflow/example_dags/example_params_trigger_ui.py
[2025-01-28T10:39:10.630+0000] {logging_mixin.py:190} INFO - [2025-01-28T10:39:10.628+0000] {dag.py:3239} INFO - Sync 1 DAGs
[2025-01-28T10:39:40.786+0000] {logging_mixin.py:190} INFO - [2025-01-28T10:39:40.783+0000] {dag.py:4180} INFO - Setting next_dagrun for example_params_trigger_ui to None, run_after=None
[2025-01-28T10:39:41.076+0000] {processor.py:208} INFO - Processing /mnt/c/Users/Admin/Desktop/ud_data/Dataslush_umang/airflow/airflow_venv/lib/python3.12/site-packages/airflow/example_dags/example_params_trigger_ui.py took 0.872 seconds
[2025-01-28T10:40:39.912+0000] {processor.py:186} INFO - Started process (PID=17363) to work on /mnt/c/Users/Admin/Desktop/ud_data/Dataslush_umang/airflow/airflow_venv/lib/python3.12/site-packages/airflow/example_dags/example_params_trigger_ui.py
[2025-01-28T10:40:39.919+0000] {processor.py:914} INFO - Processing file /mnt/c/Users/Admin/Desktop/ud_data/Dataslush_umang/airflow/airflow_venv/lib/python3.12/site-packages/airflow/example_dags/example_params_trigger_ui.py for tasks to queue
[2025-01-28T10:40:39.931+0000] {logging_mixin.py:190} INFO - [2025-01-28T10:40:39.928+0000] {dagbag.py:588} INFO - Filling up the DagBag from /mnt/c/Users/Admin/Desktop/ud_data/Dataslush_umang/airflow/airflow_venv/lib/python3.12/site-packages/airflow/example_dags/example_params_trigger_ui.py
[2025-01-28T10:40:40.027+0000] {processor.py:925} INFO - DAG(s) 'example_params_trigger_ui' retrieved from /mnt/c/Users/Admin/Desktop/ud_data/Dataslush_umang/airflow/airflow_venv/lib/python3.12/site-packages/airflow/example_dags/example_params_trigger_ui.py
[2025-01-28T10:40:40.072+0000] {logging_mixin.py:190} INFO - [2025-01-28T10:40:40.070+0000] {dag.py:3239} INFO - Sync 1 DAGs
[2025-01-28T10:40:40.086+0000] {logging_mixin.py:190} INFO - [2025-01-28T10:40:40.084+0000] {dag.py:4180} INFO - Setting next_dagrun for example_params_trigger_ui to None, run_after=None
[2025-01-28T10:40:40.123+0000] {processor.py:208} INFO - Processing /mnt/c/Users/Admin/Desktop/ud_data/Dataslush_umang/airflow/airflow_venv/lib/python3.12/site-packages/airflow/example_dags/example_params_trigger_ui.py took 0.258 seconds
[2025-01-28T10:42:19.223+0000] {processor.py:186} INFO - Started process (PID=17570) to work on /mnt/c/Users/Admin/Desktop/ud_data/Dataslush_umang/airflow/airflow_venv/lib/python3.12/site-packages/airflow/example_dags/example_params_trigger_ui.py
[2025-01-28T10:42:19.225+0000] {processor.py:914} INFO - Processing file /mnt/c/Users/Admin/Desktop/ud_data/Dataslush_umang/airflow/airflow_venv/lib/python3.12/site-packages/airflow/example_dags/example_params_trigger_ui.py for tasks to queue
[2025-01-28T10:42:19.230+0000] {logging_mixin.py:190} INFO - [2025-01-28T10:42:19.229+0000] {dagbag.py:588} INFO - Filling up the DagBag from /mnt/c/Users/Admin/Desktop/ud_data/Dataslush_umang/airflow/airflow_venv/lib/python3.12/site-packages/airflow/example_dags/example_params_trigger_ui.py
[2025-01-28T10:42:19.321+0000] {processor.py:925} INFO - DAG(s) 'example_params_trigger_ui' retrieved from /mnt/c/Users/Admin/Desktop/ud_data/Dataslush_umang/airflow/airflow_venv/lib/python3.12/site-packages/airflow/example_dags/example_params_trigger_ui.py
[2025-01-28T10:42:19.366+0000] {logging_mixin.py:190} INFO - [2025-01-28T10:42:19.364+0000] {dag.py:3239} INFO - Sync 1 DAGs
[2025-01-28T10:42:19.381+0000] {logging_mixin.py:190} INFO - [2025-01-28T10:42:19.379+0000] {dag.py:4180} INFO - Setting next_dagrun for example_params_trigger_ui to None, run_after=None
[2025-01-28T10:42:19.421+0000] {processor.py:208} INFO - Processing /mnt/c/Users/Admin/Desktop/ud_data/Dataslush_umang/airflow/airflow_venv/lib/python3.12/site-packages/airflow/example_dags/example_params_trigger_ui.py took 0.222 seconds
[2025-01-28T10:45:57.706+0000] {processor.py:186} INFO - Started process (PID=17901) to work on /mnt/c/Users/Admin/Desktop/ud_data/Dataslush_umang/airflow/airflow_venv/lib/python3.12/site-packages/airflow/example_dags/example_params_trigger_ui.py
[2025-01-28T10:45:57.794+0000] {processor.py:914} INFO - Processing file /mnt/c/Users/Admin/Desktop/ud_data/Dataslush_umang/airflow/airflow_venv/lib/python3.12/site-packages/airflow/example_dags/example_params_trigger_ui.py for tasks to queue
[2025-01-28T10:45:57.801+0000] {logging_mixin.py:190} INFO - [2025-01-28T10:45:57.799+0000] {dagbag.py:588} INFO - Filling up the DagBag from /mnt/c/Users/Admin/Desktop/ud_data/Dataslush_umang/airflow/airflow_venv/lib/python3.12/site-packages/airflow/example_dags/example_params_trigger_ui.py
[2025-01-28T10:45:57.924+0000] {processor.py:925} INFO - DAG(s) 'example_params_trigger_ui' retrieved from /mnt/c/Users/Admin/Desktop/ud_data/Dataslush_umang/airflow/airflow_venv/lib/python3.12/site-packages/airflow/example_dags/example_params_trigger_ui.py
[2025-01-28T10:45:58.027+0000] {logging_mixin.py:190} INFO - [2025-01-28T10:45:58.025+0000] {dag.py:3239} INFO - Sync 1 DAGs
[2025-01-28T10:45:58.047+0000] {logging_mixin.py:190} INFO - [2025-01-28T10:45:58.046+0000] {dag.py:4180} INFO - Setting next_dagrun for example_params_trigger_ui to None, run_after=None
[2025-01-28T10:46:31.575+0000] {processor.py:208} INFO - Processing /mnt/c/Users/Admin/Desktop/ud_data/Dataslush_umang/airflow/airflow_venv/lib/python3.12/site-packages/airflow/example_dags/example_params_trigger_ui.py took 3.829 seconds
[2025-01-28T10:48:17.388+0000] {processor.py:186} INFO - Started process (PID=18093) to work on /mnt/c/Users/Admin/Desktop/ud_data/Dataslush_umang/airflow/airflow_venv/lib/python3.12/site-packages/airflow/example_dags/example_params_trigger_ui.py
[2025-01-28T10:48:17.582+0000] {processor.py:914} INFO - Processing file /mnt/c/Users/Admin/Desktop/ud_data/Dataslush_umang/airflow/airflow_venv/lib/python3.12/site-packages/airflow/example_dags/example_params_trigger_ui.py for tasks to queue
[2025-01-28T10:48:17.589+0000] {logging_mixin.py:190} INFO - [2025-01-28T10:48:17.587+0000] {dagbag.py:588} INFO - Filling up the DagBag from /mnt/c/Users/Admin/Desktop/ud_data/Dataslush_umang/airflow/airflow_venv/lib/python3.12/site-packages/airflow/example_dags/example_params_trigger_ui.py
[2025-01-28T10:48:17.715+0000] {processor.py:925} INFO - DAG(s) 'example_params_trigger_ui' retrieved from /mnt/c/Users/Admin/Desktop/ud_data/Dataslush_umang/airflow/airflow_venv/lib/python3.12/site-packages/airflow/example_dags/example_params_trigger_ui.py
[2025-01-28T10:48:17.776+0000] {logging_mixin.py:190} INFO - [2025-01-28T10:48:17.774+0000] {dag.py:3239} INFO - Sync 1 DAGs
[2025-01-28T10:48:17.803+0000] {logging_mixin.py:190} INFO - [2025-01-28T10:48:17.801+0000] {dag.py:4180} INFO - Setting next_dagrun for example_params_trigger_ui to None, run_after=None
[2025-01-28T10:48:18.619+0000] {processor.py:208} INFO - Processing /mnt/c/Users/Admin/Desktop/ud_data/Dataslush_umang/airflow/airflow_venv/lib/python3.12/site-packages/airflow/example_dags/example_params_trigger_ui.py took 1.260 seconds
[2025-01-28T10:50:12.219+0000] {processor.py:186} INFO - Started process (PID=18311) to work on /mnt/c/Users/Admin/Desktop/ud_data/Dataslush_umang/airflow/airflow_venv/lib/python3.12/site-packages/airflow/example_dags/example_params_trigger_ui.py
[2025-01-28T10:50:12.224+0000] {processor.py:914} INFO - Processing file /mnt/c/Users/Admin/Desktop/ud_data/Dataslush_umang/airflow/airflow_venv/lib/python3.12/site-packages/airflow/example_dags/example_params_trigger_ui.py for tasks to queue
[2025-01-28T10:50:12.231+0000] {logging_mixin.py:190} INFO - [2025-01-28T10:50:12.229+0000] {dagbag.py:588} INFO - Filling up the DagBag from /mnt/c/Users/Admin/Desktop/ud_data/Dataslush_umang/airflow/airflow_venv/lib/python3.12/site-packages/airflow/example_dags/example_params_trigger_ui.py
[2025-01-28T10:50:12.360+0000] {processor.py:925} INFO - DAG(s) 'example_params_trigger_ui' retrieved from /mnt/c/Users/Admin/Desktop/ud_data/Dataslush_umang/airflow/airflow_venv/lib/python3.12/site-packages/airflow/example_dags/example_params_trigger_ui.py
[2025-01-28T10:50:12.428+0000] {logging_mixin.py:190} INFO - [2025-01-28T10:50:12.426+0000] {dag.py:3239} INFO - Sync 1 DAGs
[2025-01-28T10:50:12.450+0000] {logging_mixin.py:190} INFO - [2025-01-28T10:50:12.448+0000] {dag.py:4180} INFO - Setting next_dagrun for example_params_trigger_ui to None, run_after=None
[2025-01-28T10:50:13.082+0000] {processor.py:208} INFO - Processing /mnt/c/Users/Admin/Desktop/ud_data/Dataslush_umang/airflow/airflow_venv/lib/python3.12/site-packages/airflow/example_dags/example_params_trigger_ui.py took 0.893 seconds
[2025-01-28T10:51:22.620+0000] {processor.py:186} INFO - Started process (PID=18531) to work on /mnt/c/Users/Admin/Desktop/ud_data/Dataslush_umang/airflow/airflow_venv/lib/python3.12/site-packages/airflow/example_dags/example_params_trigger_ui.py
[2025-01-28T10:51:22.856+0000] {processor.py:914} INFO - Processing file /mnt/c/Users/Admin/Desktop/ud_data/Dataslush_umang/airflow/airflow_venv/lib/python3.12/site-packages/airflow/example_dags/example_params_trigger_ui.py for tasks to queue
[2025-01-28T10:51:22.862+0000] {logging_mixin.py:190} INFO - [2025-01-28T10:51:22.860+0000] {dagbag.py:588} INFO - Filling up the DagBag from /mnt/c/Users/Admin/Desktop/ud_data/Dataslush_umang/airflow/airflow_venv/lib/python3.12/site-packages/airflow/example_dags/example_params_trigger_ui.py
[2025-01-28T10:51:22.982+0000] {processor.py:925} INFO - DAG(s) 'example_params_trigger_ui' retrieved from /mnt/c/Users/Admin/Desktop/ud_data/Dataslush_umang/airflow/airflow_venv/lib/python3.12/site-packages/airflow/example_dags/example_params_trigger_ui.py
[2025-01-28T10:51:23.066+0000] {logging_mixin.py:190} INFO - [2025-01-28T10:51:23.064+0000] {dag.py:3239} INFO - Sync 1 DAGs
[2025-01-28T10:51:23.093+0000] {logging_mixin.py:190} INFO - [2025-01-28T10:51:23.091+0000] {dag.py:4180} INFO - Setting next_dagrun for example_params_trigger_ui to None, run_after=None
[2025-01-28T10:51:24.832+0000] {processor.py:208} INFO - Processing /mnt/c/Users/Admin/Desktop/ud_data/Dataslush_umang/airflow/airflow_venv/lib/python3.12/site-packages/airflow/example_dags/example_params_trigger_ui.py took 2.236 seconds
[2025-01-28T10:53:09.752+0000] {processor.py:186} INFO - Started process (PID=18700) to work on /mnt/c/Users/Admin/Desktop/ud_data/Dataslush_umang/airflow/airflow_venv/lib/python3.12/site-packages/airflow/example_dags/example_params_trigger_ui.py
[2025-01-28T10:53:09.794+0000] {processor.py:914} INFO - Processing file /mnt/c/Users/Admin/Desktop/ud_data/Dataslush_umang/airflow/airflow_venv/lib/python3.12/site-packages/airflow/example_dags/example_params_trigger_ui.py for tasks to queue
[2025-01-28T10:53:09.802+0000] {logging_mixin.py:190} INFO - [2025-01-28T10:53:09.800+0000] {dagbag.py:588} INFO - Filling up the DagBag from /mnt/c/Users/Admin/Desktop/ud_data/Dataslush_umang/airflow/airflow_venv/lib/python3.12/site-packages/airflow/example_dags/example_params_trigger_ui.py
[2025-01-28T10:53:09.913+0000] {processor.py:925} INFO - DAG(s) 'example_params_trigger_ui' retrieved from /mnt/c/Users/Admin/Desktop/ud_data/Dataslush_umang/airflow/airflow_venv/lib/python3.12/site-packages/airflow/example_dags/example_params_trigger_ui.py
[2025-01-28T10:53:10.023+0000] {logging_mixin.py:190} INFO - [2025-01-28T10:53:10.022+0000] {dag.py:3239} INFO - Sync 1 DAGs
[2025-01-28T10:53:10.057+0000] {logging_mixin.py:190} INFO - [2025-01-28T10:53:10.055+0000] {dag.py:4180} INFO - Setting next_dagrun for example_params_trigger_ui to None, run_after=None
[2025-01-28T10:53:10.120+0000] {processor.py:208} INFO - Processing /mnt/c/Users/Admin/Desktop/ud_data/Dataslush_umang/airflow/airflow_venv/lib/python3.12/site-packages/airflow/example_dags/example_params_trigger_ui.py took 0.395 seconds
[2025-01-28T10:55:27.563+0000] {processor.py:186} INFO - Started process (PID=18840) to work on /mnt/c/Users/Admin/Desktop/ud_data/Dataslush_umang/airflow/airflow_venv/lib/python3.12/site-packages/airflow/example_dags/example_params_trigger_ui.py
[2025-01-28T10:55:27.566+0000] {processor.py:914} INFO - Processing file /mnt/c/Users/Admin/Desktop/ud_data/Dataslush_umang/airflow/airflow_venv/lib/python3.12/site-packages/airflow/example_dags/example_params_trigger_ui.py for tasks to queue
[2025-01-28T10:55:27.575+0000] {logging_mixin.py:190} INFO - [2025-01-28T10:55:27.572+0000] {dagbag.py:588} INFO - Filling up the DagBag from /mnt/c/Users/Admin/Desktop/ud_data/Dataslush_umang/airflow/airflow_venv/lib/python3.12/site-packages/airflow/example_dags/example_params_trigger_ui.py
[2025-01-28T10:55:27.689+0000] {processor.py:925} INFO - DAG(s) 'example_params_trigger_ui' retrieved from /mnt/c/Users/Admin/Desktop/ud_data/Dataslush_umang/airflow/airflow_venv/lib/python3.12/site-packages/airflow/example_dags/example_params_trigger_ui.py
[2025-01-28T10:55:27.746+0000] {logging_mixin.py:190} INFO - [2025-01-28T10:55:27.744+0000] {dag.py:3239} INFO - Sync 1 DAGs
[2025-01-28T10:55:27.768+0000] {logging_mixin.py:190} INFO - [2025-01-28T10:55:27.767+0000] {dag.py:4180} INFO - Setting next_dagrun for example_params_trigger_ui to None, run_after=None
[2025-01-28T10:54:57.877+0000] {processor.py:208} INFO - Processing /mnt/c/Users/Admin/Desktop/ud_data/Dataslush_umang/airflow/airflow_venv/lib/python3.12/site-packages/airflow/example_dags/example_params_trigger_ui.py took 0.429 seconds
[2025-01-28T10:56:24.861+0000] {processor.py:186} INFO - Started process (PID=19046) to work on /mnt/c/Users/Admin/Desktop/ud_data/Dataslush_umang/airflow/airflow_venv/lib/python3.12/site-packages/airflow/example_dags/example_params_trigger_ui.py
[2025-01-28T10:56:24.864+0000] {processor.py:914} INFO - Processing file /mnt/c/Users/Admin/Desktop/ud_data/Dataslush_umang/airflow/airflow_venv/lib/python3.12/site-packages/airflow/example_dags/example_params_trigger_ui.py for tasks to queue
[2025-01-28T10:56:24.872+0000] {logging_mixin.py:190} INFO - [2025-01-28T10:56:24.870+0000] {dagbag.py:588} INFO - Filling up the DagBag from /mnt/c/Users/Admin/Desktop/ud_data/Dataslush_umang/airflow/airflow_venv/lib/python3.12/site-packages/airflow/example_dags/example_params_trigger_ui.py
[2025-01-28T10:56:25.000+0000] {processor.py:925} INFO - DAG(s) 'example_params_trigger_ui' retrieved from /mnt/c/Users/Admin/Desktop/ud_data/Dataslush_umang/airflow/airflow_venv/lib/python3.12/site-packages/airflow/example_dags/example_params_trigger_ui.py
[2025-01-28T10:56:25.062+0000] {logging_mixin.py:190} INFO - [2025-01-28T10:56:25.060+0000] {dag.py:3239} INFO - Sync 1 DAGs
[2025-01-28T10:56:25.079+0000] {logging_mixin.py:190} INFO - [2025-01-28T10:56:25.077+0000] {dag.py:4180} INFO - Setting next_dagrun for example_params_trigger_ui to None, run_after=None
[2025-01-28T10:56:25.124+0000] {processor.py:208} INFO - Processing /mnt/c/Users/Admin/Desktop/ud_data/Dataslush_umang/airflow/airflow_venv/lib/python3.12/site-packages/airflow/example_dags/example_params_trigger_ui.py took 0.286 seconds
[2025-01-28T10:57:56.940+0000] {processor.py:186} INFO - Started process (PID=19199) to work on /mnt/c/Users/Admin/Desktop/ud_data/Dataslush_umang/airflow/airflow_venv/lib/python3.12/site-packages/airflow/example_dags/example_params_trigger_ui.py
[2025-01-28T10:57:56.944+0000] {processor.py:914} INFO - Processing file /mnt/c/Users/Admin/Desktop/ud_data/Dataslush_umang/airflow/airflow_venv/lib/python3.12/site-packages/airflow/example_dags/example_params_trigger_ui.py for tasks to queue
[2025-01-28T10:57:56.951+0000] {logging_mixin.py:190} INFO - [2025-01-28T10:57:56.949+0000] {dagbag.py:588} INFO - Filling up the DagBag from /mnt/c/Users/Admin/Desktop/ud_data/Dataslush_umang/airflow/airflow_venv/lib/python3.12/site-packages/airflow/example_dags/example_params_trigger_ui.py
[2025-01-28T10:57:57.066+0000] {processor.py:925} INFO - DAG(s) 'example_params_trigger_ui' retrieved from /mnt/c/Users/Admin/Desktop/ud_data/Dataslush_umang/airflow/airflow_venv/lib/python3.12/site-packages/airflow/example_dags/example_params_trigger_ui.py
[2025-01-28T10:57:57.137+0000] {logging_mixin.py:190} INFO - [2025-01-28T10:57:57.135+0000] {dag.py:3239} INFO - Sync 1 DAGs
[2025-01-28T10:57:57.158+0000] {logging_mixin.py:190} INFO - [2025-01-28T10:57:57.157+0000] {dag.py:4180} INFO - Setting next_dagrun for example_params_trigger_ui to None, run_after=None
[2025-01-28T10:57:57.211+0000] {processor.py:208} INFO - Processing /mnt/c/Users/Admin/Desktop/ud_data/Dataslush_umang/airflow/airflow_venv/lib/python3.12/site-packages/airflow/example_dags/example_params_trigger_ui.py took 0.301 seconds
[2025-01-28T10:59:26.243+0000] {processor.py:186} INFO - Started process (PID=19387) to work on /mnt/c/Users/Admin/Desktop/ud_data/Dataslush_umang/airflow/airflow_venv/lib/python3.12/site-packages/airflow/example_dags/example_params_trigger_ui.py
[2025-01-28T10:59:26.246+0000] {processor.py:914} INFO - Processing file /mnt/c/Users/Admin/Desktop/ud_data/Dataslush_umang/airflow/airflow_venv/lib/python3.12/site-packages/airflow/example_dags/example_params_trigger_ui.py for tasks to queue
[2025-01-28T10:59:26.253+0000] {logging_mixin.py:190} INFO - [2025-01-28T10:59:26.251+0000] {dagbag.py:588} INFO - Filling up the DagBag from /mnt/c/Users/Admin/Desktop/ud_data/Dataslush_umang/airflow/airflow_venv/lib/python3.12/site-packages/airflow/example_dags/example_params_trigger_ui.py
[2025-01-28T10:59:26.380+0000] {processor.py:925} INFO - DAG(s) 'example_params_trigger_ui' retrieved from /mnt/c/Users/Admin/Desktop/ud_data/Dataslush_umang/airflow/airflow_venv/lib/python3.12/site-packages/airflow/example_dags/example_params_trigger_ui.py
[2025-01-28T10:59:26.447+0000] {logging_mixin.py:190} INFO - [2025-01-28T10:59:26.445+0000] {dag.py:3239} INFO - Sync 1 DAGs
[2025-01-28T10:59:26.473+0000] {logging_mixin.py:190} INFO - [2025-01-28T10:59:26.471+0000] {dag.py:4180} INFO - Setting next_dagrun for example_params_trigger_ui to None, run_after=None
[2025-01-28T10:59:26.518+0000] {processor.py:208} INFO - Processing /mnt/c/Users/Admin/Desktop/ud_data/Dataslush_umang/airflow/airflow_venv/lib/python3.12/site-packages/airflow/example_dags/example_params_trigger_ui.py took 0.304 seconds
[2025-01-28T11:01:20.701+0000] {processor.py:186} INFO - Started process (PID=19575) to work on /mnt/c/Users/Admin/Desktop/ud_data/Dataslush_umang/airflow/airflow_venv/lib/python3.12/site-packages/airflow/example_dags/example_params_trigger_ui.py
[2025-01-28T11:01:20.704+0000] {processor.py:914} INFO - Processing file /mnt/c/Users/Admin/Desktop/ud_data/Dataslush_umang/airflow/airflow_venv/lib/python3.12/site-packages/airflow/example_dags/example_params_trigger_ui.py for tasks to queue
[2025-01-28T11:01:20.710+0000] {logging_mixin.py:190} INFO - [2025-01-28T11:01:20.708+0000] {dagbag.py:588} INFO - Filling up the DagBag from /mnt/c/Users/Admin/Desktop/ud_data/Dataslush_umang/airflow/airflow_venv/lib/python3.12/site-packages/airflow/example_dags/example_params_trigger_ui.py
[2025-01-28T11:01:20.836+0000] {processor.py:925} INFO - DAG(s) 'example_params_trigger_ui' retrieved from /mnt/c/Users/Admin/Desktop/ud_data/Dataslush_umang/airflow/airflow_venv/lib/python3.12/site-packages/airflow/example_dags/example_params_trigger_ui.py
[2025-01-28T11:01:20.952+0000] {logging_mixin.py:190} INFO - [2025-01-28T11:01:20.949+0000] {dag.py:3239} INFO - Sync 1 DAGs
[2025-01-28T11:01:20.988+0000] {logging_mixin.py:190} INFO - [2025-01-28T11:01:20.987+0000] {dag.py:4180} INFO - Setting next_dagrun for example_params_trigger_ui to None, run_after=None
[2025-01-28T11:01:21.074+0000] {processor.py:208} INFO - Processing /mnt/c/Users/Admin/Desktop/ud_data/Dataslush_umang/airflow/airflow_venv/lib/python3.12/site-packages/airflow/example_dags/example_params_trigger_ui.py took 0.402 seconds
[2025-01-28T11:02:40.243+0000] {processor.py:186} INFO - Started process (PID=19646) to work on /mnt/c/Users/Admin/Desktop/ud_data/Dataslush_umang/airflow/airflow_venv/lib/python3.12/site-packages/airflow/example_dags/example_params_trigger_ui.py
[2025-01-28T11:02:40.315+0000] {processor.py:914} INFO - Processing file /mnt/c/Users/Admin/Desktop/ud_data/Dataslush_umang/airflow/airflow_venv/lib/python3.12/site-packages/airflow/example_dags/example_params_trigger_ui.py for tasks to queue
[2025-01-28T11:02:40.348+0000] {logging_mixin.py:190} INFO - [2025-01-28T11:02:40.346+0000] {dagbag.py:588} INFO - Filling up the DagBag from /mnt/c/Users/Admin/Desktop/ud_data/Dataslush_umang/airflow/airflow_venv/lib/python3.12/site-packages/airflow/example_dags/example_params_trigger_ui.py
[2025-01-28T11:02:40.459+0000] {processor.py:925} INFO - DAG(s) 'example_params_trigger_ui' retrieved from /mnt/c/Users/Admin/Desktop/ud_data/Dataslush_umang/airflow/airflow_venv/lib/python3.12/site-packages/airflow/example_dags/example_params_trigger_ui.py
[2025-01-28T11:02:40.527+0000] {logging_mixin.py:190} INFO - [2025-01-28T11:02:40.526+0000] {dag.py:3239} INFO - Sync 1 DAGs
[2025-01-28T11:02:40.552+0000] {logging_mixin.py:190} INFO - [2025-01-28T11:02:40.551+0000] {dag.py:4180} INFO - Setting next_dagrun for example_params_trigger_ui to None, run_after=None
[2025-01-28T11:02:40.595+0000] {processor.py:208} INFO - Processing /mnt/c/Users/Admin/Desktop/ud_data/Dataslush_umang/airflow/airflow_venv/lib/python3.12/site-packages/airflow/example_dags/example_params_trigger_ui.py took 0.382 seconds
[2025-01-28T11:04:11.575+0000] {processor.py:186} INFO - Started process (PID=19871) to work on /mnt/c/Users/Admin/Desktop/ud_data/Dataslush_umang/airflow/airflow_venv/lib/python3.12/site-packages/airflow/example_dags/example_params_trigger_ui.py
[2025-01-28T11:04:11.626+0000] {processor.py:914} INFO - Processing file /mnt/c/Users/Admin/Desktop/ud_data/Dataslush_umang/airflow/airflow_venv/lib/python3.12/site-packages/airflow/example_dags/example_params_trigger_ui.py for tasks to queue
[2025-01-28T11:04:11.634+0000] {logging_mixin.py:190} INFO - [2025-01-28T11:04:11.631+0000] {dagbag.py:588} INFO - Filling up the DagBag from /mnt/c/Users/Admin/Desktop/ud_data/Dataslush_umang/airflow/airflow_venv/lib/python3.12/site-packages/airflow/example_dags/example_params_trigger_ui.py
[2025-01-28T11:04:11.783+0000] {processor.py:925} INFO - DAG(s) 'example_params_trigger_ui' retrieved from /mnt/c/Users/Admin/Desktop/ud_data/Dataslush_umang/airflow/airflow_venv/lib/python3.12/site-packages/airflow/example_dags/example_params_trigger_ui.py
[2025-01-28T11:04:11.867+0000] {logging_mixin.py:190} INFO - [2025-01-28T11:04:11.865+0000] {dag.py:3239} INFO - Sync 1 DAGs
[2025-01-28T11:04:11.885+0000] {logging_mixin.py:190} INFO - [2025-01-28T11:04:11.884+0000] {dag.py:4180} INFO - Setting next_dagrun for example_params_trigger_ui to None, run_after=None
[2025-01-28T11:04:11.925+0000] {processor.py:208} INFO - Processing /mnt/c/Users/Admin/Desktop/ud_data/Dataslush_umang/airflow/airflow_venv/lib/python3.12/site-packages/airflow/example_dags/example_params_trigger_ui.py took 0.375 seconds
[2025-01-28T11:05:45.927+0000] {processor.py:186} INFO - Started process (PID=19999) to work on /mnt/c/Users/Admin/Desktop/ud_data/Dataslush_umang/airflow/airflow_venv/lib/python3.12/site-packages/airflow/example_dags/example_params_trigger_ui.py
[2025-01-28T11:05:46.217+0000] {processor.py:914} INFO - Processing file /mnt/c/Users/Admin/Desktop/ud_data/Dataslush_umang/airflow/airflow_venv/lib/python3.12/site-packages/airflow/example_dags/example_params_trigger_ui.py for tasks to queue
[2025-01-28T11:05:46.222+0000] {logging_mixin.py:190} INFO - [2025-01-28T11:05:46.221+0000] {dagbag.py:588} INFO - Filling up the DagBag from /mnt/c/Users/Admin/Desktop/ud_data/Dataslush_umang/airflow/airflow_venv/lib/python3.12/site-packages/airflow/example_dags/example_params_trigger_ui.py
[2025-01-28T11:05:46.349+0000] {processor.py:925} INFO - DAG(s) 'example_params_trigger_ui' retrieved from /mnt/c/Users/Admin/Desktop/ud_data/Dataslush_umang/airflow/airflow_venv/lib/python3.12/site-packages/airflow/example_dags/example_params_trigger_ui.py
[2025-01-28T11:05:46.393+0000] {logging_mixin.py:190} INFO - [2025-01-28T11:05:46.391+0000] {dag.py:3239} INFO - Sync 1 DAGs
[2025-01-28T11:05:46.415+0000] {logging_mixin.py:190} INFO - [2025-01-28T11:05:46.414+0000] {dag.py:4180} INFO - Setting next_dagrun for example_params_trigger_ui to None, run_after=None
[2025-01-28T11:05:51.415+0000] {processor.py:208} INFO - Processing /mnt/c/Users/Admin/Desktop/ud_data/Dataslush_umang/airflow/airflow_venv/lib/python3.12/site-packages/airflow/example_dags/example_params_trigger_ui.py took 5.519 seconds
[2025-01-28T11:08:24.133+0000] {processor.py:186} INFO - Started process (PID=20166) to work on /mnt/c/Users/Admin/Desktop/ud_data/Dataslush_umang/airflow/airflow_venv/lib/python3.12/site-packages/airflow/example_dags/example_params_trigger_ui.py
[2025-01-28T11:07:54.161+0000] {processor.py:914} INFO - Processing file /mnt/c/Users/Admin/Desktop/ud_data/Dataslush_umang/airflow/airflow_venv/lib/python3.12/site-packages/airflow/example_dags/example_params_trigger_ui.py for tasks to queue
[2025-01-28T11:07:54.166+0000] {logging_mixin.py:190} INFO - [2025-01-28T11:07:54.165+0000] {dagbag.py:588} INFO - Filling up the DagBag from /mnt/c/Users/Admin/Desktop/ud_data/Dataslush_umang/airflow/airflow_venv/lib/python3.12/site-packages/airflow/example_dags/example_params_trigger_ui.py
[2025-01-28T11:07:54.268+0000] {processor.py:925} INFO - DAG(s) 'example_params_trigger_ui' retrieved from /mnt/c/Users/Admin/Desktop/ud_data/Dataslush_umang/airflow/airflow_venv/lib/python3.12/site-packages/airflow/example_dags/example_params_trigger_ui.py
[2025-01-28T11:07:54.334+0000] {logging_mixin.py:190} INFO - [2025-01-28T11:07:54.332+0000] {dag.py:3239} INFO - Sync 1 DAGs
[2025-01-28T11:07:54.355+0000] {logging_mixin.py:190} INFO - [2025-01-28T11:07:54.353+0000] {dag.py:4180} INFO - Setting next_dagrun for example_params_trigger_ui to None, run_after=None
[2025-01-28T11:07:55.198+0000] {processor.py:208} INFO - Processing /mnt/c/Users/Admin/Desktop/ud_data/Dataslush_umang/airflow/airflow_venv/lib/python3.12/site-packages/airflow/example_dags/example_params_trigger_ui.py took 1.185 seconds
[2025-01-28T11:09:29.757+0000] {processor.py:186} INFO - Started process (PID=20371) to work on /mnt/c/Users/Admin/Desktop/ud_data/Dataslush_umang/airflow/airflow_venv/lib/python3.12/site-packages/airflow/example_dags/example_params_trigger_ui.py
[2025-01-28T11:09:29.825+0000] {processor.py:914} INFO - Processing file /mnt/c/Users/Admin/Desktop/ud_data/Dataslush_umang/airflow/airflow_venv/lib/python3.12/site-packages/airflow/example_dags/example_params_trigger_ui.py for tasks to queue
[2025-01-28T11:09:29.832+0000] {logging_mixin.py:190} INFO - [2025-01-28T11:09:29.830+0000] {dagbag.py:588} INFO - Filling up the DagBag from /mnt/c/Users/Admin/Desktop/ud_data/Dataslush_umang/airflow/airflow_venv/lib/python3.12/site-packages/airflow/example_dags/example_params_trigger_ui.py
[2025-01-28T11:09:29.968+0000] {processor.py:925} INFO - DAG(s) 'example_params_trigger_ui' retrieved from /mnt/c/Users/Admin/Desktop/ud_data/Dataslush_umang/airflow/airflow_venv/lib/python3.12/site-packages/airflow/example_dags/example_params_trigger_ui.py
[2025-01-28T11:09:30.035+0000] {logging_mixin.py:190} INFO - [2025-01-28T11:09:30.034+0000] {dag.py:3239} INFO - Sync 1 DAGs
[2025-01-28T11:09:30.058+0000] {logging_mixin.py:190} INFO - [2025-01-28T11:09:30.056+0000] {dag.py:4180} INFO - Setting next_dagrun for example_params_trigger_ui to None, run_after=None
[2025-01-28T11:09:30.160+0000] {processor.py:208} INFO - Processing /mnt/c/Users/Admin/Desktop/ud_data/Dataslush_umang/airflow/airflow_venv/lib/python3.12/site-packages/airflow/example_dags/example_params_trigger_ui.py took 0.431 seconds
[2025-01-28T11:10:38.234+0000] {processor.py:186} INFO - Started process (PID=20469) to work on /mnt/c/Users/Admin/Desktop/ud_data/Dataslush_umang/airflow/airflow_venv/lib/python3.12/site-packages/airflow/example_dags/example_params_trigger_ui.py
[2025-01-28T11:10:38.237+0000] {processor.py:914} INFO - Processing file /mnt/c/Users/Admin/Desktop/ud_data/Dataslush_umang/airflow/airflow_venv/lib/python3.12/site-packages/airflow/example_dags/example_params_trigger_ui.py for tasks to queue
[2025-01-28T11:10:38.243+0000] {logging_mixin.py:190} INFO - [2025-01-28T11:10:38.241+0000] {dagbag.py:588} INFO - Filling up the DagBag from /mnt/c/Users/Admin/Desktop/ud_data/Dataslush_umang/airflow/airflow_venv/lib/python3.12/site-packages/airflow/example_dags/example_params_trigger_ui.py
[2025-01-28T11:10:38.344+0000] {processor.py:925} INFO - DAG(s) 'example_params_trigger_ui' retrieved from /mnt/c/Users/Admin/Desktop/ud_data/Dataslush_umang/airflow/airflow_venv/lib/python3.12/site-packages/airflow/example_dags/example_params_trigger_ui.py
[2025-01-28T11:10:38.398+0000] {logging_mixin.py:190} INFO - [2025-01-28T11:10:38.396+0000] {dag.py:3239} INFO - Sync 1 DAGs
[2025-01-28T11:10:38.416+0000] {logging_mixin.py:190} INFO - [2025-01-28T11:10:38.414+0000] {dag.py:4180} INFO - Setting next_dagrun for example_params_trigger_ui to None, run_after=None
[2025-01-28T11:10:38.455+0000] {processor.py:208} INFO - Processing /mnt/c/Users/Admin/Desktop/ud_data/Dataslush_umang/airflow/airflow_venv/lib/python3.12/site-packages/airflow/example_dags/example_params_trigger_ui.py took 0.246 seconds
[2025-01-28T11:11:52.256+0000] {processor.py:186} INFO - Started process (PID=20561) to work on /mnt/c/Users/Admin/Desktop/ud_data/Dataslush_umang/airflow/airflow_venv/lib/python3.12/site-packages/airflow/example_dags/example_params_trigger_ui.py
[2025-01-28T11:11:52.258+0000] {processor.py:914} INFO - Processing file /mnt/c/Users/Admin/Desktop/ud_data/Dataslush_umang/airflow/airflow_venv/lib/python3.12/site-packages/airflow/example_dags/example_params_trigger_ui.py for tasks to queue
[2025-01-28T11:11:52.263+0000] {logging_mixin.py:190} INFO - [2025-01-28T11:11:52.262+0000] {dagbag.py:588} INFO - Filling up the DagBag from /mnt/c/Users/Admin/Desktop/ud_data/Dataslush_umang/airflow/airflow_venv/lib/python3.12/site-packages/airflow/example_dags/example_params_trigger_ui.py
[2025-01-28T11:11:52.350+0000] {processor.py:925} INFO - DAG(s) 'example_params_trigger_ui' retrieved from /mnt/c/Users/Admin/Desktop/ud_data/Dataslush_umang/airflow/airflow_venv/lib/python3.12/site-packages/airflow/example_dags/example_params_trigger_ui.py
[2025-01-28T11:11:52.414+0000] {logging_mixin.py:190} INFO - [2025-01-28T11:11:52.413+0000] {dag.py:3239} INFO - Sync 1 DAGs
[2025-01-28T11:11:52.431+0000] {logging_mixin.py:190} INFO - [2025-01-28T11:11:52.430+0000] {dag.py:4180} INFO - Setting next_dagrun for example_params_trigger_ui to None, run_after=None
[2025-01-28T11:11:52.482+0000] {processor.py:208} INFO - Processing /mnt/c/Users/Admin/Desktop/ud_data/Dataslush_umang/airflow/airflow_venv/lib/python3.12/site-packages/airflow/example_dags/example_params_trigger_ui.py took 0.245 seconds
[2025-01-28T11:13:30.492+0000] {processor.py:186} INFO - Started process (PID=20673) to work on /mnt/c/Users/Admin/Desktop/ud_data/Dataslush_umang/airflow/airflow_venv/lib/python3.12/site-packages/airflow/example_dags/example_params_trigger_ui.py
[2025-01-28T11:13:30.591+0000] {processor.py:914} INFO - Processing file /mnt/c/Users/Admin/Desktop/ud_data/Dataslush_umang/airflow/airflow_venv/lib/python3.12/site-packages/airflow/example_dags/example_params_trigger_ui.py for tasks to queue
[2025-01-28T11:13:30.597+0000] {logging_mixin.py:190} INFO - [2025-01-28T11:13:30.595+0000] {dagbag.py:588} INFO - Filling up the DagBag from /mnt/c/Users/Admin/Desktop/ud_data/Dataslush_umang/airflow/airflow_venv/lib/python3.12/site-packages/airflow/example_dags/example_params_trigger_ui.py
[2025-01-28T11:13:30.697+0000] {processor.py:925} INFO - DAG(s) 'example_params_trigger_ui' retrieved from /mnt/c/Users/Admin/Desktop/ud_data/Dataslush_umang/airflow/airflow_venv/lib/python3.12/site-packages/airflow/example_dags/example_params_trigger_ui.py
[2025-01-28T11:13:30.762+0000] {logging_mixin.py:190} INFO - [2025-01-28T11:13:30.759+0000] {dag.py:3239} INFO - Sync 1 DAGs
[2025-01-28T11:13:30.784+0000] {logging_mixin.py:190} INFO - [2025-01-28T11:13:30.782+0000] {dag.py:4180} INFO - Setting next_dagrun for example_params_trigger_ui to None, run_after=None
[2025-01-28T11:13:31.087+0000] {processor.py:208} INFO - Processing /mnt/c/Users/Admin/Desktop/ud_data/Dataslush_umang/airflow/airflow_venv/lib/python3.12/site-packages/airflow/example_dags/example_params_trigger_ui.py took 0.622 seconds
[2025-01-28T11:15:29.457+0000] {processor.py:211} ERROR - Got an exception! Propagating...
Traceback (most recent call last):
  File "/usr/lib/python3.12/importlib/metadata/__init__.py", line 397, in from_name
    return next(cls.discover(name=name))
           ^^^^^^^^^^^^^^^^^^^^^^^^^^^^^
StopIteration

During handling of the above exception, another exception occurred:

Traceback (most recent call last):
  File "/mnt/c/Users/Admin/Desktop/ud_data/Dataslush_umang/airflow/airflow_venv/lib/python3.12/site-packages/airflow/dag_processing/processor.py", line 207, in _run_file_processor
  File "/mnt/c/Users/Admin/Desktop/ud_data/Dataslush_umang/airflow/airflow_venv/lib/python3.12/site-packages/airflow/dag_processing/processor.py", line 179, in _handle_dag_file_processing
  File "/mnt/c/Users/Admin/Desktop/ud_data/Dataslush_umang/airflow/airflow_venv/lib/python3.12/site-packages/airflow/settings.py", line 476, in configure_orm
  File "/mnt/c/Users/Admin/Desktop/ud_data/Dataslush_umang/airflow/airflow_venv/lib/python3.12/site-packages/airflow/settings.py", line 601, in prepare_engine_args
  File "/mnt/c/Users/Admin/Desktop/ud_data/Dataslush_umang/airflow/airflow_venv/lib/python3.12/site-packages/airflow/utils/sqlalchemy.py", line 556, in is_sqlalchemy_v1
  File "/usr/lib/python3.12/importlib/metadata/__init__.py", line 889, in version
    return distribution(distribution_name).version
           ^^^^^^^^^^^^^^^^^^^^^^^^^^^^^^^
  File "/usr/lib/python3.12/importlib/metadata/__init__.py", line 862, in distribution
    return Distribution.from_name(distribution_name)
           ^^^^^^^^^^^^^^^^^^^^^^^^^^^^^^^^^^^^^^^^^
  File "/usr/lib/python3.12/importlib/metadata/__init__.py", line 399, in from_name
    raise PackageNotFoundError(name)
importlib.metadata.PackageNotFoundError: No package metadata was found for sqlalchemy
