[2025-01-28T10:13:59.740+0000] {processor.py:186} INFO - Started process (PID=14891) to work on /mnt/c/Users/Admin/Desktop/ud_data/Dataslush_umang/airflow/airflow_venv/lib/python3.12/site-packages/airflow/example_dags/example_complex.py
[2025-01-28T10:13:59.741+0000] {processor.py:914} INFO - Processing file /mnt/c/Users/Admin/Desktop/ud_data/Dataslush_umang/airflow/airflow_venv/lib/python3.12/site-packages/airflow/example_dags/example_complex.py for tasks to queue
[2025-01-28T10:13:59.746+0000] {logging_mixin.py:190} INFO - [2025-01-28T10:13:59.744+0000] {dagbag.py:588} INFO - Filling up the DagBag from /mnt/c/Users/Admin/Desktop/ud_data/Dataslush_umang/airflow/airflow_venv/lib/python3.12/site-packages/airflow/example_dags/example_complex.py
[2025-01-28T10:13:59.850+0000] {processor.py:925} INFO - DAG(s) 'example_complex' retrieved from /mnt/c/Users/Admin/Desktop/ud_data/Dataslush_umang/airflow/airflow_venv/lib/python3.12/site-packages/airflow/example_dags/example_complex.py
[2025-01-28T10:14:31.411+0000] {logging_mixin.py:190} INFO - [2025-01-28T10:14:31.408+0000] {override.py:1912} INFO - Created Permission View: can edit on DAG:example_complex
[2025-01-28T10:14:31.550+0000] {logging_mixin.py:190} INFO - [2025-01-28T10:14:31.548+0000] {override.py:1912} INFO - Created Permission View: can read on DAG:example_complex
[2025-01-28T10:14:01.627+0000] {logging_mixin.py:190} INFO - [2025-01-28T10:14:01.624+0000] {override.py:1912} INFO - Created Permission View: can delete on DAG:example_complex
[2025-01-28T10:14:02.386+0000] {logging_mixin.py:190} INFO - [2025-01-28T10:14:02.383+0000] {override.py:1912} INFO - Created Permission View: can create on DAG Run:example_complex
[2025-01-28T10:14:02.544+0000] {logging_mixin.py:190} INFO - [2025-01-28T10:14:02.542+0000] {override.py:1912} INFO - Created Permission View: menu access on DAG Run:example_complex
[2025-01-28T10:14:02.830+0000] {logging_mixin.py:190} INFO - [2025-01-28T10:14:02.826+0000] {override.py:1912} INFO - Created Permission View: can read on DAG Run:example_complex
[2025-01-28T10:14:02.870+0000] {logging_mixin.py:190} INFO - [2025-01-28T10:14:02.867+0000] {override.py:1912} INFO - Created Permission View: can delete on DAG Run:example_complex
[2025-01-28T10:14:02.875+0000] {logging_mixin.py:190} INFO - [2025-01-28T10:14:02.873+0000] {dag.py:3239} INFO - Sync 1 DAGs
[2025-01-28T10:14:02.891+0000] {logging_mixin.py:190} INFO - [2025-01-28T10:14:02.889+0000] {dag.py:3262} INFO - Creating ORM DAG for example_complex
[2025-01-28T10:14:02.895+0000] {logging_mixin.py:190} INFO - [2025-01-28T10:14:02.893+0000] {dag.py:4180} INFO - Setting next_dagrun for example_complex to None, run_after=None
[2025-01-28T10:14:02.960+0000] {processor.py:208} INFO - Processing /mnt/c/Users/Admin/Desktop/ud_data/Dataslush_umang/airflow/airflow_venv/lib/python3.12/site-packages/airflow/example_dags/example_complex.py took 3.232 seconds
[2025-01-28T10:15:40.620+0000] {processor.py:186} INFO - Started process (PID=15012) to work on /mnt/c/Users/Admin/Desktop/ud_data/Dataslush_umang/airflow/airflow_venv/lib/python3.12/site-packages/airflow/example_dags/example_complex.py
[2025-01-28T10:15:40.623+0000] {processor.py:914} INFO - Processing file /mnt/c/Users/Admin/Desktop/ud_data/Dataslush_umang/airflow/airflow_venv/lib/python3.12/site-packages/airflow/example_dags/example_complex.py for tasks to queue
[2025-01-28T10:15:40.628+0000] {logging_mixin.py:190} INFO - [2025-01-28T10:15:40.627+0000] {dagbag.py:588} INFO - Filling up the DagBag from /mnt/c/Users/Admin/Desktop/ud_data/Dataslush_umang/airflow/airflow_venv/lib/python3.12/site-packages/airflow/example_dags/example_complex.py
[2025-01-28T10:15:40.720+0000] {processor.py:925} INFO - DAG(s) 'example_complex' retrieved from /mnt/c/Users/Admin/Desktop/ud_data/Dataslush_umang/airflow/airflow_venv/lib/python3.12/site-packages/airflow/example_dags/example_complex.py
[2025-01-28T10:15:40.758+0000] {logging_mixin.py:190} INFO - [2025-01-28T10:15:40.755+0000] {dag.py:3239} INFO - Sync 1 DAGs
[2025-01-28T10:15:40.773+0000] {logging_mixin.py:190} INFO - [2025-01-28T10:15:40.771+0000] {dag.py:4180} INFO - Setting next_dagrun for example_complex to None, run_after=None
[2025-01-28T10:15:40.891+0000] {processor.py:208} INFO - Processing /mnt/c/Users/Admin/Desktop/ud_data/Dataslush_umang/airflow/airflow_venv/lib/python3.12/site-packages/airflow/example_dags/example_complex.py took 0.296 seconds
[2025-01-28T10:17:26.037+0000] {processor.py:186} INFO - Started process (PID=15201) to work on /mnt/c/Users/Admin/Desktop/ud_data/Dataslush_umang/airflow/airflow_venv/lib/python3.12/site-packages/airflow/example_dags/example_complex.py
[2025-01-28T10:17:26.039+0000] {processor.py:914} INFO - Processing file /mnt/c/Users/Admin/Desktop/ud_data/Dataslush_umang/airflow/airflow_venv/lib/python3.12/site-packages/airflow/example_dags/example_complex.py for tasks to queue
[2025-01-28T10:17:26.044+0000] {logging_mixin.py:190} INFO - [2025-01-28T10:17:26.042+0000] {dagbag.py:588} INFO - Filling up the DagBag from /mnt/c/Users/Admin/Desktop/ud_data/Dataslush_umang/airflow/airflow_venv/lib/python3.12/site-packages/airflow/example_dags/example_complex.py
[2025-01-28T10:17:26.129+0000] {processor.py:925} INFO - DAG(s) 'example_complex' retrieved from /mnt/c/Users/Admin/Desktop/ud_data/Dataslush_umang/airflow/airflow_venv/lib/python3.12/site-packages/airflow/example_dags/example_complex.py
[2025-01-28T10:17:26.161+0000] {logging_mixin.py:190} INFO - [2025-01-28T10:17:26.159+0000] {dag.py:3239} INFO - Sync 1 DAGs
[2025-01-28T10:17:26.176+0000] {logging_mixin.py:190} INFO - [2025-01-28T10:17:26.174+0000] {dag.py:4180} INFO - Setting next_dagrun for example_complex to None, run_after=None
[2025-01-28T10:17:26.216+0000] {processor.py:208} INFO - Processing /mnt/c/Users/Admin/Desktop/ud_data/Dataslush_umang/airflow/airflow_venv/lib/python3.12/site-packages/airflow/example_dags/example_complex.py took 0.198 seconds
[2025-01-28T10:19:53.536+0000] {processor.py:186} INFO - Started process (PID=15434) to work on /mnt/c/Users/Admin/Desktop/ud_data/Dataslush_umang/airflow/airflow_venv/lib/python3.12/site-packages/airflow/example_dags/example_complex.py
[2025-01-28T10:19:53.547+0000] {processor.py:914} INFO - Processing file /mnt/c/Users/Admin/Desktop/ud_data/Dataslush_umang/airflow/airflow_venv/lib/python3.12/site-packages/airflow/example_dags/example_complex.py for tasks to queue
[2025-01-28T10:19:53.567+0000] {logging_mixin.py:190} INFO - [2025-01-28T10:19:53.561+0000] {dagbag.py:588} INFO - Filling up the DagBag from /mnt/c/Users/Admin/Desktop/ud_data/Dataslush_umang/airflow/airflow_venv/lib/python3.12/site-packages/airflow/example_dags/example_complex.py
[2025-01-28T10:20:24.041+0000] {processor.py:925} INFO - DAG(s) 'example_complex' retrieved from /mnt/c/Users/Admin/Desktop/ud_data/Dataslush_umang/airflow/airflow_venv/lib/python3.12/site-packages/airflow/example_dags/example_complex.py
[2025-01-28T10:20:24.133+0000] {logging_mixin.py:190} INFO - [2025-01-28T10:20:24.130+0000] {dag.py:3239} INFO - Sync 1 DAGs
[2025-01-28T10:20:24.161+0000] {logging_mixin.py:190} INFO - [2025-01-28T10:20:24.158+0000] {dag.py:4180} INFO - Setting next_dagrun for example_complex to None, run_after=None
[2025-01-28T10:19:54.959+0000] {processor.py:208} INFO - Processing /mnt/c/Users/Admin/Desktop/ud_data/Dataslush_umang/airflow/airflow_venv/lib/python3.12/site-packages/airflow/example_dags/example_complex.py took 1.500 seconds
[2025-01-28T10:22:58.006+0000] {processor.py:186} INFO - Started process (PID=15726) to work on /mnt/c/Users/Admin/Desktop/ud_data/Dataslush_umang/airflow/airflow_venv/lib/python3.12/site-packages/airflow/example_dags/example_complex.py
[2025-01-28T10:22:58.010+0000] {processor.py:914} INFO - Processing file /mnt/c/Users/Admin/Desktop/ud_data/Dataslush_umang/airflow/airflow_venv/lib/python3.12/site-packages/airflow/example_dags/example_complex.py for tasks to queue
[2025-01-28T10:22:58.016+0000] {logging_mixin.py:190} INFO - [2025-01-28T10:22:58.014+0000] {dagbag.py:588} INFO - Filling up the DagBag from /mnt/c/Users/Admin/Desktop/ud_data/Dataslush_umang/airflow/airflow_venv/lib/python3.12/site-packages/airflow/example_dags/example_complex.py
[2025-01-28T10:22:58.213+0000] {processor.py:925} INFO - DAG(s) 'example_complex' retrieved from /mnt/c/Users/Admin/Desktop/ud_data/Dataslush_umang/airflow/airflow_venv/lib/python3.12/site-packages/airflow/example_dags/example_complex.py
[2025-01-28T10:22:58.259+0000] {logging_mixin.py:190} INFO - [2025-01-28T10:22:58.257+0000] {dag.py:3239} INFO - Sync 1 DAGs
[2025-01-28T10:22:58.406+0000] {logging_mixin.py:190} INFO - [2025-01-28T10:22:58.403+0000] {dag.py:4180} INFO - Setting next_dagrun for example_complex to None, run_after=None
[2025-01-28T10:22:58.511+0000] {processor.py:208} INFO - Processing /mnt/c/Users/Admin/Desktop/ud_data/Dataslush_umang/airflow/airflow_venv/lib/python3.12/site-packages/airflow/example_dags/example_complex.py took 0.539 seconds
[2025-01-28T10:24:42.325+0000] {processor.py:186} INFO - Started process (PID=15923) to work on /mnt/c/Users/Admin/Desktop/ud_data/Dataslush_umang/airflow/airflow_venv/lib/python3.12/site-packages/airflow/example_dags/example_complex.py
[2025-01-28T10:24:42.330+0000] {processor.py:914} INFO - Processing file /mnt/c/Users/Admin/Desktop/ud_data/Dataslush_umang/airflow/airflow_venv/lib/python3.12/site-packages/airflow/example_dags/example_complex.py for tasks to queue
[2025-01-28T10:24:42.341+0000] {logging_mixin.py:190} INFO - [2025-01-28T10:24:42.337+0000] {dagbag.py:588} INFO - Filling up the DagBag from /mnt/c/Users/Admin/Desktop/ud_data/Dataslush_umang/airflow/airflow_venv/lib/python3.12/site-packages/airflow/example_dags/example_complex.py
[2025-01-28T10:24:42.462+0000] {processor.py:925} INFO - DAG(s) 'example_complex' retrieved from /mnt/c/Users/Admin/Desktop/ud_data/Dataslush_umang/airflow/airflow_venv/lib/python3.12/site-packages/airflow/example_dags/example_complex.py
[2025-01-28T10:24:42.504+0000] {logging_mixin.py:190} INFO - [2025-01-28T10:24:42.502+0000] {dag.py:3239} INFO - Sync 1 DAGs
[2025-01-28T10:24:42.523+0000] {logging_mixin.py:190} INFO - [2025-01-28T10:24:42.522+0000] {dag.py:4180} INFO - Setting next_dagrun for example_complex to None, run_after=None
[2025-01-28T10:24:42.573+0000] {processor.py:208} INFO - Processing /mnt/c/Users/Admin/Desktop/ud_data/Dataslush_umang/airflow/airflow_venv/lib/python3.12/site-packages/airflow/example_dags/example_complex.py took 0.273 seconds
[2025-01-28T10:27:15.724+0000] {processor.py:186} INFO - Started process (PID=16240) to work on /mnt/c/Users/Admin/Desktop/ud_data/Dataslush_umang/airflow/airflow_venv/lib/python3.12/site-packages/airflow/example_dags/example_complex.py
[2025-01-28T10:27:16.100+0000] {processor.py:914} INFO - Processing file /mnt/c/Users/Admin/Desktop/ud_data/Dataslush_umang/airflow/airflow_venv/lib/python3.12/site-packages/airflow/example_dags/example_complex.py for tasks to queue
[2025-01-28T10:27:16.114+0000] {logging_mixin.py:190} INFO - [2025-01-28T10:27:16.109+0000] {dagbag.py:588} INFO - Filling up the DagBag from /mnt/c/Users/Admin/Desktop/ud_data/Dataslush_umang/airflow/airflow_venv/lib/python3.12/site-packages/airflow/example_dags/example_complex.py
[2025-01-28T10:27:16.458+0000] {processor.py:925} INFO - DAG(s) 'example_complex' retrieved from /mnt/c/Users/Admin/Desktop/ud_data/Dataslush_umang/airflow/airflow_venv/lib/python3.12/site-packages/airflow/example_dags/example_complex.py
[2025-01-28T10:27:16.519+0000] {logging_mixin.py:190} INFO - [2025-01-28T10:27:16.517+0000] {dag.py:3239} INFO - Sync 1 DAGs
[2025-01-28T10:27:16.539+0000] {logging_mixin.py:190} INFO - [2025-01-28T10:27:16.537+0000] {dag.py:4180} INFO - Setting next_dagrun for example_complex to None, run_after=None
[2025-01-28T10:27:16.583+0000] {processor.py:208} INFO - Processing /mnt/c/Users/Admin/Desktop/ud_data/Dataslush_umang/airflow/airflow_venv/lib/python3.12/site-packages/airflow/example_dags/example_complex.py took 0.926 seconds
[2025-01-28T10:30:35.042+0000] {processor.py:186} INFO - Started process (PID=16410) to work on /mnt/c/Users/Admin/Desktop/ud_data/Dataslush_umang/airflow/airflow_venv/lib/python3.12/site-packages/airflow/example_dags/example_complex.py
[2025-01-28T10:30:35.048+0000] {processor.py:914} INFO - Processing file /mnt/c/Users/Admin/Desktop/ud_data/Dataslush_umang/airflow/airflow_venv/lib/python3.12/site-packages/airflow/example_dags/example_complex.py for tasks to queue
[2025-01-28T10:30:35.057+0000] {logging_mixin.py:190} INFO - [2025-01-28T10:30:35.054+0000] {dagbag.py:588} INFO - Filling up the DagBag from /mnt/c/Users/Admin/Desktop/ud_data/Dataslush_umang/airflow/airflow_venv/lib/python3.12/site-packages/airflow/example_dags/example_complex.py
[2025-01-28T10:30:05.088+0000] {processor.py:925} INFO - DAG(s) 'example_complex' retrieved from /mnt/c/Users/Admin/Desktop/ud_data/Dataslush_umang/airflow/airflow_venv/lib/python3.12/site-packages/airflow/example_dags/example_complex.py
[2025-01-28T10:30:05.125+0000] {logging_mixin.py:190} INFO - [2025-01-28T10:30:05.123+0000] {dag.py:3239} INFO - Sync 1 DAGs
[2025-01-28T10:30:05.142+0000] {logging_mixin.py:190} INFO - [2025-01-28T10:30:05.140+0000] {dag.py:4180} INFO - Setting next_dagrun for example_complex to None, run_after=None
[2025-01-28T10:30:06.657+0000] {processor.py:208} INFO - Processing /mnt/c/Users/Admin/Desktop/ud_data/Dataslush_umang/airflow/airflow_venv/lib/python3.12/site-packages/airflow/example_dags/example_complex.py took 1.788 seconds
[2025-01-28T10:32:19.058+0000] {processor.py:186} INFO - Started process (PID=16634) to work on /mnt/c/Users/Admin/Desktop/ud_data/Dataslush_umang/airflow/airflow_venv/lib/python3.12/site-packages/airflow/example_dags/example_complex.py
[2025-01-28T10:32:19.063+0000] {processor.py:914} INFO - Processing file /mnt/c/Users/Admin/Desktop/ud_data/Dataslush_umang/airflow/airflow_venv/lib/python3.12/site-packages/airflow/example_dags/example_complex.py for tasks to queue
[2025-01-28T10:32:19.073+0000] {logging_mixin.py:190} INFO - [2025-01-28T10:32:19.069+0000] {dagbag.py:588} INFO - Filling up the DagBag from /mnt/c/Users/Admin/Desktop/ud_data/Dataslush_umang/airflow/airflow_venv/lib/python3.12/site-packages/airflow/example_dags/example_complex.py
[2025-01-28T10:32:19.307+0000] {processor.py:925} INFO - DAG(s) 'example_complex' retrieved from /mnt/c/Users/Admin/Desktop/ud_data/Dataslush_umang/airflow/airflow_venv/lib/python3.12/site-packages/airflow/example_dags/example_complex.py
[2025-01-28T10:32:19.374+0000] {logging_mixin.py:190} INFO - [2025-01-28T10:32:19.371+0000] {dag.py:3239} INFO - Sync 1 DAGs
[2025-01-28T10:32:19.395+0000] {logging_mixin.py:190} INFO - [2025-01-28T10:32:19.390+0000] {dag.py:4180} INFO - Setting next_dagrun for example_complex to None, run_after=None
[2025-01-28T10:32:19.495+0000] {processor.py:208} INFO - Processing /mnt/c/Users/Admin/Desktop/ud_data/Dataslush_umang/airflow/airflow_venv/lib/python3.12/site-packages/airflow/example_dags/example_complex.py took 0.482 seconds
[2025-01-28T10:34:54.215+0000] {processor.py:186} INFO - Started process (PID=16876) to work on /mnt/c/Users/Admin/Desktop/ud_data/Dataslush_umang/airflow/airflow_venv/lib/python3.12/site-packages/airflow/example_dags/example_complex.py
[2025-01-28T10:34:54.221+0000] {processor.py:914} INFO - Processing file /mnt/c/Users/Admin/Desktop/ud_data/Dataslush_umang/airflow/airflow_venv/lib/python3.12/site-packages/airflow/example_dags/example_complex.py for tasks to queue
[2025-01-28T10:34:54.234+0000] {logging_mixin.py:190} INFO - [2025-01-28T10:34:54.230+0000] {dagbag.py:588} INFO - Filling up the DagBag from /mnt/c/Users/Admin/Desktop/ud_data/Dataslush_umang/airflow/airflow_venv/lib/python3.12/site-packages/airflow/example_dags/example_complex.py
[2025-01-28T10:34:54.464+0000] {processor.py:925} INFO - DAG(s) 'example_complex' retrieved from /mnt/c/Users/Admin/Desktop/ud_data/Dataslush_umang/airflow/airflow_venv/lib/python3.12/site-packages/airflow/example_dags/example_complex.py
[2025-01-28T10:34:54.537+0000] {logging_mixin.py:190} INFO - [2025-01-28T10:34:54.535+0000] {dag.py:3239} INFO - Sync 1 DAGs
[2025-01-28T10:34:54.561+0000] {logging_mixin.py:190} INFO - [2025-01-28T10:34:54.559+0000] {dag.py:4180} INFO - Setting next_dagrun for example_complex to None, run_after=None
[2025-01-28T10:34:54.775+0000] {processor.py:208} INFO - Processing /mnt/c/Users/Admin/Desktop/ud_data/Dataslush_umang/airflow/airflow_venv/lib/python3.12/site-packages/airflow/example_dags/example_complex.py took 0.615 seconds
[2025-01-28T10:38:15.764+0000] {processor.py:186} INFO - Started process (PID=17095) to work on /mnt/c/Users/Admin/Desktop/ud_data/Dataslush_umang/airflow/airflow_venv/lib/python3.12/site-packages/airflow/example_dags/example_complex.py
[2025-01-28T10:38:15.772+0000] {processor.py:914} INFO - Processing file /mnt/c/Users/Admin/Desktop/ud_data/Dataslush_umang/airflow/airflow_venv/lib/python3.12/site-packages/airflow/example_dags/example_complex.py for tasks to queue
[2025-01-28T10:38:15.787+0000] {logging_mixin.py:190} INFO - [2025-01-28T10:38:15.782+0000] {dagbag.py:588} INFO - Filling up the DagBag from /mnt/c/Users/Admin/Desktop/ud_data/Dataslush_umang/airflow/airflow_venv/lib/python3.12/site-packages/airflow/example_dags/example_complex.py
[2025-01-28T10:37:45.963+0000] {processor.py:925} INFO - DAG(s) 'example_complex' retrieved from /mnt/c/Users/Admin/Desktop/ud_data/Dataslush_umang/airflow/airflow_venv/lib/python3.12/site-packages/airflow/example_dags/example_complex.py
[2025-01-28T10:37:46.006+0000] {logging_mixin.py:190} INFO - [2025-01-28T10:37:46.003+0000] {dag.py:3239} INFO - Sync 1 DAGs
[2025-01-28T10:37:46.025+0000] {logging_mixin.py:190} INFO - [2025-01-28T10:37:46.023+0000] {dag.py:4180} INFO - Setting next_dagrun for example_complex to None, run_after=None
[2025-01-28T10:37:47.494+0000] {processor.py:208} INFO - Processing /mnt/c/Users/Admin/Desktop/ud_data/Dataslush_umang/airflow/airflow_venv/lib/python3.12/site-packages/airflow/example_dags/example_complex.py took 1.905 seconds
[2025-01-28T10:39:40.077+0000] {processor.py:186} INFO - Started process (PID=17292) to work on /mnt/c/Users/Admin/Desktop/ud_data/Dataslush_umang/airflow/airflow_venv/lib/python3.12/site-packages/airflow/example_dags/example_complex.py
[2025-01-28T10:39:40.080+0000] {processor.py:914} INFO - Processing file /mnt/c/Users/Admin/Desktop/ud_data/Dataslush_umang/airflow/airflow_venv/lib/python3.12/site-packages/airflow/example_dags/example_complex.py for tasks to queue
[2025-01-28T10:39:40.085+0000] {logging_mixin.py:190} INFO - [2025-01-28T10:39:40.083+0000] {dagbag.py:588} INFO - Filling up the DagBag from /mnt/c/Users/Admin/Desktop/ud_data/Dataslush_umang/airflow/airflow_venv/lib/python3.12/site-packages/airflow/example_dags/example_complex.py
[2025-01-28T10:39:40.184+0000] {processor.py:925} INFO - DAG(s) 'example_complex' retrieved from /mnt/c/Users/Admin/Desktop/ud_data/Dataslush_umang/airflow/airflow_venv/lib/python3.12/site-packages/airflow/example_dags/example_complex.py
[2025-01-28T10:39:40.220+0000] {logging_mixin.py:190} INFO - [2025-01-28T10:39:40.218+0000] {dag.py:3239} INFO - Sync 1 DAGs
[2025-01-28T10:39:40.246+0000] {logging_mixin.py:190} INFO - [2025-01-28T10:39:40.244+0000] {dag.py:4180} INFO - Setting next_dagrun for example_complex to None, run_after=None
[2025-01-28T10:39:40.714+0000] {processor.py:208} INFO - Processing /mnt/c/Users/Admin/Desktop/ud_data/Dataslush_umang/airflow/airflow_venv/lib/python3.12/site-packages/airflow/example_dags/example_complex.py took 0.659 seconds
[2025-01-28T10:41:27.858+0000] {processor.py:186} INFO - Started process (PID=17437) to work on /mnt/c/Users/Admin/Desktop/ud_data/Dataslush_umang/airflow/airflow_venv/lib/python3.12/site-packages/airflow/example_dags/example_complex.py
[2025-01-28T10:41:27.860+0000] {processor.py:914} INFO - Processing file /mnt/c/Users/Admin/Desktop/ud_data/Dataslush_umang/airflow/airflow_venv/lib/python3.12/site-packages/airflow/example_dags/example_complex.py for tasks to queue
[2025-01-28T10:41:27.864+0000] {logging_mixin.py:190} INFO - [2025-01-28T10:41:27.863+0000] {dagbag.py:588} INFO - Filling up the DagBag from /mnt/c/Users/Admin/Desktop/ud_data/Dataslush_umang/airflow/airflow_venv/lib/python3.12/site-packages/airflow/example_dags/example_complex.py
[2025-01-28T10:41:27.945+0000] {processor.py:925} INFO - DAG(s) 'example_complex' retrieved from /mnt/c/Users/Admin/Desktop/ud_data/Dataslush_umang/airflow/airflow_venv/lib/python3.12/site-packages/airflow/example_dags/example_complex.py
[2025-01-28T10:41:27.977+0000] {logging_mixin.py:190} INFO - [2025-01-28T10:41:27.976+0000] {dag.py:3239} INFO - Sync 1 DAGs
[2025-01-28T10:41:27.992+0000] {logging_mixin.py:190} INFO - [2025-01-28T10:41:27.990+0000] {dag.py:4180} INFO - Setting next_dagrun for example_complex to None, run_after=None
[2025-01-28T10:41:28.028+0000] {processor.py:208} INFO - Processing /mnt/c/Users/Admin/Desktop/ud_data/Dataslush_umang/airflow/airflow_venv/lib/python3.12/site-packages/airflow/example_dags/example_complex.py took 0.190 seconds
[2025-01-28T10:43:33.534+0000] {processor.py:186} INFO - Started process (PID=17737) to work on /mnt/c/Users/Admin/Desktop/ud_data/Dataslush_umang/airflow/airflow_venv/lib/python3.12/site-packages/airflow/example_dags/example_complex.py
[2025-01-28T10:43:34.066+0000] {processor.py:914} INFO - Processing file /mnt/c/Users/Admin/Desktop/ud_data/Dataslush_umang/airflow/airflow_venv/lib/python3.12/site-packages/airflow/example_dags/example_complex.py for tasks to queue
[2025-01-28T10:43:34.073+0000] {logging_mixin.py:190} INFO - [2025-01-28T10:43:34.070+0000] {dagbag.py:588} INFO - Filling up the DagBag from /mnt/c/Users/Admin/Desktop/ud_data/Dataslush_umang/airflow/airflow_venv/lib/python3.12/site-packages/airflow/example_dags/example_complex.py
[2025-01-28T10:43:34.180+0000] {processor.py:925} INFO - DAG(s) 'example_complex' retrieved from /mnt/c/Users/Admin/Desktop/ud_data/Dataslush_umang/airflow/airflow_venv/lib/python3.12/site-packages/airflow/example_dags/example_complex.py
[2025-01-28T10:43:34.218+0000] {logging_mixin.py:190} INFO - [2025-01-28T10:43:34.216+0000] {dag.py:3239} INFO - Sync 1 DAGs
[2025-01-28T10:43:34.236+0000] {logging_mixin.py:190} INFO - [2025-01-28T10:43:34.234+0000] {dag.py:4180} INFO - Setting next_dagrun for example_complex to None, run_after=None
[2025-01-28T10:43:36.635+0000] {processor.py:208} INFO - Processing /mnt/c/Users/Admin/Desktop/ud_data/Dataslush_umang/airflow/airflow_venv/lib/python3.12/site-packages/airflow/example_dags/example_complex.py took 3.129 seconds
[2025-01-28T10:47:45.792+0000] {processor.py:186} INFO - Started process (PID=18031) to work on /mnt/c/Users/Admin/Desktop/ud_data/Dataslush_umang/airflow/airflow_venv/lib/python3.12/site-packages/airflow/example_dags/example_complex.py
[2025-01-28T10:47:45.795+0000] {processor.py:914} INFO - Processing file /mnt/c/Users/Admin/Desktop/ud_data/Dataslush_umang/airflow/airflow_venv/lib/python3.12/site-packages/airflow/example_dags/example_complex.py for tasks to queue
[2025-01-28T10:47:45.802+0000] {logging_mixin.py:190} INFO - [2025-01-28T10:47:45.800+0000] {dagbag.py:588} INFO - Filling up the DagBag from /mnt/c/Users/Admin/Desktop/ud_data/Dataslush_umang/airflow/airflow_venv/lib/python3.12/site-packages/airflow/example_dags/example_complex.py
[2025-01-28T10:47:45.941+0000] {processor.py:925} INFO - DAG(s) 'example_complex' retrieved from /mnt/c/Users/Admin/Desktop/ud_data/Dataslush_umang/airflow/airflow_venv/lib/python3.12/site-packages/airflow/example_dags/example_complex.py
[2025-01-28T10:47:45.981+0000] {logging_mixin.py:190} INFO - [2025-01-28T10:47:45.979+0000] {dag.py:3239} INFO - Sync 1 DAGs
[2025-01-28T10:47:45.999+0000] {logging_mixin.py:190} INFO - [2025-01-28T10:47:45.998+0000] {dag.py:4180} INFO - Setting next_dagrun for example_complex to None, run_after=None
[2025-01-28T10:47:46.041+0000] {processor.py:208} INFO - Processing /mnt/c/Users/Admin/Desktop/ud_data/Dataslush_umang/airflow/airflow_venv/lib/python3.12/site-packages/airflow/example_dags/example_complex.py took 0.277 seconds
[2025-01-28T10:49:10.483+0000] {processor.py:186} INFO - Started process (PID=18219) to work on /mnt/c/Users/Admin/Desktop/ud_data/Dataslush_umang/airflow/airflow_venv/lib/python3.12/site-packages/airflow/example_dags/example_complex.py
[2025-01-28T10:49:10.487+0000] {processor.py:914} INFO - Processing file /mnt/c/Users/Admin/Desktop/ud_data/Dataslush_umang/airflow/airflow_venv/lib/python3.12/site-packages/airflow/example_dags/example_complex.py for tasks to queue
[2025-01-28T10:49:10.495+0000] {logging_mixin.py:190} INFO - [2025-01-28T10:49:10.493+0000] {dagbag.py:588} INFO - Filling up the DagBag from /mnt/c/Users/Admin/Desktop/ud_data/Dataslush_umang/airflow/airflow_venv/lib/python3.12/site-packages/airflow/example_dags/example_complex.py
[2025-01-28T10:49:10.603+0000] {processor.py:925} INFO - DAG(s) 'example_complex' retrieved from /mnt/c/Users/Admin/Desktop/ud_data/Dataslush_umang/airflow/airflow_venv/lib/python3.12/site-packages/airflow/example_dags/example_complex.py
[2025-01-28T10:49:10.661+0000] {logging_mixin.py:190} INFO - [2025-01-28T10:49:10.659+0000] {dag.py:3239} INFO - Sync 1 DAGs
[2025-01-28T10:49:10.682+0000] {logging_mixin.py:190} INFO - [2025-01-28T10:49:10.681+0000] {dag.py:4180} INFO - Setting next_dagrun for example_complex to None, run_after=None
[2025-01-28T10:49:10.787+0000] {processor.py:208} INFO - Processing /mnt/c/Users/Admin/Desktop/ud_data/Dataslush_umang/airflow/airflow_venv/lib/python3.12/site-packages/airflow/example_dags/example_complex.py took 0.330 seconds
[2025-01-28T10:50:36.549+0000] {processor.py:186} INFO - Started process (PID=18354) to work on /mnt/c/Users/Admin/Desktop/ud_data/Dataslush_umang/airflow/airflow_venv/lib/python3.12/site-packages/airflow/example_dags/example_complex.py
[2025-01-28T10:50:36.552+0000] {processor.py:914} INFO - Processing file /mnt/c/Users/Admin/Desktop/ud_data/Dataslush_umang/airflow/airflow_venv/lib/python3.12/site-packages/airflow/example_dags/example_complex.py for tasks to queue
[2025-01-28T10:50:36.563+0000] {logging_mixin.py:190} INFO - [2025-01-28T10:50:36.557+0000] {dagbag.py:588} INFO - Filling up the DagBag from /mnt/c/Users/Admin/Desktop/ud_data/Dataslush_umang/airflow/airflow_venv/lib/python3.12/site-packages/airflow/example_dags/example_complex.py
[2025-01-28T10:50:36.680+0000] {processor.py:925} INFO - DAG(s) 'example_complex' retrieved from /mnt/c/Users/Admin/Desktop/ud_data/Dataslush_umang/airflow/airflow_venv/lib/python3.12/site-packages/airflow/example_dags/example_complex.py
[2025-01-28T10:50:36.724+0000] {logging_mixin.py:190} INFO - [2025-01-28T10:50:36.723+0000] {dag.py:3239} INFO - Sync 1 DAGs
[2025-01-28T10:50:36.742+0000] {logging_mixin.py:190} INFO - [2025-01-28T10:50:36.740+0000] {dag.py:4180} INFO - Setting next_dagrun for example_complex to None, run_after=None
[2025-01-28T10:50:36.790+0000] {processor.py:208} INFO - Processing /mnt/c/Users/Admin/Desktop/ud_data/Dataslush_umang/airflow/airflow_venv/lib/python3.12/site-packages/airflow/example_dags/example_complex.py took 0.268 seconds
[2025-01-28T10:52:15.728+0000] {processor.py:186} INFO - Started process (PID=18589) to work on /mnt/c/Users/Admin/Desktop/ud_data/Dataslush_umang/airflow/airflow_venv/lib/python3.12/site-packages/airflow/example_dags/example_complex.py
[2025-01-28T10:52:15.730+0000] {processor.py:914} INFO - Processing file /mnt/c/Users/Admin/Desktop/ud_data/Dataslush_umang/airflow/airflow_venv/lib/python3.12/site-packages/airflow/example_dags/example_complex.py for tasks to queue
[2025-01-28T10:52:15.736+0000] {logging_mixin.py:190} INFO - [2025-01-28T10:52:15.734+0000] {dagbag.py:588} INFO - Filling up the DagBag from /mnt/c/Users/Admin/Desktop/ud_data/Dataslush_umang/airflow/airflow_venv/lib/python3.12/site-packages/airflow/example_dags/example_complex.py
[2025-01-28T10:52:15.839+0000] {processor.py:925} INFO - DAG(s) 'example_complex' retrieved from /mnt/c/Users/Admin/Desktop/ud_data/Dataslush_umang/airflow/airflow_venv/lib/python3.12/site-packages/airflow/example_dags/example_complex.py
[2025-01-28T10:52:15.879+0000] {logging_mixin.py:190} INFO - [2025-01-28T10:52:15.878+0000] {dag.py:3239} INFO - Sync 1 DAGs
[2025-01-28T10:52:15.897+0000] {logging_mixin.py:190} INFO - [2025-01-28T10:52:15.895+0000] {dag.py:4180} INFO - Setting next_dagrun for example_complex to None, run_after=None
[2025-01-28T10:52:16.051+0000] {processor.py:208} INFO - Processing /mnt/c/Users/Admin/Desktop/ud_data/Dataslush_umang/airflow/airflow_venv/lib/python3.12/site-packages/airflow/example_dags/example_complex.py took 0.349 seconds
[2025-01-28T10:53:59.565+0000] {processor.py:186} INFO - Started process (PID=18752) to work on /mnt/c/Users/Admin/Desktop/ud_data/Dataslush_umang/airflow/airflow_venv/lib/python3.12/site-packages/airflow/example_dags/example_complex.py
[2025-01-28T10:53:59.568+0000] {processor.py:914} INFO - Processing file /mnt/c/Users/Admin/Desktop/ud_data/Dataslush_umang/airflow/airflow_venv/lib/python3.12/site-packages/airflow/example_dags/example_complex.py for tasks to queue
[2025-01-28T10:53:59.575+0000] {logging_mixin.py:190} INFO - [2025-01-28T10:53:59.572+0000] {dagbag.py:588} INFO - Filling up the DagBag from /mnt/c/Users/Admin/Desktop/ud_data/Dataslush_umang/airflow/airflow_venv/lib/python3.12/site-packages/airflow/example_dags/example_complex.py
[2025-01-28T10:53:59.718+0000] {processor.py:925} INFO - DAG(s) 'example_complex' retrieved from /mnt/c/Users/Admin/Desktop/ud_data/Dataslush_umang/airflow/airflow_venv/lib/python3.12/site-packages/airflow/example_dags/example_complex.py
[2025-01-28T10:53:59.769+0000] {logging_mixin.py:190} INFO - [2025-01-28T10:53:59.768+0000] {dag.py:3239} INFO - Sync 1 DAGs
[2025-01-28T10:53:59.791+0000] {logging_mixin.py:190} INFO - [2025-01-28T10:53:59.789+0000] {dag.py:4180} INFO - Setting next_dagrun for example_complex to None, run_after=None
[2025-01-28T10:53:59.837+0000] {processor.py:208} INFO - Processing /mnt/c/Users/Admin/Desktop/ud_data/Dataslush_umang/airflow/airflow_venv/lib/python3.12/site-packages/airflow/example_dags/example_complex.py took 0.302 seconds
[2025-01-28T10:55:45.022+0000] {processor.py:186} INFO - Started process (PID=18922) to work on /mnt/c/Users/Admin/Desktop/ud_data/Dataslush_umang/airflow/airflow_venv/lib/python3.12/site-packages/airflow/example_dags/example_complex.py
[2025-01-28T10:55:45.058+0000] {processor.py:914} INFO - Processing file /mnt/c/Users/Admin/Desktop/ud_data/Dataslush_umang/airflow/airflow_venv/lib/python3.12/site-packages/airflow/example_dags/example_complex.py for tasks to queue
[2025-01-28T10:55:45.066+0000] {logging_mixin.py:190} INFO - [2025-01-28T10:55:45.064+0000] {dagbag.py:588} INFO - Filling up the DagBag from /mnt/c/Users/Admin/Desktop/ud_data/Dataslush_umang/airflow/airflow_venv/lib/python3.12/site-packages/airflow/example_dags/example_complex.py
[2025-01-28T10:55:45.204+0000] {processor.py:925} INFO - DAG(s) 'example_complex' retrieved from /mnt/c/Users/Admin/Desktop/ud_data/Dataslush_umang/airflow/airflow_venv/lib/python3.12/site-packages/airflow/example_dags/example_complex.py
[2025-01-28T10:55:45.251+0000] {logging_mixin.py:190} INFO - [2025-01-28T10:55:45.250+0000] {dag.py:3239} INFO - Sync 1 DAGs
[2025-01-28T10:55:45.269+0000] {logging_mixin.py:190} INFO - [2025-01-28T10:55:45.267+0000] {dag.py:4180} INFO - Setting next_dagrun for example_complex to None, run_after=None
[2025-01-28T10:55:45.319+0000] {processor.py:208} INFO - Processing /mnt/c/Users/Admin/Desktop/ud_data/Dataslush_umang/airflow/airflow_venv/lib/python3.12/site-packages/airflow/example_dags/example_complex.py took 0.321 seconds
[2025-01-28T10:57:22.317+0000] {processor.py:186} INFO - Started process (PID=19146) to work on /mnt/c/Users/Admin/Desktop/ud_data/Dataslush_umang/airflow/airflow_venv/lib/python3.12/site-packages/airflow/example_dags/example_complex.py
[2025-01-28T10:57:22.319+0000] {processor.py:914} INFO - Processing file /mnt/c/Users/Admin/Desktop/ud_data/Dataslush_umang/airflow/airflow_venv/lib/python3.12/site-packages/airflow/example_dags/example_complex.py for tasks to queue
[2025-01-28T10:57:22.325+0000] {logging_mixin.py:190} INFO - [2025-01-28T10:57:22.323+0000] {dagbag.py:588} INFO - Filling up the DagBag from /mnt/c/Users/Admin/Desktop/ud_data/Dataslush_umang/airflow/airflow_venv/lib/python3.12/site-packages/airflow/example_dags/example_complex.py
[2025-01-28T10:57:22.450+0000] {processor.py:925} INFO - DAG(s) 'example_complex' retrieved from /mnt/c/Users/Admin/Desktop/ud_data/Dataslush_umang/airflow/airflow_venv/lib/python3.12/site-packages/airflow/example_dags/example_complex.py
[2025-01-28T10:57:22.499+0000] {logging_mixin.py:190} INFO - [2025-01-28T10:57:22.498+0000] {dag.py:3239} INFO - Sync 1 DAGs
[2025-01-28T10:57:22.527+0000] {logging_mixin.py:190} INFO - [2025-01-28T10:57:22.525+0000] {dag.py:4180} INFO - Setting next_dagrun for example_complex to None, run_after=None
[2025-01-28T10:57:22.581+0000] {processor.py:208} INFO - Processing /mnt/c/Users/Admin/Desktop/ud_data/Dataslush_umang/airflow/airflow_venv/lib/python3.12/site-packages/airflow/example_dags/example_complex.py took 0.287 seconds
[2025-01-28T10:58:47.486+0000] {processor.py:186} INFO - Started process (PID=19334) to work on /mnt/c/Users/Admin/Desktop/ud_data/Dataslush_umang/airflow/airflow_venv/lib/python3.12/site-packages/airflow/example_dags/example_complex.py
[2025-01-28T10:58:47.489+0000] {processor.py:914} INFO - Processing file /mnt/c/Users/Admin/Desktop/ud_data/Dataslush_umang/airflow/airflow_venv/lib/python3.12/site-packages/airflow/example_dags/example_complex.py for tasks to queue
[2025-01-28T10:58:47.495+0000] {logging_mixin.py:190} INFO - [2025-01-28T10:58:47.493+0000] {dagbag.py:588} INFO - Filling up the DagBag from /mnt/c/Users/Admin/Desktop/ud_data/Dataslush_umang/airflow/airflow_venv/lib/python3.12/site-packages/airflow/example_dags/example_complex.py
[2025-01-28T10:58:47.604+0000] {processor.py:925} INFO - DAG(s) 'example_complex' retrieved from /mnt/c/Users/Admin/Desktop/ud_data/Dataslush_umang/airflow/airflow_venv/lib/python3.12/site-packages/airflow/example_dags/example_complex.py
[2025-01-28T10:58:47.649+0000] {logging_mixin.py:190} INFO - [2025-01-28T10:58:47.647+0000] {dag.py:3239} INFO - Sync 1 DAGs
[2025-01-28T10:58:47.670+0000] {logging_mixin.py:190} INFO - [2025-01-28T10:58:47.669+0000] {dag.py:4180} INFO - Setting next_dagrun for example_complex to None, run_after=None
[2025-01-28T10:58:47.718+0000] {processor.py:208} INFO - Processing /mnt/c/Users/Admin/Desktop/ud_data/Dataslush_umang/airflow/airflow_venv/lib/python3.12/site-packages/airflow/example_dags/example_complex.py took 0.259 seconds
[2025-01-28T11:00:22.597+0000] {processor.py:186} INFO - Started process (PID=19506) to work on /mnt/c/Users/Admin/Desktop/ud_data/Dataslush_umang/airflow/airflow_venv/lib/python3.12/site-packages/airflow/example_dags/example_complex.py
[2025-01-28T11:00:22.601+0000] {processor.py:914} INFO - Processing file /mnt/c/Users/Admin/Desktop/ud_data/Dataslush_umang/airflow/airflow_venv/lib/python3.12/site-packages/airflow/example_dags/example_complex.py for tasks to queue
[2025-01-28T11:00:22.607+0000] {logging_mixin.py:190} INFO - [2025-01-28T11:00:22.605+0000] {dagbag.py:588} INFO - Filling up the DagBag from /mnt/c/Users/Admin/Desktop/ud_data/Dataslush_umang/airflow/airflow_venv/lib/python3.12/site-packages/airflow/example_dags/example_complex.py
[2025-01-28T11:00:22.744+0000] {processor.py:925} INFO - DAG(s) 'example_complex' retrieved from /mnt/c/Users/Admin/Desktop/ud_data/Dataslush_umang/airflow/airflow_venv/lib/python3.12/site-packages/airflow/example_dags/example_complex.py
[2025-01-28T11:00:22.798+0000] {logging_mixin.py:190} INFO - [2025-01-28T11:00:22.796+0000] {dag.py:3239} INFO - Sync 1 DAGs
[2025-01-28T11:00:22.821+0000] {logging_mixin.py:190} INFO - [2025-01-28T11:00:22.819+0000] {dag.py:4180} INFO - Setting next_dagrun for example_complex to None, run_after=None
[2025-01-28T11:00:22.874+0000] {processor.py:208} INFO - Processing /mnt/c/Users/Admin/Desktop/ud_data/Dataslush_umang/airflow/airflow_venv/lib/python3.12/site-packages/airflow/example_dags/example_complex.py took 0.303 seconds
[2025-01-28T11:03:04.115+0000] {processor.py:186} INFO - Started process (PID=19673) to work on /mnt/c/Users/Admin/Desktop/ud_data/Dataslush_umang/airflow/airflow_venv/lib/python3.12/site-packages/airflow/example_dags/example_complex.py
[2025-01-28T11:03:04.281+0000] {processor.py:914} INFO - Processing file /mnt/c/Users/Admin/Desktop/ud_data/Dataslush_umang/airflow/airflow_venv/lib/python3.12/site-packages/airflow/example_dags/example_complex.py for tasks to queue
[2025-01-28T11:03:04.286+0000] {logging_mixin.py:190} INFO - [2025-01-28T11:03:04.284+0000] {dagbag.py:588} INFO - Filling up the DagBag from /mnt/c/Users/Admin/Desktop/ud_data/Dataslush_umang/airflow/airflow_venv/lib/python3.12/site-packages/airflow/example_dags/example_complex.py
[2025-01-28T11:03:04.423+0000] {processor.py:925} INFO - DAG(s) 'example_complex' retrieved from /mnt/c/Users/Admin/Desktop/ud_data/Dataslush_umang/airflow/airflow_venv/lib/python3.12/site-packages/airflow/example_dags/example_complex.py
[2025-01-28T11:03:04.488+0000] {logging_mixin.py:190} INFO - [2025-01-28T11:03:04.478+0000] {dag.py:3239} INFO - Sync 1 DAGs
[2025-01-28T11:03:04.516+0000] {logging_mixin.py:190} INFO - [2025-01-28T11:03:04.515+0000] {dag.py:4180} INFO - Setting next_dagrun for example_complex to None, run_after=None
[2025-01-28T11:03:04.937+0000] {processor.py:208} INFO - Processing /mnt/c/Users/Admin/Desktop/ud_data/Dataslush_umang/airflow/airflow_venv/lib/python3.12/site-packages/airflow/example_dags/example_complex.py took 0.848 seconds
[2025-01-28T11:04:56.494+0000] {processor.py:186} INFO - Started process (PID=19940) to work on /mnt/c/Users/Admin/Desktop/ud_data/Dataslush_umang/airflow/airflow_venv/lib/python3.12/site-packages/airflow/example_dags/example_complex.py
[2025-01-28T11:04:56.497+0000] {processor.py:914} INFO - Processing file /mnt/c/Users/Admin/Desktop/ud_data/Dataslush_umang/airflow/airflow_venv/lib/python3.12/site-packages/airflow/example_dags/example_complex.py for tasks to queue
[2025-01-28T11:04:56.503+0000] {logging_mixin.py:190} INFO - [2025-01-28T11:04:56.501+0000] {dagbag.py:588} INFO - Filling up the DagBag from /mnt/c/Users/Admin/Desktop/ud_data/Dataslush_umang/airflow/airflow_venv/lib/python3.12/site-packages/airflow/example_dags/example_complex.py
[2025-01-28T11:04:56.606+0000] {processor.py:925} INFO - DAG(s) 'example_complex' retrieved from /mnt/c/Users/Admin/Desktop/ud_data/Dataslush_umang/airflow/airflow_venv/lib/python3.12/site-packages/airflow/example_dags/example_complex.py
[2025-01-28T11:04:56.647+0000] {logging_mixin.py:190} INFO - [2025-01-28T11:04:56.646+0000] {dag.py:3239} INFO - Sync 1 DAGs
[2025-01-28T11:04:56.673+0000] {logging_mixin.py:190} INFO - [2025-01-28T11:04:56.671+0000] {dag.py:4180} INFO - Setting next_dagrun for example_complex to None, run_after=None
[2025-01-28T11:04:56.724+0000] {processor.py:208} INFO - Processing /mnt/c/Users/Admin/Desktop/ud_data/Dataslush_umang/airflow/airflow_venv/lib/python3.12/site-packages/airflow/example_dags/example_complex.py took 0.259 seconds
[2025-01-28T11:07:03.446+0000] {processor.py:186} INFO - Started process (PID=20065) to work on /mnt/c/Users/Admin/Desktop/ud_data/Dataslush_umang/airflow/airflow_venv/lib/python3.12/site-packages/airflow/example_dags/example_complex.py
[2025-01-28T11:07:03.450+0000] {processor.py:914} INFO - Processing file /mnt/c/Users/Admin/Desktop/ud_data/Dataslush_umang/airflow/airflow_venv/lib/python3.12/site-packages/airflow/example_dags/example_complex.py for tasks to queue
[2025-01-28T11:07:03.458+0000] {logging_mixin.py:190} INFO - [2025-01-28T11:07:03.456+0000] {dagbag.py:588} INFO - Filling up the DagBag from /mnt/c/Users/Admin/Desktop/ud_data/Dataslush_umang/airflow/airflow_venv/lib/python3.12/site-packages/airflow/example_dags/example_complex.py
[2025-01-28T11:07:03.556+0000] {processor.py:925} INFO - DAG(s) 'example_complex' retrieved from /mnt/c/Users/Admin/Desktop/ud_data/Dataslush_umang/airflow/airflow_venv/lib/python3.12/site-packages/airflow/example_dags/example_complex.py
[2025-01-28T11:07:03.599+0000] {logging_mixin.py:190} INFO - [2025-01-28T11:07:03.597+0000] {dag.py:3239} INFO - Sync 1 DAGs
[2025-01-28T11:07:03.618+0000] {logging_mixin.py:190} INFO - [2025-01-28T11:07:03.617+0000] {dag.py:4180} INFO - Setting next_dagrun for example_complex to None, run_after=None
[2025-01-28T11:07:33.747+0000] {processor.py:208} INFO - Processing /mnt/c/Users/Admin/Desktop/ud_data/Dataslush_umang/airflow/airflow_venv/lib/python3.12/site-packages/airflow/example_dags/example_complex.py took 0.245 seconds
[2025-01-28T11:09:38.134+0000] {processor.py:186} INFO - Started process (PID=20388) to work on /mnt/c/Users/Admin/Desktop/ud_data/Dataslush_umang/airflow/airflow_venv/lib/python3.12/site-packages/airflow/example_dags/example_complex.py
[2025-01-28T11:09:38.138+0000] {processor.py:914} INFO - Processing file /mnt/c/Users/Admin/Desktop/ud_data/Dataslush_umang/airflow/airflow_venv/lib/python3.12/site-packages/airflow/example_dags/example_complex.py for tasks to queue
[2025-01-28T11:09:38.146+0000] {logging_mixin.py:190} INFO - [2025-01-28T11:09:38.143+0000] {dagbag.py:588} INFO - Filling up the DagBag from /mnt/c/Users/Admin/Desktop/ud_data/Dataslush_umang/airflow/airflow_venv/lib/python3.12/site-packages/airflow/example_dags/example_complex.py
[2025-01-28T11:09:38.289+0000] {processor.py:925} INFO - DAG(s) 'example_complex' retrieved from /mnt/c/Users/Admin/Desktop/ud_data/Dataslush_umang/airflow/airflow_venv/lib/python3.12/site-packages/airflow/example_dags/example_complex.py
[2025-01-28T11:09:38.343+0000] {logging_mixin.py:190} INFO - [2025-01-28T11:09:38.342+0000] {dag.py:3239} INFO - Sync 1 DAGs
[2025-01-28T11:09:38.362+0000] {logging_mixin.py:190} INFO - [2025-01-28T11:09:38.360+0000] {dag.py:4180} INFO - Setting next_dagrun for example_complex to None, run_after=None
[2025-01-28T11:09:38.407+0000] {processor.py:208} INFO - Processing /mnt/c/Users/Admin/Desktop/ud_data/Dataslush_umang/airflow/airflow_venv/lib/python3.12/site-packages/airflow/example_dags/example_complex.py took 0.305 seconds
[2025-01-28T11:11:01.182+0000] {processor.py:186} INFO - Started process (PID=20493) to work on /mnt/c/Users/Admin/Desktop/ud_data/Dataslush_umang/airflow/airflow_venv/lib/python3.12/site-packages/airflow/example_dags/example_complex.py
[2025-01-28T11:11:01.188+0000] {processor.py:914} INFO - Processing file /mnt/c/Users/Admin/Desktop/ud_data/Dataslush_umang/airflow/airflow_venv/lib/python3.12/site-packages/airflow/example_dags/example_complex.py for tasks to queue
[2025-01-28T11:11:01.197+0000] {logging_mixin.py:190} INFO - [2025-01-28T11:11:01.194+0000] {dagbag.py:588} INFO - Filling up the DagBag from /mnt/c/Users/Admin/Desktop/ud_data/Dataslush_umang/airflow/airflow_venv/lib/python3.12/site-packages/airflow/example_dags/example_complex.py
[2025-01-28T11:11:01.318+0000] {processor.py:925} INFO - DAG(s) 'example_complex' retrieved from /mnt/c/Users/Admin/Desktop/ud_data/Dataslush_umang/airflow/airflow_venv/lib/python3.12/site-packages/airflow/example_dags/example_complex.py
[2025-01-28T11:11:01.371+0000] {logging_mixin.py:190} INFO - [2025-01-28T11:11:01.370+0000] {dag.py:3239} INFO - Sync 1 DAGs
[2025-01-28T11:11:01.396+0000] {logging_mixin.py:190} INFO - [2025-01-28T11:11:01.393+0000] {dag.py:4180} INFO - Setting next_dagrun for example_complex to None, run_after=None
[2025-01-28T11:11:02.879+0000] {processor.py:208} INFO - Processing /mnt/c/Users/Admin/Desktop/ud_data/Dataslush_umang/airflow/airflow_venv/lib/python3.12/site-packages/airflow/example_dags/example_complex.py took 1.721 seconds
[2025-01-28T11:12:35.793+0000] {processor.py:186} INFO - Started process (PID=20608) to work on /mnt/c/Users/Admin/Desktop/ud_data/Dataslush_umang/airflow/airflow_venv/lib/python3.12/site-packages/airflow/example_dags/example_complex.py
[2025-01-28T11:12:35.796+0000] {processor.py:914} INFO - Processing file /mnt/c/Users/Admin/Desktop/ud_data/Dataslush_umang/airflow/airflow_venv/lib/python3.12/site-packages/airflow/example_dags/example_complex.py for tasks to queue
[2025-01-28T11:12:35.801+0000] {logging_mixin.py:190} INFO - [2025-01-28T11:12:35.800+0000] {dagbag.py:588} INFO - Filling up the DagBag from /mnt/c/Users/Admin/Desktop/ud_data/Dataslush_umang/airflow/airflow_venv/lib/python3.12/site-packages/airflow/example_dags/example_complex.py
[2025-01-28T11:12:35.946+0000] {processor.py:925} INFO - DAG(s) 'example_complex' retrieved from /mnt/c/Users/Admin/Desktop/ud_data/Dataslush_umang/airflow/airflow_venv/lib/python3.12/site-packages/airflow/example_dags/example_complex.py
[2025-01-28T11:12:35.987+0000] {logging_mixin.py:190} INFO - [2025-01-28T11:12:35.985+0000] {dag.py:3239} INFO - Sync 1 DAGs
[2025-01-28T11:12:36.012+0000] {logging_mixin.py:190} INFO - [2025-01-28T11:12:36.010+0000] {dag.py:4180} INFO - Setting next_dagrun for example_complex to None, run_after=None
[2025-01-28T11:12:36.186+0000] {processor.py:208} INFO - Processing /mnt/c/Users/Admin/Desktop/ud_data/Dataslush_umang/airflow/airflow_venv/lib/python3.12/site-packages/airflow/example_dags/example_complex.py took 0.421 seconds
[2025-01-28T11:14:13.338+0000] {processor.py:186} INFO - Started process (PID=20720) to work on /mnt/c/Users/Admin/Desktop/ud_data/Dataslush_umang/airflow/airflow_venv/lib/python3.12/site-packages/airflow/example_dags/example_complex.py
[2025-01-28T11:14:13.340+0000] {processor.py:914} INFO - Processing file /mnt/c/Users/Admin/Desktop/ud_data/Dataslush_umang/airflow/airflow_venv/lib/python3.12/site-packages/airflow/example_dags/example_complex.py for tasks to queue
[2025-01-28T11:14:13.346+0000] {logging_mixin.py:190} INFO - [2025-01-28T11:14:13.344+0000] {dagbag.py:588} INFO - Filling up the DagBag from /mnt/c/Users/Admin/Desktop/ud_data/Dataslush_umang/airflow/airflow_venv/lib/python3.12/site-packages/airflow/example_dags/example_complex.py
[2025-01-28T11:14:13.437+0000] {processor.py:925} INFO - DAG(s) 'example_complex' retrieved from /mnt/c/Users/Admin/Desktop/ud_data/Dataslush_umang/airflow/airflow_venv/lib/python3.12/site-packages/airflow/example_dags/example_complex.py
[2025-01-28T11:14:13.480+0000] {logging_mixin.py:190} INFO - [2025-01-28T11:14:13.479+0000] {dag.py:3239} INFO - Sync 1 DAGs
[2025-01-28T11:14:13.504+0000] {logging_mixin.py:190} INFO - [2025-01-28T11:14:13.502+0000] {dag.py:4180} INFO - Setting next_dagrun for example_complex to None, run_after=None
[2025-01-28T11:14:13.598+0000] {processor.py:208} INFO - Processing /mnt/c/Users/Admin/Desktop/ud_data/Dataslush_umang/airflow/airflow_venv/lib/python3.12/site-packages/airflow/example_dags/example_complex.py took 0.288 seconds
