[2025-01-28T10:14:35.910+0000] {processor.py:186} INFO - Started process (PID=14934) to work on /mnt/c/Users/Admin/Desktop/ud_data/Dataslush_umang/airflow/airflow_venv/lib/python3.12/site-packages/airflow/example_dags/example_bash_decorator.py
[2025-01-28T10:14:35.912+0000] {processor.py:914} INFO - Processing file /mnt/c/Users/Admin/Desktop/ud_data/Dataslush_umang/airflow/airflow_venv/lib/python3.12/site-packages/airflow/example_dags/example_bash_decorator.py for tasks to queue
[2025-01-28T10:14:35.917+0000] {logging_mixin.py:190} INFO - [2025-01-28T10:14:35.915+0000] {dagbag.py:588} INFO - Filling up the DagBag from /mnt/c/Users/Admin/Desktop/ud_data/Dataslush_umang/airflow/airflow_venv/lib/python3.12/site-packages/airflow/example_dags/example_bash_decorator.py
[2025-01-28T10:14:36.054+0000] {processor.py:925} INFO - DAG(s) 'example_bash_decorator' retrieved from /mnt/c/Users/Admin/Desktop/ud_data/Dataslush_umang/airflow/airflow_venv/lib/python3.12/site-packages/airflow/example_dags/example_bash_decorator.py
[2025-01-28T10:14:37.579+0000] {logging_mixin.py:190} INFO - [2025-01-28T10:14:37.576+0000] {override.py:1912} INFO - Created Permission View: can edit on DAG:example_bash_decorator
[2025-01-28T10:14:37.726+0000] {logging_mixin.py:190} INFO - [2025-01-28T10:14:37.724+0000] {override.py:1912} INFO - Created Permission View: can read on DAG:example_bash_decorator
[2025-01-28T10:14:37.752+0000] {logging_mixin.py:190} INFO - [2025-01-28T10:14:37.750+0000] {override.py:1912} INFO - Created Permission View: can delete on DAG:example_bash_decorator
[2025-01-28T10:14:37.800+0000] {logging_mixin.py:190} INFO - [2025-01-28T10:14:37.798+0000] {override.py:1912} INFO - Created Permission View: can create on DAG Run:example_bash_decorator
[2025-01-28T10:14:37.827+0000] {logging_mixin.py:190} INFO - [2025-01-28T10:14:37.824+0000] {override.py:1912} INFO - Created Permission View: menu access on DAG Run:example_bash_decorator
[2025-01-28T10:14:37.855+0000] {logging_mixin.py:190} INFO - [2025-01-28T10:14:37.853+0000] {override.py:1912} INFO - Created Permission View: can read on DAG Run:example_bash_decorator
[2025-01-28T10:14:37.882+0000] {logging_mixin.py:190} INFO - [2025-01-28T10:14:37.880+0000] {override.py:1912} INFO - Created Permission View: can delete on DAG Run:example_bash_decorator
[2025-01-28T10:14:37.886+0000] {logging_mixin.py:190} INFO - [2025-01-28T10:14:37.884+0000] {dag.py:3239} INFO - Sync 1 DAGs
[2025-01-28T10:14:37.905+0000] {logging_mixin.py:190} INFO - [2025-01-28T10:14:37.903+0000] {dag.py:3262} INFO - Creating ORM DAG for example_bash_decorator
[2025-01-28T10:14:37.908+0000] {logging_mixin.py:190} INFO - [2025-01-28T10:14:37.907+0000] {dag.py:4180} INFO - Setting next_dagrun for example_bash_decorator to None, run_after=None
[2025-01-28T10:15:08.202+0000] {processor.py:208} INFO - Processing /mnt/c/Users/Admin/Desktop/ud_data/Dataslush_umang/airflow/airflow_venv/lib/python3.12/site-packages/airflow/example_dags/example_bash_decorator.py took 2.224 seconds
[2025-01-28T10:16:31.788+0000] {processor.py:186} INFO - Started process (PID=15107) to work on /mnt/c/Users/Admin/Desktop/ud_data/Dataslush_umang/airflow/airflow_venv/lib/python3.12/site-packages/airflow/example_dags/example_bash_decorator.py
[2025-01-28T10:16:32.016+0000] {processor.py:914} INFO - Processing file /mnt/c/Users/Admin/Desktop/ud_data/Dataslush_umang/airflow/airflow_venv/lib/python3.12/site-packages/airflow/example_dags/example_bash_decorator.py for tasks to queue
[2025-01-28T10:16:32.022+0000] {logging_mixin.py:190} INFO - [2025-01-28T10:16:32.020+0000] {dagbag.py:588} INFO - Filling up the DagBag from /mnt/c/Users/Admin/Desktop/ud_data/Dataslush_umang/airflow/airflow_venv/lib/python3.12/site-packages/airflow/example_dags/example_bash_decorator.py
[2025-01-28T10:16:32.138+0000] {processor.py:925} INFO - DAG(s) 'example_bash_decorator' retrieved from /mnt/c/Users/Admin/Desktop/ud_data/Dataslush_umang/airflow/airflow_venv/lib/python3.12/site-packages/airflow/example_dags/example_bash_decorator.py
[2025-01-28T10:16:32.174+0000] {logging_mixin.py:190} INFO - [2025-01-28T10:16:32.172+0000] {dag.py:3239} INFO - Sync 1 DAGs
[2025-01-28T10:16:32.196+0000] {logging_mixin.py:190} INFO - [2025-01-28T10:16:32.194+0000] {dag.py:4180} INFO - Setting next_dagrun for example_bash_decorator to None, run_after=None
[2025-01-28T10:16:32.865+0000] {processor.py:208} INFO - Processing /mnt/c/Users/Admin/Desktop/ud_data/Dataslush_umang/airflow/airflow_venv/lib/python3.12/site-packages/airflow/example_dags/example_bash_decorator.py took 1.093 seconds
[2025-01-28T10:18:44.987+0000] {processor.py:186} INFO - Started process (PID=15357) to work on /mnt/c/Users/Admin/Desktop/ud_data/Dataslush_umang/airflow/airflow_venv/lib/python3.12/site-packages/airflow/example_dags/example_bash_decorator.py
[2025-01-28T10:18:44.990+0000] {processor.py:914} INFO - Processing file /mnt/c/Users/Admin/Desktop/ud_data/Dataslush_umang/airflow/airflow_venv/lib/python3.12/site-packages/airflow/example_dags/example_bash_decorator.py for tasks to queue
[2025-01-28T10:18:44.995+0000] {logging_mixin.py:190} INFO - [2025-01-28T10:18:44.993+0000] {dagbag.py:588} INFO - Filling up the DagBag from /mnt/c/Users/Admin/Desktop/ud_data/Dataslush_umang/airflow/airflow_venv/lib/python3.12/site-packages/airflow/example_dags/example_bash_decorator.py
[2025-01-28T10:18:45.115+0000] {processor.py:925} INFO - DAG(s) 'example_bash_decorator' retrieved from /mnt/c/Users/Admin/Desktop/ud_data/Dataslush_umang/airflow/airflow_venv/lib/python3.12/site-packages/airflow/example_dags/example_bash_decorator.py
[2025-01-28T10:18:45.146+0000] {logging_mixin.py:190} INFO - [2025-01-28T10:18:45.144+0000] {dag.py:3239} INFO - Sync 1 DAGs
[2025-01-28T10:18:45.161+0000] {logging_mixin.py:190} INFO - [2025-01-28T10:18:45.159+0000] {dag.py:4180} INFO - Setting next_dagrun for example_bash_decorator to None, run_after=None
[2025-01-28T10:18:45.218+0000] {processor.py:208} INFO - Processing /mnt/c/Users/Admin/Desktop/ud_data/Dataslush_umang/airflow/airflow_venv/lib/python3.12/site-packages/airflow/example_dags/example_bash_decorator.py took 0.250 seconds
[2025-01-28T10:21:30.189+0000] {processor.py:186} INFO - Started process (PID=15593) to work on /mnt/c/Users/Admin/Desktop/ud_data/Dataslush_umang/airflow/airflow_venv/lib/python3.12/site-packages/airflow/example_dags/example_bash_decorator.py
[2025-01-28T10:21:30.197+0000] {processor.py:914} INFO - Processing file /mnt/c/Users/Admin/Desktop/ud_data/Dataslush_umang/airflow/airflow_venv/lib/python3.12/site-packages/airflow/example_dags/example_bash_decorator.py for tasks to queue
[2025-01-28T10:21:30.211+0000] {logging_mixin.py:190} INFO - [2025-01-28T10:21:30.206+0000] {dagbag.py:588} INFO - Filling up the DagBag from /mnt/c/Users/Admin/Desktop/ud_data/Dataslush_umang/airflow/airflow_venv/lib/python3.12/site-packages/airflow/example_dags/example_bash_decorator.py
[2025-01-28T10:21:30.615+0000] {processor.py:925} INFO - DAG(s) 'example_bash_decorator' retrieved from /mnt/c/Users/Admin/Desktop/ud_data/Dataslush_umang/airflow/airflow_venv/lib/python3.12/site-packages/airflow/example_dags/example_bash_decorator.py
[2025-01-28T10:21:30.683+0000] {logging_mixin.py:190} INFO - [2025-01-28T10:21:30.679+0000] {dag.py:3239} INFO - Sync 1 DAGs
[2025-01-28T10:21:30.715+0000] {logging_mixin.py:190} INFO - [2025-01-28T10:21:30.711+0000] {dag.py:4180} INFO - Setting next_dagrun for example_bash_decorator to None, run_after=None
[2025-01-28T10:21:30.779+0000] {processor.py:208} INFO - Processing /mnt/c/Users/Admin/Desktop/ud_data/Dataslush_umang/airflow/airflow_venv/lib/python3.12/site-packages/airflow/example_dags/example_bash_decorator.py took 0.660 seconds
[2025-01-28T10:23:12.647+0000] {processor.py:186} INFO - Started process (PID=15766) to work on /mnt/c/Users/Admin/Desktop/ud_data/Dataslush_umang/airflow/airflow_venv/lib/python3.12/site-packages/airflow/example_dags/example_bash_decorator.py
[2025-01-28T10:23:12.667+0000] {processor.py:914} INFO - Processing file /mnt/c/Users/Admin/Desktop/ud_data/Dataslush_umang/airflow/airflow_venv/lib/python3.12/site-packages/airflow/example_dags/example_bash_decorator.py for tasks to queue
[2025-01-28T10:23:12.673+0000] {logging_mixin.py:190} INFO - [2025-01-28T10:23:12.671+0000] {dagbag.py:588} INFO - Filling up the DagBag from /mnt/c/Users/Admin/Desktop/ud_data/Dataslush_umang/airflow/airflow_venv/lib/python3.12/site-packages/airflow/example_dags/example_bash_decorator.py
[2025-01-28T10:23:12.811+0000] {processor.py:925} INFO - DAG(s) 'example_bash_decorator' retrieved from /mnt/c/Users/Admin/Desktop/ud_data/Dataslush_umang/airflow/airflow_venv/lib/python3.12/site-packages/airflow/example_dags/example_bash_decorator.py
[2025-01-28T10:23:12.850+0000] {logging_mixin.py:190} INFO - [2025-01-28T10:23:12.848+0000] {dag.py:3239} INFO - Sync 1 DAGs
[2025-01-28T10:23:13.031+0000] {logging_mixin.py:190} INFO - [2025-01-28T10:23:13.030+0000] {dag.py:4180} INFO - Setting next_dagrun for example_bash_decorator to None, run_after=None
[2025-01-28T10:23:13.066+0000] {processor.py:208} INFO - Processing /mnt/c/Users/Admin/Desktop/ud_data/Dataslush_umang/airflow/airflow_venv/lib/python3.12/site-packages/airflow/example_dags/example_bash_decorator.py took 0.442 seconds
[2025-01-28T10:25:24.341+0000] {processor.py:186} INFO - Started process (PID=15959) to work on /mnt/c/Users/Admin/Desktop/ud_data/Dataslush_umang/airflow/airflow_venv/lib/python3.12/site-packages/airflow/example_dags/example_bash_decorator.py
[2025-01-28T10:25:24.345+0000] {processor.py:914} INFO - Processing file /mnt/c/Users/Admin/Desktop/ud_data/Dataslush_umang/airflow/airflow_venv/lib/python3.12/site-packages/airflow/example_dags/example_bash_decorator.py for tasks to queue
[2025-01-28T10:25:24.352+0000] {logging_mixin.py:190} INFO - [2025-01-28T10:25:24.350+0000] {dagbag.py:588} INFO - Filling up the DagBag from /mnt/c/Users/Admin/Desktop/ud_data/Dataslush_umang/airflow/airflow_venv/lib/python3.12/site-packages/airflow/example_dags/example_bash_decorator.py
[2025-01-28T10:25:24.492+0000] {processor.py:925} INFO - DAG(s) 'example_bash_decorator' retrieved from /mnt/c/Users/Admin/Desktop/ud_data/Dataslush_umang/airflow/airflow_venv/lib/python3.12/site-packages/airflow/example_dags/example_bash_decorator.py
[2025-01-28T10:25:24.524+0000] {logging_mixin.py:190} INFO - [2025-01-28T10:25:24.523+0000] {dag.py:3239} INFO - Sync 1 DAGs
[2025-01-28T10:25:24.543+0000] {logging_mixin.py:190} INFO - [2025-01-28T10:25:24.542+0000] {dag.py:4180} INFO - Setting next_dagrun for example_bash_decorator to None, run_after=None
[2025-01-28T10:25:24.584+0000] {processor.py:208} INFO - Processing /mnt/c/Users/Admin/Desktop/ud_data/Dataslush_umang/airflow/airflow_venv/lib/python3.12/site-packages/airflow/example_dags/example_bash_decorator.py took 0.289 seconds
[2025-01-28T10:27:33.397+0000] {processor.py:186} INFO - Started process (PID=16259) to work on /mnt/c/Users/Admin/Desktop/ud_data/Dataslush_umang/airflow/airflow_venv/lib/python3.12/site-packages/airflow/example_dags/example_bash_decorator.py
[2025-01-28T10:27:33.403+0000] {processor.py:914} INFO - Processing file /mnt/c/Users/Admin/Desktop/ud_data/Dataslush_umang/airflow/airflow_venv/lib/python3.12/site-packages/airflow/example_dags/example_bash_decorator.py for tasks to queue
[2025-01-28T10:27:33.413+0000] {logging_mixin.py:190} INFO - [2025-01-28T10:27:33.409+0000] {dagbag.py:588} INFO - Filling up the DagBag from /mnt/c/Users/Admin/Desktop/ud_data/Dataslush_umang/airflow/airflow_venv/lib/python3.12/site-packages/airflow/example_dags/example_bash_decorator.py
[2025-01-28T10:27:33.800+0000] {processor.py:925} INFO - DAG(s) 'example_bash_decorator' retrieved from /mnt/c/Users/Admin/Desktop/ud_data/Dataslush_umang/airflow/airflow_venv/lib/python3.12/site-packages/airflow/example_dags/example_bash_decorator.py
[2025-01-28T10:27:33.874+0000] {logging_mixin.py:190} INFO - [2025-01-28T10:27:33.871+0000] {dag.py:3239} INFO - Sync 1 DAGs
[2025-01-28T10:27:33.906+0000] {logging_mixin.py:190} INFO - [2025-01-28T10:27:33.903+0000] {dag.py:4180} INFO - Setting next_dagrun for example_bash_decorator to None, run_after=None
[2025-01-28T10:27:33.992+0000] {processor.py:208} INFO - Processing /mnt/c/Users/Admin/Desktop/ud_data/Dataslush_umang/airflow/airflow_venv/lib/python3.12/site-packages/airflow/example_dags/example_bash_decorator.py took 0.644 seconds
[2025-01-28T10:30:20.662+0000] {processor.py:186} INFO - Started process (PID=16430) to work on /mnt/c/Users/Admin/Desktop/ud_data/Dataslush_umang/airflow/airflow_venv/lib/python3.12/site-packages/airflow/example_dags/example_bash_decorator.py
[2025-01-28T10:30:20.667+0000] {processor.py:914} INFO - Processing file /mnt/c/Users/Admin/Desktop/ud_data/Dataslush_umang/airflow/airflow_venv/lib/python3.12/site-packages/airflow/example_dags/example_bash_decorator.py for tasks to queue
[2025-01-28T10:30:20.676+0000] {logging_mixin.py:190} INFO - [2025-01-28T10:30:20.673+0000] {dagbag.py:588} INFO - Filling up the DagBag from /mnt/c/Users/Admin/Desktop/ud_data/Dataslush_umang/airflow/airflow_venv/lib/python3.12/site-packages/airflow/example_dags/example_bash_decorator.py
[2025-01-28T10:30:20.898+0000] {processor.py:925} INFO - DAG(s) 'example_bash_decorator' retrieved from /mnt/c/Users/Admin/Desktop/ud_data/Dataslush_umang/airflow/airflow_venv/lib/python3.12/site-packages/airflow/example_dags/example_bash_decorator.py
[2025-01-28T10:30:20.933+0000] {logging_mixin.py:190} INFO - [2025-01-28T10:30:20.930+0000] {dag.py:3239} INFO - Sync 1 DAGs
[2025-01-28T10:30:20.959+0000] {logging_mixin.py:190} INFO - [2025-01-28T10:30:20.955+0000] {dag.py:4180} INFO - Setting next_dagrun for example_bash_decorator to None, run_after=None
[2025-01-28T10:30:21.052+0000] {processor.py:208} INFO - Processing /mnt/c/Users/Admin/Desktop/ud_data/Dataslush_umang/airflow/airflow_venv/lib/python3.12/site-packages/airflow/example_dags/example_bash_decorator.py took 0.434 seconds
[2025-01-28T10:32:36.514+0000] {processor.py:186} INFO - Started process (PID=16651) to work on /mnt/c/Users/Admin/Desktop/ud_data/Dataslush_umang/airflow/airflow_venv/lib/python3.12/site-packages/airflow/example_dags/example_bash_decorator.py
[2025-01-28T10:32:36.610+0000] {processor.py:914} INFO - Processing file /mnt/c/Users/Admin/Desktop/ud_data/Dataslush_umang/airflow/airflow_venv/lib/python3.12/site-packages/airflow/example_dags/example_bash_decorator.py for tasks to queue
[2025-01-28T10:32:36.627+0000] {logging_mixin.py:190} INFO - [2025-01-28T10:32:36.621+0000] {dagbag.py:588} INFO - Filling up the DagBag from /mnt/c/Users/Admin/Desktop/ud_data/Dataslush_umang/airflow/airflow_venv/lib/python3.12/site-packages/airflow/example_dags/example_bash_decorator.py
[2025-01-28T10:32:36.975+0000] {processor.py:925} INFO - DAG(s) 'example_bash_decorator' retrieved from /mnt/c/Users/Admin/Desktop/ud_data/Dataslush_umang/airflow/airflow_venv/lib/python3.12/site-packages/airflow/example_dags/example_bash_decorator.py
[2025-01-28T10:32:37.028+0000] {logging_mixin.py:190} INFO - [2025-01-28T10:32:37.026+0000] {dag.py:3239} INFO - Sync 1 DAGs
[2025-01-28T10:32:37.049+0000] {logging_mixin.py:190} INFO - [2025-01-28T10:32:37.047+0000] {dag.py:4180} INFO - Setting next_dagrun for example_bash_decorator to None, run_after=None
[2025-01-28T10:32:37.268+0000] {processor.py:208} INFO - Processing /mnt/c/Users/Admin/Desktop/ud_data/Dataslush_umang/airflow/airflow_venv/lib/python3.12/site-packages/airflow/example_dags/example_bash_decorator.py took 0.830 seconds
[2025-01-28T10:35:12.790+0000] {processor.py:186} INFO - Started process (PID=16904) to work on /mnt/c/Users/Admin/Desktop/ud_data/Dataslush_umang/airflow/airflow_venv/lib/python3.12/site-packages/airflow/example_dags/example_bash_decorator.py
[2025-01-28T10:35:12.794+0000] {processor.py:914} INFO - Processing file /mnt/c/Users/Admin/Desktop/ud_data/Dataslush_umang/airflow/airflow_venv/lib/python3.12/site-packages/airflow/example_dags/example_bash_decorator.py for tasks to queue
[2025-01-28T10:35:12.801+0000] {logging_mixin.py:190} INFO - [2025-01-28T10:35:12.799+0000] {dagbag.py:588} INFO - Filling up the DagBag from /mnt/c/Users/Admin/Desktop/ud_data/Dataslush_umang/airflow/airflow_venv/lib/python3.12/site-packages/airflow/example_dags/example_bash_decorator.py
[2025-01-28T10:35:12.967+0000] {processor.py:925} INFO - DAG(s) 'example_bash_decorator' retrieved from /mnt/c/Users/Admin/Desktop/ud_data/Dataslush_umang/airflow/airflow_venv/lib/python3.12/site-packages/airflow/example_dags/example_bash_decorator.py
[2025-01-28T10:35:13.061+0000] {logging_mixin.py:190} INFO - [2025-01-28T10:35:13.056+0000] {dag.py:3239} INFO - Sync 1 DAGs
[2025-01-28T10:35:13.119+0000] {logging_mixin.py:190} INFO - [2025-01-28T10:35:13.116+0000] {dag.py:4180} INFO - Setting next_dagrun for example_bash_decorator to None, run_after=None
[2025-01-28T10:35:13.188+0000] {processor.py:208} INFO - Processing /mnt/c/Users/Admin/Desktop/ud_data/Dataslush_umang/airflow/airflow_venv/lib/python3.12/site-packages/airflow/example_dags/example_bash_decorator.py took 0.428 seconds
[2025-01-28T10:38:04.758+0000] {processor.py:186} INFO - Started process (PID=17129) to work on /mnt/c/Users/Admin/Desktop/ud_data/Dataslush_umang/airflow/airflow_venv/lib/python3.12/site-packages/airflow/example_dags/example_bash_decorator.py
[2025-01-28T10:38:04.763+0000] {processor.py:914} INFO - Processing file /mnt/c/Users/Admin/Desktop/ud_data/Dataslush_umang/airflow/airflow_venv/lib/python3.12/site-packages/airflow/example_dags/example_bash_decorator.py for tasks to queue
[2025-01-28T10:38:04.772+0000] {logging_mixin.py:190} INFO - [2025-01-28T10:38:04.769+0000] {dagbag.py:588} INFO - Filling up the DagBag from /mnt/c/Users/Admin/Desktop/ud_data/Dataslush_umang/airflow/airflow_venv/lib/python3.12/site-packages/airflow/example_dags/example_bash_decorator.py
[2025-01-28T10:38:04.919+0000] {processor.py:925} INFO - DAG(s) 'example_bash_decorator' retrieved from /mnt/c/Users/Admin/Desktop/ud_data/Dataslush_umang/airflow/airflow_venv/lib/python3.12/site-packages/airflow/example_dags/example_bash_decorator.py
[2025-01-28T10:38:04.950+0000] {logging_mixin.py:190} INFO - [2025-01-28T10:38:04.947+0000] {dag.py:3239} INFO - Sync 1 DAGs
[2025-01-28T10:38:04.969+0000] {logging_mixin.py:190} INFO - [2025-01-28T10:38:04.967+0000] {dag.py:4180} INFO - Setting next_dagrun for example_bash_decorator to None, run_after=None
[2025-01-28T10:38:05.134+0000] {processor.py:208} INFO - Processing /mnt/c/Users/Admin/Desktop/ud_data/Dataslush_umang/airflow/airflow_venv/lib/python3.12/site-packages/airflow/example_dags/example_bash_decorator.py took 0.428 seconds
[2025-01-28T10:39:51.774+0000] {processor.py:186} INFO - Started process (PID=17306) to work on /mnt/c/Users/Admin/Desktop/ud_data/Dataslush_umang/airflow/airflow_venv/lib/python3.12/site-packages/airflow/example_dags/example_bash_decorator.py
[2025-01-28T10:39:51.960+0000] {processor.py:914} INFO - Processing file /mnt/c/Users/Admin/Desktop/ud_data/Dataslush_umang/airflow/airflow_venv/lib/python3.12/site-packages/airflow/example_dags/example_bash_decorator.py for tasks to queue
[2025-01-28T10:39:51.981+0000] {logging_mixin.py:190} INFO - [2025-01-28T10:39:51.974+0000] {dagbag.py:588} INFO - Filling up the DagBag from /mnt/c/Users/Admin/Desktop/ud_data/Dataslush_umang/airflow/airflow_venv/lib/python3.12/site-packages/airflow/example_dags/example_bash_decorator.py
[2025-01-28T10:39:52.194+0000] {processor.py:925} INFO - DAG(s) 'example_bash_decorator' retrieved from /mnt/c/Users/Admin/Desktop/ud_data/Dataslush_umang/airflow/airflow_venv/lib/python3.12/site-packages/airflow/example_dags/example_bash_decorator.py
[2025-01-28T10:39:52.226+0000] {logging_mixin.py:190} INFO - [2025-01-28T10:39:52.224+0000] {dag.py:3239} INFO - Sync 1 DAGs
[2025-01-28T10:39:52.245+0000] {logging_mixin.py:190} INFO - [2025-01-28T10:39:52.243+0000] {dag.py:4180} INFO - Setting next_dagrun for example_bash_decorator to None, run_after=None
[2025-01-28T10:39:52.835+0000] {processor.py:208} INFO - Processing /mnt/c/Users/Admin/Desktop/ud_data/Dataslush_umang/airflow/airflow_venv/lib/python3.12/site-packages/airflow/example_dags/example_bash_decorator.py took 1.093 seconds
[2025-01-28T10:41:38.384+0000] {processor.py:186} INFO - Started process (PID=17452) to work on /mnt/c/Users/Admin/Desktop/ud_data/Dataslush_umang/airflow/airflow_venv/lib/python3.12/site-packages/airflow/example_dags/example_bash_decorator.py
[2025-01-28T10:41:38.387+0000] {processor.py:914} INFO - Processing file /mnt/c/Users/Admin/Desktop/ud_data/Dataslush_umang/airflow/airflow_venv/lib/python3.12/site-packages/airflow/example_dags/example_bash_decorator.py for tasks to queue
[2025-01-28T10:41:38.393+0000] {logging_mixin.py:190} INFO - [2025-01-28T10:41:38.392+0000] {dagbag.py:588} INFO - Filling up the DagBag from /mnt/c/Users/Admin/Desktop/ud_data/Dataslush_umang/airflow/airflow_venv/lib/python3.12/site-packages/airflow/example_dags/example_bash_decorator.py
[2025-01-28T10:41:38.525+0000] {processor.py:925} INFO - DAG(s) 'example_bash_decorator' retrieved from /mnt/c/Users/Admin/Desktop/ud_data/Dataslush_umang/airflow/airflow_venv/lib/python3.12/site-packages/airflow/example_dags/example_bash_decorator.py
[2025-01-28T10:41:38.555+0000] {logging_mixin.py:190} INFO - [2025-01-28T10:41:38.553+0000] {dag.py:3239} INFO - Sync 1 DAGs
[2025-01-28T10:41:38.571+0000] {logging_mixin.py:190} INFO - [2025-01-28T10:41:38.568+0000] {dag.py:4180} INFO - Setting next_dagrun for example_bash_decorator to None, run_after=None
[2025-01-28T10:41:38.609+0000] {processor.py:208} INFO - Processing /mnt/c/Users/Admin/Desktop/ud_data/Dataslush_umang/airflow/airflow_venv/lib/python3.12/site-packages/airflow/example_dags/example_bash_decorator.py took 0.252 seconds
[2025-01-28T10:44:04.032+0000] {processor.py:186} INFO - Started process (PID=17792) to work on /mnt/c/Users/Admin/Desktop/ud_data/Dataslush_umang/airflow/airflow_venv/lib/python3.12/site-packages/airflow/example_dags/example_bash_decorator.py
[2025-01-28T10:44:04.041+0000] {processor.py:914} INFO - Processing file /mnt/c/Users/Admin/Desktop/ud_data/Dataslush_umang/airflow/airflow_venv/lib/python3.12/site-packages/airflow/example_dags/example_bash_decorator.py for tasks to queue
[2025-01-28T10:44:04.049+0000] {logging_mixin.py:190} INFO - [2025-01-28T10:44:04.047+0000] {dagbag.py:588} INFO - Filling up the DagBag from /mnt/c/Users/Admin/Desktop/ud_data/Dataslush_umang/airflow/airflow_venv/lib/python3.12/site-packages/airflow/example_dags/example_bash_decorator.py
[2025-01-28T10:44:04.281+0000] {processor.py:925} INFO - DAG(s) 'example_bash_decorator' retrieved from /mnt/c/Users/Admin/Desktop/ud_data/Dataslush_umang/airflow/airflow_venv/lib/python3.12/site-packages/airflow/example_dags/example_bash_decorator.py
[2025-01-28T10:44:04.384+0000] {logging_mixin.py:190} INFO - [2025-01-28T10:44:04.380+0000] {dag.py:3239} INFO - Sync 1 DAGs
[2025-01-28T10:44:04.429+0000] {logging_mixin.py:190} INFO - [2025-01-28T10:44:04.427+0000] {dag.py:4180} INFO - Setting next_dagrun for example_bash_decorator to None, run_after=None
[2025-01-28T10:44:04.530+0000] {processor.py:208} INFO - Processing /mnt/c/Users/Admin/Desktop/ud_data/Dataslush_umang/airflow/airflow_venv/lib/python3.12/site-packages/airflow/example_dags/example_bash_decorator.py took 0.563 seconds
[2025-01-28T10:47:55.001+0000] {processor.py:186} INFO - Started process (PID=18042) to work on /mnt/c/Users/Admin/Desktop/ud_data/Dataslush_umang/airflow/airflow_venv/lib/python3.12/site-packages/airflow/example_dags/example_bash_decorator.py
[2025-01-28T10:47:55.003+0000] {processor.py:914} INFO - Processing file /mnt/c/Users/Admin/Desktop/ud_data/Dataslush_umang/airflow/airflow_venv/lib/python3.12/site-packages/airflow/example_dags/example_bash_decorator.py for tasks to queue
[2025-01-28T10:47:55.009+0000] {logging_mixin.py:190} INFO - [2025-01-28T10:47:55.007+0000] {dagbag.py:588} INFO - Filling up the DagBag from /mnt/c/Users/Admin/Desktop/ud_data/Dataslush_umang/airflow/airflow_venv/lib/python3.12/site-packages/airflow/example_dags/example_bash_decorator.py
[2025-01-28T10:47:55.146+0000] {processor.py:925} INFO - DAG(s) 'example_bash_decorator' retrieved from /mnt/c/Users/Admin/Desktop/ud_data/Dataslush_umang/airflow/airflow_venv/lib/python3.12/site-packages/airflow/example_dags/example_bash_decorator.py
[2025-01-28T10:47:55.175+0000] {logging_mixin.py:190} INFO - [2025-01-28T10:47:55.174+0000] {dag.py:3239} INFO - Sync 1 DAGs
[2025-01-28T10:47:55.191+0000] {logging_mixin.py:190} INFO - [2025-01-28T10:47:55.190+0000] {dag.py:4180} INFO - Setting next_dagrun for example_bash_decorator to None, run_after=None
[2025-01-28T10:47:55.232+0000] {processor.py:208} INFO - Processing /mnt/c/Users/Admin/Desktop/ud_data/Dataslush_umang/airflow/airflow_venv/lib/python3.12/site-packages/airflow/example_dags/example_bash_decorator.py took 0.262 seconds
[2025-01-28T10:49:20.795+0000] {processor.py:186} INFO - Started process (PID=18242) to work on /mnt/c/Users/Admin/Desktop/ud_data/Dataslush_umang/airflow/airflow_venv/lib/python3.12/site-packages/airflow/example_dags/example_bash_decorator.py
[2025-01-28T10:49:20.799+0000] {processor.py:914} INFO - Processing file /mnt/c/Users/Admin/Desktop/ud_data/Dataslush_umang/airflow/airflow_venv/lib/python3.12/site-packages/airflow/example_dags/example_bash_decorator.py for tasks to queue
[2025-01-28T10:49:20.805+0000] {logging_mixin.py:190} INFO - [2025-01-28T10:49:20.803+0000] {dagbag.py:588} INFO - Filling up the DagBag from /mnt/c/Users/Admin/Desktop/ud_data/Dataslush_umang/airflow/airflow_venv/lib/python3.12/site-packages/airflow/example_dags/example_bash_decorator.py
[2025-01-28T10:49:20.955+0000] {processor.py:925} INFO - DAG(s) 'example_bash_decorator' retrieved from /mnt/c/Users/Admin/Desktop/ud_data/Dataslush_umang/airflow/airflow_venv/lib/python3.12/site-packages/airflow/example_dags/example_bash_decorator.py
[2025-01-28T10:49:21.011+0000] {logging_mixin.py:190} INFO - [2025-01-28T10:49:21.009+0000] {dag.py:3239} INFO - Sync 1 DAGs
[2025-01-28T10:49:21.040+0000] {logging_mixin.py:190} INFO - [2025-01-28T10:49:21.038+0000] {dag.py:4180} INFO - Setting next_dagrun for example_bash_decorator to None, run_after=None
[2025-01-28T10:49:21.090+0000] {processor.py:208} INFO - Processing /mnt/c/Users/Admin/Desktop/ud_data/Dataslush_umang/airflow/airflow_venv/lib/python3.12/site-packages/airflow/example_dags/example_bash_decorator.py took 0.322 seconds
[2025-01-28T10:50:45.724+0000] {processor.py:186} INFO - Started process (PID=18371) to work on /mnt/c/Users/Admin/Desktop/ud_data/Dataslush_umang/airflow/airflow_venv/lib/python3.12/site-packages/airflow/example_dags/example_bash_decorator.py
[2025-01-28T10:50:45.726+0000] {processor.py:914} INFO - Processing file /mnt/c/Users/Admin/Desktop/ud_data/Dataslush_umang/airflow/airflow_venv/lib/python3.12/site-packages/airflow/example_dags/example_bash_decorator.py for tasks to queue
[2025-01-28T10:50:45.731+0000] {logging_mixin.py:190} INFO - [2025-01-28T10:50:45.730+0000] {dagbag.py:588} INFO - Filling up the DagBag from /mnt/c/Users/Admin/Desktop/ud_data/Dataslush_umang/airflow/airflow_venv/lib/python3.12/site-packages/airflow/example_dags/example_bash_decorator.py
[2025-01-28T10:50:45.840+0000] {processor.py:925} INFO - DAG(s) 'example_bash_decorator' retrieved from /mnt/c/Users/Admin/Desktop/ud_data/Dataslush_umang/airflow/airflow_venv/lib/python3.12/site-packages/airflow/example_dags/example_bash_decorator.py
[2025-01-28T10:50:45.869+0000] {logging_mixin.py:190} INFO - [2025-01-28T10:50:45.867+0000] {dag.py:3239} INFO - Sync 1 DAGs
[2025-01-28T10:50:45.886+0000] {logging_mixin.py:190} INFO - [2025-01-28T10:50:45.885+0000] {dag.py:4180} INFO - Setting next_dagrun for example_bash_decorator to None, run_after=None
[2025-01-28T10:50:45.926+0000] {processor.py:208} INFO - Processing /mnt/c/Users/Admin/Desktop/ud_data/Dataslush_umang/airflow/airflow_venv/lib/python3.12/site-packages/airflow/example_dags/example_bash_decorator.py took 0.225 seconds
[2025-01-28T10:52:26.136+0000] {processor.py:186} INFO - Started process (PID=18600) to work on /mnt/c/Users/Admin/Desktop/ud_data/Dataslush_umang/airflow/airflow_venv/lib/python3.12/site-packages/airflow/example_dags/example_bash_decorator.py
[2025-01-28T10:52:26.139+0000] {processor.py:914} INFO - Processing file /mnt/c/Users/Admin/Desktop/ud_data/Dataslush_umang/airflow/airflow_venv/lib/python3.12/site-packages/airflow/example_dags/example_bash_decorator.py for tasks to queue
[2025-01-28T10:52:26.144+0000] {logging_mixin.py:190} INFO - [2025-01-28T10:52:26.142+0000] {dagbag.py:588} INFO - Filling up the DagBag from /mnt/c/Users/Admin/Desktop/ud_data/Dataslush_umang/airflow/airflow_venv/lib/python3.12/site-packages/airflow/example_dags/example_bash_decorator.py
[2025-01-28T10:52:26.272+0000] {processor.py:925} INFO - DAG(s) 'example_bash_decorator' retrieved from /mnt/c/Users/Admin/Desktop/ud_data/Dataslush_umang/airflow/airflow_venv/lib/python3.12/site-packages/airflow/example_dags/example_bash_decorator.py
[2025-01-28T10:52:26.303+0000] {logging_mixin.py:190} INFO - [2025-01-28T10:52:26.301+0000] {dag.py:3239} INFO - Sync 1 DAGs
[2025-01-28T10:52:26.321+0000] {logging_mixin.py:190} INFO - [2025-01-28T10:52:26.320+0000] {dag.py:4180} INFO - Setting next_dagrun for example_bash_decorator to None, run_after=None
[2025-01-28T10:52:26.364+0000] {processor.py:208} INFO - Processing /mnt/c/Users/Admin/Desktop/ud_data/Dataslush_umang/airflow/airflow_venv/lib/python3.12/site-packages/airflow/example_dags/example_bash_decorator.py took 0.258 seconds
[2025-01-28T10:54:14.877+0000] {processor.py:186} INFO - Started process (PID=18766) to work on /mnt/c/Users/Admin/Desktop/ud_data/Dataslush_umang/airflow/airflow_venv/lib/python3.12/site-packages/airflow/example_dags/example_bash_decorator.py
[2025-01-28T10:54:14.880+0000] {processor.py:914} INFO - Processing file /mnt/c/Users/Admin/Desktop/ud_data/Dataslush_umang/airflow/airflow_venv/lib/python3.12/site-packages/airflow/example_dags/example_bash_decorator.py for tasks to queue
[2025-01-28T10:54:14.885+0000] {logging_mixin.py:190} INFO - [2025-01-28T10:54:14.883+0000] {dagbag.py:588} INFO - Filling up the DagBag from /mnt/c/Users/Admin/Desktop/ud_data/Dataslush_umang/airflow/airflow_venv/lib/python3.12/site-packages/airflow/example_dags/example_bash_decorator.py
[2025-01-28T10:54:15.003+0000] {processor.py:925} INFO - DAG(s) 'example_bash_decorator' retrieved from /mnt/c/Users/Admin/Desktop/ud_data/Dataslush_umang/airflow/airflow_venv/lib/python3.12/site-packages/airflow/example_dags/example_bash_decorator.py
[2025-01-28T10:54:15.033+0000] {logging_mixin.py:190} INFO - [2025-01-28T10:54:15.031+0000] {dag.py:3239} INFO - Sync 1 DAGs
[2025-01-28T10:54:15.050+0000] {logging_mixin.py:190} INFO - [2025-01-28T10:54:15.048+0000] {dag.py:4180} INFO - Setting next_dagrun for example_bash_decorator to None, run_after=None
[2025-01-28T10:54:15.090+0000] {processor.py:208} INFO - Processing /mnt/c/Users/Admin/Desktop/ud_data/Dataslush_umang/airflow/airflow_venv/lib/python3.12/site-packages/airflow/example_dags/example_bash_decorator.py took 0.242 seconds
[2025-01-28T10:55:53.416+0000] {processor.py:186} INFO - Started process (PID=18955) to work on /mnt/c/Users/Admin/Desktop/ud_data/Dataslush_umang/airflow/airflow_venv/lib/python3.12/site-packages/airflow/example_dags/example_bash_decorator.py
[2025-01-28T10:55:53.629+0000] {processor.py:914} INFO - Processing file /mnt/c/Users/Admin/Desktop/ud_data/Dataslush_umang/airflow/airflow_venv/lib/python3.12/site-packages/airflow/example_dags/example_bash_decorator.py for tasks to queue
[2025-01-28T10:55:53.638+0000] {logging_mixin.py:190} INFO - [2025-01-28T10:55:53.635+0000] {dagbag.py:588} INFO - Filling up the DagBag from /mnt/c/Users/Admin/Desktop/ud_data/Dataslush_umang/airflow/airflow_venv/lib/python3.12/site-packages/airflow/example_dags/example_bash_decorator.py
[2025-01-28T10:55:53.789+0000] {processor.py:925} INFO - DAG(s) 'example_bash_decorator' retrieved from /mnt/c/Users/Admin/Desktop/ud_data/Dataslush_umang/airflow/airflow_venv/lib/python3.12/site-packages/airflow/example_dags/example_bash_decorator.py
[2025-01-28T10:55:53.883+0000] {logging_mixin.py:190} INFO - [2025-01-28T10:55:53.882+0000] {dag.py:3239} INFO - Sync 1 DAGs
[2025-01-28T10:55:53.909+0000] {logging_mixin.py:190} INFO - [2025-01-28T10:55:53.908+0000] {dag.py:4180} INFO - Setting next_dagrun for example_bash_decorator to None, run_after=None
[2025-01-28T10:55:53.985+0000] {processor.py:208} INFO - Processing /mnt/c/Users/Admin/Desktop/ud_data/Dataslush_umang/airflow/airflow_venv/lib/python3.12/site-packages/airflow/example_dags/example_bash_decorator.py took 0.596 seconds
[2025-01-28T10:57:29.313+0000] {processor.py:186} INFO - Started process (PID=19156) to work on /mnt/c/Users/Admin/Desktop/ud_data/Dataslush_umang/airflow/airflow_venv/lib/python3.12/site-packages/airflow/example_dags/example_bash_decorator.py
[2025-01-28T10:57:29.407+0000] {processor.py:914} INFO - Processing file /mnt/c/Users/Admin/Desktop/ud_data/Dataslush_umang/airflow/airflow_venv/lib/python3.12/site-packages/airflow/example_dags/example_bash_decorator.py for tasks to queue
[2025-01-28T10:57:29.413+0000] {logging_mixin.py:190} INFO - [2025-01-28T10:57:29.411+0000] {dagbag.py:588} INFO - Filling up the DagBag from /mnt/c/Users/Admin/Desktop/ud_data/Dataslush_umang/airflow/airflow_venv/lib/python3.12/site-packages/airflow/example_dags/example_bash_decorator.py
[2025-01-28T10:57:29.548+0000] {processor.py:925} INFO - DAG(s) 'example_bash_decorator' retrieved from /mnt/c/Users/Admin/Desktop/ud_data/Dataslush_umang/airflow/airflow_venv/lib/python3.12/site-packages/airflow/example_dags/example_bash_decorator.py
[2025-01-28T10:57:29.581+0000] {logging_mixin.py:190} INFO - [2025-01-28T10:57:29.579+0000] {dag.py:3239} INFO - Sync 1 DAGs
[2025-01-28T10:57:29.600+0000] {logging_mixin.py:190} INFO - [2025-01-28T10:57:29.598+0000] {dag.py:4180} INFO - Setting next_dagrun for example_bash_decorator to None, run_after=None
[2025-01-28T10:57:29.644+0000] {processor.py:208} INFO - Processing /mnt/c/Users/Admin/Desktop/ud_data/Dataslush_umang/airflow/airflow_venv/lib/python3.12/site-packages/airflow/example_dags/example_bash_decorator.py took 0.358 seconds
[2025-01-28T10:58:54.562+0000] {processor.py:186} INFO - Started process (PID=19344) to work on /mnt/c/Users/Admin/Desktop/ud_data/Dataslush_umang/airflow/airflow_venv/lib/python3.12/site-packages/airflow/example_dags/example_bash_decorator.py
[2025-01-28T10:58:54.676+0000] {processor.py:914} INFO - Processing file /mnt/c/Users/Admin/Desktop/ud_data/Dataslush_umang/airflow/airflow_venv/lib/python3.12/site-packages/airflow/example_dags/example_bash_decorator.py for tasks to queue
[2025-01-28T10:58:54.682+0000] {logging_mixin.py:190} INFO - [2025-01-28T10:58:54.680+0000] {dagbag.py:588} INFO - Filling up the DagBag from /mnt/c/Users/Admin/Desktop/ud_data/Dataslush_umang/airflow/airflow_venv/lib/python3.12/site-packages/airflow/example_dags/example_bash_decorator.py
[2025-01-28T10:58:54.814+0000] {processor.py:925} INFO - DAG(s) 'example_bash_decorator' retrieved from /mnt/c/Users/Admin/Desktop/ud_data/Dataslush_umang/airflow/airflow_venv/lib/python3.12/site-packages/airflow/example_dags/example_bash_decorator.py
[2025-01-28T10:58:54.841+0000] {logging_mixin.py:190} INFO - [2025-01-28T10:58:54.840+0000] {dag.py:3239} INFO - Sync 1 DAGs
[2025-01-28T10:58:54.858+0000] {logging_mixin.py:190} INFO - [2025-01-28T10:58:54.857+0000] {dag.py:4180} INFO - Setting next_dagrun for example_bash_decorator to None, run_after=None
[2025-01-28T10:58:54.897+0000] {processor.py:208} INFO - Processing /mnt/c/Users/Admin/Desktop/ud_data/Dataslush_umang/airflow/airflow_venv/lib/python3.12/site-packages/airflow/example_dags/example_bash_decorator.py took 0.363 seconds
[2025-01-28T11:01:08.250+0000] {processor.py:186} INFO - Started process (PID=19523) to work on /mnt/c/Users/Admin/Desktop/ud_data/Dataslush_umang/airflow/airflow_venv/lib/python3.12/site-packages/airflow/example_dags/example_bash_decorator.py
[2025-01-28T11:01:08.253+0000] {processor.py:914} INFO - Processing file /mnt/c/Users/Admin/Desktop/ud_data/Dataslush_umang/airflow/airflow_venv/lib/python3.12/site-packages/airflow/example_dags/example_bash_decorator.py for tasks to queue
[2025-01-28T11:01:08.260+0000] {logging_mixin.py:190} INFO - [2025-01-28T11:01:08.257+0000] {dagbag.py:588} INFO - Filling up the DagBag from /mnt/c/Users/Admin/Desktop/ud_data/Dataslush_umang/airflow/airflow_venv/lib/python3.12/site-packages/airflow/example_dags/example_bash_decorator.py
[2025-01-28T11:01:08.400+0000] {processor.py:925} INFO - DAG(s) 'example_bash_decorator' retrieved from /mnt/c/Users/Admin/Desktop/ud_data/Dataslush_umang/airflow/airflow_venv/lib/python3.12/site-packages/airflow/example_dags/example_bash_decorator.py
[2025-01-28T11:00:38.369+0000] {logging_mixin.py:190} INFO - [2025-01-28T11:00:38.366+0000] {dag.py:3239} INFO - Sync 1 DAGs
[2025-01-28T11:00:38.400+0000] {logging_mixin.py:190} INFO - [2025-01-28T11:00:38.398+0000] {dag.py:4180} INFO - Setting next_dagrun for example_bash_decorator to None, run_after=None
[2025-01-28T11:00:39.250+0000] {processor.py:208} INFO - Processing /mnt/c/Users/Admin/Desktop/ud_data/Dataslush_umang/airflow/airflow_venv/lib/python3.12/site-packages/airflow/example_dags/example_bash_decorator.py took 1.103 seconds
[2025-01-28T11:03:15.789+0000] {processor.py:186} INFO - Started process (PID=19702) to work on /mnt/c/Users/Admin/Desktop/ud_data/Dataslush_umang/airflow/airflow_venv/lib/python3.12/site-packages/airflow/example_dags/example_bash_decorator.py
[2025-01-28T11:03:15.793+0000] {processor.py:914} INFO - Processing file /mnt/c/Users/Admin/Desktop/ud_data/Dataslush_umang/airflow/airflow_venv/lib/python3.12/site-packages/airflow/example_dags/example_bash_decorator.py for tasks to queue
[2025-01-28T11:03:15.800+0000] {logging_mixin.py:190} INFO - [2025-01-28T11:03:15.797+0000] {dagbag.py:588} INFO - Filling up the DagBag from /mnt/c/Users/Admin/Desktop/ud_data/Dataslush_umang/airflow/airflow_venv/lib/python3.12/site-packages/airflow/example_dags/example_bash_decorator.py
[2025-01-28T11:03:15.938+0000] {processor.py:925} INFO - DAG(s) 'example_bash_decorator' retrieved from /mnt/c/Users/Admin/Desktop/ud_data/Dataslush_umang/airflow/airflow_venv/lib/python3.12/site-packages/airflow/example_dags/example_bash_decorator.py
[2025-01-28T11:03:15.974+0000] {logging_mixin.py:190} INFO - [2025-01-28T11:03:15.972+0000] {dag.py:3239} INFO - Sync 1 DAGs
[2025-01-28T11:03:15.997+0000] {logging_mixin.py:190} INFO - [2025-01-28T11:03:15.996+0000] {dag.py:4180} INFO - Setting next_dagrun for example_bash_decorator to None, run_after=None
[2025-01-28T11:03:16.054+0000] {processor.py:208} INFO - Processing /mnt/c/Users/Admin/Desktop/ud_data/Dataslush_umang/airflow/airflow_venv/lib/python3.12/site-packages/airflow/example_dags/example_bash_decorator.py took 0.295 seconds
[2025-01-28T11:05:06.087+0000] {processor.py:186} INFO - Started process (PID=19952) to work on /mnt/c/Users/Admin/Desktop/ud_data/Dataslush_umang/airflow/airflow_venv/lib/python3.12/site-packages/airflow/example_dags/example_bash_decorator.py
[2025-01-28T11:05:06.090+0000] {processor.py:914} INFO - Processing file /mnt/c/Users/Admin/Desktop/ud_data/Dataslush_umang/airflow/airflow_venv/lib/python3.12/site-packages/airflow/example_dags/example_bash_decorator.py for tasks to queue
[2025-01-28T11:05:06.096+0000] {logging_mixin.py:190} INFO - [2025-01-28T11:05:06.094+0000] {dagbag.py:588} INFO - Filling up the DagBag from /mnt/c/Users/Admin/Desktop/ud_data/Dataslush_umang/airflow/airflow_venv/lib/python3.12/site-packages/airflow/example_dags/example_bash_decorator.py
[2025-01-28T11:05:06.208+0000] {processor.py:925} INFO - DAG(s) 'example_bash_decorator' retrieved from /mnt/c/Users/Admin/Desktop/ud_data/Dataslush_umang/airflow/airflow_venv/lib/python3.12/site-packages/airflow/example_dags/example_bash_decorator.py
[2025-01-28T11:05:06.244+0000] {logging_mixin.py:190} INFO - [2025-01-28T11:05:06.242+0000] {dag.py:3239} INFO - Sync 1 DAGs
[2025-01-28T11:05:06.263+0000] {logging_mixin.py:190} INFO - [2025-01-28T11:05:06.261+0000] {dag.py:4180} INFO - Setting next_dagrun for example_bash_decorator to None, run_after=None
[2025-01-28T11:05:06.364+0000] {processor.py:208} INFO - Processing /mnt/c/Users/Admin/Desktop/ud_data/Dataslush_umang/airflow/airflow_venv/lib/python3.12/site-packages/airflow/example_dags/example_bash_decorator.py took 0.302 seconds
[2025-01-28T11:07:14.070+0000] {processor.py:186} INFO - Started process (PID=20078) to work on /mnt/c/Users/Admin/Desktop/ud_data/Dataslush_umang/airflow/airflow_venv/lib/python3.12/site-packages/airflow/example_dags/example_bash_decorator.py
[2025-01-28T11:07:14.162+0000] {processor.py:914} INFO - Processing file /mnt/c/Users/Admin/Desktop/ud_data/Dataslush_umang/airflow/airflow_venv/lib/python3.12/site-packages/airflow/example_dags/example_bash_decorator.py for tasks to queue
[2025-01-28T11:07:14.172+0000] {logging_mixin.py:190} INFO - [2025-01-28T11:07:14.169+0000] {dagbag.py:588} INFO - Filling up the DagBag from /mnt/c/Users/Admin/Desktop/ud_data/Dataslush_umang/airflow/airflow_venv/lib/python3.12/site-packages/airflow/example_dags/example_bash_decorator.py
[2025-01-28T11:07:14.303+0000] {processor.py:925} INFO - DAG(s) 'example_bash_decorator' retrieved from /mnt/c/Users/Admin/Desktop/ud_data/Dataslush_umang/airflow/airflow_venv/lib/python3.12/site-packages/airflow/example_dags/example_bash_decorator.py
[2025-01-28T11:07:14.348+0000] {logging_mixin.py:190} INFO - [2025-01-28T11:07:14.346+0000] {dag.py:3239} INFO - Sync 1 DAGs
[2025-01-28T11:07:14.370+0000] {logging_mixin.py:190} INFO - [2025-01-28T11:07:14.369+0000] {dag.py:4180} INFO - Setting next_dagrun for example_bash_decorator to None, run_after=None
[2025-01-28T11:07:15.001+0000] {processor.py:208} INFO - Processing /mnt/c/Users/Admin/Desktop/ud_data/Dataslush_umang/airflow/airflow_venv/lib/python3.12/site-packages/airflow/example_dags/example_bash_decorator.py took 0.958 seconds
[2025-01-28T11:08:46.302+0000] {processor.py:186} INFO - Started process (PID=20249) to work on /mnt/c/Users/Admin/Desktop/ud_data/Dataslush_umang/airflow/airflow_venv/lib/python3.12/site-packages/airflow/example_dags/example_bash_decorator.py
[2025-01-28T11:08:46.306+0000] {processor.py:914} INFO - Processing file /mnt/c/Users/Admin/Desktop/ud_data/Dataslush_umang/airflow/airflow_venv/lib/python3.12/site-packages/airflow/example_dags/example_bash_decorator.py for tasks to queue
[2025-01-28T11:08:46.315+0000] {logging_mixin.py:190} INFO - [2025-01-28T11:08:46.312+0000] {dagbag.py:588} INFO - Filling up the DagBag from /mnt/c/Users/Admin/Desktop/ud_data/Dataslush_umang/airflow/airflow_venv/lib/python3.12/site-packages/airflow/example_dags/example_bash_decorator.py
[2025-01-28T11:08:46.454+0000] {processor.py:925} INFO - DAG(s) 'example_bash_decorator' retrieved from /mnt/c/Users/Admin/Desktop/ud_data/Dataslush_umang/airflow/airflow_venv/lib/python3.12/site-packages/airflow/example_dags/example_bash_decorator.py
[2025-01-28T11:08:46.488+0000] {logging_mixin.py:190} INFO - [2025-01-28T11:08:46.486+0000] {dag.py:3239} INFO - Sync 1 DAGs
[2025-01-28T11:08:46.505+0000] {logging_mixin.py:190} INFO - [2025-01-28T11:08:46.503+0000] {dag.py:4180} INFO - Setting next_dagrun for example_bash_decorator to None, run_after=None
[2025-01-28T11:08:46.545+0000] {processor.py:208} INFO - Processing /mnt/c/Users/Admin/Desktop/ud_data/Dataslush_umang/airflow/airflow_venv/lib/python3.12/site-packages/airflow/example_dags/example_bash_decorator.py took 0.270 seconds
[2025-01-28T11:11:11.613+0000] {processor.py:186} INFO - Started process (PID=20509) to work on /mnt/c/Users/Admin/Desktop/ud_data/Dataslush_umang/airflow/airflow_venv/lib/python3.12/site-packages/airflow/example_dags/example_bash_decorator.py
[2025-01-28T11:11:11.617+0000] {processor.py:914} INFO - Processing file /mnt/c/Users/Admin/Desktop/ud_data/Dataslush_umang/airflow/airflow_venv/lib/python3.12/site-packages/airflow/example_dags/example_bash_decorator.py for tasks to queue
[2025-01-28T11:11:11.623+0000] {logging_mixin.py:190} INFO - [2025-01-28T11:11:11.621+0000] {dagbag.py:588} INFO - Filling up the DagBag from /mnt/c/Users/Admin/Desktop/ud_data/Dataslush_umang/airflow/airflow_venv/lib/python3.12/site-packages/airflow/example_dags/example_bash_decorator.py
[2025-01-28T11:11:11.754+0000] {processor.py:925} INFO - DAG(s) 'example_bash_decorator' retrieved from /mnt/c/Users/Admin/Desktop/ud_data/Dataslush_umang/airflow/airflow_venv/lib/python3.12/site-packages/airflow/example_dags/example_bash_decorator.py
[2025-01-28T11:11:11.792+0000] {logging_mixin.py:190} INFO - [2025-01-28T11:11:11.791+0000] {dag.py:3239} INFO - Sync 1 DAGs
[2025-01-28T11:11:11.811+0000] {logging_mixin.py:190} INFO - [2025-01-28T11:11:11.809+0000] {dag.py:4180} INFO - Setting next_dagrun for example_bash_decorator to None, run_after=None
[2025-01-28T11:11:11.863+0000] {processor.py:208} INFO - Processing /mnt/c/Users/Admin/Desktop/ud_data/Dataslush_umang/airflow/airflow_venv/lib/python3.12/site-packages/airflow/example_dags/example_bash_decorator.py took 0.276 seconds
[2025-01-28T11:12:46.355+0000] {processor.py:186} INFO - Started process (PID=20620) to work on /mnt/c/Users/Admin/Desktop/ud_data/Dataslush_umang/airflow/airflow_venv/lib/python3.12/site-packages/airflow/example_dags/example_bash_decorator.py
[2025-01-28T11:12:46.358+0000] {processor.py:914} INFO - Processing file /mnt/c/Users/Admin/Desktop/ud_data/Dataslush_umang/airflow/airflow_venv/lib/python3.12/site-packages/airflow/example_dags/example_bash_decorator.py for tasks to queue
[2025-01-28T11:12:46.364+0000] {logging_mixin.py:190} INFO - [2025-01-28T11:12:46.362+0000] {dagbag.py:588} INFO - Filling up the DagBag from /mnt/c/Users/Admin/Desktop/ud_data/Dataslush_umang/airflow/airflow_venv/lib/python3.12/site-packages/airflow/example_dags/example_bash_decorator.py
[2025-01-28T11:12:46.490+0000] {processor.py:925} INFO - DAG(s) 'example_bash_decorator' retrieved from /mnt/c/Users/Admin/Desktop/ud_data/Dataslush_umang/airflow/airflow_venv/lib/python3.12/site-packages/airflow/example_dags/example_bash_decorator.py
[2025-01-28T11:12:46.522+0000] {logging_mixin.py:190} INFO - [2025-01-28T11:12:46.520+0000] {dag.py:3239} INFO - Sync 1 DAGs
[2025-01-28T11:12:46.545+0000] {logging_mixin.py:190} INFO - [2025-01-28T11:12:46.544+0000] {dag.py:4180} INFO - Setting next_dagrun for example_bash_decorator to None, run_after=None
[2025-01-28T11:12:46.594+0000] {processor.py:208} INFO - Processing /mnt/c/Users/Admin/Desktop/ud_data/Dataslush_umang/airflow/airflow_venv/lib/python3.12/site-packages/airflow/example_dags/example_bash_decorator.py took 0.263 seconds
[2025-01-28T11:14:22.380+0000] {processor.py:186} INFO - Started process (PID=20731) to work on /mnt/c/Users/Admin/Desktop/ud_data/Dataslush_umang/airflow/airflow_venv/lib/python3.12/site-packages/airflow/example_dags/example_bash_decorator.py
[2025-01-28T11:14:22.383+0000] {processor.py:914} INFO - Processing file /mnt/c/Users/Admin/Desktop/ud_data/Dataslush_umang/airflow/airflow_venv/lib/python3.12/site-packages/airflow/example_dags/example_bash_decorator.py for tasks to queue
[2025-01-28T11:14:22.388+0000] {logging_mixin.py:190} INFO - [2025-01-28T11:14:22.386+0000] {dagbag.py:588} INFO - Filling up the DagBag from /mnt/c/Users/Admin/Desktop/ud_data/Dataslush_umang/airflow/airflow_venv/lib/python3.12/site-packages/airflow/example_dags/example_bash_decorator.py
[2025-01-28T11:14:22.497+0000] {processor.py:925} INFO - DAG(s) 'example_bash_decorator' retrieved from /mnt/c/Users/Admin/Desktop/ud_data/Dataslush_umang/airflow/airflow_venv/lib/python3.12/site-packages/airflow/example_dags/example_bash_decorator.py
[2025-01-28T11:14:22.525+0000] {logging_mixin.py:190} INFO - [2025-01-28T11:14:22.524+0000] {dag.py:3239} INFO - Sync 1 DAGs
[2025-01-28T11:14:22.541+0000] {logging_mixin.py:190} INFO - [2025-01-28T11:14:22.540+0000] {dag.py:4180} INFO - Setting next_dagrun for example_bash_decorator to None, run_after=None
[2025-01-28T11:14:22.581+0000] {processor.py:208} INFO - Processing /mnt/c/Users/Admin/Desktop/ud_data/Dataslush_umang/airflow/airflow_venv/lib/python3.12/site-packages/airflow/example_dags/example_bash_decorator.py took 0.226 seconds
