[2025-01-28T10:13:00.948+0000] {processor.py:186} INFO - Started process (PID=14790) to work on /mnt/c/Users/Admin/Desktop/ud_data/Dataslush_umang/airflow/airflow_venv/lib/python3.12/site-packages/airflow/example_dags/example_nested_branch_dag.py
[2025-01-28T10:13:00.951+0000] {processor.py:914} INFO - Processing file /mnt/c/Users/Admin/Desktop/ud_data/Dataslush_umang/airflow/airflow_venv/lib/python3.12/site-packages/airflow/example_dags/example_nested_branch_dag.py for tasks to queue
[2025-01-28T10:13:00.956+0000] {logging_mixin.py:190} INFO - [2025-01-28T10:13:00.954+0000] {dagbag.py:588} INFO - Filling up the DagBag from /mnt/c/Users/Admin/Desktop/ud_data/Dataslush_umang/airflow/airflow_venv/lib/python3.12/site-packages/airflow/example_dags/example_nested_branch_dag.py
[2025-01-28T10:13:01.078+0000] {processor.py:925} INFO - DAG(s) 'example_nested_branch_dag' retrieved from /mnt/c/Users/Admin/Desktop/ud_data/Dataslush_umang/airflow/airflow_venv/lib/python3.12/site-packages/airflow/example_dags/example_nested_branch_dag.py
[2025-01-28T10:13:03.964+0000] {logging_mixin.py:190} INFO - [2025-01-28T10:13:03.961+0000] {override.py:1912} INFO - Created Permission View: can edit on DAG:example_nested_branch_dag
[2025-01-28T10:13:04.143+0000] {logging_mixin.py:190} INFO - [2025-01-28T10:13:04.141+0000] {override.py:1912} INFO - Created Permission View: can read on DAG:example_nested_branch_dag
[2025-01-28T10:13:04.283+0000] {logging_mixin.py:190} INFO - [2025-01-28T10:13:04.280+0000] {override.py:1912} INFO - Created Permission View: can delete on DAG:example_nested_branch_dag
[2025-01-28T10:13:04.343+0000] {logging_mixin.py:190} INFO - [2025-01-28T10:13:04.341+0000] {override.py:1912} INFO - Created Permission View: can create on DAG Run:example_nested_branch_dag
[2025-01-28T10:13:04.367+0000] {logging_mixin.py:190} INFO - [2025-01-28T10:13:04.364+0000] {override.py:1912} INFO - Created Permission View: menu access on DAG Run:example_nested_branch_dag
[2025-01-28T10:13:04.396+0000] {logging_mixin.py:190} INFO - [2025-01-28T10:13:04.394+0000] {override.py:1912} INFO - Created Permission View: can read on DAG Run:example_nested_branch_dag
[2025-01-28T10:13:04.418+0000] {logging_mixin.py:190} INFO - [2025-01-28T10:13:04.416+0000] {override.py:1912} INFO - Created Permission View: can delete on DAG Run:example_nested_branch_dag
[2025-01-28T10:13:04.422+0000] {logging_mixin.py:190} INFO - [2025-01-28T10:13:04.420+0000] {dag.py:3239} INFO - Sync 1 DAGs
[2025-01-28T10:13:04.442+0000] {logging_mixin.py:190} INFO - [2025-01-28T10:13:04.439+0000] {dag.py:3262} INFO - Creating ORM DAG for example_nested_branch_dag
[2025-01-28T10:13:04.457+0000] {logging_mixin.py:190} INFO - [2025-01-28T10:13:04.455+0000] {dag.py:4180} INFO - Setting next_dagrun for example_nested_branch_dag to 2025-01-27 00:00:00+00:00, run_after=2025-01-28 00:00:00+00:00
[2025-01-28T10:13:04.523+0000] {processor.py:208} INFO - Processing /mnt/c/Users/Admin/Desktop/ud_data/Dataslush_umang/airflow/airflow_venv/lib/python3.12/site-packages/airflow/example_dags/example_nested_branch_dag.py took 3.601 seconds
[2025-01-28T10:15:24.108+0000] {processor.py:186} INFO - Started process (PID=14990) to work on /mnt/c/Users/Admin/Desktop/ud_data/Dataslush_umang/airflow/airflow_venv/lib/python3.12/site-packages/airflow/example_dags/example_nested_branch_dag.py
[2025-01-28T10:15:24.182+0000] {processor.py:914} INFO - Processing file /mnt/c/Users/Admin/Desktop/ud_data/Dataslush_umang/airflow/airflow_venv/lib/python3.12/site-packages/airflow/example_dags/example_nested_branch_dag.py for tasks to queue
[2025-01-28T10:15:24.196+0000] {logging_mixin.py:190} INFO - [2025-01-28T10:15:24.191+0000] {dagbag.py:588} INFO - Filling up the DagBag from /mnt/c/Users/Admin/Desktop/ud_data/Dataslush_umang/airflow/airflow_venv/lib/python3.12/site-packages/airflow/example_dags/example_nested_branch_dag.py
[2025-01-28T10:15:24.397+0000] {processor.py:925} INFO - DAG(s) 'example_nested_branch_dag' retrieved from /mnt/c/Users/Admin/Desktop/ud_data/Dataslush_umang/airflow/airflow_venv/lib/python3.12/site-packages/airflow/example_dags/example_nested_branch_dag.py
[2025-01-28T10:15:24.423+0000] {logging_mixin.py:190} INFO - [2025-01-28T10:15:24.422+0000] {dag.py:3239} INFO - Sync 1 DAGs
[2025-01-28T10:15:24.450+0000] {logging_mixin.py:190} INFO - [2025-01-28T10:15:24.447+0000] {dag.py:4180} INFO - Setting next_dagrun for example_nested_branch_dag to 2025-01-27 00:00:00+00:00, run_after=2025-01-28 00:00:00+00:00
[2025-01-28T10:15:24.685+0000] {processor.py:208} INFO - Processing /mnt/c/Users/Admin/Desktop/ud_data/Dataslush_umang/airflow/airflow_venv/lib/python3.12/site-packages/airflow/example_dags/example_nested_branch_dag.py took 0.602 seconds
[2025-01-28T10:17:06.227+0000] {processor.py:186} INFO - Started process (PID=15180) to work on /mnt/c/Users/Admin/Desktop/ud_data/Dataslush_umang/airflow/airflow_venv/lib/python3.12/site-packages/airflow/example_dags/example_nested_branch_dag.py
[2025-01-28T10:17:06.232+0000] {processor.py:914} INFO - Processing file /mnt/c/Users/Admin/Desktop/ud_data/Dataslush_umang/airflow/airflow_venv/lib/python3.12/site-packages/airflow/example_dags/example_nested_branch_dag.py for tasks to queue
[2025-01-28T10:17:06.240+0000] {logging_mixin.py:190} INFO - [2025-01-28T10:17:06.237+0000] {dagbag.py:588} INFO - Filling up the DagBag from /mnt/c/Users/Admin/Desktop/ud_data/Dataslush_umang/airflow/airflow_venv/lib/python3.12/site-packages/airflow/example_dags/example_nested_branch_dag.py
[2025-01-28T10:17:06.350+0000] {processor.py:925} INFO - DAG(s) 'example_nested_branch_dag' retrieved from /mnt/c/Users/Admin/Desktop/ud_data/Dataslush_umang/airflow/airflow_venv/lib/python3.12/site-packages/airflow/example_dags/example_nested_branch_dag.py
[2025-01-28T10:17:06.377+0000] {logging_mixin.py:190} INFO - [2025-01-28T10:17:06.375+0000] {dag.py:3239} INFO - Sync 1 DAGs
[2025-01-28T10:17:06.398+0000] {logging_mixin.py:190} INFO - [2025-01-28T10:17:06.396+0000] {dag.py:4180} INFO - Setting next_dagrun for example_nested_branch_dag to 2025-01-27 00:00:00+00:00, run_after=2025-01-28 00:00:00+00:00
[2025-01-28T10:17:06.436+0000] {processor.py:208} INFO - Processing /mnt/c/Users/Admin/Desktop/ud_data/Dataslush_umang/airflow/airflow_venv/lib/python3.12/site-packages/airflow/example_dags/example_nested_branch_dag.py took 0.239 seconds
[2025-01-28T10:19:26.220+0000] {processor.py:186} INFO - Started process (PID=15409) to work on /mnt/c/Users/Admin/Desktop/ud_data/Dataslush_umang/airflow/airflow_venv/lib/python3.12/site-packages/airflow/example_dags/example_nested_branch_dag.py
[2025-01-28T10:19:26.228+0000] {processor.py:914} INFO - Processing file /mnt/c/Users/Admin/Desktop/ud_data/Dataslush_umang/airflow/airflow_venv/lib/python3.12/site-packages/airflow/example_dags/example_nested_branch_dag.py for tasks to queue
[2025-01-28T10:19:26.242+0000] {logging_mixin.py:190} INFO - [2025-01-28T10:19:26.237+0000] {dagbag.py:588} INFO - Filling up the DagBag from /mnt/c/Users/Admin/Desktop/ud_data/Dataslush_umang/airflow/airflow_venv/lib/python3.12/site-packages/airflow/example_dags/example_nested_branch_dag.py
[2025-01-28T10:19:26.635+0000] {processor.py:925} INFO - DAG(s) 'example_nested_branch_dag' retrieved from /mnt/c/Users/Admin/Desktop/ud_data/Dataslush_umang/airflow/airflow_venv/lib/python3.12/site-packages/airflow/example_dags/example_nested_branch_dag.py
[2025-01-28T10:19:26.698+0000] {logging_mixin.py:190} INFO - [2025-01-28T10:19:26.696+0000] {dag.py:3239} INFO - Sync 1 DAGs
[2025-01-28T10:19:26.754+0000] {logging_mixin.py:190} INFO - [2025-01-28T10:19:26.750+0000] {dag.py:4180} INFO - Setting next_dagrun for example_nested_branch_dag to 2025-01-27 00:00:00+00:00, run_after=2025-01-28 00:00:00+00:00
[2025-01-28T10:19:26.818+0000] {processor.py:208} INFO - Processing /mnt/c/Users/Admin/Desktop/ud_data/Dataslush_umang/airflow/airflow_venv/lib/python3.12/site-packages/airflow/example_dags/example_nested_branch_dag.py took 0.662 seconds
[2025-01-28T10:21:11.246+0000] {processor.py:186} INFO - Started process (PID=15573) to work on /mnt/c/Users/Admin/Desktop/ud_data/Dataslush_umang/airflow/airflow_venv/lib/python3.12/site-packages/airflow/example_dags/example_nested_branch_dag.py
[2025-01-28T10:21:11.253+0000] {processor.py:914} INFO - Processing file /mnt/c/Users/Admin/Desktop/ud_data/Dataslush_umang/airflow/airflow_venv/lib/python3.12/site-packages/airflow/example_dags/example_nested_branch_dag.py for tasks to queue
[2025-01-28T10:21:11.268+0000] {logging_mixin.py:190} INFO - [2025-01-28T10:21:11.263+0000] {dagbag.py:588} INFO - Filling up the DagBag from /mnt/c/Users/Admin/Desktop/ud_data/Dataslush_umang/airflow/airflow_venv/lib/python3.12/site-packages/airflow/example_dags/example_nested_branch_dag.py
[2025-01-28T10:21:11.504+0000] {processor.py:925} INFO - DAG(s) 'example_nested_branch_dag' retrieved from /mnt/c/Users/Admin/Desktop/ud_data/Dataslush_umang/airflow/airflow_venv/lib/python3.12/site-packages/airflow/example_dags/example_nested_branch_dag.py
[2025-01-28T10:21:11.531+0000] {logging_mixin.py:190} INFO - [2025-01-28T10:21:11.529+0000] {dag.py:3239} INFO - Sync 1 DAGs
[2025-01-28T10:21:11.555+0000] {logging_mixin.py:190} INFO - [2025-01-28T10:21:11.553+0000] {dag.py:4180} INFO - Setting next_dagrun for example_nested_branch_dag to 2025-01-27 00:00:00+00:00, run_after=2025-01-28 00:00:00+00:00
[2025-01-28T10:21:11.597+0000] {processor.py:208} INFO - Processing /mnt/c/Users/Admin/Desktop/ud_data/Dataslush_umang/airflow/airflow_venv/lib/python3.12/site-packages/airflow/example_dags/example_nested_branch_dag.py took 0.417 seconds
[2025-01-28T10:22:32.020+0000] {processor.py:186} INFO - Started process (PID=15698) to work on /mnt/c/Users/Admin/Desktop/ud_data/Dataslush_umang/airflow/airflow_venv/lib/python3.12/site-packages/airflow/example_dags/example_nested_branch_dag.py
[2025-01-28T10:22:32.148+0000] {processor.py:914} INFO - Processing file /mnt/c/Users/Admin/Desktop/ud_data/Dataslush_umang/airflow/airflow_venv/lib/python3.12/site-packages/airflow/example_dags/example_nested_branch_dag.py for tasks to queue
[2025-01-28T10:22:32.154+0000] {logging_mixin.py:190} INFO - [2025-01-28T10:22:32.152+0000] {dagbag.py:588} INFO - Filling up the DagBag from /mnt/c/Users/Admin/Desktop/ud_data/Dataslush_umang/airflow/airflow_venv/lib/python3.12/site-packages/airflow/example_dags/example_nested_branch_dag.py
[2025-01-28T10:22:32.272+0000] {processor.py:925} INFO - DAG(s) 'example_nested_branch_dag' retrieved from /mnt/c/Users/Admin/Desktop/ud_data/Dataslush_umang/airflow/airflow_venv/lib/python3.12/site-packages/airflow/example_dags/example_nested_branch_dag.py
[2025-01-28T10:22:32.303+0000] {logging_mixin.py:190} INFO - [2025-01-28T10:22:32.302+0000] {dag.py:3239} INFO - Sync 1 DAGs
[2025-01-28T10:22:32.331+0000] {logging_mixin.py:190} INFO - [2025-01-28T10:22:32.330+0000] {dag.py:4180} INFO - Setting next_dagrun for example_nested_branch_dag to 2025-01-27 00:00:00+00:00, run_after=2025-01-28 00:00:00+00:00
[2025-01-28T10:22:33.168+0000] {processor.py:208} INFO - Processing /mnt/c/Users/Admin/Desktop/ud_data/Dataslush_umang/airflow/airflow_venv/lib/python3.12/site-packages/airflow/example_dags/example_nested_branch_dag.py took 1.179 seconds
[2025-01-28T10:24:16.240+0000] {processor.py:186} INFO - Started process (PID=15867) to work on /mnt/c/Users/Admin/Desktop/ud_data/Dataslush_umang/airflow/airflow_venv/lib/python3.12/site-packages/airflow/example_dags/example_nested_branch_dag.py
[2025-01-28T10:24:16.255+0000] {processor.py:914} INFO - Processing file /mnt/c/Users/Admin/Desktop/ud_data/Dataslush_umang/airflow/airflow_venv/lib/python3.12/site-packages/airflow/example_dags/example_nested_branch_dag.py for tasks to queue
[2025-01-28T10:24:16.273+0000] {logging_mixin.py:190} INFO - [2025-01-28T10:24:16.266+0000] {dagbag.py:588} INFO - Filling up the DagBag from /mnt/c/Users/Admin/Desktop/ud_data/Dataslush_umang/airflow/airflow_venv/lib/python3.12/site-packages/airflow/example_dags/example_nested_branch_dag.py
[2025-01-28T10:24:16.551+0000] {processor.py:925} INFO - DAG(s) 'example_nested_branch_dag' retrieved from /mnt/c/Users/Admin/Desktop/ud_data/Dataslush_umang/airflow/airflow_venv/lib/python3.12/site-packages/airflow/example_dags/example_nested_branch_dag.py
[2025-01-28T10:24:16.636+0000] {logging_mixin.py:190} INFO - [2025-01-28T10:24:16.631+0000] {dag.py:3239} INFO - Sync 1 DAGs
[2025-01-28T10:24:16.701+0000] {logging_mixin.py:190} INFO - [2025-01-28T10:24:16.697+0000] {dag.py:4180} INFO - Setting next_dagrun for example_nested_branch_dag to 2025-01-27 00:00:00+00:00, run_after=2025-01-28 00:00:00+00:00
[2025-01-28T10:24:16.813+0000] {processor.py:208} INFO - Processing /mnt/c/Users/Admin/Desktop/ud_data/Dataslush_umang/airflow/airflow_venv/lib/python3.12/site-packages/airflow/example_dags/example_nested_branch_dag.py took 0.649 seconds
[2025-01-28T10:25:57.166+0000] {processor.py:186} INFO - Started process (PID=16101) to work on /mnt/c/Users/Admin/Desktop/ud_data/Dataslush_umang/airflow/airflow_venv/lib/python3.12/site-packages/airflow/example_dags/example_nested_branch_dag.py
[2025-01-28T10:25:57.252+0000] {processor.py:914} INFO - Processing file /mnt/c/Users/Admin/Desktop/ud_data/Dataslush_umang/airflow/airflow_venv/lib/python3.12/site-packages/airflow/example_dags/example_nested_branch_dag.py for tasks to queue
[2025-01-28T10:25:57.266+0000] {logging_mixin.py:190} INFO - [2025-01-28T10:25:57.262+0000] {dagbag.py:588} INFO - Filling up the DagBag from /mnt/c/Users/Admin/Desktop/ud_data/Dataslush_umang/airflow/airflow_venv/lib/python3.12/site-packages/airflow/example_dags/example_nested_branch_dag.py
[2025-01-28T10:25:57.617+0000] {processor.py:925} INFO - DAG(s) 'example_nested_branch_dag' retrieved from /mnt/c/Users/Admin/Desktop/ud_data/Dataslush_umang/airflow/airflow_venv/lib/python3.12/site-packages/airflow/example_dags/example_nested_branch_dag.py
[2025-01-28T10:25:57.701+0000] {logging_mixin.py:190} INFO - [2025-01-28T10:25:57.700+0000] {dag.py:3239} INFO - Sync 1 DAGs
[2025-01-28T10:25:57.735+0000] {logging_mixin.py:190} INFO - [2025-01-28T10:25:57.733+0000] {dag.py:4180} INFO - Setting next_dagrun for example_nested_branch_dag to 2025-01-27 00:00:00+00:00, run_after=2025-01-28 00:00:00+00:00
[2025-01-28T10:25:57.776+0000] {processor.py:208} INFO - Processing /mnt/c/Users/Admin/Desktop/ud_data/Dataslush_umang/airflow/airflow_venv/lib/python3.12/site-packages/airflow/example_dags/example_nested_branch_dag.py took 0.648 seconds
[2025-01-28T10:28:41.003+0000] {processor.py:186} INFO - Started process (PID=16322) to work on /mnt/c/Users/Admin/Desktop/ud_data/Dataslush_umang/airflow/airflow_venv/lib/python3.12/site-packages/airflow/example_dags/example_nested_branch_dag.py
[2025-01-28T10:28:41.604+0000] {processor.py:914} INFO - Processing file /mnt/c/Users/Admin/Desktop/ud_data/Dataslush_umang/airflow/airflow_venv/lib/python3.12/site-packages/airflow/example_dags/example_nested_branch_dag.py for tasks to queue
[2025-01-28T10:28:41.620+0000] {logging_mixin.py:190} INFO - [2025-01-28T10:28:41.615+0000] {dagbag.py:588} INFO - Filling up the DagBag from /mnt/c/Users/Admin/Desktop/ud_data/Dataslush_umang/airflow/airflow_venv/lib/python3.12/site-packages/airflow/example_dags/example_nested_branch_dag.py
[2025-01-28T10:28:41.884+0000] {processor.py:925} INFO - DAG(s) 'example_nested_branch_dag' retrieved from /mnt/c/Users/Admin/Desktop/ud_data/Dataslush_umang/airflow/airflow_venv/lib/python3.12/site-packages/airflow/example_dags/example_nested_branch_dag.py
[2025-01-28T10:28:41.911+0000] {logging_mixin.py:190} INFO - [2025-01-28T10:28:41.909+0000] {dag.py:3239} INFO - Sync 1 DAGs
[2025-01-28T10:28:41.936+0000] {logging_mixin.py:190} INFO - [2025-01-28T10:28:41.934+0000] {dag.py:4180} INFO - Setting next_dagrun for example_nested_branch_dag to 2025-01-27 00:00:00+00:00, run_after=2025-01-28 00:00:00+00:00
[2025-01-28T10:28:42.319+0000] {processor.py:208} INFO - Processing /mnt/c/Users/Admin/Desktop/ud_data/Dataslush_umang/airflow/airflow_venv/lib/python3.12/site-packages/airflow/example_dags/example_nested_branch_dag.py took 1.384 seconds
[2025-01-28T10:31:13.142+0000] {processor.py:186} INFO - Started process (PID=16514) to work on /mnt/c/Users/Admin/Desktop/ud_data/Dataslush_umang/airflow/airflow_venv/lib/python3.12/site-packages/airflow/example_dags/example_nested_branch_dag.py
[2025-01-28T10:31:13.149+0000] {processor.py:914} INFO - Processing file /mnt/c/Users/Admin/Desktop/ud_data/Dataslush_umang/airflow/airflow_venv/lib/python3.12/site-packages/airflow/example_dags/example_nested_branch_dag.py for tasks to queue
[2025-01-28T10:31:13.164+0000] {logging_mixin.py:190} INFO - [2025-01-28T10:31:13.159+0000] {dagbag.py:588} INFO - Filling up the DagBag from /mnt/c/Users/Admin/Desktop/ud_data/Dataslush_umang/airflow/airflow_venv/lib/python3.12/site-packages/airflow/example_dags/example_nested_branch_dag.py
[2025-01-28T10:31:13.412+0000] {processor.py:925} INFO - DAG(s) 'example_nested_branch_dag' retrieved from /mnt/c/Users/Admin/Desktop/ud_data/Dataslush_umang/airflow/airflow_venv/lib/python3.12/site-packages/airflow/example_dags/example_nested_branch_dag.py
[2025-01-28T10:31:13.464+0000] {logging_mixin.py:190} INFO - [2025-01-28T10:31:13.463+0000] {dag.py:3239} INFO - Sync 1 DAGs
[2025-01-28T10:31:13.492+0000] {logging_mixin.py:190} INFO - [2025-01-28T10:31:13.491+0000] {dag.py:4180} INFO - Setting next_dagrun for example_nested_branch_dag to 2025-01-27 00:00:00+00:00, run_after=2025-01-28 00:00:00+00:00
[2025-01-28T10:31:13.543+0000] {processor.py:208} INFO - Processing /mnt/c/Users/Admin/Desktop/ud_data/Dataslush_umang/airflow/airflow_venv/lib/python3.12/site-packages/airflow/example_dags/example_nested_branch_dag.py took 0.472 seconds
[2025-01-28T10:33:37.413+0000] {processor.py:186} INFO - Started process (PID=16737) to work on /mnt/c/Users/Admin/Desktop/ud_data/Dataslush_umang/airflow/airflow_venv/lib/python3.12/site-packages/airflow/example_dags/example_nested_branch_dag.py
[2025-01-28T10:33:37.526+0000] {processor.py:914} INFO - Processing file /mnt/c/Users/Admin/Desktop/ud_data/Dataslush_umang/airflow/airflow_venv/lib/python3.12/site-packages/airflow/example_dags/example_nested_branch_dag.py for tasks to queue
[2025-01-28T10:33:37.548+0000] {logging_mixin.py:190} INFO - [2025-01-28T10:33:37.542+0000] {dagbag.py:588} INFO - Filling up the DagBag from /mnt/c/Users/Admin/Desktop/ud_data/Dataslush_umang/airflow/airflow_venv/lib/python3.12/site-packages/airflow/example_dags/example_nested_branch_dag.py
[2025-01-28T10:33:37.832+0000] {processor.py:925} INFO - DAG(s) 'example_nested_branch_dag' retrieved from /mnt/c/Users/Admin/Desktop/ud_data/Dataslush_umang/airflow/airflow_venv/lib/python3.12/site-packages/airflow/example_dags/example_nested_branch_dag.py
[2025-01-28T10:33:37.880+0000] {logging_mixin.py:190} INFO - [2025-01-28T10:33:37.879+0000] {dag.py:3239} INFO - Sync 1 DAGs
[2025-01-28T10:33:37.914+0000] {logging_mixin.py:190} INFO - [2025-01-28T10:33:37.913+0000] {dag.py:4180} INFO - Setting next_dagrun for example_nested_branch_dag to 2025-01-27 00:00:00+00:00, run_after=2025-01-28 00:00:00+00:00
[2025-01-28T10:33:38.173+0000] {processor.py:208} INFO - Processing /mnt/c/Users/Admin/Desktop/ud_data/Dataslush_umang/airflow/airflow_venv/lib/python3.12/site-packages/airflow/example_dags/example_nested_branch_dag.py took 0.816 seconds
[2025-01-28T10:36:15.245+0000] {processor.py:186} INFO - Started process (PID=16983) to work on /mnt/c/Users/Admin/Desktop/ud_data/Dataslush_umang/airflow/airflow_venv/lib/python3.12/site-packages/airflow/example_dags/example_nested_branch_dag.py
[2025-01-28T10:36:15.252+0000] {processor.py:914} INFO - Processing file /mnt/c/Users/Admin/Desktop/ud_data/Dataslush_umang/airflow/airflow_venv/lib/python3.12/site-packages/airflow/example_dags/example_nested_branch_dag.py for tasks to queue
[2025-01-28T10:36:15.268+0000] {logging_mixin.py:190} INFO - [2025-01-28T10:36:15.263+0000] {dagbag.py:588} INFO - Filling up the DagBag from /mnt/c/Users/Admin/Desktop/ud_data/Dataslush_umang/airflow/airflow_venv/lib/python3.12/site-packages/airflow/example_dags/example_nested_branch_dag.py
[2025-01-28T10:36:45.783+0000] {processor.py:925} INFO - DAG(s) 'example_nested_branch_dag' retrieved from /mnt/c/Users/Admin/Desktop/ud_data/Dataslush_umang/airflow/airflow_venv/lib/python3.12/site-packages/airflow/example_dags/example_nested_branch_dag.py
[2025-01-28T10:36:15.738+0000] {logging_mixin.py:190} INFO - [2025-01-28T10:36:15.735+0000] {dag.py:3239} INFO - Sync 1 DAGs
[2025-01-28T10:36:15.791+0000] {logging_mixin.py:190} INFO - [2025-01-28T10:36:15.789+0000] {dag.py:4180} INFO - Setting next_dagrun for example_nested_branch_dag to 2025-01-27 00:00:00+00:00, run_after=2025-01-28 00:00:00+00:00
[2025-01-28T10:36:17.724+0000] {processor.py:208} INFO - Processing /mnt/c/Users/Admin/Desktop/ud_data/Dataslush_umang/airflow/airflow_venv/lib/python3.12/site-packages/airflow/example_dags/example_nested_branch_dag.py took 2.542 seconds
[2025-01-28T10:39:14.182+0000] {processor.py:186} INFO - Started process (PID=17268) to work on /mnt/c/Users/Admin/Desktop/ud_data/Dataslush_umang/airflow/airflow_venv/lib/python3.12/site-packages/airflow/example_dags/example_nested_branch_dag.py
[2025-01-28T10:39:14.201+0000] {processor.py:914} INFO - Processing file /mnt/c/Users/Admin/Desktop/ud_data/Dataslush_umang/airflow/airflow_venv/lib/python3.12/site-packages/airflow/example_dags/example_nested_branch_dag.py for tasks to queue
[2025-01-28T10:39:14.217+0000] {logging_mixin.py:190} INFO - [2025-01-28T10:39:14.212+0000] {dagbag.py:588} INFO - Filling up the DagBag from /mnt/c/Users/Admin/Desktop/ud_data/Dataslush_umang/airflow/airflow_venv/lib/python3.12/site-packages/airflow/example_dags/example_nested_branch_dag.py
[2025-01-28T10:39:14.616+0000] {processor.py:925} INFO - DAG(s) 'example_nested_branch_dag' retrieved from /mnt/c/Users/Admin/Desktop/ud_data/Dataslush_umang/airflow/airflow_venv/lib/python3.12/site-packages/airflow/example_dags/example_nested_branch_dag.py
[2025-01-28T10:39:14.709+0000] {logging_mixin.py:190} INFO - [2025-01-28T10:39:14.705+0000] {dag.py:3239} INFO - Sync 1 DAGs
[2025-01-28T10:39:14.770+0000] {logging_mixin.py:190} INFO - [2025-01-28T10:39:14.767+0000] {dag.py:4180} INFO - Setting next_dagrun for example_nested_branch_dag to 2025-01-27 00:00:00+00:00, run_after=2025-01-28 00:00:00+00:00
[2025-01-28T10:39:14.824+0000] {processor.py:208} INFO - Processing /mnt/c/Users/Admin/Desktop/ud_data/Dataslush_umang/airflow/airflow_venv/lib/python3.12/site-packages/airflow/example_dags/example_nested_branch_dag.py took 0.709 seconds
[2025-01-28T10:40:41.897+0000] {processor.py:186} INFO - Started process (PID=17366) to work on /mnt/c/Users/Admin/Desktop/ud_data/Dataslush_umang/airflow/airflow_venv/lib/python3.12/site-packages/airflow/example_dags/example_nested_branch_dag.py
[2025-01-28T10:40:41.938+0000] {processor.py:914} INFO - Processing file /mnt/c/Users/Admin/Desktop/ud_data/Dataslush_umang/airflow/airflow_venv/lib/python3.12/site-packages/airflow/example_dags/example_nested_branch_dag.py for tasks to queue
[2025-01-28T10:40:41.944+0000] {logging_mixin.py:190} INFO - [2025-01-28T10:40:41.942+0000] {dagbag.py:588} INFO - Filling up the DagBag from /mnt/c/Users/Admin/Desktop/ud_data/Dataslush_umang/airflow/airflow_venv/lib/python3.12/site-packages/airflow/example_dags/example_nested_branch_dag.py
[2025-01-28T10:40:42.045+0000] {processor.py:925} INFO - DAG(s) 'example_nested_branch_dag' retrieved from /mnt/c/Users/Admin/Desktop/ud_data/Dataslush_umang/airflow/airflow_venv/lib/python3.12/site-packages/airflow/example_dags/example_nested_branch_dag.py
[2025-01-28T10:40:42.069+0000] {logging_mixin.py:190} INFO - [2025-01-28T10:40:42.067+0000] {dag.py:3239} INFO - Sync 1 DAGs
[2025-01-28T10:40:42.090+0000] {logging_mixin.py:190} INFO - [2025-01-28T10:40:42.088+0000] {dag.py:4180} INFO - Setting next_dagrun for example_nested_branch_dag to 2025-01-27 00:00:00+00:00, run_after=2025-01-28 00:00:00+00:00
[2025-01-28T10:40:42.375+0000] {processor.py:208} INFO - Processing /mnt/c/Users/Admin/Desktop/ud_data/Dataslush_umang/airflow/airflow_venv/lib/python3.12/site-packages/airflow/example_dags/example_nested_branch_dag.py took 0.510 seconds
[2025-01-28T10:42:20.600+0000] {processor.py:186} INFO - Started process (PID=17572) to work on /mnt/c/Users/Admin/Desktop/ud_data/Dataslush_umang/airflow/airflow_venv/lib/python3.12/site-packages/airflow/example_dags/example_nested_branch_dag.py
[2025-01-28T10:42:20.603+0000] {processor.py:914} INFO - Processing file /mnt/c/Users/Admin/Desktop/ud_data/Dataslush_umang/airflow/airflow_venv/lib/python3.12/site-packages/airflow/example_dags/example_nested_branch_dag.py for tasks to queue
[2025-01-28T10:42:20.608+0000] {logging_mixin.py:190} INFO - [2025-01-28T10:42:20.607+0000] {dagbag.py:588} INFO - Filling up the DagBag from /mnt/c/Users/Admin/Desktop/ud_data/Dataslush_umang/airflow/airflow_venv/lib/python3.12/site-packages/airflow/example_dags/example_nested_branch_dag.py
[2025-01-28T10:42:20.725+0000] {processor.py:925} INFO - DAG(s) 'example_nested_branch_dag' retrieved from /mnt/c/Users/Admin/Desktop/ud_data/Dataslush_umang/airflow/airflow_venv/lib/python3.12/site-packages/airflow/example_dags/example_nested_branch_dag.py
[2025-01-28T10:42:20.761+0000] {logging_mixin.py:190} INFO - [2025-01-28T10:42:20.759+0000] {dag.py:3239} INFO - Sync 1 DAGs
[2025-01-28T10:42:20.792+0000] {logging_mixin.py:190} INFO - [2025-01-28T10:42:20.790+0000] {dag.py:4180} INFO - Setting next_dagrun for example_nested_branch_dag to 2025-01-27 00:00:00+00:00, run_after=2025-01-28 00:00:00+00:00
[2025-01-28T10:42:20.889+0000] {processor.py:208} INFO - Processing /mnt/c/Users/Admin/Desktop/ud_data/Dataslush_umang/airflow/airflow_venv/lib/python3.12/site-packages/airflow/example_dags/example_nested_branch_dag.py took 0.317 seconds
[2025-01-28T10:46:05.090+0000] {processor.py:186} INFO - Started process (PID=17907) to work on /mnt/c/Users/Admin/Desktop/ud_data/Dataslush_umang/airflow/airflow_venv/lib/python3.12/site-packages/airflow/example_dags/example_nested_branch_dag.py
[2025-01-28T10:46:05.094+0000] {processor.py:914} INFO - Processing file /mnt/c/Users/Admin/Desktop/ud_data/Dataslush_umang/airflow/airflow_venv/lib/python3.12/site-packages/airflow/example_dags/example_nested_branch_dag.py for tasks to queue
[2025-01-28T10:46:05.103+0000] {logging_mixin.py:190} INFO - [2025-01-28T10:46:05.101+0000] {dagbag.py:588} INFO - Filling up the DagBag from /mnt/c/Users/Admin/Desktop/ud_data/Dataslush_umang/airflow/airflow_venv/lib/python3.12/site-packages/airflow/example_dags/example_nested_branch_dag.py
[2025-01-28T10:46:05.237+0000] {processor.py:925} INFO - DAG(s) 'example_nested_branch_dag' retrieved from /mnt/c/Users/Admin/Desktop/ud_data/Dataslush_umang/airflow/airflow_venv/lib/python3.12/site-packages/airflow/example_dags/example_nested_branch_dag.py
[2025-01-28T10:46:05.283+0000] {logging_mixin.py:190} INFO - [2025-01-28T10:46:05.281+0000] {dag.py:3239} INFO - Sync 1 DAGs
[2025-01-28T10:46:05.348+0000] {logging_mixin.py:190} INFO - [2025-01-28T10:46:05.346+0000] {dag.py:4180} INFO - Setting next_dagrun for example_nested_branch_dag to 2025-01-27 00:00:00+00:00, run_after=2025-01-28 00:00:00+00:00
[2025-01-28T10:46:09.284+0000] {processor.py:208} INFO - Processing /mnt/c/Users/Admin/Desktop/ud_data/Dataslush_umang/airflow/airflow_venv/lib/python3.12/site-packages/airflow/example_dags/example_nested_branch_dag.py took 4.220 seconds
[2025-01-28T10:47:42.678+0000] {processor.py:186} INFO - Started process (PID=18026) to work on /mnt/c/Users/Admin/Desktop/ud_data/Dataslush_umang/airflow/airflow_venv/lib/python3.12/site-packages/airflow/example_dags/example_nested_branch_dag.py
[2025-01-28T10:47:42.827+0000] {processor.py:914} INFO - Processing file /mnt/c/Users/Admin/Desktop/ud_data/Dataslush_umang/airflow/airflow_venv/lib/python3.12/site-packages/airflow/example_dags/example_nested_branch_dag.py for tasks to queue
[2025-01-28T10:47:42.833+0000] {logging_mixin.py:190} INFO - [2025-01-28T10:47:42.831+0000] {dagbag.py:588} INFO - Filling up the DagBag from /mnt/c/Users/Admin/Desktop/ud_data/Dataslush_umang/airflow/airflow_venv/lib/python3.12/site-packages/airflow/example_dags/example_nested_branch_dag.py
[2025-01-28T10:47:42.988+0000] {processor.py:925} INFO - DAG(s) 'example_nested_branch_dag' retrieved from /mnt/c/Users/Admin/Desktop/ud_data/Dataslush_umang/airflow/airflow_venv/lib/python3.12/site-packages/airflow/example_dags/example_nested_branch_dag.py
[2025-01-28T10:47:43.018+0000] {logging_mixin.py:190} INFO - [2025-01-28T10:47:43.016+0000] {dag.py:3239} INFO - Sync 1 DAGs
[2025-01-28T10:47:43.047+0000] {logging_mixin.py:190} INFO - [2025-01-28T10:47:43.046+0000] {dag.py:4180} INFO - Setting next_dagrun for example_nested_branch_dag to 2025-01-27 00:00:00+00:00, run_after=2025-01-28 00:00:00+00:00
[2025-01-28T10:47:43.089+0000] {processor.py:208} INFO - Processing /mnt/c/Users/Admin/Desktop/ud_data/Dataslush_umang/airflow/airflow_venv/lib/python3.12/site-packages/airflow/example_dags/example_nested_branch_dag.py took 0.435 seconds
[2025-01-28T10:49:05.315+0000] {processor.py:186} INFO - Started process (PID=18209) to work on /mnt/c/Users/Admin/Desktop/ud_data/Dataslush_umang/airflow/airflow_venv/lib/python3.12/site-packages/airflow/example_dags/example_nested_branch_dag.py
[2025-01-28T10:49:05.318+0000] {processor.py:914} INFO - Processing file /mnt/c/Users/Admin/Desktop/ud_data/Dataslush_umang/airflow/airflow_venv/lib/python3.12/site-packages/airflow/example_dags/example_nested_branch_dag.py for tasks to queue
[2025-01-28T10:49:05.327+0000] {logging_mixin.py:190} INFO - [2025-01-28T10:49:05.324+0000] {dagbag.py:588} INFO - Filling up the DagBag from /mnt/c/Users/Admin/Desktop/ud_data/Dataslush_umang/airflow/airflow_venv/lib/python3.12/site-packages/airflow/example_dags/example_nested_branch_dag.py
[2025-01-28T10:49:05.497+0000] {processor.py:925} INFO - DAG(s) 'example_nested_branch_dag' retrieved from /mnt/c/Users/Admin/Desktop/ud_data/Dataslush_umang/airflow/airflow_venv/lib/python3.12/site-packages/airflow/example_dags/example_nested_branch_dag.py
[2025-01-28T10:49:05.527+0000] {logging_mixin.py:190} INFO - [2025-01-28T10:49:05.526+0000] {dag.py:3239} INFO - Sync 1 DAGs
[2025-01-28T10:49:05.554+0000] {logging_mixin.py:190} INFO - [2025-01-28T10:49:05.553+0000] {dag.py:4180} INFO - Setting next_dagrun for example_nested_branch_dag to 2025-01-27 00:00:00+00:00, run_after=2025-01-28 00:00:00+00:00
[2025-01-28T10:49:05.598+0000] {processor.py:208} INFO - Processing /mnt/c/Users/Admin/Desktop/ud_data/Dataslush_umang/airflow/airflow_venv/lib/python3.12/site-packages/airflow/example_dags/example_nested_branch_dag.py took 0.313 seconds
[2025-01-28T10:50:15.729+0000] {processor.py:186} INFO - Started process (PID=18315) to work on /mnt/c/Users/Admin/Desktop/ud_data/Dataslush_umang/airflow/airflow_venv/lib/python3.12/site-packages/airflow/example_dags/example_nested_branch_dag.py
[2025-01-28T10:50:15.732+0000] {processor.py:914} INFO - Processing file /mnt/c/Users/Admin/Desktop/ud_data/Dataslush_umang/airflow/airflow_venv/lib/python3.12/site-packages/airflow/example_dags/example_nested_branch_dag.py for tasks to queue
[2025-01-28T10:50:15.740+0000] {logging_mixin.py:190} INFO - [2025-01-28T10:50:15.737+0000] {dagbag.py:588} INFO - Filling up the DagBag from /mnt/c/Users/Admin/Desktop/ud_data/Dataslush_umang/airflow/airflow_venv/lib/python3.12/site-packages/airflow/example_dags/example_nested_branch_dag.py
[2025-01-28T10:50:15.871+0000] {processor.py:925} INFO - DAG(s) 'example_nested_branch_dag' retrieved from /mnt/c/Users/Admin/Desktop/ud_data/Dataslush_umang/airflow/airflow_venv/lib/python3.12/site-packages/airflow/example_dags/example_nested_branch_dag.py
[2025-01-28T10:50:15.904+0000] {logging_mixin.py:190} INFO - [2025-01-28T10:50:15.903+0000] {dag.py:3239} INFO - Sync 1 DAGs
[2025-01-28T10:50:15.935+0000] {logging_mixin.py:190} INFO - [2025-01-28T10:50:15.933+0000] {dag.py:4180} INFO - Setting next_dagrun for example_nested_branch_dag to 2025-01-27 00:00:00+00:00, run_after=2025-01-28 00:00:00+00:00
[2025-01-28T10:50:15.981+0000] {processor.py:208} INFO - Processing /mnt/c/Users/Admin/Desktop/ud_data/Dataslush_umang/airflow/airflow_venv/lib/python3.12/site-packages/airflow/example_dags/example_nested_branch_dag.py took 0.276 seconds
[2025-01-28T10:51:26.822+0000] {processor.py:186} INFO - Started process (PID=18534) to work on /mnt/c/Users/Admin/Desktop/ud_data/Dataslush_umang/airflow/airflow_venv/lib/python3.12/site-packages/airflow/example_dags/example_nested_branch_dag.py
[2025-01-28T10:51:26.826+0000] {processor.py:914} INFO - Processing file /mnt/c/Users/Admin/Desktop/ud_data/Dataslush_umang/airflow/airflow_venv/lib/python3.12/site-packages/airflow/example_dags/example_nested_branch_dag.py for tasks to queue
[2025-01-28T10:51:26.834+0000] {logging_mixin.py:190} INFO - [2025-01-28T10:51:26.831+0000] {dagbag.py:588} INFO - Filling up the DagBag from /mnt/c/Users/Admin/Desktop/ud_data/Dataslush_umang/airflow/airflow_venv/lib/python3.12/site-packages/airflow/example_dags/example_nested_branch_dag.py
[2025-01-28T10:51:26.967+0000] {processor.py:925} INFO - DAG(s) 'example_nested_branch_dag' retrieved from /mnt/c/Users/Admin/Desktop/ud_data/Dataslush_umang/airflow/airflow_venv/lib/python3.12/site-packages/airflow/example_dags/example_nested_branch_dag.py
[2025-01-28T10:51:27.002+0000] {logging_mixin.py:190} INFO - [2025-01-28T10:51:27.000+0000] {dag.py:3239} INFO - Sync 1 DAGs
[2025-01-28T10:51:27.034+0000] {logging_mixin.py:190} INFO - [2025-01-28T10:51:27.032+0000] {dag.py:4180} INFO - Setting next_dagrun for example_nested_branch_dag to 2025-01-27 00:00:00+00:00, run_after=2025-01-28 00:00:00+00:00
[2025-01-28T10:51:57.161+0000] {processor.py:208} INFO - Processing /mnt/c/Users/Admin/Desktop/ud_data/Dataslush_umang/airflow/airflow_venv/lib/python3.12/site-packages/airflow/example_dags/example_nested_branch_dag.py took 0.284 seconds
[2025-01-28T10:53:36.630+0000] {processor.py:186} INFO - Started process (PID=18729) to work on /mnt/c/Users/Admin/Desktop/ud_data/Dataslush_umang/airflow/airflow_venv/lib/python3.12/site-packages/airflow/example_dags/example_nested_branch_dag.py
[2025-01-28T10:53:36.727+0000] {processor.py:914} INFO - Processing file /mnt/c/Users/Admin/Desktop/ud_data/Dataslush_umang/airflow/airflow_venv/lib/python3.12/site-packages/airflow/example_dags/example_nested_branch_dag.py for tasks to queue
[2025-01-28T10:53:36.736+0000] {logging_mixin.py:190} INFO - [2025-01-28T10:53:36.734+0000] {dagbag.py:588} INFO - Filling up the DagBag from /mnt/c/Users/Admin/Desktop/ud_data/Dataslush_umang/airflow/airflow_venv/lib/python3.12/site-packages/airflow/example_dags/example_nested_branch_dag.py
[2025-01-28T10:53:36.873+0000] {processor.py:925} INFO - DAG(s) 'example_nested_branch_dag' retrieved from /mnt/c/Users/Admin/Desktop/ud_data/Dataslush_umang/airflow/airflow_venv/lib/python3.12/site-packages/airflow/example_dags/example_nested_branch_dag.py
[2025-01-28T10:53:36.903+0000] {logging_mixin.py:190} INFO - [2025-01-28T10:53:36.902+0000] {dag.py:3239} INFO - Sync 1 DAGs
[2025-01-28T10:53:36.940+0000] {logging_mixin.py:190} INFO - [2025-01-28T10:53:36.939+0000] {dag.py:4180} INFO - Setting next_dagrun for example_nested_branch_dag to 2025-01-27 00:00:00+00:00, run_after=2025-01-28 00:00:00+00:00
[2025-01-28T10:53:37.094+0000] {processor.py:208} INFO - Processing /mnt/c/Users/Admin/Desktop/ud_data/Dataslush_umang/airflow/airflow_venv/lib/python3.12/site-packages/airflow/example_dags/example_nested_branch_dag.py took 0.492 seconds
[2025-01-28T10:55:00.316+0000] {processor.py:186} INFO - Started process (PID=18844) to work on /mnt/c/Users/Admin/Desktop/ud_data/Dataslush_umang/airflow/airflow_venv/lib/python3.12/site-packages/airflow/example_dags/example_nested_branch_dag.py
[2025-01-28T10:55:00.319+0000] {processor.py:914} INFO - Processing file /mnt/c/Users/Admin/Desktop/ud_data/Dataslush_umang/airflow/airflow_venv/lib/python3.12/site-packages/airflow/example_dags/example_nested_branch_dag.py for tasks to queue
[2025-01-28T10:55:00.325+0000] {logging_mixin.py:190} INFO - [2025-01-28T10:55:00.323+0000] {dagbag.py:588} INFO - Filling up the DagBag from /mnt/c/Users/Admin/Desktop/ud_data/Dataslush_umang/airflow/airflow_venv/lib/python3.12/site-packages/airflow/example_dags/example_nested_branch_dag.py
[2025-01-28T10:55:00.454+0000] {processor.py:925} INFO - DAG(s) 'example_nested_branch_dag' retrieved from /mnt/c/Users/Admin/Desktop/ud_data/Dataslush_umang/airflow/airflow_venv/lib/python3.12/site-packages/airflow/example_dags/example_nested_branch_dag.py
[2025-01-28T10:55:00.491+0000] {logging_mixin.py:190} INFO - [2025-01-28T10:55:00.489+0000] {dag.py:3239} INFO - Sync 1 DAGs
[2025-01-28T10:55:00.523+0000] {logging_mixin.py:190} INFO - [2025-01-28T10:55:00.522+0000] {dag.py:4180} INFO - Setting next_dagrun for example_nested_branch_dag to 2025-01-27 00:00:00+00:00, run_after=2025-01-28 00:00:00+00:00
[2025-01-28T10:55:00.578+0000] {processor.py:208} INFO - Processing /mnt/c/Users/Admin/Desktop/ud_data/Dataslush_umang/airflow/airflow_venv/lib/python3.12/site-packages/airflow/example_dags/example_nested_branch_dag.py took 0.288 seconds
[2025-01-28T10:56:57.857+0000] {processor.py:186} INFO - Started process (PID=19048) to work on /mnt/c/Users/Admin/Desktop/ud_data/Dataslush_umang/airflow/airflow_venv/lib/python3.12/site-packages/airflow/example_dags/example_nested_branch_dag.py
[2025-01-28T10:56:57.861+0000] {processor.py:914} INFO - Processing file /mnt/c/Users/Admin/Desktop/ud_data/Dataslush_umang/airflow/airflow_venv/lib/python3.12/site-packages/airflow/example_dags/example_nested_branch_dag.py for tasks to queue
[2025-01-28T10:56:57.867+0000] {logging_mixin.py:190} INFO - [2025-01-28T10:56:57.865+0000] {dagbag.py:588} INFO - Filling up the DagBag from /mnt/c/Users/Admin/Desktop/ud_data/Dataslush_umang/airflow/airflow_venv/lib/python3.12/site-packages/airflow/example_dags/example_nested_branch_dag.py
[2025-01-28T10:56:27.930+0000] {processor.py:925} INFO - DAG(s) 'example_nested_branch_dag' retrieved from /mnt/c/Users/Admin/Desktop/ud_data/Dataslush_umang/airflow/airflow_venv/lib/python3.12/site-packages/airflow/example_dags/example_nested_branch_dag.py
[2025-01-28T10:56:27.963+0000] {logging_mixin.py:190} INFO - [2025-01-28T10:56:27.962+0000] {dag.py:3239} INFO - Sync 1 DAGs
[2025-01-28T10:56:27.995+0000] {logging_mixin.py:190} INFO - [2025-01-28T10:56:27.993+0000] {dag.py:4180} INFO - Setting next_dagrun for example_nested_branch_dag to 2025-01-27 00:00:00+00:00, run_after=2025-01-28 00:00:00+00:00
[2025-01-28T10:56:28.068+0000] {processor.py:208} INFO - Processing /mnt/c/Users/Admin/Desktop/ud_data/Dataslush_umang/airflow/airflow_venv/lib/python3.12/site-packages/airflow/example_dags/example_nested_branch_dag.py took 0.314 seconds
[2025-01-28T10:58:00.288+0000] {processor.py:186} INFO - Started process (PID=19203) to work on /mnt/c/Users/Admin/Desktop/ud_data/Dataslush_umang/airflow/airflow_venv/lib/python3.12/site-packages/airflow/example_dags/example_nested_branch_dag.py
[2025-01-28T10:58:00.292+0000] {processor.py:914} INFO - Processing file /mnt/c/Users/Admin/Desktop/ud_data/Dataslush_umang/airflow/airflow_venv/lib/python3.12/site-packages/airflow/example_dags/example_nested_branch_dag.py for tasks to queue
[2025-01-28T10:58:00.299+0000] {logging_mixin.py:190} INFO - [2025-01-28T10:58:00.296+0000] {dagbag.py:588} INFO - Filling up the DagBag from /mnt/c/Users/Admin/Desktop/ud_data/Dataslush_umang/airflow/airflow_venv/lib/python3.12/site-packages/airflow/example_dags/example_nested_branch_dag.py
[2025-01-28T10:58:00.444+0000] {processor.py:925} INFO - DAG(s) 'example_nested_branch_dag' retrieved from /mnt/c/Users/Admin/Desktop/ud_data/Dataslush_umang/airflow/airflow_venv/lib/python3.12/site-packages/airflow/example_dags/example_nested_branch_dag.py
[2025-01-28T10:58:00.481+0000] {logging_mixin.py:190} INFO - [2025-01-28T10:58:00.479+0000] {dag.py:3239} INFO - Sync 1 DAGs
[2025-01-28T10:58:00.515+0000] {logging_mixin.py:190} INFO - [2025-01-28T10:58:00.514+0000] {dag.py:4180} INFO - Setting next_dagrun for example_nested_branch_dag to 2025-01-27 00:00:00+00:00, run_after=2025-01-28 00:00:00+00:00
[2025-01-28T10:58:00.563+0000] {processor.py:208} INFO - Processing /mnt/c/Users/Admin/Desktop/ud_data/Dataslush_umang/airflow/airflow_venv/lib/python3.12/site-packages/airflow/example_dags/example_nested_branch_dag.py took 0.307 seconds
[2025-01-28T10:59:29.266+0000] {processor.py:186} INFO - Started process (PID=19391) to work on /mnt/c/Users/Admin/Desktop/ud_data/Dataslush_umang/airflow/airflow_venv/lib/python3.12/site-packages/airflow/example_dags/example_nested_branch_dag.py
[2025-01-28T10:59:29.462+0000] {processor.py:914} INFO - Processing file /mnt/c/Users/Admin/Desktop/ud_data/Dataslush_umang/airflow/airflow_venv/lib/python3.12/site-packages/airflow/example_dags/example_nested_branch_dag.py for tasks to queue
[2025-01-28T10:59:29.470+0000] {logging_mixin.py:190} INFO - [2025-01-28T10:59:29.468+0000] {dagbag.py:588} INFO - Filling up the DagBag from /mnt/c/Users/Admin/Desktop/ud_data/Dataslush_umang/airflow/airflow_venv/lib/python3.12/site-packages/airflow/example_dags/example_nested_branch_dag.py
[2025-01-28T10:59:29.651+0000] {processor.py:925} INFO - DAG(s) 'example_nested_branch_dag' retrieved from /mnt/c/Users/Admin/Desktop/ud_data/Dataslush_umang/airflow/airflow_venv/lib/python3.12/site-packages/airflow/example_dags/example_nested_branch_dag.py
[2025-01-28T10:59:29.688+0000] {logging_mixin.py:190} INFO - [2025-01-28T10:59:29.686+0000] {dag.py:3239} INFO - Sync 1 DAGs
[2025-01-28T10:59:29.724+0000] {logging_mixin.py:190} INFO - [2025-01-28T10:59:29.722+0000] {dag.py:4180} INFO - Setting next_dagrun for example_nested_branch_dag to 2025-01-27 00:00:00+00:00, run_after=2025-01-28 00:00:00+00:00
[2025-01-28T10:59:29.817+0000] {processor.py:208} INFO - Processing /mnt/c/Users/Admin/Desktop/ud_data/Dataslush_umang/airflow/airflow_venv/lib/python3.12/site-packages/airflow/example_dags/example_nested_branch_dag.py took 0.578 seconds
[2025-01-28T11:01:53.322+0000] {processor.py:186} INFO - Started process (PID=19577) to work on /mnt/c/Users/Admin/Desktop/ud_data/Dataslush_umang/airflow/airflow_venv/lib/python3.12/site-packages/airflow/example_dags/example_nested_branch_dag.py
[2025-01-28T11:01:53.325+0000] {processor.py:914} INFO - Processing file /mnt/c/Users/Admin/Desktop/ud_data/Dataslush_umang/airflow/airflow_venv/lib/python3.12/site-packages/airflow/example_dags/example_nested_branch_dag.py for tasks to queue
[2025-01-28T11:01:53.333+0000] {logging_mixin.py:190} INFO - [2025-01-28T11:01:53.331+0000] {dagbag.py:588} INFO - Filling up the DagBag from /mnt/c/Users/Admin/Desktop/ud_data/Dataslush_umang/airflow/airflow_venv/lib/python3.12/site-packages/airflow/example_dags/example_nested_branch_dag.py
[2025-01-28T11:01:23.395+0000] {processor.py:925} INFO - DAG(s) 'example_nested_branch_dag' retrieved from /mnt/c/Users/Admin/Desktop/ud_data/Dataslush_umang/airflow/airflow_venv/lib/python3.12/site-packages/airflow/example_dags/example_nested_branch_dag.py
[2025-01-28T11:01:23.434+0000] {logging_mixin.py:190} INFO - [2025-01-28T11:01:23.432+0000] {dag.py:3239} INFO - Sync 1 DAGs
[2025-01-28T11:01:23.473+0000] {logging_mixin.py:190} INFO - [2025-01-28T11:01:23.471+0000] {dag.py:4180} INFO - Setting next_dagrun for example_nested_branch_dag to 2025-01-27 00:00:00+00:00, run_after=2025-01-28 00:00:00+00:00
[2025-01-28T11:01:23.566+0000] {processor.py:208} INFO - Processing /mnt/c/Users/Admin/Desktop/ud_data/Dataslush_umang/airflow/airflow_venv/lib/python3.12/site-packages/airflow/example_dags/example_nested_branch_dag.py took 0.357 seconds
[2025-01-28T11:02:42.418+0000] {processor.py:186} INFO - Started process (PID=19650) to work on /mnt/c/Users/Admin/Desktop/ud_data/Dataslush_umang/airflow/airflow_venv/lib/python3.12/site-packages/airflow/example_dags/example_nested_branch_dag.py
[2025-01-28T11:02:42.421+0000] {processor.py:914} INFO - Processing file /mnt/c/Users/Admin/Desktop/ud_data/Dataslush_umang/airflow/airflow_venv/lib/python3.12/site-packages/airflow/example_dags/example_nested_branch_dag.py for tasks to queue
[2025-01-28T11:02:42.426+0000] {logging_mixin.py:190} INFO - [2025-01-28T11:02:42.425+0000] {dagbag.py:588} INFO - Filling up the DagBag from /mnt/c/Users/Admin/Desktop/ud_data/Dataslush_umang/airflow/airflow_venv/lib/python3.12/site-packages/airflow/example_dags/example_nested_branch_dag.py
[2025-01-28T11:02:42.530+0000] {processor.py:925} INFO - DAG(s) 'example_nested_branch_dag' retrieved from /mnt/c/Users/Admin/Desktop/ud_data/Dataslush_umang/airflow/airflow_venv/lib/python3.12/site-packages/airflow/example_dags/example_nested_branch_dag.py
[2025-01-28T11:02:42.561+0000] {logging_mixin.py:190} INFO - [2025-01-28T11:02:42.559+0000] {dag.py:3239} INFO - Sync 1 DAGs
[2025-01-28T11:02:42.595+0000] {logging_mixin.py:190} INFO - [2025-01-28T11:02:42.594+0000] {dag.py:4180} INFO - Setting next_dagrun for example_nested_branch_dag to 2025-01-27 00:00:00+00:00, run_after=2025-01-28 00:00:00+00:00
[2025-01-28T11:02:42.636+0000] {processor.py:208} INFO - Processing /mnt/c/Users/Admin/Desktop/ud_data/Dataslush_umang/airflow/airflow_venv/lib/python3.12/site-packages/airflow/example_dags/example_nested_branch_dag.py took 0.237 seconds
[2025-01-28T11:04:14.708+0000] {processor.py:186} INFO - Started process (PID=19874) to work on /mnt/c/Users/Admin/Desktop/ud_data/Dataslush_umang/airflow/airflow_venv/lib/python3.12/site-packages/airflow/example_dags/example_nested_branch_dag.py
[2025-01-28T11:04:14.713+0000] {processor.py:914} INFO - Processing file /mnt/c/Users/Admin/Desktop/ud_data/Dataslush_umang/airflow/airflow_venv/lib/python3.12/site-packages/airflow/example_dags/example_nested_branch_dag.py for tasks to queue
[2025-01-28T11:04:14.721+0000] {logging_mixin.py:190} INFO - [2025-01-28T11:04:14.718+0000] {dagbag.py:588} INFO - Filling up the DagBag from /mnt/c/Users/Admin/Desktop/ud_data/Dataslush_umang/airflow/airflow_venv/lib/python3.12/site-packages/airflow/example_dags/example_nested_branch_dag.py
[2025-01-28T11:04:14.864+0000] {processor.py:925} INFO - DAG(s) 'example_nested_branch_dag' retrieved from /mnt/c/Users/Admin/Desktop/ud_data/Dataslush_umang/airflow/airflow_venv/lib/python3.12/site-packages/airflow/example_dags/example_nested_branch_dag.py
[2025-01-28T11:04:14.896+0000] {logging_mixin.py:190} INFO - [2025-01-28T11:04:14.894+0000] {dag.py:3239} INFO - Sync 1 DAGs
[2025-01-28T11:04:14.924+0000] {logging_mixin.py:190} INFO - [2025-01-28T11:04:14.922+0000] {dag.py:4180} INFO - Setting next_dagrun for example_nested_branch_dag to 2025-01-27 00:00:00+00:00, run_after=2025-01-28 00:00:00+00:00
[2025-01-28T11:04:15.176+0000] {processor.py:208} INFO - Processing /mnt/c/Users/Admin/Desktop/ud_data/Dataslush_umang/airflow/airflow_venv/lib/python3.12/site-packages/airflow/example_dags/example_nested_branch_dag.py took 0.496 seconds
[2025-01-28T11:05:52.507+0000] {processor.py:186} INFO - Started process (PID=20000) to work on /mnt/c/Users/Admin/Desktop/ud_data/Dataslush_umang/airflow/airflow_venv/lib/python3.12/site-packages/airflow/example_dags/example_nested_branch_dag.py
[2025-01-28T11:05:52.552+0000] {processor.py:914} INFO - Processing file /mnt/c/Users/Admin/Desktop/ud_data/Dataslush_umang/airflow/airflow_venv/lib/python3.12/site-packages/airflow/example_dags/example_nested_branch_dag.py for tasks to queue
[2025-01-28T11:05:52.591+0000] {logging_mixin.py:190} INFO - [2025-01-28T11:05:52.582+0000] {dagbag.py:588} INFO - Filling up the DagBag from /mnt/c/Users/Admin/Desktop/ud_data/Dataslush_umang/airflow/airflow_venv/lib/python3.12/site-packages/airflow/example_dags/example_nested_branch_dag.py
[2025-01-28T11:05:52.684+0000] {processor.py:925} INFO - DAG(s) 'example_nested_branch_dag' retrieved from /mnt/c/Users/Admin/Desktop/ud_data/Dataslush_umang/airflow/airflow_venv/lib/python3.12/site-packages/airflow/example_dags/example_nested_branch_dag.py
[2025-01-28T11:05:52.711+0000] {logging_mixin.py:190} INFO - [2025-01-28T11:05:52.709+0000] {dag.py:3239} INFO - Sync 1 DAGs
[2025-01-28T11:05:52.766+0000] {logging_mixin.py:190} INFO - [2025-01-28T11:05:52.765+0000] {dag.py:4180} INFO - Setting next_dagrun for example_nested_branch_dag to 2025-01-27 00:00:00+00:00, run_after=2025-01-28 00:00:00+00:00
[2025-01-28T11:05:57.158+0000] {processor.py:208} INFO - Processing /mnt/c/Users/Admin/Desktop/ud_data/Dataslush_umang/airflow/airflow_venv/lib/python3.12/site-packages/airflow/example_dags/example_nested_branch_dag.py took 4.668 seconds
[2025-01-28T11:07:57.347+0000] {processor.py:186} INFO - Started process (PID=20170) to work on /mnt/c/Users/Admin/Desktop/ud_data/Dataslush_umang/airflow/airflow_venv/lib/python3.12/site-packages/airflow/example_dags/example_nested_branch_dag.py
[2025-01-28T11:07:57.350+0000] {processor.py:914} INFO - Processing file /mnt/c/Users/Admin/Desktop/ud_data/Dataslush_umang/airflow/airflow_venv/lib/python3.12/site-packages/airflow/example_dags/example_nested_branch_dag.py for tasks to queue
[2025-01-28T11:07:57.356+0000] {logging_mixin.py:190} INFO - [2025-01-28T11:07:57.355+0000] {dagbag.py:588} INFO - Filling up the DagBag from /mnt/c/Users/Admin/Desktop/ud_data/Dataslush_umang/airflow/airflow_venv/lib/python3.12/site-packages/airflow/example_dags/example_nested_branch_dag.py
[2025-01-28T11:07:57.493+0000] {processor.py:925} INFO - DAG(s) 'example_nested_branch_dag' retrieved from /mnt/c/Users/Admin/Desktop/ud_data/Dataslush_umang/airflow/airflow_venv/lib/python3.12/site-packages/airflow/example_dags/example_nested_branch_dag.py
[2025-01-28T11:07:57.523+0000] {logging_mixin.py:190} INFO - [2025-01-28T11:07:57.521+0000] {dag.py:3239} INFO - Sync 1 DAGs
[2025-01-28T11:07:57.552+0000] {logging_mixin.py:190} INFO - [2025-01-28T11:07:57.551+0000] {dag.py:4180} INFO - Setting next_dagrun for example_nested_branch_dag to 2025-01-27 00:00:00+00:00, run_after=2025-01-28 00:00:00+00:00
[2025-01-28T11:07:57.728+0000] {processor.py:208} INFO - Processing /mnt/c/Users/Admin/Desktop/ud_data/Dataslush_umang/airflow/airflow_venv/lib/python3.12/site-packages/airflow/example_dags/example_nested_branch_dag.py took 0.407 seconds
[2025-01-28T11:09:32.862+0000] {processor.py:186} INFO - Started process (PID=20374) to work on /mnt/c/Users/Admin/Desktop/ud_data/Dataslush_umang/airflow/airflow_venv/lib/python3.12/site-packages/airflow/example_dags/example_nested_branch_dag.py
[2025-01-28T11:09:32.865+0000] {processor.py:914} INFO - Processing file /mnt/c/Users/Admin/Desktop/ud_data/Dataslush_umang/airflow/airflow_venv/lib/python3.12/site-packages/airflow/example_dags/example_nested_branch_dag.py for tasks to queue
[2025-01-28T11:09:32.871+0000] {logging_mixin.py:190} INFO - [2025-01-28T11:09:32.869+0000] {dagbag.py:588} INFO - Filling up the DagBag from /mnt/c/Users/Admin/Desktop/ud_data/Dataslush_umang/airflow/airflow_venv/lib/python3.12/site-packages/airflow/example_dags/example_nested_branch_dag.py
[2025-01-28T11:09:32.983+0000] {processor.py:925} INFO - DAG(s) 'example_nested_branch_dag' retrieved from /mnt/c/Users/Admin/Desktop/ud_data/Dataslush_umang/airflow/airflow_venv/lib/python3.12/site-packages/airflow/example_dags/example_nested_branch_dag.py
[2025-01-28T11:09:33.012+0000] {logging_mixin.py:190} INFO - [2025-01-28T11:09:33.011+0000] {dag.py:3239} INFO - Sync 1 DAGs
[2025-01-28T11:09:33.045+0000] {logging_mixin.py:190} INFO - [2025-01-28T11:09:33.044+0000] {dag.py:4180} INFO - Setting next_dagrun for example_nested_branch_dag to 2025-01-27 00:00:00+00:00, run_after=2025-01-28 00:00:00+00:00
[2025-01-28T11:09:33.087+0000] {processor.py:208} INFO - Processing /mnt/c/Users/Admin/Desktop/ud_data/Dataslush_umang/airflow/airflow_venv/lib/python3.12/site-packages/airflow/example_dags/example_nested_branch_dag.py took 0.247 seconds
[2025-01-28T11:10:40.215+0000] {processor.py:186} INFO - Started process (PID=20473) to work on /mnt/c/Users/Admin/Desktop/ud_data/Dataslush_umang/airflow/airflow_venv/lib/python3.12/site-packages/airflow/example_dags/example_nested_branch_dag.py
[2025-01-28T11:10:40.244+0000] {processor.py:914} INFO - Processing file /mnt/c/Users/Admin/Desktop/ud_data/Dataslush_umang/airflow/airflow_venv/lib/python3.12/site-packages/airflow/example_dags/example_nested_branch_dag.py for tasks to queue
[2025-01-28T11:10:40.251+0000] {logging_mixin.py:190} INFO - [2025-01-28T11:10:40.249+0000] {dagbag.py:588} INFO - Filling up the DagBag from /mnt/c/Users/Admin/Desktop/ud_data/Dataslush_umang/airflow/airflow_venv/lib/python3.12/site-packages/airflow/example_dags/example_nested_branch_dag.py
[2025-01-28T11:10:40.364+0000] {processor.py:925} INFO - DAG(s) 'example_nested_branch_dag' retrieved from /mnt/c/Users/Admin/Desktop/ud_data/Dataslush_umang/airflow/airflow_venv/lib/python3.12/site-packages/airflow/example_dags/example_nested_branch_dag.py
[2025-01-28T11:10:40.394+0000] {logging_mixin.py:190} INFO - [2025-01-28T11:10:40.392+0000] {dag.py:3239} INFO - Sync 1 DAGs
[2025-01-28T11:10:40.422+0000] {logging_mixin.py:190} INFO - [2025-01-28T11:10:40.419+0000] {dag.py:4180} INFO - Setting next_dagrun for example_nested_branch_dag to 2025-01-27 00:00:00+00:00, run_after=2025-01-28 00:00:00+00:00
[2025-01-28T11:10:40.461+0000] {processor.py:208} INFO - Processing /mnt/c/Users/Admin/Desktop/ud_data/Dataslush_umang/airflow/airflow_venv/lib/python3.12/site-packages/airflow/example_dags/example_nested_branch_dag.py took 0.267 seconds
[2025-01-28T11:11:52.997+0000] {processor.py:186} INFO - Started process (PID=20562) to work on /mnt/c/Users/Admin/Desktop/ud_data/Dataslush_umang/airflow/airflow_venv/lib/python3.12/site-packages/airflow/example_dags/example_nested_branch_dag.py
[2025-01-28T11:11:53.000+0000] {processor.py:914} INFO - Processing file /mnt/c/Users/Admin/Desktop/ud_data/Dataslush_umang/airflow/airflow_venv/lib/python3.12/site-packages/airflow/example_dags/example_nested_branch_dag.py for tasks to queue
[2025-01-28T11:11:53.007+0000] {logging_mixin.py:190} INFO - [2025-01-28T11:11:53.005+0000] {dagbag.py:588} INFO - Filling up the DagBag from /mnt/c/Users/Admin/Desktop/ud_data/Dataslush_umang/airflow/airflow_venv/lib/python3.12/site-packages/airflow/example_dags/example_nested_branch_dag.py
[2025-01-28T11:11:53.116+0000] {processor.py:925} INFO - DAG(s) 'example_nested_branch_dag' retrieved from /mnt/c/Users/Admin/Desktop/ud_data/Dataslush_umang/airflow/airflow_venv/lib/python3.12/site-packages/airflow/example_dags/example_nested_branch_dag.py
[2025-01-28T11:11:53.148+0000] {logging_mixin.py:190} INFO - [2025-01-28T11:11:53.147+0000] {dag.py:3239} INFO - Sync 1 DAGs
[2025-01-28T11:11:53.177+0000] {logging_mixin.py:190} INFO - [2025-01-28T11:11:53.176+0000] {dag.py:4180} INFO - Setting next_dagrun for example_nested_branch_dag to 2025-01-27 00:00:00+00:00, run_after=2025-01-28 00:00:00+00:00
[2025-01-28T11:11:53.217+0000] {processor.py:208} INFO - Processing /mnt/c/Users/Admin/Desktop/ud_data/Dataslush_umang/airflow/airflow_venv/lib/python3.12/site-packages/airflow/example_dags/example_nested_branch_dag.py took 0.241 seconds
[2025-01-28T11:13:33.701+0000] {processor.py:186} INFO - Started process (PID=20676) to work on /mnt/c/Users/Admin/Desktop/ud_data/Dataslush_umang/airflow/airflow_venv/lib/python3.12/site-packages/airflow/example_dags/example_nested_branch_dag.py
[2025-01-28T11:13:33.704+0000] {processor.py:914} INFO - Processing file /mnt/c/Users/Admin/Desktop/ud_data/Dataslush_umang/airflow/airflow_venv/lib/python3.12/site-packages/airflow/example_dags/example_nested_branch_dag.py for tasks to queue
[2025-01-28T11:13:33.710+0000] {logging_mixin.py:190} INFO - [2025-01-28T11:13:33.708+0000] {dagbag.py:588} INFO - Filling up the DagBag from /mnt/c/Users/Admin/Desktop/ud_data/Dataslush_umang/airflow/airflow_venv/lib/python3.12/site-packages/airflow/example_dags/example_nested_branch_dag.py
[2025-01-28T11:14:03.917+0000] {processor.py:925} INFO - DAG(s) 'example_nested_branch_dag' retrieved from /mnt/c/Users/Admin/Desktop/ud_data/Dataslush_umang/airflow/airflow_venv/lib/python3.12/site-packages/airflow/example_dags/example_nested_branch_dag.py
[2025-01-28T11:14:03.951+0000] {logging_mixin.py:190} INFO - [2025-01-28T11:14:03.950+0000] {dag.py:3239} INFO - Sync 1 DAGs
[2025-01-28T11:14:03.989+0000] {logging_mixin.py:190} INFO - [2025-01-28T11:14:03.987+0000] {dag.py:4180} INFO - Setting next_dagrun for example_nested_branch_dag to 2025-01-27 00:00:00+00:00, run_after=2025-01-28 00:00:00+00:00
[2025-01-28T11:14:04.027+0000] {processor.py:208} INFO - Processing /mnt/c/Users/Admin/Desktop/ud_data/Dataslush_umang/airflow/airflow_venv/lib/python3.12/site-packages/airflow/example_dags/example_nested_branch_dag.py took 0.269 seconds
