[2025-01-28T10:13:26.673+0000] {processor.py:186} INFO - Started process (PID=14860) to work on /mnt/c/Users/Admin/Desktop/ud_data/Dataslush_umang/airflow/airflow_venv/lib/python3.12/site-packages/airflow/example_dags/example_display_name.py
[2025-01-28T10:13:26.676+0000] {processor.py:914} INFO - Processing file /mnt/c/Users/Admin/Desktop/ud_data/Dataslush_umang/airflow/airflow_venv/lib/python3.12/site-packages/airflow/example_dags/example_display_name.py for tasks to queue
[2025-01-28T10:13:26.686+0000] {logging_mixin.py:190} INFO - [2025-01-28T10:13:26.684+0000] {dagbag.py:588} INFO - Filling up the DagBag from /mnt/c/Users/Admin/Desktop/ud_data/Dataslush_umang/airflow/airflow_venv/lib/python3.12/site-packages/airflow/example_dags/example_display_name.py
[2025-01-28T10:13:26.795+0000] {processor.py:925} INFO - DAG(s) 'example_display_name' retrieved from /mnt/c/Users/Admin/Desktop/ud_data/Dataslush_umang/airflow/airflow_venv/lib/python3.12/site-packages/airflow/example_dags/example_display_name.py
[2025-01-28T10:13:30.256+0000] {logging_mixin.py:190} INFO - [2025-01-28T10:13:30.253+0000] {override.py:1912} INFO - Created Permission View: can edit on DAG:example_display_name
[2025-01-28T10:13:31.171+0000] {logging_mixin.py:190} INFO - [2025-01-28T10:13:31.169+0000] {override.py:1912} INFO - Created Permission View: can read on DAG:example_display_name
[2025-01-28T10:14:01.441+0000] {logging_mixin.py:190} INFO - [2025-01-28T10:14:01.439+0000] {override.py:1912} INFO - Created Permission View: can delete on DAG:example_display_name
[2025-01-28T10:13:31.597+0000] {logging_mixin.py:190} INFO - [2025-01-28T10:13:31.595+0000] {override.py:1912} INFO - Created Permission View: can create on DAG Run:example_display_name
[2025-01-28T10:13:32.687+0000] {logging_mixin.py:190} INFO - [2025-01-28T10:13:32.685+0000] {override.py:1912} INFO - Created Permission View: menu access on DAG Run:example_display_name
[2025-01-28T10:13:32.741+0000] {logging_mixin.py:190} INFO - [2025-01-28T10:13:32.733+0000] {override.py:1912} INFO - Created Permission View: can read on DAG Run:example_display_name
[2025-01-28T10:14:03.345+0000] {logging_mixin.py:190} INFO - [2025-01-28T10:14:03.344+0000] {override.py:1912} INFO - Created Permission View: can delete on DAG Run:example_display_name
[2025-01-28T10:14:03.348+0000] {logging_mixin.py:190} INFO - [2025-01-28T10:14:03.347+0000] {dag.py:3239} INFO - Sync 1 DAGs
[2025-01-28T10:14:03.364+0000] {logging_mixin.py:190} INFO - [2025-01-28T10:14:03.362+0000] {dag.py:3262} INFO - Creating ORM DAG for example_display_name
[2025-01-28T10:14:03.368+0000] {logging_mixin.py:190} INFO - [2025-01-28T10:14:03.366+0000] {dag.py:4180} INFO - Setting next_dagrun for example_display_name to None, run_after=None
[2025-01-28T10:13:34.304+0000] {processor.py:208} INFO - Processing /mnt/c/Users/Admin/Desktop/ud_data/Dataslush_umang/airflow/airflow_venv/lib/python3.12/site-packages/airflow/example_dags/example_display_name.py took 7.648 seconds
[2025-01-28T10:15:35.817+0000] {processor.py:186} INFO - Started process (PID=15006) to work on /mnt/c/Users/Admin/Desktop/ud_data/Dataslush_umang/airflow/airflow_venv/lib/python3.12/site-packages/airflow/example_dags/example_display_name.py
[2025-01-28T10:15:35.819+0000] {processor.py:914} INFO - Processing file /mnt/c/Users/Admin/Desktop/ud_data/Dataslush_umang/airflow/airflow_venv/lib/python3.12/site-packages/airflow/example_dags/example_display_name.py for tasks to queue
[2025-01-28T10:15:35.823+0000] {logging_mixin.py:190} INFO - [2025-01-28T10:15:35.822+0000] {dagbag.py:588} INFO - Filling up the DagBag from /mnt/c/Users/Admin/Desktop/ud_data/Dataslush_umang/airflow/airflow_venv/lib/python3.12/site-packages/airflow/example_dags/example_display_name.py
[2025-01-28T10:15:35.904+0000] {processor.py:925} INFO - DAG(s) 'example_display_name' retrieved from /mnt/c/Users/Admin/Desktop/ud_data/Dataslush_umang/airflow/airflow_venv/lib/python3.12/site-packages/airflow/example_dags/example_display_name.py
[2025-01-28T10:15:35.928+0000] {logging_mixin.py:190} INFO - [2025-01-28T10:15:35.926+0000] {dag.py:3239} INFO - Sync 1 DAGs
[2025-01-28T10:15:35.942+0000] {logging_mixin.py:190} INFO - [2025-01-28T10:15:35.940+0000] {dag.py:4180} INFO - Setting next_dagrun for example_display_name to None, run_after=None
[2025-01-28T10:15:35.982+0000] {processor.py:208} INFO - Processing /mnt/c/Users/Admin/Desktop/ud_data/Dataslush_umang/airflow/airflow_venv/lib/python3.12/site-packages/airflow/example_dags/example_display_name.py took 0.184 seconds
[2025-01-28T10:17:17.816+0000] {processor.py:186} INFO - Started process (PID=15193) to work on /mnt/c/Users/Admin/Desktop/ud_data/Dataslush_umang/airflow/airflow_venv/lib/python3.12/site-packages/airflow/example_dags/example_display_name.py
[2025-01-28T10:17:17.820+0000] {processor.py:914} INFO - Processing file /mnt/c/Users/Admin/Desktop/ud_data/Dataslush_umang/airflow/airflow_venv/lib/python3.12/site-packages/airflow/example_dags/example_display_name.py for tasks to queue
[2025-01-28T10:17:17.826+0000] {logging_mixin.py:190} INFO - [2025-01-28T10:17:17.824+0000] {dagbag.py:588} INFO - Filling up the DagBag from /mnt/c/Users/Admin/Desktop/ud_data/Dataslush_umang/airflow/airflow_venv/lib/python3.12/site-packages/airflow/example_dags/example_display_name.py
[2025-01-28T10:17:17.909+0000] {processor.py:925} INFO - DAG(s) 'example_display_name' retrieved from /mnt/c/Users/Admin/Desktop/ud_data/Dataslush_umang/airflow/airflow_venv/lib/python3.12/site-packages/airflow/example_dags/example_display_name.py
[2025-01-28T10:17:17.937+0000] {logging_mixin.py:190} INFO - [2025-01-28T10:17:17.935+0000] {dag.py:3239} INFO - Sync 1 DAGs
[2025-01-28T10:17:17.952+0000] {logging_mixin.py:190} INFO - [2025-01-28T10:17:17.950+0000] {dag.py:4180} INFO - Setting next_dagrun for example_display_name to None, run_after=None
[2025-01-28T10:17:17.989+0000] {processor.py:208} INFO - Processing /mnt/c/Users/Admin/Desktop/ud_data/Dataslush_umang/airflow/airflow_venv/lib/python3.12/site-packages/airflow/example_dags/example_display_name.py took 0.199 seconds
[2025-01-28T10:19:40.011+0000] {processor.py:186} INFO - Started process (PID=15425) to work on /mnt/c/Users/Admin/Desktop/ud_data/Dataslush_umang/airflow/airflow_venv/lib/python3.12/site-packages/airflow/example_dags/example_display_name.py
[2025-01-28T10:19:40.208+0000] {processor.py:914} INFO - Processing file /mnt/c/Users/Admin/Desktop/ud_data/Dataslush_umang/airflow/airflow_venv/lib/python3.12/site-packages/airflow/example_dags/example_display_name.py for tasks to queue
[2025-01-28T10:19:40.223+0000] {logging_mixin.py:190} INFO - [2025-01-28T10:19:40.218+0000] {dagbag.py:588} INFO - Filling up the DagBag from /mnt/c/Users/Admin/Desktop/ud_data/Dataslush_umang/airflow/airflow_venv/lib/python3.12/site-packages/airflow/example_dags/example_display_name.py
[2025-01-28T10:19:40.530+0000] {processor.py:925} INFO - DAG(s) 'example_display_name' retrieved from /mnt/c/Users/Admin/Desktop/ud_data/Dataslush_umang/airflow/airflow_venv/lib/python3.12/site-packages/airflow/example_dags/example_display_name.py
[2025-01-28T10:19:40.589+0000] {logging_mixin.py:190} INFO - [2025-01-28T10:19:40.585+0000] {dag.py:3239} INFO - Sync 1 DAGs
[2025-01-28T10:19:40.658+0000] {logging_mixin.py:190} INFO - [2025-01-28T10:19:40.653+0000] {dag.py:4180} INFO - Setting next_dagrun for example_display_name to None, run_after=None
[2025-01-28T10:19:40.947+0000] {processor.py:208} INFO - Processing /mnt/c/Users/Admin/Desktop/ud_data/Dataslush_umang/airflow/airflow_venv/lib/python3.12/site-packages/airflow/example_dags/example_display_name.py took 1.010 seconds
[2025-01-28T10:22:47.593+0000] {processor.py:186} INFO - Started process (PID=15717) to work on /mnt/c/Users/Admin/Desktop/ud_data/Dataslush_umang/airflow/airflow_venv/lib/python3.12/site-packages/airflow/example_dags/example_display_name.py
[2025-01-28T10:22:47.600+0000] {processor.py:914} INFO - Processing file /mnt/c/Users/Admin/Desktop/ud_data/Dataslush_umang/airflow/airflow_venv/lib/python3.12/site-packages/airflow/example_dags/example_display_name.py for tasks to queue
[2025-01-28T10:22:47.612+0000] {logging_mixin.py:190} INFO - [2025-01-28T10:22:47.608+0000] {dagbag.py:588} INFO - Filling up the DagBag from /mnt/c/Users/Admin/Desktop/ud_data/Dataslush_umang/airflow/airflow_venv/lib/python3.12/site-packages/airflow/example_dags/example_display_name.py
[2025-01-28T10:22:47.808+0000] {processor.py:925} INFO - DAG(s) 'example_display_name' retrieved from /mnt/c/Users/Admin/Desktop/ud_data/Dataslush_umang/airflow/airflow_venv/lib/python3.12/site-packages/airflow/example_dags/example_display_name.py
[2025-01-28T10:22:47.835+0000] {logging_mixin.py:190} INFO - [2025-01-28T10:22:47.833+0000] {dag.py:3239} INFO - Sync 1 DAGs
[2025-01-28T10:22:47.852+0000] {logging_mixin.py:190} INFO - [2025-01-28T10:22:47.850+0000] {dag.py:4180} INFO - Setting next_dagrun for example_display_name to None, run_after=None
[2025-01-28T10:22:47.895+0000] {processor.py:208} INFO - Processing /mnt/c/Users/Admin/Desktop/ud_data/Dataslush_umang/airflow/airflow_venv/lib/python3.12/site-packages/airflow/example_dags/example_display_name.py took 0.358 seconds
[2025-01-28T10:24:32.238+0000] {processor.py:186} INFO - Started process (PID=15908) to work on /mnt/c/Users/Admin/Desktop/ud_data/Dataslush_umang/airflow/airflow_venv/lib/python3.12/site-packages/airflow/example_dags/example_display_name.py
[2025-01-28T10:24:32.402+0000] {processor.py:914} INFO - Processing file /mnt/c/Users/Admin/Desktop/ud_data/Dataslush_umang/airflow/airflow_venv/lib/python3.12/site-packages/airflow/example_dags/example_display_name.py for tasks to queue
[2025-01-28T10:24:32.416+0000] {logging_mixin.py:190} INFO - [2025-01-28T10:24:32.412+0000] {dagbag.py:588} INFO - Filling up the DagBag from /mnt/c/Users/Admin/Desktop/ud_data/Dataslush_umang/airflow/airflow_venv/lib/python3.12/site-packages/airflow/example_dags/example_display_name.py
[2025-01-28T10:24:32.697+0000] {processor.py:925} INFO - DAG(s) 'example_display_name' retrieved from /mnt/c/Users/Admin/Desktop/ud_data/Dataslush_umang/airflow/airflow_venv/lib/python3.12/site-packages/airflow/example_dags/example_display_name.py
[2025-01-28T10:24:32.757+0000] {logging_mixin.py:190} INFO - [2025-01-28T10:24:32.755+0000] {dag.py:3239} INFO - Sync 1 DAGs
[2025-01-28T10:24:32.800+0000] {logging_mixin.py:190} INFO - [2025-01-28T10:24:32.796+0000] {dag.py:4180} INFO - Setting next_dagrun for example_display_name to None, run_after=None
[2025-01-28T10:24:33.209+0000] {processor.py:208} INFO - Processing /mnt/c/Users/Admin/Desktop/ud_data/Dataslush_umang/airflow/airflow_venv/lib/python3.12/site-packages/airflow/example_dags/example_display_name.py took 0.993 seconds
[2025-01-28T10:27:31.882+0000] {processor.py:186} INFO - Started process (PID=16231) to work on /mnt/c/Users/Admin/Desktop/ud_data/Dataslush_umang/airflow/airflow_venv/lib/python3.12/site-packages/airflow/example_dags/example_display_name.py
[2025-01-28T10:27:31.889+0000] {processor.py:914} INFO - Processing file /mnt/c/Users/Admin/Desktop/ud_data/Dataslush_umang/airflow/airflow_venv/lib/python3.12/site-packages/airflow/example_dags/example_display_name.py for tasks to queue
[2025-01-28T10:27:31.904+0000] {logging_mixin.py:190} INFO - [2025-01-28T10:27:31.899+0000] {dagbag.py:588} INFO - Filling up the DagBag from /mnt/c/Users/Admin/Desktop/ud_data/Dataslush_umang/airflow/airflow_venv/lib/python3.12/site-packages/airflow/example_dags/example_display_name.py
[2025-01-28T10:27:02.138+0000] {processor.py:925} INFO - DAG(s) 'example_display_name' retrieved from /mnt/c/Users/Admin/Desktop/ud_data/Dataslush_umang/airflow/airflow_venv/lib/python3.12/site-packages/airflow/example_dags/example_display_name.py
[2025-01-28T10:27:02.191+0000] {logging_mixin.py:190} INFO - [2025-01-28T10:27:02.189+0000] {dag.py:3239} INFO - Sync 1 DAGs
[2025-01-28T10:27:02.210+0000] {logging_mixin.py:190} INFO - [2025-01-28T10:27:02.208+0000] {dag.py:4180} INFO - Setting next_dagrun for example_display_name to None, run_after=None
[2025-01-28T10:27:05.751+0000] {processor.py:208} INFO - Processing /mnt/c/Users/Admin/Desktop/ud_data/Dataslush_umang/airflow/airflow_venv/lib/python3.12/site-packages/airflow/example_dags/example_display_name.py took 4.040 seconds
[2025-01-28T10:29:54.511+0000] {processor.py:186} INFO - Started process (PID=16393) to work on /mnt/c/Users/Admin/Desktop/ud_data/Dataslush_umang/airflow/airflow_venv/lib/python3.12/site-packages/airflow/example_dags/example_display_name.py
[2025-01-28T10:29:54.518+0000] {processor.py:914} INFO - Processing file /mnt/c/Users/Admin/Desktop/ud_data/Dataslush_umang/airflow/airflow_venv/lib/python3.12/site-packages/airflow/example_dags/example_display_name.py for tasks to queue
[2025-01-28T10:29:54.533+0000] {logging_mixin.py:190} INFO - [2025-01-28T10:29:54.528+0000] {dagbag.py:588} INFO - Filling up the DagBag from /mnt/c/Users/Admin/Desktop/ud_data/Dataslush_umang/airflow/airflow_venv/lib/python3.12/site-packages/airflow/example_dags/example_display_name.py
[2025-01-28T10:30:25.015+0000] {processor.py:925} INFO - DAG(s) 'example_display_name' retrieved from /mnt/c/Users/Admin/Desktop/ud_data/Dataslush_umang/airflow/airflow_venv/lib/python3.12/site-packages/airflow/example_dags/example_display_name.py
[2025-01-28T10:30:25.076+0000] {logging_mixin.py:190} INFO - [2025-01-28T10:30:25.074+0000] {dag.py:3239} INFO - Sync 1 DAGs
[2025-01-28T10:30:25.113+0000] {logging_mixin.py:190} INFO - [2025-01-28T10:30:25.110+0000] {dag.py:4180} INFO - Setting next_dagrun for example_display_name to None, run_after=None
[2025-01-28T10:29:55.175+0000] {processor.py:208} INFO - Processing /mnt/c/Users/Admin/Desktop/ud_data/Dataslush_umang/airflow/airflow_venv/lib/python3.12/site-packages/airflow/example_dags/example_display_name.py took 0.735 seconds
[2025-01-28T10:32:09.796+0000] {processor.py:186} INFO - Started process (PID=16626) to work on /mnt/c/Users/Admin/Desktop/ud_data/Dataslush_umang/airflow/airflow_venv/lib/python3.12/site-packages/airflow/example_dags/example_display_name.py
[2025-01-28T10:32:09.803+0000] {processor.py:914} INFO - Processing file /mnt/c/Users/Admin/Desktop/ud_data/Dataslush_umang/airflow/airflow_venv/lib/python3.12/site-packages/airflow/example_dags/example_display_name.py for tasks to queue
[2025-01-28T10:32:09.820+0000] {logging_mixin.py:190} INFO - [2025-01-28T10:32:09.815+0000] {dagbag.py:588} INFO - Filling up the DagBag from /mnt/c/Users/Admin/Desktop/ud_data/Dataslush_umang/airflow/airflow_venv/lib/python3.12/site-packages/airflow/example_dags/example_display_name.py
[2025-01-28T10:32:40.208+0000] {processor.py:925} INFO - DAG(s) 'example_display_name' retrieved from /mnt/c/Users/Admin/Desktop/ud_data/Dataslush_umang/airflow/airflow_venv/lib/python3.12/site-packages/airflow/example_dags/example_display_name.py
[2025-01-28T10:32:40.255+0000] {logging_mixin.py:190} INFO - [2025-01-28T10:32:40.252+0000] {dag.py:3239} INFO - Sync 1 DAGs
[2025-01-28T10:32:40.286+0000] {logging_mixin.py:190} INFO - [2025-01-28T10:32:40.283+0000] {dag.py:4180} INFO - Setting next_dagrun for example_display_name to None, run_after=None
[2025-01-28T10:32:10.360+0000] {processor.py:208} INFO - Processing /mnt/c/Users/Admin/Desktop/ud_data/Dataslush_umang/airflow/airflow_venv/lib/python3.12/site-packages/airflow/example_dags/example_display_name.py took 0.641 seconds
[2025-01-28T10:34:43.330+0000] {processor.py:186} INFO - Started process (PID=16859) to work on /mnt/c/Users/Admin/Desktop/ud_data/Dataslush_umang/airflow/airflow_venv/lib/python3.12/site-packages/airflow/example_dags/example_display_name.py
[2025-01-28T10:34:43.335+0000] {processor.py:914} INFO - Processing file /mnt/c/Users/Admin/Desktop/ud_data/Dataslush_umang/airflow/airflow_venv/lib/python3.12/site-packages/airflow/example_dags/example_display_name.py for tasks to queue
[2025-01-28T10:34:43.344+0000] {logging_mixin.py:190} INFO - [2025-01-28T10:34:43.341+0000] {dagbag.py:588} INFO - Filling up the DagBag from /mnt/c/Users/Admin/Desktop/ud_data/Dataslush_umang/airflow/airflow_venv/lib/python3.12/site-packages/airflow/example_dags/example_display_name.py
[2025-01-28T10:34:43.596+0000] {processor.py:925} INFO - DAG(s) 'example_display_name' retrieved from /mnt/c/Users/Admin/Desktop/ud_data/Dataslush_umang/airflow/airflow_venv/lib/python3.12/site-packages/airflow/example_dags/example_display_name.py
[2025-01-28T10:34:43.644+0000] {logging_mixin.py:190} INFO - [2025-01-28T10:34:43.642+0000] {dag.py:3239} INFO - Sync 1 DAGs
[2025-01-28T10:34:43.677+0000] {logging_mixin.py:190} INFO - [2025-01-28T10:34:43.676+0000] {dag.py:4180} INFO - Setting next_dagrun for example_display_name to None, run_after=None
[2025-01-28T10:34:43.723+0000] {processor.py:208} INFO - Processing /mnt/c/Users/Admin/Desktop/ud_data/Dataslush_umang/airflow/airflow_venv/lib/python3.12/site-packages/airflow/example_dags/example_display_name.py took 0.437 seconds
[2025-01-28T10:36:29.601+0000] {processor.py:186} INFO - Started process (PID=17012) to work on /mnt/c/Users/Admin/Desktop/ud_data/Dataslush_umang/airflow/airflow_venv/lib/python3.12/site-packages/airflow/example_dags/example_display_name.py
[2025-01-28T10:36:29.608+0000] {processor.py:914} INFO - Processing file /mnt/c/Users/Admin/Desktop/ud_data/Dataslush_umang/airflow/airflow_venv/lib/python3.12/site-packages/airflow/example_dags/example_display_name.py for tasks to queue
[2025-01-28T10:36:29.623+0000] {logging_mixin.py:190} INFO - [2025-01-28T10:36:29.618+0000] {dagbag.py:588} INFO - Filling up the DagBag from /mnt/c/Users/Admin/Desktop/ud_data/Dataslush_umang/airflow/airflow_venv/lib/python3.12/site-packages/airflow/example_dags/example_display_name.py
[2025-01-28T10:36:29.832+0000] {processor.py:925} INFO - DAG(s) 'example_display_name' retrieved from /mnt/c/Users/Admin/Desktop/ud_data/Dataslush_umang/airflow/airflow_venv/lib/python3.12/site-packages/airflow/example_dags/example_display_name.py
[2025-01-28T10:36:29.862+0000] {logging_mixin.py:190} INFO - [2025-01-28T10:36:29.860+0000] {dag.py:3239} INFO - Sync 1 DAGs
[2025-01-28T10:36:29.880+0000] {logging_mixin.py:190} INFO - [2025-01-28T10:36:29.878+0000] {dag.py:4180} INFO - Setting next_dagrun for example_display_name to None, run_after=None
[2025-01-28T10:36:30.023+0000] {processor.py:208} INFO - Processing /mnt/c/Users/Admin/Desktop/ud_data/Dataslush_umang/airflow/airflow_venv/lib/python3.12/site-packages/airflow/example_dags/example_display_name.py took 0.474 seconds
[2025-01-28T10:39:29.164+0000] {processor.py:186} INFO - Started process (PID=17283) to work on /mnt/c/Users/Admin/Desktop/ud_data/Dataslush_umang/airflow/airflow_venv/lib/python3.12/site-packages/airflow/example_dags/example_display_name.py
[2025-01-28T10:39:29.171+0000] {processor.py:914} INFO - Processing file /mnt/c/Users/Admin/Desktop/ud_data/Dataslush_umang/airflow/airflow_venv/lib/python3.12/site-packages/airflow/example_dags/example_display_name.py for tasks to queue
[2025-01-28T10:39:29.189+0000] {logging_mixin.py:190} INFO - [2025-01-28T10:39:29.184+0000] {dagbag.py:588} INFO - Filling up the DagBag from /mnt/c/Users/Admin/Desktop/ud_data/Dataslush_umang/airflow/airflow_venv/lib/python3.12/site-packages/airflow/example_dags/example_display_name.py
[2025-01-28T10:39:29.365+0000] {processor.py:925} INFO - DAG(s) 'example_display_name' retrieved from /mnt/c/Users/Admin/Desktop/ud_data/Dataslush_umang/airflow/airflow_venv/lib/python3.12/site-packages/airflow/example_dags/example_display_name.py
[2025-01-28T10:39:29.398+0000] {logging_mixin.py:190} INFO - [2025-01-28T10:39:29.396+0000] {dag.py:3239} INFO - Sync 1 DAGs
[2025-01-28T10:39:29.424+0000] {logging_mixin.py:190} INFO - [2025-01-28T10:39:29.422+0000] {dag.py:4180} INFO - Setting next_dagrun for example_display_name to None, run_after=None
[2025-01-28T10:39:29.469+0000] {processor.py:208} INFO - Processing /mnt/c/Users/Admin/Desktop/ud_data/Dataslush_umang/airflow/airflow_venv/lib/python3.12/site-packages/airflow/example_dags/example_display_name.py took 0.375 seconds
[2025-01-28T10:41:20.560+0000] {processor.py:186} INFO - Started process (PID=17424) to work on /mnt/c/Users/Admin/Desktop/ud_data/Dataslush_umang/airflow/airflow_venv/lib/python3.12/site-packages/airflow/example_dags/example_display_name.py
[2025-01-28T10:41:20.562+0000] {processor.py:914} INFO - Processing file /mnt/c/Users/Admin/Desktop/ud_data/Dataslush_umang/airflow/airflow_venv/lib/python3.12/site-packages/airflow/example_dags/example_display_name.py for tasks to queue
[2025-01-28T10:41:20.567+0000] {logging_mixin.py:190} INFO - [2025-01-28T10:41:20.565+0000] {dagbag.py:588} INFO - Filling up the DagBag from /mnt/c/Users/Admin/Desktop/ud_data/Dataslush_umang/airflow/airflow_venv/lib/python3.12/site-packages/airflow/example_dags/example_display_name.py
[2025-01-28T10:41:20.660+0000] {processor.py:925} INFO - DAG(s) 'example_display_name' retrieved from /mnt/c/Users/Admin/Desktop/ud_data/Dataslush_umang/airflow/airflow_venv/lib/python3.12/site-packages/airflow/example_dags/example_display_name.py
[2025-01-28T10:41:20.688+0000] {logging_mixin.py:190} INFO - [2025-01-28T10:41:20.686+0000] {dag.py:3239} INFO - Sync 1 DAGs
[2025-01-28T10:41:20.709+0000] {logging_mixin.py:190} INFO - [2025-01-28T10:41:20.706+0000] {dag.py:4180} INFO - Setting next_dagrun for example_display_name to None, run_after=None
[2025-01-28T10:41:20.753+0000] {processor.py:208} INFO - Processing /mnt/c/Users/Admin/Desktop/ud_data/Dataslush_umang/airflow/airflow_venv/lib/python3.12/site-packages/airflow/example_dags/example_display_name.py took 0.218 seconds
[2025-01-28T10:43:09.781+0000] {processor.py:186} INFO - Started process (PID=17727) to work on /mnt/c/Users/Admin/Desktop/ud_data/Dataslush_umang/airflow/airflow_venv/lib/python3.12/site-packages/airflow/example_dags/example_display_name.py
[2025-01-28T10:43:09.786+0000] {processor.py:914} INFO - Processing file /mnt/c/Users/Admin/Desktop/ud_data/Dataslush_umang/airflow/airflow_venv/lib/python3.12/site-packages/airflow/example_dags/example_display_name.py for tasks to queue
[2025-01-28T10:43:09.792+0000] {logging_mixin.py:190} INFO - [2025-01-28T10:43:09.790+0000] {dagbag.py:588} INFO - Filling up the DagBag from /mnt/c/Users/Admin/Desktop/ud_data/Dataslush_umang/airflow/airflow_venv/lib/python3.12/site-packages/airflow/example_dags/example_display_name.py
[2025-01-28T10:43:09.903+0000] {processor.py:925} INFO - DAG(s) 'example_display_name' retrieved from /mnt/c/Users/Admin/Desktop/ud_data/Dataslush_umang/airflow/airflow_venv/lib/python3.12/site-packages/airflow/example_dags/example_display_name.py
[2025-01-28T10:43:09.935+0000] {logging_mixin.py:190} INFO - [2025-01-28T10:43:09.933+0000] {dag.py:3239} INFO - Sync 1 DAGs
[2025-01-28T10:43:09.959+0000] {logging_mixin.py:190} INFO - [2025-01-28T10:43:09.957+0000] {dag.py:4180} INFO - Setting next_dagrun for example_display_name to None, run_after=None
[2025-01-28T10:43:10.020+0000] {processor.py:208} INFO - Processing /mnt/c/Users/Admin/Desktop/ud_data/Dataslush_umang/airflow/airflow_venv/lib/python3.12/site-packages/airflow/example_dags/example_display_name.py took 0.274 seconds
[2025-01-28T10:46:34.086+0000] {processor.py:186} INFO - Started process (PID=17927) to work on /mnt/c/Users/Admin/Desktop/ud_data/Dataslush_umang/airflow/airflow_venv/lib/python3.12/site-packages/airflow/example_dags/example_display_name.py
[2025-01-28T10:46:34.093+0000] {processor.py:914} INFO - Processing file /mnt/c/Users/Admin/Desktop/ud_data/Dataslush_umang/airflow/airflow_venv/lib/python3.12/site-packages/airflow/example_dags/example_display_name.py for tasks to queue
[2025-01-28T10:46:34.101+0000] {logging_mixin.py:190} INFO - [2025-01-28T10:46:34.098+0000] {dagbag.py:588} INFO - Filling up the DagBag from /mnt/c/Users/Admin/Desktop/ud_data/Dataslush_umang/airflow/airflow_venv/lib/python3.12/site-packages/airflow/example_dags/example_display_name.py
[2025-01-28T10:46:34.235+0000] {processor.py:925} INFO - DAG(s) 'example_display_name' retrieved from /mnt/c/Users/Admin/Desktop/ud_data/Dataslush_umang/airflow/airflow_venv/lib/python3.12/site-packages/airflow/example_dags/example_display_name.py
[2025-01-28T10:46:34.270+0000] {logging_mixin.py:190} INFO - [2025-01-28T10:46:34.269+0000] {dag.py:3239} INFO - Sync 1 DAGs
[2025-01-28T10:46:34.301+0000] {logging_mixin.py:190} INFO - [2025-01-28T10:46:34.300+0000] {dag.py:4180} INFO - Setting next_dagrun for example_display_name to None, run_after=None
[2025-01-28T10:46:34.356+0000] {processor.py:208} INFO - Processing /mnt/c/Users/Admin/Desktop/ud_data/Dataslush_umang/airflow/airflow_venv/lib/python3.12/site-packages/airflow/example_dags/example_display_name.py took 0.296 seconds
[2025-01-28T10:48:26.686+0000] {processor.py:186} INFO - Started process (PID=18126) to work on /mnt/c/Users/Admin/Desktop/ud_data/Dataslush_umang/airflow/airflow_venv/lib/python3.12/site-packages/airflow/example_dags/example_display_name.py
[2025-01-28T10:48:26.689+0000] {processor.py:914} INFO - Processing file /mnt/c/Users/Admin/Desktop/ud_data/Dataslush_umang/airflow/airflow_venv/lib/python3.12/site-packages/airflow/example_dags/example_display_name.py for tasks to queue
[2025-01-28T10:48:26.694+0000] {logging_mixin.py:190} INFO - [2025-01-28T10:48:26.693+0000] {dagbag.py:588} INFO - Filling up the DagBag from /mnt/c/Users/Admin/Desktop/ud_data/Dataslush_umang/airflow/airflow_venv/lib/python3.12/site-packages/airflow/example_dags/example_display_name.py
[2025-01-28T10:48:56.871+0000] {processor.py:925} INFO - DAG(s) 'example_display_name' retrieved from /mnt/c/Users/Admin/Desktop/ud_data/Dataslush_umang/airflow/airflow_venv/lib/python3.12/site-packages/airflow/example_dags/example_display_name.py
[2025-01-28T10:48:56.899+0000] {logging_mixin.py:190} INFO - [2025-01-28T10:48:56.897+0000] {dag.py:3239} INFO - Sync 1 DAGs
[2025-01-28T10:48:56.916+0000] {logging_mixin.py:190} INFO - [2025-01-28T10:48:56.915+0000] {dag.py:4180} INFO - Setting next_dagrun for example_display_name to None, run_after=None
[2025-01-28T10:48:57.024+0000] {processor.py:208} INFO - Processing /mnt/c/Users/Admin/Desktop/ud_data/Dataslush_umang/airflow/airflow_venv/lib/python3.12/site-packages/airflow/example_dags/example_display_name.py took 0.270 seconds
[2025-01-28T10:50:27.547+0000] {processor.py:186} INFO - Started process (PID=18331) to work on /mnt/c/Users/Admin/Desktop/ud_data/Dataslush_umang/airflow/airflow_venv/lib/python3.12/site-packages/airflow/example_dags/example_display_name.py
[2025-01-28T10:50:27.859+0000] {processor.py:914} INFO - Processing file /mnt/c/Users/Admin/Desktop/ud_data/Dataslush_umang/airflow/airflow_venv/lib/python3.12/site-packages/airflow/example_dags/example_display_name.py for tasks to queue
[2025-01-28T10:50:27.864+0000] {logging_mixin.py:190} INFO - [2025-01-28T10:50:27.862+0000] {dagbag.py:588} INFO - Filling up the DagBag from /mnt/c/Users/Admin/Desktop/ud_data/Dataslush_umang/airflow/airflow_venv/lib/python3.12/site-packages/airflow/example_dags/example_display_name.py
[2025-01-28T10:50:27.991+0000] {processor.py:925} INFO - DAG(s) 'example_display_name' retrieved from /mnt/c/Users/Admin/Desktop/ud_data/Dataslush_umang/airflow/airflow_venv/lib/python3.12/site-packages/airflow/example_dags/example_display_name.py
[2025-01-28T10:50:28.022+0000] {logging_mixin.py:190} INFO - [2025-01-28T10:50:28.020+0000] {dag.py:3239} INFO - Sync 1 DAGs
[2025-01-28T10:50:28.040+0000] {logging_mixin.py:190} INFO - [2025-01-28T10:50:28.038+0000] {dag.py:4180} INFO - Setting next_dagrun for example_display_name to None, run_after=None
[2025-01-28T10:50:28.177+0000] {processor.py:208} INFO - Processing /mnt/c/Users/Admin/Desktop/ud_data/Dataslush_umang/airflow/airflow_venv/lib/python3.12/site-packages/airflow/example_dags/example_display_name.py took 0.657 seconds
[2025-01-28T10:52:08.621+0000] {processor.py:186} INFO - Started process (PID=18583) to work on /mnt/c/Users/Admin/Desktop/ud_data/Dataslush_umang/airflow/airflow_venv/lib/python3.12/site-packages/airflow/example_dags/example_display_name.py
[2025-01-28T10:52:08.783+0000] {processor.py:914} INFO - Processing file /mnt/c/Users/Admin/Desktop/ud_data/Dataslush_umang/airflow/airflow_venv/lib/python3.12/site-packages/airflow/example_dags/example_display_name.py for tasks to queue
[2025-01-28T10:52:08.848+0000] {logging_mixin.py:190} INFO - [2025-01-28T10:52:08.845+0000] {dagbag.py:588} INFO - Filling up the DagBag from /mnt/c/Users/Admin/Desktop/ud_data/Dataslush_umang/airflow/airflow_venv/lib/python3.12/site-packages/airflow/example_dags/example_display_name.py
[2025-01-28T10:52:08.962+0000] {processor.py:925} INFO - DAG(s) 'example_display_name' retrieved from /mnt/c/Users/Admin/Desktop/ud_data/Dataslush_umang/airflow/airflow_venv/lib/python3.12/site-packages/airflow/example_dags/example_display_name.py
[2025-01-28T10:52:08.994+0000] {logging_mixin.py:190} INFO - [2025-01-28T10:52:08.992+0000] {dag.py:3239} INFO - Sync 1 DAGs
[2025-01-28T10:52:09.022+0000] {logging_mixin.py:190} INFO - [2025-01-28T10:52:09.021+0000] {dag.py:4180} INFO - Setting next_dagrun for example_display_name to None, run_after=None
[2025-01-28T10:52:09.191+0000] {processor.py:208} INFO - Processing /mnt/c/Users/Admin/Desktop/ud_data/Dataslush_umang/airflow/airflow_venv/lib/python3.12/site-packages/airflow/example_dags/example_display_name.py took 0.598 seconds
[2025-01-28T10:53:48.379+0000] {processor.py:186} INFO - Started process (PID=18743) to work on /mnt/c/Users/Admin/Desktop/ud_data/Dataslush_umang/airflow/airflow_venv/lib/python3.12/site-packages/airflow/example_dags/example_display_name.py
[2025-01-28T10:53:48.410+0000] {processor.py:914} INFO - Processing file /mnt/c/Users/Admin/Desktop/ud_data/Dataslush_umang/airflow/airflow_venv/lib/python3.12/site-packages/airflow/example_dags/example_display_name.py for tasks to queue
[2025-01-28T10:53:48.416+0000] {logging_mixin.py:190} INFO - [2025-01-28T10:53:48.414+0000] {dagbag.py:588} INFO - Filling up the DagBag from /mnt/c/Users/Admin/Desktop/ud_data/Dataslush_umang/airflow/airflow_venv/lib/python3.12/site-packages/airflow/example_dags/example_display_name.py
[2025-01-28T10:53:48.540+0000] {processor.py:925} INFO - DAG(s) 'example_display_name' retrieved from /mnt/c/Users/Admin/Desktop/ud_data/Dataslush_umang/airflow/airflow_venv/lib/python3.12/site-packages/airflow/example_dags/example_display_name.py
[2025-01-28T10:53:48.568+0000] {logging_mixin.py:190} INFO - [2025-01-28T10:53:48.566+0000] {dag.py:3239} INFO - Sync 1 DAGs
[2025-01-28T10:53:48.589+0000] {logging_mixin.py:190} INFO - [2025-01-28T10:53:48.588+0000] {dag.py:4180} INFO - Setting next_dagrun for example_display_name to None, run_after=None
[2025-01-28T10:53:49.044+0000] {processor.py:208} INFO - Processing /mnt/c/Users/Admin/Desktop/ud_data/Dataslush_umang/airflow/airflow_venv/lib/python3.12/site-packages/airflow/example_dags/example_display_name.py took 0.699 seconds
[2025-01-28T10:55:36.052+0000] {processor.py:186} INFO - Started process (PID=18914) to work on /mnt/c/Users/Admin/Desktop/ud_data/Dataslush_umang/airflow/airflow_venv/lib/python3.12/site-packages/airflow/example_dags/example_display_name.py
[2025-01-28T10:55:36.055+0000] {processor.py:914} INFO - Processing file /mnt/c/Users/Admin/Desktop/ud_data/Dataslush_umang/airflow/airflow_venv/lib/python3.12/site-packages/airflow/example_dags/example_display_name.py for tasks to queue
[2025-01-28T10:55:36.060+0000] {logging_mixin.py:190} INFO - [2025-01-28T10:55:36.058+0000] {dagbag.py:588} INFO - Filling up the DagBag from /mnt/c/Users/Admin/Desktop/ud_data/Dataslush_umang/airflow/airflow_venv/lib/python3.12/site-packages/airflow/example_dags/example_display_name.py
[2025-01-28T10:55:36.160+0000] {processor.py:925} INFO - DAG(s) 'example_display_name' retrieved from /mnt/c/Users/Admin/Desktop/ud_data/Dataslush_umang/airflow/airflow_venv/lib/python3.12/site-packages/airflow/example_dags/example_display_name.py
[2025-01-28T10:55:36.188+0000] {logging_mixin.py:190} INFO - [2025-01-28T10:55:36.187+0000] {dag.py:3239} INFO - Sync 1 DAGs
[2025-01-28T10:55:36.209+0000] {logging_mixin.py:190} INFO - [2025-01-28T10:55:36.207+0000] {dag.py:4180} INFO - Setting next_dagrun for example_display_name to None, run_after=None
[2025-01-28T10:55:36.269+0000] {processor.py:208} INFO - Processing /mnt/c/Users/Admin/Desktop/ud_data/Dataslush_umang/airflow/airflow_venv/lib/python3.12/site-packages/airflow/example_dags/example_display_name.py took 0.245 seconds
[2025-01-28T10:57:15.399+0000] {processor.py:186} INFO - Started process (PID=19138) to work on /mnt/c/Users/Admin/Desktop/ud_data/Dataslush_umang/airflow/airflow_venv/lib/python3.12/site-packages/airflow/example_dags/example_display_name.py
[2025-01-28T10:57:15.402+0000] {processor.py:914} INFO - Processing file /mnt/c/Users/Admin/Desktop/ud_data/Dataslush_umang/airflow/airflow_venv/lib/python3.12/site-packages/airflow/example_dags/example_display_name.py for tasks to queue
[2025-01-28T10:57:15.409+0000] {logging_mixin.py:190} INFO - [2025-01-28T10:57:15.407+0000] {dagbag.py:588} INFO - Filling up the DagBag from /mnt/c/Users/Admin/Desktop/ud_data/Dataslush_umang/airflow/airflow_venv/lib/python3.12/site-packages/airflow/example_dags/example_display_name.py
[2025-01-28T10:57:15.521+0000] {processor.py:925} INFO - DAG(s) 'example_display_name' retrieved from /mnt/c/Users/Admin/Desktop/ud_data/Dataslush_umang/airflow/airflow_venv/lib/python3.12/site-packages/airflow/example_dags/example_display_name.py
[2025-01-28T10:57:15.549+0000] {logging_mixin.py:190} INFO - [2025-01-28T10:57:15.548+0000] {dag.py:3239} INFO - Sync 1 DAGs
[2025-01-28T10:57:15.570+0000] {logging_mixin.py:190} INFO - [2025-01-28T10:57:15.569+0000] {dag.py:4180} INFO - Setting next_dagrun for example_display_name to None, run_after=None
[2025-01-28T10:57:15.725+0000] {processor.py:208} INFO - Processing /mnt/c/Users/Admin/Desktop/ud_data/Dataslush_umang/airflow/airflow_venv/lib/python3.12/site-packages/airflow/example_dags/example_display_name.py took 0.356 seconds
[2025-01-28T10:58:39.846+0000] {processor.py:186} INFO - Started process (PID=19310) to work on /mnt/c/Users/Admin/Desktop/ud_data/Dataslush_umang/airflow/airflow_venv/lib/python3.12/site-packages/airflow/example_dags/example_display_name.py
[2025-01-28T10:58:39.849+0000] {processor.py:914} INFO - Processing file /mnt/c/Users/Admin/Desktop/ud_data/Dataslush_umang/airflow/airflow_venv/lib/python3.12/site-packages/airflow/example_dags/example_display_name.py for tasks to queue
[2025-01-28T10:58:39.855+0000] {logging_mixin.py:190} INFO - [2025-01-28T10:58:39.853+0000] {dagbag.py:588} INFO - Filling up the DagBag from /mnt/c/Users/Admin/Desktop/ud_data/Dataslush_umang/airflow/airflow_venv/lib/python3.12/site-packages/airflow/example_dags/example_display_name.py
[2025-01-28T10:58:39.962+0000] {processor.py:925} INFO - DAG(s) 'example_display_name' retrieved from /mnt/c/Users/Admin/Desktop/ud_data/Dataslush_umang/airflow/airflow_venv/lib/python3.12/site-packages/airflow/example_dags/example_display_name.py
[2025-01-28T10:58:40.004+0000] {logging_mixin.py:190} INFO - [2025-01-28T10:58:40.002+0000] {dag.py:3239} INFO - Sync 1 DAGs
[2025-01-28T10:58:40.029+0000] {logging_mixin.py:190} INFO - [2025-01-28T10:58:40.028+0000] {dag.py:4180} INFO - Setting next_dagrun for example_display_name to None, run_after=None
[2025-01-28T10:58:40.072+0000] {processor.py:208} INFO - Processing /mnt/c/Users/Admin/Desktop/ud_data/Dataslush_umang/airflow/airflow_venv/lib/python3.12/site-packages/airflow/example_dags/example_display_name.py took 0.256 seconds
[2025-01-28T11:00:17.115+0000] {processor.py:186} INFO - Started process (PID=19476) to work on /mnt/c/Users/Admin/Desktop/ud_data/Dataslush_umang/airflow/airflow_venv/lib/python3.12/site-packages/airflow/example_dags/example_display_name.py
[2025-01-28T11:00:17.118+0000] {processor.py:914} INFO - Processing file /mnt/c/Users/Admin/Desktop/ud_data/Dataslush_umang/airflow/airflow_venv/lib/python3.12/site-packages/airflow/example_dags/example_display_name.py for tasks to queue
[2025-01-28T11:00:17.125+0000] {logging_mixin.py:190} INFO - [2025-01-28T11:00:17.122+0000] {dagbag.py:588} INFO - Filling up the DagBag from /mnt/c/Users/Admin/Desktop/ud_data/Dataslush_umang/airflow/airflow_venv/lib/python3.12/site-packages/airflow/example_dags/example_display_name.py
[2025-01-28T11:00:17.220+0000] {processor.py:925} INFO - DAG(s) 'example_display_name' retrieved from /mnt/c/Users/Admin/Desktop/ud_data/Dataslush_umang/airflow/airflow_venv/lib/python3.12/site-packages/airflow/example_dags/example_display_name.py
[2025-01-28T11:00:17.249+0000] {logging_mixin.py:190} INFO - [2025-01-28T11:00:17.248+0000] {dag.py:3239} INFO - Sync 1 DAGs
[2025-01-28T11:00:17.269+0000] {logging_mixin.py:190} INFO - [2025-01-28T11:00:17.268+0000] {dag.py:4180} INFO - Setting next_dagrun for example_display_name to None, run_after=None
[2025-01-28T11:00:17.309+0000] {processor.py:208} INFO - Processing /mnt/c/Users/Admin/Desktop/ud_data/Dataslush_umang/airflow/airflow_venv/lib/python3.12/site-packages/airflow/example_dags/example_display_name.py took 0.226 seconds
[2025-01-28T11:02:55.685+0000] {processor.py:186} INFO - Started process (PID=19665) to work on /mnt/c/Users/Admin/Desktop/ud_data/Dataslush_umang/airflow/airflow_venv/lib/python3.12/site-packages/airflow/example_dags/example_display_name.py
[2025-01-28T11:02:55.689+0000] {processor.py:914} INFO - Processing file /mnt/c/Users/Admin/Desktop/ud_data/Dataslush_umang/airflow/airflow_venv/lib/python3.12/site-packages/airflow/example_dags/example_display_name.py for tasks to queue
[2025-01-28T11:02:55.695+0000] {logging_mixin.py:190} INFO - [2025-01-28T11:02:55.693+0000] {dagbag.py:588} INFO - Filling up the DagBag from /mnt/c/Users/Admin/Desktop/ud_data/Dataslush_umang/airflow/airflow_venv/lib/python3.12/site-packages/airflow/example_dags/example_display_name.py
[2025-01-28T11:02:55.790+0000] {processor.py:925} INFO - DAG(s) 'example_display_name' retrieved from /mnt/c/Users/Admin/Desktop/ud_data/Dataslush_umang/airflow/airflow_venv/lib/python3.12/site-packages/airflow/example_dags/example_display_name.py
[2025-01-28T11:02:55.826+0000] {logging_mixin.py:190} INFO - [2025-01-28T11:02:55.824+0000] {dag.py:3239} INFO - Sync 1 DAGs
[2025-01-28T11:02:55.849+0000] {logging_mixin.py:190} INFO - [2025-01-28T11:02:55.847+0000] {dag.py:4180} INFO - Setting next_dagrun for example_display_name to None, run_after=None
[2025-01-28T11:02:55.891+0000] {processor.py:208} INFO - Processing /mnt/c/Users/Admin/Desktop/ud_data/Dataslush_umang/airflow/airflow_venv/lib/python3.12/site-packages/airflow/example_dags/example_display_name.py took 0.234 seconds
[2025-01-28T11:04:47.283+0000] {processor.py:186} INFO - Started process (PID=19931) to work on /mnt/c/Users/Admin/Desktop/ud_data/Dataslush_umang/airflow/airflow_venv/lib/python3.12/site-packages/airflow/example_dags/example_display_name.py
[2025-01-28T11:04:47.286+0000] {processor.py:914} INFO - Processing file /mnt/c/Users/Admin/Desktop/ud_data/Dataslush_umang/airflow/airflow_venv/lib/python3.12/site-packages/airflow/example_dags/example_display_name.py for tasks to queue
[2025-01-28T11:04:47.293+0000] {logging_mixin.py:190} INFO - [2025-01-28T11:04:47.291+0000] {dagbag.py:588} INFO - Filling up the DagBag from /mnt/c/Users/Admin/Desktop/ud_data/Dataslush_umang/airflow/airflow_venv/lib/python3.12/site-packages/airflow/example_dags/example_display_name.py
[2025-01-28T11:04:47.401+0000] {processor.py:925} INFO - DAG(s) 'example_display_name' retrieved from /mnt/c/Users/Admin/Desktop/ud_data/Dataslush_umang/airflow/airflow_venv/lib/python3.12/site-packages/airflow/example_dags/example_display_name.py
[2025-01-28T11:04:47.429+0000] {logging_mixin.py:190} INFO - [2025-01-28T11:04:47.428+0000] {dag.py:3239} INFO - Sync 1 DAGs
[2025-01-28T11:04:47.449+0000] {logging_mixin.py:190} INFO - [2025-01-28T11:04:47.448+0000] {dag.py:4180} INFO - Setting next_dagrun for example_display_name to None, run_after=None
[2025-01-28T11:04:47.493+0000] {processor.py:208} INFO - Processing /mnt/c/Users/Admin/Desktop/ud_data/Dataslush_umang/airflow/airflow_venv/lib/python3.12/site-packages/airflow/example_dags/example_display_name.py took 0.237 seconds
[2025-01-28T11:07:23.878+0000] {processor.py:186} INFO - Started process (PID=20056) to work on /mnt/c/Users/Admin/Desktop/ud_data/Dataslush_umang/airflow/airflow_venv/lib/python3.12/site-packages/airflow/example_dags/example_display_name.py
[2025-01-28T11:07:23.881+0000] {processor.py:914} INFO - Processing file /mnt/c/Users/Admin/Desktop/ud_data/Dataslush_umang/airflow/airflow_venv/lib/python3.12/site-packages/airflow/example_dags/example_display_name.py for tasks to queue
[2025-01-28T11:07:23.892+0000] {logging_mixin.py:190} INFO - [2025-01-28T11:07:23.889+0000] {dagbag.py:588} INFO - Filling up the DagBag from /mnt/c/Users/Admin/Desktop/ud_data/Dataslush_umang/airflow/airflow_venv/lib/python3.12/site-packages/airflow/example_dags/example_display_name.py
[2025-01-28T11:07:24.009+0000] {processor.py:925} INFO - DAG(s) 'example_display_name' retrieved from /mnt/c/Users/Admin/Desktop/ud_data/Dataslush_umang/airflow/airflow_venv/lib/python3.12/site-packages/airflow/example_dags/example_display_name.py
[2025-01-28T11:06:53.985+0000] {logging_mixin.py:190} INFO - [2025-01-28T11:06:53.979+0000] {dag.py:3239} INFO - Sync 1 DAGs
[2025-01-28T11:06:54.027+0000] {logging_mixin.py:190} INFO - [2025-01-28T11:06:54.024+0000] {dag.py:4180} INFO - Setting next_dagrun for example_display_name to None, run_after=None
[2025-01-28T11:06:55.255+0000] {processor.py:208} INFO - Processing /mnt/c/Users/Admin/Desktop/ud_data/Dataslush_umang/airflow/airflow_venv/lib/python3.12/site-packages/airflow/example_dags/example_display_name.py took 1.488 seconds
[2025-01-28T11:08:26.962+0000] {processor.py:186} INFO - Started process (PID=20208) to work on /mnt/c/Users/Admin/Desktop/ud_data/Dataslush_umang/airflow/airflow_venv/lib/python3.12/site-packages/airflow/example_dags/example_display_name.py
[2025-01-28T11:08:26.967+0000] {processor.py:914} INFO - Processing file /mnt/c/Users/Admin/Desktop/ud_data/Dataslush_umang/airflow/airflow_venv/lib/python3.12/site-packages/airflow/example_dags/example_display_name.py for tasks to queue
[2025-01-28T11:08:26.976+0000] {logging_mixin.py:190} INFO - [2025-01-28T11:08:26.973+0000] {dagbag.py:588} INFO - Filling up the DagBag from /mnt/c/Users/Admin/Desktop/ud_data/Dataslush_umang/airflow/airflow_venv/lib/python3.12/site-packages/airflow/example_dags/example_display_name.py
[2025-01-28T11:08:27.102+0000] {processor.py:925} INFO - DAG(s) 'example_display_name' retrieved from /mnt/c/Users/Admin/Desktop/ud_data/Dataslush_umang/airflow/airflow_venv/lib/python3.12/site-packages/airflow/example_dags/example_display_name.py
[2025-01-28T11:08:27.145+0000] {logging_mixin.py:190} INFO - [2025-01-28T11:08:27.143+0000] {dag.py:3239} INFO - Sync 1 DAGs
[2025-01-28T11:08:27.164+0000] {logging_mixin.py:190} INFO - [2025-01-28T11:08:27.163+0000] {dag.py:4180} INFO - Setting next_dagrun for example_display_name to None, run_after=None
[2025-01-28T11:08:27.210+0000] {processor.py:208} INFO - Processing /mnt/c/Users/Admin/Desktop/ud_data/Dataslush_umang/airflow/airflow_venv/lib/python3.12/site-packages/airflow/example_dags/example_display_name.py took 0.279 seconds
[2025-01-28T11:11:19.311+0000] {processor.py:186} INFO - Started process (PID=20483) to work on /mnt/c/Users/Admin/Desktop/ud_data/Dataslush_umang/airflow/airflow_venv/lib/python3.12/site-packages/airflow/example_dags/example_display_name.py
[2025-01-28T11:11:19.314+0000] {processor.py:914} INFO - Processing file /mnt/c/Users/Admin/Desktop/ud_data/Dataslush_umang/airflow/airflow_venv/lib/python3.12/site-packages/airflow/example_dags/example_display_name.py for tasks to queue
[2025-01-28T11:11:19.320+0000] {logging_mixin.py:190} INFO - [2025-01-28T11:11:19.319+0000] {dagbag.py:588} INFO - Filling up the DagBag from /mnt/c/Users/Admin/Desktop/ud_data/Dataslush_umang/airflow/airflow_venv/lib/python3.12/site-packages/airflow/example_dags/example_display_name.py
[2025-01-28T11:11:19.440+0000] {processor.py:925} INFO - DAG(s) 'example_display_name' retrieved from /mnt/c/Users/Admin/Desktop/ud_data/Dataslush_umang/airflow/airflow_venv/lib/python3.12/site-packages/airflow/example_dags/example_display_name.py
[2025-01-28T11:10:49.395+0000] {logging_mixin.py:190} INFO - [2025-01-28T11:10:49.393+0000] {dag.py:3239} INFO - Sync 1 DAGs
[2025-01-28T11:10:49.421+0000] {logging_mixin.py:190} INFO - [2025-01-28T11:10:49.420+0000] {dag.py:4180} INFO - Setting next_dagrun for example_display_name to None, run_after=None
[2025-01-28T11:10:50.339+0000] {processor.py:208} INFO - Processing /mnt/c/Users/Admin/Desktop/ud_data/Dataslush_umang/airflow/airflow_venv/lib/python3.12/site-packages/airflow/example_dags/example_display_name.py took 1.134 seconds
[2025-01-28T11:12:26.789+0000] {processor.py:186} INFO - Started process (PID=20599) to work on /mnt/c/Users/Admin/Desktop/ud_data/Dataslush_umang/airflow/airflow_venv/lib/python3.12/site-packages/airflow/example_dags/example_display_name.py
[2025-01-28T11:12:26.919+0000] {processor.py:914} INFO - Processing file /mnt/c/Users/Admin/Desktop/ud_data/Dataslush_umang/airflow/airflow_venv/lib/python3.12/site-packages/airflow/example_dags/example_display_name.py for tasks to queue
[2025-01-28T11:12:26.927+0000] {logging_mixin.py:190} INFO - [2025-01-28T11:12:26.925+0000] {dagbag.py:588} INFO - Filling up the DagBag from /mnt/c/Users/Admin/Desktop/ud_data/Dataslush_umang/airflow/airflow_venv/lib/python3.12/site-packages/airflow/example_dags/example_display_name.py
[2025-01-28T11:12:27.042+0000] {processor.py:925} INFO - DAG(s) 'example_display_name' retrieved from /mnt/c/Users/Admin/Desktop/ud_data/Dataslush_umang/airflow/airflow_venv/lib/python3.12/site-packages/airflow/example_dags/example_display_name.py
[2025-01-28T11:12:27.069+0000] {logging_mixin.py:190} INFO - [2025-01-28T11:12:27.068+0000] {dag.py:3239} INFO - Sync 1 DAGs
[2025-01-28T11:12:27.090+0000] {logging_mixin.py:190} INFO - [2025-01-28T11:12:27.089+0000] {dag.py:4180} INFO - Setting next_dagrun for example_display_name to None, run_after=None
[2025-01-28T11:12:27.135+0000] {processor.py:208} INFO - Processing /mnt/c/Users/Admin/Desktop/ud_data/Dataslush_umang/airflow/airflow_venv/lib/python3.12/site-packages/airflow/example_dags/example_display_name.py took 0.374 seconds
[2025-01-28T11:14:05.955+0000] {processor.py:186} INFO - Started process (PID=20713) to work on /mnt/c/Users/Admin/Desktop/ud_data/Dataslush_umang/airflow/airflow_venv/lib/python3.12/site-packages/airflow/example_dags/example_display_name.py
[2025-01-28T11:14:05.977+0000] {processor.py:914} INFO - Processing file /mnt/c/Users/Admin/Desktop/ud_data/Dataslush_umang/airflow/airflow_venv/lib/python3.12/site-packages/airflow/example_dags/example_display_name.py for tasks to queue
[2025-01-28T11:14:05.983+0000] {logging_mixin.py:190} INFO - [2025-01-28T11:14:05.981+0000] {dagbag.py:588} INFO - Filling up the DagBag from /mnt/c/Users/Admin/Desktop/ud_data/Dataslush_umang/airflow/airflow_venv/lib/python3.12/site-packages/airflow/example_dags/example_display_name.py
[2025-01-28T11:14:06.099+0000] {processor.py:925} INFO - DAG(s) 'example_display_name' retrieved from /mnt/c/Users/Admin/Desktop/ud_data/Dataslush_umang/airflow/airflow_venv/lib/python3.12/site-packages/airflow/example_dags/example_display_name.py
[2025-01-28T11:14:06.132+0000] {logging_mixin.py:190} INFO - [2025-01-28T11:14:06.130+0000] {dag.py:3239} INFO - Sync 1 DAGs
[2025-01-28T11:14:06.157+0000] {logging_mixin.py:190} INFO - [2025-01-28T11:14:06.155+0000] {dag.py:4180} INFO - Setting next_dagrun for example_display_name to None, run_after=None
[2025-01-28T11:14:06.202+0000] {processor.py:208} INFO - Processing /mnt/c/Users/Admin/Desktop/ud_data/Dataslush_umang/airflow/airflow_venv/lib/python3.12/site-packages/airflow/example_dags/example_display_name.py took 0.271 seconds
