[2025-01-28T10:13:09.405+0000] {processor.py:186} INFO - Started process (PID=14815) to work on /mnt/c/Users/Admin/Desktop/ud_data/Dataslush_umang/airflow/airflow_venv/lib/python3.12/site-packages/airflow/example_dags/example_latest_only.py
[2025-01-28T10:13:09.407+0000] {processor.py:914} INFO - Processing file /mnt/c/Users/Admin/Desktop/ud_data/Dataslush_umang/airflow/airflow_venv/lib/python3.12/site-packages/airflow/example_dags/example_latest_only.py for tasks to queue
[2025-01-28T10:13:09.413+0000] {logging_mixin.py:190} INFO - [2025-01-28T10:13:09.411+0000] {dagbag.py:588} INFO - Filling up the DagBag from /mnt/c/Users/Admin/Desktop/ud_data/Dataslush_umang/airflow/airflow_venv/lib/python3.12/site-packages/airflow/example_dags/example_latest_only.py
[2025-01-28T10:13:09.510+0000] {processor.py:925} INFO - DAG(s) 'latest_only' retrieved from /mnt/c/Users/Admin/Desktop/ud_data/Dataslush_umang/airflow/airflow_venv/lib/python3.12/site-packages/airflow/example_dags/example_latest_only.py
[2025-01-28T10:13:11.380+0000] {logging_mixin.py:190} INFO - [2025-01-28T10:13:11.378+0000] {override.py:1912} INFO - Created Permission View: can edit on DAG:latest_only
[2025-01-28T10:13:11.409+0000] {logging_mixin.py:190} INFO - [2025-01-28T10:13:11.407+0000] {override.py:1912} INFO - Created Permission View: can read on DAG:latest_only
[2025-01-28T10:13:11.433+0000] {logging_mixin.py:190} INFO - [2025-01-28T10:13:11.431+0000] {override.py:1912} INFO - Created Permission View: can delete on DAG:latest_only
[2025-01-28T10:13:11.476+0000] {logging_mixin.py:190} INFO - [2025-01-28T10:13:11.474+0000] {override.py:1912} INFO - Created Permission View: can create on DAG Run:latest_only
[2025-01-28T10:13:11.502+0000] {logging_mixin.py:190} INFO - [2025-01-28T10:13:11.500+0000] {override.py:1912} INFO - Created Permission View: menu access on DAG Run:latest_only
[2025-01-28T10:13:11.547+0000] {logging_mixin.py:190} INFO - [2025-01-28T10:13:11.545+0000] {override.py:1912} INFO - Created Permission View: can read on DAG Run:latest_only
[2025-01-28T10:13:11.573+0000] {logging_mixin.py:190} INFO - [2025-01-28T10:13:11.571+0000] {override.py:1912} INFO - Created Permission View: can delete on DAG Run:latest_only
[2025-01-28T10:13:11.576+0000] {logging_mixin.py:190} INFO - [2025-01-28T10:13:11.575+0000] {dag.py:3239} INFO - Sync 1 DAGs
[2025-01-28T10:13:11.592+0000] {logging_mixin.py:190} INFO - [2025-01-28T10:13:11.590+0000] {dag.py:3262} INFO - Creating ORM DAG for latest_only
[2025-01-28T10:13:11.613+0000] {logging_mixin.py:190} INFO - [2025-01-28T10:13:11.611+0000] {dag.py:4180} INFO - Setting next_dagrun for latest_only to 2025-01-28 04:00:00+00:00, run_after=2025-01-28 08:00:00+00:00
[2025-01-28T10:13:11.688+0000] {processor.py:208} INFO - Processing /mnt/c/Users/Admin/Desktop/ud_data/Dataslush_umang/airflow/airflow_venv/lib/python3.12/site-packages/airflow/example_dags/example_latest_only.py took 2.304 seconds
[2025-01-28T10:15:28.035+0000] {processor.py:186} INFO - Started process (PID=14994) to work on /mnt/c/Users/Admin/Desktop/ud_data/Dataslush_umang/airflow/airflow_venv/lib/python3.12/site-packages/airflow/example_dags/example_latest_only.py
[2025-01-28T10:15:28.039+0000] {processor.py:914} INFO - Processing file /mnt/c/Users/Admin/Desktop/ud_data/Dataslush_umang/airflow/airflow_venv/lib/python3.12/site-packages/airflow/example_dags/example_latest_only.py for tasks to queue
[2025-01-28T10:15:28.045+0000] {logging_mixin.py:190} INFO - [2025-01-28T10:15:28.043+0000] {dagbag.py:588} INFO - Filling up the DagBag from /mnt/c/Users/Admin/Desktop/ud_data/Dataslush_umang/airflow/airflow_venv/lib/python3.12/site-packages/airflow/example_dags/example_latest_only.py
[2025-01-28T10:15:28.149+0000] {processor.py:925} INFO - DAG(s) 'latest_only' retrieved from /mnt/c/Users/Admin/Desktop/ud_data/Dataslush_umang/airflow/airflow_venv/lib/python3.12/site-packages/airflow/example_dags/example_latest_only.py
[2025-01-28T10:15:28.176+0000] {logging_mixin.py:190} INFO - [2025-01-28T10:15:28.174+0000] {dag.py:3239} INFO - Sync 1 DAGs
[2025-01-28T10:15:58.301+0000] {logging_mixin.py:190} INFO - [2025-01-28T10:15:58.299+0000] {dag.py:4180} INFO - Setting next_dagrun for latest_only to 2025-01-28 04:00:00+00:00, run_after=2025-01-28 08:00:00+00:00
[2025-01-28T10:15:58.345+0000] {processor.py:208} INFO - Processing /mnt/c/Users/Admin/Desktop/ud_data/Dataslush_umang/airflow/airflow_venv/lib/python3.12/site-packages/airflow/example_dags/example_latest_only.py took 0.250 seconds
[2025-01-28T10:17:08.814+0000] {processor.py:186} INFO - Started process (PID=15183) to work on /mnt/c/Users/Admin/Desktop/ud_data/Dataslush_umang/airflow/airflow_venv/lib/python3.12/site-packages/airflow/example_dags/example_latest_only.py
[2025-01-28T10:17:08.883+0000] {processor.py:914} INFO - Processing file /mnt/c/Users/Admin/Desktop/ud_data/Dataslush_umang/airflow/airflow_venv/lib/python3.12/site-packages/airflow/example_dags/example_latest_only.py for tasks to queue
[2025-01-28T10:17:08.890+0000] {logging_mixin.py:190} INFO - [2025-01-28T10:17:08.887+0000] {dagbag.py:588} INFO - Filling up the DagBag from /mnt/c/Users/Admin/Desktop/ud_data/Dataslush_umang/airflow/airflow_venv/lib/python3.12/site-packages/airflow/example_dags/example_latest_only.py
[2025-01-28T10:17:08.972+0000] {processor.py:925} INFO - DAG(s) 'latest_only' retrieved from /mnt/c/Users/Admin/Desktop/ud_data/Dataslush_umang/airflow/airflow_venv/lib/python3.12/site-packages/airflow/example_dags/example_latest_only.py
[2025-01-28T10:17:08.995+0000] {logging_mixin.py:190} INFO - [2025-01-28T10:17:08.993+0000] {dag.py:3239} INFO - Sync 1 DAGs
[2025-01-28T10:17:09.024+0000] {logging_mixin.py:190} INFO - [2025-01-28T10:17:09.023+0000] {dag.py:4180} INFO - Setting next_dagrun for latest_only to 2025-01-28 04:00:00+00:00, run_after=2025-01-28 08:00:00+00:00
[2025-01-28T10:17:10.636+0000] {processor.py:208} INFO - Processing /mnt/c/Users/Admin/Desktop/ud_data/Dataslush_umang/airflow/airflow_venv/lib/python3.12/site-packages/airflow/example_dags/example_latest_only.py took 1.851 seconds
[2025-01-28T10:19:30.157+0000] {processor.py:186} INFO - Started process (PID=15413) to work on /mnt/c/Users/Admin/Desktop/ud_data/Dataslush_umang/airflow/airflow_venv/lib/python3.12/site-packages/airflow/example_dags/example_latest_only.py
[2025-01-28T10:19:30.616+0000] {processor.py:914} INFO - Processing file /mnt/c/Users/Admin/Desktop/ud_data/Dataslush_umang/airflow/airflow_venv/lib/python3.12/site-packages/airflow/example_dags/example_latest_only.py for tasks to queue
[2025-01-28T10:19:30.626+0000] {logging_mixin.py:190} INFO - [2025-01-28T10:19:30.622+0000] {dagbag.py:588} INFO - Filling up the DagBag from /mnt/c/Users/Admin/Desktop/ud_data/Dataslush_umang/airflow/airflow_venv/lib/python3.12/site-packages/airflow/example_dags/example_latest_only.py
[2025-01-28T10:19:30.852+0000] {processor.py:925} INFO - DAG(s) 'latest_only' retrieved from /mnt/c/Users/Admin/Desktop/ud_data/Dataslush_umang/airflow/airflow_venv/lib/python3.12/site-packages/airflow/example_dags/example_latest_only.py
[2025-01-28T10:19:30.923+0000] {logging_mixin.py:190} INFO - [2025-01-28T10:19:30.921+0000] {dag.py:3239} INFO - Sync 1 DAGs
[2025-01-28T10:19:30.973+0000] {logging_mixin.py:190} INFO - [2025-01-28T10:19:30.971+0000] {dag.py:4180} INFO - Setting next_dagrun for latest_only to 2025-01-28 04:00:00+00:00, run_after=2025-01-28 08:00:00+00:00
[2025-01-28T10:19:31.018+0000] {processor.py:208} INFO - Processing /mnt/c/Users/Admin/Desktop/ud_data/Dataslush_umang/airflow/airflow_venv/lib/python3.12/site-packages/airflow/example_dags/example_latest_only.py took 0.931 seconds
[2025-01-28T10:22:37.278+0000] {processor.py:186} INFO - Started process (PID=15705) to work on /mnt/c/Users/Admin/Desktop/ud_data/Dataslush_umang/airflow/airflow_venv/lib/python3.12/site-packages/airflow/example_dags/example_latest_only.py
[2025-01-28T10:22:37.286+0000] {processor.py:914} INFO - Processing file /mnt/c/Users/Admin/Desktop/ud_data/Dataslush_umang/airflow/airflow_venv/lib/python3.12/site-packages/airflow/example_dags/example_latest_only.py for tasks to queue
[2025-01-28T10:22:37.299+0000] {logging_mixin.py:190} INFO - [2025-01-28T10:22:37.295+0000] {dagbag.py:588} INFO - Filling up the DagBag from /mnt/c/Users/Admin/Desktop/ud_data/Dataslush_umang/airflow/airflow_venv/lib/python3.12/site-packages/airflow/example_dags/example_latest_only.py
[2025-01-28T10:22:37.608+0000] {processor.py:925} INFO - DAG(s) 'latest_only' retrieved from /mnt/c/Users/Admin/Desktop/ud_data/Dataslush_umang/airflow/airflow_venv/lib/python3.12/site-packages/airflow/example_dags/example_latest_only.py
[2025-01-28T10:22:37.632+0000] {logging_mixin.py:190} INFO - [2025-01-28T10:22:37.631+0000] {dag.py:3239} INFO - Sync 1 DAGs
[2025-01-28T10:22:37.664+0000] {logging_mixin.py:190} INFO - [2025-01-28T10:22:37.663+0000] {dag.py:4180} INFO - Setting next_dagrun for latest_only to 2025-01-28 04:00:00+00:00, run_after=2025-01-28 08:00:00+00:00
[2025-01-28T10:22:37.814+0000] {processor.py:208} INFO - Processing /mnt/c/Users/Admin/Desktop/ud_data/Dataslush_umang/airflow/airflow_venv/lib/python3.12/site-packages/airflow/example_dags/example_latest_only.py took 0.596 seconds
[2025-01-28T10:24:21.985+0000] {processor.py:186} INFO - Started process (PID=15872) to work on /mnt/c/Users/Admin/Desktop/ud_data/Dataslush_umang/airflow/airflow_venv/lib/python3.12/site-packages/airflow/example_dags/example_latest_only.py
[2025-01-28T10:24:21.991+0000] {processor.py:914} INFO - Processing file /mnt/c/Users/Admin/Desktop/ud_data/Dataslush_umang/airflow/airflow_venv/lib/python3.12/site-packages/airflow/example_dags/example_latest_only.py for tasks to queue
[2025-01-28T10:24:22.001+0000] {logging_mixin.py:190} INFO - [2025-01-28T10:24:21.997+0000] {dagbag.py:588} INFO - Filling up the DagBag from /mnt/c/Users/Admin/Desktop/ud_data/Dataslush_umang/airflow/airflow_venv/lib/python3.12/site-packages/airflow/example_dags/example_latest_only.py
[2025-01-28T10:24:22.217+0000] {processor.py:925} INFO - DAG(s) 'latest_only' retrieved from /mnt/c/Users/Admin/Desktop/ud_data/Dataslush_umang/airflow/airflow_venv/lib/python3.12/site-packages/airflow/example_dags/example_latest_only.py
[2025-01-28T10:24:22.257+0000] {logging_mixin.py:190} INFO - [2025-01-28T10:24:22.256+0000] {dag.py:3239} INFO - Sync 1 DAGs
[2025-01-28T10:24:22.308+0000] {logging_mixin.py:190} INFO - [2025-01-28T10:24:22.306+0000] {dag.py:4180} INFO - Setting next_dagrun for latest_only to 2025-01-28 04:00:00+00:00, run_after=2025-01-28 08:00:00+00:00
[2025-01-28T10:24:22.353+0000] {processor.py:208} INFO - Processing /mnt/c/Users/Admin/Desktop/ud_data/Dataslush_umang/airflow/airflow_venv/lib/python3.12/site-packages/airflow/example_dags/example_latest_only.py took 0.416 seconds
[2025-01-28T10:26:06.921+0000] {processor.py:186} INFO - Started process (PID=16120) to work on /mnt/c/Users/Admin/Desktop/ud_data/Dataslush_umang/airflow/airflow_venv/lib/python3.12/site-packages/airflow/example_dags/example_latest_only.py
[2025-01-28T10:26:06.958+0000] {processor.py:914} INFO - Processing file /mnt/c/Users/Admin/Desktop/ud_data/Dataslush_umang/airflow/airflow_venv/lib/python3.12/site-packages/airflow/example_dags/example_latest_only.py for tasks to queue
[2025-01-28T10:26:06.965+0000] {logging_mixin.py:190} INFO - [2025-01-28T10:26:06.963+0000] {dagbag.py:588} INFO - Filling up the DagBag from /mnt/c/Users/Admin/Desktop/ud_data/Dataslush_umang/airflow/airflow_venv/lib/python3.12/site-packages/airflow/example_dags/example_latest_only.py
[2025-01-28T10:26:07.077+0000] {processor.py:925} INFO - DAG(s) 'latest_only' retrieved from /mnt/c/Users/Admin/Desktop/ud_data/Dataslush_umang/airflow/airflow_venv/lib/python3.12/site-packages/airflow/example_dags/example_latest_only.py
[2025-01-28T10:26:07.126+0000] {logging_mixin.py:190} INFO - [2025-01-28T10:26:07.123+0000] {dag.py:3239} INFO - Sync 1 DAGs
[2025-01-28T10:26:07.190+0000] {logging_mixin.py:190} INFO - [2025-01-28T10:26:07.188+0000] {dag.py:4180} INFO - Setting next_dagrun for latest_only to 2025-01-28 04:00:00+00:00, run_after=2025-01-28 08:00:00+00:00
[2025-01-28T10:26:07.902+0000] {processor.py:208} INFO - Processing /mnt/c/Users/Admin/Desktop/ud_data/Dataslush_umang/airflow/airflow_venv/lib/python3.12/site-packages/airflow/example_dags/example_latest_only.py took 1.006 seconds
[2025-01-28T10:28:47.630+0000] {processor.py:186} INFO - Started process (PID=16328) to work on /mnt/c/Users/Admin/Desktop/ud_data/Dataslush_umang/airflow/airflow_venv/lib/python3.12/site-packages/airflow/example_dags/example_latest_only.py
[2025-01-28T10:28:47.638+0000] {processor.py:914} INFO - Processing file /mnt/c/Users/Admin/Desktop/ud_data/Dataslush_umang/airflow/airflow_venv/lib/python3.12/site-packages/airflow/example_dags/example_latest_only.py for tasks to queue
[2025-01-28T10:28:47.653+0000] {logging_mixin.py:190} INFO - [2025-01-28T10:28:47.648+0000] {dagbag.py:588} INFO - Filling up the DagBag from /mnt/c/Users/Admin/Desktop/ud_data/Dataslush_umang/airflow/airflow_venv/lib/python3.12/site-packages/airflow/example_dags/example_latest_only.py
[2025-01-28T10:28:47.939+0000] {processor.py:925} INFO - DAG(s) 'latest_only' retrieved from /mnt/c/Users/Admin/Desktop/ud_data/Dataslush_umang/airflow/airflow_venv/lib/python3.12/site-packages/airflow/example_dags/example_latest_only.py
[2025-01-28T10:28:47.983+0000] {logging_mixin.py:190} INFO - [2025-01-28T10:28:47.980+0000] {dag.py:3239} INFO - Sync 1 DAGs
[2025-01-28T10:28:48.073+0000] {logging_mixin.py:190} INFO - [2025-01-28T10:28:48.070+0000] {dag.py:4180} INFO - Setting next_dagrun for latest_only to 2025-01-28 04:00:00+00:00, run_after=2025-01-28 08:00:00+00:00
[2025-01-28T10:28:48.170+0000] {processor.py:208} INFO - Processing /mnt/c/Users/Admin/Desktop/ud_data/Dataslush_umang/airflow/airflow_venv/lib/python3.12/site-packages/airflow/example_dags/example_latest_only.py took 0.611 seconds
[2025-01-28T10:31:18.530+0000] {processor.py:186} INFO - Started process (PID=16537) to work on /mnt/c/Users/Admin/Desktop/ud_data/Dataslush_umang/airflow/airflow_venv/lib/python3.12/site-packages/airflow/example_dags/example_latest_only.py
[2025-01-28T10:31:18.532+0000] {processor.py:914} INFO - Processing file /mnt/c/Users/Admin/Desktop/ud_data/Dataslush_umang/airflow/airflow_venv/lib/python3.12/site-packages/airflow/example_dags/example_latest_only.py for tasks to queue
[2025-01-28T10:31:18.539+0000] {logging_mixin.py:190} INFO - [2025-01-28T10:31:18.537+0000] {dagbag.py:588} INFO - Filling up the DagBag from /mnt/c/Users/Admin/Desktop/ud_data/Dataslush_umang/airflow/airflow_venv/lib/python3.12/site-packages/airflow/example_dags/example_latest_only.py
[2025-01-28T10:31:18.639+0000] {processor.py:925} INFO - DAG(s) 'latest_only' retrieved from /mnt/c/Users/Admin/Desktop/ud_data/Dataslush_umang/airflow/airflow_venv/lib/python3.12/site-packages/airflow/example_dags/example_latest_only.py
[2025-01-28T10:31:18.669+0000] {logging_mixin.py:190} INFO - [2025-01-28T10:31:18.668+0000] {dag.py:3239} INFO - Sync 1 DAGs
[2025-01-28T10:31:18.706+0000] {logging_mixin.py:190} INFO - [2025-01-28T10:31:18.705+0000] {dag.py:4180} INFO - Setting next_dagrun for latest_only to 2025-01-28 04:00:00+00:00, run_after=2025-01-28 08:00:00+00:00
[2025-01-28T10:31:18.747+0000] {processor.py:208} INFO - Processing /mnt/c/Users/Admin/Desktop/ud_data/Dataslush_umang/airflow/airflow_venv/lib/python3.12/site-packages/airflow/example_dags/example_latest_only.py took 0.243 seconds
[2025-01-28T10:33:41.793+0000] {processor.py:186} INFO - Started process (PID=16754) to work on /mnt/c/Users/Admin/Desktop/ud_data/Dataslush_umang/airflow/airflow_venv/lib/python3.12/site-packages/airflow/example_dags/example_latest_only.py
[2025-01-28T10:33:41.797+0000] {processor.py:914} INFO - Processing file /mnt/c/Users/Admin/Desktop/ud_data/Dataslush_umang/airflow/airflow_venv/lib/python3.12/site-packages/airflow/example_dags/example_latest_only.py for tasks to queue
[2025-01-28T10:33:41.804+0000] {logging_mixin.py:190} INFO - [2025-01-28T10:33:41.801+0000] {dagbag.py:588} INFO - Filling up the DagBag from /mnt/c/Users/Admin/Desktop/ud_data/Dataslush_umang/airflow/airflow_venv/lib/python3.12/site-packages/airflow/example_dags/example_latest_only.py
[2025-01-28T10:33:41.993+0000] {processor.py:925} INFO - DAG(s) 'latest_only' retrieved from /mnt/c/Users/Admin/Desktop/ud_data/Dataslush_umang/airflow/airflow_venv/lib/python3.12/site-packages/airflow/example_dags/example_latest_only.py
[2025-01-28T10:33:42.026+0000] {logging_mixin.py:190} INFO - [2025-01-28T10:33:42.024+0000] {dag.py:3239} INFO - Sync 1 DAGs
[2025-01-28T10:33:42.069+0000] {logging_mixin.py:190} INFO - [2025-01-28T10:33:42.066+0000] {dag.py:4180} INFO - Setting next_dagrun for latest_only to 2025-01-28 04:00:00+00:00, run_after=2025-01-28 08:00:00+00:00
[2025-01-28T10:33:42.111+0000] {processor.py:208} INFO - Processing /mnt/c/Users/Admin/Desktop/ud_data/Dataslush_umang/airflow/airflow_venv/lib/python3.12/site-packages/airflow/example_dags/example_latest_only.py took 0.379 seconds
[2025-01-28T10:36:20.299+0000] {processor.py:186} INFO - Started process (PID=16995) to work on /mnt/c/Users/Admin/Desktop/ud_data/Dataslush_umang/airflow/airflow_venv/lib/python3.12/site-packages/airflow/example_dags/example_latest_only.py
[2025-01-28T10:36:50.429+0000] {processor.py:914} INFO - Processing file /mnt/c/Users/Admin/Desktop/ud_data/Dataslush_umang/airflow/airflow_venv/lib/python3.12/site-packages/airflow/example_dags/example_latest_only.py for tasks to queue
[2025-01-28T10:36:50.457+0000] {logging_mixin.py:190} INFO - [2025-01-28T10:36:50.450+0000] {dagbag.py:588} INFO - Filling up the DagBag from /mnt/c/Users/Admin/Desktop/ud_data/Dataslush_umang/airflow/airflow_venv/lib/python3.12/site-packages/airflow/example_dags/example_latest_only.py
[2025-01-28T10:36:50.562+0000] {processor.py:925} INFO - DAG(s) 'latest_only' retrieved from /mnt/c/Users/Admin/Desktop/ud_data/Dataslush_umang/airflow/airflow_venv/lib/python3.12/site-packages/airflow/example_dags/example_latest_only.py
[2025-01-28T10:36:50.596+0000] {logging_mixin.py:190} INFO - [2025-01-28T10:36:50.594+0000] {dag.py:3239} INFO - Sync 1 DAGs
[2025-01-28T10:36:50.640+0000] {logging_mixin.py:190} INFO - [2025-01-28T10:36:50.638+0000] {dag.py:4180} INFO - Setting next_dagrun for latest_only to 2025-01-28 04:00:00+00:00, run_after=2025-01-28 08:00:00+00:00
[2025-01-28T10:36:50.692+0000] {processor.py:208} INFO - Processing /mnt/c/Users/Admin/Desktop/ud_data/Dataslush_umang/airflow/airflow_venv/lib/python3.12/site-packages/airflow/example_dags/example_latest_only.py took 0.349 seconds
[2025-01-28T10:39:19.101+0000] {processor.py:186} INFO - Started process (PID=17273) to work on /mnt/c/Users/Admin/Desktop/ud_data/Dataslush_umang/airflow/airflow_venv/lib/python3.12/site-packages/airflow/example_dags/example_latest_only.py
[2025-01-28T10:39:19.105+0000] {processor.py:914} INFO - Processing file /mnt/c/Users/Admin/Desktop/ud_data/Dataslush_umang/airflow/airflow_venv/lib/python3.12/site-packages/airflow/example_dags/example_latest_only.py for tasks to queue
[2025-01-28T10:39:19.114+0000] {logging_mixin.py:190} INFO - [2025-01-28T10:39:19.111+0000] {dagbag.py:588} INFO - Filling up the DagBag from /mnt/c/Users/Admin/Desktop/ud_data/Dataslush_umang/airflow/airflow_venv/lib/python3.12/site-packages/airflow/example_dags/example_latest_only.py
[2025-01-28T10:39:19.291+0000] {processor.py:925} INFO - DAG(s) 'latest_only' retrieved from /mnt/c/Users/Admin/Desktop/ud_data/Dataslush_umang/airflow/airflow_venv/lib/python3.12/site-packages/airflow/example_dags/example_latest_only.py
[2025-01-28T10:39:19.334+0000] {logging_mixin.py:190} INFO - [2025-01-28T10:39:19.332+0000] {dag.py:3239} INFO - Sync 1 DAGs
[2025-01-28T10:39:19.376+0000] {logging_mixin.py:190} INFO - [2025-01-28T10:39:19.374+0000] {dag.py:4180} INFO - Setting next_dagrun for latest_only to 2025-01-28 04:00:00+00:00, run_after=2025-01-28 08:00:00+00:00
[2025-01-28T10:39:19.431+0000] {processor.py:208} INFO - Processing /mnt/c/Users/Admin/Desktop/ud_data/Dataslush_umang/airflow/airflow_venv/lib/python3.12/site-packages/airflow/example_dags/example_latest_only.py took 0.370 seconds
[2025-01-28T10:41:15.990+0000] {processor.py:186} INFO - Started process (PID=17372) to work on /mnt/c/Users/Admin/Desktop/ud_data/Dataslush_umang/airflow/airflow_venv/lib/python3.12/site-packages/airflow/example_dags/example_latest_only.py
[2025-01-28T10:41:16.024+0000] {processor.py:914} INFO - Processing file /mnt/c/Users/Admin/Desktop/ud_data/Dataslush_umang/airflow/airflow_venv/lib/python3.12/site-packages/airflow/example_dags/example_latest_only.py for tasks to queue
[2025-01-28T10:41:16.033+0000] {logging_mixin.py:190} INFO - [2025-01-28T10:41:16.031+0000] {dagbag.py:588} INFO - Filling up the DagBag from /mnt/c/Users/Admin/Desktop/ud_data/Dataslush_umang/airflow/airflow_venv/lib/python3.12/site-packages/airflow/example_dags/example_latest_only.py
[2025-01-28T10:41:16.105+0000] {processor.py:925} INFO - DAG(s) 'latest_only' retrieved from /mnt/c/Users/Admin/Desktop/ud_data/Dataslush_umang/airflow/airflow_venv/lib/python3.12/site-packages/airflow/example_dags/example_latest_only.py
[2025-01-28T10:41:16.129+0000] {logging_mixin.py:190} INFO - [2025-01-28T10:41:16.127+0000] {dag.py:3239} INFO - Sync 1 DAGs
[2025-01-28T10:41:16.159+0000] {logging_mixin.py:190} INFO - [2025-01-28T10:41:16.158+0000] {dag.py:4180} INFO - Setting next_dagrun for latest_only to 2025-01-28 04:00:00+00:00, run_after=2025-01-28 08:00:00+00:00
[2025-01-28T10:40:46.247+0000] {processor.py:208} INFO - Processing /mnt/c/Users/Admin/Desktop/ud_data/Dataslush_umang/airflow/airflow_venv/lib/python3.12/site-packages/airflow/example_dags/example_latest_only.py took 0.360 seconds
[2025-01-28T10:42:24.738+0000] {processor.py:186} INFO - Started process (PID=17577) to work on /mnt/c/Users/Admin/Desktop/ud_data/Dataslush_umang/airflow/airflow_venv/lib/python3.12/site-packages/airflow/example_dags/example_latest_only.py
[2025-01-28T10:42:24.741+0000] {processor.py:914} INFO - Processing file /mnt/c/Users/Admin/Desktop/ud_data/Dataslush_umang/airflow/airflow_venv/lib/python3.12/site-packages/airflow/example_dags/example_latest_only.py for tasks to queue
[2025-01-28T10:42:24.747+0000] {logging_mixin.py:190} INFO - [2025-01-28T10:42:24.745+0000] {dagbag.py:588} INFO - Filling up the DagBag from /mnt/c/Users/Admin/Desktop/ud_data/Dataslush_umang/airflow/airflow_venv/lib/python3.12/site-packages/airflow/example_dags/example_latest_only.py
[2025-01-28T10:42:24.829+0000] {processor.py:925} INFO - DAG(s) 'latest_only' retrieved from /mnt/c/Users/Admin/Desktop/ud_data/Dataslush_umang/airflow/airflow_venv/lib/python3.12/site-packages/airflow/example_dags/example_latest_only.py
[2025-01-28T10:42:24.854+0000] {logging_mixin.py:190} INFO - [2025-01-28T10:42:24.852+0000] {dag.py:3239} INFO - Sync 1 DAGs
[2025-01-28T10:42:24.885+0000] {logging_mixin.py:190} INFO - [2025-01-28T10:42:24.883+0000] {dag.py:4180} INFO - Setting next_dagrun for latest_only to 2025-01-28 04:00:00+00:00, run_after=2025-01-28 08:00:00+00:00
[2025-01-28T10:42:25.110+0000] {processor.py:208} INFO - Processing /mnt/c/Users/Admin/Desktop/ud_data/Dataslush_umang/airflow/airflow_venv/lib/python3.12/site-packages/airflow/example_dags/example_latest_only.py took 0.403 seconds
[2025-01-28T10:46:25.096+0000] {processor.py:186} INFO - Started process (PID=17914) to work on /mnt/c/Users/Admin/Desktop/ud_data/Dataslush_umang/airflow/airflow_venv/lib/python3.12/site-packages/airflow/example_dags/example_latest_only.py
[2025-01-28T10:46:25.099+0000] {processor.py:914} INFO - Processing file /mnt/c/Users/Admin/Desktop/ud_data/Dataslush_umang/airflow/airflow_venv/lib/python3.12/site-packages/airflow/example_dags/example_latest_only.py for tasks to queue
[2025-01-28T10:46:25.104+0000] {logging_mixin.py:190} INFO - [2025-01-28T10:46:25.103+0000] {dagbag.py:588} INFO - Filling up the DagBag from /mnt/c/Users/Admin/Desktop/ud_data/Dataslush_umang/airflow/airflow_venv/lib/python3.12/site-packages/airflow/example_dags/example_latest_only.py
[2025-01-28T10:46:25.219+0000] {processor.py:925} INFO - DAG(s) 'latest_only' retrieved from /mnt/c/Users/Admin/Desktop/ud_data/Dataslush_umang/airflow/airflow_venv/lib/python3.12/site-packages/airflow/example_dags/example_latest_only.py
[2025-01-28T10:46:25.262+0000] {logging_mixin.py:190} INFO - [2025-01-28T10:46:25.259+0000] {dag.py:3239} INFO - Sync 1 DAGs
[2025-01-28T10:46:25.326+0000] {logging_mixin.py:190} INFO - [2025-01-28T10:46:25.325+0000] {dag.py:4180} INFO - Setting next_dagrun for latest_only to 2025-01-28 04:00:00+00:00, run_after=2025-01-28 08:00:00+00:00
[2025-01-28T10:46:25.408+0000] {processor.py:208} INFO - Processing /mnt/c/Users/Admin/Desktop/ud_data/Dataslush_umang/airflow/airflow_venv/lib/python3.12/site-packages/airflow/example_dags/example_latest_only.py took 0.343 seconds
[2025-01-28T10:48:19.638+0000] {processor.py:186} INFO - Started process (PID=18095) to work on /mnt/c/Users/Admin/Desktop/ud_data/Dataslush_umang/airflow/airflow_venv/lib/python3.12/site-packages/airflow/example_dags/example_latest_only.py
[2025-01-28T10:48:19.642+0000] {processor.py:914} INFO - Processing file /mnt/c/Users/Admin/Desktop/ud_data/Dataslush_umang/airflow/airflow_venv/lib/python3.12/site-packages/airflow/example_dags/example_latest_only.py for tasks to queue
[2025-01-28T10:48:19.649+0000] {logging_mixin.py:190} INFO - [2025-01-28T10:48:19.647+0000] {dagbag.py:588} INFO - Filling up the DagBag from /mnt/c/Users/Admin/Desktop/ud_data/Dataslush_umang/airflow/airflow_venv/lib/python3.12/site-packages/airflow/example_dags/example_latest_only.py
[2025-01-28T10:48:19.763+0000] {processor.py:925} INFO - DAG(s) 'latest_only' retrieved from /mnt/c/Users/Admin/Desktop/ud_data/Dataslush_umang/airflow/airflow_venv/lib/python3.12/site-packages/airflow/example_dags/example_latest_only.py
[2025-01-28T10:48:19.794+0000] {logging_mixin.py:190} INFO - [2025-01-28T10:48:19.792+0000] {dag.py:3239} INFO - Sync 1 DAGs
[2025-01-28T10:48:19.835+0000] {logging_mixin.py:190} INFO - [2025-01-28T10:48:19.833+0000] {dag.py:4180} INFO - Setting next_dagrun for latest_only to 2025-01-28 04:00:00+00:00, run_after=2025-01-28 08:00:00+00:00
[2025-01-28T10:48:19.995+0000] {processor.py:208} INFO - Processing /mnt/c/Users/Admin/Desktop/ud_data/Dataslush_umang/airflow/airflow_venv/lib/python3.12/site-packages/airflow/example_dags/example_latest_only.py took 0.387 seconds
[2025-01-28T10:50:19.548+0000] {processor.py:186} INFO - Started process (PID=18320) to work on /mnt/c/Users/Admin/Desktop/ud_data/Dataslush_umang/airflow/airflow_venv/lib/python3.12/site-packages/airflow/example_dags/example_latest_only.py
[2025-01-28T10:50:19.551+0000] {processor.py:914} INFO - Processing file /mnt/c/Users/Admin/Desktop/ud_data/Dataslush_umang/airflow/airflow_venv/lib/python3.12/site-packages/airflow/example_dags/example_latest_only.py for tasks to queue
[2025-01-28T10:50:19.557+0000] {logging_mixin.py:190} INFO - [2025-01-28T10:50:19.555+0000] {dagbag.py:588} INFO - Filling up the DagBag from /mnt/c/Users/Admin/Desktop/ud_data/Dataslush_umang/airflow/airflow_venv/lib/python3.12/site-packages/airflow/example_dags/example_latest_only.py
[2025-01-28T10:50:19.684+0000] {processor.py:925} INFO - DAG(s) 'latest_only' retrieved from /mnt/c/Users/Admin/Desktop/ud_data/Dataslush_umang/airflow/airflow_venv/lib/python3.12/site-packages/airflow/example_dags/example_latest_only.py
[2025-01-28T10:50:19.717+0000] {logging_mixin.py:190} INFO - [2025-01-28T10:50:19.716+0000] {dag.py:3239} INFO - Sync 1 DAGs
[2025-01-28T10:50:19.763+0000] {logging_mixin.py:190} INFO - [2025-01-28T10:50:19.761+0000] {dag.py:4180} INFO - Setting next_dagrun for latest_only to 2025-01-28 04:00:00+00:00, run_after=2025-01-28 08:00:00+00:00
[2025-01-28T10:50:19.809+0000] {processor.py:208} INFO - Processing /mnt/c/Users/Admin/Desktop/ud_data/Dataslush_umang/airflow/airflow_venv/lib/python3.12/site-packages/airflow/example_dags/example_latest_only.py took 0.288 seconds
[2025-01-28T10:51:59.965+0000] {processor.py:186} INFO - Started process (PID=18573) to work on /mnt/c/Users/Admin/Desktop/ud_data/Dataslush_umang/airflow/airflow_venv/lib/python3.12/site-packages/airflow/example_dags/example_latest_only.py
[2025-01-28T10:51:59.969+0000] {processor.py:914} INFO - Processing file /mnt/c/Users/Admin/Desktop/ud_data/Dataslush_umang/airflow/airflow_venv/lib/python3.12/site-packages/airflow/example_dags/example_latest_only.py for tasks to queue
[2025-01-28T10:51:59.978+0000] {logging_mixin.py:190} INFO - [2025-01-28T10:51:59.976+0000] {dagbag.py:588} INFO - Filling up the DagBag from /mnt/c/Users/Admin/Desktop/ud_data/Dataslush_umang/airflow/airflow_venv/lib/python3.12/site-packages/airflow/example_dags/example_latest_only.py
[2025-01-28T10:52:00.115+0000] {processor.py:925} INFO - DAG(s) 'latest_only' retrieved from /mnt/c/Users/Admin/Desktop/ud_data/Dataslush_umang/airflow/airflow_venv/lib/python3.12/site-packages/airflow/example_dags/example_latest_only.py
[2025-01-28T10:52:00.150+0000] {logging_mixin.py:190} INFO - [2025-01-28T10:52:00.149+0000] {dag.py:3239} INFO - Sync 1 DAGs
[2025-01-28T10:52:00.199+0000] {logging_mixin.py:190} INFO - [2025-01-28T10:52:00.196+0000] {dag.py:4180} INFO - Setting next_dagrun for latest_only to 2025-01-28 04:00:00+00:00, run_after=2025-01-28 08:00:00+00:00
[2025-01-28T10:52:00.243+0000] {processor.py:208} INFO - Processing /mnt/c/Users/Admin/Desktop/ud_data/Dataslush_umang/airflow/airflow_venv/lib/python3.12/site-packages/airflow/example_dags/example_latest_only.py took 0.310 seconds
[2025-01-28T10:53:40.749+0000] {processor.py:186} INFO - Started process (PID=18734) to work on /mnt/c/Users/Admin/Desktop/ud_data/Dataslush_umang/airflow/airflow_venv/lib/python3.12/site-packages/airflow/example_dags/example_latest_only.py
[2025-01-28T10:53:40.752+0000] {processor.py:914} INFO - Processing file /mnt/c/Users/Admin/Desktop/ud_data/Dataslush_umang/airflow/airflow_venv/lib/python3.12/site-packages/airflow/example_dags/example_latest_only.py for tasks to queue
[2025-01-28T10:53:40.759+0000] {logging_mixin.py:190} INFO - [2025-01-28T10:53:40.756+0000] {dagbag.py:588} INFO - Filling up the DagBag from /mnt/c/Users/Admin/Desktop/ud_data/Dataslush_umang/airflow/airflow_venv/lib/python3.12/site-packages/airflow/example_dags/example_latest_only.py
[2025-01-28T10:53:40.892+0000] {processor.py:925} INFO - DAG(s) 'latest_only' retrieved from /mnt/c/Users/Admin/Desktop/ud_data/Dataslush_umang/airflow/airflow_venv/lib/python3.12/site-packages/airflow/example_dags/example_latest_only.py
[2025-01-28T10:53:40.937+0000] {logging_mixin.py:190} INFO - [2025-01-28T10:53:40.934+0000] {dag.py:3239} INFO - Sync 1 DAGs
[2025-01-28T10:53:40.985+0000] {logging_mixin.py:190} INFO - [2025-01-28T10:53:40.983+0000] {dag.py:4180} INFO - Setting next_dagrun for latest_only to 2025-01-28 04:00:00+00:00, run_after=2025-01-28 08:00:00+00:00
[2025-01-28T10:53:41.042+0000] {processor.py:208} INFO - Processing /mnt/c/Users/Admin/Desktop/ud_data/Dataslush_umang/airflow/airflow_venv/lib/python3.12/site-packages/airflow/example_dags/example_latest_only.py took 0.325 seconds
[2025-01-28T10:55:02.957+0000] {processor.py:186} INFO - Started process (PID=18848) to work on /mnt/c/Users/Admin/Desktop/ud_data/Dataslush_umang/airflow/airflow_venv/lib/python3.12/site-packages/airflow/example_dags/example_latest_only.py
[2025-01-28T10:55:03.170+0000] {processor.py:914} INFO - Processing file /mnt/c/Users/Admin/Desktop/ud_data/Dataslush_umang/airflow/airflow_venv/lib/python3.12/site-packages/airflow/example_dags/example_latest_only.py for tasks to queue
[2025-01-28T10:55:03.178+0000] {logging_mixin.py:190} INFO - [2025-01-28T10:55:03.176+0000] {dagbag.py:588} INFO - Filling up the DagBag from /mnt/c/Users/Admin/Desktop/ud_data/Dataslush_umang/airflow/airflow_venv/lib/python3.12/site-packages/airflow/example_dags/example_latest_only.py
[2025-01-28T10:55:03.304+0000] {processor.py:925} INFO - DAG(s) 'latest_only' retrieved from /mnt/c/Users/Admin/Desktop/ud_data/Dataslush_umang/airflow/airflow_venv/lib/python3.12/site-packages/airflow/example_dags/example_latest_only.py
[2025-01-28T10:55:03.336+0000] {logging_mixin.py:190} INFO - [2025-01-28T10:55:03.334+0000] {dag.py:3239} INFO - Sync 1 DAGs
[2025-01-28T10:55:33.453+0000] {logging_mixin.py:190} INFO - [2025-01-28T10:55:33.452+0000] {dag.py:4180} INFO - Setting next_dagrun for latest_only to 2025-01-28 04:00:00+00:00, run_after=2025-01-28 08:00:00+00:00
[2025-01-28T10:55:03.742+0000] {processor.py:208} INFO - Processing /mnt/c/Users/Admin/Desktop/ud_data/Dataslush_umang/airflow/airflow_venv/lib/python3.12/site-packages/airflow/example_dags/example_latest_only.py took 0.822 seconds
[2025-01-28T10:56:31.877+0000] {processor.py:186} INFO - Started process (PID=19058) to work on /mnt/c/Users/Admin/Desktop/ud_data/Dataslush_umang/airflow/airflow_venv/lib/python3.12/site-packages/airflow/example_dags/example_latest_only.py
[2025-01-28T10:56:31.886+0000] {processor.py:914} INFO - Processing file /mnt/c/Users/Admin/Desktop/ud_data/Dataslush_umang/airflow/airflow_venv/lib/python3.12/site-packages/airflow/example_dags/example_latest_only.py for tasks to queue
[2025-01-28T10:56:31.895+0000] {logging_mixin.py:190} INFO - [2025-01-28T10:56:31.891+0000] {dagbag.py:588} INFO - Filling up the DagBag from /mnt/c/Users/Admin/Desktop/ud_data/Dataslush_umang/airflow/airflow_venv/lib/python3.12/site-packages/airflow/example_dags/example_latest_only.py
[2025-01-28T10:56:32.057+0000] {processor.py:925} INFO - DAG(s) 'latest_only' retrieved from /mnt/c/Users/Admin/Desktop/ud_data/Dataslush_umang/airflow/airflow_venv/lib/python3.12/site-packages/airflow/example_dags/example_latest_only.py
[2025-01-28T10:56:32.125+0000] {logging_mixin.py:190} INFO - [2025-01-28T10:56:32.122+0000] {dag.py:3239} INFO - Sync 1 DAGs
[2025-01-28T10:56:32.188+0000] {logging_mixin.py:190} INFO - [2025-01-28T10:56:32.187+0000] {dag.py:4180} INFO - Setting next_dagrun for latest_only to 2025-01-28 04:00:00+00:00, run_after=2025-01-28 08:00:00+00:00
[2025-01-28T10:57:03.456+0000] {processor.py:208} INFO - Processing /mnt/c/Users/Admin/Desktop/ud_data/Dataslush_umang/airflow/airflow_venv/lib/python3.12/site-packages/airflow/example_dags/example_latest_only.py took 1.529 seconds
[2025-01-28T10:58:35.709+0000] {processor.py:186} INFO - Started process (PID=19305) to work on /mnt/c/Users/Admin/Desktop/ud_data/Dataslush_umang/airflow/airflow_venv/lib/python3.12/site-packages/airflow/example_dags/example_latest_only.py
[2025-01-28T10:58:35.713+0000] {processor.py:914} INFO - Processing file /mnt/c/Users/Admin/Desktop/ud_data/Dataslush_umang/airflow/airflow_venv/lib/python3.12/site-packages/airflow/example_dags/example_latest_only.py for tasks to queue
[2025-01-28T10:58:35.719+0000] {logging_mixin.py:190} INFO - [2025-01-28T10:58:35.717+0000] {dagbag.py:588} INFO - Filling up the DagBag from /mnt/c/Users/Admin/Desktop/ud_data/Dataslush_umang/airflow/airflow_venv/lib/python3.12/site-packages/airflow/example_dags/example_latest_only.py
[2025-01-28T10:58:35.820+0000] {processor.py:925} INFO - DAG(s) 'latest_only' retrieved from /mnt/c/Users/Admin/Desktop/ud_data/Dataslush_umang/airflow/airflow_venv/lib/python3.12/site-packages/airflow/example_dags/example_latest_only.py
[2025-01-28T10:58:35.852+0000] {logging_mixin.py:190} INFO - [2025-01-28T10:58:35.850+0000] {dag.py:3239} INFO - Sync 1 DAGs
[2025-01-28T10:58:35.890+0000] {logging_mixin.py:190} INFO - [2025-01-28T10:58:35.888+0000] {dag.py:4180} INFO - Setting next_dagrun for latest_only to 2025-01-28 04:00:00+00:00, run_after=2025-01-28 08:00:00+00:00
[2025-01-28T10:58:35.958+0000] {processor.py:208} INFO - Processing /mnt/c/Users/Admin/Desktop/ud_data/Dataslush_umang/airflow/airflow_venv/lib/python3.12/site-packages/airflow/example_dags/example_latest_only.py took 0.280 seconds
[2025-01-28T11:00:12.866+0000] {processor.py:186} INFO - Started process (PID=19471) to work on /mnt/c/Users/Admin/Desktop/ud_data/Dataslush_umang/airflow/airflow_venv/lib/python3.12/site-packages/airflow/example_dags/example_latest_only.py
[2025-01-28T11:00:12.869+0000] {processor.py:914} INFO - Processing file /mnt/c/Users/Admin/Desktop/ud_data/Dataslush_umang/airflow/airflow_venv/lib/python3.12/site-packages/airflow/example_dags/example_latest_only.py for tasks to queue
[2025-01-28T11:00:12.875+0000] {logging_mixin.py:190} INFO - [2025-01-28T11:00:12.873+0000] {dagbag.py:588} INFO - Filling up the DagBag from /mnt/c/Users/Admin/Desktop/ud_data/Dataslush_umang/airflow/airflow_venv/lib/python3.12/site-packages/airflow/example_dags/example_latest_only.py
[2025-01-28T11:00:43.068+0000] {processor.py:925} INFO - DAG(s) 'latest_only' retrieved from /mnt/c/Users/Admin/Desktop/ud_data/Dataslush_umang/airflow/airflow_venv/lib/python3.12/site-packages/airflow/example_dags/example_latest_only.py
[2025-01-28T11:00:43.114+0000] {logging_mixin.py:190} INFO - [2025-01-28T11:00:43.112+0000] {dag.py:3239} INFO - Sync 1 DAGs
[2025-01-28T11:00:43.167+0000] {logging_mixin.py:190} INFO - [2025-01-28T11:00:43.165+0000] {dag.py:4180} INFO - Setting next_dagrun for latest_only to 2025-01-28 04:00:00+00:00, run_after=2025-01-28 08:00:00+00:00
[2025-01-28T11:00:43.219+0000] {processor.py:208} INFO - Processing /mnt/c/Users/Admin/Desktop/ud_data/Dataslush_umang/airflow/airflow_venv/lib/python3.12/site-packages/airflow/example_dags/example_latest_only.py took 0.309 seconds
[2025-01-28T11:02:45.686+0000] {processor.py:186} INFO - Started process (PID=19655) to work on /mnt/c/Users/Admin/Desktop/ud_data/Dataslush_umang/airflow/airflow_venv/lib/python3.12/site-packages/airflow/example_dags/example_latest_only.py
[2025-01-28T11:02:45.787+0000] {processor.py:914} INFO - Processing file /mnt/c/Users/Admin/Desktop/ud_data/Dataslush_umang/airflow/airflow_venv/lib/python3.12/site-packages/airflow/example_dags/example_latest_only.py for tasks to queue
[2025-01-28T11:02:45.793+0000] {logging_mixin.py:190} INFO - [2025-01-28T11:02:45.792+0000] {dagbag.py:588} INFO - Filling up the DagBag from /mnt/c/Users/Admin/Desktop/ud_data/Dataslush_umang/airflow/airflow_venv/lib/python3.12/site-packages/airflow/example_dags/example_latest_only.py
[2025-01-28T11:02:45.884+0000] {processor.py:925} INFO - DAG(s) 'latest_only' retrieved from /mnt/c/Users/Admin/Desktop/ud_data/Dataslush_umang/airflow/airflow_venv/lib/python3.12/site-packages/airflow/example_dags/example_latest_only.py
[2025-01-28T11:02:45.913+0000] {logging_mixin.py:190} INFO - [2025-01-28T11:02:45.912+0000] {dag.py:3239} INFO - Sync 1 DAGs
[2025-01-28T11:02:45.945+0000] {logging_mixin.py:190} INFO - [2025-01-28T11:02:45.944+0000] {dag.py:4180} INFO - Setting next_dagrun for latest_only to 2025-01-28 04:00:00+00:00, run_after=2025-01-28 08:00:00+00:00
[2025-01-28T11:02:45.990+0000] {processor.py:208} INFO - Processing /mnt/c/Users/Admin/Desktop/ud_data/Dataslush_umang/airflow/airflow_venv/lib/python3.12/site-packages/airflow/example_dags/example_latest_only.py took 0.326 seconds
[2025-01-28T11:04:18.816+0000] {processor.py:186} INFO - Started process (PID=19879) to work on /mnt/c/Users/Admin/Desktop/ud_data/Dataslush_umang/airflow/airflow_venv/lib/python3.12/site-packages/airflow/example_dags/example_latest_only.py
[2025-01-28T11:04:18.876+0000] {processor.py:914} INFO - Processing file /mnt/c/Users/Admin/Desktop/ud_data/Dataslush_umang/airflow/airflow_venv/lib/python3.12/site-packages/airflow/example_dags/example_latest_only.py for tasks to queue
[2025-01-28T11:04:18.883+0000] {logging_mixin.py:190} INFO - [2025-01-28T11:04:18.881+0000] {dagbag.py:588} INFO - Filling up the DagBag from /mnt/c/Users/Admin/Desktop/ud_data/Dataslush_umang/airflow/airflow_venv/lib/python3.12/site-packages/airflow/example_dags/example_latest_only.py
[2025-01-28T11:04:19.015+0000] {processor.py:925} INFO - DAG(s) 'latest_only' retrieved from /mnt/c/Users/Admin/Desktop/ud_data/Dataslush_umang/airflow/airflow_venv/lib/python3.12/site-packages/airflow/example_dags/example_latest_only.py
[2025-01-28T11:04:19.044+0000] {logging_mixin.py:190} INFO - [2025-01-28T11:04:19.043+0000] {dag.py:3239} INFO - Sync 1 DAGs
[2025-01-28T11:04:19.079+0000] {logging_mixin.py:190} INFO - [2025-01-28T11:04:19.078+0000] {dag.py:4180} INFO - Setting next_dagrun for latest_only to 2025-01-28 04:00:00+00:00, run_after=2025-01-28 08:00:00+00:00
[2025-01-28T11:04:19.730+0000] {processor.py:208} INFO - Processing /mnt/c/Users/Admin/Desktop/ud_data/Dataslush_umang/airflow/airflow_venv/lib/python3.12/site-packages/airflow/example_dags/example_latest_only.py took 0.946 seconds
[2025-01-28T11:06:33.702+0000] {processor.py:186} INFO - Started process (PID=20005) to work on /mnt/c/Users/Admin/Desktop/ud_data/Dataslush_umang/airflow/airflow_venv/lib/python3.12/site-packages/airflow/example_dags/example_latest_only.py
[2025-01-28T11:06:33.756+0000] {processor.py:914} INFO - Processing file /mnt/c/Users/Admin/Desktop/ud_data/Dataslush_umang/airflow/airflow_venv/lib/python3.12/site-packages/airflow/example_dags/example_latest_only.py for tasks to queue
[2025-01-28T11:06:33.763+0000] {logging_mixin.py:190} INFO - [2025-01-28T11:06:33.761+0000] {dagbag.py:588} INFO - Filling up the DagBag from /mnt/c/Users/Admin/Desktop/ud_data/Dataslush_umang/airflow/airflow_venv/lib/python3.12/site-packages/airflow/example_dags/example_latest_only.py
[2025-01-28T11:06:33.839+0000] {processor.py:925} INFO - DAG(s) 'latest_only' retrieved from /mnt/c/Users/Admin/Desktop/ud_data/Dataslush_umang/airflow/airflow_venv/lib/python3.12/site-packages/airflow/example_dags/example_latest_only.py
[2025-01-28T11:06:33.863+0000] {logging_mixin.py:190} INFO - [2025-01-28T11:06:33.861+0000] {dag.py:3239} INFO - Sync 1 DAGs
[2025-01-28T11:06:33.895+0000] {logging_mixin.py:190} INFO - [2025-01-28T11:06:33.894+0000] {dag.py:4180} INFO - Setting next_dagrun for latest_only to 2025-01-28 04:00:00+00:00, run_after=2025-01-28 08:00:00+00:00
[2025-01-28T11:06:06.906+0000] {processor.py:208} INFO - Processing /mnt/c/Users/Admin/Desktop/ud_data/Dataslush_umang/airflow/airflow_venv/lib/python3.12/site-packages/airflow/example_dags/example_latest_only.py took 3.326 seconds
[2025-01-28T11:08:01.220+0000] {processor.py:186} INFO - Started process (PID=20175) to work on /mnt/c/Users/Admin/Desktop/ud_data/Dataslush_umang/airflow/airflow_venv/lib/python3.12/site-packages/airflow/example_dags/example_latest_only.py
[2025-01-28T11:08:01.223+0000] {processor.py:914} INFO - Processing file /mnt/c/Users/Admin/Desktop/ud_data/Dataslush_umang/airflow/airflow_venv/lib/python3.12/site-packages/airflow/example_dags/example_latest_only.py for tasks to queue
[2025-01-28T11:08:01.229+0000] {logging_mixin.py:190} INFO - [2025-01-28T11:08:01.227+0000] {dagbag.py:588} INFO - Filling up the DagBag from /mnt/c/Users/Admin/Desktop/ud_data/Dataslush_umang/airflow/airflow_venv/lib/python3.12/site-packages/airflow/example_dags/example_latest_only.py
[2025-01-28T11:08:01.338+0000] {processor.py:925} INFO - DAG(s) 'latest_only' retrieved from /mnt/c/Users/Admin/Desktop/ud_data/Dataslush_umang/airflow/airflow_venv/lib/python3.12/site-packages/airflow/example_dags/example_latest_only.py
[2025-01-28T11:08:01.371+0000] {logging_mixin.py:190} INFO - [2025-01-28T11:08:01.369+0000] {dag.py:3239} INFO - Sync 1 DAGs
[2025-01-28T11:08:01.416+0000] {logging_mixin.py:190} INFO - [2025-01-28T11:08:01.415+0000] {dag.py:4180} INFO - Setting next_dagrun for latest_only to 2025-01-28 04:00:00+00:00, run_after=2025-01-28 08:00:00+00:00
[2025-01-28T11:08:01.459+0000] {processor.py:208} INFO - Processing /mnt/c/Users/Admin/Desktop/ud_data/Dataslush_umang/airflow/airflow_venv/lib/python3.12/site-packages/airflow/example_dags/example_latest_only.py took 0.267 seconds
[2025-01-28T11:09:36.774+0000] {processor.py:186} INFO - Started process (PID=20383) to work on /mnt/c/Users/Admin/Desktop/ud_data/Dataslush_umang/airflow/airflow_venv/lib/python3.12/site-packages/airflow/example_dags/example_latest_only.py
[2025-01-28T11:09:36.787+0000] {processor.py:914} INFO - Processing file /mnt/c/Users/Admin/Desktop/ud_data/Dataslush_umang/airflow/airflow_venv/lib/python3.12/site-packages/airflow/example_dags/example_latest_only.py for tasks to queue
[2025-01-28T11:09:36.793+0000] {logging_mixin.py:190} INFO - [2025-01-28T11:09:36.791+0000] {dagbag.py:588} INFO - Filling up the DagBag from /mnt/c/Users/Admin/Desktop/ud_data/Dataslush_umang/airflow/airflow_venv/lib/python3.12/site-packages/airflow/example_dags/example_latest_only.py
[2025-01-28T11:09:36.916+0000] {processor.py:925} INFO - DAG(s) 'latest_only' retrieved from /mnt/c/Users/Admin/Desktop/ud_data/Dataslush_umang/airflow/airflow_venv/lib/python3.12/site-packages/airflow/example_dags/example_latest_only.py
[2025-01-28T11:09:36.946+0000] {logging_mixin.py:190} INFO - [2025-01-28T11:09:36.944+0000] {dag.py:3239} INFO - Sync 1 DAGs
[2025-01-28T11:09:36.984+0000] {logging_mixin.py:190} INFO - [2025-01-28T11:09:36.983+0000] {dag.py:4180} INFO - Setting next_dagrun for latest_only to 2025-01-28 04:00:00+00:00, run_after=2025-01-28 08:00:00+00:00
[2025-01-28T11:09:37.030+0000] {processor.py:208} INFO - Processing /mnt/c/Users/Admin/Desktop/ud_data/Dataslush_umang/airflow/airflow_venv/lib/python3.12/site-packages/airflow/example_dags/example_latest_only.py took 0.281 seconds
[2025-01-28T11:10:43.015+0000] {processor.py:186} INFO - Started process (PID=20475) to work on /mnt/c/Users/Admin/Desktop/ud_data/Dataslush_umang/airflow/airflow_venv/lib/python3.12/site-packages/airflow/example_dags/example_latest_only.py
[2025-01-28T11:10:43.017+0000] {processor.py:914} INFO - Processing file /mnt/c/Users/Admin/Desktop/ud_data/Dataslush_umang/airflow/airflow_venv/lib/python3.12/site-packages/airflow/example_dags/example_latest_only.py for tasks to queue
[2025-01-28T11:10:43.023+0000] {logging_mixin.py:190} INFO - [2025-01-28T11:10:43.021+0000] {dagbag.py:588} INFO - Filling up the DagBag from /mnt/c/Users/Admin/Desktop/ud_data/Dataslush_umang/airflow/airflow_venv/lib/python3.12/site-packages/airflow/example_dags/example_latest_only.py
[2025-01-28T11:10:43.121+0000] {processor.py:925} INFO - DAG(s) 'latest_only' retrieved from /mnt/c/Users/Admin/Desktop/ud_data/Dataslush_umang/airflow/airflow_venv/lib/python3.12/site-packages/airflow/example_dags/example_latest_only.py
[2025-01-28T11:10:43.156+0000] {logging_mixin.py:190} INFO - [2025-01-28T11:10:43.155+0000] {dag.py:3239} INFO - Sync 1 DAGs
[2025-01-28T11:10:43.194+0000] {logging_mixin.py:190} INFO - [2025-01-28T11:10:43.192+0000] {dag.py:4180} INFO - Setting next_dagrun for latest_only to 2025-01-28 04:00:00+00:00, run_after=2025-01-28 08:00:00+00:00
[2025-01-28T11:10:43.356+0000] {processor.py:208} INFO - Processing /mnt/c/Users/Admin/Desktop/ud_data/Dataslush_umang/airflow/airflow_venv/lib/python3.12/site-packages/airflow/example_dags/example_latest_only.py took 0.364 seconds
[2025-01-28T11:12:18.517+0000] {processor.py:186} INFO - Started process (PID=20589) to work on /mnt/c/Users/Admin/Desktop/ud_data/Dataslush_umang/airflow/airflow_venv/lib/python3.12/site-packages/airflow/example_dags/example_latest_only.py
[2025-01-28T11:12:18.520+0000] {processor.py:914} INFO - Processing file /mnt/c/Users/Admin/Desktop/ud_data/Dataslush_umang/airflow/airflow_venv/lib/python3.12/site-packages/airflow/example_dags/example_latest_only.py for tasks to queue
[2025-01-28T11:12:18.525+0000] {logging_mixin.py:190} INFO - [2025-01-28T11:12:18.523+0000] {dagbag.py:588} INFO - Filling up the DagBag from /mnt/c/Users/Admin/Desktop/ud_data/Dataslush_umang/airflow/airflow_venv/lib/python3.12/site-packages/airflow/example_dags/example_latest_only.py
[2025-01-28T11:12:18.617+0000] {processor.py:925} INFO - DAG(s) 'latest_only' retrieved from /mnt/c/Users/Admin/Desktop/ud_data/Dataslush_umang/airflow/airflow_venv/lib/python3.12/site-packages/airflow/example_dags/example_latest_only.py
[2025-01-28T11:12:18.644+0000] {logging_mixin.py:190} INFO - [2025-01-28T11:12:18.643+0000] {dag.py:3239} INFO - Sync 1 DAGs
[2025-01-28T11:12:18.684+0000] {logging_mixin.py:190} INFO - [2025-01-28T11:12:18.683+0000] {dag.py:4180} INFO - Setting next_dagrun for latest_only to 2025-01-28 04:00:00+00:00, run_after=2025-01-28 08:00:00+00:00
[2025-01-28T11:12:18.733+0000] {processor.py:208} INFO - Processing /mnt/c/Users/Admin/Desktop/ud_data/Dataslush_umang/airflow/airflow_venv/lib/python3.12/site-packages/airflow/example_dags/example_latest_only.py took 0.238 seconds
[2025-01-28T11:13:57.169+0000] {processor.py:186} INFO - Started process (PID=20703) to work on /mnt/c/Users/Admin/Desktop/ud_data/Dataslush_umang/airflow/airflow_venv/lib/python3.12/site-packages/airflow/example_dags/example_latest_only.py
[2025-01-28T11:13:57.173+0000] {processor.py:914} INFO - Processing file /mnt/c/Users/Admin/Desktop/ud_data/Dataslush_umang/airflow/airflow_venv/lib/python3.12/site-packages/airflow/example_dags/example_latest_only.py for tasks to queue
[2025-01-28T11:13:57.178+0000] {logging_mixin.py:190} INFO - [2025-01-28T11:13:57.176+0000] {dagbag.py:588} INFO - Filling up the DagBag from /mnt/c/Users/Admin/Desktop/ud_data/Dataslush_umang/airflow/airflow_venv/lib/python3.12/site-packages/airflow/example_dags/example_latest_only.py
[2025-01-28T11:13:57.289+0000] {processor.py:925} INFO - DAG(s) 'latest_only' retrieved from /mnt/c/Users/Admin/Desktop/ud_data/Dataslush_umang/airflow/airflow_venv/lib/python3.12/site-packages/airflow/example_dags/example_latest_only.py
[2025-01-28T11:13:57.319+0000] {logging_mixin.py:190} INFO - [2025-01-28T11:13:57.317+0000] {dag.py:3239} INFO - Sync 1 DAGs
[2025-01-28T11:13:57.353+0000] {logging_mixin.py:190} INFO - [2025-01-28T11:13:57.351+0000] {dag.py:4180} INFO - Setting next_dagrun for latest_only to 2025-01-28 04:00:00+00:00, run_after=2025-01-28 08:00:00+00:00
[2025-01-28T11:13:57.391+0000] {processor.py:208} INFO - Processing /mnt/c/Users/Admin/Desktop/ud_data/Dataslush_umang/airflow/airflow_venv/lib/python3.12/site-packages/airflow/example_dags/example_latest_only.py took 0.249 seconds
