[2025-01-28T10:14:17.611+0000] {processor.py:186} INFO - Started process (PID=14903) to work on /mnt/c/Users/Admin/Desktop/ud_data/Dataslush_umang/airflow/airflow_venv/lib/python3.12/site-packages/airflow/example_dags/example_branch_labels.py
[2025-01-28T10:14:17.613+0000] {processor.py:914} INFO - Processing file /mnt/c/Users/Admin/Desktop/ud_data/Dataslush_umang/airflow/airflow_venv/lib/python3.12/site-packages/airflow/example_dags/example_branch_labels.py for tasks to queue
[2025-01-28T10:14:17.618+0000] {logging_mixin.py:190} INFO - [2025-01-28T10:14:17.616+0000] {dagbag.py:588} INFO - Filling up the DagBag from /mnt/c/Users/Admin/Desktop/ud_data/Dataslush_umang/airflow/airflow_venv/lib/python3.12/site-packages/airflow/example_dags/example_branch_labels.py
[2025-01-28T10:14:17.772+0000] {processor.py:925} INFO - DAG(s) 'example_branch_labels' retrieved from /mnt/c/Users/Admin/Desktop/ud_data/Dataslush_umang/airflow/airflow_venv/lib/python3.12/site-packages/airflow/example_dags/example_branch_labels.py
[2025-01-28T10:14:19.494+0000] {logging_mixin.py:190} INFO - [2025-01-28T10:14:19.490+0000] {override.py:1912} INFO - Created Permission View: can edit on DAG:example_branch_labels
[2025-01-28T10:14:19.688+0000] {logging_mixin.py:190} INFO - [2025-01-28T10:14:19.685+0000] {override.py:1912} INFO - Created Permission View: can read on DAG:example_branch_labels
[2025-01-28T10:14:19.723+0000] {logging_mixin.py:190} INFO - [2025-01-28T10:14:19.718+0000] {override.py:1912} INFO - Created Permission View: can delete on DAG:example_branch_labels
[2025-01-28T10:14:19.919+0000] {logging_mixin.py:190} INFO - [2025-01-28T10:14:19.915+0000] {override.py:1912} INFO - Created Permission View: can create on DAG Run:example_branch_labels
[2025-01-28T10:14:19.953+0000] {logging_mixin.py:190} INFO - [2025-01-28T10:14:19.951+0000] {override.py:1912} INFO - Created Permission View: menu access on DAG Run:example_branch_labels
[2025-01-28T10:14:19.990+0000] {logging_mixin.py:190} INFO - [2025-01-28T10:14:19.986+0000] {override.py:1912} INFO - Created Permission View: can read on DAG Run:example_branch_labels
[2025-01-28T10:14:20.186+0000] {logging_mixin.py:190} INFO - [2025-01-28T10:14:20.183+0000] {override.py:1912} INFO - Created Permission View: can delete on DAG Run:example_branch_labels
[2025-01-28T10:14:20.190+0000] {logging_mixin.py:190} INFO - [2025-01-28T10:14:20.188+0000] {dag.py:3239} INFO - Sync 1 DAGs
[2025-01-28T10:14:20.204+0000] {logging_mixin.py:190} INFO - [2025-01-28T10:14:20.201+0000] {dag.py:3262} INFO - Creating ORM DAG for example_branch_labels
[2025-01-28T10:14:20.216+0000] {logging_mixin.py:190} INFO - [2025-01-28T10:14:20.214+0000] {dag.py:4180} INFO - Setting next_dagrun for example_branch_labels to 2025-01-27 00:00:00+00:00, run_after=2025-01-28 00:00:00+00:00
[2025-01-28T10:14:20.366+0000] {processor.py:208} INFO - Processing /mnt/c/Users/Admin/Desktop/ud_data/Dataslush_umang/airflow/airflow_venv/lib/python3.12/site-packages/airflow/example_dags/example_branch_labels.py took 2.780 seconds
[2025-01-28T10:16:26.384+0000] {processor.py:186} INFO - Started process (PID=15094) to work on /mnt/c/Users/Admin/Desktop/ud_data/Dataslush_umang/airflow/airflow_venv/lib/python3.12/site-packages/airflow/example_dags/example_branch_labels.py
[2025-01-28T10:16:26.386+0000] {processor.py:914} INFO - Processing file /mnt/c/Users/Admin/Desktop/ud_data/Dataslush_umang/airflow/airflow_venv/lib/python3.12/site-packages/airflow/example_dags/example_branch_labels.py for tasks to queue
[2025-01-28T10:16:26.390+0000] {logging_mixin.py:190} INFO - [2025-01-28T10:16:26.388+0000] {dagbag.py:588} INFO - Filling up the DagBag from /mnt/c/Users/Admin/Desktop/ud_data/Dataslush_umang/airflow/airflow_venv/lib/python3.12/site-packages/airflow/example_dags/example_branch_labels.py
[2025-01-28T10:16:26.480+0000] {processor.py:925} INFO - DAG(s) 'example_branch_labels' retrieved from /mnt/c/Users/Admin/Desktop/ud_data/Dataslush_umang/airflow/airflow_venv/lib/python3.12/site-packages/airflow/example_dags/example_branch_labels.py
[2025-01-28T10:16:26.506+0000] {logging_mixin.py:190} INFO - [2025-01-28T10:16:26.503+0000] {dag.py:3239} INFO - Sync 1 DAGs
[2025-01-28T10:16:26.531+0000] {logging_mixin.py:190} INFO - [2025-01-28T10:16:26.528+0000] {dag.py:4180} INFO - Setting next_dagrun for example_branch_labels to 2025-01-27 00:00:00+00:00, run_after=2025-01-28 00:00:00+00:00
[2025-01-28T10:16:26.575+0000] {processor.py:208} INFO - Processing /mnt/c/Users/Admin/Desktop/ud_data/Dataslush_umang/airflow/airflow_venv/lib/python3.12/site-packages/airflow/example_dags/example_branch_labels.py took 0.211 seconds
[2025-01-28T10:18:35.278+0000] {processor.py:186} INFO - Started process (PID=15348) to work on /mnt/c/Users/Admin/Desktop/ud_data/Dataslush_umang/airflow/airflow_venv/lib/python3.12/site-packages/airflow/example_dags/example_branch_labels.py
[2025-01-28T10:18:35.822+0000] {processor.py:914} INFO - Processing file /mnt/c/Users/Admin/Desktop/ud_data/Dataslush_umang/airflow/airflow_venv/lib/python3.12/site-packages/airflow/example_dags/example_branch_labels.py for tasks to queue
[2025-01-28T10:18:35.835+0000] {logging_mixin.py:190} INFO - [2025-01-28T10:18:35.832+0000] {dagbag.py:588} INFO - Filling up the DagBag from /mnt/c/Users/Admin/Desktop/ud_data/Dataslush_umang/airflow/airflow_venv/lib/python3.12/site-packages/airflow/example_dags/example_branch_labels.py
[2025-01-28T10:18:36.176+0000] {processor.py:925} INFO - DAG(s) 'example_branch_labels' retrieved from /mnt/c/Users/Admin/Desktop/ud_data/Dataslush_umang/airflow/airflow_venv/lib/python3.12/site-packages/airflow/example_dags/example_branch_labels.py
[2025-01-28T10:18:36.245+0000] {logging_mixin.py:190} INFO - [2025-01-28T10:18:36.242+0000] {dag.py:3239} INFO - Sync 1 DAGs
[2025-01-28T10:18:36.289+0000] {logging_mixin.py:190} INFO - [2025-01-28T10:18:36.287+0000] {dag.py:4180} INFO - Setting next_dagrun for example_branch_labels to 2025-01-27 00:00:00+00:00, run_after=2025-01-28 00:00:00+00:00
[2025-01-28T10:18:36.958+0000] {processor.py:208} INFO - Processing /mnt/c/Users/Admin/Desktop/ud_data/Dataslush_umang/airflow/airflow_venv/lib/python3.12/site-packages/airflow/example_dags/example_branch_labels.py took 1.737 seconds
[2025-01-28T10:21:22.484+0000] {processor.py:186} INFO - Started process (PID=15583) to work on /mnt/c/Users/Admin/Desktop/ud_data/Dataslush_umang/airflow/airflow_venv/lib/python3.12/site-packages/airflow/example_dags/example_branch_labels.py
[2025-01-28T10:21:22.493+0000] {processor.py:914} INFO - Processing file /mnt/c/Users/Admin/Desktop/ud_data/Dataslush_umang/airflow/airflow_venv/lib/python3.12/site-packages/airflow/example_dags/example_branch_labels.py for tasks to queue
[2025-01-28T10:21:22.512+0000] {logging_mixin.py:190} INFO - [2025-01-28T10:21:22.506+0000] {dagbag.py:588} INFO - Filling up the DagBag from /mnt/c/Users/Admin/Desktop/ud_data/Dataslush_umang/airflow/airflow_venv/lib/python3.12/site-packages/airflow/example_dags/example_branch_labels.py
[2025-01-28T10:21:22.801+0000] {processor.py:925} INFO - DAG(s) 'example_branch_labels' retrieved from /mnt/c/Users/Admin/Desktop/ud_data/Dataslush_umang/airflow/airflow_venv/lib/python3.12/site-packages/airflow/example_dags/example_branch_labels.py
[2025-01-28T10:21:22.846+0000] {logging_mixin.py:190} INFO - [2025-01-28T10:21:22.844+0000] {dag.py:3239} INFO - Sync 1 DAGs
[2025-01-28T10:21:22.921+0000] {logging_mixin.py:190} INFO - [2025-01-28T10:21:22.919+0000] {dag.py:4180} INFO - Setting next_dagrun for example_branch_labels to 2025-01-27 00:00:00+00:00, run_after=2025-01-28 00:00:00+00:00
[2025-01-28T10:21:22.960+0000] {processor.py:208} INFO - Processing /mnt/c/Users/Admin/Desktop/ud_data/Dataslush_umang/airflow/airflow_venv/lib/python3.12/site-packages/airflow/example_dags/example_branch_labels.py took 0.549 seconds
[2025-01-28T10:23:07.055+0000] {processor.py:186} INFO - Started process (PID=15754) to work on /mnt/c/Users/Admin/Desktop/ud_data/Dataslush_umang/airflow/airflow_venv/lib/python3.12/site-packages/airflow/example_dags/example_branch_labels.py
[2025-01-28T10:23:07.180+0000] {processor.py:914} INFO - Processing file /mnt/c/Users/Admin/Desktop/ud_data/Dataslush_umang/airflow/airflow_venv/lib/python3.12/site-packages/airflow/example_dags/example_branch_labels.py for tasks to queue
[2025-01-28T10:23:07.193+0000] {logging_mixin.py:190} INFO - [2025-01-28T10:23:07.189+0000] {dagbag.py:588} INFO - Filling up the DagBag from /mnt/c/Users/Admin/Desktop/ud_data/Dataslush_umang/airflow/airflow_venv/lib/python3.12/site-packages/airflow/example_dags/example_branch_labels.py
[2025-01-28T10:23:07.510+0000] {processor.py:925} INFO - DAG(s) 'example_branch_labels' retrieved from /mnt/c/Users/Admin/Desktop/ud_data/Dataslush_umang/airflow/airflow_venv/lib/python3.12/site-packages/airflow/example_dags/example_branch_labels.py
[2025-01-28T10:23:07.578+0000] {logging_mixin.py:190} INFO - [2025-01-28T10:23:07.576+0000] {dag.py:3239} INFO - Sync 1 DAGs
[2025-01-28T10:23:07.750+0000] {logging_mixin.py:190} INFO - [2025-01-28T10:23:07.748+0000] {dag.py:4180} INFO - Setting next_dagrun for example_branch_labels to 2025-01-27 00:00:00+00:00, run_after=2025-01-28 00:00:00+00:00
[2025-01-28T10:23:07.811+0000] {processor.py:208} INFO - Processing /mnt/c/Users/Admin/Desktop/ud_data/Dataslush_umang/airflow/airflow_venv/lib/python3.12/site-packages/airflow/example_dags/example_branch_labels.py took 0.790 seconds
[2025-01-28T10:24:48.940+0000] {processor.py:186} INFO - Started process (PID=15950) to work on /mnt/c/Users/Admin/Desktop/ud_data/Dataslush_umang/airflow/airflow_venv/lib/python3.12/site-packages/airflow/example_dags/example_branch_labels.py
[2025-01-28T10:24:48.942+0000] {processor.py:914} INFO - Processing file /mnt/c/Users/Admin/Desktop/ud_data/Dataslush_umang/airflow/airflow_venv/lib/python3.12/site-packages/airflow/example_dags/example_branch_labels.py for tasks to queue
[2025-01-28T10:24:48.947+0000] {logging_mixin.py:190} INFO - [2025-01-28T10:24:48.945+0000] {dagbag.py:588} INFO - Filling up the DagBag from /mnt/c/Users/Admin/Desktop/ud_data/Dataslush_umang/airflow/airflow_venv/lib/python3.12/site-packages/airflow/example_dags/example_branch_labels.py
[2025-01-28T10:24:49.044+0000] {processor.py:925} INFO - DAG(s) 'example_branch_labels' retrieved from /mnt/c/Users/Admin/Desktop/ud_data/Dataslush_umang/airflow/airflow_venv/lib/python3.12/site-packages/airflow/example_dags/example_branch_labels.py
[2025-01-28T10:24:49.071+0000] {logging_mixin.py:190} INFO - [2025-01-28T10:24:49.069+0000] {dag.py:3239} INFO - Sync 1 DAGs
[2025-01-28T10:24:49.103+0000] {logging_mixin.py:190} INFO - [2025-01-28T10:24:49.102+0000] {dag.py:4180} INFO - Setting next_dagrun for example_branch_labels to 2025-01-27 00:00:00+00:00, run_after=2025-01-28 00:00:00+00:00
[2025-01-28T10:25:19.347+0000] {processor.py:208} INFO - Processing /mnt/c/Users/Admin/Desktop/ud_data/Dataslush_umang/airflow/airflow_venv/lib/python3.12/site-packages/airflow/example_dags/example_branch_labels.py took 0.352 seconds
[2025-01-28T10:27:54.731+0000] {processor.py:186} INFO - Started process (PID=16249) to work on /mnt/c/Users/Admin/Desktop/ud_data/Dataslush_umang/airflow/airflow_venv/lib/python3.12/site-packages/airflow/example_dags/example_branch_labels.py
[2025-01-28T10:27:54.739+0000] {processor.py:914} INFO - Processing file /mnt/c/Users/Admin/Desktop/ud_data/Dataslush_umang/airflow/airflow_venv/lib/python3.12/site-packages/airflow/example_dags/example_branch_labels.py for tasks to queue
[2025-01-28T10:27:54.756+0000] {logging_mixin.py:190} INFO - [2025-01-28T10:27:54.750+0000] {dagbag.py:588} INFO - Filling up the DagBag from /mnt/c/Users/Admin/Desktop/ud_data/Dataslush_umang/airflow/airflow_venv/lib/python3.12/site-packages/airflow/example_dags/example_branch_labels.py
[2025-01-28T10:27:24.926+0000] {processor.py:925} INFO - DAG(s) 'example_branch_labels' retrieved from /mnt/c/Users/Admin/Desktop/ud_data/Dataslush_umang/airflow/airflow_venv/lib/python3.12/site-packages/airflow/example_dags/example_branch_labels.py
[2025-01-28T10:27:24.955+0000] {logging_mixin.py:190} INFO - [2025-01-28T10:27:24.953+0000] {dag.py:3239} INFO - Sync 1 DAGs
[2025-01-28T10:27:24.982+0000] {logging_mixin.py:190} INFO - [2025-01-28T10:27:24.979+0000] {dag.py:4180} INFO - Setting next_dagrun for example_branch_labels to 2025-01-27 00:00:00+00:00, run_after=2025-01-28 00:00:00+00:00
[2025-01-28T10:27:26.839+0000] {processor.py:208} INFO - Processing /mnt/c/Users/Admin/Desktop/ud_data/Dataslush_umang/airflow/airflow_venv/lib/python3.12/site-packages/airflow/example_dags/example_branch_labels.py took 2.309 seconds
[2025-01-28T10:30:13.799+0000] {processor.py:186} INFO - Started process (PID=16422) to work on /mnt/c/Users/Admin/Desktop/ud_data/Dataslush_umang/airflow/airflow_venv/lib/python3.12/site-packages/airflow/example_dags/example_branch_labels.py
[2025-01-28T10:30:13.806+0000] {processor.py:914} INFO - Processing file /mnt/c/Users/Admin/Desktop/ud_data/Dataslush_umang/airflow/airflow_venv/lib/python3.12/site-packages/airflow/example_dags/example_branch_labels.py for tasks to queue
[2025-01-28T10:30:13.821+0000] {logging_mixin.py:190} INFO - [2025-01-28T10:30:13.816+0000] {dagbag.py:588} INFO - Filling up the DagBag from /mnt/c/Users/Admin/Desktop/ud_data/Dataslush_umang/airflow/airflow_venv/lib/python3.12/site-packages/airflow/example_dags/example_branch_labels.py
[2025-01-28T10:30:14.206+0000] {processor.py:925} INFO - DAG(s) 'example_branch_labels' retrieved from /mnt/c/Users/Admin/Desktop/ud_data/Dataslush_umang/airflow/airflow_venv/lib/python3.12/site-packages/airflow/example_dags/example_branch_labels.py
[2025-01-28T10:30:14.271+0000] {logging_mixin.py:190} INFO - [2025-01-28T10:30:14.269+0000] {dag.py:3239} INFO - Sync 1 DAGs
[2025-01-28T10:30:14.299+0000] {logging_mixin.py:190} INFO - [2025-01-28T10:30:14.298+0000] {dag.py:4180} INFO - Setting next_dagrun for example_branch_labels to 2025-01-27 00:00:00+00:00, run_after=2025-01-28 00:00:00+00:00
[2025-01-28T10:30:14.341+0000] {processor.py:208} INFO - Processing /mnt/c/Users/Admin/Desktop/ud_data/Dataslush_umang/airflow/airflow_venv/lib/python3.12/site-packages/airflow/example_dags/example_branch_labels.py took 0.609 seconds
[2025-01-28T10:32:28.641+0000] {processor.py:186} INFO - Started process (PID=16644) to work on /mnt/c/Users/Admin/Desktop/ud_data/Dataslush_umang/airflow/airflow_venv/lib/python3.12/site-packages/airflow/example_dags/example_branch_labels.py
[2025-01-28T10:32:28.673+0000] {processor.py:914} INFO - Processing file /mnt/c/Users/Admin/Desktop/ud_data/Dataslush_umang/airflow/airflow_venv/lib/python3.12/site-packages/airflow/example_dags/example_branch_labels.py for tasks to queue
[2025-01-28T10:32:28.692+0000] {logging_mixin.py:190} INFO - [2025-01-28T10:32:28.687+0000] {dagbag.py:588} INFO - Filling up the DagBag from /mnt/c/Users/Admin/Desktop/ud_data/Dataslush_umang/airflow/airflow_venv/lib/python3.12/site-packages/airflow/example_dags/example_branch_labels.py
[2025-01-28T10:32:28.969+0000] {processor.py:925} INFO - DAG(s) 'example_branch_labels' retrieved from /mnt/c/Users/Admin/Desktop/ud_data/Dataslush_umang/airflow/airflow_venv/lib/python3.12/site-packages/airflow/example_dags/example_branch_labels.py
[2025-01-28T10:32:29.000+0000] {logging_mixin.py:190} INFO - [2025-01-28T10:32:28.998+0000] {dag.py:3239} INFO - Sync 1 DAGs
[2025-01-28T10:32:29.029+0000] {logging_mixin.py:190} INFO - [2025-01-28T10:32:29.027+0000] {dag.py:4180} INFO - Setting next_dagrun for example_branch_labels to 2025-01-27 00:00:00+00:00, run_after=2025-01-28 00:00:00+00:00
[2025-01-28T10:32:29.113+0000] {processor.py:208} INFO - Processing /mnt/c/Users/Admin/Desktop/ud_data/Dataslush_umang/airflow/airflow_venv/lib/python3.12/site-packages/airflow/example_dags/example_branch_labels.py took 0.541 seconds
[2025-01-28T10:35:01.825+0000] {processor.py:186} INFO - Started process (PID=16883) to work on /mnt/c/Users/Admin/Desktop/ud_data/Dataslush_umang/airflow/airflow_venv/lib/python3.12/site-packages/airflow/example_dags/example_branch_labels.py
[2025-01-28T10:35:32.635+0000] {processor.py:914} INFO - Processing file /mnt/c/Users/Admin/Desktop/ud_data/Dataslush_umang/airflow/airflow_venv/lib/python3.12/site-packages/airflow/example_dags/example_branch_labels.py for tasks to queue
[2025-01-28T10:35:32.654+0000] {logging_mixin.py:190} INFO - [2025-01-28T10:35:32.648+0000] {dagbag.py:588} INFO - Filling up the DagBag from /mnt/c/Users/Admin/Desktop/ud_data/Dataslush_umang/airflow/airflow_venv/lib/python3.12/site-packages/airflow/example_dags/example_branch_labels.py
[2025-01-28T10:35:02.893+0000] {processor.py:925} INFO - DAG(s) 'example_branch_labels' retrieved from /mnt/c/Users/Admin/Desktop/ud_data/Dataslush_umang/airflow/airflow_venv/lib/python3.12/site-packages/airflow/example_dags/example_branch_labels.py
[2025-01-28T10:35:02.925+0000] {logging_mixin.py:190} INFO - [2025-01-28T10:35:02.924+0000] {dag.py:3239} INFO - Sync 1 DAGs
[2025-01-28T10:35:02.955+0000] {logging_mixin.py:190} INFO - [2025-01-28T10:35:02.953+0000] {dag.py:4180} INFO - Setting next_dagrun for example_branch_labels to 2025-01-27 00:00:00+00:00, run_after=2025-01-28 00:00:00+00:00
[2025-01-28T10:35:03.680+0000] {processor.py:208} INFO - Processing /mnt/c/Users/Admin/Desktop/ud_data/Dataslush_umang/airflow/airflow_venv/lib/python3.12/site-packages/airflow/example_dags/example_branch_labels.py took 1.905 seconds
[2025-01-28T10:37:53.708+0000] {processor.py:186} INFO - Started process (PID=17103) to work on /mnt/c/Users/Admin/Desktop/ud_data/Dataslush_umang/airflow/airflow_venv/lib/python3.12/site-packages/airflow/example_dags/example_branch_labels.py
[2025-01-28T10:37:53.714+0000] {processor.py:914} INFO - Processing file /mnt/c/Users/Admin/Desktop/ud_data/Dataslush_umang/airflow/airflow_venv/lib/python3.12/site-packages/airflow/example_dags/example_branch_labels.py for tasks to queue
[2025-01-28T10:37:53.724+0000] {logging_mixin.py:190} INFO - [2025-01-28T10:37:53.721+0000] {dagbag.py:588} INFO - Filling up the DagBag from /mnt/c/Users/Admin/Desktop/ud_data/Dataslush_umang/airflow/airflow_venv/lib/python3.12/site-packages/airflow/example_dags/example_branch_labels.py
[2025-01-28T10:37:53.892+0000] {processor.py:925} INFO - DAG(s) 'example_branch_labels' retrieved from /mnt/c/Users/Admin/Desktop/ud_data/Dataslush_umang/airflow/airflow_venv/lib/python3.12/site-packages/airflow/example_dags/example_branch_labels.py
[2025-01-28T10:37:53.930+0000] {logging_mixin.py:190} INFO - [2025-01-28T10:37:53.928+0000] {dag.py:3239} INFO - Sync 1 DAGs
[2025-01-28T10:37:53.963+0000] {logging_mixin.py:190} INFO - [2025-01-28T10:37:53.961+0000] {dag.py:4180} INFO - Setting next_dagrun for example_branch_labels to 2025-01-27 00:00:00+00:00, run_after=2025-01-28 00:00:00+00:00
[2025-01-28T10:37:54.001+0000] {processor.py:208} INFO - Processing /mnt/c/Users/Admin/Desktop/ud_data/Dataslush_umang/airflow/airflow_venv/lib/python3.12/site-packages/airflow/example_dags/example_branch_labels.py took 0.363 seconds
[2025-01-28T10:39:46.108+0000] {processor.py:186} INFO - Started process (PID=17299) to work on /mnt/c/Users/Admin/Desktop/ud_data/Dataslush_umang/airflow/airflow_venv/lib/python3.12/site-packages/airflow/example_dags/example_branch_labels.py
[2025-01-28T10:39:46.260+0000] {processor.py:914} INFO - Processing file /mnt/c/Users/Admin/Desktop/ud_data/Dataslush_umang/airflow/airflow_venv/lib/python3.12/site-packages/airflow/example_dags/example_branch_labels.py for tasks to queue
[2025-01-28T10:39:46.267+0000] {logging_mixin.py:190} INFO - [2025-01-28T10:39:46.264+0000] {dagbag.py:588} INFO - Filling up the DagBag from /mnt/c/Users/Admin/Desktop/ud_data/Dataslush_umang/airflow/airflow_venv/lib/python3.12/site-packages/airflow/example_dags/example_branch_labels.py
[2025-01-28T10:39:46.543+0000] {processor.py:925} INFO - DAG(s) 'example_branch_labels' retrieved from /mnt/c/Users/Admin/Desktop/ud_data/Dataslush_umang/airflow/airflow_venv/lib/python3.12/site-packages/airflow/example_dags/example_branch_labels.py
[2025-01-28T10:39:46.581+0000] {logging_mixin.py:190} INFO - [2025-01-28T10:39:46.580+0000] {dag.py:3239} INFO - Sync 1 DAGs
[2025-01-28T10:39:46.610+0000] {logging_mixin.py:190} INFO - [2025-01-28T10:39:46.608+0000] {dag.py:4180} INFO - Setting next_dagrun for example_branch_labels to 2025-01-27 00:00:00+00:00, run_after=2025-01-28 00:00:00+00:00
[2025-01-28T10:39:47.250+0000] {processor.py:208} INFO - Processing /mnt/c/Users/Admin/Desktop/ud_data/Dataslush_umang/airflow/airflow_venv/lib/python3.12/site-packages/airflow/example_dags/example_branch_labels.py took 1.178 seconds
[2025-01-28T10:41:31.503+0000] {processor.py:186} INFO - Started process (PID=17444) to work on /mnt/c/Users/Admin/Desktop/ud_data/Dataslush_umang/airflow/airflow_venv/lib/python3.12/site-packages/airflow/example_dags/example_branch_labels.py
[2025-01-28T10:41:31.506+0000] {processor.py:914} INFO - Processing file /mnt/c/Users/Admin/Desktop/ud_data/Dataslush_umang/airflow/airflow_venv/lib/python3.12/site-packages/airflow/example_dags/example_branch_labels.py for tasks to queue
[2025-01-28T10:41:31.511+0000] {logging_mixin.py:190} INFO - [2025-01-28T10:41:31.509+0000] {dagbag.py:588} INFO - Filling up the DagBag from /mnt/c/Users/Admin/Desktop/ud_data/Dataslush_umang/airflow/airflow_venv/lib/python3.12/site-packages/airflow/example_dags/example_branch_labels.py
[2025-01-28T10:41:31.631+0000] {processor.py:925} INFO - DAG(s) 'example_branch_labels' retrieved from /mnt/c/Users/Admin/Desktop/ud_data/Dataslush_umang/airflow/airflow_venv/lib/python3.12/site-packages/airflow/example_dags/example_branch_labels.py
[2025-01-28T10:41:31.655+0000] {logging_mixin.py:190} INFO - [2025-01-28T10:41:31.653+0000] {dag.py:3239} INFO - Sync 1 DAGs
[2025-01-28T10:41:31.676+0000] {logging_mixin.py:190} INFO - [2025-01-28T10:41:31.674+0000] {dag.py:4180} INFO - Setting next_dagrun for example_branch_labels to 2025-01-27 00:00:00+00:00, run_after=2025-01-28 00:00:00+00:00
[2025-01-28T10:41:31.720+0000] {processor.py:208} INFO - Processing /mnt/c/Users/Admin/Desktop/ud_data/Dataslush_umang/airflow/airflow_venv/lib/python3.12/site-packages/airflow/example_dags/example_branch_labels.py took 0.240 seconds
[2025-01-28T10:43:39.964+0000] {processor.py:186} INFO - Started process (PID=17782) to work on /mnt/c/Users/Admin/Desktop/ud_data/Dataslush_umang/airflow/airflow_venv/lib/python3.12/site-packages/airflow/example_dags/example_branch_labels.py
[2025-01-28T10:43:40.186+0000] {processor.py:914} INFO - Processing file /mnt/c/Users/Admin/Desktop/ud_data/Dataslush_umang/airflow/airflow_venv/lib/python3.12/site-packages/airflow/example_dags/example_branch_labels.py for tasks to queue
[2025-01-28T10:43:40.192+0000] {logging_mixin.py:190} INFO - [2025-01-28T10:43:40.190+0000] {dagbag.py:588} INFO - Filling up the DagBag from /mnt/c/Users/Admin/Desktop/ud_data/Dataslush_umang/airflow/airflow_venv/lib/python3.12/site-packages/airflow/example_dags/example_branch_labels.py
[2025-01-28T10:43:40.328+0000] {processor.py:925} INFO - DAG(s) 'example_branch_labels' retrieved from /mnt/c/Users/Admin/Desktop/ud_data/Dataslush_umang/airflow/airflow_venv/lib/python3.12/site-packages/airflow/example_dags/example_branch_labels.py
[2025-01-28T10:43:40.368+0000] {logging_mixin.py:190} INFO - [2025-01-28T10:43:40.365+0000] {dag.py:3239} INFO - Sync 1 DAGs
[2025-01-28T10:43:40.403+0000] {logging_mixin.py:190} INFO - [2025-01-28T10:43:40.400+0000] {dag.py:4180} INFO - Setting next_dagrun for example_branch_labels to 2025-01-27 00:00:00+00:00, run_after=2025-01-28 00:00:00+00:00
[2025-01-28T10:43:45.364+0000] {processor.py:208} INFO - Processing /mnt/c/Users/Admin/Desktop/ud_data/Dataslush_umang/airflow/airflow_venv/lib/python3.12/site-packages/airflow/example_dags/example_branch_labels.py took 5.431 seconds
[2025-01-28T10:47:50.130+0000] {processor.py:186} INFO - Started process (PID=18036) to work on /mnt/c/Users/Admin/Desktop/ud_data/Dataslush_umang/airflow/airflow_venv/lib/python3.12/site-packages/airflow/example_dags/example_branch_labels.py
[2025-01-28T10:47:50.133+0000] {processor.py:914} INFO - Processing file /mnt/c/Users/Admin/Desktop/ud_data/Dataslush_umang/airflow/airflow_venv/lib/python3.12/site-packages/airflow/example_dags/example_branch_labels.py for tasks to queue
[2025-01-28T10:47:50.140+0000] {logging_mixin.py:190} INFO - [2025-01-28T10:47:50.138+0000] {dagbag.py:588} INFO - Filling up the DagBag from /mnt/c/Users/Admin/Desktop/ud_data/Dataslush_umang/airflow/airflow_venv/lib/python3.12/site-packages/airflow/example_dags/example_branch_labels.py
[2025-01-28T10:47:50.287+0000] {processor.py:925} INFO - DAG(s) 'example_branch_labels' retrieved from /mnt/c/Users/Admin/Desktop/ud_data/Dataslush_umang/airflow/airflow_venv/lib/python3.12/site-packages/airflow/example_dags/example_branch_labels.py
[2025-01-28T10:47:50.317+0000] {logging_mixin.py:190} INFO - [2025-01-28T10:47:50.315+0000] {dag.py:3239} INFO - Sync 1 DAGs
[2025-01-28T10:47:50.344+0000] {logging_mixin.py:190} INFO - [2025-01-28T10:47:50.342+0000] {dag.py:4180} INFO - Setting next_dagrun for example_branch_labels to 2025-01-27 00:00:00+00:00, run_after=2025-01-28 00:00:00+00:00
[2025-01-28T10:47:50.432+0000] {processor.py:208} INFO - Processing /mnt/c/Users/Admin/Desktop/ud_data/Dataslush_umang/airflow/airflow_venv/lib/python3.12/site-packages/airflow/example_dags/example_branch_labels.py took 0.332 seconds
[2025-01-28T10:49:14.462+0000] {processor.py:186} INFO - Started process (PID=18224) to work on /mnt/c/Users/Admin/Desktop/ud_data/Dataslush_umang/airflow/airflow_venv/lib/python3.12/site-packages/airflow/example_dags/example_branch_labels.py
[2025-01-28T10:49:14.465+0000] {processor.py:914} INFO - Processing file /mnt/c/Users/Admin/Desktop/ud_data/Dataslush_umang/airflow/airflow_venv/lib/python3.12/site-packages/airflow/example_dags/example_branch_labels.py for tasks to queue
[2025-01-28T10:49:14.472+0000] {logging_mixin.py:190} INFO - [2025-01-28T10:49:14.470+0000] {dagbag.py:588} INFO - Filling up the DagBag from /mnt/c/Users/Admin/Desktop/ud_data/Dataslush_umang/airflow/airflow_venv/lib/python3.12/site-packages/airflow/example_dags/example_branch_labels.py
[2025-01-28T10:49:14.602+0000] {processor.py:925} INFO - DAG(s) 'example_branch_labels' retrieved from /mnt/c/Users/Admin/Desktop/ud_data/Dataslush_umang/airflow/airflow_venv/lib/python3.12/site-packages/airflow/example_dags/example_branch_labels.py
[2025-01-28T10:49:14.633+0000] {logging_mixin.py:190} INFO - [2025-01-28T10:49:14.631+0000] {dag.py:3239} INFO - Sync 1 DAGs
[2025-01-28T10:49:14.662+0000] {logging_mixin.py:190} INFO - [2025-01-28T10:49:14.660+0000] {dag.py:4180} INFO - Setting next_dagrun for example_branch_labels to 2025-01-27 00:00:00+00:00, run_after=2025-01-28 00:00:00+00:00
[2025-01-28T10:49:14.702+0000] {processor.py:208} INFO - Processing /mnt/c/Users/Admin/Desktop/ud_data/Dataslush_umang/airflow/airflow_venv/lib/python3.12/site-packages/airflow/example_dags/example_branch_labels.py took 0.270 seconds
[2025-01-28T10:50:40.352+0000] {processor.py:186} INFO - Started process (PID=18364) to work on /mnt/c/Users/Admin/Desktop/ud_data/Dataslush_umang/airflow/airflow_venv/lib/python3.12/site-packages/airflow/example_dags/example_branch_labels.py
[2025-01-28T10:50:40.354+0000] {processor.py:914} INFO - Processing file /mnt/c/Users/Admin/Desktop/ud_data/Dataslush_umang/airflow/airflow_venv/lib/python3.12/site-packages/airflow/example_dags/example_branch_labels.py for tasks to queue
[2025-01-28T10:50:40.360+0000] {logging_mixin.py:190} INFO - [2025-01-28T10:50:40.358+0000] {dagbag.py:588} INFO - Filling up the DagBag from /mnt/c/Users/Admin/Desktop/ud_data/Dataslush_umang/airflow/airflow_venv/lib/python3.12/site-packages/airflow/example_dags/example_branch_labels.py
[2025-01-28T10:50:40.480+0000] {processor.py:925} INFO - DAG(s) 'example_branch_labels' retrieved from /mnt/c/Users/Admin/Desktop/ud_data/Dataslush_umang/airflow/airflow_venv/lib/python3.12/site-packages/airflow/example_dags/example_branch_labels.py
[2025-01-28T10:50:40.508+0000] {logging_mixin.py:190} INFO - [2025-01-28T10:50:40.507+0000] {dag.py:3239} INFO - Sync 1 DAGs
[2025-01-28T10:50:40.534+0000] {logging_mixin.py:190} INFO - [2025-01-28T10:50:40.533+0000] {dag.py:4180} INFO - Setting next_dagrun for example_branch_labels to 2025-01-27 00:00:00+00:00, run_after=2025-01-28 00:00:00+00:00
[2025-01-28T10:50:40.694+0000] {processor.py:208} INFO - Processing /mnt/c/Users/Admin/Desktop/ud_data/Dataslush_umang/airflow/airflow_venv/lib/python3.12/site-packages/airflow/example_dags/example_branch_labels.py took 0.365 seconds
[2025-01-28T10:52:19.884+0000] {processor.py:186} INFO - Started process (PID=18594) to work on /mnt/c/Users/Admin/Desktop/ud_data/Dataslush_umang/airflow/airflow_venv/lib/python3.12/site-packages/airflow/example_dags/example_branch_labels.py
[2025-01-28T10:52:19.887+0000] {processor.py:914} INFO - Processing file /mnt/c/Users/Admin/Desktop/ud_data/Dataslush_umang/airflow/airflow_venv/lib/python3.12/site-packages/airflow/example_dags/example_branch_labels.py for tasks to queue
[2025-01-28T10:52:19.894+0000] {logging_mixin.py:190} INFO - [2025-01-28T10:52:19.892+0000] {dagbag.py:588} INFO - Filling up the DagBag from /mnt/c/Users/Admin/Desktop/ud_data/Dataslush_umang/airflow/airflow_venv/lib/python3.12/site-packages/airflow/example_dags/example_branch_labels.py
[2025-01-28T10:52:20.037+0000] {processor.py:925} INFO - DAG(s) 'example_branch_labels' retrieved from /mnt/c/Users/Admin/Desktop/ud_data/Dataslush_umang/airflow/airflow_venv/lib/python3.12/site-packages/airflow/example_dags/example_branch_labels.py
[2025-01-28T10:52:20.067+0000] {logging_mixin.py:190} INFO - [2025-01-28T10:52:20.065+0000] {dag.py:3239} INFO - Sync 1 DAGs
[2025-01-28T10:52:20.098+0000] {logging_mixin.py:190} INFO - [2025-01-28T10:52:20.095+0000] {dag.py:4180} INFO - Setting next_dagrun for example_branch_labels to 2025-01-27 00:00:00+00:00, run_after=2025-01-28 00:00:00+00:00
[2025-01-28T10:52:20.140+0000] {processor.py:208} INFO - Processing /mnt/c/Users/Admin/Desktop/ud_data/Dataslush_umang/airflow/airflow_venv/lib/python3.12/site-packages/airflow/example_dags/example_branch_labels.py took 0.285 seconds
[2025-01-28T10:54:08.573+0000] {processor.py:186} INFO - Started process (PID=18757) to work on /mnt/c/Users/Admin/Desktop/ud_data/Dataslush_umang/airflow/airflow_venv/lib/python3.12/site-packages/airflow/example_dags/example_branch_labels.py
[2025-01-28T10:54:08.623+0000] {processor.py:914} INFO - Processing file /mnt/c/Users/Admin/Desktop/ud_data/Dataslush_umang/airflow/airflow_venv/lib/python3.12/site-packages/airflow/example_dags/example_branch_labels.py for tasks to queue
[2025-01-28T10:54:08.633+0000] {logging_mixin.py:190} INFO - [2025-01-28T10:54:08.631+0000] {dagbag.py:588} INFO - Filling up the DagBag from /mnt/c/Users/Admin/Desktop/ud_data/Dataslush_umang/airflow/airflow_venv/lib/python3.12/site-packages/airflow/example_dags/example_branch_labels.py
[2025-01-28T10:54:08.741+0000] {processor.py:925} INFO - DAG(s) 'example_branch_labels' retrieved from /mnt/c/Users/Admin/Desktop/ud_data/Dataslush_umang/airflow/airflow_venv/lib/python3.12/site-packages/airflow/example_dags/example_branch_labels.py
[2025-01-28T10:54:08.778+0000] {logging_mixin.py:190} INFO - [2025-01-28T10:54:08.775+0000] {dag.py:3239} INFO - Sync 1 DAGs
[2025-01-28T10:54:08.807+0000] {logging_mixin.py:190} INFO - [2025-01-28T10:54:08.805+0000] {dag.py:4180} INFO - Setting next_dagrun for example_branch_labels to 2025-01-27 00:00:00+00:00, run_after=2025-01-28 00:00:00+00:00
[2025-01-28T10:54:09.627+0000] {processor.py:208} INFO - Processing /mnt/c/Users/Admin/Desktop/ud_data/Dataslush_umang/airflow/airflow_venv/lib/python3.12/site-packages/airflow/example_dags/example_branch_labels.py took 1.080 seconds
[2025-01-28T10:55:49.823+0000] {processor.py:186} INFO - Started process (PID=18951) to work on /mnt/c/Users/Admin/Desktop/ud_data/Dataslush_umang/airflow/airflow_venv/lib/python3.12/site-packages/airflow/example_dags/example_branch_labels.py
[2025-01-28T10:55:49.826+0000] {processor.py:914} INFO - Processing file /mnt/c/Users/Admin/Desktop/ud_data/Dataslush_umang/airflow/airflow_venv/lib/python3.12/site-packages/airflow/example_dags/example_branch_labels.py for tasks to queue
[2025-01-28T10:55:49.832+0000] {logging_mixin.py:190} INFO - [2025-01-28T10:55:49.831+0000] {dagbag.py:588} INFO - Filling up the DagBag from /mnt/c/Users/Admin/Desktop/ud_data/Dataslush_umang/airflow/airflow_venv/lib/python3.12/site-packages/airflow/example_dags/example_branch_labels.py
[2025-01-28T10:55:49.960+0000] {processor.py:925} INFO - DAG(s) 'example_branch_labels' retrieved from /mnt/c/Users/Admin/Desktop/ud_data/Dataslush_umang/airflow/airflow_venv/lib/python3.12/site-packages/airflow/example_dags/example_branch_labels.py
[2025-01-28T10:55:49.991+0000] {logging_mixin.py:190} INFO - [2025-01-28T10:55:49.989+0000] {dag.py:3239} INFO - Sync 1 DAGs
[2025-01-28T10:55:50.029+0000] {logging_mixin.py:190} INFO - [2025-01-28T10:55:50.028+0000] {dag.py:4180} INFO - Setting next_dagrun for example_branch_labels to 2025-01-27 00:00:00+00:00, run_after=2025-01-28 00:00:00+00:00
[2025-01-28T10:55:50.071+0000] {processor.py:208} INFO - Processing /mnt/c/Users/Admin/Desktop/ud_data/Dataslush_umang/airflow/airflow_venv/lib/python3.12/site-packages/airflow/example_dags/example_branch_labels.py took 0.272 seconds
[2025-01-28T10:57:25.868+0000] {processor.py:186} INFO - Started process (PID=19151) to work on /mnt/c/Users/Admin/Desktop/ud_data/Dataslush_umang/airflow/airflow_venv/lib/python3.12/site-packages/airflow/example_dags/example_branch_labels.py
[2025-01-28T10:57:25.873+0000] {processor.py:914} INFO - Processing file /mnt/c/Users/Admin/Desktop/ud_data/Dataslush_umang/airflow/airflow_venv/lib/python3.12/site-packages/airflow/example_dags/example_branch_labels.py for tasks to queue
[2025-01-28T10:57:25.885+0000] {logging_mixin.py:190} INFO - [2025-01-28T10:57:25.879+0000] {dagbag.py:588} INFO - Filling up the DagBag from /mnt/c/Users/Admin/Desktop/ud_data/Dataslush_umang/airflow/airflow_venv/lib/python3.12/site-packages/airflow/example_dags/example_branch_labels.py
[2025-01-28T10:57:26.001+0000] {processor.py:925} INFO - DAG(s) 'example_branch_labels' retrieved from /mnt/c/Users/Admin/Desktop/ud_data/Dataslush_umang/airflow/airflow_venv/lib/python3.12/site-packages/airflow/example_dags/example_branch_labels.py
[2025-01-28T10:57:26.029+0000] {logging_mixin.py:190} INFO - [2025-01-28T10:57:26.028+0000] {dag.py:3239} INFO - Sync 1 DAGs
[2025-01-28T10:57:26.059+0000] {logging_mixin.py:190} INFO - [2025-01-28T10:57:26.058+0000] {dag.py:4180} INFO - Setting next_dagrun for example_branch_labels to 2025-01-27 00:00:00+00:00, run_after=2025-01-28 00:00:00+00:00
[2025-01-28T10:57:26.099+0000] {processor.py:208} INFO - Processing /mnt/c/Users/Admin/Desktop/ud_data/Dataslush_umang/airflow/airflow_venv/lib/python3.12/site-packages/airflow/example_dags/example_branch_labels.py took 0.262 seconds
[2025-01-28T10:58:51.118+0000] {processor.py:186} INFO - Started process (PID=19339) to work on /mnt/c/Users/Admin/Desktop/ud_data/Dataslush_umang/airflow/airflow_venv/lib/python3.12/site-packages/airflow/example_dags/example_branch_labels.py
[2025-01-28T10:58:51.121+0000] {processor.py:914} INFO - Processing file /mnt/c/Users/Admin/Desktop/ud_data/Dataslush_umang/airflow/airflow_venv/lib/python3.12/site-packages/airflow/example_dags/example_branch_labels.py for tasks to queue
[2025-01-28T10:58:51.128+0000] {logging_mixin.py:190} INFO - [2025-01-28T10:58:51.126+0000] {dagbag.py:588} INFO - Filling up the DagBag from /mnt/c/Users/Admin/Desktop/ud_data/Dataslush_umang/airflow/airflow_venv/lib/python3.12/site-packages/airflow/example_dags/example_branch_labels.py
[2025-01-28T10:58:51.271+0000] {processor.py:925} INFO - DAG(s) 'example_branch_labels' retrieved from /mnt/c/Users/Admin/Desktop/ud_data/Dataslush_umang/airflow/airflow_venv/lib/python3.12/site-packages/airflow/example_dags/example_branch_labels.py
[2025-01-28T10:58:51.306+0000] {logging_mixin.py:190} INFO - [2025-01-28T10:58:51.304+0000] {dag.py:3239} INFO - Sync 1 DAGs
[2025-01-28T10:58:51.337+0000] {logging_mixin.py:190} INFO - [2025-01-28T10:58:51.335+0000] {dag.py:4180} INFO - Setting next_dagrun for example_branch_labels to 2025-01-27 00:00:00+00:00, run_after=2025-01-28 00:00:00+00:00
[2025-01-28T10:58:51.380+0000] {processor.py:208} INFO - Processing /mnt/c/Users/Admin/Desktop/ud_data/Dataslush_umang/airflow/airflow_venv/lib/python3.12/site-packages/airflow/example_dags/example_branch_labels.py took 0.288 seconds
[2025-01-28T11:00:32.884+0000] {processor.py:186} INFO - Started process (PID=19518) to work on /mnt/c/Users/Admin/Desktop/ud_data/Dataslush_umang/airflow/airflow_venv/lib/python3.12/site-packages/airflow/example_dags/example_branch_labels.py
[2025-01-28T11:00:32.995+0000] {processor.py:914} INFO - Processing file /mnt/c/Users/Admin/Desktop/ud_data/Dataslush_umang/airflow/airflow_venv/lib/python3.12/site-packages/airflow/example_dags/example_branch_labels.py for tasks to queue
[2025-01-28T11:01:03.089+0000] {logging_mixin.py:190} INFO - [2025-01-28T11:01:03.087+0000] {dagbag.py:588} INFO - Filling up the DagBag from /mnt/c/Users/Admin/Desktop/ud_data/Dataslush_umang/airflow/airflow_venv/lib/python3.12/site-packages/airflow/example_dags/example_branch_labels.py
[2025-01-28T11:01:03.214+0000] {processor.py:925} INFO - DAG(s) 'example_branch_labels' retrieved from /mnt/c/Users/Admin/Desktop/ud_data/Dataslush_umang/airflow/airflow_venv/lib/python3.12/site-packages/airflow/example_dags/example_branch_labels.py
[2025-01-28T11:01:03.252+0000] {logging_mixin.py:190} INFO - [2025-01-28T11:01:03.250+0000] {dag.py:3239} INFO - Sync 1 DAGs
[2025-01-28T11:01:03.305+0000] {logging_mixin.py:190} INFO - [2025-01-28T11:01:03.303+0000] {dag.py:4180} INFO - Setting next_dagrun for example_branch_labels to 2025-01-27 00:00:00+00:00, run_after=2025-01-28 00:00:00+00:00
[2025-01-28T11:00:33.370+0000] {processor.py:208} INFO - Processing /mnt/c/Users/Admin/Desktop/ud_data/Dataslush_umang/airflow/airflow_venv/lib/python3.12/site-packages/airflow/example_dags/example_branch_labels.py took 0.503 seconds
[2025-01-28T11:03:09.732+0000] {processor.py:186} INFO - Started process (PID=19696) to work on /mnt/c/Users/Admin/Desktop/ud_data/Dataslush_umang/airflow/airflow_venv/lib/python3.12/site-packages/airflow/example_dags/example_branch_labels.py
[2025-01-28T11:03:09.902+0000] {processor.py:914} INFO - Processing file /mnt/c/Users/Admin/Desktop/ud_data/Dataslush_umang/airflow/airflow_venv/lib/python3.12/site-packages/airflow/example_dags/example_branch_labels.py for tasks to queue
[2025-01-28T11:03:09.909+0000] {logging_mixin.py:190} INFO - [2025-01-28T11:03:09.907+0000] {dagbag.py:588} INFO - Filling up the DagBag from /mnt/c/Users/Admin/Desktop/ud_data/Dataslush_umang/airflow/airflow_venv/lib/python3.12/site-packages/airflow/example_dags/example_branch_labels.py
[2025-01-28T11:03:10.056+0000] {processor.py:925} INFO - DAG(s) 'example_branch_labels' retrieved from /mnt/c/Users/Admin/Desktop/ud_data/Dataslush_umang/airflow/airflow_venv/lib/python3.12/site-packages/airflow/example_dags/example_branch_labels.py
[2025-01-28T11:03:10.089+0000] {logging_mixin.py:190} INFO - [2025-01-28T11:03:10.088+0000] {dag.py:3239} INFO - Sync 1 DAGs
[2025-01-28T11:03:10.128+0000] {logging_mixin.py:190} INFO - [2025-01-28T11:03:10.127+0000] {dag.py:4180} INFO - Setting next_dagrun for example_branch_labels to 2025-01-27 00:00:00+00:00, run_after=2025-01-28 00:00:00+00:00
[2025-01-28T11:03:10.174+0000] {processor.py:208} INFO - Processing /mnt/c/Users/Admin/Desktop/ud_data/Dataslush_umang/airflow/airflow_venv/lib/python3.12/site-packages/airflow/example_dags/example_branch_labels.py took 0.470 seconds
[2025-01-28T11:05:02.077+0000] {processor.py:186} INFO - Started process (PID=19946) to work on /mnt/c/Users/Admin/Desktop/ud_data/Dataslush_umang/airflow/airflow_venv/lib/python3.12/site-packages/airflow/example_dags/example_branch_labels.py
[2025-01-28T11:05:02.080+0000] {processor.py:914} INFO - Processing file /mnt/c/Users/Admin/Desktop/ud_data/Dataslush_umang/airflow/airflow_venv/lib/python3.12/site-packages/airflow/example_dags/example_branch_labels.py for tasks to queue
[2025-01-28T11:05:02.085+0000] {logging_mixin.py:190} INFO - [2025-01-28T11:05:02.084+0000] {dagbag.py:588} INFO - Filling up the DagBag from /mnt/c/Users/Admin/Desktop/ud_data/Dataslush_umang/airflow/airflow_venv/lib/python3.12/site-packages/airflow/example_dags/example_branch_labels.py
[2025-01-28T11:05:02.225+0000] {processor.py:925} INFO - DAG(s) 'example_branch_labels' retrieved from /mnt/c/Users/Admin/Desktop/ud_data/Dataslush_umang/airflow/airflow_venv/lib/python3.12/site-packages/airflow/example_dags/example_branch_labels.py
[2025-01-28T11:05:02.297+0000] {logging_mixin.py:190} INFO - [2025-01-28T11:05:02.287+0000] {dag.py:3239} INFO - Sync 1 DAGs
[2025-01-28T11:05:02.345+0000] {logging_mixin.py:190} INFO - [2025-01-28T11:05:02.344+0000] {dag.py:4180} INFO - Setting next_dagrun for example_branch_labels to 2025-01-27 00:00:00+00:00, run_after=2025-01-28 00:00:00+00:00
[2025-01-28T11:05:02.423+0000] {processor.py:208} INFO - Processing /mnt/c/Users/Admin/Desktop/ud_data/Dataslush_umang/airflow/airflow_venv/lib/python3.12/site-packages/airflow/example_dags/example_branch_labels.py took 0.368 seconds
[2025-01-28T11:07:07.789+0000] {processor.py:186} INFO - Started process (PID=20071) to work on /mnt/c/Users/Admin/Desktop/ud_data/Dataslush_umang/airflow/airflow_venv/lib/python3.12/site-packages/airflow/example_dags/example_branch_labels.py
[2025-01-28T11:07:07.793+0000] {processor.py:914} INFO - Processing file /mnt/c/Users/Admin/Desktop/ud_data/Dataslush_umang/airflow/airflow_venv/lib/python3.12/site-packages/airflow/example_dags/example_branch_labels.py for tasks to queue
[2025-01-28T11:07:07.801+0000] {logging_mixin.py:190} INFO - [2025-01-28T11:07:07.798+0000] {dagbag.py:588} INFO - Filling up the DagBag from /mnt/c/Users/Admin/Desktop/ud_data/Dataslush_umang/airflow/airflow_venv/lib/python3.12/site-packages/airflow/example_dags/example_branch_labels.py
[2025-01-28T11:07:07.948+0000] {processor.py:925} INFO - DAG(s) 'example_branch_labels' retrieved from /mnt/c/Users/Admin/Desktop/ud_data/Dataslush_umang/airflow/airflow_venv/lib/python3.12/site-packages/airflow/example_dags/example_branch_labels.py
[2025-01-28T11:07:07.979+0000] {logging_mixin.py:190} INFO - [2025-01-28T11:07:07.978+0000] {dag.py:3239} INFO - Sync 1 DAGs
[2025-01-28T11:07:08.011+0000] {logging_mixin.py:190} INFO - [2025-01-28T11:07:08.010+0000] {dag.py:4180} INFO - Setting next_dagrun for example_branch_labels to 2025-01-27 00:00:00+00:00, run_after=2025-01-28 00:00:00+00:00
[2025-01-28T11:07:08.058+0000] {processor.py:208} INFO - Processing /mnt/c/Users/Admin/Desktop/ud_data/Dataslush_umang/airflow/airflow_venv/lib/python3.12/site-packages/airflow/example_dags/example_branch_labels.py took 0.297 seconds
[2025-01-28T11:08:40.916+0000] {processor.py:186} INFO - Started process (PID=20238) to work on /mnt/c/Users/Admin/Desktop/ud_data/Dataslush_umang/airflow/airflow_venv/lib/python3.12/site-packages/airflow/example_dags/example_branch_labels.py
[2025-01-28T11:08:40.919+0000] {processor.py:914} INFO - Processing file /mnt/c/Users/Admin/Desktop/ud_data/Dataslush_umang/airflow/airflow_venv/lib/python3.12/site-packages/airflow/example_dags/example_branch_labels.py for tasks to queue
[2025-01-28T11:08:40.925+0000] {logging_mixin.py:190} INFO - [2025-01-28T11:08:40.923+0000] {dagbag.py:588} INFO - Filling up the DagBag from /mnt/c/Users/Admin/Desktop/ud_data/Dataslush_umang/airflow/airflow_venv/lib/python3.12/site-packages/airflow/example_dags/example_branch_labels.py
[2025-01-28T11:08:41.069+0000] {processor.py:925} INFO - DAG(s) 'example_branch_labels' retrieved from /mnt/c/Users/Admin/Desktop/ud_data/Dataslush_umang/airflow/airflow_venv/lib/python3.12/site-packages/airflow/example_dags/example_branch_labels.py
[2025-01-28T11:08:41.101+0000] {logging_mixin.py:190} INFO - [2025-01-28T11:08:41.099+0000] {dag.py:3239} INFO - Sync 1 DAGs
[2025-01-28T11:08:41.136+0000] {logging_mixin.py:190} INFO - [2025-01-28T11:08:41.135+0000] {dag.py:4180} INFO - Setting next_dagrun for example_branch_labels to 2025-01-27 00:00:00+00:00, run_after=2025-01-28 00:00:00+00:00
[2025-01-28T11:08:41.186+0000] {processor.py:208} INFO - Processing /mnt/c/Users/Admin/Desktop/ud_data/Dataslush_umang/airflow/airflow_venv/lib/python3.12/site-packages/airflow/example_dags/example_branch_labels.py took 0.295 seconds
[2025-01-28T11:11:07.106+0000] {processor.py:186} INFO - Started process (PID=20503) to work on /mnt/c/Users/Admin/Desktop/ud_data/Dataslush_umang/airflow/airflow_venv/lib/python3.12/site-packages/airflow/example_dags/example_branch_labels.py
[2025-01-28T11:11:07.109+0000] {processor.py:914} INFO - Processing file /mnt/c/Users/Admin/Desktop/ud_data/Dataslush_umang/airflow/airflow_venv/lib/python3.12/site-packages/airflow/example_dags/example_branch_labels.py for tasks to queue
[2025-01-28T11:11:07.116+0000] {logging_mixin.py:190} INFO - [2025-01-28T11:11:07.113+0000] {dagbag.py:588} INFO - Filling up the DagBag from /mnt/c/Users/Admin/Desktop/ud_data/Dataslush_umang/airflow/airflow_venv/lib/python3.12/site-packages/airflow/example_dags/example_branch_labels.py
[2025-01-28T11:11:07.249+0000] {processor.py:925} INFO - DAG(s) 'example_branch_labels' retrieved from /mnt/c/Users/Admin/Desktop/ud_data/Dataslush_umang/airflow/airflow_venv/lib/python3.12/site-packages/airflow/example_dags/example_branch_labels.py
[2025-01-28T11:11:07.284+0000] {logging_mixin.py:190} INFO - [2025-01-28T11:11:07.283+0000] {dag.py:3239} INFO - Sync 1 DAGs
[2025-01-28T11:11:07.319+0000] {logging_mixin.py:190} INFO - [2025-01-28T11:11:07.318+0000] {dag.py:4180} INFO - Setting next_dagrun for example_branch_labels to 2025-01-27 00:00:00+00:00, run_after=2025-01-28 00:00:00+00:00
[2025-01-28T11:11:07.364+0000] {processor.py:208} INFO - Processing /mnt/c/Users/Admin/Desktop/ud_data/Dataslush_umang/airflow/airflow_venv/lib/python3.12/site-packages/airflow/example_dags/example_branch_labels.py took 0.286 seconds
[2025-01-28T11:12:42.160+0000] {processor.py:186} INFO - Started process (PID=20614) to work on /mnt/c/Users/Admin/Desktop/ud_data/Dataslush_umang/airflow/airflow_venv/lib/python3.12/site-packages/airflow/example_dags/example_branch_labels.py
[2025-01-28T11:12:42.163+0000] {processor.py:914} INFO - Processing file /mnt/c/Users/Admin/Desktop/ud_data/Dataslush_umang/airflow/airflow_venv/lib/python3.12/site-packages/airflow/example_dags/example_branch_labels.py for tasks to queue
[2025-01-28T11:12:42.171+0000] {logging_mixin.py:190} INFO - [2025-01-28T11:12:42.168+0000] {dagbag.py:588} INFO - Filling up the DagBag from /mnt/c/Users/Admin/Desktop/ud_data/Dataslush_umang/airflow/airflow_venv/lib/python3.12/site-packages/airflow/example_dags/example_branch_labels.py
[2025-01-28T11:12:42.320+0000] {processor.py:925} INFO - DAG(s) 'example_branch_labels' retrieved from /mnt/c/Users/Admin/Desktop/ud_data/Dataslush_umang/airflow/airflow_venv/lib/python3.12/site-packages/airflow/example_dags/example_branch_labels.py
[2025-01-28T11:12:42.352+0000] {logging_mixin.py:190} INFO - [2025-01-28T11:12:42.350+0000] {dag.py:3239} INFO - Sync 1 DAGs
[2025-01-28T11:12:42.384+0000] {logging_mixin.py:190} INFO - [2025-01-28T11:12:42.382+0000] {dag.py:4180} INFO - Setting next_dagrun for example_branch_labels to 2025-01-27 00:00:00+00:00, run_after=2025-01-28 00:00:00+00:00
[2025-01-28T11:12:42.584+0000] {processor.py:208} INFO - Processing /mnt/c/Users/Admin/Desktop/ud_data/Dataslush_umang/airflow/airflow_venv/lib/python3.12/site-packages/airflow/example_dags/example_branch_labels.py took 0.453 seconds
[2025-01-28T11:14:17.333+0000] {processor.py:186} INFO - Started process (PID=20725) to work on /mnt/c/Users/Admin/Desktop/ud_data/Dataslush_umang/airflow/airflow_venv/lib/python3.12/site-packages/airflow/example_dags/example_branch_labels.py
[2025-01-28T11:14:17.336+0000] {processor.py:914} INFO - Processing file /mnt/c/Users/Admin/Desktop/ud_data/Dataslush_umang/airflow/airflow_venv/lib/python3.12/site-packages/airflow/example_dags/example_branch_labels.py for tasks to queue
[2025-01-28T11:14:17.344+0000] {logging_mixin.py:190} INFO - [2025-01-28T11:14:17.342+0000] {dagbag.py:588} INFO - Filling up the DagBag from /mnt/c/Users/Admin/Desktop/ud_data/Dataslush_umang/airflow/airflow_venv/lib/python3.12/site-packages/airflow/example_dags/example_branch_labels.py
[2025-01-28T11:14:17.471+0000] {processor.py:925} INFO - DAG(s) 'example_branch_labels' retrieved from /mnt/c/Users/Admin/Desktop/ud_data/Dataslush_umang/airflow/airflow_venv/lib/python3.12/site-packages/airflow/example_dags/example_branch_labels.py
[2025-01-28T11:14:17.505+0000] {logging_mixin.py:190} INFO - [2025-01-28T11:14:17.503+0000] {dag.py:3239} INFO - Sync 1 DAGs
[2025-01-28T11:14:17.534+0000] {logging_mixin.py:190} INFO - [2025-01-28T11:14:17.533+0000] {dag.py:4180} INFO - Setting next_dagrun for example_branch_labels to 2025-01-27 00:00:00+00:00, run_after=2025-01-28 00:00:00+00:00
[2025-01-28T11:14:17.574+0000] {processor.py:208} INFO - Processing /mnt/c/Users/Admin/Desktop/ud_data/Dataslush_umang/airflow/airflow_venv/lib/python3.12/site-packages/airflow/example_dags/example_branch_labels.py took 0.266 seconds
