[2025-01-28T10:12:14.028+0000] {processor.py:186} INFO - Started process (PID=14733) to work on /mnt/c/Users/Admin/Desktop/ud_data/Dataslush_umang/airflow/airflow_venv/lib/python3.12/site-packages/airflow/example_dags/example_sla_dag.py
[2025-01-28T10:12:14.030+0000] {processor.py:914} INFO - Processing file /mnt/c/Users/Admin/Desktop/ud_data/Dataslush_umang/airflow/airflow_venv/lib/python3.12/site-packages/airflow/example_dags/example_sla_dag.py for tasks to queue
[2025-01-28T10:12:14.035+0000] {logging_mixin.py:190} INFO - [2025-01-28T10:12:14.034+0000] {dagbag.py:588} INFO - Filling up the DagBag from /mnt/c/Users/Admin/Desktop/ud_data/Dataslush_umang/airflow/airflow_venv/lib/python3.12/site-packages/airflow/example_dags/example_sla_dag.py
[2025-01-28T10:12:14.177+0000] {processor.py:925} INFO - DAG(s) 'example_sla_dag' retrieved from /mnt/c/Users/Admin/Desktop/ud_data/Dataslush_umang/airflow/airflow_venv/lib/python3.12/site-packages/airflow/example_dags/example_sla_dag.py
[2025-01-28T10:12:15.880+0000] {logging_mixin.py:190} INFO - [2025-01-28T10:12:15.878+0000] {override.py:1912} INFO - Created Permission View: can edit on DAG:example_sla_dag
[2025-01-28T10:12:15.913+0000] {logging_mixin.py:190} INFO - [2025-01-28T10:12:15.911+0000] {override.py:1912} INFO - Created Permission View: can read on DAG:example_sla_dag
[2025-01-28T10:12:15.939+0000] {logging_mixin.py:190} INFO - [2025-01-28T10:12:15.937+0000] {override.py:1912} INFO - Created Permission View: can delete on DAG:example_sla_dag
[2025-01-28T10:12:15.982+0000] {logging_mixin.py:190} INFO - [2025-01-28T10:12:15.980+0000] {override.py:1912} INFO - Created Permission View: can create on DAG Run:example_sla_dag
[2025-01-28T10:12:16.009+0000] {logging_mixin.py:190} INFO - [2025-01-28T10:12:16.006+0000] {override.py:1912} INFO - Created Permission View: menu access on DAG Run:example_sla_dag
[2025-01-28T10:12:16.034+0000] {logging_mixin.py:190} INFO - [2025-01-28T10:12:16.033+0000] {override.py:1912} INFO - Created Permission View: can read on DAG Run:example_sla_dag
[2025-01-28T10:12:16.059+0000] {logging_mixin.py:190} INFO - [2025-01-28T10:12:16.057+0000] {override.py:1912} INFO - Created Permission View: can delete on DAG Run:example_sla_dag
[2025-01-28T10:12:16.062+0000] {logging_mixin.py:190} INFO - [2025-01-28T10:12:16.060+0000] {dag.py:3239} INFO - Sync 1 DAGs
[2025-01-28T10:12:16.085+0000] {logging_mixin.py:190} INFO - [2025-01-28T10:12:16.083+0000] {dag.py:3262} INFO - Creating ORM DAG for example_sla_dag
[2025-01-28T10:12:16.137+0000] {logging_mixin.py:190} INFO - [2025-01-28T10:12:16.136+0000] {dag.py:4180} INFO - Setting next_dagrun for example_sla_dag to 2025-01-28 10:10:00+00:00, run_after=2025-01-28 10:12:00+00:00
[2025-01-28T10:12:16.203+0000] {processor.py:208} INFO - Processing /mnt/c/Users/Admin/Desktop/ud_data/Dataslush_umang/airflow/airflow_venv/lib/python3.12/site-packages/airflow/example_dags/example_sla_dag.py took 2.196 seconds
[2025-01-28T10:15:04.946+0000] {processor.py:186} INFO - Started process (PID=14969) to work on /mnt/c/Users/Admin/Desktop/ud_data/Dataslush_umang/airflow/airflow_venv/lib/python3.12/site-packages/airflow/example_dags/example_sla_dag.py
[2025-01-28T10:15:04.949+0000] {processor.py:914} INFO - Processing file /mnt/c/Users/Admin/Desktop/ud_data/Dataslush_umang/airflow/airflow_venv/lib/python3.12/site-packages/airflow/example_dags/example_sla_dag.py for tasks to queue
[2025-01-28T10:15:04.954+0000] {logging_mixin.py:190} INFO - [2025-01-28T10:15:04.952+0000] {dagbag.py:588} INFO - Filling up the DagBag from /mnt/c/Users/Admin/Desktop/ud_data/Dataslush_umang/airflow/airflow_venv/lib/python3.12/site-packages/airflow/example_dags/example_sla_dag.py
[2025-01-28T10:15:05.059+0000] {processor.py:925} INFO - DAG(s) 'example_sla_dag' retrieved from /mnt/c/Users/Admin/Desktop/ud_data/Dataslush_umang/airflow/airflow_venv/lib/python3.12/site-packages/airflow/example_dags/example_sla_dag.py
[2025-01-28T10:15:05.082+0000] {logging_mixin.py:190} INFO - [2025-01-28T10:15:05.081+0000] {dag.py:3239} INFO - Sync 1 DAGs
[2025-01-28T10:15:05.119+0000] {logging_mixin.py:190} INFO - [2025-01-28T10:15:05.119+0000] {dag.py:4180} INFO - Setting next_dagrun for example_sla_dag to 2025-01-28 10:12:00+00:00, run_after=2025-01-28 10:14:00+00:00
[2025-01-28T10:15:05.291+0000] {processor.py:208} INFO - Processing /mnt/c/Users/Admin/Desktop/ud_data/Dataslush_umang/airflow/airflow_venv/lib/python3.12/site-packages/airflow/example_dags/example_sla_dag.py took 0.366 seconds
[2025-01-28T10:16:11.374+0000] {processor.py:186} INFO - Started process (PID=15074) to work on /mnt/c/Users/Admin/Desktop/ud_data/Dataslush_umang/airflow/airflow_venv/lib/python3.12/site-packages/airflow/example_dags/example_sla_dag.py
[2025-01-28T10:16:11.377+0000] {processor.py:914} INFO - Processing file /mnt/c/Users/Admin/Desktop/ud_data/Dataslush_umang/airflow/airflow_venv/lib/python3.12/site-packages/airflow/example_dags/example_sla_dag.py for tasks to queue
[2025-01-28T10:16:11.383+0000] {logging_mixin.py:190} INFO - [2025-01-28T10:16:11.381+0000] {dagbag.py:588} INFO - Filling up the DagBag from /mnt/c/Users/Admin/Desktop/ud_data/Dataslush_umang/airflow/airflow_venv/lib/python3.12/site-packages/airflow/example_dags/example_sla_dag.py
[2025-01-28T10:16:11.489+0000] {processor.py:925} INFO - DAG(s) 'example_sla_dag' retrieved from /mnt/c/Users/Admin/Desktop/ud_data/Dataslush_umang/airflow/airflow_venv/lib/python3.12/site-packages/airflow/example_dags/example_sla_dag.py
[2025-01-28T10:16:11.514+0000] {logging_mixin.py:190} INFO - [2025-01-28T10:16:11.512+0000] {dag.py:3239} INFO - Sync 1 DAGs
[2025-01-28T10:16:11.554+0000] {logging_mixin.py:190} INFO - [2025-01-28T10:16:11.553+0000] {dag.py:4180} INFO - Setting next_dagrun for example_sla_dag to 2025-01-28 10:14:00+00:00, run_after=2025-01-28 10:16:00+00:00
[2025-01-28T10:16:11.737+0000] {processor.py:208} INFO - Processing /mnt/c/Users/Admin/Desktop/ud_data/Dataslush_umang/airflow/airflow_venv/lib/python3.12/site-packages/airflow/example_dags/example_sla_dag.py took 0.385 seconds
[2025-01-28T10:17:58.929+0000] {processor.py:186} INFO - Started process (PID=15273) to work on /mnt/c/Users/Admin/Desktop/ud_data/Dataslush_umang/airflow/airflow_venv/lib/python3.12/site-packages/airflow/example_dags/example_sla_dag.py
[2025-01-28T10:17:59.002+0000] {processor.py:914} INFO - Processing file /mnt/c/Users/Admin/Desktop/ud_data/Dataslush_umang/airflow/airflow_venv/lib/python3.12/site-packages/airflow/example_dags/example_sla_dag.py for tasks to queue
[2025-01-28T10:17:59.012+0000] {logging_mixin.py:190} INFO - [2025-01-28T10:17:59.009+0000] {dagbag.py:588} INFO - Filling up the DagBag from /mnt/c/Users/Admin/Desktop/ud_data/Dataslush_umang/airflow/airflow_venv/lib/python3.12/site-packages/airflow/example_dags/example_sla_dag.py
[2025-01-28T10:17:59.226+0000] {processor.py:925} INFO - DAG(s) 'example_sla_dag' retrieved from /mnt/c/Users/Admin/Desktop/ud_data/Dataslush_umang/airflow/airflow_venv/lib/python3.12/site-packages/airflow/example_dags/example_sla_dag.py
[2025-01-28T10:17:59.262+0000] {logging_mixin.py:190} INFO - [2025-01-28T10:17:59.260+0000] {dag.py:3239} INFO - Sync 1 DAGs
[2025-01-28T10:17:59.330+0000] {logging_mixin.py:190} INFO - [2025-01-28T10:17:59.328+0000] {dag.py:4180} INFO - Setting next_dagrun for example_sla_dag to 2025-01-28 10:14:00+00:00, run_after=2025-01-28 10:16:00+00:00
[2025-01-28T10:18:00.327+0000] {processor.py:208} INFO - Processing /mnt/c/Users/Admin/Desktop/ud_data/Dataslush_umang/airflow/airflow_venv/lib/python3.12/site-packages/airflow/example_dags/example_sla_dag.py took 1.424 seconds
[2025-01-28T10:19:11.974+0000] {processor.py:186} INFO - Started process (PID=15394) to work on /mnt/c/Users/Admin/Desktop/ud_data/Dataslush_umang/airflow/airflow_venv/lib/python3.12/site-packages/airflow/example_dags/example_sla_dag.py
[2025-01-28T10:19:11.982+0000] {processor.py:914} INFO - Processing file /mnt/c/Users/Admin/Desktop/ud_data/Dataslush_umang/airflow/airflow_venv/lib/python3.12/site-packages/airflow/example_dags/example_sla_dag.py for tasks to queue
[2025-01-28T10:19:11.997+0000] {logging_mixin.py:190} INFO - [2025-01-28T10:19:11.992+0000] {dagbag.py:588} INFO - Filling up the DagBag from /mnt/c/Users/Admin/Desktop/ud_data/Dataslush_umang/airflow/airflow_venv/lib/python3.12/site-packages/airflow/example_dags/example_sla_dag.py
[2025-01-28T10:19:12.325+0000] {processor.py:925} INFO - DAG(s) 'example_sla_dag' retrieved from /mnt/c/Users/Admin/Desktop/ud_data/Dataslush_umang/airflow/airflow_venv/lib/python3.12/site-packages/airflow/example_dags/example_sla_dag.py
[2025-01-28T10:19:12.412+0000] {logging_mixin.py:190} INFO - [2025-01-28T10:19:12.408+0000] {dag.py:3239} INFO - Sync 1 DAGs
[2025-01-28T10:19:12.503+0000] {logging_mixin.py:190} INFO - [2025-01-28T10:19:12.501+0000] {dag.py:4180} INFO - Setting next_dagrun for example_sla_dag to 2025-01-28 10:16:00+00:00, run_after=2025-01-28 10:18:00+00:00
[2025-01-28T10:19:12.545+0000] {processor.py:208} INFO - Processing /mnt/c/Users/Admin/Desktop/ud_data/Dataslush_umang/airflow/airflow_venv/lib/python3.12/site-packages/airflow/example_dags/example_sla_dag.py took 0.639 seconds
[2025-01-28T10:21:01.877+0000] {processor.py:186} INFO - Started process (PID=15514) to work on /mnt/c/Users/Admin/Desktop/ud_data/Dataslush_umang/airflow/airflow_venv/lib/python3.12/site-packages/airflow/example_dags/example_sla_dag.py
[2025-01-28T10:21:01.886+0000] {processor.py:914} INFO - Processing file /mnt/c/Users/Admin/Desktop/ud_data/Dataslush_umang/airflow/airflow_venv/lib/python3.12/site-packages/airflow/example_dags/example_sla_dag.py for tasks to queue
[2025-01-28T10:21:01.901+0000] {logging_mixin.py:190} INFO - [2025-01-28T10:21:01.896+0000] {dagbag.py:588} INFO - Filling up the DagBag from /mnt/c/Users/Admin/Desktop/ud_data/Dataslush_umang/airflow/airflow_venv/lib/python3.12/site-packages/airflow/example_dags/example_sla_dag.py
[2025-01-28T10:20:32.160+0000] {processor.py:925} INFO - DAG(s) 'example_sla_dag' retrieved from /mnt/c/Users/Admin/Desktop/ud_data/Dataslush_umang/airflow/airflow_venv/lib/python3.12/site-packages/airflow/example_dags/example_sla_dag.py
[2025-01-28T10:20:32.230+0000] {logging_mixin.py:190} INFO - [2025-01-28T10:20:32.226+0000] {dag.py:3239} INFO - Sync 1 DAGs
[2025-01-28T10:20:32.332+0000] {logging_mixin.py:190} INFO - [2025-01-28T10:20:32.329+0000] {dag.py:4180} INFO - Setting next_dagrun for example_sla_dag to 2025-01-28 10:18:00+00:00, run_after=2025-01-28 10:20:00+00:00
[2025-01-28T10:20:32.701+0000] {processor.py:208} INFO - Processing /mnt/c/Users/Admin/Desktop/ud_data/Dataslush_umang/airflow/airflow_venv/lib/python3.12/site-packages/airflow/example_dags/example_sla_dag.py took 1.020 seconds
[2025-01-28T10:22:07.573+0000] {processor.py:186} INFO - Started process (PID=15651) to work on /mnt/c/Users/Admin/Desktop/ud_data/Dataslush_umang/airflow/airflow_venv/lib/python3.12/site-packages/airflow/example_dags/example_sla_dag.py
[2025-01-28T10:22:07.578+0000] {processor.py:914} INFO - Processing file /mnt/c/Users/Admin/Desktop/ud_data/Dataslush_umang/airflow/airflow_venv/lib/python3.12/site-packages/airflow/example_dags/example_sla_dag.py for tasks to queue
[2025-01-28T10:22:07.591+0000] {logging_mixin.py:190} INFO - [2025-01-28T10:22:07.588+0000] {dagbag.py:588} INFO - Filling up the DagBag from /mnt/c/Users/Admin/Desktop/ud_data/Dataslush_umang/airflow/airflow_venv/lib/python3.12/site-packages/airflow/example_dags/example_sla_dag.py
[2025-01-28T10:22:07.740+0000] {processor.py:925} INFO - DAG(s) 'example_sla_dag' retrieved from /mnt/c/Users/Admin/Desktop/ud_data/Dataslush_umang/airflow/airflow_venv/lib/python3.12/site-packages/airflow/example_dags/example_sla_dag.py
[2025-01-28T10:22:07.768+0000] {logging_mixin.py:190} INFO - [2025-01-28T10:22:07.766+0000] {dag.py:3239} INFO - Sync 1 DAGs
[2025-01-28T10:22:07.826+0000] {logging_mixin.py:190} INFO - [2025-01-28T10:22:07.824+0000] {dag.py:4180} INFO - Setting next_dagrun for example_sla_dag to 2025-01-28 10:20:00+00:00, run_after=2025-01-28 10:22:00+00:00
[2025-01-28T10:22:08.002+0000] {processor.py:208} INFO - Processing /mnt/c/Users/Admin/Desktop/ud_data/Dataslush_umang/airflow/airflow_venv/lib/python3.12/site-packages/airflow/example_dags/example_sla_dag.py took 0.503 seconds
[2025-01-28T10:24:19.244+0000] {processor.py:186} INFO - Started process (PID=15821) to work on /mnt/c/Users/Admin/Desktop/ud_data/Dataslush_umang/airflow/airflow_venv/lib/python3.12/site-packages/airflow/example_dags/example_sla_dag.py
[2025-01-28T10:24:19.251+0000] {processor.py:914} INFO - Processing file /mnt/c/Users/Admin/Desktop/ud_data/Dataslush_umang/airflow/airflow_venv/lib/python3.12/site-packages/airflow/example_dags/example_sla_dag.py for tasks to queue
[2025-01-28T10:24:19.266+0000] {logging_mixin.py:190} INFO - [2025-01-28T10:24:19.260+0000] {dagbag.py:588} INFO - Filling up the DagBag from /mnt/c/Users/Admin/Desktop/ud_data/Dataslush_umang/airflow/airflow_venv/lib/python3.12/site-packages/airflow/example_dags/example_sla_dag.py
[2025-01-28T10:23:49.558+0000] {processor.py:925} INFO - DAG(s) 'example_sla_dag' retrieved from /mnt/c/Users/Admin/Desktop/ud_data/Dataslush_umang/airflow/airflow_venv/lib/python3.12/site-packages/airflow/example_dags/example_sla_dag.py
[2025-01-28T10:23:49.781+0000] {logging_mixin.py:190} INFO - [2025-01-28T10:23:49.778+0000] {dag.py:3239} INFO - Sync 1 DAGs
[2025-01-28T10:23:49.855+0000] {logging_mixin.py:190} INFO - [2025-01-28T10:23:49.851+0000] {dag.py:4180} INFO - Setting next_dagrun for example_sla_dag to 2025-01-28 10:20:00+00:00, run_after=2025-01-28 10:22:00+00:00
[2025-01-28T10:23:51.021+0000] {processor.py:208} INFO - Processing /mnt/c/Users/Admin/Desktop/ud_data/Dataslush_umang/airflow/airflow_venv/lib/python3.12/site-packages/airflow/example_dags/example_sla_dag.py took 1.937 seconds
[2025-01-28T10:25:25.450+0000] {processor.py:186} INFO - Started process (PID=16032) to work on /mnt/c/Users/Admin/Desktop/ud_data/Dataslush_umang/airflow/airflow_venv/lib/python3.12/site-packages/airflow/example_dags/example_sla_dag.py
[2025-01-28T10:25:26.102+0000] {processor.py:914} INFO - Processing file /mnt/c/Users/Admin/Desktop/ud_data/Dataslush_umang/airflow/airflow_venv/lib/python3.12/site-packages/airflow/example_dags/example_sla_dag.py for tasks to queue
[2025-01-28T10:25:26.116+0000] {logging_mixin.py:190} INFO - [2025-01-28T10:25:26.111+0000] {dagbag.py:588} INFO - Filling up the DagBag from /mnt/c/Users/Admin/Desktop/ud_data/Dataslush_umang/airflow/airflow_venv/lib/python3.12/site-packages/airflow/example_dags/example_sla_dag.py
[2025-01-28T10:25:26.483+0000] {processor.py:925} INFO - DAG(s) 'example_sla_dag' retrieved from /mnt/c/Users/Admin/Desktop/ud_data/Dataslush_umang/airflow/airflow_venv/lib/python3.12/site-packages/airflow/example_dags/example_sla_dag.py
[2025-01-28T10:25:26.548+0000] {logging_mixin.py:190} INFO - [2025-01-28T10:25:26.545+0000] {dag.py:3239} INFO - Sync 1 DAGs
[2025-01-28T10:25:26.621+0000] {logging_mixin.py:190} INFO - [2025-01-28T10:25:26.619+0000] {dag.py:4180} INFO - Setting next_dagrun for example_sla_dag to 2025-01-28 10:22:00+00:00, run_after=2025-01-28 10:24:00+00:00
[2025-01-28T10:25:27.247+0000] {processor.py:208} INFO - Processing /mnt/c/Users/Admin/Desktop/ud_data/Dataslush_umang/airflow/airflow_venv/lib/python3.12/site-packages/airflow/example_dags/example_sla_dag.py took 1.840 seconds
[2025-01-28T10:26:38.742+0000] {processor.py:186} INFO - Started process (PID=16206) to work on /mnt/c/Users/Admin/Desktop/ud_data/Dataslush_umang/airflow/airflow_venv/lib/python3.12/site-packages/airflow/example_dags/example_sla_dag.py
[2025-01-28T10:26:38.754+0000] {processor.py:914} INFO - Processing file /mnt/c/Users/Admin/Desktop/ud_data/Dataslush_umang/airflow/airflow_venv/lib/python3.12/site-packages/airflow/example_dags/example_sla_dag.py for tasks to queue
[2025-01-28T10:26:38.769+0000] {logging_mixin.py:190} INFO - [2025-01-28T10:26:38.764+0000] {dagbag.py:588} INFO - Filling up the DagBag from /mnt/c/Users/Admin/Desktop/ud_data/Dataslush_umang/airflow/airflow_venv/lib/python3.12/site-packages/airflow/example_dags/example_sla_dag.py
[2025-01-28T10:26:39.102+0000] {processor.py:925} INFO - DAG(s) 'example_sla_dag' retrieved from /mnt/c/Users/Admin/Desktop/ud_data/Dataslush_umang/airflow/airflow_venv/lib/python3.12/site-packages/airflow/example_dags/example_sla_dag.py
[2025-01-28T10:26:39.169+0000] {logging_mixin.py:190} INFO - [2025-01-28T10:26:39.167+0000] {dag.py:3239} INFO - Sync 1 DAGs
[2025-01-28T10:26:39.257+0000] {logging_mixin.py:190} INFO - [2025-01-28T10:26:39.255+0000] {dag.py:4180} INFO - Setting next_dagrun for example_sla_dag to 2025-01-28 10:24:00+00:00, run_after=2025-01-28 10:26:00+00:00
[2025-01-28T10:26:39.304+0000] {processor.py:208} INFO - Processing /mnt/c/Users/Admin/Desktop/ud_data/Dataslush_umang/airflow/airflow_venv/lib/python3.12/site-packages/airflow/example_dags/example_sla_dag.py took 0.629 seconds
[2025-01-28T10:30:05.073+0000] {processor.py:186} INFO - Started process (PID=16375) to work on /mnt/c/Users/Admin/Desktop/ud_data/Dataslush_umang/airflow/airflow_venv/lib/python3.12/site-packages/airflow/example_dags/example_sla_dag.py
[2025-01-28T10:30:05.077+0000] {processor.py:914} INFO - Processing file /mnt/c/Users/Admin/Desktop/ud_data/Dataslush_umang/airflow/airflow_venv/lib/python3.12/site-packages/airflow/example_dags/example_sla_dag.py for tasks to queue
[2025-01-28T10:30:05.085+0000] {logging_mixin.py:190} INFO - [2025-01-28T10:30:05.083+0000] {dagbag.py:588} INFO - Filling up the DagBag from /mnt/c/Users/Admin/Desktop/ud_data/Dataslush_umang/airflow/airflow_venv/lib/python3.12/site-packages/airflow/example_dags/example_sla_dag.py
[2025-01-28T10:29:35.353+0000] {processor.py:925} INFO - DAG(s) 'example_sla_dag' retrieved from /mnt/c/Users/Admin/Desktop/ud_data/Dataslush_umang/airflow/airflow_venv/lib/python3.12/site-packages/airflow/example_dags/example_sla_dag.py
[2025-01-28T10:29:35.402+0000] {logging_mixin.py:190} INFO - [2025-01-28T10:29:35.399+0000] {dag.py:3239} INFO - Sync 1 DAGs
[2025-01-28T10:29:35.453+0000] {logging_mixin.py:190} INFO - [2025-01-28T10:29:35.452+0000] {dag.py:4180} INFO - Setting next_dagrun for example_sla_dag to 2025-01-28 10:26:00+00:00, run_after=2025-01-28 10:28:00+00:00
[2025-01-28T10:29:35.493+0000] {processor.py:208} INFO - Processing /mnt/c/Users/Admin/Desktop/ud_data/Dataslush_umang/airflow/airflow_venv/lib/python3.12/site-packages/airflow/example_dags/example_sla_dag.py took 0.567 seconds
[2025-01-28T10:30:57.407+0000] {processor.py:186} INFO - Started process (PID=16466) to work on /mnt/c/Users/Admin/Desktop/ud_data/Dataslush_umang/airflow/airflow_venv/lib/python3.12/site-packages/airflow/example_dags/example_sla_dag.py
[2025-01-28T10:30:57.412+0000] {processor.py:914} INFO - Processing file /mnt/c/Users/Admin/Desktop/ud_data/Dataslush_umang/airflow/airflow_venv/lib/python3.12/site-packages/airflow/example_dags/example_sla_dag.py for tasks to queue
[2025-01-28T10:30:57.420+0000] {logging_mixin.py:190} INFO - [2025-01-28T10:30:57.418+0000] {dagbag.py:588} INFO - Filling up the DagBag from /mnt/c/Users/Admin/Desktop/ud_data/Dataslush_umang/airflow/airflow_venv/lib/python3.12/site-packages/airflow/example_dags/example_sla_dag.py
[2025-01-28T10:30:57.735+0000] {processor.py:925} INFO - DAG(s) 'example_sla_dag' retrieved from /mnt/c/Users/Admin/Desktop/ud_data/Dataslush_umang/airflow/airflow_venv/lib/python3.12/site-packages/airflow/example_dags/example_sla_dag.py
[2025-01-28T10:30:57.799+0000] {logging_mixin.py:190} INFO - [2025-01-28T10:30:57.797+0000] {dag.py:3239} INFO - Sync 1 DAGs
[2025-01-28T10:30:57.862+0000] {logging_mixin.py:190} INFO - [2025-01-28T10:30:57.861+0000] {dag.py:4180} INFO - Setting next_dagrun for example_sla_dag to 2025-01-28 10:28:00+00:00, run_after=2025-01-28 10:30:00+00:00
[2025-01-28T10:30:57.944+0000] {processor.py:208} INFO - Processing /mnt/c/Users/Admin/Desktop/ud_data/Dataslush_umang/airflow/airflow_venv/lib/python3.12/site-packages/airflow/example_dags/example_sla_dag.py took 0.587 seconds
[2025-01-28T10:33:09.896+0000] {processor.py:186} INFO - Started process (PID=16683) to work on /mnt/c/Users/Admin/Desktop/ud_data/Dataslush_umang/airflow/airflow_venv/lib/python3.12/site-packages/airflow/example_dags/example_sla_dag.py
[2025-01-28T10:33:09.903+0000] {processor.py:914} INFO - Processing file /mnt/c/Users/Admin/Desktop/ud_data/Dataslush_umang/airflow/airflow_venv/lib/python3.12/site-packages/airflow/example_dags/example_sla_dag.py for tasks to queue
[2025-01-28T10:33:09.918+0000] {logging_mixin.py:190} INFO - [2025-01-28T10:33:09.912+0000] {dagbag.py:588} INFO - Filling up the DagBag from /mnt/c/Users/Admin/Desktop/ud_data/Dataslush_umang/airflow/airflow_venv/lib/python3.12/site-packages/airflow/example_dags/example_sla_dag.py
[2025-01-28T10:33:40.371+0000] {processor.py:925} INFO - DAG(s) 'example_sla_dag' retrieved from /mnt/c/Users/Admin/Desktop/ud_data/Dataslush_umang/airflow/airflow_venv/lib/python3.12/site-packages/airflow/example_dags/example_sla_dag.py
[2025-01-28T10:33:40.432+0000] {logging_mixin.py:190} INFO - [2025-01-28T10:33:40.429+0000] {dag.py:3239} INFO - Sync 1 DAGs
[2025-01-28T10:33:10.421+0000] {logging_mixin.py:190} INFO - [2025-01-28T10:33:10.418+0000] {dag.py:4180} INFO - Setting next_dagrun for example_sla_dag to 2025-01-28 10:30:00+00:00, run_after=2025-01-28 10:32:00+00:00
[2025-01-28T10:33:12.083+0000] {processor.py:208} INFO - Processing /mnt/c/Users/Admin/Desktop/ud_data/Dataslush_umang/airflow/airflow_venv/lib/python3.12/site-packages/airflow/example_dags/example_sla_dag.py took 2.293 seconds
[2025-01-28T10:34:34.023+0000] {processor.py:186} INFO - Started process (PID=16849) to work on /mnt/c/Users/Admin/Desktop/ud_data/Dataslush_umang/airflow/airflow_venv/lib/python3.12/site-packages/airflow/example_dags/example_sla_dag.py
[2025-01-28T10:34:34.028+0000] {processor.py:914} INFO - Processing file /mnt/c/Users/Admin/Desktop/ud_data/Dataslush_umang/airflow/airflow_venv/lib/python3.12/site-packages/airflow/example_dags/example_sla_dag.py for tasks to queue
[2025-01-28T10:34:34.041+0000] {logging_mixin.py:190} INFO - [2025-01-28T10:34:34.038+0000] {dagbag.py:588} INFO - Filling up the DagBag from /mnt/c/Users/Admin/Desktop/ud_data/Dataslush_umang/airflow/airflow_venv/lib/python3.12/site-packages/airflow/example_dags/example_sla_dag.py
[2025-01-28T10:34:34.188+0000] {processor.py:925} INFO - DAG(s) 'example_sla_dag' retrieved from /mnt/c/Users/Admin/Desktop/ud_data/Dataslush_umang/airflow/airflow_venv/lib/python3.12/site-packages/airflow/example_dags/example_sla_dag.py
[2025-01-28T10:34:34.218+0000] {logging_mixin.py:190} INFO - [2025-01-28T10:34:34.217+0000] {dag.py:3239} INFO - Sync 1 DAGs
[2025-01-28T10:34:34.272+0000] {logging_mixin.py:190} INFO - [2025-01-28T10:34:34.270+0000] {dag.py:4180} INFO - Setting next_dagrun for example_sla_dag to 2025-01-28 10:32:00+00:00, run_after=2025-01-28 10:34:00+00:00
[2025-01-28T10:34:34.354+0000] {processor.py:208} INFO - Processing /mnt/c/Users/Admin/Desktop/ud_data/Dataslush_umang/airflow/airflow_venv/lib/python3.12/site-packages/airflow/example_dags/example_sla_dag.py took 0.381 seconds
[2025-01-28T10:35:49.827+0000] {processor.py:186} INFO - Started process (PID=16951) to work on /mnt/c/Users/Admin/Desktop/ud_data/Dataslush_umang/airflow/airflow_venv/lib/python3.12/site-packages/airflow/example_dags/example_sla_dag.py
[2025-01-28T10:35:49.835+0000] {processor.py:914} INFO - Processing file /mnt/c/Users/Admin/Desktop/ud_data/Dataslush_umang/airflow/airflow_venv/lib/python3.12/site-packages/airflow/example_dags/example_sla_dag.py for tasks to queue
[2025-01-28T10:35:49.851+0000] {logging_mixin.py:190} INFO - [2025-01-28T10:35:49.846+0000] {dagbag.py:588} INFO - Filling up the DagBag from /mnt/c/Users/Admin/Desktop/ud_data/Dataslush_umang/airflow/airflow_venv/lib/python3.12/site-packages/airflow/example_dags/example_sla_dag.py
[2025-01-28T10:35:50.027+0000] {processor.py:925} INFO - DAG(s) 'example_sla_dag' retrieved from /mnt/c/Users/Admin/Desktop/ud_data/Dataslush_umang/airflow/airflow_venv/lib/python3.12/site-packages/airflow/example_dags/example_sla_dag.py
[2025-01-28T10:35:50.053+0000] {logging_mixin.py:190} INFO - [2025-01-28T10:35:50.051+0000] {dag.py:3239} INFO - Sync 1 DAGs
[2025-01-28T10:35:50.107+0000] {logging_mixin.py:190} INFO - [2025-01-28T10:35:50.106+0000] {dag.py:4180} INFO - Setting next_dagrun for example_sla_dag to 2025-01-28 10:32:00+00:00, run_after=2025-01-28 10:34:00+00:00
[2025-01-28T10:35:50.149+0000] {processor.py:208} INFO - Processing /mnt/c/Users/Admin/Desktop/ud_data/Dataslush_umang/airflow/airflow_venv/lib/python3.12/site-packages/airflow/example_dags/example_sla_dag.py took 0.395 seconds
[2025-01-28T10:37:17.036+0000] {processor.py:186} INFO - Started process (PID=17071) to work on /mnt/c/Users/Admin/Desktop/ud_data/Dataslush_umang/airflow/airflow_venv/lib/python3.12/site-packages/airflow/example_dags/example_sla_dag.py
[2025-01-28T10:37:17.040+0000] {processor.py:914} INFO - Processing file /mnt/c/Users/Admin/Desktop/ud_data/Dataslush_umang/airflow/airflow_venv/lib/python3.12/site-packages/airflow/example_dags/example_sla_dag.py for tasks to queue
[2025-01-28T10:37:17.048+0000] {logging_mixin.py:190} INFO - [2025-01-28T10:37:17.046+0000] {dagbag.py:588} INFO - Filling up the DagBag from /mnt/c/Users/Admin/Desktop/ud_data/Dataslush_umang/airflow/airflow_venv/lib/python3.12/site-packages/airflow/example_dags/example_sla_dag.py
[2025-01-28T10:37:17.234+0000] {processor.py:925} INFO - DAG(s) 'example_sla_dag' retrieved from /mnt/c/Users/Admin/Desktop/ud_data/Dataslush_umang/airflow/airflow_venv/lib/python3.12/site-packages/airflow/example_dags/example_sla_dag.py
[2025-01-28T10:37:17.262+0000] {logging_mixin.py:190} INFO - [2025-01-28T10:37:17.260+0000] {dag.py:3239} INFO - Sync 1 DAGs
[2025-01-28T10:37:17.315+0000] {logging_mixin.py:190} INFO - [2025-01-28T10:37:17.314+0000] {dag.py:4180} INFO - Setting next_dagrun for example_sla_dag to 2025-01-28 10:34:00+00:00, run_after=2025-01-28 10:36:00+00:00
[2025-01-28T10:37:17.367+0000] {processor.py:208} INFO - Processing /mnt/c/Users/Admin/Desktop/ud_data/Dataslush_umang/airflow/airflow_venv/lib/python3.12/site-packages/airflow/example_dags/example_sla_dag.py took 0.371 seconds
[2025-01-28T10:38:47.257+0000] {processor.py:186} INFO - Started process (PID=17211) to work on /mnt/c/Users/Admin/Desktop/ud_data/Dataslush_umang/airflow/airflow_venv/lib/python3.12/site-packages/airflow/example_dags/example_sla_dag.py
[2025-01-28T10:38:47.324+0000] {processor.py:914} INFO - Processing file /mnt/c/Users/Admin/Desktop/ud_data/Dataslush_umang/airflow/airflow_venv/lib/python3.12/site-packages/airflow/example_dags/example_sla_dag.py for tasks to queue
[2025-01-28T10:38:47.339+0000] {logging_mixin.py:190} INFO - [2025-01-28T10:38:47.334+0000] {dagbag.py:588} INFO - Filling up the DagBag from /mnt/c/Users/Admin/Desktop/ud_data/Dataslush_umang/airflow/airflow_venv/lib/python3.12/site-packages/airflow/example_dags/example_sla_dag.py
[2025-01-28T10:38:47.554+0000] {processor.py:925} INFO - DAG(s) 'example_sla_dag' retrieved from /mnt/c/Users/Admin/Desktop/ud_data/Dataslush_umang/airflow/airflow_venv/lib/python3.12/site-packages/airflow/example_dags/example_sla_dag.py
[2025-01-28T10:38:47.596+0000] {logging_mixin.py:190} INFO - [2025-01-28T10:38:47.594+0000] {dag.py:3239} INFO - Sync 1 DAGs
[2025-01-28T10:38:47.658+0000] {logging_mixin.py:190} INFO - [2025-01-28T10:38:47.656+0000] {dag.py:4180} INFO - Setting next_dagrun for example_sla_dag to 2025-01-28 10:36:00+00:00, run_after=2025-01-28 10:38:00+00:00
[2025-01-28T10:38:48.191+0000] {processor.py:208} INFO - Processing /mnt/c/Users/Admin/Desktop/ud_data/Dataslush_umang/airflow/airflow_venv/lib/python3.12/site-packages/airflow/example_dags/example_sla_dag.py took 0.982 seconds
[2025-01-28T10:40:24.224+0000] {processor.py:186} INFO - Started process (PID=17344) to work on /mnt/c/Users/Admin/Desktop/ud_data/Dataslush_umang/airflow/airflow_venv/lib/python3.12/site-packages/airflow/example_dags/example_sla_dag.py
[2025-01-28T10:40:24.227+0000] {processor.py:914} INFO - Processing file /mnt/c/Users/Admin/Desktop/ud_data/Dataslush_umang/airflow/airflow_venv/lib/python3.12/site-packages/airflow/example_dags/example_sla_dag.py for tasks to queue
[2025-01-28T10:40:24.231+0000] {logging_mixin.py:190} INFO - [2025-01-28T10:40:24.230+0000] {dagbag.py:588} INFO - Filling up the DagBag from /mnt/c/Users/Admin/Desktop/ud_data/Dataslush_umang/airflow/airflow_venv/lib/python3.12/site-packages/airflow/example_dags/example_sla_dag.py
[2025-01-28T10:40:24.326+0000] {processor.py:925} INFO - DAG(s) 'example_sla_dag' retrieved from /mnt/c/Users/Admin/Desktop/ud_data/Dataslush_umang/airflow/airflow_venv/lib/python3.12/site-packages/airflow/example_dags/example_sla_dag.py
[2025-01-28T10:40:24.349+0000] {logging_mixin.py:190} INFO - [2025-01-28T10:40:24.347+0000] {dag.py:3239} INFO - Sync 1 DAGs
[2025-01-28T10:40:24.387+0000] {logging_mixin.py:190} INFO - [2025-01-28T10:40:24.386+0000] {dag.py:4180} INFO - Setting next_dagrun for example_sla_dag to 2025-01-28 10:38:00+00:00, run_after=2025-01-28 10:40:00+00:00
[2025-01-28T10:40:24.426+0000] {processor.py:208} INFO - Processing /mnt/c/Users/Admin/Desktop/ud_data/Dataslush_umang/airflow/airflow_venv/lib/python3.12/site-packages/airflow/example_dags/example_sla_dag.py took 0.237 seconds
[2025-01-28T10:42:00.987+0000] {processor.py:186} INFO - Started process (PID=17511) to work on /mnt/c/Users/Admin/Desktop/ud_data/Dataslush_umang/airflow/airflow_venv/lib/python3.12/site-packages/airflow/example_dags/example_sla_dag.py
[2025-01-28T10:42:00.991+0000] {processor.py:914} INFO - Processing file /mnt/c/Users/Admin/Desktop/ud_data/Dataslush_umang/airflow/airflow_venv/lib/python3.12/site-packages/airflow/example_dags/example_sla_dag.py for tasks to queue
[2025-01-28T10:42:00.998+0000] {logging_mixin.py:190} INFO - [2025-01-28T10:42:00.996+0000] {dagbag.py:588} INFO - Filling up the DagBag from /mnt/c/Users/Admin/Desktop/ud_data/Dataslush_umang/airflow/airflow_venv/lib/python3.12/site-packages/airflow/example_dags/example_sla_dag.py
[2025-01-28T10:42:31.209+0000] {processor.py:925} INFO - DAG(s) 'example_sla_dag' retrieved from /mnt/c/Users/Admin/Desktop/ud_data/Dataslush_umang/airflow/airflow_venv/lib/python3.12/site-packages/airflow/example_dags/example_sla_dag.py
[2025-01-28T10:42:31.232+0000] {logging_mixin.py:190} INFO - [2025-01-28T10:42:31.231+0000] {dag.py:3239} INFO - Sync 1 DAGs
[2025-01-28T10:42:31.270+0000] {logging_mixin.py:190} INFO - [2025-01-28T10:42:31.269+0000] {dag.py:4180} INFO - Setting next_dagrun for example_sla_dag to 2025-01-28 10:40:00+00:00, run_after=2025-01-28 10:42:00+00:00
[2025-01-28T10:42:31.309+0000] {processor.py:208} INFO - Processing /mnt/c/Users/Admin/Desktop/ud_data/Dataslush_umang/airflow/airflow_venv/lib/python3.12/site-packages/airflow/example_dags/example_sla_dag.py took 0.270 seconds
[2025-01-28T10:44:52.640+0000] {processor.py:186} INFO - Started process (PID=17858) to work on /mnt/c/Users/Admin/Desktop/ud_data/Dataslush_umang/airflow/airflow_venv/lib/python3.12/site-packages/airflow/example_dags/example_sla_dag.py
[2025-01-28T10:44:52.714+0000] {processor.py:914} INFO - Processing file /mnt/c/Users/Admin/Desktop/ud_data/Dataslush_umang/airflow/airflow_venv/lib/python3.12/site-packages/airflow/example_dags/example_sla_dag.py for tasks to queue
[2025-01-28T10:44:52.721+0000] {logging_mixin.py:190} INFO - [2025-01-28T10:44:52.719+0000] {dagbag.py:588} INFO - Filling up the DagBag from /mnt/c/Users/Admin/Desktop/ud_data/Dataslush_umang/airflow/airflow_venv/lib/python3.12/site-packages/airflow/example_dags/example_sla_dag.py
[2025-01-28T10:44:52.868+0000] {processor.py:925} INFO - DAG(s) 'example_sla_dag' retrieved from /mnt/c/Users/Admin/Desktop/ud_data/Dataslush_umang/airflow/airflow_venv/lib/python3.12/site-packages/airflow/example_dags/example_sla_dag.py
[2025-01-28T10:44:52.968+0000] {logging_mixin.py:190} INFO - [2025-01-28T10:44:52.966+0000] {dag.py:3239} INFO - Sync 1 DAGs
[2025-01-28T10:44:53.018+0000] {logging_mixin.py:190} INFO - [2025-01-28T10:44:53.017+0000] {dag.py:4180} INFO - Setting next_dagrun for example_sla_dag to 2025-01-28 10:42:00+00:00, run_after=2025-01-28 10:44:00+00:00
[2025-01-28T10:44:57.473+0000] {processor.py:208} INFO - Processing /mnt/c/Users/Admin/Desktop/ud_data/Dataslush_umang/airflow/airflow_venv/lib/python3.12/site-packages/airflow/example_dags/example_sla_dag.py took 4.869 seconds
[2025-01-28T10:47:23.855+0000] {processor.py:186} INFO - Started process (PID=17991) to work on /mnt/c/Users/Admin/Desktop/ud_data/Dataslush_umang/airflow/airflow_venv/lib/python3.12/site-packages/airflow/example_dags/example_sla_dag.py
[2025-01-28T10:47:23.859+0000] {processor.py:914} INFO - Processing file /mnt/c/Users/Admin/Desktop/ud_data/Dataslush_umang/airflow/airflow_venv/lib/python3.12/site-packages/airflow/example_dags/example_sla_dag.py for tasks to queue
[2025-01-28T10:47:23.864+0000] {logging_mixin.py:190} INFO - [2025-01-28T10:47:23.863+0000] {dagbag.py:588} INFO - Filling up the DagBag from /mnt/c/Users/Admin/Desktop/ud_data/Dataslush_umang/airflow/airflow_venv/lib/python3.12/site-packages/airflow/example_dags/example_sla_dag.py
[2025-01-28T10:47:23.993+0000] {processor.py:925} INFO - DAG(s) 'example_sla_dag' retrieved from /mnt/c/Users/Admin/Desktop/ud_data/Dataslush_umang/airflow/airflow_venv/lib/python3.12/site-packages/airflow/example_dags/example_sla_dag.py
[2025-01-28T10:47:24.022+0000] {logging_mixin.py:190} INFO - [2025-01-28T10:47:24.021+0000] {dag.py:3239} INFO - Sync 1 DAGs
[2025-01-28T10:47:24.070+0000] {logging_mixin.py:190} INFO - [2025-01-28T10:47:24.068+0000] {dag.py:4180} INFO - Setting next_dagrun for example_sla_dag to 2025-01-28 10:44:00+00:00, run_after=2025-01-28 10:46:00+00:00
[2025-01-28T10:47:24.208+0000] {processor.py:208} INFO - Processing /mnt/c/Users/Admin/Desktop/ud_data/Dataslush_umang/airflow/airflow_venv/lib/python3.12/site-packages/airflow/example_dags/example_sla_dag.py took 0.381 seconds
[2025-01-28T10:48:15.342+0000] {processor.py:186} INFO - Started process (PID=18090) to work on /mnt/c/Users/Admin/Desktop/ud_data/Dataslush_umang/airflow/airflow_venv/lib/python3.12/site-packages/airflow/example_dags/example_sla_dag.py
[2025-01-28T10:48:15.373+0000] {processor.py:914} INFO - Processing file /mnt/c/Users/Admin/Desktop/ud_data/Dataslush_umang/airflow/airflow_venv/lib/python3.12/site-packages/airflow/example_dags/example_sla_dag.py for tasks to queue
[2025-01-28T10:48:15.380+0000] {logging_mixin.py:190} INFO - [2025-01-28T10:48:15.377+0000] {dagbag.py:588} INFO - Filling up the DagBag from /mnt/c/Users/Admin/Desktop/ud_data/Dataslush_umang/airflow/airflow_venv/lib/python3.12/site-packages/airflow/example_dags/example_sla_dag.py
[2025-01-28T10:48:15.520+0000] {processor.py:925} INFO - DAG(s) 'example_sla_dag' retrieved from /mnt/c/Users/Admin/Desktop/ud_data/Dataslush_umang/airflow/airflow_venv/lib/python3.12/site-packages/airflow/example_dags/example_sla_dag.py
[2025-01-28T10:48:15.546+0000] {logging_mixin.py:190} INFO - [2025-01-28T10:48:15.545+0000] {dag.py:3239} INFO - Sync 1 DAGs
[2025-01-28T10:48:15.600+0000] {logging_mixin.py:190} INFO - [2025-01-28T10:48:15.598+0000] {dag.py:4180} INFO - Setting next_dagrun for example_sla_dag to 2025-01-28 10:46:00+00:00, run_after=2025-01-28 10:48:00+00:00
[2025-01-28T10:48:15.646+0000] {processor.py:208} INFO - Processing /mnt/c/Users/Admin/Desktop/ud_data/Dataslush_umang/airflow/airflow_venv/lib/python3.12/site-packages/airflow/example_dags/example_sla_dag.py took 0.336 seconds
[2025-01-28T10:49:56.077+0000] {processor.py:186} INFO - Started process (PID=18291) to work on /mnt/c/Users/Admin/Desktop/ud_data/Dataslush_umang/airflow/airflow_venv/lib/python3.12/site-packages/airflow/example_dags/example_sla_dag.py
[2025-01-28T10:49:56.080+0000] {processor.py:914} INFO - Processing file /mnt/c/Users/Admin/Desktop/ud_data/Dataslush_umang/airflow/airflow_venv/lib/python3.12/site-packages/airflow/example_dags/example_sla_dag.py for tasks to queue
[2025-01-28T10:49:56.086+0000] {logging_mixin.py:190} INFO - [2025-01-28T10:49:56.084+0000] {dagbag.py:588} INFO - Filling up the DagBag from /mnt/c/Users/Admin/Desktop/ud_data/Dataslush_umang/airflow/airflow_venv/lib/python3.12/site-packages/airflow/example_dags/example_sla_dag.py
[2025-01-28T10:49:56.218+0000] {processor.py:925} INFO - DAG(s) 'example_sla_dag' retrieved from /mnt/c/Users/Admin/Desktop/ud_data/Dataslush_umang/airflow/airflow_venv/lib/python3.12/site-packages/airflow/example_dags/example_sla_dag.py
[2025-01-28T10:49:56.244+0000] {logging_mixin.py:190} INFO - [2025-01-28T10:49:56.243+0000] {dag.py:3239} INFO - Sync 1 DAGs
[2025-01-28T10:49:56.287+0000] {logging_mixin.py:190} INFO - [2025-01-28T10:49:56.286+0000] {dag.py:4180} INFO - Setting next_dagrun for example_sla_dag to 2025-01-28 10:46:00+00:00, run_after=2025-01-28 10:48:00+00:00
[2025-01-28T10:49:56.330+0000] {processor.py:208} INFO - Processing /mnt/c/Users/Admin/Desktop/ud_data/Dataslush_umang/airflow/airflow_venv/lib/python3.12/site-packages/airflow/example_dags/example_sla_dag.py took 0.278 seconds
[2025-01-28T10:51:09.760+0000] {processor.py:186} INFO - Started process (PID=18514) to work on /mnt/c/Users/Admin/Desktop/ud_data/Dataslush_umang/airflow/airflow_venv/lib/python3.12/site-packages/airflow/example_dags/example_sla_dag.py
[2025-01-28T10:51:09.763+0000] {processor.py:914} INFO - Processing file /mnt/c/Users/Admin/Desktop/ud_data/Dataslush_umang/airflow/airflow_venv/lib/python3.12/site-packages/airflow/example_dags/example_sla_dag.py for tasks to queue
[2025-01-28T10:51:09.769+0000] {logging_mixin.py:190} INFO - [2025-01-28T10:51:09.767+0000] {dagbag.py:588} INFO - Filling up the DagBag from /mnt/c/Users/Admin/Desktop/ud_data/Dataslush_umang/airflow/airflow_venv/lib/python3.12/site-packages/airflow/example_dags/example_sla_dag.py
[2025-01-28T10:51:09.978+0000] {processor.py:925} INFO - DAG(s) 'example_sla_dag' retrieved from /mnt/c/Users/Admin/Desktop/ud_data/Dataslush_umang/airflow/airflow_venv/lib/python3.12/site-packages/airflow/example_dags/example_sla_dag.py
[2025-01-28T10:51:10.016+0000] {logging_mixin.py:190} INFO - [2025-01-28T10:51:10.015+0000] {dag.py:3239} INFO - Sync 1 DAGs
[2025-01-28T10:51:10.062+0000] {logging_mixin.py:190} INFO - [2025-01-28T10:51:10.061+0000] {dag.py:4180} INFO - Setting next_dagrun for example_sla_dag to 2025-01-28 10:48:00+00:00, run_after=2025-01-28 10:50:00+00:00
[2025-01-28T10:51:10.103+0000] {processor.py:208} INFO - Processing /mnt/c/Users/Admin/Desktop/ud_data/Dataslush_umang/airflow/airflow_venv/lib/python3.12/site-packages/airflow/example_dags/example_sla_dag.py took 0.379 seconds
[2025-01-28T10:52:55.177+0000] {processor.py:186} INFO - Started process (PID=18677) to work on /mnt/c/Users/Admin/Desktop/ud_data/Dataslush_umang/airflow/airflow_venv/lib/python3.12/site-packages/airflow/example_dags/example_sla_dag.py
[2025-01-28T10:52:55.179+0000] {processor.py:914} INFO - Processing file /mnt/c/Users/Admin/Desktop/ud_data/Dataslush_umang/airflow/airflow_venv/lib/python3.12/site-packages/airflow/example_dags/example_sla_dag.py for tasks to queue
[2025-01-28T10:52:55.185+0000] {logging_mixin.py:190} INFO - [2025-01-28T10:52:55.183+0000] {dagbag.py:588} INFO - Filling up the DagBag from /mnt/c/Users/Admin/Desktop/ud_data/Dataslush_umang/airflow/airflow_venv/lib/python3.12/site-packages/airflow/example_dags/example_sla_dag.py
[2025-01-28T10:52:55.288+0000] {processor.py:925} INFO - DAG(s) 'example_sla_dag' retrieved from /mnt/c/Users/Admin/Desktop/ud_data/Dataslush_umang/airflow/airflow_venv/lib/python3.12/site-packages/airflow/example_dags/example_sla_dag.py
[2025-01-28T10:52:55.313+0000] {logging_mixin.py:190} INFO - [2025-01-28T10:52:55.311+0000] {dag.py:3239} INFO - Sync 1 DAGs
[2025-01-28T10:52:55.358+0000] {logging_mixin.py:190} INFO - [2025-01-28T10:52:55.357+0000] {dag.py:4180} INFO - Setting next_dagrun for example_sla_dag to 2025-01-28 10:50:00+00:00, run_after=2025-01-28 10:52:00+00:00
[2025-01-28T10:52:55.541+0000] {processor.py:208} INFO - Processing /mnt/c/Users/Admin/Desktop/ud_data/Dataslush_umang/airflow/airflow_venv/lib/python3.12/site-packages/airflow/example_dags/example_sla_dag.py took 0.394 seconds
[2025-01-28T10:54:41.517+0000] {processor.py:186} INFO - Started process (PID=18822) to work on /mnt/c/Users/Admin/Desktop/ud_data/Dataslush_umang/airflow/airflow_venv/lib/python3.12/site-packages/airflow/example_dags/example_sla_dag.py
[2025-01-28T10:54:41.520+0000] {processor.py:914} INFO - Processing file /mnt/c/Users/Admin/Desktop/ud_data/Dataslush_umang/airflow/airflow_venv/lib/python3.12/site-packages/airflow/example_dags/example_sla_dag.py for tasks to queue
[2025-01-28T10:54:41.527+0000] {logging_mixin.py:190} INFO - [2025-01-28T10:54:41.524+0000] {dagbag.py:588} INFO - Filling up the DagBag from /mnt/c/Users/Admin/Desktop/ud_data/Dataslush_umang/airflow/airflow_venv/lib/python3.12/site-packages/airflow/example_dags/example_sla_dag.py
[2025-01-28T10:54:41.652+0000] {processor.py:925} INFO - DAG(s) 'example_sla_dag' retrieved from /mnt/c/Users/Admin/Desktop/ud_data/Dataslush_umang/airflow/airflow_venv/lib/python3.12/site-packages/airflow/example_dags/example_sla_dag.py
[2025-01-28T10:54:41.681+0000] {logging_mixin.py:190} INFO - [2025-01-28T10:54:41.679+0000] {dag.py:3239} INFO - Sync 1 DAGs
[2025-01-28T10:54:41.731+0000] {logging_mixin.py:190} INFO - [2025-01-28T10:54:41.729+0000] {dag.py:4180} INFO - Setting next_dagrun for example_sla_dag to 2025-01-28 10:52:00+00:00, run_after=2025-01-28 10:54:00+00:00
[2025-01-28T10:54:41.924+0000] {processor.py:208} INFO - Processing /mnt/c/Users/Admin/Desktop/ud_data/Dataslush_umang/airflow/airflow_venv/lib/python3.12/site-packages/airflow/example_dags/example_sla_dag.py took 0.435 seconds
[2025-01-28T10:56:09.404+0000] {processor.py:186} INFO - Started process (PID=19006) to work on /mnt/c/Users/Admin/Desktop/ud_data/Dataslush_umang/airflow/airflow_venv/lib/python3.12/site-packages/airflow/example_dags/example_sla_dag.py
[2025-01-28T10:56:09.407+0000] {processor.py:914} INFO - Processing file /mnt/c/Users/Admin/Desktop/ud_data/Dataslush_umang/airflow/airflow_venv/lib/python3.12/site-packages/airflow/example_dags/example_sla_dag.py for tasks to queue
[2025-01-28T10:56:09.413+0000] {logging_mixin.py:190} INFO - [2025-01-28T10:56:09.411+0000] {dagbag.py:588} INFO - Filling up the DagBag from /mnt/c/Users/Admin/Desktop/ud_data/Dataslush_umang/airflow/airflow_venv/lib/python3.12/site-packages/airflow/example_dags/example_sla_dag.py
[2025-01-28T10:56:09.536+0000] {processor.py:925} INFO - DAG(s) 'example_sla_dag' retrieved from /mnt/c/Users/Admin/Desktop/ud_data/Dataslush_umang/airflow/airflow_venv/lib/python3.12/site-packages/airflow/example_dags/example_sla_dag.py
[2025-01-28T10:56:09.567+0000] {logging_mixin.py:190} INFO - [2025-01-28T10:56:09.565+0000] {dag.py:3239} INFO - Sync 1 DAGs
[2025-01-28T10:56:09.615+0000] {logging_mixin.py:190} INFO - [2025-01-28T10:56:09.613+0000] {dag.py:4180} INFO - Setting next_dagrun for example_sla_dag to 2025-01-28 10:54:00+00:00, run_after=2025-01-28 10:56:00+00:00
[2025-01-28T10:56:09.661+0000] {processor.py:208} INFO - Processing /mnt/c/Users/Admin/Desktop/ud_data/Dataslush_umang/airflow/airflow_venv/lib/python3.12/site-packages/airflow/example_dags/example_sla_dag.py took 0.282 seconds
[2025-01-28T10:57:08.773+0000] {processor.py:186} INFO - Started process (PID=19129) to work on /mnt/c/Users/Admin/Desktop/ud_data/Dataslush_umang/airflow/airflow_venv/lib/python3.12/site-packages/airflow/example_dags/example_sla_dag.py
[2025-01-28T10:57:08.789+0000] {processor.py:914} INFO - Processing file /mnt/c/Users/Admin/Desktop/ud_data/Dataslush_umang/airflow/airflow_venv/lib/python3.12/site-packages/airflow/example_dags/example_sla_dag.py for tasks to queue
[2025-01-28T10:57:08.795+0000] {logging_mixin.py:190} INFO - [2025-01-28T10:57:08.793+0000] {dagbag.py:588} INFO - Filling up the DagBag from /mnt/c/Users/Admin/Desktop/ud_data/Dataslush_umang/airflow/airflow_venv/lib/python3.12/site-packages/airflow/example_dags/example_sla_dag.py
[2025-01-28T10:57:08.928+0000] {processor.py:925} INFO - DAG(s) 'example_sla_dag' retrieved from /mnt/c/Users/Admin/Desktop/ud_data/Dataslush_umang/airflow/airflow_venv/lib/python3.12/site-packages/airflow/example_dags/example_sla_dag.py
[2025-01-28T10:57:08.957+0000] {logging_mixin.py:190} INFO - [2025-01-28T10:57:08.956+0000] {dag.py:3239} INFO - Sync 1 DAGs
[2025-01-28T10:57:09.009+0000] {logging_mixin.py:190} INFO - [2025-01-28T10:57:09.008+0000] {dag.py:4180} INFO - Setting next_dagrun for example_sla_dag to 2025-01-28 10:54:00+00:00, run_after=2025-01-28 10:56:00+00:00
[2025-01-28T10:57:09.359+0000] {processor.py:208} INFO - Processing /mnt/c/Users/Admin/Desktop/ud_data/Dataslush_umang/airflow/airflow_venv/lib/python3.12/site-packages/airflow/example_dags/example_sla_dag.py took 0.611 seconds
[2025-01-28T10:58:31.774+0000] {processor.py:186} INFO - Started process (PID=19274) to work on /mnt/c/Users/Admin/Desktop/ud_data/Dataslush_umang/airflow/airflow_venv/lib/python3.12/site-packages/airflow/example_dags/example_sla_dag.py
[2025-01-28T10:58:31.777+0000] {processor.py:914} INFO - Processing file /mnt/c/Users/Admin/Desktop/ud_data/Dataslush_umang/airflow/airflow_venv/lib/python3.12/site-packages/airflow/example_dags/example_sla_dag.py for tasks to queue
[2025-01-28T10:58:31.784+0000] {logging_mixin.py:190} INFO - [2025-01-28T10:58:31.782+0000] {dagbag.py:588} INFO - Filling up the DagBag from /mnt/c/Users/Admin/Desktop/ud_data/Dataslush_umang/airflow/airflow_venv/lib/python3.12/site-packages/airflow/example_dags/example_sla_dag.py
[2025-01-28T10:58:31.920+0000] {processor.py:925} INFO - DAG(s) 'example_sla_dag' retrieved from /mnt/c/Users/Admin/Desktop/ud_data/Dataslush_umang/airflow/airflow_venv/lib/python3.12/site-packages/airflow/example_dags/example_sla_dag.py
[2025-01-28T10:58:31.956+0000] {logging_mixin.py:190} INFO - [2025-01-28T10:58:31.954+0000] {dag.py:3239} INFO - Sync 1 DAGs
[2025-01-28T10:58:32.026+0000] {logging_mixin.py:190} INFO - [2025-01-28T10:58:32.024+0000] {dag.py:4180} INFO - Setting next_dagrun for example_sla_dag to 2025-01-28 10:56:00+00:00, run_after=2025-01-28 10:58:00+00:00
[2025-01-28T10:58:32.102+0000] {processor.py:208} INFO - Processing /mnt/c/Users/Admin/Desktop/ud_data/Dataslush_umang/airflow/airflow_venv/lib/python3.12/site-packages/airflow/example_dags/example_sla_dag.py took 0.357 seconds
[2025-01-28T11:00:06.571+0000] {processor.py:186} INFO - Started process (PID=19465) to work on /mnt/c/Users/Admin/Desktop/ud_data/Dataslush_umang/airflow/airflow_venv/lib/python3.12/site-packages/airflow/example_dags/example_sla_dag.py
[2025-01-28T11:00:06.684+0000] {processor.py:914} INFO - Processing file /mnt/c/Users/Admin/Desktop/ud_data/Dataslush_umang/airflow/airflow_venv/lib/python3.12/site-packages/airflow/example_dags/example_sla_dag.py for tasks to queue
[2025-01-28T11:00:06.691+0000] {logging_mixin.py:190} INFO - [2025-01-28T11:00:06.688+0000] {dagbag.py:588} INFO - Filling up the DagBag from /mnt/c/Users/Admin/Desktop/ud_data/Dataslush_umang/airflow/airflow_venv/lib/python3.12/site-packages/airflow/example_dags/example_sla_dag.py
[2025-01-28T11:00:06.820+0000] {processor.py:925} INFO - DAG(s) 'example_sla_dag' retrieved from /mnt/c/Users/Admin/Desktop/ud_data/Dataslush_umang/airflow/airflow_venv/lib/python3.12/site-packages/airflow/example_dags/example_sla_dag.py
[2025-01-28T11:00:06.848+0000] {logging_mixin.py:190} INFO - [2025-01-28T11:00:06.846+0000] {dag.py:3239} INFO - Sync 1 DAGs
[2025-01-28T11:00:06.894+0000] {logging_mixin.py:190} INFO - [2025-01-28T11:00:06.893+0000] {dag.py:4180} INFO - Setting next_dagrun for example_sla_dag to 2025-01-28 10:58:00+00:00, run_after=2025-01-28 11:00:00+00:00
[2025-01-28T11:00:06.938+0000] {processor.py:208} INFO - Processing /mnt/c/Users/Admin/Desktop/ud_data/Dataslush_umang/airflow/airflow_venv/lib/python3.12/site-packages/airflow/example_dags/example_sla_dag.py took 0.396 seconds
[2025-01-28T11:01:05.716+0000] {processor.py:186} INFO - Started process (PID=19558) to work on /mnt/c/Users/Admin/Desktop/ud_data/Dataslush_umang/airflow/airflow_venv/lib/python3.12/site-packages/airflow/example_dags/example_sla_dag.py
[2025-01-28T11:01:05.719+0000] {processor.py:914} INFO - Processing file /mnt/c/Users/Admin/Desktop/ud_data/Dataslush_umang/airflow/airflow_venv/lib/python3.12/site-packages/airflow/example_dags/example_sla_dag.py for tasks to queue
[2025-01-28T11:01:05.725+0000] {logging_mixin.py:190} INFO - [2025-01-28T11:01:05.723+0000] {dagbag.py:588} INFO - Filling up the DagBag from /mnt/c/Users/Admin/Desktop/ud_data/Dataslush_umang/airflow/airflow_venv/lib/python3.12/site-packages/airflow/example_dags/example_sla_dag.py
[2025-01-28T11:01:05.850+0000] {processor.py:925} INFO - DAG(s) 'example_sla_dag' retrieved from /mnt/c/Users/Admin/Desktop/ud_data/Dataslush_umang/airflow/airflow_venv/lib/python3.12/site-packages/airflow/example_dags/example_sla_dag.py
[2025-01-28T11:01:05.877+0000] {logging_mixin.py:190} INFO - [2025-01-28T11:01:05.876+0000] {dag.py:3239} INFO - Sync 1 DAGs
[2025-01-28T11:01:05.926+0000] {logging_mixin.py:190} INFO - [2025-01-28T11:01:05.925+0000] {dag.py:4180} INFO - Setting next_dagrun for example_sla_dag to 2025-01-28 10:58:00+00:00, run_after=2025-01-28 11:00:00+00:00
[2025-01-28T11:01:06.106+0000] {processor.py:208} INFO - Processing /mnt/c/Users/Admin/Desktop/ud_data/Dataslush_umang/airflow/airflow_venv/lib/python3.12/site-packages/airflow/example_dags/example_sla_dag.py took 0.416 seconds
[2025-01-28T11:02:19.554+0000] {processor.py:186} INFO - Started process (PID=19627) to work on /mnt/c/Users/Admin/Desktop/ud_data/Dataslush_umang/airflow/airflow_venv/lib/python3.12/site-packages/airflow/example_dags/example_sla_dag.py
[2025-01-28T11:02:19.753+0000] {processor.py:914} INFO - Processing file /mnt/c/Users/Admin/Desktop/ud_data/Dataslush_umang/airflow/airflow_venv/lib/python3.12/site-packages/airflow/example_dags/example_sla_dag.py for tasks to queue
[2025-01-28T11:02:19.760+0000] {logging_mixin.py:190} INFO - [2025-01-28T11:02:19.757+0000] {dagbag.py:588} INFO - Filling up the DagBag from /mnt/c/Users/Admin/Desktop/ud_data/Dataslush_umang/airflow/airflow_venv/lib/python3.12/site-packages/airflow/example_dags/example_sla_dag.py
[2025-01-28T11:02:19.885+0000] {processor.py:925} INFO - DAG(s) 'example_sla_dag' retrieved from /mnt/c/Users/Admin/Desktop/ud_data/Dataslush_umang/airflow/airflow_venv/lib/python3.12/site-packages/airflow/example_dags/example_sla_dag.py
[2025-01-28T11:02:19.916+0000] {logging_mixin.py:190} INFO - [2025-01-28T11:02:19.914+0000] {dag.py:3239} INFO - Sync 1 DAGs
[2025-01-28T11:02:19.964+0000] {logging_mixin.py:190} INFO - [2025-01-28T11:02:19.962+0000] {dag.py:4180} INFO - Setting next_dagrun for example_sla_dag to 2025-01-28 11:00:00+00:00, run_after=2025-01-28 11:02:00+00:00
[2025-01-28T11:02:22.769+0000] {processor.py:208} INFO - Processing /mnt/c/Users/Admin/Desktop/ud_data/Dataslush_umang/airflow/airflow_venv/lib/python3.12/site-packages/airflow/example_dags/example_sla_dag.py took 3.243 seconds
[2025-01-28T11:03:55.147+0000] {processor.py:186} INFO - Started process (PID=19838) to work on /mnt/c/Users/Admin/Desktop/ud_data/Dataslush_umang/airflow/airflow_venv/lib/python3.12/site-packages/airflow/example_dags/example_sla_dag.py
[2025-01-28T11:03:55.181+0000] {processor.py:914} INFO - Processing file /mnt/c/Users/Admin/Desktop/ud_data/Dataslush_umang/airflow/airflow_venv/lib/python3.12/site-packages/airflow/example_dags/example_sla_dag.py for tasks to queue
[2025-01-28T11:03:55.188+0000] {logging_mixin.py:190} INFO - [2025-01-28T11:03:55.186+0000] {dagbag.py:588} INFO - Filling up the DagBag from /mnt/c/Users/Admin/Desktop/ud_data/Dataslush_umang/airflow/airflow_venv/lib/python3.12/site-packages/airflow/example_dags/example_sla_dag.py
[2025-01-28T11:03:55.370+0000] {processor.py:925} INFO - DAG(s) 'example_sla_dag' retrieved from /mnt/c/Users/Admin/Desktop/ud_data/Dataslush_umang/airflow/airflow_venv/lib/python3.12/site-packages/airflow/example_dags/example_sla_dag.py
[2025-01-28T11:03:55.409+0000] {logging_mixin.py:190} INFO - [2025-01-28T11:03:55.408+0000] {dag.py:3239} INFO - Sync 1 DAGs
[2025-01-28T11:03:55.490+0000] {logging_mixin.py:190} INFO - [2025-01-28T11:03:55.489+0000] {dag.py:4180} INFO - Setting next_dagrun for example_sla_dag to 2025-01-28 11:00:00+00:00, run_after=2025-01-28 11:02:00+00:00
[2025-01-28T11:03:55.905+0000] {processor.py:208} INFO - Processing /mnt/c/Users/Admin/Desktop/ud_data/Dataslush_umang/airflow/airflow_venv/lib/python3.12/site-packages/airflow/example_dags/example_sla_dag.py took 0.790 seconds
[2025-01-28T11:05:29.050+0000] {processor.py:186} INFO - Started process (PID=19979) to work on /mnt/c/Users/Admin/Desktop/ud_data/Dataslush_umang/airflow/airflow_venv/lib/python3.12/site-packages/airflow/example_dags/example_sla_dag.py
[2025-01-28T11:05:29.054+0000] {processor.py:914} INFO - Processing file /mnt/c/Users/Admin/Desktop/ud_data/Dataslush_umang/airflow/airflow_venv/lib/python3.12/site-packages/airflow/example_dags/example_sla_dag.py for tasks to queue
[2025-01-28T11:05:29.060+0000] {logging_mixin.py:190} INFO - [2025-01-28T11:05:29.058+0000] {dagbag.py:588} INFO - Filling up the DagBag from /mnt/c/Users/Admin/Desktop/ud_data/Dataslush_umang/airflow/airflow_venv/lib/python3.12/site-packages/airflow/example_dags/example_sla_dag.py
[2025-01-28T11:05:29.173+0000] {processor.py:925} INFO - DAG(s) 'example_sla_dag' retrieved from /mnt/c/Users/Admin/Desktop/ud_data/Dataslush_umang/airflow/airflow_venv/lib/python3.12/site-packages/airflow/example_dags/example_sla_dag.py
[2025-01-28T11:05:29.199+0000] {logging_mixin.py:190} INFO - [2025-01-28T11:05:29.198+0000] {dag.py:3239} INFO - Sync 1 DAGs
[2025-01-28T11:05:29.247+0000] {logging_mixin.py:190} INFO - [2025-01-28T11:05:29.245+0000] {dag.py:4180} INFO - Setting next_dagrun for example_sla_dag to 2025-01-28 11:02:00+00:00, run_after=2025-01-28 11:04:00+00:00
[2025-01-28T11:05:30.063+0000] {processor.py:208} INFO - Processing /mnt/c/Users/Admin/Desktop/ud_data/Dataslush_umang/airflow/airflow_venv/lib/python3.12/site-packages/airflow/example_dags/example_sla_dag.py took 1.046 seconds
[2025-01-28T11:06:37.319+0000] {processor.py:186} INFO - Started process (PID=20036) to work on /mnt/c/Users/Admin/Desktop/ud_data/Dataslush_umang/airflow/airflow_venv/lib/python3.12/site-packages/airflow/example_dags/example_sla_dag.py
[2025-01-28T11:06:37.322+0000] {processor.py:914} INFO - Processing file /mnt/c/Users/Admin/Desktop/ud_data/Dataslush_umang/airflow/airflow_venv/lib/python3.12/site-packages/airflow/example_dags/example_sla_dag.py for tasks to queue
[2025-01-28T11:06:37.327+0000] {logging_mixin.py:190} INFO - [2025-01-28T11:06:37.325+0000] {dagbag.py:588} INFO - Filling up the DagBag from /mnt/c/Users/Admin/Desktop/ud_data/Dataslush_umang/airflow/airflow_venv/lib/python3.12/site-packages/airflow/example_dags/example_sla_dag.py
[2025-01-28T11:06:37.444+0000] {processor.py:925} INFO - DAG(s) 'example_sla_dag' retrieved from /mnt/c/Users/Admin/Desktop/ud_data/Dataslush_umang/airflow/airflow_venv/lib/python3.12/site-packages/airflow/example_dags/example_sla_dag.py
[2025-01-28T11:06:37.476+0000] {logging_mixin.py:190} INFO - [2025-01-28T11:06:37.475+0000] {dag.py:3239} INFO - Sync 1 DAGs
[2025-01-28T11:06:37.525+0000] {logging_mixin.py:190} INFO - [2025-01-28T11:06:37.524+0000] {dag.py:4180} INFO - Setting next_dagrun for example_sla_dag to 2025-01-28 11:04:00+00:00, run_after=2025-01-28 11:06:00+00:00
[2025-01-28T11:06:37.567+0000] {processor.py:208} INFO - Processing /mnt/c/Users/Admin/Desktop/ud_data/Dataslush_umang/airflow/airflow_venv/lib/python3.12/site-packages/airflow/example_dags/example_sla_dag.py took 0.273 seconds
[2025-01-28T11:07:42.611+0000] {processor.py:186} INFO - Started process (PID=20140) to work on /mnt/c/Users/Admin/Desktop/ud_data/Dataslush_umang/airflow/airflow_venv/lib/python3.12/site-packages/airflow/example_dags/example_sla_dag.py
[2025-01-28T11:07:42.614+0000] {processor.py:914} INFO - Processing file /mnt/c/Users/Admin/Desktop/ud_data/Dataslush_umang/airflow/airflow_venv/lib/python3.12/site-packages/airflow/example_dags/example_sla_dag.py for tasks to queue
[2025-01-28T11:07:42.618+0000] {logging_mixin.py:190} INFO - [2025-01-28T11:07:42.617+0000] {dagbag.py:588} INFO - Filling up the DagBag from /mnt/c/Users/Admin/Desktop/ud_data/Dataslush_umang/airflow/airflow_venv/lib/python3.12/site-packages/airflow/example_dags/example_sla_dag.py
[2025-01-28T11:07:42.735+0000] {processor.py:925} INFO - DAG(s) 'example_sla_dag' retrieved from /mnt/c/Users/Admin/Desktop/ud_data/Dataslush_umang/airflow/airflow_venv/lib/python3.12/site-packages/airflow/example_dags/example_sla_dag.py
[2025-01-28T11:07:42.761+0000] {logging_mixin.py:190} INFO - [2025-01-28T11:07:42.760+0000] {dag.py:3239} INFO - Sync 1 DAGs
[2025-01-28T11:07:42.812+0000] {logging_mixin.py:190} INFO - [2025-01-28T11:07:42.811+0000] {dag.py:4180} INFO - Setting next_dagrun for example_sla_dag to 2025-01-28 11:04:00+00:00, run_after=2025-01-28 11:06:00+00:00
[2025-01-28T11:07:42.857+0000] {processor.py:208} INFO - Processing /mnt/c/Users/Admin/Desktop/ud_data/Dataslush_umang/airflow/airflow_venv/lib/python3.12/site-packages/airflow/example_dags/example_sla_dag.py took 0.268 seconds
[2025-01-28T11:09:44.108+0000] {processor.py:186} INFO - Started process (PID=20282) to work on /mnt/c/Users/Admin/Desktop/ud_data/Dataslush_umang/airflow/airflow_venv/lib/python3.12/site-packages/airflow/example_dags/example_sla_dag.py
[2025-01-28T11:09:44.112+0000] {processor.py:914} INFO - Processing file /mnt/c/Users/Admin/Desktop/ud_data/Dataslush_umang/airflow/airflow_venv/lib/python3.12/site-packages/airflow/example_dags/example_sla_dag.py for tasks to queue
[2025-01-28T11:09:44.119+0000] {logging_mixin.py:190} INFO - [2025-01-28T11:09:44.116+0000] {dagbag.py:588} INFO - Filling up the DagBag from /mnt/c/Users/Admin/Desktop/ud_data/Dataslush_umang/airflow/airflow_venv/lib/python3.12/site-packages/airflow/example_dags/example_sla_dag.py
[2025-01-28T11:09:44.260+0000] {processor.py:925} INFO - DAG(s) 'example_sla_dag' retrieved from /mnt/c/Users/Admin/Desktop/ud_data/Dataslush_umang/airflow/airflow_venv/lib/python3.12/site-packages/airflow/example_dags/example_sla_dag.py
[2025-01-28T11:09:14.223+0000] {logging_mixin.py:190} INFO - [2025-01-28T11:09:44.292+0000] {dag.py:3239} INFO - Sync 1 DAGs
[2025-01-28T11:09:14.295+0000] {logging_mixin.py:190} INFO - [2025-01-28T11:09:14.294+0000] {dag.py:4180} INFO - Setting next_dagrun for example_sla_dag to 2025-01-28 11:06:00+00:00, run_after=2025-01-28 11:08:00+00:00
[2025-01-28T11:09:15.087+0000] {processor.py:208} INFO - Processing /mnt/c/Users/Admin/Desktop/ud_data/Dataslush_umang/airflow/airflow_venv/lib/python3.12/site-packages/airflow/example_dags/example_sla_dag.py took 1.080 seconds
[2025-01-28T11:10:16.318+0000] {processor.py:186} INFO - Started process (PID=20427) to work on /mnt/c/Users/Admin/Desktop/ud_data/Dataslush_umang/airflow/airflow_venv/lib/python3.12/site-packages/airflow/example_dags/example_sla_dag.py
[2025-01-28T11:10:17.053+0000] {processor.py:914} INFO - Processing file /mnt/c/Users/Admin/Desktop/ud_data/Dataslush_umang/airflow/airflow_venv/lib/python3.12/site-packages/airflow/example_dags/example_sla_dag.py for tasks to queue
[2025-01-28T11:10:17.057+0000] {logging_mixin.py:190} INFO - [2025-01-28T11:10:17.055+0000] {dagbag.py:588} INFO - Filling up the DagBag from /mnt/c/Users/Admin/Desktop/ud_data/Dataslush_umang/airflow/airflow_venv/lib/python3.12/site-packages/airflow/example_dags/example_sla_dag.py
[2025-01-28T11:10:17.149+0000] {processor.py:925} INFO - DAG(s) 'example_sla_dag' retrieved from /mnt/c/Users/Admin/Desktop/ud_data/Dataslush_umang/airflow/airflow_venv/lib/python3.12/site-packages/airflow/example_dags/example_sla_dag.py
[2025-01-28T11:10:17.176+0000] {logging_mixin.py:190} INFO - [2025-01-28T11:10:17.174+0000] {dag.py:3239} INFO - Sync 1 DAGs
[2025-01-28T11:10:17.224+0000] {logging_mixin.py:190} INFO - [2025-01-28T11:10:17.222+0000] {dag.py:4180} INFO - Setting next_dagrun for example_sla_dag to 2025-01-28 11:08:00+00:00, run_after=2025-01-28 11:10:00+00:00
[2025-01-28T11:10:17.677+0000] {processor.py:208} INFO - Processing /mnt/c/Users/Admin/Desktop/ud_data/Dataslush_umang/airflow/airflow_venv/lib/python3.12/site-packages/airflow/example_dags/example_sla_dag.py took 1.386 seconds
[2025-01-28T11:11:37.608+0000] {processor.py:186} INFO - Started process (PID=20542) to work on /mnt/c/Users/Admin/Desktop/ud_data/Dataslush_umang/airflow/airflow_venv/lib/python3.12/site-packages/airflow/example_dags/example_sla_dag.py
[2025-01-28T11:11:37.612+0000] {processor.py:914} INFO - Processing file /mnt/c/Users/Admin/Desktop/ud_data/Dataslush_umang/airflow/airflow_venv/lib/python3.12/site-packages/airflow/example_dags/example_sla_dag.py for tasks to queue
[2025-01-28T11:11:37.618+0000] {logging_mixin.py:190} INFO - [2025-01-28T11:11:37.616+0000] {dagbag.py:588} INFO - Filling up the DagBag from /mnt/c/Users/Admin/Desktop/ud_data/Dataslush_umang/airflow/airflow_venv/lib/python3.12/site-packages/airflow/example_dags/example_sla_dag.py
[2025-01-28T11:11:37.745+0000] {processor.py:925} INFO - DAG(s) 'example_sla_dag' retrieved from /mnt/c/Users/Admin/Desktop/ud_data/Dataslush_umang/airflow/airflow_venv/lib/python3.12/site-packages/airflow/example_dags/example_sla_dag.py
[2025-01-28T11:11:37.774+0000] {logging_mixin.py:190} INFO - [2025-01-28T11:11:37.772+0000] {dag.py:3239} INFO - Sync 1 DAGs
[2025-01-28T11:11:37.818+0000] {logging_mixin.py:190} INFO - [2025-01-28T11:11:37.816+0000] {dag.py:4180} INFO - Setting next_dagrun for example_sla_dag to 2025-01-28 11:08:00+00:00, run_after=2025-01-28 11:10:00+00:00
[2025-01-28T11:11:37.979+0000] {processor.py:208} INFO - Processing /mnt/c/Users/Admin/Desktop/ud_data/Dataslush_umang/airflow/airflow_venv/lib/python3.12/site-packages/airflow/example_dags/example_sla_dag.py took 0.400 seconds
[2025-01-28T11:13:15.288+0000] {processor.py:186} INFO - Started process (PID=20655) to work on /mnt/c/Users/Admin/Desktop/ud_data/Dataslush_umang/airflow/airflow_venv/lib/python3.12/site-packages/airflow/example_dags/example_sla_dag.py
[2025-01-28T11:13:15.462+0000] {processor.py:914} INFO - Processing file /mnt/c/Users/Admin/Desktop/ud_data/Dataslush_umang/airflow/airflow_venv/lib/python3.12/site-packages/airflow/example_dags/example_sla_dag.py for tasks to queue
[2025-01-28T11:13:15.469+0000] {logging_mixin.py:190} INFO - [2025-01-28T11:13:15.466+0000] {dagbag.py:588} INFO - Filling up the DagBag from /mnt/c/Users/Admin/Desktop/ud_data/Dataslush_umang/airflow/airflow_venv/lib/python3.12/site-packages/airflow/example_dags/example_sla_dag.py
[2025-01-28T11:13:15.592+0000] {processor.py:925} INFO - DAG(s) 'example_sla_dag' retrieved from /mnt/c/Users/Admin/Desktop/ud_data/Dataslush_umang/airflow/airflow_venv/lib/python3.12/site-packages/airflow/example_dags/example_sla_dag.py
[2025-01-28T11:13:15.625+0000] {logging_mixin.py:190} INFO - [2025-01-28T11:13:15.623+0000] {dag.py:3239} INFO - Sync 1 DAGs
[2025-01-28T11:13:15.675+0000] {logging_mixin.py:190} INFO - [2025-01-28T11:13:15.674+0000] {dag.py:4180} INFO - Setting next_dagrun for example_sla_dag to 2025-01-28 11:10:00+00:00, run_after=2025-01-28 11:12:00+00:00
[2025-01-28T11:13:15.822+0000] {processor.py:208} INFO - Processing /mnt/c/Users/Admin/Desktop/ud_data/Dataslush_umang/airflow/airflow_venv/lib/python3.12/site-packages/airflow/example_dags/example_sla_dag.py took 0.564 seconds
[2025-01-28T11:14:53.749+0000] {processor.py:186} INFO - Started process (PID=20796) to work on /mnt/c/Users/Admin/Desktop/ud_data/Dataslush_umang/airflow/airflow_venv/lib/python3.12/site-packages/airflow/example_dags/example_sla_dag.py
[2025-01-28T11:14:53.768+0000] {processor.py:914} INFO - Processing file /mnt/c/Users/Admin/Desktop/ud_data/Dataslush_umang/airflow/airflow_venv/lib/python3.12/site-packages/airflow/example_dags/example_sla_dag.py for tasks to queue
[2025-01-28T11:14:53.777+0000] {logging_mixin.py:190} INFO - [2025-01-28T11:14:53.775+0000] {dagbag.py:588} INFO - Filling up the DagBag from /mnt/c/Users/Admin/Desktop/ud_data/Dataslush_umang/airflow/airflow_venv/lib/python3.12/site-packages/airflow/example_dags/example_sla_dag.py
[2025-01-28T11:14:53.888+0000] {processor.py:925} INFO - DAG(s) 'example_sla_dag' retrieved from /mnt/c/Users/Admin/Desktop/ud_data/Dataslush_umang/airflow/airflow_venv/lib/python3.12/site-packages/airflow/example_dags/example_sla_dag.py
[2025-01-28T11:14:53.917+0000] {logging_mixin.py:190} INFO - [2025-01-28T11:14:53.915+0000] {dag.py:3239} INFO - Sync 1 DAGs
[2025-01-28T11:14:53.955+0000] {logging_mixin.py:190} INFO - [2025-01-28T11:14:53.954+0000] {dag.py:4180} INFO - Setting next_dagrun for example_sla_dag to 2025-01-28 11:12:00+00:00, run_after=2025-01-28 11:14:00+00:00
[2025-01-28T11:14:57.084+0000] {processor.py:208} INFO - Processing /mnt/c/Users/Admin/Desktop/ud_data/Dataslush_umang/airflow/airflow_venv/lib/python3.12/site-packages/airflow/example_dags/example_sla_dag.py took 3.360 seconds
