[2025-01-28T10:12:37.438+0000] {processor.py:186} INFO - Started process (PID=14755) to work on /mnt/c/Users/Admin/Desktop/ud_data/Dataslush_umang/airflow/airflow_venv/lib/python3.12/site-packages/airflow/example_dags/example_sensor_decorator.py
[2025-01-28T10:12:37.442+0000] {processor.py:914} INFO - Processing file /mnt/c/Users/Admin/Desktop/ud_data/Dataslush_umang/airflow/airflow_venv/lib/python3.12/site-packages/airflow/example_dags/example_sensor_decorator.py for tasks to queue
[2025-01-28T10:12:37.449+0000] {logging_mixin.py:190} INFO - [2025-01-28T10:12:37.447+0000] {dagbag.py:588} INFO - Filling up the DagBag from /mnt/c/Users/Admin/Desktop/ud_data/Dataslush_umang/airflow/airflow_venv/lib/python3.12/site-packages/airflow/example_dags/example_sensor_decorator.py
[2025-01-28T10:12:37.568+0000] {processor.py:925} INFO - DAG(s) 'example_sensor_decorator' retrieved from /mnt/c/Users/Admin/Desktop/ud_data/Dataslush_umang/airflow/airflow_venv/lib/python3.12/site-packages/airflow/example_dags/example_sensor_decorator.py
[2025-01-28T10:12:39.379+0000] {logging_mixin.py:190} INFO - [2025-01-28T10:12:39.378+0000] {override.py:1912} INFO - Created Permission View: can edit on DAG:example_sensor_decorator
[2025-01-28T10:12:39.408+0000] {logging_mixin.py:190} INFO - [2025-01-28T10:12:39.406+0000] {override.py:1912} INFO - Created Permission View: can read on DAG:example_sensor_decorator
[2025-01-28T10:12:39.435+0000] {logging_mixin.py:190} INFO - [2025-01-28T10:12:39.434+0000] {override.py:1912} INFO - Created Permission View: can delete on DAG:example_sensor_decorator
[2025-01-28T10:12:39.479+0000] {logging_mixin.py:190} INFO - [2025-01-28T10:12:39.476+0000] {override.py:1912} INFO - Created Permission View: can create on DAG Run:example_sensor_decorator
[2025-01-28T10:12:39.516+0000] {logging_mixin.py:190} INFO - [2025-01-28T10:12:39.514+0000] {override.py:1912} INFO - Created Permission View: menu access on DAG Run:example_sensor_decorator
[2025-01-28T10:12:39.543+0000] {logging_mixin.py:190} INFO - [2025-01-28T10:12:39.541+0000] {override.py:1912} INFO - Created Permission View: can read on DAG Run:example_sensor_decorator
[2025-01-28T10:12:39.570+0000] {logging_mixin.py:190} INFO - [2025-01-28T10:12:39.568+0000] {override.py:1912} INFO - Created Permission View: can delete on DAG Run:example_sensor_decorator
[2025-01-28T10:12:39.572+0000] {logging_mixin.py:190} INFO - [2025-01-28T10:12:39.571+0000] {dag.py:3239} INFO - Sync 1 DAGs
[2025-01-28T10:12:39.591+0000] {logging_mixin.py:190} INFO - [2025-01-28T10:12:39.589+0000] {dag.py:3262} INFO - Creating ORM DAG for example_sensor_decorator
[2025-01-28T10:12:39.594+0000] {logging_mixin.py:190} INFO - [2025-01-28T10:12:39.593+0000] {dag.py:4180} INFO - Setting next_dagrun for example_sensor_decorator to None, run_after=None
[2025-01-28T10:12:39.734+0000] {processor.py:208} INFO - Processing /mnt/c/Users/Admin/Desktop/ud_data/Dataslush_umang/airflow/airflow_venv/lib/python3.12/site-packages/airflow/example_dags/example_sensor_decorator.py took 2.334 seconds
[2025-01-28T10:15:13.890+0000] {processor.py:186} INFO - Started process (PID=14979) to work on /mnt/c/Users/Admin/Desktop/ud_data/Dataslush_umang/airflow/airflow_venv/lib/python3.12/site-packages/airflow/example_dags/example_sensor_decorator.py
[2025-01-28T10:15:14.202+0000] {processor.py:914} INFO - Processing file /mnt/c/Users/Admin/Desktop/ud_data/Dataslush_umang/airflow/airflow_venv/lib/python3.12/site-packages/airflow/example_dags/example_sensor_decorator.py for tasks to queue
[2025-01-28T10:15:14.212+0000] {logging_mixin.py:190} INFO - [2025-01-28T10:15:14.209+0000] {dagbag.py:588} INFO - Filling up the DagBag from /mnt/c/Users/Admin/Desktop/ud_data/Dataslush_umang/airflow/airflow_venv/lib/python3.12/site-packages/airflow/example_dags/example_sensor_decorator.py
[2025-01-28T10:15:14.338+0000] {processor.py:925} INFO - DAG(s) 'example_sensor_decorator' retrieved from /mnt/c/Users/Admin/Desktop/ud_data/Dataslush_umang/airflow/airflow_venv/lib/python3.12/site-packages/airflow/example_dags/example_sensor_decorator.py
[2025-01-28T10:15:14.363+0000] {logging_mixin.py:190} INFO - [2025-01-28T10:15:14.361+0000] {dag.py:3239} INFO - Sync 1 DAGs
[2025-01-28T10:15:14.384+0000] {logging_mixin.py:190} INFO - [2025-01-28T10:15:14.382+0000] {dag.py:4180} INFO - Setting next_dagrun for example_sensor_decorator to None, run_after=None
[2025-01-28T10:15:14.512+0000] {processor.py:208} INFO - Processing /mnt/c/Users/Admin/Desktop/ud_data/Dataslush_umang/airflow/airflow_venv/lib/python3.12/site-packages/airflow/example_dags/example_sensor_decorator.py took 0.651 seconds
[2025-01-28T10:16:54.493+0000] {processor.py:186} INFO - Started process (PID=15166) to work on /mnt/c/Users/Admin/Desktop/ud_data/Dataslush_umang/airflow/airflow_venv/lib/python3.12/site-packages/airflow/example_dags/example_sensor_decorator.py
[2025-01-28T10:16:54.595+0000] {processor.py:914} INFO - Processing file /mnt/c/Users/Admin/Desktop/ud_data/Dataslush_umang/airflow/airflow_venv/lib/python3.12/site-packages/airflow/example_dags/example_sensor_decorator.py for tasks to queue
[2025-01-28T10:16:54.601+0000] {logging_mixin.py:190} INFO - [2025-01-28T10:16:54.599+0000] {dagbag.py:588} INFO - Filling up the DagBag from /mnt/c/Users/Admin/Desktop/ud_data/Dataslush_umang/airflow/airflow_venv/lib/python3.12/site-packages/airflow/example_dags/example_sensor_decorator.py
[2025-01-28T10:16:54.705+0000] {processor.py:925} INFO - DAG(s) 'example_sensor_decorator' retrieved from /mnt/c/Users/Admin/Desktop/ud_data/Dataslush_umang/airflow/airflow_venv/lib/python3.12/site-packages/airflow/example_dags/example_sensor_decorator.py
[2025-01-28T10:16:54.738+0000] {logging_mixin.py:190} INFO - [2025-01-28T10:16:54.736+0000] {dag.py:3239} INFO - Sync 1 DAGs
[2025-01-28T10:16:54.756+0000] {logging_mixin.py:190} INFO - [2025-01-28T10:16:54.754+0000] {dag.py:4180} INFO - Setting next_dagrun for example_sensor_decorator to None, run_after=None
[2025-01-28T10:16:54.819+0000] {processor.py:208} INFO - Processing /mnt/c/Users/Admin/Desktop/ud_data/Dataslush_umang/airflow/airflow_venv/lib/python3.12/site-packages/airflow/example_dags/example_sensor_decorator.py took 0.344 seconds
[2025-01-28T10:18:10.157+0000] {processor.py:186} INFO - Started process (PID=15305) to work on /mnt/c/Users/Admin/Desktop/ud_data/Dataslush_umang/airflow/airflow_venv/lib/python3.12/site-packages/airflow/example_dags/example_sensor_decorator.py
[2025-01-28T10:18:11.101+0000] {processor.py:914} INFO - Processing file /mnt/c/Users/Admin/Desktop/ud_data/Dataslush_umang/airflow/airflow_venv/lib/python3.12/site-packages/airflow/example_dags/example_sensor_decorator.py for tasks to queue
[2025-01-28T10:18:11.115+0000] {logging_mixin.py:190} INFO - [2025-01-28T10:18:11.110+0000] {dagbag.py:588} INFO - Filling up the DagBag from /mnt/c/Users/Admin/Desktop/ud_data/Dataslush_umang/airflow/airflow_venv/lib/python3.12/site-packages/airflow/example_dags/example_sensor_decorator.py
[2025-01-28T10:18:11.377+0000] {processor.py:925} INFO - DAG(s) 'example_sensor_decorator' retrieved from /mnt/c/Users/Admin/Desktop/ud_data/Dataslush_umang/airflow/airflow_venv/lib/python3.12/site-packages/airflow/example_dags/example_sensor_decorator.py
[2025-01-28T10:18:11.406+0000] {logging_mixin.py:190} INFO - [2025-01-28T10:18:11.404+0000] {dag.py:3239} INFO - Sync 1 DAGs
[2025-01-28T10:18:11.423+0000] {logging_mixin.py:190} INFO - [2025-01-28T10:18:11.421+0000] {dag.py:4180} INFO - Setting next_dagrun for example_sensor_decorator to None, run_after=None
[2025-01-28T10:18:12.356+0000] {processor.py:208} INFO - Processing /mnt/c/Users/Admin/Desktop/ud_data/Dataslush_umang/airflow/airflow_venv/lib/python3.12/site-packages/airflow/example_dags/example_sensor_decorator.py took 2.252 seconds
[2025-01-28T10:19:21.518+0000] {processor.py:186} INFO - Started process (PID=15403) to work on /mnt/c/Users/Admin/Desktop/ud_data/Dataslush_umang/airflow/airflow_venv/lib/python3.12/site-packages/airflow/example_dags/example_sensor_decorator.py
[2025-01-28T10:19:21.548+0000] {processor.py:914} INFO - Processing file /mnt/c/Users/Admin/Desktop/ud_data/Dataslush_umang/airflow/airflow_venv/lib/python3.12/site-packages/airflow/example_dags/example_sensor_decorator.py for tasks to queue
[2025-01-28T10:19:21.565+0000] {logging_mixin.py:190} INFO - [2025-01-28T10:19:21.559+0000] {dagbag.py:588} INFO - Filling up the DagBag from /mnt/c/Users/Admin/Desktop/ud_data/Dataslush_umang/airflow/airflow_venv/lib/python3.12/site-packages/airflow/example_dags/example_sensor_decorator.py
[2025-01-28T10:19:21.912+0000] {processor.py:925} INFO - DAG(s) 'example_sensor_decorator' retrieved from /mnt/c/Users/Admin/Desktop/ud_data/Dataslush_umang/airflow/airflow_venv/lib/python3.12/site-packages/airflow/example_dags/example_sensor_decorator.py
[2025-01-28T10:19:21.972+0000] {logging_mixin.py:190} INFO - [2025-01-28T10:19:21.969+0000] {dag.py:3239} INFO - Sync 1 DAGs
[2025-01-28T10:19:21.996+0000] {logging_mixin.py:190} INFO - [2025-01-28T10:19:21.994+0000] {dag.py:4180} INFO - Setting next_dagrun for example_sensor_decorator to None, run_after=None
[2025-01-28T10:19:22.051+0000] {processor.py:208} INFO - Processing /mnt/c/Users/Admin/Desktop/ud_data/Dataslush_umang/airflow/airflow_venv/lib/python3.12/site-packages/airflow/example_dags/example_sensor_decorator.py took 0.598 seconds
[2025-01-28T10:20:43.660+0000] {processor.py:186} INFO - Started process (PID=15532) to work on /mnt/c/Users/Admin/Desktop/ud_data/Dataslush_umang/airflow/airflow_venv/lib/python3.12/site-packages/airflow/example_dags/example_sensor_decorator.py
[2025-01-28T10:20:43.668+0000] {processor.py:914} INFO - Processing file /mnt/c/Users/Admin/Desktop/ud_data/Dataslush_umang/airflow/airflow_venv/lib/python3.12/site-packages/airflow/example_dags/example_sensor_decorator.py for tasks to queue
[2025-01-28T10:20:43.682+0000] {logging_mixin.py:190} INFO - [2025-01-28T10:20:43.678+0000] {dagbag.py:588} INFO - Filling up the DagBag from /mnt/c/Users/Admin/Desktop/ud_data/Dataslush_umang/airflow/airflow_venv/lib/python3.12/site-packages/airflow/example_dags/example_sensor_decorator.py
[2025-01-28T10:21:14.081+0000] {processor.py:925} INFO - DAG(s) 'example_sensor_decorator' retrieved from /mnt/c/Users/Admin/Desktop/ud_data/Dataslush_umang/airflow/airflow_venv/lib/python3.12/site-packages/airflow/example_dags/example_sensor_decorator.py
[2025-01-28T10:21:14.116+0000] {logging_mixin.py:190} INFO - [2025-01-28T10:21:14.115+0000] {dag.py:3239} INFO - Sync 1 DAGs
[2025-01-28T10:21:14.137+0000] {logging_mixin.py:190} INFO - [2025-01-28T10:21:14.135+0000] {dag.py:4180} INFO - Setting next_dagrun for example_sensor_decorator to None, run_after=None
[2025-01-28T10:21:14.196+0000] {processor.py:208} INFO - Processing /mnt/c/Users/Admin/Desktop/ud_data/Dataslush_umang/airflow/airflow_venv/lib/python3.12/site-packages/airflow/example_dags/example_sensor_decorator.py took 0.479 seconds
[2025-01-28T10:22:20.381+0000] {processor.py:186} INFO - Started process (PID=15669) to work on /mnt/c/Users/Admin/Desktop/ud_data/Dataslush_umang/airflow/airflow_venv/lib/python3.12/site-packages/airflow/example_dags/example_sensor_decorator.py
[2025-01-28T10:22:20.396+0000] {processor.py:914} INFO - Processing file /mnt/c/Users/Admin/Desktop/ud_data/Dataslush_umang/airflow/airflow_venv/lib/python3.12/site-packages/airflow/example_dags/example_sensor_decorator.py for tasks to queue
[2025-01-28T10:22:20.411+0000] {logging_mixin.py:190} INFO - [2025-01-28T10:22:20.406+0000] {dagbag.py:588} INFO - Filling up the DagBag from /mnt/c/Users/Admin/Desktop/ud_data/Dataslush_umang/airflow/airflow_venv/lib/python3.12/site-packages/airflow/example_dags/example_sensor_decorator.py
[2025-01-28T10:22:20.753+0000] {processor.py:925} INFO - DAG(s) 'example_sensor_decorator' retrieved from /mnt/c/Users/Admin/Desktop/ud_data/Dataslush_umang/airflow/airflow_venv/lib/python3.12/site-packages/airflow/example_dags/example_sensor_decorator.py
[2025-01-28T10:22:20.815+0000] {logging_mixin.py:190} INFO - [2025-01-28T10:22:20.811+0000] {dag.py:3239} INFO - Sync 1 DAGs
[2025-01-28T10:22:20.846+0000] {logging_mixin.py:190} INFO - [2025-01-28T10:22:20.844+0000] {dag.py:4180} INFO - Setting next_dagrun for example_sensor_decorator to None, run_after=None
[2025-01-28T10:22:21.189+0000] {processor.py:208} INFO - Processing /mnt/c/Users/Admin/Desktop/ud_data/Dataslush_umang/airflow/airflow_venv/lib/python3.12/site-packages/airflow/example_dags/example_sensor_decorator.py took 0.872 seconds
[2025-01-28T10:24:34.215+0000] {processor.py:186} INFO - Started process (PID=15836) to work on /mnt/c/Users/Admin/Desktop/ud_data/Dataslush_umang/airflow/airflow_venv/lib/python3.12/site-packages/airflow/example_dags/example_sensor_decorator.py
[2025-01-28T10:24:34.221+0000] {processor.py:914} INFO - Processing file /mnt/c/Users/Admin/Desktop/ud_data/Dataslush_umang/airflow/airflow_venv/lib/python3.12/site-packages/airflow/example_dags/example_sensor_decorator.py for tasks to queue
[2025-01-28T10:24:34.229+0000] {logging_mixin.py:190} INFO - [2025-01-28T10:24:34.226+0000] {dagbag.py:588} INFO - Filling up the DagBag from /mnt/c/Users/Admin/Desktop/ud_data/Dataslush_umang/airflow/airflow_venv/lib/python3.12/site-packages/airflow/example_dags/example_sensor_decorator.py
[2025-01-28T10:24:04.440+0000] {processor.py:925} INFO - DAG(s) 'example_sensor_decorator' retrieved from /mnt/c/Users/Admin/Desktop/ud_data/Dataslush_umang/airflow/airflow_venv/lib/python3.12/site-packages/airflow/example_dags/example_sensor_decorator.py
[2025-01-28T10:24:04.638+0000] {logging_mixin.py:190} INFO - [2025-01-28T10:24:04.635+0000] {dag.py:3239} INFO - Sync 1 DAGs
[2025-01-28T10:24:04.652+0000] {logging_mixin.py:190} INFO - [2025-01-28T10:24:04.650+0000] {dag.py:4180} INFO - Setting next_dagrun for example_sensor_decorator to None, run_after=None
[2025-01-28T10:24:05.054+0000] {processor.py:208} INFO - Processing /mnt/c/Users/Admin/Desktop/ud_data/Dataslush_umang/airflow/airflow_venv/lib/python3.12/site-packages/airflow/example_dags/example_sensor_decorator.py took 0.989 seconds
[2025-01-28T10:25:38.354+0000] {processor.py:186} INFO - Started process (PID=16054) to work on /mnt/c/Users/Admin/Desktop/ud_data/Dataslush_umang/airflow/airflow_venv/lib/python3.12/site-packages/airflow/example_dags/example_sensor_decorator.py
[2025-01-28T10:25:38.448+0000] {processor.py:914} INFO - Processing file /mnt/c/Users/Admin/Desktop/ud_data/Dataslush_umang/airflow/airflow_venv/lib/python3.12/site-packages/airflow/example_dags/example_sensor_decorator.py for tasks to queue
[2025-01-28T10:25:38.465+0000] {logging_mixin.py:190} INFO - [2025-01-28T10:25:38.460+0000] {dagbag.py:588} INFO - Filling up the DagBag from /mnt/c/Users/Admin/Desktop/ud_data/Dataslush_umang/airflow/airflow_venv/lib/python3.12/site-packages/airflow/example_dags/example_sensor_decorator.py
[2025-01-28T10:25:38.792+0000] {processor.py:925} INFO - DAG(s) 'example_sensor_decorator' retrieved from /mnt/c/Users/Admin/Desktop/ud_data/Dataslush_umang/airflow/airflow_venv/lib/python3.12/site-packages/airflow/example_dags/example_sensor_decorator.py
[2025-01-28T10:25:38.847+0000] {logging_mixin.py:190} INFO - [2025-01-28T10:25:38.845+0000] {dag.py:3239} INFO - Sync 1 DAGs
[2025-01-28T10:25:38.877+0000] {logging_mixin.py:190} INFO - [2025-01-28T10:25:38.874+0000] {dag.py:4180} INFO - Setting next_dagrun for example_sensor_decorator to None, run_after=None
[2025-01-28T10:25:38.934+0000] {processor.py:208} INFO - Processing /mnt/c/Users/Admin/Desktop/ud_data/Dataslush_umang/airflow/airflow_venv/lib/python3.12/site-packages/airflow/example_dags/example_sensor_decorator.py took 0.649 seconds
[2025-01-28T10:26:48.168+0000] {processor.py:186} INFO - Started process (PID=16221) to work on /mnt/c/Users/Admin/Desktop/ud_data/Dataslush_umang/airflow/airflow_venv/lib/python3.12/site-packages/airflow/example_dags/example_sensor_decorator.py
[2025-01-28T10:26:48.173+0000] {processor.py:914} INFO - Processing file /mnt/c/Users/Admin/Desktop/ud_data/Dataslush_umang/airflow/airflow_venv/lib/python3.12/site-packages/airflow/example_dags/example_sensor_decorator.py for tasks to queue
[2025-01-28T10:26:48.184+0000] {logging_mixin.py:190} INFO - [2025-01-28T10:26:48.181+0000] {dagbag.py:588} INFO - Filling up the DagBag from /mnt/c/Users/Admin/Desktop/ud_data/Dataslush_umang/airflow/airflow_venv/lib/python3.12/site-packages/airflow/example_dags/example_sensor_decorator.py
[2025-01-28T10:26:48.486+0000] {processor.py:925} INFO - DAG(s) 'example_sensor_decorator' retrieved from /mnt/c/Users/Admin/Desktop/ud_data/Dataslush_umang/airflow/airflow_venv/lib/python3.12/site-packages/airflow/example_dags/example_sensor_decorator.py
[2025-01-28T10:26:48.564+0000] {logging_mixin.py:190} INFO - [2025-01-28T10:26:48.559+0000] {dag.py:3239} INFO - Sync 1 DAGs
[2025-01-28T10:26:48.615+0000] {logging_mixin.py:190} INFO - [2025-01-28T10:26:48.611+0000] {dag.py:4180} INFO - Setting next_dagrun for example_sensor_decorator to None, run_after=None
[2025-01-28T10:26:48.710+0000] {processor.py:208} INFO - Processing /mnt/c/Users/Admin/Desktop/ud_data/Dataslush_umang/airflow/airflow_venv/lib/python3.12/site-packages/airflow/example_dags/example_sensor_decorator.py took 0.589 seconds
[2025-01-28T10:28:24.469+0000] {processor.py:186} INFO - Started process (PID=16308) to work on /mnt/c/Users/Admin/Desktop/ud_data/Dataslush_umang/airflow/airflow_venv/lib/python3.12/site-packages/airflow/example_dags/example_sensor_decorator.py
[2025-01-28T10:28:24.474+0000] {processor.py:914} INFO - Processing file /mnt/c/Users/Admin/Desktop/ud_data/Dataslush_umang/airflow/airflow_venv/lib/python3.12/site-packages/airflow/example_dags/example_sensor_decorator.py for tasks to queue
[2025-01-28T10:28:24.485+0000] {logging_mixin.py:190} INFO - [2025-01-28T10:28:24.482+0000] {dagbag.py:588} INFO - Filling up the DagBag from /mnt/c/Users/Admin/Desktop/ud_data/Dataslush_umang/airflow/airflow_venv/lib/python3.12/site-packages/airflow/example_dags/example_sensor_decorator.py
[2025-01-28T10:28:54.830+0000] {processor.py:925} INFO - DAG(s) 'example_sensor_decorator' retrieved from /mnt/c/Users/Admin/Desktop/ud_data/Dataslush_umang/airflow/airflow_venv/lib/python3.12/site-packages/airflow/example_dags/example_sensor_decorator.py
[2025-01-28T10:28:54.881+0000] {logging_mixin.py:190} INFO - [2025-01-28T10:28:54.877+0000] {dag.py:3239} INFO - Sync 1 DAGs
[2025-01-28T10:28:54.917+0000] {logging_mixin.py:190} INFO - [2025-01-28T10:28:54.914+0000] {dag.py:4180} INFO - Setting next_dagrun for example_sensor_decorator to None, run_after=None
[2025-01-28T10:28:24.931+0000] {processor.py:208} INFO - Processing /mnt/c/Users/Admin/Desktop/ud_data/Dataslush_umang/airflow/airflow_venv/lib/python3.12/site-packages/airflow/example_dags/example_sensor_decorator.py took 0.507 seconds
[2025-01-28T10:29:45.164+0000] {processor.py:186} INFO - Started process (PID=16386) to work on /mnt/c/Users/Admin/Desktop/ud_data/Dataslush_umang/airflow/airflow_venv/lib/python3.12/site-packages/airflow/example_dags/example_sensor_decorator.py
[2025-01-28T10:29:45.460+0000] {processor.py:914} INFO - Processing file /mnt/c/Users/Admin/Desktop/ud_data/Dataslush_umang/airflow/airflow_venv/lib/python3.12/site-packages/airflow/example_dags/example_sensor_decorator.py for tasks to queue
[2025-01-28T10:29:45.470+0000] {logging_mixin.py:190} INFO - [2025-01-28T10:29:45.466+0000] {dagbag.py:588} INFO - Filling up the DagBag from /mnt/c/Users/Admin/Desktop/ud_data/Dataslush_umang/airflow/airflow_venv/lib/python3.12/site-packages/airflow/example_dags/example_sensor_decorator.py
[2025-01-28T10:29:45.715+0000] {processor.py:925} INFO - DAG(s) 'example_sensor_decorator' retrieved from /mnt/c/Users/Admin/Desktop/ud_data/Dataslush_umang/airflow/airflow_venv/lib/python3.12/site-packages/airflow/example_dags/example_sensor_decorator.py
[2025-01-28T10:29:45.798+0000] {logging_mixin.py:190} INFO - [2025-01-28T10:29:45.793+0000] {dag.py:3239} INFO - Sync 1 DAGs
[2025-01-28T10:29:45.851+0000] {logging_mixin.py:190} INFO - [2025-01-28T10:29:45.846+0000] {dag.py:4180} INFO - Setting next_dagrun for example_sensor_decorator to None, run_after=None
[2025-01-28T10:29:47.504+0000] {processor.py:208} INFO - Processing /mnt/c/Users/Admin/Desktop/ud_data/Dataslush_umang/airflow/airflow_venv/lib/python3.12/site-packages/airflow/example_dags/example_sensor_decorator.py took 2.390 seconds
[2025-01-28T10:31:04.003+0000] {processor.py:186} INFO - Started process (PID=16475) to work on /mnt/c/Users/Admin/Desktop/ud_data/Dataslush_umang/airflow/airflow_venv/lib/python3.12/site-packages/airflow/example_dags/example_sensor_decorator.py
[2025-01-28T10:31:04.007+0000] {processor.py:914} INFO - Processing file /mnt/c/Users/Admin/Desktop/ud_data/Dataslush_umang/airflow/airflow_venv/lib/python3.12/site-packages/airflow/example_dags/example_sensor_decorator.py for tasks to queue
[2025-01-28T10:31:04.019+0000] {logging_mixin.py:190} INFO - [2025-01-28T10:31:04.015+0000] {dagbag.py:588} INFO - Filling up the DagBag from /mnt/c/Users/Admin/Desktop/ud_data/Dataslush_umang/airflow/airflow_venv/lib/python3.12/site-packages/airflow/example_dags/example_sensor_decorator.py
[2025-01-28T10:31:04.284+0000] {processor.py:925} INFO - DAG(s) 'example_sensor_decorator' retrieved from /mnt/c/Users/Admin/Desktop/ud_data/Dataslush_umang/airflow/airflow_venv/lib/python3.12/site-packages/airflow/example_dags/example_sensor_decorator.py
[2025-01-28T10:31:04.400+0000] {logging_mixin.py:190} INFO - [2025-01-28T10:31:04.394+0000] {dag.py:3239} INFO - Sync 1 DAGs
[2025-01-28T10:31:04.471+0000] {logging_mixin.py:190} INFO - [2025-01-28T10:31:04.466+0000] {dag.py:4180} INFO - Setting next_dagrun for example_sensor_decorator to None, run_after=None
[2025-01-28T10:31:04.561+0000] {processor.py:208} INFO - Processing /mnt/c/Users/Admin/Desktop/ud_data/Dataslush_umang/airflow/airflow_venv/lib/python3.12/site-packages/airflow/example_dags/example_sensor_decorator.py took 0.608 seconds
[2025-01-28T10:33:24.834+0000] {processor.py:186} INFO - Started process (PID=16719) to work on /mnt/c/Users/Admin/Desktop/ud_data/Dataslush_umang/airflow/airflow_venv/lib/python3.12/site-packages/airflow/example_dags/example_sensor_decorator.py
[2025-01-28T10:33:24.838+0000] {processor.py:914} INFO - Processing file /mnt/c/Users/Admin/Desktop/ud_data/Dataslush_umang/airflow/airflow_venv/lib/python3.12/site-packages/airflow/example_dags/example_sensor_decorator.py for tasks to queue
[2025-01-28T10:33:24.843+0000] {logging_mixin.py:190} INFO - [2025-01-28T10:33:24.842+0000] {dagbag.py:588} INFO - Filling up the DagBag from /mnt/c/Users/Admin/Desktop/ud_data/Dataslush_umang/airflow/airflow_venv/lib/python3.12/site-packages/airflow/example_dags/example_sensor_decorator.py
[2025-01-28T10:33:24.967+0000] {processor.py:925} INFO - DAG(s) 'example_sensor_decorator' retrieved from /mnt/c/Users/Admin/Desktop/ud_data/Dataslush_umang/airflow/airflow_venv/lib/python3.12/site-packages/airflow/example_dags/example_sensor_decorator.py
[2025-01-28T10:33:55.114+0000] {logging_mixin.py:190} INFO - [2025-01-28T10:33:55.112+0000] {dag.py:3239} INFO - Sync 1 DAGs
[2025-01-28T10:33:55.132+0000] {logging_mixin.py:190} INFO - [2025-01-28T10:33:55.131+0000] {dag.py:4180} INFO - Setting next_dagrun for example_sensor_decorator to None, run_after=None
[2025-01-28T10:33:55.284+0000] {processor.py:208} INFO - Processing /mnt/c/Users/Admin/Desktop/ud_data/Dataslush_umang/airflow/airflow_venv/lib/python3.12/site-packages/airflow/example_dags/example_sensor_decorator.py took 0.353 seconds
[2025-01-28T10:36:01.260+0000] {processor.py:186} INFO - Started process (PID=16963) to work on /mnt/c/Users/Admin/Desktop/ud_data/Dataslush_umang/airflow/airflow_venv/lib/python3.12/site-packages/airflow/example_dags/example_sensor_decorator.py
[2025-01-28T10:36:01.431+0000] {processor.py:914} INFO - Processing file /mnt/c/Users/Admin/Desktop/ud_data/Dataslush_umang/airflow/airflow_venv/lib/python3.12/site-packages/airflow/example_dags/example_sensor_decorator.py for tasks to queue
[2025-01-28T10:36:01.447+0000] {logging_mixin.py:190} INFO - [2025-01-28T10:36:01.442+0000] {dagbag.py:588} INFO - Filling up the DagBag from /mnt/c/Users/Admin/Desktop/ud_data/Dataslush_umang/airflow/airflow_venv/lib/python3.12/site-packages/airflow/example_dags/example_sensor_decorator.py
[2025-01-28T10:36:01.803+0000] {processor.py:925} INFO - DAG(s) 'example_sensor_decorator' retrieved from /mnt/c/Users/Admin/Desktop/ud_data/Dataslush_umang/airflow/airflow_venv/lib/python3.12/site-packages/airflow/example_dags/example_sensor_decorator.py
[2025-01-28T10:36:01.873+0000] {logging_mixin.py:190} INFO - [2025-01-28T10:36:01.870+0000] {dag.py:3239} INFO - Sync 1 DAGs
[2025-01-28T10:36:01.912+0000] {logging_mixin.py:190} INFO - [2025-01-28T10:36:01.909+0000] {dag.py:4180} INFO - Setting next_dagrun for example_sensor_decorator to None, run_after=None
[2025-01-28T10:36:03.048+0000] {processor.py:208} INFO - Processing /mnt/c/Users/Admin/Desktop/ud_data/Dataslush_umang/airflow/airflow_venv/lib/python3.12/site-packages/airflow/example_dags/example_sensor_decorator.py took 1.870 seconds
[2025-01-28T10:37:31.139+0000] {processor.py:186} INFO - Started process (PID=17083) to work on /mnt/c/Users/Admin/Desktop/ud_data/Dataslush_umang/airflow/airflow_venv/lib/python3.12/site-packages/airflow/example_dags/example_sensor_decorator.py
[2025-01-28T10:37:31.211+0000] {processor.py:914} INFO - Processing file /mnt/c/Users/Admin/Desktop/ud_data/Dataslush_umang/airflow/airflow_venv/lib/python3.12/site-packages/airflow/example_dags/example_sensor_decorator.py for tasks to queue
[2025-01-28T10:37:31.229+0000] {logging_mixin.py:190} INFO - [2025-01-28T10:37:31.223+0000] {dagbag.py:588} INFO - Filling up the DagBag from /mnt/c/Users/Admin/Desktop/ud_data/Dataslush_umang/airflow/airflow_venv/lib/python3.12/site-packages/airflow/example_dags/example_sensor_decorator.py
[2025-01-28T10:37:31.483+0000] {processor.py:925} INFO - DAG(s) 'example_sensor_decorator' retrieved from /mnt/c/Users/Admin/Desktop/ud_data/Dataslush_umang/airflow/airflow_venv/lib/python3.12/site-packages/airflow/example_dags/example_sensor_decorator.py
[2025-01-28T10:37:31.532+0000] {logging_mixin.py:190} INFO - [2025-01-28T10:37:31.530+0000] {dag.py:3239} INFO - Sync 1 DAGs
[2025-01-28T10:37:31.563+0000] {logging_mixin.py:190} INFO - [2025-01-28T10:37:31.560+0000] {dag.py:4180} INFO - Setting next_dagrun for example_sensor_decorator to None, run_after=None
[2025-01-28T10:38:02.679+0000] {processor.py:208} INFO - Processing /mnt/c/Users/Admin/Desktop/ud_data/Dataslush_umang/airflow/airflow_venv/lib/python3.12/site-packages/airflow/example_dags/example_sensor_decorator.py took 1.510 seconds
[2025-01-28T10:38:59.614+0000] {processor.py:186} INFO - Started process (PID=17237) to work on /mnt/c/Users/Admin/Desktop/ud_data/Dataslush_umang/airflow/airflow_venv/lib/python3.12/site-packages/airflow/example_dags/example_sensor_decorator.py
[2025-01-28T10:38:59.621+0000] {processor.py:914} INFO - Processing file /mnt/c/Users/Admin/Desktop/ud_data/Dataslush_umang/airflow/airflow_venv/lib/python3.12/site-packages/airflow/example_dags/example_sensor_decorator.py for tasks to queue
[2025-01-28T10:38:59.637+0000] {logging_mixin.py:190} INFO - [2025-01-28T10:38:59.632+0000] {dagbag.py:588} INFO - Filling up the DagBag from /mnt/c/Users/Admin/Desktop/ud_data/Dataslush_umang/airflow/airflow_venv/lib/python3.12/site-packages/airflow/example_dags/example_sensor_decorator.py
[2025-01-28T10:38:59.901+0000] {processor.py:925} INFO - DAG(s) 'example_sensor_decorator' retrieved from /mnt/c/Users/Admin/Desktop/ud_data/Dataslush_umang/airflow/airflow_venv/lib/python3.12/site-packages/airflow/example_dags/example_sensor_decorator.py
[2025-01-28T10:38:59.935+0000] {logging_mixin.py:190} INFO - [2025-01-28T10:38:59.933+0000] {dag.py:3239} INFO - Sync 1 DAGs
[2025-01-28T10:38:59.959+0000] {logging_mixin.py:190} INFO - [2025-01-28T10:38:59.956+0000] {dag.py:4180} INFO - Setting next_dagrun for example_sensor_decorator to None, run_after=None
[2025-01-28T10:39:00.005+0000] {processor.py:208} INFO - Processing /mnt/c/Users/Admin/Desktop/ud_data/Dataslush_umang/airflow/airflow_venv/lib/python3.12/site-packages/airflow/example_dags/example_sensor_decorator.py took 0.460 seconds
[2025-01-28T10:40:33.507+0000] {processor.py:186} INFO - Started process (PID=17356) to work on /mnt/c/Users/Admin/Desktop/ud_data/Dataslush_umang/airflow/airflow_venv/lib/python3.12/site-packages/airflow/example_dags/example_sensor_decorator.py
[2025-01-28T10:40:33.807+0000] {processor.py:914} INFO - Processing file /mnt/c/Users/Admin/Desktop/ud_data/Dataslush_umang/airflow/airflow_venv/lib/python3.12/site-packages/airflow/example_dags/example_sensor_decorator.py for tasks to queue
[2025-01-28T10:40:33.813+0000] {logging_mixin.py:190} INFO - [2025-01-28T10:40:33.812+0000] {dagbag.py:588} INFO - Filling up the DagBag from /mnt/c/Users/Admin/Desktop/ud_data/Dataslush_umang/airflow/airflow_venv/lib/python3.12/site-packages/airflow/example_dags/example_sensor_decorator.py
[2025-01-28T10:40:33.944+0000] {processor.py:925} INFO - DAG(s) 'example_sensor_decorator' retrieved from /mnt/c/Users/Admin/Desktop/ud_data/Dataslush_umang/airflow/airflow_venv/lib/python3.12/site-packages/airflow/example_dags/example_sensor_decorator.py
[2025-01-28T10:40:33.972+0000] {logging_mixin.py:190} INFO - [2025-01-28T10:40:33.970+0000] {dag.py:3239} INFO - Sync 1 DAGs
[2025-01-28T10:40:33.988+0000] {logging_mixin.py:190} INFO - [2025-01-28T10:40:33.987+0000] {dag.py:4180} INFO - Setting next_dagrun for example_sensor_decorator to None, run_after=None
[2025-01-28T10:40:34.249+0000] {processor.py:208} INFO - Processing /mnt/c/Users/Admin/Desktop/ud_data/Dataslush_umang/airflow/airflow_venv/lib/python3.12/site-packages/airflow/example_dags/example_sensor_decorator.py took 0.774 seconds
[2025-01-28T10:42:12.743+0000] {processor.py:186} INFO - Started process (PID=17558) to work on /mnt/c/Users/Admin/Desktop/ud_data/Dataslush_umang/airflow/airflow_venv/lib/python3.12/site-packages/airflow/example_dags/example_sensor_decorator.py
[2025-01-28T10:42:13.232+0000] {processor.py:914} INFO - Processing file /mnt/c/Users/Admin/Desktop/ud_data/Dataslush_umang/airflow/airflow_venv/lib/python3.12/site-packages/airflow/example_dags/example_sensor_decorator.py for tasks to queue
[2025-01-28T10:42:13.248+0000] {logging_mixin.py:190} INFO - [2025-01-28T10:42:13.243+0000] {dagbag.py:588} INFO - Filling up the DagBag from /mnt/c/Users/Admin/Desktop/ud_data/Dataslush_umang/airflow/airflow_venv/lib/python3.12/site-packages/airflow/example_dags/example_sensor_decorator.py
[2025-01-28T10:42:13.393+0000] {processor.py:925} INFO - DAG(s) 'example_sensor_decorator' retrieved from /mnt/c/Users/Admin/Desktop/ud_data/Dataslush_umang/airflow/airflow_venv/lib/python3.12/site-packages/airflow/example_dags/example_sensor_decorator.py
[2025-01-28T10:42:13.418+0000] {logging_mixin.py:190} INFO - [2025-01-28T10:42:13.416+0000] {dag.py:3239} INFO - Sync 1 DAGs
[2025-01-28T10:42:13.433+0000] {logging_mixin.py:190} INFO - [2025-01-28T10:42:13.431+0000] {dag.py:4180} INFO - Setting next_dagrun for example_sensor_decorator to None, run_after=None
[2025-01-28T10:42:14.226+0000] {processor.py:208} INFO - Processing /mnt/c/Users/Admin/Desktop/ud_data/Dataslush_umang/airflow/airflow_venv/lib/python3.12/site-packages/airflow/example_dags/example_sensor_decorator.py took 1.514 seconds
[2025-01-28T10:45:24.342+0000] {processor.py:186} INFO - Started process (PID=17887) to work on /mnt/c/Users/Admin/Desktop/ud_data/Dataslush_umang/airflow/airflow_venv/lib/python3.12/site-packages/airflow/example_dags/example_sensor_decorator.py
[2025-01-28T10:45:24.530+0000] {processor.py:914} INFO - Processing file /mnt/c/Users/Admin/Desktop/ud_data/Dataslush_umang/airflow/airflow_venv/lib/python3.12/site-packages/airflow/example_dags/example_sensor_decorator.py for tasks to queue
[2025-01-28T10:45:24.538+0000] {logging_mixin.py:190} INFO - [2025-01-28T10:45:24.536+0000] {dagbag.py:588} INFO - Filling up the DagBag from /mnt/c/Users/Admin/Desktop/ud_data/Dataslush_umang/airflow/airflow_venv/lib/python3.12/site-packages/airflow/example_dags/example_sensor_decorator.py
[2025-01-28T10:45:24.663+0000] {processor.py:925} INFO - DAG(s) 'example_sensor_decorator' retrieved from /mnt/c/Users/Admin/Desktop/ud_data/Dataslush_umang/airflow/airflow_venv/lib/python3.12/site-packages/airflow/example_dags/example_sensor_decorator.py
[2025-01-28T10:45:24.705+0000] {logging_mixin.py:190} INFO - [2025-01-28T10:45:24.703+0000] {dag.py:3239} INFO - Sync 1 DAGs
[2025-01-28T10:45:24.737+0000] {logging_mixin.py:190} INFO - [2025-01-28T10:45:24.735+0000] {dag.py:4180} INFO - Setting next_dagrun for example_sensor_decorator to None, run_after=None
[2025-01-28T10:45:26.272+0000] {processor.py:208} INFO - Processing /mnt/c/Users/Admin/Desktop/ud_data/Dataslush_umang/airflow/airflow_venv/lib/python3.12/site-packages/airflow/example_dags/example_sensor_decorator.py took 1.959 seconds
[2025-01-28T10:47:33.771+0000] {processor.py:186} INFO - Started process (PID=18003) to work on /mnt/c/Users/Admin/Desktop/ud_data/Dataslush_umang/airflow/airflow_venv/lib/python3.12/site-packages/airflow/example_dags/example_sensor_decorator.py
[2025-01-28T10:47:33.888+0000] {processor.py:914} INFO - Processing file /mnt/c/Users/Admin/Desktop/ud_data/Dataslush_umang/airflow/airflow_venv/lib/python3.12/site-packages/airflow/example_dags/example_sensor_decorator.py for tasks to queue
[2025-01-28T10:47:33.895+0000] {logging_mixin.py:190} INFO - [2025-01-28T10:47:33.893+0000] {dagbag.py:588} INFO - Filling up the DagBag from /mnt/c/Users/Admin/Desktop/ud_data/Dataslush_umang/airflow/airflow_venv/lib/python3.12/site-packages/airflow/example_dags/example_sensor_decorator.py
[2025-01-28T10:47:34.010+0000] {processor.py:925} INFO - DAG(s) 'example_sensor_decorator' retrieved from /mnt/c/Users/Admin/Desktop/ud_data/Dataslush_umang/airflow/airflow_venv/lib/python3.12/site-packages/airflow/example_dags/example_sensor_decorator.py
[2025-01-28T10:47:34.043+0000] {logging_mixin.py:190} INFO - [2025-01-28T10:47:34.041+0000] {dag.py:3239} INFO - Sync 1 DAGs
[2025-01-28T10:47:34.064+0000] {logging_mixin.py:190} INFO - [2025-01-28T10:47:34.063+0000] {dag.py:4180} INFO - Setting next_dagrun for example_sensor_decorator to None, run_after=None
[2025-01-28T10:47:34.720+0000] {processor.py:208} INFO - Processing /mnt/c/Users/Admin/Desktop/ud_data/Dataslush_umang/airflow/airflow_venv/lib/python3.12/site-packages/airflow/example_dags/example_sensor_decorator.py took 0.975 seconds
[2025-01-28T10:48:58.808+0000] {processor.py:186} INFO - Started process (PID=18198) to work on /mnt/c/Users/Admin/Desktop/ud_data/Dataslush_umang/airflow/airflow_venv/lib/python3.12/site-packages/airflow/example_dags/example_sensor_decorator.py
[2025-01-28T10:48:58.812+0000] {processor.py:914} INFO - Processing file /mnt/c/Users/Admin/Desktop/ud_data/Dataslush_umang/airflow/airflow_venv/lib/python3.12/site-packages/airflow/example_dags/example_sensor_decorator.py for tasks to queue
[2025-01-28T10:48:58.817+0000] {logging_mixin.py:190} INFO - [2025-01-28T10:48:58.816+0000] {dagbag.py:588} INFO - Filling up the DagBag from /mnt/c/Users/Admin/Desktop/ud_data/Dataslush_umang/airflow/airflow_venv/lib/python3.12/site-packages/airflow/example_dags/example_sensor_decorator.py
[2025-01-28T10:48:58.926+0000] {processor.py:925} INFO - DAG(s) 'example_sensor_decorator' retrieved from /mnt/c/Users/Admin/Desktop/ud_data/Dataslush_umang/airflow/airflow_venv/lib/python3.12/site-packages/airflow/example_dags/example_sensor_decorator.py
[2025-01-28T10:48:58.955+0000] {logging_mixin.py:190} INFO - [2025-01-28T10:48:58.954+0000] {dag.py:3239} INFO - Sync 1 DAGs
[2025-01-28T10:48:58.979+0000] {logging_mixin.py:190} INFO - [2025-01-28T10:48:58.978+0000] {dag.py:4180} INFO - Setting next_dagrun for example_sensor_decorator to None, run_after=None
[2025-01-28T10:48:59.020+0000] {processor.py:208} INFO - Processing /mnt/c/Users/Admin/Desktop/ud_data/Dataslush_umang/airflow/airflow_venv/lib/python3.12/site-packages/airflow/example_dags/example_sensor_decorator.py took 0.237 seconds
[2025-01-28T10:50:05.387+0000] {processor.py:186} INFO - Started process (PID=18304) to work on /mnt/c/Users/Admin/Desktop/ud_data/Dataslush_umang/airflow/airflow_venv/lib/python3.12/site-packages/airflow/example_dags/example_sensor_decorator.py
[2025-01-28T10:50:05.391+0000] {processor.py:914} INFO - Processing file /mnt/c/Users/Admin/Desktop/ud_data/Dataslush_umang/airflow/airflow_venv/lib/python3.12/site-packages/airflow/example_dags/example_sensor_decorator.py for tasks to queue
[2025-01-28T10:50:05.398+0000] {logging_mixin.py:190} INFO - [2025-01-28T10:50:05.396+0000] {dagbag.py:588} INFO - Filling up the DagBag from /mnt/c/Users/Admin/Desktop/ud_data/Dataslush_umang/airflow/airflow_venv/lib/python3.12/site-packages/airflow/example_dags/example_sensor_decorator.py
[2025-01-28T10:50:05.532+0000] {processor.py:925} INFO - DAG(s) 'example_sensor_decorator' retrieved from /mnt/c/Users/Admin/Desktop/ud_data/Dataslush_umang/airflow/airflow_venv/lib/python3.12/site-packages/airflow/example_dags/example_sensor_decorator.py
[2025-01-28T10:50:05.562+0000] {logging_mixin.py:190} INFO - [2025-01-28T10:50:05.561+0000] {dag.py:3239} INFO - Sync 1 DAGs
[2025-01-28T10:50:05.580+0000] {logging_mixin.py:190} INFO - [2025-01-28T10:50:05.578+0000] {dag.py:4180} INFO - Setting next_dagrun for example_sensor_decorator to None, run_after=None
[2025-01-28T10:50:05.741+0000] {processor.py:208} INFO - Processing /mnt/c/Users/Admin/Desktop/ud_data/Dataslush_umang/airflow/airflow_venv/lib/python3.12/site-packages/airflow/example_dags/example_sensor_decorator.py took 0.381 seconds
[2025-01-28T10:51:12.559+0000] {processor.py:186} INFO - Started process (PID=18516) to work on /mnt/c/Users/Admin/Desktop/ud_data/Dataslush_umang/airflow/airflow_venv/lib/python3.12/site-packages/airflow/example_dags/example_sensor_decorator.py
[2025-01-28T10:51:12.567+0000] {processor.py:914} INFO - Processing file /mnt/c/Users/Admin/Desktop/ud_data/Dataslush_umang/airflow/airflow_venv/lib/python3.12/site-packages/airflow/example_dags/example_sensor_decorator.py for tasks to queue
[2025-01-28T10:51:12.574+0000] {logging_mixin.py:190} INFO - [2025-01-28T10:51:12.571+0000] {dagbag.py:588} INFO - Filling up the DagBag from /mnt/c/Users/Admin/Desktop/ud_data/Dataslush_umang/airflow/airflow_venv/lib/python3.12/site-packages/airflow/example_dags/example_sensor_decorator.py
[2025-01-28T10:51:12.705+0000] {processor.py:925} INFO - DAG(s) 'example_sensor_decorator' retrieved from /mnt/c/Users/Admin/Desktop/ud_data/Dataslush_umang/airflow/airflow_venv/lib/python3.12/site-packages/airflow/example_dags/example_sensor_decorator.py
[2025-01-28T10:51:12.736+0000] {logging_mixin.py:190} INFO - [2025-01-28T10:51:12.734+0000] {dag.py:3239} INFO - Sync 1 DAGs
[2025-01-28T10:51:12.762+0000] {logging_mixin.py:190} INFO - [2025-01-28T10:51:12.761+0000] {dag.py:4180} INFO - Setting next_dagrun for example_sensor_decorator to None, run_after=None
[2025-01-28T10:51:14.959+0000] {processor.py:208} INFO - Processing /mnt/c/Users/Admin/Desktop/ud_data/Dataslush_umang/airflow/airflow_venv/lib/python3.12/site-packages/airflow/example_dags/example_sensor_decorator.py took 2.428 seconds
[2025-01-28T10:53:02.156+0000] {processor.py:186} INFO - Started process (PID=18687) to work on /mnt/c/Users/Admin/Desktop/ud_data/Dataslush_umang/airflow/airflow_venv/lib/python3.12/site-packages/airflow/example_dags/example_sensor_decorator.py
[2025-01-28T10:53:02.159+0000] {processor.py:914} INFO - Processing file /mnt/c/Users/Admin/Desktop/ud_data/Dataslush_umang/airflow/airflow_venv/lib/python3.12/site-packages/airflow/example_dags/example_sensor_decorator.py for tasks to queue
[2025-01-28T10:53:02.164+0000] {logging_mixin.py:190} INFO - [2025-01-28T10:53:02.162+0000] {dagbag.py:588} INFO - Filling up the DagBag from /mnt/c/Users/Admin/Desktop/ud_data/Dataslush_umang/airflow/airflow_venv/lib/python3.12/site-packages/airflow/example_dags/example_sensor_decorator.py
[2025-01-28T10:53:32.368+0000] {processor.py:925} INFO - DAG(s) 'example_sensor_decorator' retrieved from /mnt/c/Users/Admin/Desktop/ud_data/Dataslush_umang/airflow/airflow_venv/lib/python3.12/site-packages/airflow/example_dags/example_sensor_decorator.py
[2025-01-28T10:53:32.400+0000] {logging_mixin.py:190} INFO - [2025-01-28T10:53:32.398+0000] {dag.py:3239} INFO - Sync 1 DAGs
[2025-01-28T10:53:32.422+0000] {logging_mixin.py:190} INFO - [2025-01-28T10:53:32.421+0000] {dag.py:4180} INFO - Setting next_dagrun for example_sensor_decorator to None, run_after=None
[2025-01-28T10:53:32.606+0000] {processor.py:208} INFO - Processing /mnt/c/Users/Admin/Desktop/ud_data/Dataslush_umang/airflow/airflow_venv/lib/python3.12/site-packages/airflow/example_dags/example_sensor_decorator.py took 0.388 seconds
[2025-01-28T10:54:50.235+0000] {processor.py:186} INFO - Started process (PID=18833) to work on /mnt/c/Users/Admin/Desktop/ud_data/Dataslush_umang/airflow/airflow_venv/lib/python3.12/site-packages/airflow/example_dags/example_sensor_decorator.py
[2025-01-28T10:54:50.351+0000] {processor.py:914} INFO - Processing file /mnt/c/Users/Admin/Desktop/ud_data/Dataslush_umang/airflow/airflow_venv/lib/python3.12/site-packages/airflow/example_dags/example_sensor_decorator.py for tasks to queue
[2025-01-28T10:54:50.358+0000] {logging_mixin.py:190} INFO - [2025-01-28T10:54:50.356+0000] {dagbag.py:588} INFO - Filling up the DagBag from /mnt/c/Users/Admin/Desktop/ud_data/Dataslush_umang/airflow/airflow_venv/lib/python3.12/site-packages/airflow/example_dags/example_sensor_decorator.py
[2025-01-28T10:54:50.491+0000] {processor.py:925} INFO - DAG(s) 'example_sensor_decorator' retrieved from /mnt/c/Users/Admin/Desktop/ud_data/Dataslush_umang/airflow/airflow_venv/lib/python3.12/site-packages/airflow/example_dags/example_sensor_decorator.py
[2025-01-28T10:54:50.529+0000] {logging_mixin.py:190} INFO - [2025-01-28T10:54:50.528+0000] {dag.py:3239} INFO - Sync 1 DAGs
[2025-01-28T10:54:50.553+0000] {logging_mixin.py:190} INFO - [2025-01-28T10:54:50.552+0000] {dag.py:4180} INFO - Setting next_dagrun for example_sensor_decorator to None, run_after=None
[2025-01-28T10:54:50.722+0000] {processor.py:208} INFO - Processing /mnt/c/Users/Admin/Desktop/ud_data/Dataslush_umang/airflow/airflow_venv/lib/python3.12/site-packages/airflow/example_dags/example_sensor_decorator.py took 0.519 seconds
[2025-01-28T10:56:18.663+0000] {processor.py:186} INFO - Started process (PID=19023) to work on /mnt/c/Users/Admin/Desktop/ud_data/Dataslush_umang/airflow/airflow_venv/lib/python3.12/site-packages/airflow/example_dags/example_sensor_decorator.py
[2025-01-28T10:56:18.666+0000] {processor.py:914} INFO - Processing file /mnt/c/Users/Admin/Desktop/ud_data/Dataslush_umang/airflow/airflow_venv/lib/python3.12/site-packages/airflow/example_dags/example_sensor_decorator.py for tasks to queue
[2025-01-28T10:56:18.672+0000] {logging_mixin.py:190} INFO - [2025-01-28T10:56:18.671+0000] {dagbag.py:588} INFO - Filling up the DagBag from /mnt/c/Users/Admin/Desktop/ud_data/Dataslush_umang/airflow/airflow_venv/lib/python3.12/site-packages/airflow/example_dags/example_sensor_decorator.py
[2025-01-28T10:56:18.762+0000] {processor.py:925} INFO - DAG(s) 'example_sensor_decorator' retrieved from /mnt/c/Users/Admin/Desktop/ud_data/Dataslush_umang/airflow/airflow_venv/lib/python3.12/site-packages/airflow/example_dags/example_sensor_decorator.py
[2025-01-28T10:56:18.794+0000] {logging_mixin.py:190} INFO - [2025-01-28T10:56:18.792+0000] {dag.py:3239} INFO - Sync 1 DAGs
[2025-01-28T10:56:18.819+0000] {logging_mixin.py:190} INFO - [2025-01-28T10:56:18.818+0000] {dag.py:4180} INFO - Setting next_dagrun for example_sensor_decorator to None, run_after=None
[2025-01-28T10:56:18.864+0000] {processor.py:208} INFO - Processing /mnt/c/Users/Admin/Desktop/ud_data/Dataslush_umang/airflow/airflow_venv/lib/python3.12/site-packages/airflow/example_dags/example_sensor_decorator.py took 0.226 seconds
[2025-01-28T10:57:50.912+0000] {processor.py:186} INFO - Started process (PID=19180) to work on /mnt/c/Users/Admin/Desktop/ud_data/Dataslush_umang/airflow/airflow_venv/lib/python3.12/site-packages/airflow/example_dags/example_sensor_decorator.py
[2025-01-28T10:57:50.915+0000] {processor.py:914} INFO - Processing file /mnt/c/Users/Admin/Desktop/ud_data/Dataslush_umang/airflow/airflow_venv/lib/python3.12/site-packages/airflow/example_dags/example_sensor_decorator.py for tasks to queue
[2025-01-28T10:57:50.921+0000] {logging_mixin.py:190} INFO - [2025-01-28T10:57:50.919+0000] {dagbag.py:588} INFO - Filling up the DagBag from /mnt/c/Users/Admin/Desktop/ud_data/Dataslush_umang/airflow/airflow_venv/lib/python3.12/site-packages/airflow/example_dags/example_sensor_decorator.py
[2025-01-28T10:57:51.031+0000] {processor.py:925} INFO - DAG(s) 'example_sensor_decorator' retrieved from /mnt/c/Users/Admin/Desktop/ud_data/Dataslush_umang/airflow/airflow_venv/lib/python3.12/site-packages/airflow/example_dags/example_sensor_decorator.py
[2025-01-28T10:57:51.060+0000] {logging_mixin.py:190} INFO - [2025-01-28T10:57:51.058+0000] {dag.py:3239} INFO - Sync 1 DAGs
[2025-01-28T10:57:51.079+0000] {logging_mixin.py:190} INFO - [2025-01-28T10:57:51.077+0000] {dag.py:4180} INFO - Setting next_dagrun for example_sensor_decorator to None, run_after=None
[2025-01-28T10:57:51.127+0000] {processor.py:208} INFO - Processing /mnt/c/Users/Admin/Desktop/ud_data/Dataslush_umang/airflow/airflow_venv/lib/python3.12/site-packages/airflow/example_dags/example_sensor_decorator.py took 0.244 seconds
[2025-01-28T10:59:20.374+0000] {processor.py:186} INFO - Started process (PID=19380) to work on /mnt/c/Users/Admin/Desktop/ud_data/Dataslush_umang/airflow/airflow_venv/lib/python3.12/site-packages/airflow/example_dags/example_sensor_decorator.py
[2025-01-28T10:59:20.377+0000] {processor.py:914} INFO - Processing file /mnt/c/Users/Admin/Desktop/ud_data/Dataslush_umang/airflow/airflow_venv/lib/python3.12/site-packages/airflow/example_dags/example_sensor_decorator.py for tasks to queue
[2025-01-28T10:59:20.382+0000] {logging_mixin.py:190} INFO - [2025-01-28T10:59:20.380+0000] {dagbag.py:588} INFO - Filling up the DagBag from /mnt/c/Users/Admin/Desktop/ud_data/Dataslush_umang/airflow/airflow_venv/lib/python3.12/site-packages/airflow/example_dags/example_sensor_decorator.py
[2025-01-28T10:59:20.505+0000] {processor.py:925} INFO - DAG(s) 'example_sensor_decorator' retrieved from /mnt/c/Users/Admin/Desktop/ud_data/Dataslush_umang/airflow/airflow_venv/lib/python3.12/site-packages/airflow/example_dags/example_sensor_decorator.py
[2025-01-28T10:59:20.539+0000] {logging_mixin.py:190} INFO - [2025-01-28T10:59:20.536+0000] {dag.py:3239} INFO - Sync 1 DAGs
[2025-01-28T10:59:20.570+0000] {logging_mixin.py:190} INFO - [2025-01-28T10:59:20.568+0000] {dag.py:4180} INFO - Setting next_dagrun for example_sensor_decorator to None, run_after=None
[2025-01-28T10:59:20.628+0000] {processor.py:208} INFO - Processing /mnt/c/Users/Admin/Desktop/ud_data/Dataslush_umang/airflow/airflow_venv/lib/python3.12/site-packages/airflow/example_dags/example_sensor_decorator.py took 0.280 seconds
[2025-01-28T11:01:14.251+0000] {processor.py:186} INFO - Started process (PID=19567) to work on /mnt/c/Users/Admin/Desktop/ud_data/Dataslush_umang/airflow/airflow_venv/lib/python3.12/site-packages/airflow/example_dags/example_sensor_decorator.py
[2025-01-28T11:01:14.355+0000] {processor.py:914} INFO - Processing file /mnt/c/Users/Admin/Desktop/ud_data/Dataslush_umang/airflow/airflow_venv/lib/python3.12/site-packages/airflow/example_dags/example_sensor_decorator.py for tasks to queue
[2025-01-28T11:01:14.364+0000] {logging_mixin.py:190} INFO - [2025-01-28T11:01:14.361+0000] {dagbag.py:588} INFO - Filling up the DagBag from /mnt/c/Users/Admin/Desktop/ud_data/Dataslush_umang/airflow/airflow_venv/lib/python3.12/site-packages/airflow/example_dags/example_sensor_decorator.py
[2025-01-28T11:01:14.472+0000] {processor.py:925} INFO - DAG(s) 'example_sensor_decorator' retrieved from /mnt/c/Users/Admin/Desktop/ud_data/Dataslush_umang/airflow/airflow_venv/lib/python3.12/site-packages/airflow/example_dags/example_sensor_decorator.py
[2025-01-28T11:01:14.514+0000] {logging_mixin.py:190} INFO - [2025-01-28T11:01:14.512+0000] {dag.py:3239} INFO - Sync 1 DAGs
[2025-01-28T11:01:14.538+0000] {logging_mixin.py:190} INFO - [2025-01-28T11:01:14.536+0000] {dag.py:4180} INFO - Setting next_dagrun for example_sensor_decorator to None, run_after=None
[2025-01-28T11:01:14.624+0000] {processor.py:208} INFO - Processing /mnt/c/Users/Admin/Desktop/ud_data/Dataslush_umang/airflow/airflow_venv/lib/python3.12/site-packages/airflow/example_dags/example_sensor_decorator.py took 0.411 seconds
[2025-01-28T11:03:03.343+0000] {processor.py:186} INFO - Started process (PID=19638) to work on /mnt/c/Users/Admin/Desktop/ud_data/Dataslush_umang/airflow/airflow_venv/lib/python3.12/site-packages/airflow/example_dags/example_sensor_decorator.py
[2025-01-28T11:03:03.346+0000] {processor.py:914} INFO - Processing file /mnt/c/Users/Admin/Desktop/ud_data/Dataslush_umang/airflow/airflow_venv/lib/python3.12/site-packages/airflow/example_dags/example_sensor_decorator.py for tasks to queue
[2025-01-28T11:03:03.351+0000] {logging_mixin.py:190} INFO - [2025-01-28T11:03:03.350+0000] {dagbag.py:588} INFO - Filling up the DagBag from /mnt/c/Users/Admin/Desktop/ud_data/Dataslush_umang/airflow/airflow_venv/lib/python3.12/site-packages/airflow/example_dags/example_sensor_decorator.py
[2025-01-28T11:03:03.465+0000] {processor.py:925} INFO - DAG(s) 'example_sensor_decorator' retrieved from /mnt/c/Users/Admin/Desktop/ud_data/Dataslush_umang/airflow/airflow_venv/lib/python3.12/site-packages/airflow/example_dags/example_sensor_decorator.py
[2025-01-28T11:03:03.495+0000] {logging_mixin.py:190} INFO - [2025-01-28T11:03:03.493+0000] {dag.py:3239} INFO - Sync 1 DAGs
[2025-01-28T11:03:03.516+0000] {logging_mixin.py:190} INFO - [2025-01-28T11:03:03.515+0000] {dag.py:4180} INFO - Setting next_dagrun for example_sensor_decorator to None, run_after=None
[2025-01-28T11:03:03.566+0000] {processor.py:208} INFO - Processing /mnt/c/Users/Admin/Desktop/ud_data/Dataslush_umang/airflow/airflow_venv/lib/python3.12/site-packages/airflow/example_dags/example_sensor_decorator.py took 0.249 seconds
[2025-01-28T11:04:04.770+0000] {processor.py:186} INFO - Started process (PID=19863) to work on /mnt/c/Users/Admin/Desktop/ud_data/Dataslush_umang/airflow/airflow_venv/lib/python3.12/site-packages/airflow/example_dags/example_sensor_decorator.py
[2025-01-28T11:04:04.857+0000] {processor.py:914} INFO - Processing file /mnt/c/Users/Admin/Desktop/ud_data/Dataslush_umang/airflow/airflow_venv/lib/python3.12/site-packages/airflow/example_dags/example_sensor_decorator.py for tasks to queue
[2025-01-28T11:04:04.865+0000] {logging_mixin.py:190} INFO - [2025-01-28T11:04:04.863+0000] {dagbag.py:588} INFO - Filling up the DagBag from /mnt/c/Users/Admin/Desktop/ud_data/Dataslush_umang/airflow/airflow_venv/lib/python3.12/site-packages/airflow/example_dags/example_sensor_decorator.py
[2025-01-28T11:04:05.000+0000] {processor.py:925} INFO - DAG(s) 'example_sensor_decorator' retrieved from /mnt/c/Users/Admin/Desktop/ud_data/Dataslush_umang/airflow/airflow_venv/lib/python3.12/site-packages/airflow/example_dags/example_sensor_decorator.py
[2025-01-28T11:04:05.028+0000] {logging_mixin.py:190} INFO - [2025-01-28T11:04:05.026+0000] {dag.py:3239} INFO - Sync 1 DAGs
[2025-01-28T11:04:05.068+0000] {logging_mixin.py:190} INFO - [2025-01-28T11:04:05.066+0000] {dag.py:4180} INFO - Setting next_dagrun for example_sensor_decorator to None, run_after=None
[2025-01-28T11:04:05.356+0000] {processor.py:208} INFO - Processing /mnt/c/Users/Admin/Desktop/ud_data/Dataslush_umang/airflow/airflow_venv/lib/python3.12/site-packages/airflow/example_dags/example_sensor_decorator.py took 0.615 seconds
[2025-01-28T11:05:38.260+0000] {processor.py:186} INFO - Started process (PID=19989) to work on /mnt/c/Users/Admin/Desktop/ud_data/Dataslush_umang/airflow/airflow_venv/lib/python3.12/site-packages/airflow/example_dags/example_sensor_decorator.py
[2025-01-28T11:05:38.264+0000] {processor.py:914} INFO - Processing file /mnt/c/Users/Admin/Desktop/ud_data/Dataslush_umang/airflow/airflow_venv/lib/python3.12/site-packages/airflow/example_dags/example_sensor_decorator.py for tasks to queue
[2025-01-28T11:05:38.270+0000] {logging_mixin.py:190} INFO - [2025-01-28T11:05:38.269+0000] {dagbag.py:588} INFO - Filling up the DagBag from /mnt/c/Users/Admin/Desktop/ud_data/Dataslush_umang/airflow/airflow_venv/lib/python3.12/site-packages/airflow/example_dags/example_sensor_decorator.py
[2025-01-28T11:05:38.387+0000] {processor.py:925} INFO - DAG(s) 'example_sensor_decorator' retrieved from /mnt/c/Users/Admin/Desktop/ud_data/Dataslush_umang/airflow/airflow_venv/lib/python3.12/site-packages/airflow/example_dags/example_sensor_decorator.py
[2025-01-28T11:05:38.415+0000] {logging_mixin.py:190} INFO - [2025-01-28T11:05:38.414+0000] {dag.py:3239} INFO - Sync 1 DAGs
[2025-01-28T11:05:38.433+0000] {logging_mixin.py:190} INFO - [2025-01-28T11:05:38.432+0000] {dag.py:4180} INFO - Setting next_dagrun for example_sensor_decorator to None, run_after=None
[2025-01-28T11:05:38.476+0000] {processor.py:208} INFO - Processing /mnt/c/Users/Admin/Desktop/ud_data/Dataslush_umang/airflow/airflow_venv/lib/python3.12/site-packages/airflow/example_dags/example_sensor_decorator.py took 0.246 seconds
[2025-01-28T11:07:48.541+0000] {processor.py:186} INFO - Started process (PID=20148) to work on /mnt/c/Users/Admin/Desktop/ud_data/Dataslush_umang/airflow/airflow_venv/lib/python3.12/site-packages/airflow/example_dags/example_sensor_decorator.py
[2025-01-28T11:07:48.544+0000] {processor.py:914} INFO - Processing file /mnt/c/Users/Admin/Desktop/ud_data/Dataslush_umang/airflow/airflow_venv/lib/python3.12/site-packages/airflow/example_dags/example_sensor_decorator.py for tasks to queue
[2025-01-28T11:07:48.549+0000] {logging_mixin.py:190} INFO - [2025-01-28T11:07:48.548+0000] {dagbag.py:588} INFO - Filling up the DagBag from /mnt/c/Users/Admin/Desktop/ud_data/Dataslush_umang/airflow/airflow_venv/lib/python3.12/site-packages/airflow/example_dags/example_sensor_decorator.py
[2025-01-28T11:07:48.663+0000] {processor.py:925} INFO - DAG(s) 'example_sensor_decorator' retrieved from /mnt/c/Users/Admin/Desktop/ud_data/Dataslush_umang/airflow/airflow_venv/lib/python3.12/site-packages/airflow/example_dags/example_sensor_decorator.py
[2025-01-28T11:07:48.697+0000] {logging_mixin.py:190} INFO - [2025-01-28T11:07:48.695+0000] {dag.py:3239} INFO - Sync 1 DAGs
[2025-01-28T11:07:48.717+0000] {logging_mixin.py:190} INFO - [2025-01-28T11:07:48.716+0000] {dag.py:4180} INFO - Setting next_dagrun for example_sensor_decorator to None, run_after=None
[2025-01-28T11:08:18.881+0000] {processor.py:208} INFO - Processing /mnt/c/Users/Admin/Desktop/ud_data/Dataslush_umang/airflow/airflow_venv/lib/python3.12/site-packages/airflow/example_dags/example_sensor_decorator.py took 0.291 seconds
[2025-01-28T11:10:31.393+0000] {processor.py:186} INFO - Started process (PID=20462) to work on /mnt/c/Users/Admin/Desktop/ud_data/Dataslush_umang/airflow/airflow_venv/lib/python3.12/site-packages/airflow/example_dags/example_sensor_decorator.py
[2025-01-28T11:10:31.396+0000] {processor.py:914} INFO - Processing file /mnt/c/Users/Admin/Desktop/ud_data/Dataslush_umang/airflow/airflow_venv/lib/python3.12/site-packages/airflow/example_dags/example_sensor_decorator.py for tasks to queue
[2025-01-28T11:10:31.401+0000] {logging_mixin.py:190} INFO - [2025-01-28T11:10:31.399+0000] {dagbag.py:588} INFO - Filling up the DagBag from /mnt/c/Users/Admin/Desktop/ud_data/Dataslush_umang/airflow/airflow_venv/lib/python3.12/site-packages/airflow/example_dags/example_sensor_decorator.py
[2025-01-28T11:10:31.494+0000] {processor.py:925} INFO - DAG(s) 'example_sensor_decorator' retrieved from /mnt/c/Users/Admin/Desktop/ud_data/Dataslush_umang/airflow/airflow_venv/lib/python3.12/site-packages/airflow/example_dags/example_sensor_decorator.py
[2025-01-28T11:10:31.522+0000] {logging_mixin.py:190} INFO - [2025-01-28T11:10:31.521+0000] {dag.py:3239} INFO - Sync 1 DAGs
[2025-01-28T11:10:31.541+0000] {logging_mixin.py:190} INFO - [2025-01-28T11:10:31.540+0000] {dag.py:4180} INFO - Setting next_dagrun for example_sensor_decorator to None, run_after=None
[2025-01-28T11:10:31.592+0000] {processor.py:208} INFO - Processing /mnt/c/Users/Admin/Desktop/ud_data/Dataslush_umang/airflow/airflow_venv/lib/python3.12/site-packages/airflow/example_dags/example_sensor_decorator.py took 0.220 seconds
[2025-01-28T11:11:45.147+0000] {processor.py:186} INFO - Started process (PID=20553) to work on /mnt/c/Users/Admin/Desktop/ud_data/Dataslush_umang/airflow/airflow_venv/lib/python3.12/site-packages/airflow/example_dags/example_sensor_decorator.py
[2025-01-28T11:11:45.272+0000] {processor.py:914} INFO - Processing file /mnt/c/Users/Admin/Desktop/ud_data/Dataslush_umang/airflow/airflow_venv/lib/python3.12/site-packages/airflow/example_dags/example_sensor_decorator.py for tasks to queue
[2025-01-28T11:11:45.281+0000] {logging_mixin.py:190} INFO - [2025-01-28T11:11:45.278+0000] {dagbag.py:588} INFO - Filling up the DagBag from /mnt/c/Users/Admin/Desktop/ud_data/Dataslush_umang/airflow/airflow_venv/lib/python3.12/site-packages/airflow/example_dags/example_sensor_decorator.py
[2025-01-28T11:11:45.404+0000] {processor.py:925} INFO - DAG(s) 'example_sensor_decorator' retrieved from /mnt/c/Users/Admin/Desktop/ud_data/Dataslush_umang/airflow/airflow_venv/lib/python3.12/site-packages/airflow/example_dags/example_sensor_decorator.py
[2025-01-28T11:11:45.434+0000] {logging_mixin.py:190} INFO - [2025-01-28T11:11:45.432+0000] {dag.py:3239} INFO - Sync 1 DAGs
[2025-01-28T11:11:45.457+0000] {logging_mixin.py:190} INFO - [2025-01-28T11:11:45.456+0000] {dag.py:4180} INFO - Setting next_dagrun for example_sensor_decorator to None, run_after=None
[2025-01-28T11:11:45.647+0000] {processor.py:208} INFO - Processing /mnt/c/Users/Admin/Desktop/ud_data/Dataslush_umang/airflow/airflow_venv/lib/python3.12/site-packages/airflow/example_dags/example_sensor_decorator.py took 0.527 seconds
[2025-01-28T11:13:54.439+0000] {processor.py:186} INFO - Started process (PID=20665) to work on /mnt/c/Users/Admin/Desktop/ud_data/Dataslush_umang/airflow/airflow_venv/lib/python3.12/site-packages/airflow/example_dags/example_sensor_decorator.py
[2025-01-28T11:13:54.443+0000] {processor.py:914} INFO - Processing file /mnt/c/Users/Admin/Desktop/ud_data/Dataslush_umang/airflow/airflow_venv/lib/python3.12/site-packages/airflow/example_dags/example_sensor_decorator.py for tasks to queue
[2025-01-28T11:13:54.450+0000] {logging_mixin.py:190} INFO - [2025-01-28T11:13:54.448+0000] {dagbag.py:588} INFO - Filling up the DagBag from /mnt/c/Users/Admin/Desktop/ud_data/Dataslush_umang/airflow/airflow_venv/lib/python3.12/site-packages/airflow/example_dags/example_sensor_decorator.py
[2025-01-28T11:13:54.581+0000] {processor.py:925} INFO - DAG(s) 'example_sensor_decorator' retrieved from /mnt/c/Users/Admin/Desktop/ud_data/Dataslush_umang/airflow/airflow_venv/lib/python3.12/site-packages/airflow/example_dags/example_sensor_decorator.py
[2025-01-28T11:13:54.610+0000] {logging_mixin.py:190} INFO - [2025-01-28T11:13:54.608+0000] {dag.py:3239} INFO - Sync 1 DAGs
[2025-01-28T11:13:54.630+0000] {logging_mixin.py:190} INFO - [2025-01-28T11:13:54.629+0000] {dag.py:4180} INFO - Setting next_dagrun for example_sensor_decorator to None, run_after=None
[2025-01-28T11:13:54.674+0000] {processor.py:208} INFO - Processing /mnt/c/Users/Admin/Desktop/ud_data/Dataslush_umang/airflow/airflow_venv/lib/python3.12/site-packages/airflow/example_dags/example_sensor_decorator.py took 0.264 seconds
