[2025-01-28T10:12:43.920+0000] {processor.py:186} INFO - Started process (PID=14761) to work on /mnt/c/Users/Admin/Desktop/ud_data/Dataslush_umang/airflow/airflow_venv/lib/python3.12/site-packages/airflow/example_dags/example_python_decorator.py
[2025-01-28T10:12:43.922+0000] {processor.py:914} INFO - Processing file /mnt/c/Users/Admin/Desktop/ud_data/Dataslush_umang/airflow/airflow_venv/lib/python3.12/site-packages/airflow/example_dags/example_python_decorator.py for tasks to queue
[2025-01-28T10:12:43.927+0000] {logging_mixin.py:190} INFO - [2025-01-28T10:12:43.926+0000] {dagbag.py:588} INFO - Filling up the DagBag from /mnt/c/Users/Admin/Desktop/ud_data/Dataslush_umang/airflow/airflow_venv/lib/python3.12/site-packages/airflow/example_dags/example_python_decorator.py
[2025-01-28T10:12:44.079+0000] {processor.py:925} INFO - DAG(s) 'example_python_decorator' retrieved from /mnt/c/Users/Admin/Desktop/ud_data/Dataslush_umang/airflow/airflow_venv/lib/python3.12/site-packages/airflow/example_dags/example_python_decorator.py
[2025-01-28T10:12:45.719+0000] {logging_mixin.py:190} INFO - [2025-01-28T10:12:45.717+0000] {override.py:1912} INFO - Created Permission View: can edit on DAG:example_python_decorator
[2025-01-28T10:12:45.752+0000] {logging_mixin.py:190} INFO - [2025-01-28T10:12:45.750+0000] {override.py:1912} INFO - Created Permission View: can read on DAG:example_python_decorator
[2025-01-28T10:12:45.780+0000] {logging_mixin.py:190} INFO - [2025-01-28T10:12:45.779+0000] {override.py:1912} INFO - Created Permission View: can delete on DAG:example_python_decorator
[2025-01-28T10:12:45.822+0000] {logging_mixin.py:190} INFO - [2025-01-28T10:12:45.820+0000] {override.py:1912} INFO - Created Permission View: can create on DAG Run:example_python_decorator
[2025-01-28T10:12:45.850+0000] {logging_mixin.py:190} INFO - [2025-01-28T10:12:45.848+0000] {override.py:1912} INFO - Created Permission View: menu access on DAG Run:example_python_decorator
[2025-01-28T10:12:45.939+0000] {logging_mixin.py:190} INFO - [2025-01-28T10:12:45.936+0000] {override.py:1912} INFO - Created Permission View: can read on DAG Run:example_python_decorator
[2025-01-28T10:12:45.965+0000] {logging_mixin.py:190} INFO - [2025-01-28T10:12:45.963+0000] {override.py:1912} INFO - Created Permission View: can delete on DAG Run:example_python_decorator
[2025-01-28T10:12:45.967+0000] {logging_mixin.py:190} INFO - [2025-01-28T10:12:45.966+0000] {dag.py:3239} INFO - Sync 1 DAGs
[2025-01-28T10:12:45.987+0000] {logging_mixin.py:190} INFO - [2025-01-28T10:12:45.986+0000] {dag.py:3262} INFO - Creating ORM DAG for example_python_decorator
[2025-01-28T10:12:45.991+0000] {logging_mixin.py:190} INFO - [2025-01-28T10:12:45.989+0000] {dag.py:4180} INFO - Setting next_dagrun for example_python_decorator to None, run_after=None
[2025-01-28T10:12:46.056+0000] {processor.py:208} INFO - Processing /mnt/c/Users/Admin/Desktop/ud_data/Dataslush_umang/airflow/airflow_venv/lib/python3.12/site-packages/airflow/example_dags/example_python_decorator.py took 2.157 seconds
[2025-01-28T10:15:17.031+0000] {processor.py:186} INFO - Started process (PID=14982) to work on /mnt/c/Users/Admin/Desktop/ud_data/Dataslush_umang/airflow/airflow_venv/lib/python3.12/site-packages/airflow/example_dags/example_python_decorator.py
[2025-01-28T10:15:17.034+0000] {processor.py:914} INFO - Processing file /mnt/c/Users/Admin/Desktop/ud_data/Dataslush_umang/airflow/airflow_venv/lib/python3.12/site-packages/airflow/example_dags/example_python_decorator.py for tasks to queue
[2025-01-28T10:15:17.040+0000] {logging_mixin.py:190} INFO - [2025-01-28T10:15:17.038+0000] {dagbag.py:588} INFO - Filling up the DagBag from /mnt/c/Users/Admin/Desktop/ud_data/Dataslush_umang/airflow/airflow_venv/lib/python3.12/site-packages/airflow/example_dags/example_python_decorator.py
[2025-01-28T10:15:17.164+0000] {processor.py:925} INFO - DAG(s) 'example_python_decorator' retrieved from /mnt/c/Users/Admin/Desktop/ud_data/Dataslush_umang/airflow/airflow_venv/lib/python3.12/site-packages/airflow/example_dags/example_python_decorator.py
[2025-01-28T10:15:17.191+0000] {logging_mixin.py:190} INFO - [2025-01-28T10:15:17.189+0000] {dag.py:3239} INFO - Sync 1 DAGs
[2025-01-28T10:15:17.205+0000] {logging_mixin.py:190} INFO - [2025-01-28T10:15:17.203+0000] {dag.py:4180} INFO - Setting next_dagrun for example_python_decorator to None, run_after=None
[2025-01-28T10:15:17.247+0000] {processor.py:208} INFO - Processing /mnt/c/Users/Admin/Desktop/ud_data/Dataslush_umang/airflow/airflow_venv/lib/python3.12/site-packages/airflow/example_dags/example_python_decorator.py took 0.236 seconds
[2025-01-28T10:16:57.058+0000] {processor.py:186} INFO - Started process (PID=15169) to work on /mnt/c/Users/Admin/Desktop/ud_data/Dataslush_umang/airflow/airflow_venv/lib/python3.12/site-packages/airflow/example_dags/example_python_decorator.py
[2025-01-28T10:16:57.061+0000] {processor.py:914} INFO - Processing file /mnt/c/Users/Admin/Desktop/ud_data/Dataslush_umang/airflow/airflow_venv/lib/python3.12/site-packages/airflow/example_dags/example_python_decorator.py for tasks to queue
[2025-01-28T10:16:57.067+0000] {logging_mixin.py:190} INFO - [2025-01-28T10:16:57.064+0000] {dagbag.py:588} INFO - Filling up the DagBag from /mnt/c/Users/Admin/Desktop/ud_data/Dataslush_umang/airflow/airflow_venv/lib/python3.12/site-packages/airflow/example_dags/example_python_decorator.py
[2025-01-28T10:16:57.217+0000] {processor.py:925} INFO - DAG(s) 'example_python_decorator' retrieved from /mnt/c/Users/Admin/Desktop/ud_data/Dataslush_umang/airflow/airflow_venv/lib/python3.12/site-packages/airflow/example_dags/example_python_decorator.py
[2025-01-28T10:16:57.250+0000] {logging_mixin.py:190} INFO - [2025-01-28T10:16:57.248+0000] {dag.py:3239} INFO - Sync 1 DAGs
[2025-01-28T10:16:57.265+0000] {logging_mixin.py:190} INFO - [2025-01-28T10:16:57.263+0000] {dag.py:4180} INFO - Setting next_dagrun for example_python_decorator to None, run_after=None
[2025-01-28T10:16:57.305+0000] {processor.py:208} INFO - Processing /mnt/c/Users/Admin/Desktop/ud_data/Dataslush_umang/airflow/airflow_venv/lib/python3.12/site-packages/airflow/example_dags/example_python_decorator.py took 0.271 seconds
[2025-01-28T10:18:21.542+0000] {processor.py:186} INFO - Started process (PID=15320) to work on /mnt/c/Users/Admin/Desktop/ud_data/Dataslush_umang/airflow/airflow_venv/lib/python3.12/site-packages/airflow/example_dags/example_python_decorator.py
[2025-01-28T10:18:22.034+0000] {processor.py:914} INFO - Processing file /mnt/c/Users/Admin/Desktop/ud_data/Dataslush_umang/airflow/airflow_venv/lib/python3.12/site-packages/airflow/example_dags/example_python_decorator.py for tasks to queue
[2025-01-28T10:18:22.061+0000] {logging_mixin.py:190} INFO - [2025-01-28T10:18:22.046+0000] {dagbag.py:588} INFO - Filling up the DagBag from /mnt/c/Users/Admin/Desktop/ud_data/Dataslush_umang/airflow/airflow_venv/lib/python3.12/site-packages/airflow/example_dags/example_python_decorator.py
[2025-01-28T10:18:22.385+0000] {processor.py:925} INFO - DAG(s) 'example_python_decorator' retrieved from /mnt/c/Users/Admin/Desktop/ud_data/Dataslush_umang/airflow/airflow_venv/lib/python3.12/site-packages/airflow/example_dags/example_python_decorator.py
[2025-01-28T10:18:22.418+0000] {logging_mixin.py:190} INFO - [2025-01-28T10:18:22.411+0000] {dag.py:3239} INFO - Sync 1 DAGs
[2025-01-28T10:18:22.436+0000] {logging_mixin.py:190} INFO - [2025-01-28T10:18:22.434+0000] {dag.py:4180} INFO - Setting next_dagrun for example_python_decorator to None, run_after=None
[2025-01-28T10:18:23.169+0000] {processor.py:208} INFO - Processing /mnt/c/Users/Admin/Desktop/ud_data/Dataslush_umang/airflow/airflow_venv/lib/python3.12/site-packages/airflow/example_dags/example_python_decorator.py took 1.680 seconds
[2025-01-28T10:21:31.608+0000] {processor.py:186} INFO - Started process (PID=15563) to work on /mnt/c/Users/Admin/Desktop/ud_data/Dataslush_umang/airflow/airflow_venv/lib/python3.12/site-packages/airflow/example_dags/example_python_decorator.py
[2025-01-28T10:21:31.616+0000] {processor.py:914} INFO - Processing file /mnt/c/Users/Admin/Desktop/ud_data/Dataslush_umang/airflow/airflow_venv/lib/python3.12/site-packages/airflow/example_dags/example_python_decorator.py for tasks to queue
[2025-01-28T10:21:31.631+0000] {logging_mixin.py:190} INFO - [2025-01-28T10:21:31.626+0000] {dagbag.py:588} INFO - Filling up the DagBag from /mnt/c/Users/Admin/Desktop/ud_data/Dataslush_umang/airflow/airflow_venv/lib/python3.12/site-packages/airflow/example_dags/example_python_decorator.py
[2025-01-28T10:21:01.892+0000] {processor.py:925} INFO - DAG(s) 'example_python_decorator' retrieved from /mnt/c/Users/Admin/Desktop/ud_data/Dataslush_umang/airflow/airflow_venv/lib/python3.12/site-packages/airflow/example_dags/example_python_decorator.py
[2025-01-28T10:21:01.922+0000] {logging_mixin.py:190} INFO - [2025-01-28T10:21:01.921+0000] {dag.py:3239} INFO - Sync 1 DAGs
[2025-01-28T10:21:01.940+0000] {logging_mixin.py:190} INFO - [2025-01-28T10:21:01.938+0000] {dag.py:4180} INFO - Setting next_dagrun for example_python_decorator to None, run_after=None
[2025-01-28T10:21:02.819+0000] {processor.py:208} INFO - Processing /mnt/c/Users/Admin/Desktop/ud_data/Dataslush_umang/airflow/airflow_venv/lib/python3.12/site-packages/airflow/example_dags/example_python_decorator.py took 1.371 seconds
[2025-01-28T10:22:23.505+0000] {processor.py:186} INFO - Started process (PID=15673) to work on /mnt/c/Users/Admin/Desktop/ud_data/Dataslush_umang/airflow/airflow_venv/lib/python3.12/site-packages/airflow/example_dags/example_python_decorator.py
[2025-01-28T10:22:23.507+0000] {processor.py:914} INFO - Processing file /mnt/c/Users/Admin/Desktop/ud_data/Dataslush_umang/airflow/airflow_venv/lib/python3.12/site-packages/airflow/example_dags/example_python_decorator.py for tasks to queue
[2025-01-28T10:22:23.513+0000] {logging_mixin.py:190} INFO - [2025-01-28T10:22:23.511+0000] {dagbag.py:588} INFO - Filling up the DagBag from /mnt/c/Users/Admin/Desktop/ud_data/Dataslush_umang/airflow/airflow_venv/lib/python3.12/site-packages/airflow/example_dags/example_python_decorator.py
[2025-01-28T10:22:23.656+0000] {processor.py:925} INFO - DAG(s) 'example_python_decorator' retrieved from /mnt/c/Users/Admin/Desktop/ud_data/Dataslush_umang/airflow/airflow_venv/lib/python3.12/site-packages/airflow/example_dags/example_python_decorator.py
[2025-01-28T10:22:23.683+0000] {logging_mixin.py:190} INFO - [2025-01-28T10:22:23.682+0000] {dag.py:3239} INFO - Sync 1 DAGs
[2025-01-28T10:22:23.698+0000] {logging_mixin.py:190} INFO - [2025-01-28T10:22:23.696+0000] {dag.py:4180} INFO - Setting next_dagrun for example_python_decorator to None, run_after=None
[2025-01-28T10:22:54.050+0000] {processor.py:208} INFO - Processing /mnt/c/Users/Admin/Desktop/ud_data/Dataslush_umang/airflow/airflow_venv/lib/python3.12/site-packages/airflow/example_dags/example_python_decorator.py took 0.474 seconds
[2025-01-28T10:24:07.744+0000] {processor.py:186} INFO - Started process (PID=15840) to work on /mnt/c/Users/Admin/Desktop/ud_data/Dataslush_umang/airflow/airflow_venv/lib/python3.12/site-packages/airflow/example_dags/example_python_decorator.py
[2025-01-28T10:24:07.748+0000] {processor.py:914} INFO - Processing file /mnt/c/Users/Admin/Desktop/ud_data/Dataslush_umang/airflow/airflow_venv/lib/python3.12/site-packages/airflow/example_dags/example_python_decorator.py for tasks to queue
[2025-01-28T10:24:07.892+0000] {logging_mixin.py:190} INFO - [2025-01-28T10:24:07.890+0000] {dagbag.py:588} INFO - Filling up the DagBag from /mnt/c/Users/Admin/Desktop/ud_data/Dataslush_umang/airflow/airflow_venv/lib/python3.12/site-packages/airflow/example_dags/example_python_decorator.py
[2025-01-28T10:24:08.050+0000] {processor.py:925} INFO - DAG(s) 'example_python_decorator' retrieved from /mnt/c/Users/Admin/Desktop/ud_data/Dataslush_umang/airflow/airflow_venv/lib/python3.12/site-packages/airflow/example_dags/example_python_decorator.py
[2025-01-28T10:24:08.077+0000] {logging_mixin.py:190} INFO - [2025-01-28T10:24:08.075+0000] {dag.py:3239} INFO - Sync 1 DAGs
[2025-01-28T10:24:08.091+0000] {logging_mixin.py:190} INFO - [2025-01-28T10:24:08.089+0000] {dag.py:4180} INFO - Setting next_dagrun for example_python_decorator to None, run_after=None
[2025-01-28T10:24:08.132+0000] {processor.py:208} INFO - Processing /mnt/c/Users/Admin/Desktop/ud_data/Dataslush_umang/airflow/airflow_venv/lib/python3.12/site-packages/airflow/example_dags/example_python_decorator.py took 0.421 seconds
[2025-01-28T10:25:42.525+0000] {processor.py:186} INFO - Started process (PID=16062) to work on /mnt/c/Users/Admin/Desktop/ud_data/Dataslush_umang/airflow/airflow_venv/lib/python3.12/site-packages/airflow/example_dags/example_python_decorator.py
[2025-01-28T10:25:42.612+0000] {processor.py:914} INFO - Processing file /mnt/c/Users/Admin/Desktop/ud_data/Dataslush_umang/airflow/airflow_venv/lib/python3.12/site-packages/airflow/example_dags/example_python_decorator.py for tasks to queue
[2025-01-28T10:25:42.622+0000] {logging_mixin.py:190} INFO - [2025-01-28T10:25:42.617+0000] {dagbag.py:588} INFO - Filling up the DagBag from /mnt/c/Users/Admin/Desktop/ud_data/Dataslush_umang/airflow/airflow_venv/lib/python3.12/site-packages/airflow/example_dags/example_python_decorator.py
[2025-01-28T10:25:42.979+0000] {processor.py:925} INFO - DAG(s) 'example_python_decorator' retrieved from /mnt/c/Users/Admin/Desktop/ud_data/Dataslush_umang/airflow/airflow_venv/lib/python3.12/site-packages/airflow/example_dags/example_python_decorator.py
[2025-01-28T10:25:43.041+0000] {logging_mixin.py:190} INFO - [2025-01-28T10:25:43.038+0000] {dag.py:3239} INFO - Sync 1 DAGs
[2025-01-28T10:25:43.084+0000] {logging_mixin.py:190} INFO - [2025-01-28T10:25:43.082+0000] {dag.py:4180} INFO - Setting next_dagrun for example_python_decorator to None, run_after=None
[2025-01-28T10:25:43.286+0000] {processor.py:208} INFO - Processing /mnt/c/Users/Admin/Desktop/ud_data/Dataslush_umang/airflow/airflow_venv/lib/python3.12/site-packages/airflow/example_dags/example_python_decorator.py took 0.788 seconds
[2025-01-28T10:28:27.704+0000] {processor.py:186} INFO - Started process (PID=16312) to work on /mnt/c/Users/Admin/Desktop/ud_data/Dataslush_umang/airflow/airflow_venv/lib/python3.12/site-packages/airflow/example_dags/example_python_decorator.py
[2025-01-28T10:28:27.710+0000] {processor.py:914} INFO - Processing file /mnt/c/Users/Admin/Desktop/ud_data/Dataslush_umang/airflow/airflow_venv/lib/python3.12/site-packages/airflow/example_dags/example_python_decorator.py for tasks to queue
[2025-01-28T10:28:27.724+0000] {logging_mixin.py:190} INFO - [2025-01-28T10:28:27.720+0000] {dagbag.py:588} INFO - Filling up the DagBag from /mnt/c/Users/Admin/Desktop/ud_data/Dataslush_umang/airflow/airflow_venv/lib/python3.12/site-packages/airflow/example_dags/example_python_decorator.py
[2025-01-28T10:28:28.043+0000] {processor.py:925} INFO - DAG(s) 'example_python_decorator' retrieved from /mnt/c/Users/Admin/Desktop/ud_data/Dataslush_umang/airflow/airflow_venv/lib/python3.12/site-packages/airflow/example_dags/example_python_decorator.py
[2025-01-28T10:28:28.089+0000] {logging_mixin.py:190} INFO - [2025-01-28T10:28:28.087+0000] {dag.py:3239} INFO - Sync 1 DAGs
[2025-01-28T10:28:28.108+0000] {logging_mixin.py:190} INFO - [2025-01-28T10:28:28.106+0000] {dag.py:4180} INFO - Setting next_dagrun for example_python_decorator to None, run_after=None
[2025-01-28T10:28:28.149+0000] {processor.py:208} INFO - Processing /mnt/c/Users/Admin/Desktop/ud_data/Dataslush_umang/airflow/airflow_venv/lib/python3.12/site-packages/airflow/example_dags/example_python_decorator.py took 0.511 seconds
[2025-01-28T10:29:50.386+0000] {processor.py:186} INFO - Started process (PID=16390) to work on /mnt/c/Users/Admin/Desktop/ud_data/Dataslush_umang/airflow/airflow_venv/lib/python3.12/site-packages/airflow/example_dags/example_python_decorator.py
[2025-01-28T10:29:50.712+0000] {processor.py:914} INFO - Processing file /mnt/c/Users/Admin/Desktop/ud_data/Dataslush_umang/airflow/airflow_venv/lib/python3.12/site-packages/airflow/example_dags/example_python_decorator.py for tasks to queue
[2025-01-28T10:29:50.729+0000] {logging_mixin.py:190} INFO - [2025-01-28T10:29:50.724+0000] {dagbag.py:588} INFO - Filling up the DagBag from /mnt/c/Users/Admin/Desktop/ud_data/Dataslush_umang/airflow/airflow_venv/lib/python3.12/site-packages/airflow/example_dags/example_python_decorator.py
[2025-01-28T10:29:51.143+0000] {processor.py:925} INFO - DAG(s) 'example_python_decorator' retrieved from /mnt/c/Users/Admin/Desktop/ud_data/Dataslush_umang/airflow/airflow_venv/lib/python3.12/site-packages/airflow/example_dags/example_python_decorator.py
[2025-01-28T10:29:51.206+0000] {logging_mixin.py:190} INFO - [2025-01-28T10:29:51.203+0000] {dag.py:3239} INFO - Sync 1 DAGs
[2025-01-28T10:29:51.234+0000] {logging_mixin.py:190} INFO - [2025-01-28T10:29:51.232+0000] {dag.py:4180} INFO - Setting next_dagrun for example_python_decorator to None, run_after=None
[2025-01-28T10:29:51.902+0000] {processor.py:208} INFO - Processing /mnt/c/Users/Admin/Desktop/ud_data/Dataslush_umang/airflow/airflow_venv/lib/python3.12/site-packages/airflow/example_dags/example_python_decorator.py took 1.601 seconds
[2025-01-28T10:32:07.263+0000] {processor.py:186} INFO - Started process (PID=16621) to work on /mnt/c/Users/Admin/Desktop/ud_data/Dataslush_umang/airflow/airflow_venv/lib/python3.12/site-packages/airflow/example_dags/example_python_decorator.py
[2025-01-28T10:32:07.270+0000] {processor.py:914} INFO - Processing file /mnt/c/Users/Admin/Desktop/ud_data/Dataslush_umang/airflow/airflow_venv/lib/python3.12/site-packages/airflow/example_dags/example_python_decorator.py for tasks to queue
[2025-01-28T10:32:07.285+0000] {logging_mixin.py:190} INFO - [2025-01-28T10:32:07.281+0000] {dagbag.py:588} INFO - Filling up the DagBag from /mnt/c/Users/Admin/Desktop/ud_data/Dataslush_umang/airflow/airflow_venv/lib/python3.12/site-packages/airflow/example_dags/example_python_decorator.py
[2025-01-28T10:32:07.693+0000] {processor.py:925} INFO - DAG(s) 'example_python_decorator' retrieved from /mnt/c/Users/Admin/Desktop/ud_data/Dataslush_umang/airflow/airflow_venv/lib/python3.12/site-packages/airflow/example_dags/example_python_decorator.py
[2025-01-28T10:32:07.752+0000] {logging_mixin.py:190} INFO - [2025-01-28T10:32:07.750+0000] {dag.py:3239} INFO - Sync 1 DAGs
[2025-01-28T10:32:07.771+0000] {logging_mixin.py:190} INFO - [2025-01-28T10:32:07.769+0000] {dag.py:4180} INFO - Setting next_dagrun for example_python_decorator to None, run_after=None
[2025-01-28T10:32:07.816+0000] {processor.py:208} INFO - Processing /mnt/c/Users/Admin/Desktop/ud_data/Dataslush_umang/airflow/airflow_venv/lib/python3.12/site-packages/airflow/example_dags/example_python_decorator.py took 0.621 seconds
[2025-01-28T10:33:28.413+0000] {processor.py:186} INFO - Started process (PID=16728) to work on /mnt/c/Users/Admin/Desktop/ud_data/Dataslush_umang/airflow/airflow_venv/lib/python3.12/site-packages/airflow/example_dags/example_python_decorator.py
[2025-01-28T10:33:28.416+0000] {processor.py:914} INFO - Processing file /mnt/c/Users/Admin/Desktop/ud_data/Dataslush_umang/airflow/airflow_venv/lib/python3.12/site-packages/airflow/example_dags/example_python_decorator.py for tasks to queue
[2025-01-28T10:33:28.421+0000] {logging_mixin.py:190} INFO - [2025-01-28T10:33:28.420+0000] {dagbag.py:588} INFO - Filling up the DagBag from /mnt/c/Users/Admin/Desktop/ud_data/Dataslush_umang/airflow/airflow_venv/lib/python3.12/site-packages/airflow/example_dags/example_python_decorator.py
[2025-01-28T10:33:28.566+0000] {processor.py:925} INFO - DAG(s) 'example_python_decorator' retrieved from /mnt/c/Users/Admin/Desktop/ud_data/Dataslush_umang/airflow/airflow_venv/lib/python3.12/site-packages/airflow/example_dags/example_python_decorator.py
[2025-01-28T10:33:28.599+0000] {logging_mixin.py:190} INFO - [2025-01-28T10:33:28.598+0000] {dag.py:3239} INFO - Sync 1 DAGs
[2025-01-28T10:33:28.616+0000] {logging_mixin.py:190} INFO - [2025-01-28T10:33:28.615+0000] {dag.py:4180} INFO - Setting next_dagrun for example_python_decorator to None, run_after=None
[2025-01-28T10:33:28.653+0000] {processor.py:208} INFO - Processing /mnt/c/Users/Admin/Desktop/ud_data/Dataslush_umang/airflow/airflow_venv/lib/python3.12/site-packages/airflow/example_dags/example_python_decorator.py took 0.265 seconds
[2025-01-28T10:36:05.183+0000] {processor.py:186} INFO - Started process (PID=16966) to work on /mnt/c/Users/Admin/Desktop/ud_data/Dataslush_umang/airflow/airflow_venv/lib/python3.12/site-packages/airflow/example_dags/example_python_decorator.py
[2025-01-28T10:36:05.188+0000] {processor.py:914} INFO - Processing file /mnt/c/Users/Admin/Desktop/ud_data/Dataslush_umang/airflow/airflow_venv/lib/python3.12/site-packages/airflow/example_dags/example_python_decorator.py for tasks to queue
[2025-01-28T10:36:05.202+0000] {logging_mixin.py:190} INFO - [2025-01-28T10:36:05.198+0000] {dagbag.py:588} INFO - Filling up the DagBag from /mnt/c/Users/Admin/Desktop/ud_data/Dataslush_umang/airflow/airflow_venv/lib/python3.12/site-packages/airflow/example_dags/example_python_decorator.py
[2025-01-28T10:36:35.717+0000] {processor.py:925} INFO - DAG(s) 'example_python_decorator' retrieved from /mnt/c/Users/Admin/Desktop/ud_data/Dataslush_umang/airflow/airflow_venv/lib/python3.12/site-packages/airflow/example_dags/example_python_decorator.py
[2025-01-28T10:36:05.684+0000] {logging_mixin.py:190} INFO - [2025-01-28T10:36:05.682+0000] {dag.py:3239} INFO - Sync 1 DAGs
[2025-01-28T10:36:05.741+0000] {logging_mixin.py:190} INFO - [2025-01-28T10:36:05.738+0000] {dag.py:4180} INFO - Setting next_dagrun for example_python_decorator to None, run_after=None
[2025-01-28T10:36:07.807+0000] {processor.py:208} INFO - Processing /mnt/c/Users/Admin/Desktop/ud_data/Dataslush_umang/airflow/airflow_venv/lib/python3.12/site-packages/airflow/example_dags/example_python_decorator.py took 2.631 seconds
[2025-01-28T10:39:03.861+0000] {processor.py:186} INFO - Started process (PID=17254) to work on /mnt/c/Users/Admin/Desktop/ud_data/Dataslush_umang/airflow/airflow_venv/lib/python3.12/site-packages/airflow/example_dags/example_python_decorator.py
[2025-01-28T10:39:04.166+0000] {processor.py:914} INFO - Processing file /mnt/c/Users/Admin/Desktop/ud_data/Dataslush_umang/airflow/airflow_venv/lib/python3.12/site-packages/airflow/example_dags/example_python_decorator.py for tasks to queue
[2025-01-28T10:39:04.182+0000] {logging_mixin.py:190} INFO - [2025-01-28T10:39:04.177+0000] {dagbag.py:588} INFO - Filling up the DagBag from /mnt/c/Users/Admin/Desktop/ud_data/Dataslush_umang/airflow/airflow_venv/lib/python3.12/site-packages/airflow/example_dags/example_python_decorator.py
[2025-01-28T10:39:04.468+0000] {processor.py:925} INFO - DAG(s) 'example_python_decorator' retrieved from /mnt/c/Users/Admin/Desktop/ud_data/Dataslush_umang/airflow/airflow_venv/lib/python3.12/site-packages/airflow/example_dags/example_python_decorator.py
[2025-01-28T10:39:04.519+0000] {logging_mixin.py:190} INFO - [2025-01-28T10:39:04.515+0000] {dag.py:3239} INFO - Sync 1 DAGs
[2025-01-28T10:39:04.568+0000] {logging_mixin.py:190} INFO - [2025-01-28T10:39:04.564+0000] {dag.py:4180} INFO - Setting next_dagrun for example_python_decorator to None, run_after=None
[2025-01-28T10:39:04.912+0000] {processor.py:208} INFO - Processing /mnt/c/Users/Admin/Desktop/ud_data/Dataslush_umang/airflow/airflow_venv/lib/python3.12/site-packages/airflow/example_dags/example_python_decorator.py took 1.092 seconds
[2025-01-28T10:40:34.933+0000] {processor.py:186} INFO - Started process (PID=17358) to work on /mnt/c/Users/Admin/Desktop/ud_data/Dataslush_umang/airflow/airflow_venv/lib/python3.12/site-packages/airflow/example_dags/example_python_decorator.py
[2025-01-28T10:40:35.034+0000] {processor.py:914} INFO - Processing file /mnt/c/Users/Admin/Desktop/ud_data/Dataslush_umang/airflow/airflow_venv/lib/python3.12/site-packages/airflow/example_dags/example_python_decorator.py for tasks to queue
[2025-01-28T10:40:35.050+0000] {logging_mixin.py:190} INFO - [2025-01-28T10:40:35.045+0000] {dagbag.py:588} INFO - Filling up the DagBag from /mnt/c/Users/Admin/Desktop/ud_data/Dataslush_umang/airflow/airflow_venv/lib/python3.12/site-packages/airflow/example_dags/example_python_decorator.py
[2025-01-28T10:40:35.178+0000] {processor.py:925} INFO - DAG(s) 'example_python_decorator' retrieved from /mnt/c/Users/Admin/Desktop/ud_data/Dataslush_umang/airflow/airflow_venv/lib/python3.12/site-packages/airflow/example_dags/example_python_decorator.py
[2025-01-28T10:40:35.203+0000] {logging_mixin.py:190} INFO - [2025-01-28T10:40:35.202+0000] {dag.py:3239} INFO - Sync 1 DAGs
[2025-01-28T10:40:35.220+0000] {logging_mixin.py:190} INFO - [2025-01-28T10:40:35.218+0000] {dag.py:4180} INFO - Setting next_dagrun for example_python_decorator to None, run_after=None
[2025-01-28T10:40:35.265+0000] {processor.py:208} INFO - Processing /mnt/c/Users/Admin/Desktop/ud_data/Dataslush_umang/airflow/airflow_venv/lib/python3.12/site-packages/airflow/example_dags/example_python_decorator.py took 0.354 seconds
[2025-01-28T10:42:15.084+0000] {processor.py:186} INFO - Started process (PID=17560) to work on /mnt/c/Users/Admin/Desktop/ud_data/Dataslush_umang/airflow/airflow_venv/lib/python3.12/site-packages/airflow/example_dags/example_python_decorator.py
[2025-01-28T10:42:15.086+0000] {processor.py:914} INFO - Processing file /mnt/c/Users/Admin/Desktop/ud_data/Dataslush_umang/airflow/airflow_venv/lib/python3.12/site-packages/airflow/example_dags/example_python_decorator.py for tasks to queue
[2025-01-28T10:42:15.092+0000] {logging_mixin.py:190} INFO - [2025-01-28T10:42:15.090+0000] {dagbag.py:588} INFO - Filling up the DagBag from /mnt/c/Users/Admin/Desktop/ud_data/Dataslush_umang/airflow/airflow_venv/lib/python3.12/site-packages/airflow/example_dags/example_python_decorator.py
[2025-01-28T10:42:15.187+0000] {processor.py:925} INFO - DAG(s) 'example_python_decorator' retrieved from /mnt/c/Users/Admin/Desktop/ud_data/Dataslush_umang/airflow/airflow_venv/lib/python3.12/site-packages/airflow/example_dags/example_python_decorator.py
[2025-01-28T10:42:15.212+0000] {logging_mixin.py:190} INFO - [2025-01-28T10:42:15.210+0000] {dag.py:3239} INFO - Sync 1 DAGs
[2025-01-28T10:42:15.226+0000] {logging_mixin.py:190} INFO - [2025-01-28T10:42:15.224+0000] {dag.py:4180} INFO - Setting next_dagrun for example_python_decorator to None, run_after=None
[2025-01-28T10:42:15.393+0000] {processor.py:208} INFO - Processing /mnt/c/Users/Admin/Desktop/ud_data/Dataslush_umang/airflow/airflow_venv/lib/python3.12/site-packages/airflow/example_dags/example_python_decorator.py took 0.334 seconds
[2025-01-28T10:45:39.831+0000] {processor.py:186} INFO - Started process (PID=17892) to work on /mnt/c/Users/Admin/Desktop/ud_data/Dataslush_umang/airflow/airflow_venv/lib/python3.12/site-packages/airflow/example_dags/example_python_decorator.py
[2025-01-28T10:45:39.921+0000] {processor.py:914} INFO - Processing file /mnt/c/Users/Admin/Desktop/ud_data/Dataslush_umang/airflow/airflow_venv/lib/python3.12/site-packages/airflow/example_dags/example_python_decorator.py for tasks to queue
[2025-01-28T10:45:39.929+0000] {logging_mixin.py:190} INFO - [2025-01-28T10:45:39.927+0000] {dagbag.py:588} INFO - Filling up the DagBag from /mnt/c/Users/Admin/Desktop/ud_data/Dataslush_umang/airflow/airflow_venv/lib/python3.12/site-packages/airflow/example_dags/example_python_decorator.py
[2025-01-28T10:45:40.083+0000] {processor.py:925} INFO - DAG(s) 'example_python_decorator' retrieved from /mnt/c/Users/Admin/Desktop/ud_data/Dataslush_umang/airflow/airflow_venv/lib/python3.12/site-packages/airflow/example_dags/example_python_decorator.py
[2025-01-28T10:45:40.122+0000] {logging_mixin.py:190} INFO - [2025-01-28T10:45:40.120+0000] {dag.py:3239} INFO - Sync 1 DAGs
[2025-01-28T10:45:40.154+0000] {logging_mixin.py:190} INFO - [2025-01-28T10:45:40.151+0000] {dag.py:4180} INFO - Setting next_dagrun for example_python_decorator to None, run_after=None
[2025-01-28T10:46:11.801+0000] {processor.py:208} INFO - Processing /mnt/c/Users/Admin/Desktop/ud_data/Dataslush_umang/airflow/airflow_venv/lib/python3.12/site-packages/airflow/example_dags/example_python_decorator.py took 1.925 seconds
[2025-01-28T10:47:37.304+0000] {processor.py:186} INFO - Started process (PID=18019) to work on /mnt/c/Users/Admin/Desktop/ud_data/Dataslush_umang/airflow/airflow_venv/lib/python3.12/site-packages/airflow/example_dags/example_python_decorator.py
[2025-01-28T10:47:37.308+0000] {processor.py:914} INFO - Processing file /mnt/c/Users/Admin/Desktop/ud_data/Dataslush_umang/airflow/airflow_venv/lib/python3.12/site-packages/airflow/example_dags/example_python_decorator.py for tasks to queue
[2025-01-28T10:47:37.317+0000] {logging_mixin.py:190} INFO - [2025-01-28T10:47:37.315+0000] {dagbag.py:588} INFO - Filling up the DagBag from /mnt/c/Users/Admin/Desktop/ud_data/Dataslush_umang/airflow/airflow_venv/lib/python3.12/site-packages/airflow/example_dags/example_python_decorator.py
[2025-01-28T10:47:37.475+0000] {processor.py:925} INFO - DAG(s) 'example_python_decorator' retrieved from /mnt/c/Users/Admin/Desktop/ud_data/Dataslush_umang/airflow/airflow_venv/lib/python3.12/site-packages/airflow/example_dags/example_python_decorator.py
[2025-01-28T10:47:37.511+0000] {logging_mixin.py:190} INFO - [2025-01-28T10:47:37.510+0000] {dag.py:3239} INFO - Sync 1 DAGs
[2025-01-28T10:47:37.535+0000] {logging_mixin.py:190} INFO - [2025-01-28T10:47:37.533+0000] {dag.py:4180} INFO - Setting next_dagrun for example_python_decorator to None, run_after=None
[2025-01-28T10:47:38.512+0000] {processor.py:208} INFO - Processing /mnt/c/Users/Admin/Desktop/ud_data/Dataslush_umang/airflow/airflow_venv/lib/python3.12/site-packages/airflow/example_dags/example_python_decorator.py took 1.237 seconds
[2025-01-28T10:49:01.151+0000] {processor.py:186} INFO - Started process (PID=18200) to work on /mnt/c/Users/Admin/Desktop/ud_data/Dataslush_umang/airflow/airflow_venv/lib/python3.12/site-packages/airflow/example_dags/example_python_decorator.py
[2025-01-28T10:49:01.155+0000] {processor.py:914} INFO - Processing file /mnt/c/Users/Admin/Desktop/ud_data/Dataslush_umang/airflow/airflow_venv/lib/python3.12/site-packages/airflow/example_dags/example_python_decorator.py for tasks to queue
[2025-01-28T10:49:01.162+0000] {logging_mixin.py:190} INFO - [2025-01-28T10:49:01.160+0000] {dagbag.py:588} INFO - Filling up the DagBag from /mnt/c/Users/Admin/Desktop/ud_data/Dataslush_umang/airflow/airflow_venv/lib/python3.12/site-packages/airflow/example_dags/example_python_decorator.py
[2025-01-28T10:49:01.301+0000] {processor.py:925} INFO - DAG(s) 'example_python_decorator' retrieved from /mnt/c/Users/Admin/Desktop/ud_data/Dataslush_umang/airflow/airflow_venv/lib/python3.12/site-packages/airflow/example_dags/example_python_decorator.py
[2025-01-28T10:49:01.331+0000] {logging_mixin.py:190} INFO - [2025-01-28T10:49:01.330+0000] {dag.py:3239} INFO - Sync 1 DAGs
[2025-01-28T10:49:01.348+0000] {logging_mixin.py:190} INFO - [2025-01-28T10:49:01.347+0000] {dag.py:4180} INFO - Setting next_dagrun for example_python_decorator to None, run_after=None
[2025-01-28T10:49:01.396+0000] {processor.py:208} INFO - Processing /mnt/c/Users/Admin/Desktop/ud_data/Dataslush_umang/airflow/airflow_venv/lib/python3.12/site-packages/airflow/example_dags/example_python_decorator.py took 0.271 seconds
[2025-01-28T10:50:08.159+0000] {processor.py:186} INFO - Started process (PID=18307) to work on /mnt/c/Users/Admin/Desktop/ud_data/Dataslush_umang/airflow/airflow_venv/lib/python3.12/site-packages/airflow/example_dags/example_python_decorator.py
[2025-01-28T10:50:08.178+0000] {processor.py:914} INFO - Processing file /mnt/c/Users/Admin/Desktop/ud_data/Dataslush_umang/airflow/airflow_venv/lib/python3.12/site-packages/airflow/example_dags/example_python_decorator.py for tasks to queue
[2025-01-28T10:50:08.183+0000] {logging_mixin.py:190} INFO - [2025-01-28T10:50:08.181+0000] {dagbag.py:588} INFO - Filling up the DagBag from /mnt/c/Users/Admin/Desktop/ud_data/Dataslush_umang/airflow/airflow_venv/lib/python3.12/site-packages/airflow/example_dags/example_python_decorator.py
[2025-01-28T10:50:08.323+0000] {processor.py:925} INFO - DAG(s) 'example_python_decorator' retrieved from /mnt/c/Users/Admin/Desktop/ud_data/Dataslush_umang/airflow/airflow_venv/lib/python3.12/site-packages/airflow/example_dags/example_python_decorator.py
[2025-01-28T10:50:08.353+0000] {logging_mixin.py:190} INFO - [2025-01-28T10:50:08.351+0000] {dag.py:3239} INFO - Sync 1 DAGs
[2025-01-28T10:50:08.369+0000] {logging_mixin.py:190} INFO - [2025-01-28T10:50:08.367+0000] {dag.py:4180} INFO - Setting next_dagrun for example_python_decorator to None, run_after=None
[2025-01-28T10:50:08.445+0000] {processor.py:208} INFO - Processing /mnt/c/Users/Admin/Desktop/ud_data/Dataslush_umang/airflow/airflow_venv/lib/python3.12/site-packages/airflow/example_dags/example_python_decorator.py took 0.309 seconds
[2025-01-28T10:51:16.122+0000] {processor.py:186} INFO - Started process (PID=18519) to work on /mnt/c/Users/Admin/Desktop/ud_data/Dataslush_umang/airflow/airflow_venv/lib/python3.12/site-packages/airflow/example_dags/example_python_decorator.py
[2025-01-28T10:51:16.125+0000] {processor.py:914} INFO - Processing file /mnt/c/Users/Admin/Desktop/ud_data/Dataslush_umang/airflow/airflow_venv/lib/python3.12/site-packages/airflow/example_dags/example_python_decorator.py for tasks to queue
[2025-01-28T10:51:16.132+0000] {logging_mixin.py:190} INFO - [2025-01-28T10:51:16.130+0000] {dagbag.py:588} INFO - Filling up the DagBag from /mnt/c/Users/Admin/Desktop/ud_data/Dataslush_umang/airflow/airflow_venv/lib/python3.12/site-packages/airflow/example_dags/example_python_decorator.py
[2025-01-28T10:51:16.250+0000] {processor.py:925} INFO - DAG(s) 'example_python_decorator' retrieved from /mnt/c/Users/Admin/Desktop/ud_data/Dataslush_umang/airflow/airflow_venv/lib/python3.12/site-packages/airflow/example_dags/example_python_decorator.py
[2025-01-28T10:51:16.285+0000] {logging_mixin.py:190} INFO - [2025-01-28T10:51:16.283+0000] {dag.py:3239} INFO - Sync 1 DAGs
[2025-01-28T10:51:16.309+0000] {logging_mixin.py:190} INFO - [2025-01-28T10:51:16.308+0000] {dag.py:4180} INFO - Setting next_dagrun for example_python_decorator to None, run_after=None
[2025-01-28T10:51:16.509+0000] {processor.py:208} INFO - Processing /mnt/c/Users/Admin/Desktop/ud_data/Dataslush_umang/airflow/airflow_venv/lib/python3.12/site-packages/airflow/example_dags/example_python_decorator.py took 0.412 seconds
[2025-01-28T10:53:05.403+0000] {processor.py:186} INFO - Started process (PID=18695) to work on /mnt/c/Users/Admin/Desktop/ud_data/Dataslush_umang/airflow/airflow_venv/lib/python3.12/site-packages/airflow/example_dags/example_python_decorator.py
[2025-01-28T10:53:05.546+0000] {processor.py:914} INFO - Processing file /mnt/c/Users/Admin/Desktop/ud_data/Dataslush_umang/airflow/airflow_venv/lib/python3.12/site-packages/airflow/example_dags/example_python_decorator.py for tasks to queue
[2025-01-28T10:53:05.551+0000] {logging_mixin.py:190} INFO - [2025-01-28T10:53:05.549+0000] {dagbag.py:588} INFO - Filling up the DagBag from /mnt/c/Users/Admin/Desktop/ud_data/Dataslush_umang/airflow/airflow_venv/lib/python3.12/site-packages/airflow/example_dags/example_python_decorator.py
[2025-01-28T10:53:05.696+0000] {processor.py:925} INFO - DAG(s) 'example_python_decorator' retrieved from /mnt/c/Users/Admin/Desktop/ud_data/Dataslush_umang/airflow/airflow_venv/lib/python3.12/site-packages/airflow/example_dags/example_python_decorator.py
[2025-01-28T10:53:05.743+0000] {logging_mixin.py:190} INFO - [2025-01-28T10:53:05.741+0000] {dag.py:3239} INFO - Sync 1 DAGs
[2025-01-28T10:53:05.766+0000] {logging_mixin.py:190} INFO - [2025-01-28T10:53:05.764+0000] {dag.py:4180} INFO - Setting next_dagrun for example_python_decorator to None, run_after=None
[2025-01-28T10:53:05.828+0000] {processor.py:208} INFO - Processing /mnt/c/Users/Admin/Desktop/ud_data/Dataslush_umang/airflow/airflow_venv/lib/python3.12/site-packages/airflow/example_dags/example_python_decorator.py took 0.449 seconds
[2025-01-28T10:54:53.486+0000] {processor.py:186} INFO - Started process (PID=18836) to work on /mnt/c/Users/Admin/Desktop/ud_data/Dataslush_umang/airflow/airflow_venv/lib/python3.12/site-packages/airflow/example_dags/example_python_decorator.py
[2025-01-28T10:54:53.591+0000] {processor.py:914} INFO - Processing file /mnt/c/Users/Admin/Desktop/ud_data/Dataslush_umang/airflow/airflow_venv/lib/python3.12/site-packages/airflow/example_dags/example_python_decorator.py for tasks to queue
[2025-01-28T10:54:53.597+0000] {logging_mixin.py:190} INFO - [2025-01-28T10:54:53.595+0000] {dagbag.py:588} INFO - Filling up the DagBag from /mnt/c/Users/Admin/Desktop/ud_data/Dataslush_umang/airflow/airflow_venv/lib/python3.12/site-packages/airflow/example_dags/example_python_decorator.py
[2025-01-28T10:54:53.736+0000] {processor.py:925} INFO - DAG(s) 'example_python_decorator' retrieved from /mnt/c/Users/Admin/Desktop/ud_data/Dataslush_umang/airflow/airflow_venv/lib/python3.12/site-packages/airflow/example_dags/example_python_decorator.py
[2025-01-28T10:54:53.772+0000] {logging_mixin.py:190} INFO - [2025-01-28T10:54:53.771+0000] {dag.py:3239} INFO - Sync 1 DAGs
[2025-01-28T10:54:53.794+0000] {logging_mixin.py:190} INFO - [2025-01-28T10:54:53.792+0000] {dag.py:4180} INFO - Setting next_dagrun for example_python_decorator to None, run_after=None
[2025-01-28T10:54:53.975+0000] {processor.py:208} INFO - Processing /mnt/c/Users/Admin/Desktop/ud_data/Dataslush_umang/airflow/airflow_venv/lib/python3.12/site-packages/airflow/example_dags/example_python_decorator.py took 0.516 seconds
[2025-01-28T10:56:21.400+0000] {processor.py:186} INFO - Started process (PID=19035) to work on /mnt/c/Users/Admin/Desktop/ud_data/Dataslush_umang/airflow/airflow_venv/lib/python3.12/site-packages/airflow/example_dags/example_python_decorator.py
[2025-01-28T10:56:21.403+0000] {processor.py:914} INFO - Processing file /mnt/c/Users/Admin/Desktop/ud_data/Dataslush_umang/airflow/airflow_venv/lib/python3.12/site-packages/airflow/example_dags/example_python_decorator.py for tasks to queue
[2025-01-28T10:56:21.411+0000] {logging_mixin.py:190} INFO - [2025-01-28T10:56:21.410+0000] {dagbag.py:588} INFO - Filling up the DagBag from /mnt/c/Users/Admin/Desktop/ud_data/Dataslush_umang/airflow/airflow_venv/lib/python3.12/site-packages/airflow/example_dags/example_python_decorator.py
[2025-01-28T10:56:21.565+0000] {processor.py:925} INFO - DAG(s) 'example_python_decorator' retrieved from /mnt/c/Users/Admin/Desktop/ud_data/Dataslush_umang/airflow/airflow_venv/lib/python3.12/site-packages/airflow/example_dags/example_python_decorator.py
[2025-01-28T10:56:21.611+0000] {logging_mixin.py:190} INFO - [2025-01-28T10:56:21.610+0000] {dag.py:3239} INFO - Sync 1 DAGs
[2025-01-28T10:56:21.631+0000] {logging_mixin.py:190} INFO - [2025-01-28T10:56:21.630+0000] {dag.py:4180} INFO - Setting next_dagrun for example_python_decorator to None, run_after=None
[2025-01-28T10:56:21.673+0000] {processor.py:208} INFO - Processing /mnt/c/Users/Admin/Desktop/ud_data/Dataslush_umang/airflow/airflow_venv/lib/python3.12/site-packages/airflow/example_dags/example_python_decorator.py took 0.299 seconds
[2025-01-28T10:57:53.756+0000] {processor.py:186} INFO - Started process (PID=19195) to work on /mnt/c/Users/Admin/Desktop/ud_data/Dataslush_umang/airflow/airflow_venv/lib/python3.12/site-packages/airflow/example_dags/example_python_decorator.py
[2025-01-28T10:57:54.035+0000] {processor.py:914} INFO - Processing file /mnt/c/Users/Admin/Desktop/ud_data/Dataslush_umang/airflow/airflow_venv/lib/python3.12/site-packages/airflow/example_dags/example_python_decorator.py for tasks to queue
[2025-01-28T10:57:54.043+0000] {logging_mixin.py:190} INFO - [2025-01-28T10:57:54.040+0000] {dagbag.py:588} INFO - Filling up the DagBag from /mnt/c/Users/Admin/Desktop/ud_data/Dataslush_umang/airflow/airflow_venv/lib/python3.12/site-packages/airflow/example_dags/example_python_decorator.py
[2025-01-28T10:57:54.202+0000] {processor.py:925} INFO - DAG(s) 'example_python_decorator' retrieved from /mnt/c/Users/Admin/Desktop/ud_data/Dataslush_umang/airflow/airflow_venv/lib/python3.12/site-packages/airflow/example_dags/example_python_decorator.py
[2025-01-28T10:57:54.238+0000] {logging_mixin.py:190} INFO - [2025-01-28T10:57:54.236+0000] {dag.py:3239} INFO - Sync 1 DAGs
[2025-01-28T10:57:54.261+0000] {logging_mixin.py:190} INFO - [2025-01-28T10:57:54.260+0000] {dag.py:4180} INFO - Setting next_dagrun for example_python_decorator to None, run_after=None
[2025-01-28T10:57:54.670+0000] {processor.py:208} INFO - Processing /mnt/c/Users/Admin/Desktop/ud_data/Dataslush_umang/airflow/airflow_venv/lib/python3.12/site-packages/airflow/example_dags/example_python_decorator.py took 0.941 seconds
[2025-01-28T10:59:53.200+0000] {processor.py:186} INFO - Started process (PID=19382) to work on /mnt/c/Users/Admin/Desktop/ud_data/Dataslush_umang/airflow/airflow_venv/lib/python3.12/site-packages/airflow/example_dags/example_python_decorator.py
[2025-01-28T10:59:23.256+0000] {processor.py:914} INFO - Processing file /mnt/c/Users/Admin/Desktop/ud_data/Dataslush_umang/airflow/airflow_venv/lib/python3.12/site-packages/airflow/example_dags/example_python_decorator.py for tasks to queue
[2025-01-28T10:59:23.264+0000] {logging_mixin.py:190} INFO - [2025-01-28T10:59:23.261+0000] {dagbag.py:588} INFO - Filling up the DagBag from /mnt/c/Users/Admin/Desktop/ud_data/Dataslush_umang/airflow/airflow_venv/lib/python3.12/site-packages/airflow/example_dags/example_python_decorator.py
[2025-01-28T10:59:23.408+0000] {processor.py:925} INFO - DAG(s) 'example_python_decorator' retrieved from /mnt/c/Users/Admin/Desktop/ud_data/Dataslush_umang/airflow/airflow_venv/lib/python3.12/site-packages/airflow/example_dags/example_python_decorator.py
[2025-01-28T10:59:23.442+0000] {logging_mixin.py:190} INFO - [2025-01-28T10:59:23.440+0000] {dag.py:3239} INFO - Sync 1 DAGs
[2025-01-28T10:59:23.464+0000] {logging_mixin.py:190} INFO - [2025-01-28T10:59:23.462+0000] {dag.py:4180} INFO - Setting next_dagrun for example_python_decorator to None, run_after=None
[2025-01-28T10:59:24.184+0000] {processor.py:208} INFO - Processing /mnt/c/Users/Admin/Desktop/ud_data/Dataslush_umang/airflow/airflow_venv/lib/python3.12/site-packages/airflow/example_dags/example_python_decorator.py took 1.101 seconds
[2025-01-28T11:01:16.697+0000] {processor.py:186} INFO - Started process (PID=19570) to work on /mnt/c/Users/Admin/Desktop/ud_data/Dataslush_umang/airflow/airflow_venv/lib/python3.12/site-packages/airflow/example_dags/example_python_decorator.py
[2025-01-28T11:01:16.700+0000] {processor.py:914} INFO - Processing file /mnt/c/Users/Admin/Desktop/ud_data/Dataslush_umang/airflow/airflow_venv/lib/python3.12/site-packages/airflow/example_dags/example_python_decorator.py for tasks to queue
[2025-01-28T11:01:16.706+0000] {logging_mixin.py:190} INFO - [2025-01-28T11:01:16.704+0000] {dagbag.py:588} INFO - Filling up the DagBag from /mnt/c/Users/Admin/Desktop/ud_data/Dataslush_umang/airflow/airflow_venv/lib/python3.12/site-packages/airflow/example_dags/example_python_decorator.py
[2025-01-28T11:01:16.846+0000] {processor.py:925} INFO - DAG(s) 'example_python_decorator' retrieved from /mnt/c/Users/Admin/Desktop/ud_data/Dataslush_umang/airflow/airflow_venv/lib/python3.12/site-packages/airflow/example_dags/example_python_decorator.py
[2025-01-28T11:01:16.881+0000] {logging_mixin.py:190} INFO - [2025-01-28T11:01:16.879+0000] {dag.py:3239} INFO - Sync 1 DAGs
[2025-01-28T11:01:16.902+0000] {logging_mixin.py:190} INFO - [2025-01-28T11:01:16.900+0000] {dag.py:4180} INFO - Setting next_dagrun for example_python_decorator to None, run_after=None
[2025-01-28T11:01:16.954+0000] {processor.py:208} INFO - Processing /mnt/c/Users/Admin/Desktop/ud_data/Dataslush_umang/airflow/airflow_venv/lib/python3.12/site-packages/airflow/example_dags/example_python_decorator.py took 0.280 seconds
[2025-01-28T11:02:37.692+0000] {processor.py:186} INFO - Started process (PID=19642) to work on /mnt/c/Users/Admin/Desktop/ud_data/Dataslush_umang/airflow/airflow_venv/lib/python3.12/site-packages/airflow/example_dags/example_python_decorator.py
[2025-01-28T11:02:37.695+0000] {processor.py:914} INFO - Processing file /mnt/c/Users/Admin/Desktop/ud_data/Dataslush_umang/airflow/airflow_venv/lib/python3.12/site-packages/airflow/example_dags/example_python_decorator.py for tasks to queue
[2025-01-28T11:02:37.700+0000] {logging_mixin.py:190} INFO - [2025-01-28T11:02:37.699+0000] {dagbag.py:588} INFO - Filling up the DagBag from /mnt/c/Users/Admin/Desktop/ud_data/Dataslush_umang/airflow/airflow_venv/lib/python3.12/site-packages/airflow/example_dags/example_python_decorator.py
[2025-01-28T11:02:37.820+0000] {processor.py:925} INFO - DAG(s) 'example_python_decorator' retrieved from /mnt/c/Users/Admin/Desktop/ud_data/Dataslush_umang/airflow/airflow_venv/lib/python3.12/site-packages/airflow/example_dags/example_python_decorator.py
[2025-01-28T11:02:37.850+0000] {logging_mixin.py:190} INFO - [2025-01-28T11:02:37.848+0000] {dag.py:3239} INFO - Sync 1 DAGs
[2025-01-28T11:02:37.870+0000] {logging_mixin.py:190} INFO - [2025-01-28T11:02:37.868+0000] {dag.py:4180} INFO - Setting next_dagrun for example_python_decorator to None, run_after=None
[2025-01-28T11:02:37.914+0000] {processor.py:208} INFO - Processing /mnt/c/Users/Admin/Desktop/ud_data/Dataslush_umang/airflow/airflow_venv/lib/python3.12/site-packages/airflow/example_dags/example_python_decorator.py took 0.243 seconds
[2025-01-28T11:04:07.883+0000] {processor.py:186} INFO - Started process (PID=19866) to work on /mnt/c/Users/Admin/Desktop/ud_data/Dataslush_umang/airflow/airflow_venv/lib/python3.12/site-packages/airflow/example_dags/example_python_decorator.py
[2025-01-28T11:04:07.887+0000] {processor.py:914} INFO - Processing file /mnt/c/Users/Admin/Desktop/ud_data/Dataslush_umang/airflow/airflow_venv/lib/python3.12/site-packages/airflow/example_dags/example_python_decorator.py for tasks to queue
[2025-01-28T11:04:07.892+0000] {logging_mixin.py:190} INFO - [2025-01-28T11:04:07.891+0000] {dagbag.py:588} INFO - Filling up the DagBag from /mnt/c/Users/Admin/Desktop/ud_data/Dataslush_umang/airflow/airflow_venv/lib/python3.12/site-packages/airflow/example_dags/example_python_decorator.py
[2025-01-28T11:04:08.033+0000] {processor.py:925} INFO - DAG(s) 'example_python_decorator' retrieved from /mnt/c/Users/Admin/Desktop/ud_data/Dataslush_umang/airflow/airflow_venv/lib/python3.12/site-packages/airflow/example_dags/example_python_decorator.py
[2025-01-28T11:04:08.068+0000] {logging_mixin.py:190} INFO - [2025-01-28T11:04:08.066+0000] {dag.py:3239} INFO - Sync 1 DAGs
[2025-01-28T11:04:08.087+0000] {logging_mixin.py:190} INFO - [2025-01-28T11:04:08.085+0000] {dag.py:4180} INFO - Setting next_dagrun for example_python_decorator to None, run_after=None
[2025-01-28T11:04:08.131+0000] {processor.py:208} INFO - Processing /mnt/c/Users/Admin/Desktop/ud_data/Dataslush_umang/airflow/airflow_venv/lib/python3.12/site-packages/airflow/example_dags/example_python_decorator.py took 0.275 seconds
[2025-01-28T11:05:41.530+0000] {processor.py:186} INFO - Started process (PID=19993) to work on /mnt/c/Users/Admin/Desktop/ud_data/Dataslush_umang/airflow/airflow_venv/lib/python3.12/site-packages/airflow/example_dags/example_python_decorator.py
[2025-01-28T11:05:41.534+0000] {processor.py:914} INFO - Processing file /mnt/c/Users/Admin/Desktop/ud_data/Dataslush_umang/airflow/airflow_venv/lib/python3.12/site-packages/airflow/example_dags/example_python_decorator.py for tasks to queue
[2025-01-28T11:05:41.541+0000] {logging_mixin.py:190} INFO - [2025-01-28T11:05:41.538+0000] {dagbag.py:588} INFO - Filling up the DagBag from /mnt/c/Users/Admin/Desktop/ud_data/Dataslush_umang/airflow/airflow_venv/lib/python3.12/site-packages/airflow/example_dags/example_python_decorator.py
[2025-01-28T11:05:41.667+0000] {processor.py:925} INFO - DAG(s) 'example_python_decorator' retrieved from /mnt/c/Users/Admin/Desktop/ud_data/Dataslush_umang/airflow/airflow_venv/lib/python3.12/site-packages/airflow/example_dags/example_python_decorator.py
[2025-01-28T11:05:41.704+0000] {logging_mixin.py:190} INFO - [2025-01-28T11:05:41.703+0000] {dag.py:3239} INFO - Sync 1 DAGs
[2025-01-28T11:05:41.731+0000] {logging_mixin.py:190} INFO - [2025-01-28T11:05:41.729+0000] {dag.py:4180} INFO - Setting next_dagrun for example_python_decorator to None, run_after=None
[2025-01-28T11:05:41.992+0000] {processor.py:208} INFO - Processing /mnt/c/Users/Admin/Desktop/ud_data/Dataslush_umang/airflow/airflow_venv/lib/python3.12/site-packages/airflow/example_dags/example_python_decorator.py took 0.490 seconds
[2025-01-28T11:07:51.480+0000] {processor.py:186} INFO - Started process (PID=20152) to work on /mnt/c/Users/Admin/Desktop/ud_data/Dataslush_umang/airflow/airflow_venv/lib/python3.12/site-packages/airflow/example_dags/example_python_decorator.py
[2025-01-28T11:07:51.483+0000] {processor.py:914} INFO - Processing file /mnt/c/Users/Admin/Desktop/ud_data/Dataslush_umang/airflow/airflow_venv/lib/python3.12/site-packages/airflow/example_dags/example_python_decorator.py for tasks to queue
[2025-01-28T11:07:51.489+0000] {logging_mixin.py:190} INFO - [2025-01-28T11:07:51.487+0000] {dagbag.py:588} INFO - Filling up the DagBag from /mnt/c/Users/Admin/Desktop/ud_data/Dataslush_umang/airflow/airflow_venv/lib/python3.12/site-packages/airflow/example_dags/example_python_decorator.py
[2025-01-28T11:07:51.614+0000] {processor.py:925} INFO - DAG(s) 'example_python_decorator' retrieved from /mnt/c/Users/Admin/Desktop/ud_data/Dataslush_umang/airflow/airflow_venv/lib/python3.12/site-packages/airflow/example_dags/example_python_decorator.py
[2025-01-28T11:07:51.641+0000] {logging_mixin.py:190} INFO - [2025-01-28T11:07:51.640+0000] {dag.py:3239} INFO - Sync 1 DAGs
[2025-01-28T11:07:51.661+0000] {logging_mixin.py:190} INFO - [2025-01-28T11:07:51.659+0000] {dag.py:4180} INFO - Setting next_dagrun for example_python_decorator to None, run_after=None
[2025-01-28T11:07:51.703+0000] {processor.py:208} INFO - Processing /mnt/c/Users/Admin/Desktop/ud_data/Dataslush_umang/airflow/airflow_venv/lib/python3.12/site-packages/airflow/example_dags/example_python_decorator.py took 0.249 seconds
[2025-01-28T11:09:26.260+0000] {processor.py:186} INFO - Started process (PID=20338) to work on /mnt/c/Users/Admin/Desktop/ud_data/Dataslush_umang/airflow/airflow_venv/lib/python3.12/site-packages/airflow/example_dags/example_python_decorator.py
[2025-01-28T11:09:26.263+0000] {processor.py:914} INFO - Processing file /mnt/c/Users/Admin/Desktop/ud_data/Dataslush_umang/airflow/airflow_venv/lib/python3.12/site-packages/airflow/example_dags/example_python_decorator.py for tasks to queue
[2025-01-28T11:09:26.270+0000] {logging_mixin.py:190} INFO - [2025-01-28T11:09:26.268+0000] {dagbag.py:588} INFO - Filling up the DagBag from /mnt/c/Users/Admin/Desktop/ud_data/Dataslush_umang/airflow/airflow_venv/lib/python3.12/site-packages/airflow/example_dags/example_python_decorator.py
[2025-01-28T11:09:26.412+0000] {processor.py:925} INFO - DAG(s) 'example_python_decorator' retrieved from /mnt/c/Users/Admin/Desktop/ud_data/Dataslush_umang/airflow/airflow_venv/lib/python3.12/site-packages/airflow/example_dags/example_python_decorator.py
[2025-01-28T11:09:26.452+0000] {logging_mixin.py:190} INFO - [2025-01-28T11:09:26.450+0000] {dag.py:3239} INFO - Sync 1 DAGs
[2025-01-28T11:09:26.482+0000] {logging_mixin.py:190} INFO - [2025-01-28T11:09:26.480+0000] {dag.py:4180} INFO - Setting next_dagrun for example_python_decorator to None, run_after=None
[2025-01-28T11:09:26.538+0000] {processor.py:208} INFO - Processing /mnt/c/Users/Admin/Desktop/ud_data/Dataslush_umang/airflow/airflow_venv/lib/python3.12/site-packages/airflow/example_dags/example_python_decorator.py took 0.305 seconds
[2025-01-28T11:10:34.238+0000] {processor.py:186} INFO - Started process (PID=20465) to work on /mnt/c/Users/Admin/Desktop/ud_data/Dataslush_umang/airflow/airflow_venv/lib/python3.12/site-packages/airflow/example_dags/example_python_decorator.py
[2025-01-28T11:10:34.438+0000] {processor.py:914} INFO - Processing file /mnt/c/Users/Admin/Desktop/ud_data/Dataslush_umang/airflow/airflow_venv/lib/python3.12/site-packages/airflow/example_dags/example_python_decorator.py for tasks to queue
[2025-01-28T11:10:34.445+0000] {logging_mixin.py:190} INFO - [2025-01-28T11:10:34.443+0000] {dagbag.py:588} INFO - Filling up the DagBag from /mnt/c/Users/Admin/Desktop/ud_data/Dataslush_umang/airflow/airflow_venv/lib/python3.12/site-packages/airflow/example_dags/example_python_decorator.py
[2025-01-28T11:10:34.572+0000] {processor.py:925} INFO - DAG(s) 'example_python_decorator' retrieved from /mnt/c/Users/Admin/Desktop/ud_data/Dataslush_umang/airflow/airflow_venv/lib/python3.12/site-packages/airflow/example_dags/example_python_decorator.py
[2025-01-28T11:10:34.606+0000] {logging_mixin.py:190} INFO - [2025-01-28T11:10:34.603+0000] {dag.py:3239} INFO - Sync 1 DAGs
[2025-01-28T11:10:34.626+0000] {logging_mixin.py:190} INFO - [2025-01-28T11:10:34.624+0000] {dag.py:4180} INFO - Setting next_dagrun for example_python_decorator to None, run_after=None
[2025-01-28T11:10:35.144+0000] {processor.py:208} INFO - Processing /mnt/c/Users/Admin/Desktop/ud_data/Dataslush_umang/airflow/airflow_venv/lib/python3.12/site-packages/airflow/example_dags/example_python_decorator.py took 0.930 seconds
[2025-01-28T11:11:48.254+0000] {processor.py:186} INFO - Started process (PID=20556) to work on /mnt/c/Users/Admin/Desktop/ud_data/Dataslush_umang/airflow/airflow_venv/lib/python3.12/site-packages/airflow/example_dags/example_python_decorator.py
[2025-01-28T11:11:48.258+0000] {processor.py:914} INFO - Processing file /mnt/c/Users/Admin/Desktop/ud_data/Dataslush_umang/airflow/airflow_venv/lib/python3.12/site-packages/airflow/example_dags/example_python_decorator.py for tasks to queue
[2025-01-28T11:11:48.265+0000] {logging_mixin.py:190} INFO - [2025-01-28T11:11:48.263+0000] {dagbag.py:588} INFO - Filling up the DagBag from /mnt/c/Users/Admin/Desktop/ud_data/Dataslush_umang/airflow/airflow_venv/lib/python3.12/site-packages/airflow/example_dags/example_python_decorator.py
[2025-01-28T11:11:48.430+0000] {processor.py:925} INFO - DAG(s) 'example_python_decorator' retrieved from /mnt/c/Users/Admin/Desktop/ud_data/Dataslush_umang/airflow/airflow_venv/lib/python3.12/site-packages/airflow/example_dags/example_python_decorator.py
[2025-01-28T11:11:48.465+0000] {logging_mixin.py:190} INFO - [2025-01-28T11:11:48.463+0000] {dag.py:3239} INFO - Sync 1 DAGs
[2025-01-28T11:11:48.496+0000] {logging_mixin.py:190} INFO - [2025-01-28T11:11:48.494+0000] {dag.py:4180} INFO - Setting next_dagrun for example_python_decorator to None, run_after=None
[2025-01-28T11:11:48.576+0000] {processor.py:208} INFO - Processing /mnt/c/Users/Admin/Desktop/ud_data/Dataslush_umang/airflow/airflow_venv/lib/python3.12/site-packages/airflow/example_dags/example_python_decorator.py took 0.349 seconds
[2025-01-28T11:13:27.459+0000] {processor.py:186} INFO - Started process (PID=20669) to work on /mnt/c/Users/Admin/Desktop/ud_data/Dataslush_umang/airflow/airflow_venv/lib/python3.12/site-packages/airflow/example_dags/example_python_decorator.py
[2025-01-28T11:13:27.463+0000] {processor.py:914} INFO - Processing file /mnt/c/Users/Admin/Desktop/ud_data/Dataslush_umang/airflow/airflow_venv/lib/python3.12/site-packages/airflow/example_dags/example_python_decorator.py for tasks to queue
[2025-01-28T11:13:27.470+0000] {logging_mixin.py:190} INFO - [2025-01-28T11:13:27.468+0000] {dagbag.py:588} INFO - Filling up the DagBag from /mnt/c/Users/Admin/Desktop/ud_data/Dataslush_umang/airflow/airflow_venv/lib/python3.12/site-packages/airflow/example_dags/example_python_decorator.py
[2025-01-28T11:13:27.626+0000] {processor.py:925} INFO - DAG(s) 'example_python_decorator' retrieved from /mnt/c/Users/Admin/Desktop/ud_data/Dataslush_umang/airflow/airflow_venv/lib/python3.12/site-packages/airflow/example_dags/example_python_decorator.py
[2025-01-28T11:13:27.657+0000] {logging_mixin.py:190} INFO - [2025-01-28T11:13:27.655+0000] {dag.py:3239} INFO - Sync 1 DAGs
[2025-01-28T11:13:27.675+0000] {logging_mixin.py:190} INFO - [2025-01-28T11:13:27.673+0000] {dag.py:4180} INFO - Setting next_dagrun for example_python_decorator to None, run_after=None
[2025-01-28T11:13:27.901+0000] {processor.py:208} INFO - Processing /mnt/c/Users/Admin/Desktop/ud_data/Dataslush_umang/airflow/airflow_venv/lib/python3.12/site-packages/airflow/example_dags/example_python_decorator.py took 0.472 seconds
[2025-01-28T11:15:27.569+0000] {processor.py:186} INFO - Started process (PID=20852) to work on /mnt/c/Users/Admin/Desktop/ud_data/Dataslush_umang/airflow/airflow_venv/lib/python3.12/site-packages/airflow/example_dags/example_python_decorator.py
[2025-01-28T11:15:27.571+0000] {processor.py:914} INFO - Processing file /mnt/c/Users/Admin/Desktop/ud_data/Dataslush_umang/airflow/airflow_venv/lib/python3.12/site-packages/airflow/example_dags/example_python_decorator.py for tasks to queue
[2025-01-28T11:15:27.577+0000] {logging_mixin.py:190} INFO - [2025-01-28T11:15:27.575+0000] {dagbag.py:588} INFO - Filling up the DagBag from /mnt/c/Users/Admin/Desktop/ud_data/Dataslush_umang/airflow/airflow_venv/lib/python3.12/site-packages/airflow/example_dags/example_python_decorator.py
[2025-01-28T11:15:27.705+0000] {processor.py:925} INFO - DAG(s) 'example_python_decorator' retrieved from /mnt/c/Users/Admin/Desktop/ud_data/Dataslush_umang/airflow/airflow_venv/lib/python3.12/site-packages/airflow/example_dags/example_python_decorator.py
[2025-01-28T11:15:27.747+0000] {logging_mixin.py:190} INFO - [2025-01-28T11:15:27.745+0000] {dag.py:3239} INFO - Sync 1 DAGs
[2025-01-28T11:15:27.770+0000] {logging_mixin.py:190} INFO - [2025-01-28T11:15:27.768+0000] {dag.py:4180} INFO - Setting next_dagrun for example_python_decorator to None, run_after=None
[2025-01-28T11:15:27.832+0000] {processor.py:208} INFO - Processing /mnt/c/Users/Admin/Desktop/ud_data/Dataslush_umang/airflow/airflow_venv/lib/python3.12/site-packages/airflow/example_dags/example_python_decorator.py took 0.289 seconds
