[2025-01-28T10:12:33.710+0000] {processor.py:186} INFO - Started process (PID=14754) to work on /mnt/c/Users/Admin/Desktop/ud_data/Dataslush_umang/airflow/airflow_venv/lib/python3.12/site-packages/airflow/example_dags/example_sensors.py
[2025-01-28T10:12:33.713+0000] {processor.py:914} INFO - Processing file /mnt/c/Users/Admin/Desktop/ud_data/Dataslush_umang/airflow/airflow_venv/lib/python3.12/site-packages/airflow/example_dags/example_sensors.py for tasks to queue
[2025-01-28T10:12:33.718+0000] {logging_mixin.py:190} INFO - [2025-01-28T10:12:33.717+0000] {dagbag.py:588} INFO - Filling up the DagBag from /mnt/c/Users/Admin/Desktop/ud_data/Dataslush_umang/airflow/airflow_venv/lib/python3.12/site-packages/airflow/example_dags/example_sensors.py
[2025-01-28T10:12:33.846+0000] {processor.py:925} INFO - DAG(s) 'example_sensors' retrieved from /mnt/c/Users/Admin/Desktop/ud_data/Dataslush_umang/airflow/airflow_venv/lib/python3.12/site-packages/airflow/example_dags/example_sensors.py
[2025-01-28T10:12:35.719+0000] {logging_mixin.py:190} INFO - [2025-01-28T10:12:35.717+0000] {override.py:1912} INFO - Created Permission View: can edit on DAG:example_sensors
[2025-01-28T10:12:35.785+0000] {logging_mixin.py:190} INFO - [2025-01-28T10:12:35.782+0000] {override.py:1912} INFO - Created Permission View: can read on DAG:example_sensors
[2025-01-28T10:12:35.833+0000] {logging_mixin.py:190} INFO - [2025-01-28T10:12:35.827+0000] {override.py:1912} INFO - Created Permission View: can delete on DAG:example_sensors
[2025-01-28T10:12:35.937+0000] {logging_mixin.py:190} INFO - [2025-01-28T10:12:35.933+0000] {override.py:1912} INFO - Created Permission View: can create on DAG Run:example_sensors
[2025-01-28T10:12:35.981+0000] {logging_mixin.py:190} INFO - [2025-01-28T10:12:35.979+0000] {override.py:1912} INFO - Created Permission View: menu access on DAG Run:example_sensors
[2025-01-28T10:12:36.028+0000] {logging_mixin.py:190} INFO - [2025-01-28T10:12:36.019+0000] {override.py:1912} INFO - Created Permission View: can read on DAG Run:example_sensors
[2025-01-28T10:12:36.080+0000] {logging_mixin.py:190} INFO - [2025-01-28T10:12:36.076+0000] {override.py:1912} INFO - Created Permission View: can delete on DAG Run:example_sensors
[2025-01-28T10:12:36.084+0000] {logging_mixin.py:190} INFO - [2025-01-28T10:12:36.082+0000] {dag.py:3239} INFO - Sync 1 DAGs
[2025-01-28T10:12:36.134+0000] {logging_mixin.py:190} INFO - [2025-01-28T10:12:36.131+0000] {dag.py:3262} INFO - Creating ORM DAG for example_sensors
[2025-01-28T10:12:36.141+0000] {logging_mixin.py:190} INFO - [2025-01-28T10:12:36.137+0000] {dag.py:4180} INFO - Setting next_dagrun for example_sensors to None, run_after=None
[2025-01-28T10:12:36.260+0000] {processor.py:208} INFO - Processing /mnt/c/Users/Admin/Desktop/ud_data/Dataslush_umang/airflow/airflow_venv/lib/python3.12/site-packages/airflow/example_dags/example_sensors.py took 2.575 seconds
[2025-01-28T10:15:12.492+0000] {processor.py:186} INFO - Started process (PID=14977) to work on /mnt/c/Users/Admin/Desktop/ud_data/Dataslush_umang/airflow/airflow_venv/lib/python3.12/site-packages/airflow/example_dags/example_sensors.py
[2025-01-28T10:15:12.495+0000] {processor.py:914} INFO - Processing file /mnt/c/Users/Admin/Desktop/ud_data/Dataslush_umang/airflow/airflow_venv/lib/python3.12/site-packages/airflow/example_dags/example_sensors.py for tasks to queue
[2025-01-28T10:15:12.499+0000] {logging_mixin.py:190} INFO - [2025-01-28T10:15:12.497+0000] {dagbag.py:588} INFO - Filling up the DagBag from /mnt/c/Users/Admin/Desktop/ud_data/Dataslush_umang/airflow/airflow_venv/lib/python3.12/site-packages/airflow/example_dags/example_sensors.py
[2025-01-28T10:15:12.585+0000] {processor.py:925} INFO - DAG(s) 'example_sensors' retrieved from /mnt/c/Users/Admin/Desktop/ud_data/Dataslush_umang/airflow/airflow_venv/lib/python3.12/site-packages/airflow/example_dags/example_sensors.py
[2025-01-28T10:15:12.616+0000] {logging_mixin.py:190} INFO - [2025-01-28T10:15:12.614+0000] {dag.py:3239} INFO - Sync 1 DAGs
[2025-01-28T10:15:12.633+0000] {logging_mixin.py:190} INFO - [2025-01-28T10:15:12.631+0000] {dag.py:4180} INFO - Setting next_dagrun for example_sensors to None, run_after=None
[2025-01-28T10:15:12.681+0000] {processor.py:208} INFO - Processing /mnt/c/Users/Admin/Desktop/ud_data/Dataslush_umang/airflow/airflow_venv/lib/python3.12/site-packages/airflow/example_dags/example_sensors.py took 0.208 seconds
[2025-01-28T10:16:19.790+0000] {processor.py:186} INFO - Started process (PID=15087) to work on /mnt/c/Users/Admin/Desktop/ud_data/Dataslush_umang/airflow/airflow_venv/lib/python3.12/site-packages/airflow/example_dags/example_sensors.py
[2025-01-28T10:16:19.793+0000] {processor.py:914} INFO - Processing file /mnt/c/Users/Admin/Desktop/ud_data/Dataslush_umang/airflow/airflow_venv/lib/python3.12/site-packages/airflow/example_dags/example_sensors.py for tasks to queue
[2025-01-28T10:16:19.798+0000] {logging_mixin.py:190} INFO - [2025-01-28T10:16:19.796+0000] {dagbag.py:588} INFO - Filling up the DagBag from /mnt/c/Users/Admin/Desktop/ud_data/Dataslush_umang/airflow/airflow_venv/lib/python3.12/site-packages/airflow/example_dags/example_sensors.py
[2025-01-28T10:16:19.884+0000] {processor.py:925} INFO - DAG(s) 'example_sensors' retrieved from /mnt/c/Users/Admin/Desktop/ud_data/Dataslush_umang/airflow/airflow_venv/lib/python3.12/site-packages/airflow/example_dags/example_sensors.py
[2025-01-28T10:16:19.912+0000] {logging_mixin.py:190} INFO - [2025-01-28T10:16:19.910+0000] {dag.py:3239} INFO - Sync 1 DAGs
[2025-01-28T10:16:19.926+0000] {logging_mixin.py:190} INFO - [2025-01-28T10:16:19.924+0000] {dag.py:4180} INFO - Setting next_dagrun for example_sensors to None, run_after=None
[2025-01-28T10:16:20.253+0000] {processor.py:208} INFO - Processing /mnt/c/Users/Admin/Desktop/ud_data/Dataslush_umang/airflow/airflow_venv/lib/python3.12/site-packages/airflow/example_dags/example_sensors.py took 0.483 seconds
[2025-01-28T10:18:08.492+0000] {processor.py:186} INFO - Started process (PID=15303) to work on /mnt/c/Users/Admin/Desktop/ud_data/Dataslush_umang/airflow/airflow_venv/lib/python3.12/site-packages/airflow/example_dags/example_sensors.py
[2025-01-28T10:18:08.494+0000] {processor.py:914} INFO - Processing file /mnt/c/Users/Admin/Desktop/ud_data/Dataslush_umang/airflow/airflow_venv/lib/python3.12/site-packages/airflow/example_dags/example_sensors.py for tasks to queue
[2025-01-28T10:18:08.500+0000] {logging_mixin.py:190} INFO - [2025-01-28T10:18:08.498+0000] {dagbag.py:588} INFO - Filling up the DagBag from /mnt/c/Users/Admin/Desktop/ud_data/Dataslush_umang/airflow/airflow_venv/lib/python3.12/site-packages/airflow/example_dags/example_sensors.py
[2025-01-28T10:18:38.688+0000] {processor.py:925} INFO - DAG(s) 'example_sensors' retrieved from /mnt/c/Users/Admin/Desktop/ud_data/Dataslush_umang/airflow/airflow_venv/lib/python3.12/site-packages/airflow/example_dags/example_sensors.py
[2025-01-28T10:18:38.719+0000] {logging_mixin.py:190} INFO - [2025-01-28T10:18:38.718+0000] {dag.py:3239} INFO - Sync 1 DAGs
[2025-01-28T10:18:38.736+0000] {logging_mixin.py:190} INFO - [2025-01-28T10:18:38.735+0000] {dag.py:4180} INFO - Setting next_dagrun for example_sensors to None, run_after=None
[2025-01-28T10:18:38.774+0000] {processor.py:208} INFO - Processing /mnt/c/Users/Admin/Desktop/ud_data/Dataslush_umang/airflow/airflow_venv/lib/python3.12/site-packages/airflow/example_dags/example_sensors.py took 0.234 seconds
[2025-01-28T10:20:42.728+0000] {processor.py:186} INFO - Started process (PID=15531) to work on /mnt/c/Users/Admin/Desktop/ud_data/Dataslush_umang/airflow/airflow_venv/lib/python3.12/site-packages/airflow/example_dags/example_sensors.py
[2025-01-28T10:20:42.734+0000] {processor.py:914} INFO - Processing file /mnt/c/Users/Admin/Desktop/ud_data/Dataslush_umang/airflow/airflow_venv/lib/python3.12/site-packages/airflow/example_dags/example_sensors.py for tasks to queue
[2025-01-28T10:20:42.770+0000] {logging_mixin.py:190} INFO - [2025-01-28T10:20:42.761+0000] {dagbag.py:588} INFO - Filling up the DagBag from /mnt/c/Users/Admin/Desktop/ud_data/Dataslush_umang/airflow/airflow_venv/lib/python3.12/site-packages/airflow/example_dags/example_sensors.py
[2025-01-28T10:20:42.914+0000] {processor.py:925} INFO - DAG(s) 'example_sensors' retrieved from /mnt/c/Users/Admin/Desktop/ud_data/Dataslush_umang/airflow/airflow_venv/lib/python3.12/site-packages/airflow/example_dags/example_sensors.py
[2025-01-28T10:20:42.956+0000] {logging_mixin.py:190} INFO - [2025-01-28T10:20:42.955+0000] {dag.py:3239} INFO - Sync 1 DAGs
[2025-01-28T10:20:42.975+0000] {logging_mixin.py:190} INFO - [2025-01-28T10:20:42.974+0000] {dag.py:4180} INFO - Setting next_dagrun for example_sensors to None, run_after=None
[2025-01-28T10:20:43.191+0000] {processor.py:208} INFO - Processing /mnt/c/Users/Admin/Desktop/ud_data/Dataslush_umang/airflow/airflow_venv/lib/python3.12/site-packages/airflow/example_dags/example_sensors.py took 0.558 seconds
[2025-01-28T10:22:18.726+0000] {processor.py:186} INFO - Started process (PID=15667) to work on /mnt/c/Users/Admin/Desktop/ud_data/Dataslush_umang/airflow/airflow_venv/lib/python3.12/site-packages/airflow/example_dags/example_sensors.py
[2025-01-28T10:22:18.733+0000] {processor.py:914} INFO - Processing file /mnt/c/Users/Admin/Desktop/ud_data/Dataslush_umang/airflow/airflow_venv/lib/python3.12/site-packages/airflow/example_dags/example_sensors.py for tasks to queue
[2025-01-28T10:22:18.748+0000] {logging_mixin.py:190} INFO - [2025-01-28T10:22:18.743+0000] {dagbag.py:588} INFO - Filling up the DagBag from /mnt/c/Users/Admin/Desktop/ud_data/Dataslush_umang/airflow/airflow_venv/lib/python3.12/site-packages/airflow/example_dags/example_sensors.py
[2025-01-28T10:22:49.087+0000] {processor.py:925} INFO - DAG(s) 'example_sensors' retrieved from /mnt/c/Users/Admin/Desktop/ud_data/Dataslush_umang/airflow/airflow_venv/lib/python3.12/site-packages/airflow/example_dags/example_sensors.py
[2025-01-28T10:22:49.123+0000] {logging_mixin.py:190} INFO - [2025-01-28T10:22:49.120+0000] {dag.py:3239} INFO - Sync 1 DAGs
[2025-01-28T10:22:49.139+0000] {logging_mixin.py:190} INFO - [2025-01-28T10:22:49.137+0000] {dag.py:4180} INFO - Setting next_dagrun for example_sensors to None, run_after=None
[2025-01-28T10:22:49.181+0000] {processor.py:208} INFO - Processing /mnt/c/Users/Admin/Desktop/ud_data/Dataslush_umang/airflow/airflow_venv/lib/python3.12/site-packages/airflow/example_dags/example_sensors.py took 0.428 seconds
[2025-01-28T10:24:02.757+0000] {processor.py:186} INFO - Started process (PID=15834) to work on /mnt/c/Users/Admin/Desktop/ud_data/Dataslush_umang/airflow/airflow_venv/lib/python3.12/site-packages/airflow/example_dags/example_sensors.py
[2025-01-28T10:24:02.942+0000] {processor.py:914} INFO - Processing file /mnt/c/Users/Admin/Desktop/ud_data/Dataslush_umang/airflow/airflow_venv/lib/python3.12/site-packages/airflow/example_dags/example_sensors.py for tasks to queue
[2025-01-28T10:24:02.950+0000] {logging_mixin.py:190} INFO - [2025-01-28T10:24:02.948+0000] {dagbag.py:588} INFO - Filling up the DagBag from /mnt/c/Users/Admin/Desktop/ud_data/Dataslush_umang/airflow/airflow_venv/lib/python3.12/site-packages/airflow/example_dags/example_sensors.py
[2025-01-28T10:24:03.179+0000] {processor.py:925} INFO - DAG(s) 'example_sensors' retrieved from /mnt/c/Users/Admin/Desktop/ud_data/Dataslush_umang/airflow/airflow_venv/lib/python3.12/site-packages/airflow/example_dags/example_sensors.py
[2025-01-28T10:24:03.236+0000] {logging_mixin.py:190} INFO - [2025-01-28T10:24:03.231+0000] {dag.py:3239} INFO - Sync 1 DAGs
[2025-01-28T10:24:03.277+0000] {logging_mixin.py:190} INFO - [2025-01-28T10:24:03.273+0000] {dag.py:4180} INFO - Setting next_dagrun for example_sensors to None, run_after=None
[2025-01-28T10:24:03.459+0000] {processor.py:208} INFO - Processing /mnt/c/Users/Admin/Desktop/ud_data/Dataslush_umang/airflow/airflow_venv/lib/python3.12/site-packages/airflow/example_dags/example_sensors.py took 0.740 seconds
[2025-01-28T10:25:37.583+0000] {processor.py:186} INFO - Started process (PID=16053) to work on /mnt/c/Users/Admin/Desktop/ud_data/Dataslush_umang/airflow/airflow_venv/lib/python3.12/site-packages/airflow/example_dags/example_sensors.py
[2025-01-28T10:25:37.588+0000] {processor.py:914} INFO - Processing file /mnt/c/Users/Admin/Desktop/ud_data/Dataslush_umang/airflow/airflow_venv/lib/python3.12/site-packages/airflow/example_dags/example_sensors.py for tasks to queue
[2025-01-28T10:25:37.599+0000] {logging_mixin.py:190} INFO - [2025-01-28T10:25:37.596+0000] {dagbag.py:588} INFO - Filling up the DagBag from /mnt/c/Users/Admin/Desktop/ud_data/Dataslush_umang/airflow/airflow_venv/lib/python3.12/site-packages/airflow/example_dags/example_sensors.py
[2025-01-28T10:25:37.770+0000] {processor.py:925} INFO - DAG(s) 'example_sensors' retrieved from /mnt/c/Users/Admin/Desktop/ud_data/Dataslush_umang/airflow/airflow_venv/lib/python3.12/site-packages/airflow/example_dags/example_sensors.py
[2025-01-28T10:25:37.820+0000] {logging_mixin.py:190} INFO - [2025-01-28T10:25:37.816+0000] {dag.py:3239} INFO - Sync 1 DAGs
[2025-01-28T10:25:37.874+0000] {logging_mixin.py:190} INFO - [2025-01-28T10:25:37.872+0000] {dag.py:4180} INFO - Setting next_dagrun for example_sensors to None, run_after=None
[2025-01-28T10:25:38.012+0000] {processor.py:208} INFO - Processing /mnt/c/Users/Admin/Desktop/ud_data/Dataslush_umang/airflow/airflow_venv/lib/python3.12/site-packages/airflow/example_dags/example_sensors.py took 0.482 seconds
[2025-01-28T10:26:46.571+0000] {processor.py:186} INFO - Started process (PID=16220) to work on /mnt/c/Users/Admin/Desktop/ud_data/Dataslush_umang/airflow/airflow_venv/lib/python3.12/site-packages/airflow/example_dags/example_sensors.py
[2025-01-28T10:26:46.578+0000] {processor.py:914} INFO - Processing file /mnt/c/Users/Admin/Desktop/ud_data/Dataslush_umang/airflow/airflow_venv/lib/python3.12/site-packages/airflow/example_dags/example_sensors.py for tasks to queue
[2025-01-28T10:26:46.594+0000] {logging_mixin.py:190} INFO - [2025-01-28T10:26:46.589+0000] {dagbag.py:588} INFO - Filling up the DagBag from /mnt/c/Users/Admin/Desktop/ud_data/Dataslush_umang/airflow/airflow_venv/lib/python3.12/site-packages/airflow/example_dags/example_sensors.py
[2025-01-28T10:26:46.859+0000] {processor.py:925} INFO - DAG(s) 'example_sensors' retrieved from /mnt/c/Users/Admin/Desktop/ud_data/Dataslush_umang/airflow/airflow_venv/lib/python3.12/site-packages/airflow/example_dags/example_sensors.py
[2025-01-28T10:26:46.905+0000] {logging_mixin.py:190} INFO - [2025-01-28T10:26:46.903+0000] {dag.py:3239} INFO - Sync 1 DAGs
[2025-01-28T10:26:46.921+0000] {logging_mixin.py:190} INFO - [2025-01-28T10:26:46.920+0000] {dag.py:4180} INFO - Setting next_dagrun for example_sensors to None, run_after=None
[2025-01-28T10:26:46.979+0000] {processor.py:208} INFO - Processing /mnt/c/Users/Admin/Desktop/ud_data/Dataslush_umang/airflow/airflow_venv/lib/python3.12/site-packages/airflow/example_dags/example_sensors.py took 0.470 seconds
[2025-01-28T10:28:22.873+0000] {processor.py:186} INFO - Started process (PID=16307) to work on /mnt/c/Users/Admin/Desktop/ud_data/Dataslush_umang/airflow/airflow_venv/lib/python3.12/site-packages/airflow/example_dags/example_sensors.py
[2025-01-28T10:28:22.877+0000] {processor.py:914} INFO - Processing file /mnt/c/Users/Admin/Desktop/ud_data/Dataslush_umang/airflow/airflow_venv/lib/python3.12/site-packages/airflow/example_dags/example_sensors.py for tasks to queue
[2025-01-28T10:28:22.884+0000] {logging_mixin.py:190} INFO - [2025-01-28T10:28:22.882+0000] {dagbag.py:588} INFO - Filling up the DagBag from /mnt/c/Users/Admin/Desktop/ud_data/Dataslush_umang/airflow/airflow_venv/lib/python3.12/site-packages/airflow/example_dags/example_sensors.py
[2025-01-28T10:28:23.067+0000] {processor.py:925} INFO - DAG(s) 'example_sensors' retrieved from /mnt/c/Users/Admin/Desktop/ud_data/Dataslush_umang/airflow/airflow_venv/lib/python3.12/site-packages/airflow/example_dags/example_sensors.py
[2025-01-28T10:28:23.111+0000] {logging_mixin.py:190} INFO - [2025-01-28T10:28:23.109+0000] {dag.py:3239} INFO - Sync 1 DAGs
[2025-01-28T10:28:23.134+0000] {logging_mixin.py:190} INFO - [2025-01-28T10:28:23.133+0000] {dag.py:4180} INFO - Setting next_dagrun for example_sensors to None, run_after=None
[2025-01-28T10:28:23.271+0000] {processor.py:208} INFO - Processing /mnt/c/Users/Admin/Desktop/ud_data/Dataslush_umang/airflow/airflow_venv/lib/python3.12/site-packages/airflow/example_dags/example_sensors.py took 0.436 seconds
[2025-01-28T10:29:43.821+0000] {processor.py:186} INFO - Started process (PID=16384) to work on /mnt/c/Users/Admin/Desktop/ud_data/Dataslush_umang/airflow/airflow_venv/lib/python3.12/site-packages/airflow/example_dags/example_sensors.py
[2025-01-28T10:29:43.829+0000] {processor.py:914} INFO - Processing file /mnt/c/Users/Admin/Desktop/ud_data/Dataslush_umang/airflow/airflow_venv/lib/python3.12/site-packages/airflow/example_dags/example_sensors.py for tasks to queue
[2025-01-28T10:29:43.845+0000] {logging_mixin.py:190} INFO - [2025-01-28T10:29:43.840+0000] {dagbag.py:588} INFO - Filling up the DagBag from /mnt/c/Users/Admin/Desktop/ud_data/Dataslush_umang/airflow/airflow_venv/lib/python3.12/site-packages/airflow/example_dags/example_sensors.py
[2025-01-28T10:29:44.200+0000] {processor.py:925} INFO - DAG(s) 'example_sensors' retrieved from /mnt/c/Users/Admin/Desktop/ud_data/Dataslush_umang/airflow/airflow_venv/lib/python3.12/site-packages/airflow/example_dags/example_sensors.py
[2025-01-28T10:29:44.297+0000] {logging_mixin.py:190} INFO - [2025-01-28T10:29:44.292+0000] {dag.py:3239} INFO - Sync 1 DAGs
[2025-01-28T10:29:44.361+0000] {logging_mixin.py:190} INFO - [2025-01-28T10:29:44.355+0000] {dag.py:4180} INFO - Setting next_dagrun for example_sensors to None, run_after=None
[2025-01-28T10:29:44.576+0000] {processor.py:208} INFO - Processing /mnt/c/Users/Admin/Desktop/ud_data/Dataslush_umang/airflow/airflow_venv/lib/python3.12/site-packages/airflow/example_dags/example_sensors.py took 0.826 seconds
[2025-01-28T10:32:04.622+0000] {processor.py:186} INFO - Started process (PID=16619) to work on /mnt/c/Users/Admin/Desktop/ud_data/Dataslush_umang/airflow/airflow_venv/lib/python3.12/site-packages/airflow/example_dags/example_sensors.py
[2025-01-28T10:32:04.651+0000] {processor.py:914} INFO - Processing file /mnt/c/Users/Admin/Desktop/ud_data/Dataslush_umang/airflow/airflow_venv/lib/python3.12/site-packages/airflow/example_dags/example_sensors.py for tasks to queue
[2025-01-28T10:32:04.666+0000] {logging_mixin.py:190} INFO - [2025-01-28T10:32:04.661+0000] {dagbag.py:588} INFO - Filling up the DagBag from /mnt/c/Users/Admin/Desktop/ud_data/Dataslush_umang/airflow/airflow_venv/lib/python3.12/site-packages/airflow/example_dags/example_sensors.py
[2025-01-28T10:32:35.104+0000] {processor.py:925} INFO - DAG(s) 'example_sensors' retrieved from /mnt/c/Users/Admin/Desktop/ud_data/Dataslush_umang/airflow/airflow_venv/lib/python3.12/site-packages/airflow/example_dags/example_sensors.py
[2025-01-28T10:32:35.179+0000] {logging_mixin.py:190} INFO - [2025-01-28T10:32:35.175+0000] {dag.py:3239} INFO - Sync 1 DAGs
[2025-01-28T10:32:35.232+0000] {logging_mixin.py:190} INFO - [2025-01-28T10:32:35.228+0000] {dag.py:4180} INFO - Setting next_dagrun for example_sensors to None, run_after=None
[2025-01-28T10:32:05.971+0000] {processor.py:208} INFO - Processing /mnt/c/Users/Admin/Desktop/ud_data/Dataslush_umang/airflow/airflow_venv/lib/python3.12/site-packages/airflow/example_dags/example_sensors.py took 1.421 seconds
[2025-01-28T10:33:23.023+0000] {processor.py:186} INFO - Started process (PID=16717) to work on /mnt/c/Users/Admin/Desktop/ud_data/Dataslush_umang/airflow/airflow_venv/lib/python3.12/site-packages/airflow/example_dags/example_sensors.py
[2025-01-28T10:33:23.030+0000] {processor.py:914} INFO - Processing file /mnt/c/Users/Admin/Desktop/ud_data/Dataslush_umang/airflow/airflow_venv/lib/python3.12/site-packages/airflow/example_dags/example_sensors.py for tasks to queue
[2025-01-28T10:33:23.048+0000] {logging_mixin.py:190} INFO - [2025-01-28T10:33:23.043+0000] {dagbag.py:588} INFO - Filling up the DagBag from /mnt/c/Users/Admin/Desktop/ud_data/Dataslush_umang/airflow/airflow_venv/lib/python3.12/site-packages/airflow/example_dags/example_sensors.py
[2025-01-28T10:33:23.386+0000] {processor.py:925} INFO - DAG(s) 'example_sensors' retrieved from /mnt/c/Users/Admin/Desktop/ud_data/Dataslush_umang/airflow/airflow_venv/lib/python3.12/site-packages/airflow/example_dags/example_sensors.py
[2025-01-28T10:33:23.450+0000] {logging_mixin.py:190} INFO - [2025-01-28T10:33:23.447+0000] {dag.py:3239} INFO - Sync 1 DAGs
[2025-01-28T10:33:23.477+0000] {logging_mixin.py:190} INFO - [2025-01-28T10:33:23.475+0000] {dag.py:4180} INFO - Setting next_dagrun for example_sensors to None, run_after=None
[2025-01-28T10:33:23.663+0000] {processor.py:208} INFO - Processing /mnt/c/Users/Admin/Desktop/ud_data/Dataslush_umang/airflow/airflow_venv/lib/python3.12/site-packages/airflow/example_dags/example_sensors.py took 0.711 seconds
[2025-01-28T10:35:59.725+0000] {processor.py:186} INFO - Started process (PID=16961) to work on /mnt/c/Users/Admin/Desktop/ud_data/Dataslush_umang/airflow/airflow_venv/lib/python3.12/site-packages/airflow/example_dags/example_sensors.py
[2025-01-28T10:35:59.811+0000] {processor.py:914} INFO - Processing file /mnt/c/Users/Admin/Desktop/ud_data/Dataslush_umang/airflow/airflow_venv/lib/python3.12/site-packages/airflow/example_dags/example_sensors.py for tasks to queue
[2025-01-28T10:35:59.817+0000] {logging_mixin.py:190} INFO - [2025-01-28T10:35:59.816+0000] {dagbag.py:588} INFO - Filling up the DagBag from /mnt/c/Users/Admin/Desktop/ud_data/Dataslush_umang/airflow/airflow_venv/lib/python3.12/site-packages/airflow/example_dags/example_sensors.py
[2025-01-28T10:35:59.930+0000] {processor.py:925} INFO - DAG(s) 'example_sensors' retrieved from /mnt/c/Users/Admin/Desktop/ud_data/Dataslush_umang/airflow/airflow_venv/lib/python3.12/site-packages/airflow/example_dags/example_sensors.py
[2025-01-28T10:35:59.967+0000] {logging_mixin.py:190} INFO - [2025-01-28T10:35:59.965+0000] {dag.py:3239} INFO - Sync 1 DAGs
[2025-01-28T10:35:59.984+0000] {logging_mixin.py:190} INFO - [2025-01-28T10:35:59.983+0000] {dag.py:4180} INFO - Setting next_dagrun for example_sensors to None, run_after=None
[2025-01-28T10:36:00.026+0000] {processor.py:208} INFO - Processing /mnt/c/Users/Admin/Desktop/ud_data/Dataslush_umang/airflow/airflow_venv/lib/python3.12/site-packages/airflow/example_dags/example_sensors.py took 0.326 seconds
[2025-01-28T10:37:29.436+0000] {processor.py:186} INFO - Started process (PID=17081) to work on /mnt/c/Users/Admin/Desktop/ud_data/Dataslush_umang/airflow/airflow_venv/lib/python3.12/site-packages/airflow/example_dags/example_sensors.py
[2025-01-28T10:37:29.443+0000] {processor.py:914} INFO - Processing file /mnt/c/Users/Admin/Desktop/ud_data/Dataslush_umang/airflow/airflow_venv/lib/python3.12/site-packages/airflow/example_dags/example_sensors.py for tasks to queue
[2025-01-28T10:37:29.456+0000] {logging_mixin.py:190} INFO - [2025-01-28T10:37:29.453+0000] {dagbag.py:588} INFO - Filling up the DagBag from /mnt/c/Users/Admin/Desktop/ud_data/Dataslush_umang/airflow/airflow_venv/lib/python3.12/site-packages/airflow/example_dags/example_sensors.py
[2025-01-28T10:37:29.632+0000] {processor.py:925} INFO - DAG(s) 'example_sensors' retrieved from /mnt/c/Users/Admin/Desktop/ud_data/Dataslush_umang/airflow/airflow_venv/lib/python3.12/site-packages/airflow/example_dags/example_sensors.py
[2025-01-28T10:37:29.675+0000] {logging_mixin.py:190} INFO - [2025-01-28T10:37:29.673+0000] {dag.py:3239} INFO - Sync 1 DAGs
[2025-01-28T10:37:29.693+0000] {logging_mixin.py:190} INFO - [2025-01-28T10:37:29.691+0000] {dag.py:4180} INFO - Setting next_dagrun for example_sensors to None, run_after=None
[2025-01-28T10:37:29.889+0000] {processor.py:208} INFO - Processing /mnt/c/Users/Admin/Desktop/ud_data/Dataslush_umang/airflow/airflow_venv/lib/python3.12/site-packages/airflow/example_dags/example_sensors.py took 0.499 seconds
[2025-01-28T10:38:57.963+0000] {processor.py:186} INFO - Started process (PID=17236) to work on /mnt/c/Users/Admin/Desktop/ud_data/Dataslush_umang/airflow/airflow_venv/lib/python3.12/site-packages/airflow/example_dags/example_sensors.py
[2025-01-28T10:38:57.972+0000] {processor.py:914} INFO - Processing file /mnt/c/Users/Admin/Desktop/ud_data/Dataslush_umang/airflow/airflow_venv/lib/python3.12/site-packages/airflow/example_dags/example_sensors.py for tasks to queue
[2025-01-28T10:38:57.988+0000] {logging_mixin.py:190} INFO - [2025-01-28T10:38:57.983+0000] {dagbag.py:588} INFO - Filling up the DagBag from /mnt/c/Users/Admin/Desktop/ud_data/Dataslush_umang/airflow/airflow_venv/lib/python3.12/site-packages/airflow/example_dags/example_sensors.py
[2025-01-28T10:38:58.225+0000] {processor.py:925} INFO - DAG(s) 'example_sensors' retrieved from /mnt/c/Users/Admin/Desktop/ud_data/Dataslush_umang/airflow/airflow_venv/lib/python3.12/site-packages/airflow/example_dags/example_sensors.py
[2025-01-28T10:38:58.275+0000] {logging_mixin.py:190} INFO - [2025-01-28T10:38:58.273+0000] {dag.py:3239} INFO - Sync 1 DAGs
[2025-01-28T10:38:58.295+0000] {logging_mixin.py:190} INFO - [2025-01-28T10:38:58.293+0000] {dag.py:4180} INFO - Setting next_dagrun for example_sensors to None, run_after=None
[2025-01-28T10:38:58.337+0000] {processor.py:208} INFO - Processing /mnt/c/Users/Admin/Desktop/ud_data/Dataslush_umang/airflow/airflow_venv/lib/python3.12/site-packages/airflow/example_dags/example_sensors.py took 0.424 seconds
[2025-01-28T10:40:31.317+0000] {processor.py:186} INFO - Started process (PID=17353) to work on /mnt/c/Users/Admin/Desktop/ud_data/Dataslush_umang/airflow/airflow_venv/lib/python3.12/site-packages/airflow/example_dags/example_sensors.py
[2025-01-28T10:40:31.529+0000] {processor.py:914} INFO - Processing file /mnt/c/Users/Admin/Desktop/ud_data/Dataslush_umang/airflow/airflow_venv/lib/python3.12/site-packages/airflow/example_dags/example_sensors.py for tasks to queue
[2025-01-28T10:40:31.539+0000] {logging_mixin.py:190} INFO - [2025-01-28T10:40:31.535+0000] {dagbag.py:588} INFO - Filling up the DagBag from /mnt/c/Users/Admin/Desktop/ud_data/Dataslush_umang/airflow/airflow_venv/lib/python3.12/site-packages/airflow/example_dags/example_sensors.py
[2025-01-28T10:40:31.688+0000] {processor.py:925} INFO - DAG(s) 'example_sensors' retrieved from /mnt/c/Users/Admin/Desktop/ud_data/Dataslush_umang/airflow/airflow_venv/lib/python3.12/site-packages/airflow/example_dags/example_sensors.py
[2025-01-28T10:40:31.722+0000] {logging_mixin.py:190} INFO - [2025-01-28T10:40:31.720+0000] {dag.py:3239} INFO - Sync 1 DAGs
[2025-01-28T10:40:31.740+0000] {logging_mixin.py:190} INFO - [2025-01-28T10:40:31.738+0000] {dag.py:4180} INFO - Setting next_dagrun for example_sensors to None, run_after=None
[2025-01-28T10:40:32.374+0000] {processor.py:208} INFO - Processing /mnt/c/Users/Admin/Desktop/ud_data/Dataslush_umang/airflow/airflow_venv/lib/python3.12/site-packages/airflow/example_dags/example_sensors.py took 1.083 seconds
[2025-01-28T10:42:41.130+0000] {processor.py:186} INFO - Started process (PID=17556) to work on /mnt/c/Users/Admin/Desktop/ud_data/Dataslush_umang/airflow/airflow_venv/lib/python3.12/site-packages/airflow/example_dags/example_sensors.py
[2025-01-28T10:42:41.165+0000] {processor.py:914} INFO - Processing file /mnt/c/Users/Admin/Desktop/ud_data/Dataslush_umang/airflow/airflow_venv/lib/python3.12/site-packages/airflow/example_dags/example_sensors.py for tasks to queue
[2025-01-28T10:42:41.171+0000] {logging_mixin.py:190} INFO - [2025-01-28T10:42:41.169+0000] {dagbag.py:588} INFO - Filling up the DagBag from /mnt/c/Users/Admin/Desktop/ud_data/Dataslush_umang/airflow/airflow_venv/lib/python3.12/site-packages/airflow/example_dags/example_sensors.py
[2025-01-28T10:42:41.289+0000] {processor.py:925} INFO - DAG(s) 'example_sensors' retrieved from /mnt/c/Users/Admin/Desktop/ud_data/Dataslush_umang/airflow/airflow_venv/lib/python3.12/site-packages/airflow/example_dags/example_sensors.py
[2025-01-28T10:42:41.316+0000] {logging_mixin.py:190} INFO - [2025-01-28T10:42:41.315+0000] {dag.py:3239} INFO - Sync 1 DAGs
[2025-01-28T10:42:41.332+0000] {logging_mixin.py:190} INFO - [2025-01-28T10:42:41.330+0000] {dag.py:4180} INFO - Setting next_dagrun for example_sensors to None, run_after=None
[2025-01-28T10:42:11.433+0000] {processor.py:208} INFO - Processing /mnt/c/Users/Admin/Desktop/ud_data/Dataslush_umang/airflow/airflow_venv/lib/python3.12/site-packages/airflow/example_dags/example_sensors.py took 0.414 seconds
[2025-01-28T10:45:16.864+0000] {processor.py:186} INFO - Started process (PID=17882) to work on /mnt/c/Users/Admin/Desktop/ud_data/Dataslush_umang/airflow/airflow_venv/lib/python3.12/site-packages/airflow/example_dags/example_sensors.py
[2025-01-28T10:45:16.987+0000] {processor.py:914} INFO - Processing file /mnt/c/Users/Admin/Desktop/ud_data/Dataslush_umang/airflow/airflow_venv/lib/python3.12/site-packages/airflow/example_dags/example_sensors.py for tasks to queue
[2025-01-28T10:45:16.997+0000] {logging_mixin.py:190} INFO - [2025-01-28T10:45:16.994+0000] {dagbag.py:588} INFO - Filling up the DagBag from /mnt/c/Users/Admin/Desktop/ud_data/Dataslush_umang/airflow/airflow_venv/lib/python3.12/site-packages/airflow/example_dags/example_sensors.py
[2025-01-28T10:45:17.115+0000] {processor.py:925} INFO - DAG(s) 'example_sensors' retrieved from /mnt/c/Users/Admin/Desktop/ud_data/Dataslush_umang/airflow/airflow_venv/lib/python3.12/site-packages/airflow/example_dags/example_sensors.py
[2025-01-28T10:45:17.174+0000] {logging_mixin.py:190} INFO - [2025-01-28T10:45:17.173+0000] {dag.py:3239} INFO - Sync 1 DAGs
[2025-01-28T10:45:17.199+0000] {logging_mixin.py:190} INFO - [2025-01-28T10:45:17.197+0000] {dag.py:4180} INFO - Setting next_dagrun for example_sensors to None, run_after=None
[2025-01-28T10:45:23.706+0000] {processor.py:208} INFO - Processing /mnt/c/Users/Admin/Desktop/ud_data/Dataslush_umang/airflow/airflow_venv/lib/python3.12/site-packages/airflow/example_dags/example_sensors.py took 6.868 seconds
[2025-01-28T10:48:01.867+0000] {processor.py:186} INFO - Started process (PID=17999) to work on /mnt/c/Users/Admin/Desktop/ud_data/Dataslush_umang/airflow/airflow_venv/lib/python3.12/site-packages/airflow/example_dags/example_sensors.py
[2025-01-28T10:48:01.872+0000] {processor.py:914} INFO - Processing file /mnt/c/Users/Admin/Desktop/ud_data/Dataslush_umang/airflow/airflow_venv/lib/python3.12/site-packages/airflow/example_dags/example_sensors.py for tasks to queue
[2025-01-28T10:48:01.880+0000] {logging_mixin.py:190} INFO - [2025-01-28T10:48:01.878+0000] {dagbag.py:588} INFO - Filling up the DagBag from /mnt/c/Users/Admin/Desktop/ud_data/Dataslush_umang/airflow/airflow_venv/lib/python3.12/site-packages/airflow/example_dags/example_sensors.py
[2025-01-28T10:48:02.003+0000] {processor.py:925} INFO - DAG(s) 'example_sensors' retrieved from /mnt/c/Users/Admin/Desktop/ud_data/Dataslush_umang/airflow/airflow_venv/lib/python3.12/site-packages/airflow/example_dags/example_sensors.py
[2025-01-28T10:47:31.967+0000] {logging_mixin.py:190} INFO - [2025-01-28T10:47:31.965+0000] {dag.py:3239} INFO - Sync 1 DAGs
[2025-01-28T10:47:32.015+0000] {logging_mixin.py:190} INFO - [2025-01-28T10:47:32.014+0000] {dag.py:4180} INFO - Setting next_dagrun for example_sensors to None, run_after=None
[2025-01-28T10:47:33.041+0000] {processor.py:208} INFO - Processing /mnt/c/Users/Admin/Desktop/ud_data/Dataslush_umang/airflow/airflow_venv/lib/python3.12/site-packages/airflow/example_dags/example_sensors.py took 1.287 seconds
[2025-01-28T10:48:57.147+0000] {processor.py:186} INFO - Started process (PID=18189) to work on /mnt/c/Users/Admin/Desktop/ud_data/Dataslush_umang/airflow/airflow_venv/lib/python3.12/site-packages/airflow/example_dags/example_sensors.py
[2025-01-28T10:48:57.273+0000] {processor.py:914} INFO - Processing file /mnt/c/Users/Admin/Desktop/ud_data/Dataslush_umang/airflow/airflow_venv/lib/python3.12/site-packages/airflow/example_dags/example_sensors.py for tasks to queue
[2025-01-28T10:48:57.290+0000] {logging_mixin.py:190} INFO - [2025-01-28T10:48:57.279+0000] {dagbag.py:588} INFO - Filling up the DagBag from /mnt/c/Users/Admin/Desktop/ud_data/Dataslush_umang/airflow/airflow_venv/lib/python3.12/site-packages/airflow/example_dags/example_sensors.py
[2025-01-28T10:48:57.419+0000] {processor.py:925} INFO - DAG(s) 'example_sensors' retrieved from /mnt/c/Users/Admin/Desktop/ud_data/Dataslush_umang/airflow/airflow_venv/lib/python3.12/site-packages/airflow/example_dags/example_sensors.py
[2025-01-28T10:48:57.452+0000] {logging_mixin.py:190} INFO - [2025-01-28T10:48:57.450+0000] {dag.py:3239} INFO - Sync 1 DAGs
[2025-01-28T10:48:57.477+0000] {logging_mixin.py:190} INFO - [2025-01-28T10:48:57.476+0000] {dag.py:4180} INFO - Setting next_dagrun for example_sensors to None, run_after=None
[2025-01-28T10:48:57.656+0000] {processor.py:208} INFO - Processing /mnt/c/Users/Admin/Desktop/ud_data/Dataslush_umang/airflow/airflow_venv/lib/python3.12/site-packages/airflow/example_dags/example_sensors.py took 0.539 seconds
[2025-01-28T10:50:04.443+0000] {processor.py:186} INFO - Started process (PID=18302) to work on /mnt/c/Users/Admin/Desktop/ud_data/Dataslush_umang/airflow/airflow_venv/lib/python3.12/site-packages/airflow/example_dags/example_sensors.py
[2025-01-28T10:50:04.644+0000] {processor.py:914} INFO - Processing file /mnt/c/Users/Admin/Desktop/ud_data/Dataslush_umang/airflow/airflow_venv/lib/python3.12/site-packages/airflow/example_dags/example_sensors.py for tasks to queue
[2025-01-28T10:50:04.650+0000] {logging_mixin.py:190} INFO - [2025-01-28T10:50:04.648+0000] {dagbag.py:588} INFO - Filling up the DagBag from /mnt/c/Users/Admin/Desktop/ud_data/Dataslush_umang/airflow/airflow_venv/lib/python3.12/site-packages/airflow/example_dags/example_sensors.py
[2025-01-28T10:50:04.782+0000] {processor.py:925} INFO - DAG(s) 'example_sensors' retrieved from /mnt/c/Users/Admin/Desktop/ud_data/Dataslush_umang/airflow/airflow_venv/lib/python3.12/site-packages/airflow/example_dags/example_sensors.py
[2025-01-28T10:50:04.826+0000] {logging_mixin.py:190} INFO - [2025-01-28T10:50:04.825+0000] {dag.py:3239} INFO - Sync 1 DAGs
[2025-01-28T10:50:04.847+0000] {logging_mixin.py:190} INFO - [2025-01-28T10:50:04.845+0000] {dag.py:4180} INFO - Setting next_dagrun for example_sensors to None, run_after=None
[2025-01-28T10:50:05.140+0000] {processor.py:208} INFO - Processing /mnt/c/Users/Admin/Desktop/ud_data/Dataslush_umang/airflow/airflow_venv/lib/python3.12/site-packages/airflow/example_dags/example_sensors.py took 0.722 seconds
[2025-01-28T10:51:11.211+0000] {processor.py:186} INFO - Started process (PID=18515) to work on /mnt/c/Users/Admin/Desktop/ud_data/Dataslush_umang/airflow/airflow_venv/lib/python3.12/site-packages/airflow/example_dags/example_sensors.py
[2025-01-28T10:51:11.214+0000] {processor.py:914} INFO - Processing file /mnt/c/Users/Admin/Desktop/ud_data/Dataslush_umang/airflow/airflow_venv/lib/python3.12/site-packages/airflow/example_dags/example_sensors.py for tasks to queue
[2025-01-28T10:51:11.221+0000] {logging_mixin.py:190} INFO - [2025-01-28T10:51:11.218+0000] {dagbag.py:588} INFO - Filling up the DagBag from /mnt/c/Users/Admin/Desktop/ud_data/Dataslush_umang/airflow/airflow_venv/lib/python3.12/site-packages/airflow/example_dags/example_sensors.py
[2025-01-28T10:51:11.353+0000] {processor.py:925} INFO - DAG(s) 'example_sensors' retrieved from /mnt/c/Users/Admin/Desktop/ud_data/Dataslush_umang/airflow/airflow_venv/lib/python3.12/site-packages/airflow/example_dags/example_sensors.py
[2025-01-28T10:51:11.389+0000] {logging_mixin.py:190} INFO - [2025-01-28T10:51:11.387+0000] {dag.py:3239} INFO - Sync 1 DAGs
[2025-01-28T10:51:11.408+0000] {logging_mixin.py:190} INFO - [2025-01-28T10:51:11.407+0000] {dag.py:4180} INFO - Setting next_dagrun for example_sensors to None, run_after=None
[2025-01-28T10:51:11.451+0000] {processor.py:208} INFO - Processing /mnt/c/Users/Admin/Desktop/ud_data/Dataslush_umang/airflow/airflow_venv/lib/python3.12/site-packages/airflow/example_dags/example_sensors.py took 0.270 seconds
[2025-01-28T10:53:00.675+0000] {processor.py:186} INFO - Started process (PID=18684) to work on /mnt/c/Users/Admin/Desktop/ud_data/Dataslush_umang/airflow/airflow_venv/lib/python3.12/site-packages/airflow/example_dags/example_sensors.py
[2025-01-28T10:53:00.678+0000] {processor.py:914} INFO - Processing file /mnt/c/Users/Admin/Desktop/ud_data/Dataslush_umang/airflow/airflow_venv/lib/python3.12/site-packages/airflow/example_dags/example_sensors.py for tasks to queue
[2025-01-28T10:53:00.684+0000] {logging_mixin.py:190} INFO - [2025-01-28T10:53:00.682+0000] {dagbag.py:588} INFO - Filling up the DagBag from /mnt/c/Users/Admin/Desktop/ud_data/Dataslush_umang/airflow/airflow_venv/lib/python3.12/site-packages/airflow/example_dags/example_sensors.py
[2025-01-28T10:53:00.787+0000] {processor.py:925} INFO - DAG(s) 'example_sensors' retrieved from /mnt/c/Users/Admin/Desktop/ud_data/Dataslush_umang/airflow/airflow_venv/lib/python3.12/site-packages/airflow/example_dags/example_sensors.py
[2025-01-28T10:53:00.818+0000] {logging_mixin.py:190} INFO - [2025-01-28T10:53:00.817+0000] {dag.py:3239} INFO - Sync 1 DAGs
[2025-01-28T10:53:00.836+0000] {logging_mixin.py:190} INFO - [2025-01-28T10:53:00.834+0000] {dag.py:4180} INFO - Setting next_dagrun for example_sensors to None, run_after=None
[2025-01-28T10:53:01.016+0000] {processor.py:208} INFO - Processing /mnt/c/Users/Admin/Desktop/ud_data/Dataslush_umang/airflow/airflow_venv/lib/python3.12/site-packages/airflow/example_dags/example_sensors.py took 0.375 seconds
[2025-01-28T10:54:48.761+0000] {processor.py:186} INFO - Started process (PID=18831) to work on /mnt/c/Users/Admin/Desktop/ud_data/Dataslush_umang/airflow/airflow_venv/lib/python3.12/site-packages/airflow/example_dags/example_sensors.py
[2025-01-28T10:54:48.765+0000] {processor.py:914} INFO - Processing file /mnt/c/Users/Admin/Desktop/ud_data/Dataslush_umang/airflow/airflow_venv/lib/python3.12/site-packages/airflow/example_dags/example_sensors.py for tasks to queue
[2025-01-28T10:54:48.772+0000] {logging_mixin.py:190} INFO - [2025-01-28T10:54:48.770+0000] {dagbag.py:588} INFO - Filling up the DagBag from /mnt/c/Users/Admin/Desktop/ud_data/Dataslush_umang/airflow/airflow_venv/lib/python3.12/site-packages/airflow/example_dags/example_sensors.py
[2025-01-28T10:54:48.876+0000] {processor.py:925} INFO - DAG(s) 'example_sensors' retrieved from /mnt/c/Users/Admin/Desktop/ud_data/Dataslush_umang/airflow/airflow_venv/lib/python3.12/site-packages/airflow/example_dags/example_sensors.py
[2025-01-28T10:54:48.916+0000] {logging_mixin.py:190} INFO - [2025-01-28T10:54:48.914+0000] {dag.py:3239} INFO - Sync 1 DAGs
[2025-01-28T10:54:48.936+0000] {logging_mixin.py:190} INFO - [2025-01-28T10:54:48.935+0000] {dag.py:4180} INFO - Setting next_dagrun for example_sensors to None, run_after=None
[2025-01-28T10:54:49.064+0000] {processor.py:208} INFO - Processing /mnt/c/Users/Admin/Desktop/ud_data/Dataslush_umang/airflow/airflow_venv/lib/python3.12/site-packages/airflow/example_dags/example_sensors.py took 0.328 seconds
[2025-01-28T10:56:17.186+0000] {processor.py:186} INFO - Started process (PID=19020) to work on /mnt/c/Users/Admin/Desktop/ud_data/Dataslush_umang/airflow/airflow_venv/lib/python3.12/site-packages/airflow/example_dags/example_sensors.py
[2025-01-28T10:56:17.189+0000] {processor.py:914} INFO - Processing file /mnt/c/Users/Admin/Desktop/ud_data/Dataslush_umang/airflow/airflow_venv/lib/python3.12/site-packages/airflow/example_dags/example_sensors.py for tasks to queue
[2025-01-28T10:56:17.195+0000] {logging_mixin.py:190} INFO - [2025-01-28T10:56:17.193+0000] {dagbag.py:588} INFO - Filling up the DagBag from /mnt/c/Users/Admin/Desktop/ud_data/Dataslush_umang/airflow/airflow_venv/lib/python3.12/site-packages/airflow/example_dags/example_sensors.py
[2025-01-28T10:56:17.301+0000] {processor.py:925} INFO - DAG(s) 'example_sensors' retrieved from /mnt/c/Users/Admin/Desktop/ud_data/Dataslush_umang/airflow/airflow_venv/lib/python3.12/site-packages/airflow/example_dags/example_sensors.py
[2025-01-28T10:56:17.339+0000] {logging_mixin.py:190} INFO - [2025-01-28T10:56:17.338+0000] {dag.py:3239} INFO - Sync 1 DAGs
[2025-01-28T10:56:17.359+0000] {logging_mixin.py:190} INFO - [2025-01-28T10:56:17.358+0000] {dag.py:4180} INFO - Setting next_dagrun for example_sensors to None, run_after=None
[2025-01-28T10:56:17.498+0000] {processor.py:208} INFO - Processing /mnt/c/Users/Admin/Desktop/ud_data/Dataslush_umang/airflow/airflow_venv/lib/python3.12/site-packages/airflow/example_dags/example_sensors.py took 0.336 seconds
[2025-01-28T10:57:49.547+0000] {processor.py:186} INFO - Started process (PID=19179) to work on /mnt/c/Users/Admin/Desktop/ud_data/Dataslush_umang/airflow/airflow_venv/lib/python3.12/site-packages/airflow/example_dags/example_sensors.py
[2025-01-28T10:57:49.549+0000] {processor.py:914} INFO - Processing file /mnt/c/Users/Admin/Desktop/ud_data/Dataslush_umang/airflow/airflow_venv/lib/python3.12/site-packages/airflow/example_dags/example_sensors.py for tasks to queue
[2025-01-28T10:57:49.555+0000] {logging_mixin.py:190} INFO - [2025-01-28T10:57:49.553+0000] {dagbag.py:588} INFO - Filling up the DagBag from /mnt/c/Users/Admin/Desktop/ud_data/Dataslush_umang/airflow/airflow_venv/lib/python3.12/site-packages/airflow/example_dags/example_sensors.py
[2025-01-28T10:57:49.668+0000] {processor.py:925} INFO - DAG(s) 'example_sensors' retrieved from /mnt/c/Users/Admin/Desktop/ud_data/Dataslush_umang/airflow/airflow_venv/lib/python3.12/site-packages/airflow/example_dags/example_sensors.py
[2025-01-28T10:57:49.705+0000] {logging_mixin.py:190} INFO - [2025-01-28T10:57:49.703+0000] {dag.py:3239} INFO - Sync 1 DAGs
[2025-01-28T10:57:49.725+0000] {logging_mixin.py:190} INFO - [2025-01-28T10:57:49.724+0000] {dag.py:4180} INFO - Setting next_dagrun for example_sensors to None, run_after=None
[2025-01-28T10:57:49.775+0000] {processor.py:208} INFO - Processing /mnt/c/Users/Admin/Desktop/ud_data/Dataslush_umang/airflow/airflow_venv/lib/python3.12/site-packages/airflow/example_dags/example_sensors.py took 0.258 seconds
[2025-01-28T10:59:18.404+0000] {processor.py:186} INFO - Started process (PID=19378) to work on /mnt/c/Users/Admin/Desktop/ud_data/Dataslush_umang/airflow/airflow_venv/lib/python3.12/site-packages/airflow/example_dags/example_sensors.py
[2025-01-28T10:59:18.418+0000] {processor.py:914} INFO - Processing file /mnt/c/Users/Admin/Desktop/ud_data/Dataslush_umang/airflow/airflow_venv/lib/python3.12/site-packages/airflow/example_dags/example_sensors.py for tasks to queue
[2025-01-28T10:59:18.425+0000] {logging_mixin.py:190} INFO - [2025-01-28T10:59:18.423+0000] {dagbag.py:588} INFO - Filling up the DagBag from /mnt/c/Users/Admin/Desktop/ud_data/Dataslush_umang/airflow/airflow_venv/lib/python3.12/site-packages/airflow/example_dags/example_sensors.py
[2025-01-28T10:59:18.556+0000] {processor.py:925} INFO - DAG(s) 'example_sensors' retrieved from /mnt/c/Users/Admin/Desktop/ud_data/Dataslush_umang/airflow/airflow_venv/lib/python3.12/site-packages/airflow/example_dags/example_sensors.py
[2025-01-28T10:59:18.596+0000] {logging_mixin.py:190} INFO - [2025-01-28T10:59:18.594+0000] {dag.py:3239} INFO - Sync 1 DAGs
[2025-01-28T10:59:18.618+0000] {logging_mixin.py:190} INFO - [2025-01-28T10:59:18.616+0000] {dag.py:4180} INFO - Setting next_dagrun for example_sensors to None, run_after=None
[2025-01-28T10:59:19.279+0000] {processor.py:208} INFO - Processing /mnt/c/Users/Admin/Desktop/ud_data/Dataslush_umang/airflow/airflow_venv/lib/python3.12/site-packages/airflow/example_dags/example_sensors.py took 0.905 seconds
[2025-01-28T11:01:12.733+0000] {processor.py:186} INFO - Started process (PID=19565) to work on /mnt/c/Users/Admin/Desktop/ud_data/Dataslush_umang/airflow/airflow_venv/lib/python3.12/site-packages/airflow/example_dags/example_sensors.py
[2025-01-28T11:01:12.736+0000] {processor.py:914} INFO - Processing file /mnt/c/Users/Admin/Desktop/ud_data/Dataslush_umang/airflow/airflow_venv/lib/python3.12/site-packages/airflow/example_dags/example_sensors.py for tasks to queue
[2025-01-28T11:01:12.747+0000] {logging_mixin.py:190} INFO - [2025-01-28T11:01:12.743+0000] {dagbag.py:588} INFO - Filling up the DagBag from /mnt/c/Users/Admin/Desktop/ud_data/Dataslush_umang/airflow/airflow_venv/lib/python3.12/site-packages/airflow/example_dags/example_sensors.py
[2025-01-28T11:01:12.903+0000] {processor.py:925} INFO - DAG(s) 'example_sensors' retrieved from /mnt/c/Users/Admin/Desktop/ud_data/Dataslush_umang/airflow/airflow_venv/lib/python3.12/site-packages/airflow/example_dags/example_sensors.py
[2025-01-28T11:01:12.938+0000] {logging_mixin.py:190} INFO - [2025-01-28T11:01:12.937+0000] {dag.py:3239} INFO - Sync 1 DAGs
[2025-01-28T11:01:12.956+0000] {logging_mixin.py:190} INFO - [2025-01-28T11:01:12.954+0000] {dag.py:4180} INFO - Setting next_dagrun for example_sensors to None, run_after=None
[2025-01-28T11:01:13.005+0000] {processor.py:208} INFO - Processing /mnt/c/Users/Admin/Desktop/ud_data/Dataslush_umang/airflow/airflow_venv/lib/python3.12/site-packages/airflow/example_dags/example_sensors.py took 0.303 seconds
[2025-01-28T11:04:33.459+0000] {processor.py:186} INFO - Started process (PID=19861) to work on /mnt/c/Users/Admin/Desktop/ud_data/Dataslush_umang/airflow/airflow_venv/lib/python3.12/site-packages/airflow/example_dags/example_sensors.py
[2025-01-28T11:04:33.462+0000] {processor.py:914} INFO - Processing file /mnt/c/Users/Admin/Desktop/ud_data/Dataslush_umang/airflow/airflow_venv/lib/python3.12/site-packages/airflow/example_dags/example_sensors.py for tasks to queue
[2025-01-28T11:04:33.469+0000] {logging_mixin.py:190} INFO - [2025-01-28T11:04:33.467+0000] {dagbag.py:588} INFO - Filling up the DagBag from /mnt/c/Users/Admin/Desktop/ud_data/Dataslush_umang/airflow/airflow_venv/lib/python3.12/site-packages/airflow/example_dags/example_sensors.py
[2025-01-28T11:04:33.593+0000] {processor.py:925} INFO - DAG(s) 'example_sensors' retrieved from /mnt/c/Users/Admin/Desktop/ud_data/Dataslush_umang/airflow/airflow_venv/lib/python3.12/site-packages/airflow/example_dags/example_sensors.py
[2025-01-28T11:04:33.641+0000] {logging_mixin.py:190} INFO - [2025-01-28T11:04:33.640+0000] {dag.py:3239} INFO - Sync 1 DAGs
[2025-01-28T11:04:33.668+0000] {logging_mixin.py:190} INFO - [2025-01-28T11:04:33.666+0000] {dag.py:4180} INFO - Setting next_dagrun for example_sensors to None, run_after=None
[2025-01-28T11:04:33.717+0000] {processor.py:208} INFO - Processing /mnt/c/Users/Admin/Desktop/ud_data/Dataslush_umang/airflow/airflow_venv/lib/python3.12/site-packages/airflow/example_dags/example_sensors.py took 0.285 seconds
[2025-01-28T11:05:36.897+0000] {processor.py:186} INFO - Started process (PID=19988) to work on /mnt/c/Users/Admin/Desktop/ud_data/Dataslush_umang/airflow/airflow_venv/lib/python3.12/site-packages/airflow/example_dags/example_sensors.py
[2025-01-28T11:05:36.900+0000] {processor.py:914} INFO - Processing file /mnt/c/Users/Admin/Desktop/ud_data/Dataslush_umang/airflow/airflow_venv/lib/python3.12/site-packages/airflow/example_dags/example_sensors.py for tasks to queue
[2025-01-28T11:05:36.907+0000] {logging_mixin.py:190} INFO - [2025-01-28T11:05:36.905+0000] {dagbag.py:588} INFO - Filling up the DagBag from /mnt/c/Users/Admin/Desktop/ud_data/Dataslush_umang/airflow/airflow_venv/lib/python3.12/site-packages/airflow/example_dags/example_sensors.py
[2025-01-28T11:05:37.030+0000] {processor.py:925} INFO - DAG(s) 'example_sensors' retrieved from /mnt/c/Users/Admin/Desktop/ud_data/Dataslush_umang/airflow/airflow_venv/lib/python3.12/site-packages/airflow/example_dags/example_sensors.py
[2025-01-28T11:05:37.071+0000] {logging_mixin.py:190} INFO - [2025-01-28T11:05:37.070+0000] {dag.py:3239} INFO - Sync 1 DAGs
[2025-01-28T11:05:37.092+0000] {logging_mixin.py:190} INFO - [2025-01-28T11:05:37.090+0000] {dag.py:4180} INFO - Setting next_dagrun for example_sensors to None, run_after=None
[2025-01-28T11:05:37.136+0000] {processor.py:208} INFO - Processing /mnt/c/Users/Admin/Desktop/ud_data/Dataslush_umang/airflow/airflow_venv/lib/python3.12/site-packages/airflow/example_dags/example_sensors.py took 0.268 seconds
[2025-01-28T11:06:43.501+0000] {processor.py:186} INFO - Started process (PID=20045) to work on /mnt/c/Users/Admin/Desktop/ud_data/Dataslush_umang/airflow/airflow_venv/lib/python3.12/site-packages/airflow/example_dags/example_sensors.py
[2025-01-28T11:06:43.504+0000] {processor.py:914} INFO - Processing file /mnt/c/Users/Admin/Desktop/ud_data/Dataslush_umang/airflow/airflow_venv/lib/python3.12/site-packages/airflow/example_dags/example_sensors.py for tasks to queue
[2025-01-28T11:06:43.511+0000] {logging_mixin.py:190} INFO - [2025-01-28T11:06:43.509+0000] {dagbag.py:588} INFO - Filling up the DagBag from /mnt/c/Users/Admin/Desktop/ud_data/Dataslush_umang/airflow/airflow_venv/lib/python3.12/site-packages/airflow/example_dags/example_sensors.py
[2025-01-28T11:06:43.618+0000] {processor.py:925} INFO - DAG(s) 'example_sensors' retrieved from /mnt/c/Users/Admin/Desktop/ud_data/Dataslush_umang/airflow/airflow_venv/lib/python3.12/site-packages/airflow/example_dags/example_sensors.py
[2025-01-28T11:07:13.738+0000] {logging_mixin.py:190} INFO - [2025-01-28T11:07:13.737+0000] {dag.py:3239} INFO - Sync 1 DAGs
[2025-01-28T11:07:13.760+0000] {logging_mixin.py:190} INFO - [2025-01-28T11:07:13.758+0000] {dag.py:4180} INFO - Setting next_dagrun for example_sensors to None, run_after=None
[2025-01-28T11:07:13.942+0000] {processor.py:208} INFO - Processing /mnt/c/Users/Admin/Desktop/ud_data/Dataslush_umang/airflow/airflow_venv/lib/python3.12/site-packages/airflow/example_dags/example_sensors.py took 0.378 seconds
[2025-01-28T11:08:17.778+0000] {processor.py:186} INFO - Started process (PID=20198) to work on /mnt/c/Users/Admin/Desktop/ud_data/Dataslush_umang/airflow/airflow_venv/lib/python3.12/site-packages/airflow/example_dags/example_sensors.py
[2025-01-28T11:08:17.780+0000] {processor.py:914} INFO - Processing file /mnt/c/Users/Admin/Desktop/ud_data/Dataslush_umang/airflow/airflow_venv/lib/python3.12/site-packages/airflow/example_dags/example_sensors.py for tasks to queue
[2025-01-28T11:08:17.786+0000] {logging_mixin.py:190} INFO - [2025-01-28T11:08:17.784+0000] {dagbag.py:588} INFO - Filling up the DagBag from /mnt/c/Users/Admin/Desktop/ud_data/Dataslush_umang/airflow/airflow_venv/lib/python3.12/site-packages/airflow/example_dags/example_sensors.py
[2025-01-28T11:08:17.897+0000] {processor.py:925} INFO - DAG(s) 'example_sensors' retrieved from /mnt/c/Users/Admin/Desktop/ud_data/Dataslush_umang/airflow/airflow_venv/lib/python3.12/site-packages/airflow/example_dags/example_sensors.py
[2025-01-28T11:08:17.936+0000] {logging_mixin.py:190} INFO - [2025-01-28T11:08:17.934+0000] {dag.py:3239} INFO - Sync 1 DAGs
[2025-01-28T11:08:17.960+0000] {logging_mixin.py:190} INFO - [2025-01-28T11:08:17.959+0000] {dag.py:4180} INFO - Setting next_dagrun for example_sensors to None, run_after=None
[2025-01-28T11:08:18.002+0000] {processor.py:208} INFO - Processing /mnt/c/Users/Admin/Desktop/ud_data/Dataslush_umang/airflow/airflow_venv/lib/python3.12/site-packages/airflow/example_dags/example_sensors.py took 0.249 seconds
[2025-01-28T11:10:29.744+0000] {processor.py:186} INFO - Started process (PID=20460) to work on /mnt/c/Users/Admin/Desktop/ud_data/Dataslush_umang/airflow/airflow_venv/lib/python3.12/site-packages/airflow/example_dags/example_sensors.py
[2025-01-28T11:10:29.979+0000] {processor.py:914} INFO - Processing file /mnt/c/Users/Admin/Desktop/ud_data/Dataslush_umang/airflow/airflow_venv/lib/python3.12/site-packages/airflow/example_dags/example_sensors.py for tasks to queue
[2025-01-28T11:10:29.985+0000] {logging_mixin.py:190} INFO - [2025-01-28T11:10:29.983+0000] {dagbag.py:588} INFO - Filling up the DagBag from /mnt/c/Users/Admin/Desktop/ud_data/Dataslush_umang/airflow/airflow_venv/lib/python3.12/site-packages/airflow/example_dags/example_sensors.py
[2025-01-28T11:10:30.088+0000] {processor.py:925} INFO - DAG(s) 'example_sensors' retrieved from /mnt/c/Users/Admin/Desktop/ud_data/Dataslush_umang/airflow/airflow_venv/lib/python3.12/site-packages/airflow/example_dags/example_sensors.py
[2025-01-28T11:10:30.124+0000] {logging_mixin.py:190} INFO - [2025-01-28T11:10:30.122+0000] {dag.py:3239} INFO - Sync 1 DAGs
[2025-01-28T11:10:30.142+0000] {logging_mixin.py:190} INFO - [2025-01-28T11:10:30.140+0000] {dag.py:4180} INFO - Setting next_dagrun for example_sensors to None, run_after=None
[2025-01-28T11:10:30.280+0000] {processor.py:208} INFO - Processing /mnt/c/Users/Admin/Desktop/ud_data/Dataslush_umang/airflow/airflow_venv/lib/python3.12/site-packages/airflow/example_dags/example_sensors.py took 0.566 seconds
[2025-01-28T11:11:43.679+0000] {processor.py:186} INFO - Started process (PID=20551) to work on /mnt/c/Users/Admin/Desktop/ud_data/Dataslush_umang/airflow/airflow_venv/lib/python3.12/site-packages/airflow/example_dags/example_sensors.py
[2025-01-28T11:11:43.682+0000] {processor.py:914} INFO - Processing file /mnt/c/Users/Admin/Desktop/ud_data/Dataslush_umang/airflow/airflow_venv/lib/python3.12/site-packages/airflow/example_dags/example_sensors.py for tasks to queue
[2025-01-28T11:11:43.688+0000] {logging_mixin.py:190} INFO - [2025-01-28T11:11:43.685+0000] {dagbag.py:588} INFO - Filling up the DagBag from /mnt/c/Users/Admin/Desktop/ud_data/Dataslush_umang/airflow/airflow_venv/lib/python3.12/site-packages/airflow/example_dags/example_sensors.py
[2025-01-28T11:11:43.768+0000] {processor.py:925} INFO - DAG(s) 'example_sensors' retrieved from /mnt/c/Users/Admin/Desktop/ud_data/Dataslush_umang/airflow/airflow_venv/lib/python3.12/site-packages/airflow/example_dags/example_sensors.py
[2025-01-28T11:11:43.802+0000] {logging_mixin.py:190} INFO - [2025-01-28T11:11:43.800+0000] {dag.py:3239} INFO - Sync 1 DAGs
[2025-01-28T11:11:43.823+0000] {logging_mixin.py:190} INFO - [2025-01-28T11:11:43.821+0000] {dag.py:4180} INFO - Setting next_dagrun for example_sensors to None, run_after=None
[2025-01-28T11:11:43.995+0000] {processor.py:208} INFO - Processing /mnt/c/Users/Admin/Desktop/ud_data/Dataslush_umang/airflow/airflow_venv/lib/python3.12/site-packages/airflow/example_dags/example_sensors.py took 0.339 seconds
[2025-01-28T11:13:22.982+0000] {processor.py:186} INFO - Started process (PID=20664) to work on /mnt/c/Users/Admin/Desktop/ud_data/Dataslush_umang/airflow/airflow_venv/lib/python3.12/site-packages/airflow/example_dags/example_sensors.py
[2025-01-28T11:13:22.986+0000] {processor.py:914} INFO - Processing file /mnt/c/Users/Admin/Desktop/ud_data/Dataslush_umang/airflow/airflow_venv/lib/python3.12/site-packages/airflow/example_dags/example_sensors.py for tasks to queue
[2025-01-28T11:13:22.993+0000] {logging_mixin.py:190} INFO - [2025-01-28T11:13:22.991+0000] {dagbag.py:588} INFO - Filling up the DagBag from /mnt/c/Users/Admin/Desktop/ud_data/Dataslush_umang/airflow/airflow_venv/lib/python3.12/site-packages/airflow/example_dags/example_sensors.py
[2025-01-28T11:13:23.127+0000] {processor.py:925} INFO - DAG(s) 'example_sensors' retrieved from /mnt/c/Users/Admin/Desktop/ud_data/Dataslush_umang/airflow/airflow_venv/lib/python3.12/site-packages/airflow/example_dags/example_sensors.py
[2025-01-28T11:13:23.167+0000] {logging_mixin.py:190} INFO - [2025-01-28T11:13:23.166+0000] {dag.py:3239} INFO - Sync 1 DAGs
[2025-01-28T11:13:23.184+0000] {logging_mixin.py:190} INFO - [2025-01-28T11:13:23.183+0000] {dag.py:4180} INFO - Setting next_dagrun for example_sensors to None, run_after=None
[2025-01-28T11:13:23.223+0000] {processor.py:208} INFO - Processing /mnt/c/Users/Admin/Desktop/ud_data/Dataslush_umang/airflow/airflow_venv/lib/python3.12/site-packages/airflow/example_dags/example_sensors.py took 0.270 seconds
[2025-01-28T11:15:24.800+0000] {processor.py:186} INFO - Started process (PID=20843) to work on /mnt/c/Users/Admin/Desktop/ud_data/Dataslush_umang/airflow/airflow_venv/lib/python3.12/site-packages/airflow/example_dags/example_sensors.py
[2025-01-28T11:15:24.804+0000] {processor.py:914} INFO - Processing file /mnt/c/Users/Admin/Desktop/ud_data/Dataslush_umang/airflow/airflow_venv/lib/python3.12/site-packages/airflow/example_dags/example_sensors.py for tasks to queue
[2025-01-28T11:15:24.809+0000] {logging_mixin.py:190} INFO - [2025-01-28T11:15:24.808+0000] {dagbag.py:588} INFO - Filling up the DagBag from /mnt/c/Users/Admin/Desktop/ud_data/Dataslush_umang/airflow/airflow_venv/lib/python3.12/site-packages/airflow/example_dags/example_sensors.py
[2025-01-28T11:15:24.923+0000] {processor.py:925} INFO - DAG(s) 'example_sensors' retrieved from /mnt/c/Users/Admin/Desktop/ud_data/Dataslush_umang/airflow/airflow_venv/lib/python3.12/site-packages/airflow/example_dags/example_sensors.py
[2025-01-28T11:15:24.965+0000] {logging_mixin.py:190} INFO - [2025-01-28T11:15:24.963+0000] {dag.py:3239} INFO - Sync 1 DAGs
[2025-01-28T11:15:25.004+0000] {logging_mixin.py:190} INFO - [2025-01-28T11:15:25.002+0000] {dag.py:4180} INFO - Setting next_dagrun for example_sensors to None, run_after=None
[2025-01-28T11:15:25.069+0000] {processor.py:208} INFO - Processing /mnt/c/Users/Admin/Desktop/ud_data/Dataslush_umang/airflow/airflow_venv/lib/python3.12/site-packages/airflow/example_dags/example_sensors.py took 0.295 seconds
