[2025-01-28T10:13:06.215+0000] {processor.py:186} INFO - Started process (PID=14801) to work on /mnt/c/Users/Admin/Desktop/ud_data/Dataslush_umang/airflow/airflow_venv/lib/python3.12/site-packages/airflow/example_dags/example_latest_only_with_trigger.py
[2025-01-28T10:13:06.217+0000] {processor.py:914} INFO - Processing file /mnt/c/Users/Admin/Desktop/ud_data/Dataslush_umang/airflow/airflow_venv/lib/python3.12/site-packages/airflow/example_dags/example_latest_only_with_trigger.py for tasks to queue
[2025-01-28T10:13:06.223+0000] {logging_mixin.py:190} INFO - [2025-01-28T10:13:06.221+0000] {dagbag.py:588} INFO - Filling up the DagBag from /mnt/c/Users/Admin/Desktop/ud_data/Dataslush_umang/airflow/airflow_venv/lib/python3.12/site-packages/airflow/example_dags/example_latest_only_with_trigger.py
[2025-01-28T10:13:06.336+0000] {processor.py:925} INFO - DAG(s) 'latest_only_with_trigger' retrieved from /mnt/c/Users/Admin/Desktop/ud_data/Dataslush_umang/airflow/airflow_venv/lib/python3.12/site-packages/airflow/example_dags/example_latest_only_with_trigger.py
[2025-01-28T10:13:07.954+0000] {logging_mixin.py:190} INFO - [2025-01-28T10:13:07.952+0000] {override.py:1912} INFO - Created Permission View: can edit on DAG:latest_only_with_trigger
[2025-01-28T10:13:38.073+0000] {logging_mixin.py:190} INFO - [2025-01-28T10:13:38.072+0000] {override.py:1912} INFO - Created Permission View: can read on DAG:latest_only_with_trigger
[2025-01-28T10:13:38.097+0000] {logging_mixin.py:190} INFO - [2025-01-28T10:13:38.096+0000] {override.py:1912} INFO - Created Permission View: can delete on DAG:latest_only_with_trigger
[2025-01-28T10:13:38.138+0000] {logging_mixin.py:190} INFO - [2025-01-28T10:13:38.136+0000] {override.py:1912} INFO - Created Permission View: can create on DAG Run:latest_only_with_trigger
[2025-01-28T10:13:38.160+0000] {logging_mixin.py:190} INFO - [2025-01-28T10:13:38.158+0000] {override.py:1912} INFO - Created Permission View: menu access on DAG Run:latest_only_with_trigger
[2025-01-28T10:13:38.188+0000] {logging_mixin.py:190} INFO - [2025-01-28T10:13:38.187+0000] {override.py:1912} INFO - Created Permission View: can read on DAG Run:latest_only_with_trigger
[2025-01-28T10:13:38.213+0000] {logging_mixin.py:190} INFO - [2025-01-28T10:13:38.211+0000] {override.py:1912} INFO - Created Permission View: can delete on DAG Run:latest_only_with_trigger
[2025-01-28T10:13:38.216+0000] {logging_mixin.py:190} INFO - [2025-01-28T10:13:38.215+0000] {dag.py:3239} INFO - Sync 1 DAGs
[2025-01-28T10:13:38.232+0000] {logging_mixin.py:190} INFO - [2025-01-28T10:13:38.230+0000] {dag.py:3262} INFO - Creating ORM DAG for latest_only_with_trigger
[2025-01-28T10:13:38.257+0000] {logging_mixin.py:190} INFO - [2025-01-28T10:13:38.255+0000] {dag.py:4180} INFO - Setting next_dagrun for latest_only_with_trigger to 2025-01-28 04:00:00+00:00, run_after=2025-01-28 08:00:00+00:00
[2025-01-28T10:13:38.352+0000] {processor.py:208} INFO - Processing /mnt/c/Users/Admin/Desktop/ud_data/Dataslush_umang/airflow/airflow_venv/lib/python3.12/site-packages/airflow/example_dags/example_latest_only_with_trigger.py took 2.071 seconds
[2025-01-28T10:15:26.625+0000] {processor.py:186} INFO - Started process (PID=14993) to work on /mnt/c/Users/Admin/Desktop/ud_data/Dataslush_umang/airflow/airflow_venv/lib/python3.12/site-packages/airflow/example_dags/example_latest_only_with_trigger.py
[2025-01-28T10:15:26.628+0000] {processor.py:914} INFO - Processing file /mnt/c/Users/Admin/Desktop/ud_data/Dataslush_umang/airflow/airflow_venv/lib/python3.12/site-packages/airflow/example_dags/example_latest_only_with_trigger.py for tasks to queue
[2025-01-28T10:15:26.634+0000] {logging_mixin.py:190} INFO - [2025-01-28T10:15:26.632+0000] {dagbag.py:588} INFO - Filling up the DagBag from /mnt/c/Users/Admin/Desktop/ud_data/Dataslush_umang/airflow/airflow_venv/lib/python3.12/site-packages/airflow/example_dags/example_latest_only_with_trigger.py
[2025-01-28T10:15:26.714+0000] {processor.py:925} INFO - DAG(s) 'latest_only_with_trigger' retrieved from /mnt/c/Users/Admin/Desktop/ud_data/Dataslush_umang/airflow/airflow_venv/lib/python3.12/site-packages/airflow/example_dags/example_latest_only_with_trigger.py
[2025-01-28T10:15:26.738+0000] {logging_mixin.py:190} INFO - [2025-01-28T10:15:26.736+0000] {dag.py:3239} INFO - Sync 1 DAGs
[2025-01-28T10:15:26.767+0000] {logging_mixin.py:190} INFO - [2025-01-28T10:15:26.766+0000] {dag.py:4180} INFO - Setting next_dagrun for latest_only_with_trigger to 2025-01-28 04:00:00+00:00, run_after=2025-01-28 08:00:00+00:00
[2025-01-28T10:15:26.805+0000] {processor.py:208} INFO - Processing /mnt/c/Users/Admin/Desktop/ud_data/Dataslush_umang/airflow/airflow_venv/lib/python3.12/site-packages/airflow/example_dags/example_latest_only_with_trigger.py took 0.203 seconds
[2025-01-28T10:17:07.446+0000] {processor.py:186} INFO - Started process (PID=15182) to work on /mnt/c/Users/Admin/Desktop/ud_data/Dataslush_umang/airflow/airflow_venv/lib/python3.12/site-packages/airflow/example_dags/example_latest_only_with_trigger.py
[2025-01-28T10:17:07.450+0000] {processor.py:914} INFO - Processing file /mnt/c/Users/Admin/Desktop/ud_data/Dataslush_umang/airflow/airflow_venv/lib/python3.12/site-packages/airflow/example_dags/example_latest_only_with_trigger.py for tasks to queue
[2025-01-28T10:17:07.456+0000] {logging_mixin.py:190} INFO - [2025-01-28T10:17:07.454+0000] {dagbag.py:588} INFO - Filling up the DagBag from /mnt/c/Users/Admin/Desktop/ud_data/Dataslush_umang/airflow/airflow_venv/lib/python3.12/site-packages/airflow/example_dags/example_latest_only_with_trigger.py
[2025-01-28T10:17:07.552+0000] {processor.py:925} INFO - DAG(s) 'latest_only_with_trigger' retrieved from /mnt/c/Users/Admin/Desktop/ud_data/Dataslush_umang/airflow/airflow_venv/lib/python3.12/site-packages/airflow/example_dags/example_latest_only_with_trigger.py
[2025-01-28T10:17:07.576+0000] {logging_mixin.py:190} INFO - [2025-01-28T10:17:07.574+0000] {dag.py:3239} INFO - Sync 1 DAGs
[2025-01-28T10:17:07.608+0000] {logging_mixin.py:190} INFO - [2025-01-28T10:17:07.607+0000] {dag.py:4180} INFO - Setting next_dagrun for latest_only_with_trigger to 2025-01-28 04:00:00+00:00, run_after=2025-01-28 08:00:00+00:00
[2025-01-28T10:17:07.648+0000] {processor.py:208} INFO - Processing /mnt/c/Users/Admin/Desktop/ud_data/Dataslush_umang/airflow/airflow_venv/lib/python3.12/site-packages/airflow/example_dags/example_latest_only_with_trigger.py took 0.229 seconds
[2025-01-28T10:19:28.435+0000] {processor.py:186} INFO - Started process (PID=15411) to work on /mnt/c/Users/Admin/Desktop/ud_data/Dataslush_umang/airflow/airflow_venv/lib/python3.12/site-packages/airflow/example_dags/example_latest_only_with_trigger.py
[2025-01-28T10:19:28.442+0000] {processor.py:914} INFO - Processing file /mnt/c/Users/Admin/Desktop/ud_data/Dataslush_umang/airflow/airflow_venv/lib/python3.12/site-packages/airflow/example_dags/example_latest_only_with_trigger.py for tasks to queue
[2025-01-28T10:19:28.455+0000] {logging_mixin.py:190} INFO - [2025-01-28T10:19:28.450+0000] {dagbag.py:588} INFO - Filling up the DagBag from /mnt/c/Users/Admin/Desktop/ud_data/Dataslush_umang/airflow/airflow_venv/lib/python3.12/site-packages/airflow/example_dags/example_latest_only_with_trigger.py
[2025-01-28T10:19:58.814+0000] {processor.py:925} INFO - DAG(s) 'latest_only_with_trigger' retrieved from /mnt/c/Users/Admin/Desktop/ud_data/Dataslush_umang/airflow/airflow_venv/lib/python3.12/site-packages/airflow/example_dags/example_latest_only_with_trigger.py
[2025-01-28T10:19:58.874+0000] {logging_mixin.py:190} INFO - [2025-01-28T10:19:58.871+0000] {dag.py:3239} INFO - Sync 1 DAGs
[2025-01-28T10:19:58.944+0000] {logging_mixin.py:190} INFO - [2025-01-28T10:19:58.942+0000] {dag.py:4180} INFO - Setting next_dagrun for latest_only_with_trigger to 2025-01-28 04:00:00+00:00, run_after=2025-01-28 08:00:00+00:00
[2025-01-28T10:19:58.997+0000] {processor.py:208} INFO - Processing /mnt/c/Users/Admin/Desktop/ud_data/Dataslush_umang/airflow/airflow_venv/lib/python3.12/site-packages/airflow/example_dags/example_latest_only_with_trigger.py took 0.551 seconds
[2025-01-28T10:21:14.190+0000] {processor.py:186} INFO - Started process (PID=15575) to work on /mnt/c/Users/Admin/Desktop/ud_data/Dataslush_umang/airflow/airflow_venv/lib/python3.12/site-packages/airflow/example_dags/example_latest_only_with_trigger.py
[2025-01-28T10:21:14.317+0000] {processor.py:914} INFO - Processing file /mnt/c/Users/Admin/Desktop/ud_data/Dataslush_umang/airflow/airflow_venv/lib/python3.12/site-packages/airflow/example_dags/example_latest_only_with_trigger.py for tasks to queue
[2025-01-28T10:21:14.335+0000] {logging_mixin.py:190} INFO - [2025-01-28T10:21:14.330+0000] {dagbag.py:588} INFO - Filling up the DagBag from /mnt/c/Users/Admin/Desktop/ud_data/Dataslush_umang/airflow/airflow_venv/lib/python3.12/site-packages/airflow/example_dags/example_latest_only_with_trigger.py
[2025-01-28T10:21:14.679+0000] {processor.py:925} INFO - DAG(s) 'latest_only_with_trigger' retrieved from /mnt/c/Users/Admin/Desktop/ud_data/Dataslush_umang/airflow/airflow_venv/lib/python3.12/site-packages/airflow/example_dags/example_latest_only_with_trigger.py
[2025-01-28T10:21:14.742+0000] {logging_mixin.py:190} INFO - [2025-01-28T10:21:14.739+0000] {dag.py:3239} INFO - Sync 1 DAGs
[2025-01-28T10:21:14.795+0000] {logging_mixin.py:190} INFO - [2025-01-28T10:21:14.793+0000] {dag.py:4180} INFO - Setting next_dagrun for latest_only_with_trigger to 2025-01-28 04:00:00+00:00, run_after=2025-01-28 08:00:00+00:00
[2025-01-28T10:21:14.957+0000] {processor.py:208} INFO - Processing /mnt/c/Users/Admin/Desktop/ud_data/Dataslush_umang/airflow/airflow_venv/lib/python3.12/site-packages/airflow/example_dags/example_latest_only_with_trigger.py took 0.833 seconds
[2025-01-28T10:22:35.559+0000] {processor.py:186} INFO - Started process (PID=15704) to work on /mnt/c/Users/Admin/Desktop/ud_data/Dataslush_umang/airflow/airflow_venv/lib/python3.12/site-packages/airflow/example_dags/example_latest_only_with_trigger.py
[2025-01-28T10:22:35.563+0000] {processor.py:914} INFO - Processing file /mnt/c/Users/Admin/Desktop/ud_data/Dataslush_umang/airflow/airflow_venv/lib/python3.12/site-packages/airflow/example_dags/example_latest_only_with_trigger.py for tasks to queue
[2025-01-28T10:22:35.579+0000] {logging_mixin.py:190} INFO - [2025-01-28T10:22:35.567+0000] {dagbag.py:588} INFO - Filling up the DagBag from /mnt/c/Users/Admin/Desktop/ud_data/Dataslush_umang/airflow/airflow_venv/lib/python3.12/site-packages/airflow/example_dags/example_latest_only_with_trigger.py
[2025-01-28T10:22:35.707+0000] {processor.py:925} INFO - DAG(s) 'latest_only_with_trigger' retrieved from /mnt/c/Users/Admin/Desktop/ud_data/Dataslush_umang/airflow/airflow_venv/lib/python3.12/site-packages/airflow/example_dags/example_latest_only_with_trigger.py
[2025-01-28T10:22:35.757+0000] {logging_mixin.py:190} INFO - [2025-01-28T10:22:35.755+0000] {dag.py:3239} INFO - Sync 1 DAGs
[2025-01-28T10:22:35.791+0000] {logging_mixin.py:190} INFO - [2025-01-28T10:22:35.790+0000] {dag.py:4180} INFO - Setting next_dagrun for latest_only_with_trigger to 2025-01-28 04:00:00+00:00, run_after=2025-01-28 08:00:00+00:00
[2025-01-28T10:22:36.081+0000] {processor.py:208} INFO - Processing /mnt/c/Users/Admin/Desktop/ud_data/Dataslush_umang/airflow/airflow_venv/lib/python3.12/site-packages/airflow/example_dags/example_latest_only_with_trigger.py took 0.545 seconds
[2025-01-28T10:24:19.524+0000] {processor.py:186} INFO - Started process (PID=15869) to work on /mnt/c/Users/Admin/Desktop/ud_data/Dataslush_umang/airflow/airflow_venv/lib/python3.12/site-packages/airflow/example_dags/example_latest_only_with_trigger.py
[2025-01-28T10:24:19.540+0000] {processor.py:914} INFO - Processing file /mnt/c/Users/Admin/Desktop/ud_data/Dataslush_umang/airflow/airflow_venv/lib/python3.12/site-packages/airflow/example_dags/example_latest_only_with_trigger.py for tasks to queue
[2025-01-28T10:24:19.557+0000] {logging_mixin.py:190} INFO - [2025-01-28T10:24:19.551+0000] {dagbag.py:588} INFO - Filling up the DagBag from /mnt/c/Users/Admin/Desktop/ud_data/Dataslush_umang/airflow/airflow_venv/lib/python3.12/site-packages/airflow/example_dags/example_latest_only_with_trigger.py
[2025-01-28T10:24:19.827+0000] {processor.py:925} INFO - DAG(s) 'latest_only_with_trigger' retrieved from /mnt/c/Users/Admin/Desktop/ud_data/Dataslush_umang/airflow/airflow_venv/lib/python3.12/site-packages/airflow/example_dags/example_latest_only_with_trigger.py
[2025-01-28T10:24:19.876+0000] {logging_mixin.py:190} INFO - [2025-01-28T10:24:19.874+0000] {dag.py:3239} INFO - Sync 1 DAGs
[2025-01-28T10:24:19.925+0000] {logging_mixin.py:190} INFO - [2025-01-28T10:24:19.924+0000] {dag.py:4180} INFO - Setting next_dagrun for latest_only_with_trigger to 2025-01-28 04:00:00+00:00, run_after=2025-01-28 08:00:00+00:00
[2025-01-28T10:24:20.876+0000] {processor.py:208} INFO - Processing /mnt/c/Users/Admin/Desktop/ud_data/Dataslush_umang/airflow/airflow_venv/lib/python3.12/site-packages/airflow/example_dags/example_latest_only_with_trigger.py took 1.423 seconds
[2025-01-28T10:25:59.878+0000] {processor.py:186} INFO - Started process (PID=16103) to work on /mnt/c/Users/Admin/Desktop/ud_data/Dataslush_umang/airflow/airflow_venv/lib/python3.12/site-packages/airflow/example_dags/example_latest_only_with_trigger.py
[2025-01-28T10:26:00.110+0000] {processor.py:914} INFO - Processing file /mnt/c/Users/Admin/Desktop/ud_data/Dataslush_umang/airflow/airflow_venv/lib/python3.12/site-packages/airflow/example_dags/example_latest_only_with_trigger.py for tasks to queue
[2025-01-28T10:26:00.125+0000] {logging_mixin.py:190} INFO - [2025-01-28T10:26:00.120+0000] {dagbag.py:588} INFO - Filling up the DagBag from /mnt/c/Users/Admin/Desktop/ud_data/Dataslush_umang/airflow/airflow_venv/lib/python3.12/site-packages/airflow/example_dags/example_latest_only_with_trigger.py
[2025-01-28T10:26:00.465+0000] {processor.py:925} INFO - DAG(s) 'latest_only_with_trigger' retrieved from /mnt/c/Users/Admin/Desktop/ud_data/Dataslush_umang/airflow/airflow_venv/lib/python3.12/site-packages/airflow/example_dags/example_latest_only_with_trigger.py
[2025-01-28T10:26:00.528+0000] {logging_mixin.py:190} INFO - [2025-01-28T10:26:00.525+0000] {dag.py:3239} INFO - Sync 1 DAGs
[2025-01-28T10:26:00.603+0000] {logging_mixin.py:190} INFO - [2025-01-28T10:26:00.600+0000] {dag.py:4180} INFO - Setting next_dagrun for latest_only_with_trigger to 2025-01-28 04:00:00+00:00, run_after=2025-01-28 08:00:00+00:00
[2025-01-28T10:26:03.396+0000] {processor.py:208} INFO - Processing /mnt/c/Users/Admin/Desktop/ud_data/Dataslush_umang/airflow/airflow_venv/lib/python3.12/site-packages/airflow/example_dags/example_latest_only_with_trigger.py took 3.580 seconds
[2025-01-28T10:29:14.878+0000] {processor.py:186} INFO - Started process (PID=16325) to work on /mnt/c/Users/Admin/Desktop/ud_data/Dataslush_umang/airflow/airflow_venv/lib/python3.12/site-packages/airflow/example_dags/example_latest_only_with_trigger.py
[2025-01-28T10:29:14.885+0000] {processor.py:914} INFO - Processing file /mnt/c/Users/Admin/Desktop/ud_data/Dataslush_umang/airflow/airflow_venv/lib/python3.12/site-packages/airflow/example_dags/example_latest_only_with_trigger.py for tasks to queue
[2025-01-28T10:29:14.903+0000] {logging_mixin.py:190} INFO - [2025-01-28T10:29:14.898+0000] {dagbag.py:588} INFO - Filling up the DagBag from /mnt/c/Users/Admin/Desktop/ud_data/Dataslush_umang/airflow/airflow_venv/lib/python3.12/site-packages/airflow/example_dags/example_latest_only_with_trigger.py
[2025-01-28T10:28:45.098+0000] {processor.py:925} INFO - DAG(s) 'latest_only_with_trigger' retrieved from /mnt/c/Users/Admin/Desktop/ud_data/Dataslush_umang/airflow/airflow_venv/lib/python3.12/site-packages/airflow/example_dags/example_latest_only_with_trigger.py
[2025-01-28T10:28:45.177+0000] {logging_mixin.py:190} INFO - [2025-01-28T10:28:45.174+0000] {dag.py:3239} INFO - Sync 1 DAGs
[2025-01-28T10:28:45.254+0000] {logging_mixin.py:190} INFO - [2025-01-28T10:28:45.251+0000] {dag.py:4180} INFO - Setting next_dagrun for latest_only_with_trigger to 2025-01-28 04:00:00+00:00, run_after=2025-01-28 08:00:00+00:00
[2025-01-28T10:28:46.370+0000] {processor.py:208} INFO - Processing /mnt/c/Users/Admin/Desktop/ud_data/Dataslush_umang/airflow/airflow_venv/lib/python3.12/site-packages/airflow/example_dags/example_latest_only_with_trigger.py took 1.689 seconds
[2025-01-28T10:31:17.145+0000] {processor.py:186} INFO - Started process (PID=16536) to work on /mnt/c/Users/Admin/Desktop/ud_data/Dataslush_umang/airflow/airflow_venv/lib/python3.12/site-packages/airflow/example_dags/example_latest_only_with_trigger.py
[2025-01-28T10:31:17.147+0000] {processor.py:914} INFO - Processing file /mnt/c/Users/Admin/Desktop/ud_data/Dataslush_umang/airflow/airflow_venv/lib/python3.12/site-packages/airflow/example_dags/example_latest_only_with_trigger.py for tasks to queue
[2025-01-28T10:31:17.153+0000] {logging_mixin.py:190} INFO - [2025-01-28T10:31:17.151+0000] {dagbag.py:588} INFO - Filling up the DagBag from /mnt/c/Users/Admin/Desktop/ud_data/Dataslush_umang/airflow/airflow_venv/lib/python3.12/site-packages/airflow/example_dags/example_latest_only_with_trigger.py
[2025-01-28T10:31:17.263+0000] {processor.py:925} INFO - DAG(s) 'latest_only_with_trigger' retrieved from /mnt/c/Users/Admin/Desktop/ud_data/Dataslush_umang/airflow/airflow_venv/lib/python3.12/site-packages/airflow/example_dags/example_latest_only_with_trigger.py
[2025-01-28T10:31:17.290+0000] {logging_mixin.py:190} INFO - [2025-01-28T10:31:17.288+0000] {dag.py:3239} INFO - Sync 1 DAGs
[2025-01-28T10:31:17.343+0000] {logging_mixin.py:190} INFO - [2025-01-28T10:31:17.341+0000] {dag.py:4180} INFO - Setting next_dagrun for latest_only_with_trigger to 2025-01-28 04:00:00+00:00, run_after=2025-01-28 08:00:00+00:00
[2025-01-28T10:31:17.387+0000] {processor.py:208} INFO - Processing /mnt/c/Users/Admin/Desktop/ud_data/Dataslush_umang/airflow/airflow_venv/lib/python3.12/site-packages/airflow/example_dags/example_latest_only_with_trigger.py took 0.263 seconds
[2025-01-28T10:33:40.675+0000] {processor.py:186} INFO - Started process (PID=16753) to work on /mnt/c/Users/Admin/Desktop/ud_data/Dataslush_umang/airflow/airflow_venv/lib/python3.12/site-packages/airflow/example_dags/example_latest_only_with_trigger.py
[2025-01-28T10:33:40.678+0000] {processor.py:914} INFO - Processing file /mnt/c/Users/Admin/Desktop/ud_data/Dataslush_umang/airflow/airflow_venv/lib/python3.12/site-packages/airflow/example_dags/example_latest_only_with_trigger.py for tasks to queue
[2025-01-28T10:33:40.684+0000] {logging_mixin.py:190} INFO - [2025-01-28T10:33:40.682+0000] {dagbag.py:588} INFO - Filling up the DagBag from /mnt/c/Users/Admin/Desktop/ud_data/Dataslush_umang/airflow/airflow_venv/lib/python3.12/site-packages/airflow/example_dags/example_latest_only_with_trigger.py
[2025-01-28T10:33:40.792+0000] {processor.py:925} INFO - DAG(s) 'latest_only_with_trigger' retrieved from /mnt/c/Users/Admin/Desktop/ud_data/Dataslush_umang/airflow/airflow_venv/lib/python3.12/site-packages/airflow/example_dags/example_latest_only_with_trigger.py
[2025-01-28T10:33:40.821+0000] {logging_mixin.py:190} INFO - [2025-01-28T10:33:40.819+0000] {dag.py:3239} INFO - Sync 1 DAGs
[2025-01-28T10:33:40.862+0000] {logging_mixin.py:190} INFO - [2025-01-28T10:33:40.860+0000] {dag.py:4180} INFO - Setting next_dagrun for latest_only_with_trigger to 2025-01-28 04:00:00+00:00, run_after=2025-01-28 08:00:00+00:00
[2025-01-28T10:33:40.905+0000] {processor.py:208} INFO - Processing /mnt/c/Users/Admin/Desktop/ud_data/Dataslush_umang/airflow/airflow_venv/lib/python3.12/site-packages/airflow/example_dags/example_latest_only_with_trigger.py took 0.257 seconds
[2025-01-28T10:36:19.360+0000] {processor.py:186} INFO - Started process (PID=16991) to work on /mnt/c/Users/Admin/Desktop/ud_data/Dataslush_umang/airflow/airflow_venv/lib/python3.12/site-packages/airflow/example_dags/example_latest_only_with_trigger.py
[2025-01-28T10:36:19.367+0000] {processor.py:914} INFO - Processing file /mnt/c/Users/Admin/Desktop/ud_data/Dataslush_umang/airflow/airflow_venv/lib/python3.12/site-packages/airflow/example_dags/example_latest_only_with_trigger.py for tasks to queue
[2025-01-28T10:36:19.382+0000] {logging_mixin.py:190} INFO - [2025-01-28T10:36:19.378+0000] {dagbag.py:588} INFO - Filling up the DagBag from /mnt/c/Users/Admin/Desktop/ud_data/Dataslush_umang/airflow/airflow_venv/lib/python3.12/site-packages/airflow/example_dags/example_latest_only_with_trigger.py
[2025-01-28T10:36:19.628+0000] {processor.py:925} INFO - DAG(s) 'latest_only_with_trigger' retrieved from /mnt/c/Users/Admin/Desktop/ud_data/Dataslush_umang/airflow/airflow_venv/lib/python3.12/site-packages/airflow/example_dags/example_latest_only_with_trigger.py
[2025-01-28T10:36:19.673+0000] {logging_mixin.py:190} INFO - [2025-01-28T10:36:19.671+0000] {dag.py:3239} INFO - Sync 1 DAGs
[2025-01-28T10:36:19.714+0000] {logging_mixin.py:190} INFO - [2025-01-28T10:36:19.712+0000] {dag.py:4180} INFO - Setting next_dagrun for latest_only_with_trigger to 2025-01-28 04:00:00+00:00, run_after=2025-01-28 08:00:00+00:00
[2025-01-28T10:36:19.761+0000] {processor.py:208} INFO - Processing /mnt/c/Users/Admin/Desktop/ud_data/Dataslush_umang/airflow/airflow_venv/lib/python3.12/site-packages/airflow/example_dags/example_latest_only_with_trigger.py took 0.477 seconds
[2025-01-28T10:39:16.518+0000] {processor.py:186} INFO - Started process (PID=17271) to work on /mnt/c/Users/Admin/Desktop/ud_data/Dataslush_umang/airflow/airflow_venv/lib/python3.12/site-packages/airflow/example_dags/example_latest_only_with_trigger.py
[2025-01-28T10:39:17.154+0000] {processor.py:914} INFO - Processing file /mnt/c/Users/Admin/Desktop/ud_data/Dataslush_umang/airflow/airflow_venv/lib/python3.12/site-packages/airflow/example_dags/example_latest_only_with_trigger.py for tasks to queue
[2025-01-28T10:39:17.171+0000] {logging_mixin.py:190} INFO - [2025-01-28T10:39:17.166+0000] {dagbag.py:588} INFO - Filling up the DagBag from /mnt/c/Users/Admin/Desktop/ud_data/Dataslush_umang/airflow/airflow_venv/lib/python3.12/site-packages/airflow/example_dags/example_latest_only_with_trigger.py
[2025-01-28T10:39:17.504+0000] {processor.py:925} INFO - DAG(s) 'latest_only_with_trigger' retrieved from /mnt/c/Users/Admin/Desktop/ud_data/Dataslush_umang/airflow/airflow_venv/lib/python3.12/site-packages/airflow/example_dags/example_latest_only_with_trigger.py
[2025-01-28T10:39:17.560+0000] {logging_mixin.py:190} INFO - [2025-01-28T10:39:17.558+0000] {dag.py:3239} INFO - Sync 1 DAGs
[2025-01-28T10:39:17.598+0000] {logging_mixin.py:190} INFO - [2025-01-28T10:39:17.597+0000] {dag.py:4180} INFO - Setting next_dagrun for latest_only_with_trigger to 2025-01-28 04:00:00+00:00, run_after=2025-01-28 08:00:00+00:00
[2025-01-28T10:39:17.971+0000] {processor.py:208} INFO - Processing /mnt/c/Users/Admin/Desktop/ud_data/Dataslush_umang/airflow/airflow_venv/lib/python3.12/site-packages/airflow/example_dags/example_latest_only_with_trigger.py took 1.495 seconds
[2025-01-28T10:40:44.870+0000] {processor.py:186} INFO - Started process (PID=17369) to work on /mnt/c/Users/Admin/Desktop/ud_data/Dataslush_umang/airflow/airflow_venv/lib/python3.12/site-packages/airflow/example_dags/example_latest_only_with_trigger.py
[2025-01-28T10:40:44.873+0000] {processor.py:914} INFO - Processing file /mnt/c/Users/Admin/Desktop/ud_data/Dataslush_umang/airflow/airflow_venv/lib/python3.12/site-packages/airflow/example_dags/example_latest_only_with_trigger.py for tasks to queue
[2025-01-28T10:40:44.879+0000] {logging_mixin.py:190} INFO - [2025-01-28T10:40:44.877+0000] {dagbag.py:588} INFO - Filling up the DagBag from /mnt/c/Users/Admin/Desktop/ud_data/Dataslush_umang/airflow/airflow_venv/lib/python3.12/site-packages/airflow/example_dags/example_latest_only_with_trigger.py
[2025-01-28T10:40:44.985+0000] {processor.py:925} INFO - DAG(s) 'latest_only_with_trigger' retrieved from /mnt/c/Users/Admin/Desktop/ud_data/Dataslush_umang/airflow/airflow_venv/lib/python3.12/site-packages/airflow/example_dags/example_latest_only_with_trigger.py
[2025-01-28T10:40:45.010+0000] {logging_mixin.py:190} INFO - [2025-01-28T10:40:45.009+0000] {dag.py:3239} INFO - Sync 1 DAGs
[2025-01-28T10:40:45.041+0000] {logging_mixin.py:190} INFO - [2025-01-28T10:40:45.040+0000] {dag.py:4180} INFO - Setting next_dagrun for latest_only_with_trigger to 2025-01-28 04:00:00+00:00, run_after=2025-01-28 08:00:00+00:00
[2025-01-28T10:40:45.168+0000] {processor.py:208} INFO - Processing /mnt/c/Users/Admin/Desktop/ud_data/Dataslush_umang/airflow/airflow_venv/lib/python3.12/site-packages/airflow/example_dags/example_latest_only_with_trigger.py took 0.321 seconds
[2025-01-28T10:42:23.366+0000] {processor.py:186} INFO - Started process (PID=17576) to work on /mnt/c/Users/Admin/Desktop/ud_data/Dataslush_umang/airflow/airflow_venv/lib/python3.12/site-packages/airflow/example_dags/example_latest_only_with_trigger.py
[2025-01-28T10:42:23.373+0000] {processor.py:914} INFO - Processing file /mnt/c/Users/Admin/Desktop/ud_data/Dataslush_umang/airflow/airflow_venv/lib/python3.12/site-packages/airflow/example_dags/example_latest_only_with_trigger.py for tasks to queue
[2025-01-28T10:42:23.380+0000] {logging_mixin.py:190} INFO - [2025-01-28T10:42:23.377+0000] {dagbag.py:588} INFO - Filling up the DagBag from /mnt/c/Users/Admin/Desktop/ud_data/Dataslush_umang/airflow/airflow_venv/lib/python3.12/site-packages/airflow/example_dags/example_latest_only_with_trigger.py
[2025-01-28T10:42:23.487+0000] {processor.py:925} INFO - DAG(s) 'latest_only_with_trigger' retrieved from /mnt/c/Users/Admin/Desktop/ud_data/Dataslush_umang/airflow/airflow_venv/lib/python3.12/site-packages/airflow/example_dags/example_latest_only_with_trigger.py
[2025-01-28T10:42:23.514+0000] {logging_mixin.py:190} INFO - [2025-01-28T10:42:23.513+0000] {dag.py:3239} INFO - Sync 1 DAGs
[2025-01-28T10:42:23.557+0000] {logging_mixin.py:190} INFO - [2025-01-28T10:42:23.555+0000] {dag.py:4180} INFO - Setting next_dagrun for latest_only_with_trigger to 2025-01-28 04:00:00+00:00, run_after=2025-01-28 08:00:00+00:00
[2025-01-28T10:42:23.599+0000] {processor.py:208} INFO - Processing /mnt/c/Users/Admin/Desktop/ud_data/Dataslush_umang/airflow/airflow_venv/lib/python3.12/site-packages/airflow/example_dags/example_latest_only_with_trigger.py took 0.263 seconds
[2025-01-28T10:46:11.374+0000] {processor.py:186} INFO - Started process (PID=17910) to work on /mnt/c/Users/Admin/Desktop/ud_data/Dataslush_umang/airflow/airflow_venv/lib/python3.12/site-packages/airflow/example_dags/example_latest_only_with_trigger.py
[2025-01-28T10:46:41.631+0000] {processor.py:914} INFO - Processing file /mnt/c/Users/Admin/Desktop/ud_data/Dataslush_umang/airflow/airflow_venv/lib/python3.12/site-packages/airflow/example_dags/example_latest_only_with_trigger.py for tasks to queue
[2025-01-28T10:46:41.640+0000] {logging_mixin.py:190} INFO - [2025-01-28T10:46:41.637+0000] {dagbag.py:588} INFO - Filling up the DagBag from /mnt/c/Users/Admin/Desktop/ud_data/Dataslush_umang/airflow/airflow_venv/lib/python3.12/site-packages/airflow/example_dags/example_latest_only_with_trigger.py
[2025-01-28T10:46:41.773+0000] {processor.py:925} INFO - DAG(s) 'latest_only_with_trigger' retrieved from /mnt/c/Users/Admin/Desktop/ud_data/Dataslush_umang/airflow/airflow_venv/lib/python3.12/site-packages/airflow/example_dags/example_latest_only_with_trigger.py
[2025-01-28T10:46:41.804+0000] {logging_mixin.py:190} INFO - [2025-01-28T10:46:41.802+0000] {dag.py:3239} INFO - Sync 1 DAGs
[2025-01-28T10:46:41.851+0000] {logging_mixin.py:190} INFO - [2025-01-28T10:46:41.849+0000] {dag.py:4180} INFO - Setting next_dagrun for latest_only_with_trigger to 2025-01-28 04:00:00+00:00, run_after=2025-01-28 08:00:00+00:00
[2025-01-28T10:46:23.935+0000] {processor.py:208} INFO - Processing /mnt/c/Users/Admin/Desktop/ud_data/Dataslush_umang/airflow/airflow_venv/lib/python3.12/site-packages/airflow/example_dags/example_latest_only_with_trigger.py took 12.596 seconds
[2025-01-28T10:47:44.760+0000] {processor.py:186} INFO - Started process (PID=18029) to work on /mnt/c/Users/Admin/Desktop/ud_data/Dataslush_umang/airflow/airflow_venv/lib/python3.12/site-packages/airflow/example_dags/example_latest_only_with_trigger.py
[2025-01-28T10:47:44.763+0000] {processor.py:914} INFO - Processing file /mnt/c/Users/Admin/Desktop/ud_data/Dataslush_umang/airflow/airflow_venv/lib/python3.12/site-packages/airflow/example_dags/example_latest_only_with_trigger.py for tasks to queue
[2025-01-28T10:47:44.769+0000] {logging_mixin.py:190} INFO - [2025-01-28T10:47:44.767+0000] {dagbag.py:588} INFO - Filling up the DagBag from /mnt/c/Users/Admin/Desktop/ud_data/Dataslush_umang/airflow/airflow_venv/lib/python3.12/site-packages/airflow/example_dags/example_latest_only_with_trigger.py
[2025-01-28T10:47:44.905+0000] {processor.py:925} INFO - DAG(s) 'latest_only_with_trigger' retrieved from /mnt/c/Users/Admin/Desktop/ud_data/Dataslush_umang/airflow/airflow_venv/lib/python3.12/site-packages/airflow/example_dags/example_latest_only_with_trigger.py
[2025-01-28T10:47:44.935+0000] {logging_mixin.py:190} INFO - [2025-01-28T10:47:44.934+0000] {dag.py:3239} INFO - Sync 1 DAGs
[2025-01-28T10:47:44.974+0000] {logging_mixin.py:190} INFO - [2025-01-28T10:47:44.973+0000] {dag.py:4180} INFO - Setting next_dagrun for latest_only_with_trigger to 2025-01-28 04:00:00+00:00, run_after=2025-01-28 08:00:00+00:00
[2025-01-28T10:47:45.016+0000] {processor.py:208} INFO - Processing /mnt/c/Users/Admin/Desktop/ud_data/Dataslush_umang/airflow/airflow_venv/lib/python3.12/site-packages/airflow/example_dags/example_latest_only_with_trigger.py took 0.285 seconds
[2025-01-28T10:49:07.760+0000] {processor.py:186} INFO - Started process (PID=18217) to work on /mnt/c/Users/Admin/Desktop/ud_data/Dataslush_umang/airflow/airflow_venv/lib/python3.12/site-packages/airflow/example_dags/example_latest_only_with_trigger.py
[2025-01-28T10:49:07.764+0000] {processor.py:914} INFO - Processing file /mnt/c/Users/Admin/Desktop/ud_data/Dataslush_umang/airflow/airflow_venv/lib/python3.12/site-packages/airflow/example_dags/example_latest_only_with_trigger.py for tasks to queue
[2025-01-28T10:49:07.770+0000] {logging_mixin.py:190} INFO - [2025-01-28T10:49:07.768+0000] {dagbag.py:588} INFO - Filling up the DagBag from /mnt/c/Users/Admin/Desktop/ud_data/Dataslush_umang/airflow/airflow_venv/lib/python3.12/site-packages/airflow/example_dags/example_latest_only_with_trigger.py
[2025-01-28T10:49:07.882+0000] {processor.py:925} INFO - DAG(s) 'latest_only_with_trigger' retrieved from /mnt/c/Users/Admin/Desktop/ud_data/Dataslush_umang/airflow/airflow_venv/lib/python3.12/site-packages/airflow/example_dags/example_latest_only_with_trigger.py
[2025-01-28T10:49:07.910+0000] {logging_mixin.py:190} INFO - [2025-01-28T10:49:07.909+0000] {dag.py:3239} INFO - Sync 1 DAGs
[2025-01-28T10:49:07.949+0000] {logging_mixin.py:190} INFO - [2025-01-28T10:49:07.948+0000] {dag.py:4180} INFO - Setting next_dagrun for latest_only_with_trigger to 2025-01-28 04:00:00+00:00, run_after=2025-01-28 08:00:00+00:00
[2025-01-28T10:49:08.027+0000] {processor.py:208} INFO - Processing /mnt/c/Users/Admin/Desktop/ud_data/Dataslush_umang/airflow/airflow_venv/lib/python3.12/site-packages/airflow/example_dags/example_latest_only_with_trigger.py took 0.294 seconds
[2025-01-28T10:50:18.192+0000] {processor.py:186} INFO - Started process (PID=18318) to work on /mnt/c/Users/Admin/Desktop/ud_data/Dataslush_umang/airflow/airflow_venv/lib/python3.12/site-packages/airflow/example_dags/example_latest_only_with_trigger.py
[2025-01-28T10:50:18.196+0000] {processor.py:914} INFO - Processing file /mnt/c/Users/Admin/Desktop/ud_data/Dataslush_umang/airflow/airflow_venv/lib/python3.12/site-packages/airflow/example_dags/example_latest_only_with_trigger.py for tasks to queue
[2025-01-28T10:50:18.204+0000] {logging_mixin.py:190} INFO - [2025-01-28T10:50:18.202+0000] {dagbag.py:588} INFO - Filling up the DagBag from /mnt/c/Users/Admin/Desktop/ud_data/Dataslush_umang/airflow/airflow_venv/lib/python3.12/site-packages/airflow/example_dags/example_latest_only_with_trigger.py
[2025-01-28T10:50:18.293+0000] {processor.py:925} INFO - DAG(s) 'latest_only_with_trigger' retrieved from /mnt/c/Users/Admin/Desktop/ud_data/Dataslush_umang/airflow/airflow_venv/lib/python3.12/site-packages/airflow/example_dags/example_latest_only_with_trigger.py
[2025-01-28T10:50:18.321+0000] {logging_mixin.py:190} INFO - [2025-01-28T10:50:18.320+0000] {dag.py:3239} INFO - Sync 1 DAGs
[2025-01-28T10:50:18.363+0000] {logging_mixin.py:190} INFO - [2025-01-28T10:50:18.362+0000] {dag.py:4180} INFO - Setting next_dagrun for latest_only_with_trigger to 2025-01-28 04:00:00+00:00, run_after=2025-01-28 08:00:00+00:00
[2025-01-28T10:50:18.411+0000] {processor.py:208} INFO - Processing /mnt/c/Users/Admin/Desktop/ud_data/Dataslush_umang/airflow/airflow_venv/lib/python3.12/site-packages/airflow/example_dags/example_latest_only_with_trigger.py took 0.248 seconds
[2025-01-28T10:51:58.622+0000] {processor.py:186} INFO - Started process (PID=18572) to work on /mnt/c/Users/Admin/Desktop/ud_data/Dataslush_umang/airflow/airflow_venv/lib/python3.12/site-packages/airflow/example_dags/example_latest_only_with_trigger.py
[2025-01-28T10:51:58.853+0000] {processor.py:914} INFO - Processing file /mnt/c/Users/Admin/Desktop/ud_data/Dataslush_umang/airflow/airflow_venv/lib/python3.12/site-packages/airflow/example_dags/example_latest_only_with_trigger.py for tasks to queue
[2025-01-28T10:51:58.862+0000] {logging_mixin.py:190} INFO - [2025-01-28T10:51:58.859+0000] {dagbag.py:588} INFO - Filling up the DagBag from /mnt/c/Users/Admin/Desktop/ud_data/Dataslush_umang/airflow/airflow_venv/lib/python3.12/site-packages/airflow/example_dags/example_latest_only_with_trigger.py
[2025-01-28T10:51:58.997+0000] {processor.py:925} INFO - DAG(s) 'latest_only_with_trigger' retrieved from /mnt/c/Users/Admin/Desktop/ud_data/Dataslush_umang/airflow/airflow_venv/lib/python3.12/site-packages/airflow/example_dags/example_latest_only_with_trigger.py
[2025-01-28T10:51:59.026+0000] {logging_mixin.py:190} INFO - [2025-01-28T10:51:59.024+0000] {dag.py:3239} INFO - Sync 1 DAGs
[2025-01-28T10:51:59.065+0000] {logging_mixin.py:190} INFO - [2025-01-28T10:51:59.063+0000] {dag.py:4180} INFO - Setting next_dagrun for latest_only_with_trigger to 2025-01-28 04:00:00+00:00, run_after=2025-01-28 08:00:00+00:00
[2025-01-28T10:51:59.229+0000] {processor.py:208} INFO - Processing /mnt/c/Users/Admin/Desktop/ud_data/Dataslush_umang/airflow/airflow_venv/lib/python3.12/site-packages/airflow/example_dags/example_latest_only_with_trigger.py took 0.634 seconds
[2025-01-28T10:53:39.177+0000] {processor.py:186} INFO - Started process (PID=18733) to work on /mnt/c/Users/Admin/Desktop/ud_data/Dataslush_umang/airflow/airflow_venv/lib/python3.12/site-packages/airflow/example_dags/example_latest_only_with_trigger.py
[2025-01-28T10:53:39.180+0000] {processor.py:914} INFO - Processing file /mnt/c/Users/Admin/Desktop/ud_data/Dataslush_umang/airflow/airflow_venv/lib/python3.12/site-packages/airflow/example_dags/example_latest_only_with_trigger.py for tasks to queue
[2025-01-28T10:53:39.187+0000] {logging_mixin.py:190} INFO - [2025-01-28T10:53:39.184+0000] {dagbag.py:588} INFO - Filling up the DagBag from /mnt/c/Users/Admin/Desktop/ud_data/Dataslush_umang/airflow/airflow_venv/lib/python3.12/site-packages/airflow/example_dags/example_latest_only_with_trigger.py
[2025-01-28T10:53:39.310+0000] {processor.py:925} INFO - DAG(s) 'latest_only_with_trigger' retrieved from /mnt/c/Users/Admin/Desktop/ud_data/Dataslush_umang/airflow/airflow_venv/lib/python3.12/site-packages/airflow/example_dags/example_latest_only_with_trigger.py
[2025-01-28T10:53:39.339+0000] {logging_mixin.py:190} INFO - [2025-01-28T10:53:39.337+0000] {dag.py:3239} INFO - Sync 1 DAGs
[2025-01-28T10:53:39.377+0000] {logging_mixin.py:190} INFO - [2025-01-28T10:53:39.375+0000] {dag.py:4180} INFO - Setting next_dagrun for latest_only_with_trigger to 2025-01-28 04:00:00+00:00, run_after=2025-01-28 08:00:00+00:00
[2025-01-28T10:53:39.556+0000] {processor.py:208} INFO - Processing /mnt/c/Users/Admin/Desktop/ud_data/Dataslush_umang/airflow/airflow_venv/lib/python3.12/site-packages/airflow/example_dags/example_latest_only_with_trigger.py took 0.412 seconds
[2025-01-28T10:55:01.463+0000] {processor.py:186} INFO - Started process (PID=18846) to work on /mnt/c/Users/Admin/Desktop/ud_data/Dataslush_umang/airflow/airflow_venv/lib/python3.12/site-packages/airflow/example_dags/example_latest_only_with_trigger.py
[2025-01-28T10:55:01.467+0000] {processor.py:914} INFO - Processing file /mnt/c/Users/Admin/Desktop/ud_data/Dataslush_umang/airflow/airflow_venv/lib/python3.12/site-packages/airflow/example_dags/example_latest_only_with_trigger.py for tasks to queue
[2025-01-28T10:55:01.474+0000] {logging_mixin.py:190} INFO - [2025-01-28T10:55:01.471+0000] {dagbag.py:588} INFO - Filling up the DagBag from /mnt/c/Users/Admin/Desktop/ud_data/Dataslush_umang/airflow/airflow_venv/lib/python3.12/site-packages/airflow/example_dags/example_latest_only_with_trigger.py
[2025-01-28T10:55:01.595+0000] {processor.py:925} INFO - DAG(s) 'latest_only_with_trigger' retrieved from /mnt/c/Users/Admin/Desktop/ud_data/Dataslush_umang/airflow/airflow_venv/lib/python3.12/site-packages/airflow/example_dags/example_latest_only_with_trigger.py
[2025-01-28T10:55:01.632+0000] {logging_mixin.py:190} INFO - [2025-01-28T10:55:01.630+0000] {dag.py:3239} INFO - Sync 1 DAGs
[2025-01-28T10:55:01.677+0000] {logging_mixin.py:190} INFO - [2025-01-28T10:55:01.675+0000] {dag.py:4180} INFO - Setting next_dagrun for latest_only_with_trigger to 2025-01-28 04:00:00+00:00, run_after=2025-01-28 08:00:00+00:00
[2025-01-28T10:55:01.757+0000] {processor.py:208} INFO - Processing /mnt/c/Users/Admin/Desktop/ud_data/Dataslush_umang/airflow/airflow_venv/lib/python3.12/site-packages/airflow/example_dags/example_latest_only_with_trigger.py took 0.323 seconds
[2025-01-28T10:56:30.517+0000] {processor.py:186} INFO - Started process (PID=19057) to work on /mnt/c/Users/Admin/Desktop/ud_data/Dataslush_umang/airflow/airflow_venv/lib/python3.12/site-packages/airflow/example_dags/example_latest_only_with_trigger.py
[2025-01-28T10:56:30.520+0000] {processor.py:914} INFO - Processing file /mnt/c/Users/Admin/Desktop/ud_data/Dataslush_umang/airflow/airflow_venv/lib/python3.12/site-packages/airflow/example_dags/example_latest_only_with_trigger.py for tasks to queue
[2025-01-28T10:56:30.528+0000] {logging_mixin.py:190} INFO - [2025-01-28T10:56:30.525+0000] {dagbag.py:588} INFO - Filling up the DagBag from /mnt/c/Users/Admin/Desktop/ud_data/Dataslush_umang/airflow/airflow_venv/lib/python3.12/site-packages/airflow/example_dags/example_latest_only_with_trigger.py
[2025-01-28T10:56:30.641+0000] {processor.py:925} INFO - DAG(s) 'latest_only_with_trigger' retrieved from /mnt/c/Users/Admin/Desktop/ud_data/Dataslush_umang/airflow/airflow_venv/lib/python3.12/site-packages/airflow/example_dags/example_latest_only_with_trigger.py
[2025-01-28T10:56:30.672+0000] {logging_mixin.py:190} INFO - [2025-01-28T10:56:30.671+0000] {dag.py:3239} INFO - Sync 1 DAGs
[2025-01-28T10:56:30.708+0000] {logging_mixin.py:190} INFO - [2025-01-28T10:56:30.707+0000] {dag.py:4180} INFO - Setting next_dagrun for latest_only_with_trigger to 2025-01-28 04:00:00+00:00, run_after=2025-01-28 08:00:00+00:00
[2025-01-28T10:56:30.750+0000] {processor.py:208} INFO - Processing /mnt/c/Users/Admin/Desktop/ud_data/Dataslush_umang/airflow/airflow_venv/lib/python3.12/site-packages/airflow/example_dags/example_latest_only_with_trigger.py took 0.264 seconds
[2025-01-28T10:58:33.084+0000] {processor.py:186} INFO - Started process (PID=19208) to work on /mnt/c/Users/Admin/Desktop/ud_data/Dataslush_umang/airflow/airflow_venv/lib/python3.12/site-packages/airflow/example_dags/example_latest_only_with_trigger.py
[2025-01-28T10:58:33.088+0000] {processor.py:914} INFO - Processing file /mnt/c/Users/Admin/Desktop/ud_data/Dataslush_umang/airflow/airflow_venv/lib/python3.12/site-packages/airflow/example_dags/example_latest_only_with_trigger.py for tasks to queue
[2025-01-28T10:58:33.094+0000] {logging_mixin.py:190} INFO - [2025-01-28T10:58:33.092+0000] {dagbag.py:588} INFO - Filling up the DagBag from /mnt/c/Users/Admin/Desktop/ud_data/Dataslush_umang/airflow/airflow_venv/lib/python3.12/site-packages/airflow/example_dags/example_latest_only_with_trigger.py
[2025-01-28T10:58:03.134+0000] {processor.py:925} INFO - DAG(s) 'latest_only_with_trigger' retrieved from /mnt/c/Users/Admin/Desktop/ud_data/Dataslush_umang/airflow/airflow_venv/lib/python3.12/site-packages/airflow/example_dags/example_latest_only_with_trigger.py
[2025-01-28T10:58:03.167+0000] {logging_mixin.py:190} INFO - [2025-01-28T10:58:03.165+0000] {dag.py:3239} INFO - Sync 1 DAGs
[2025-01-28T10:58:03.204+0000] {logging_mixin.py:190} INFO - [2025-01-28T10:58:03.202+0000] {dag.py:4180} INFO - Setting next_dagrun for latest_only_with_trigger to 2025-01-28 04:00:00+00:00, run_after=2025-01-28 08:00:00+00:00
[2025-01-28T10:58:33.624+0000] {processor.py:208} INFO - Processing /mnt/c/Users/Admin/Desktop/ud_data/Dataslush_umang/airflow/airflow_venv/lib/python3.12/site-packages/airflow/example_dags/example_latest_only_with_trigger.py took 0.566 seconds
[2025-01-28T11:00:11.304+0000] {processor.py:186} INFO - Started process (PID=19470) to work on /mnt/c/Users/Admin/Desktop/ud_data/Dataslush_umang/airflow/airflow_venv/lib/python3.12/site-packages/airflow/example_dags/example_latest_only_with_trigger.py
[2025-01-28T11:00:11.307+0000] {processor.py:914} INFO - Processing file /mnt/c/Users/Admin/Desktop/ud_data/Dataslush_umang/airflow/airflow_venv/lib/python3.12/site-packages/airflow/example_dags/example_latest_only_with_trigger.py for tasks to queue
[2025-01-28T11:00:11.313+0000] {logging_mixin.py:190} INFO - [2025-01-28T11:00:11.311+0000] {dagbag.py:588} INFO - Filling up the DagBag from /mnt/c/Users/Admin/Desktop/ud_data/Dataslush_umang/airflow/airflow_venv/lib/python3.12/site-packages/airflow/example_dags/example_latest_only_with_trigger.py
[2025-01-28T11:00:11.443+0000] {processor.py:925} INFO - DAG(s) 'latest_only_with_trigger' retrieved from /mnt/c/Users/Admin/Desktop/ud_data/Dataslush_umang/airflow/airflow_venv/lib/python3.12/site-packages/airflow/example_dags/example_latest_only_with_trigger.py
[2025-01-28T11:00:11.474+0000] {logging_mixin.py:190} INFO - [2025-01-28T11:00:11.472+0000] {dag.py:3239} INFO - Sync 1 DAGs
[2025-01-28T11:00:11.512+0000] {logging_mixin.py:190} INFO - [2025-01-28T11:00:11.510+0000] {dag.py:4180} INFO - Setting next_dagrun for latest_only_with_trigger to 2025-01-28 04:00:00+00:00, run_after=2025-01-28 08:00:00+00:00
[2025-01-28T11:00:11.684+0000] {processor.py:208} INFO - Processing /mnt/c/Users/Admin/Desktop/ud_data/Dataslush_umang/airflow/airflow_venv/lib/python3.12/site-packages/airflow/example_dags/example_latest_only_with_trigger.py took 0.410 seconds
[2025-01-28T11:02:45.224+0000] {processor.py:186} INFO - Started process (PID=19654) to work on /mnt/c/Users/Admin/Desktop/ud_data/Dataslush_umang/airflow/airflow_venv/lib/python3.12/site-packages/airflow/example_dags/example_latest_only_with_trigger.py
[2025-01-28T11:02:45.227+0000] {processor.py:914} INFO - Processing file /mnt/c/Users/Admin/Desktop/ud_data/Dataslush_umang/airflow/airflow_venv/lib/python3.12/site-packages/airflow/example_dags/example_latest_only_with_trigger.py for tasks to queue
[2025-01-28T11:02:45.235+0000] {logging_mixin.py:190} INFO - [2025-01-28T11:02:45.232+0000] {dagbag.py:588} INFO - Filling up the DagBag from /mnt/c/Users/Admin/Desktop/ud_data/Dataslush_umang/airflow/airflow_venv/lib/python3.12/site-packages/airflow/example_dags/example_latest_only_with_trigger.py
[2025-01-28T11:02:45.352+0000] {processor.py:925} INFO - DAG(s) 'latest_only_with_trigger' retrieved from /mnt/c/Users/Admin/Desktop/ud_data/Dataslush_umang/airflow/airflow_venv/lib/python3.12/site-packages/airflow/example_dags/example_latest_only_with_trigger.py
[2025-01-28T11:02:45.394+0000] {logging_mixin.py:190} INFO - [2025-01-28T11:02:45.392+0000] {dag.py:3239} INFO - Sync 1 DAGs
[2025-01-28T11:02:45.443+0000] {logging_mixin.py:190} INFO - [2025-01-28T11:02:45.441+0000] {dag.py:4180} INFO - Setting next_dagrun for latest_only_with_trigger to 2025-01-28 04:00:00+00:00, run_after=2025-01-28 08:00:00+00:00
[2025-01-28T11:02:45.533+0000] {processor.py:208} INFO - Processing /mnt/c/Users/Admin/Desktop/ud_data/Dataslush_umang/airflow/airflow_venv/lib/python3.12/site-packages/airflow/example_dags/example_latest_only_with_trigger.py took 0.336 seconds
[2025-01-28T11:04:17.248+0000] {processor.py:186} INFO - Started process (PID=19877) to work on /mnt/c/Users/Admin/Desktop/ud_data/Dataslush_umang/airflow/airflow_venv/lib/python3.12/site-packages/airflow/example_dags/example_latest_only_with_trigger.py
[2025-01-28T11:04:17.251+0000] {processor.py:914} INFO - Processing file /mnt/c/Users/Admin/Desktop/ud_data/Dataslush_umang/airflow/airflow_venv/lib/python3.12/site-packages/airflow/example_dags/example_latest_only_with_trigger.py for tasks to queue
[2025-01-28T11:04:17.257+0000] {logging_mixin.py:190} INFO - [2025-01-28T11:04:17.256+0000] {dagbag.py:588} INFO - Filling up the DagBag from /mnt/c/Users/Admin/Desktop/ud_data/Dataslush_umang/airflow/airflow_venv/lib/python3.12/site-packages/airflow/example_dags/example_latest_only_with_trigger.py
[2025-01-28T11:04:17.384+0000] {processor.py:925} INFO - DAG(s) 'latest_only_with_trigger' retrieved from /mnt/c/Users/Admin/Desktop/ud_data/Dataslush_umang/airflow/airflow_venv/lib/python3.12/site-packages/airflow/example_dags/example_latest_only_with_trigger.py
[2025-01-28T11:04:17.420+0000] {logging_mixin.py:190} INFO - [2025-01-28T11:04:17.418+0000] {dag.py:3239} INFO - Sync 1 DAGs
[2025-01-28T11:04:17.462+0000] {logging_mixin.py:190} INFO - [2025-01-28T11:04:17.461+0000] {dag.py:4180} INFO - Setting next_dagrun for latest_only_with_trigger to 2025-01-28 04:00:00+00:00, run_after=2025-01-28 08:00:00+00:00
[2025-01-28T11:04:17.638+0000] {processor.py:208} INFO - Processing /mnt/c/Users/Admin/Desktop/ud_data/Dataslush_umang/airflow/airflow_venv/lib/python3.12/site-packages/airflow/example_dags/example_latest_only_with_trigger.py took 0.419 seconds
[2025-01-28T11:05:59.305+0000] {processor.py:186} INFO - Started process (PID=20003) to work on /mnt/c/Users/Admin/Desktop/ud_data/Dataslush_umang/airflow/airflow_venv/lib/python3.12/site-packages/airflow/example_dags/example_latest_only_with_trigger.py
[2025-01-28T11:05:59.409+0000] {processor.py:914} INFO - Processing file /mnt/c/Users/Admin/Desktop/ud_data/Dataslush_umang/airflow/airflow_venv/lib/python3.12/site-packages/airflow/example_dags/example_latest_only_with_trigger.py for tasks to queue
[2025-01-28T11:05:59.425+0000] {logging_mixin.py:190} INFO - [2025-01-28T11:05:59.420+0000] {dagbag.py:588} INFO - Filling up the DagBag from /mnt/c/Users/Admin/Desktop/ud_data/Dataslush_umang/airflow/airflow_venv/lib/python3.12/site-packages/airflow/example_dags/example_latest_only_with_trigger.py
[2025-01-28T11:05:59.531+0000] {processor.py:925} INFO - DAG(s) 'latest_only_with_trigger' retrieved from /mnt/c/Users/Admin/Desktop/ud_data/Dataslush_umang/airflow/airflow_venv/lib/python3.12/site-packages/airflow/example_dags/example_latest_only_with_trigger.py
[2025-01-28T11:05:59.555+0000] {logging_mixin.py:190} INFO - [2025-01-28T11:05:59.554+0000] {dag.py:3239} INFO - Sync 1 DAGs
[2025-01-28T11:05:59.586+0000] {logging_mixin.py:190} INFO - [2025-01-28T11:05:59.585+0000] {dag.py:4180} INFO - Setting next_dagrun for latest_only_with_trigger to 2025-01-28 04:00:00+00:00, run_after=2025-01-28 08:00:00+00:00
[2025-01-28T11:06:02.452+0000] {processor.py:208} INFO - Processing /mnt/c/Users/Admin/Desktop/ud_data/Dataslush_umang/airflow/airflow_venv/lib/python3.12/site-packages/airflow/example_dags/example_latest_only_with_trigger.py took 3.171 seconds
[2025-01-28T11:07:59.769+0000] {processor.py:186} INFO - Started process (PID=20173) to work on /mnt/c/Users/Admin/Desktop/ud_data/Dataslush_umang/airflow/airflow_venv/lib/python3.12/site-packages/airflow/example_dags/example_latest_only_with_trigger.py
[2025-01-28T11:07:59.781+0000] {processor.py:914} INFO - Processing file /mnt/c/Users/Admin/Desktop/ud_data/Dataslush_umang/airflow/airflow_venv/lib/python3.12/site-packages/airflow/example_dags/example_latest_only_with_trigger.py for tasks to queue
[2025-01-28T11:07:59.798+0000] {logging_mixin.py:190} INFO - [2025-01-28T11:07:59.793+0000] {dagbag.py:588} INFO - Filling up the DagBag from /mnt/c/Users/Admin/Desktop/ud_data/Dataslush_umang/airflow/airflow_venv/lib/python3.12/site-packages/airflow/example_dags/example_latest_only_with_trigger.py
[2025-01-28T11:07:59.911+0000] {processor.py:925} INFO - DAG(s) 'latest_only_with_trigger' retrieved from /mnt/c/Users/Admin/Desktop/ud_data/Dataslush_umang/airflow/airflow_venv/lib/python3.12/site-packages/airflow/example_dags/example_latest_only_with_trigger.py
[2025-01-28T11:07:59.943+0000] {logging_mixin.py:190} INFO - [2025-01-28T11:07:59.942+0000] {dag.py:3239} INFO - Sync 1 DAGs
[2025-01-28T11:07:59.992+0000] {logging_mixin.py:190} INFO - [2025-01-28T11:07:59.991+0000] {dag.py:4180} INFO - Setting next_dagrun for latest_only_with_trigger to 2025-01-28 04:00:00+00:00, run_after=2025-01-28 08:00:00+00:00
[2025-01-28T11:08:00.099+0000] {processor.py:208} INFO - Processing /mnt/c/Users/Admin/Desktop/ud_data/Dataslush_umang/airflow/airflow_venv/lib/python3.12/site-packages/airflow/example_dags/example_latest_only_with_trigger.py took 0.362 seconds
[2025-01-28T11:09:35.214+0000] {processor.py:186} INFO - Started process (PID=20382) to work on /mnt/c/Users/Admin/Desktop/ud_data/Dataslush_umang/airflow/airflow_venv/lib/python3.12/site-packages/airflow/example_dags/example_latest_only_with_trigger.py
[2025-01-28T11:09:35.321+0000] {processor.py:914} INFO - Processing file /mnt/c/Users/Admin/Desktop/ud_data/Dataslush_umang/airflow/airflow_venv/lib/python3.12/site-packages/airflow/example_dags/example_latest_only_with_trigger.py for tasks to queue
[2025-01-28T11:09:35.328+0000] {logging_mixin.py:190} INFO - [2025-01-28T11:09:35.326+0000] {dagbag.py:588} INFO - Filling up the DagBag from /mnt/c/Users/Admin/Desktop/ud_data/Dataslush_umang/airflow/airflow_venv/lib/python3.12/site-packages/airflow/example_dags/example_latest_only_with_trigger.py
[2025-01-28T11:09:35.431+0000] {processor.py:925} INFO - DAG(s) 'latest_only_with_trigger' retrieved from /mnt/c/Users/Admin/Desktop/ud_data/Dataslush_umang/airflow/airflow_venv/lib/python3.12/site-packages/airflow/example_dags/example_latest_only_with_trigger.py
[2025-01-28T11:09:35.460+0000] {logging_mixin.py:190} INFO - [2025-01-28T11:09:35.459+0000] {dag.py:3239} INFO - Sync 1 DAGs
[2025-01-28T11:09:35.502+0000] {logging_mixin.py:190} INFO - [2025-01-28T11:09:35.500+0000] {dag.py:4180} INFO - Setting next_dagrun for latest_only_with_trigger to 2025-01-28 04:00:00+00:00, run_after=2025-01-28 08:00:00+00:00
[2025-01-28T11:09:35.648+0000] {processor.py:208} INFO - Processing /mnt/c/Users/Admin/Desktop/ud_data/Dataslush_umang/airflow/airflow_venv/lib/python3.12/site-packages/airflow/example_dags/example_latest_only_with_trigger.py took 0.460 seconds
[2025-01-28T11:10:41.574+0000] {processor.py:186} INFO - Started process (PID=20474) to work on /mnt/c/Users/Admin/Desktop/ud_data/Dataslush_umang/airflow/airflow_venv/lib/python3.12/site-packages/airflow/example_dags/example_latest_only_with_trigger.py
[2025-01-28T11:10:41.640+0000] {processor.py:914} INFO - Processing file /mnt/c/Users/Admin/Desktop/ud_data/Dataslush_umang/airflow/airflow_venv/lib/python3.12/site-packages/airflow/example_dags/example_latest_only_with_trigger.py for tasks to queue
[2025-01-28T11:10:41.647+0000] {logging_mixin.py:190} INFO - [2025-01-28T11:10:41.645+0000] {dagbag.py:588} INFO - Filling up the DagBag from /mnt/c/Users/Admin/Desktop/ud_data/Dataslush_umang/airflow/airflow_venv/lib/python3.12/site-packages/airflow/example_dags/example_latest_only_with_trigger.py
[2025-01-28T11:10:41.746+0000] {processor.py:925} INFO - DAG(s) 'latest_only_with_trigger' retrieved from /mnt/c/Users/Admin/Desktop/ud_data/Dataslush_umang/airflow/airflow_venv/lib/python3.12/site-packages/airflow/example_dags/example_latest_only_with_trigger.py
[2025-01-28T11:10:41.777+0000] {logging_mixin.py:190} INFO - [2025-01-28T11:10:41.775+0000] {dag.py:3239} INFO - Sync 1 DAGs
[2025-01-28T11:10:41.815+0000] {logging_mixin.py:190} INFO - [2025-01-28T11:10:41.814+0000] {dag.py:4180} INFO - Setting next_dagrun for latest_only_with_trigger to 2025-01-28 04:00:00+00:00, run_after=2025-01-28 08:00:00+00:00
[2025-01-28T11:10:41.853+0000] {processor.py:208} INFO - Processing /mnt/c/Users/Admin/Desktop/ud_data/Dataslush_umang/airflow/airflow_venv/lib/python3.12/site-packages/airflow/example_dags/example_latest_only_with_trigger.py took 0.305 seconds
[2025-01-28T11:11:54.799+0000] {processor.py:186} INFO - Started process (PID=20565) to work on /mnt/c/Users/Admin/Desktop/ud_data/Dataslush_umang/airflow/airflow_venv/lib/python3.12/site-packages/airflow/example_dags/example_latest_only_with_trigger.py
[2025-01-28T11:11:55.032+0000] {processor.py:914} INFO - Processing file /mnt/c/Users/Admin/Desktop/ud_data/Dataslush_umang/airflow/airflow_venv/lib/python3.12/site-packages/airflow/example_dags/example_latest_only_with_trigger.py for tasks to queue
[2025-01-28T11:11:55.038+0000] {logging_mixin.py:190} INFO - [2025-01-28T11:11:55.036+0000] {dagbag.py:588} INFO - Filling up the DagBag from /mnt/c/Users/Admin/Desktop/ud_data/Dataslush_umang/airflow/airflow_venv/lib/python3.12/site-packages/airflow/example_dags/example_latest_only_with_trigger.py
[2025-01-28T11:11:55.150+0000] {processor.py:925} INFO - DAG(s) 'latest_only_with_trigger' retrieved from /mnt/c/Users/Admin/Desktop/ud_data/Dataslush_umang/airflow/airflow_venv/lib/python3.12/site-packages/airflow/example_dags/example_latest_only_with_trigger.py
[2025-01-28T11:11:55.181+0000] {logging_mixin.py:190} INFO - [2025-01-28T11:11:55.180+0000] {dag.py:3239} INFO - Sync 1 DAGs
[2025-01-28T11:11:55.216+0000] {logging_mixin.py:190} INFO - [2025-01-28T11:11:55.215+0000] {dag.py:4180} INFO - Setting next_dagrun for latest_only_with_trigger to 2025-01-28 04:00:00+00:00, run_after=2025-01-28 08:00:00+00:00
[2025-01-28T11:11:55.339+0000] {processor.py:208} INFO - Processing /mnt/c/Users/Admin/Desktop/ud_data/Dataslush_umang/airflow/airflow_venv/lib/python3.12/site-packages/airflow/example_dags/example_latest_only_with_trigger.py took 0.567 seconds
[2025-01-28T11:13:36.405+0000] {processor.py:186} INFO - Started process (PID=20680) to work on /mnt/c/Users/Admin/Desktop/ud_data/Dataslush_umang/airflow/airflow_venv/lib/python3.12/site-packages/airflow/example_dags/example_latest_only_with_trigger.py
[2025-01-28T11:13:36.409+0000] {processor.py:914} INFO - Processing file /mnt/c/Users/Admin/Desktop/ud_data/Dataslush_umang/airflow/airflow_venv/lib/python3.12/site-packages/airflow/example_dags/example_latest_only_with_trigger.py for tasks to queue
[2025-01-28T11:13:36.414+0000] {logging_mixin.py:190} INFO - [2025-01-28T11:13:36.413+0000] {dagbag.py:588} INFO - Filling up the DagBag from /mnt/c/Users/Admin/Desktop/ud_data/Dataslush_umang/airflow/airflow_venv/lib/python3.12/site-packages/airflow/example_dags/example_latest_only_with_trigger.py
[2025-01-28T11:13:36.518+0000] {processor.py:925} INFO - DAG(s) 'latest_only_with_trigger' retrieved from /mnt/c/Users/Admin/Desktop/ud_data/Dataslush_umang/airflow/airflow_venv/lib/python3.12/site-packages/airflow/example_dags/example_latest_only_with_trigger.py
[2025-01-28T11:13:36.546+0000] {logging_mixin.py:190} INFO - [2025-01-28T11:13:36.544+0000] {dag.py:3239} INFO - Sync 1 DAGs
[2025-01-28T11:13:36.592+0000] {logging_mixin.py:190} INFO - [2025-01-28T11:13:36.590+0000] {dag.py:4180} INFO - Setting next_dagrun for latest_only_with_trigger to 2025-01-28 04:00:00+00:00, run_after=2025-01-28 08:00:00+00:00
[2025-01-28T11:13:36.638+0000] {processor.py:208} INFO - Processing /mnt/c/Users/Admin/Desktop/ud_data/Dataslush_umang/airflow/airflow_venv/lib/python3.12/site-packages/airflow/example_dags/example_latest_only_with_trigger.py took 0.258 seconds
