[2025-01-28T10:12:40.346+0000] {processor.py:186} INFO - Started process (PID=14758) to work on /mnt/c/Users/Admin/Desktop/ud_data/Dataslush_umang/airflow/airflow_venv/lib/python3.12/site-packages/airflow/example_dags/example_python_operator.py
[2025-01-28T10:12:40.349+0000] {processor.py:914} INFO - Processing file /mnt/c/Users/Admin/Desktop/ud_data/Dataslush_umang/airflow/airflow_venv/lib/python3.12/site-packages/airflow/example_dags/example_python_operator.py for tasks to queue
[2025-01-28T10:12:40.355+0000] {logging_mixin.py:190} INFO - [2025-01-28T10:12:40.353+0000] {dagbag.py:588} INFO - Filling up the DagBag from /mnt/c/Users/Admin/Desktop/ud_data/Dataslush_umang/airflow/airflow_venv/lib/python3.12/site-packages/airflow/example_dags/example_python_operator.py
[2025-01-28T10:12:40.493+0000] {processor.py:925} INFO - DAG(s) 'example_python_operator' retrieved from /mnt/c/Users/Admin/Desktop/ud_data/Dataslush_umang/airflow/airflow_venv/lib/python3.12/site-packages/airflow/example_dags/example_python_operator.py
[2025-01-28T10:12:42.391+0000] {logging_mixin.py:190} INFO - [2025-01-28T10:12:42.390+0000] {override.py:1912} INFO - Created Permission View: can edit on DAG:example_python_operator
[2025-01-28T10:12:42.422+0000] {logging_mixin.py:190} INFO - [2025-01-28T10:12:42.420+0000] {override.py:1912} INFO - Created Permission View: can read on DAG:example_python_operator
[2025-01-28T10:12:42.448+0000] {logging_mixin.py:190} INFO - [2025-01-28T10:12:42.445+0000] {override.py:1912} INFO - Created Permission View: can delete on DAG:example_python_operator
[2025-01-28T10:12:42.492+0000] {logging_mixin.py:190} INFO - [2025-01-28T10:12:42.490+0000] {override.py:1912} INFO - Created Permission View: can create on DAG Run:example_python_operator
[2025-01-28T10:12:42.520+0000] {logging_mixin.py:190} INFO - [2025-01-28T10:12:42.518+0000] {override.py:1912} INFO - Created Permission View: menu access on DAG Run:example_python_operator
[2025-01-28T10:12:42.546+0000] {logging_mixin.py:190} INFO - [2025-01-28T10:12:42.544+0000] {override.py:1912} INFO - Created Permission View: can read on DAG Run:example_python_operator
[2025-01-28T10:12:42.633+0000] {logging_mixin.py:190} INFO - [2025-01-28T10:12:42.631+0000] {override.py:1912} INFO - Created Permission View: can delete on DAG Run:example_python_operator
[2025-01-28T10:12:42.636+0000] {logging_mixin.py:190} INFO - [2025-01-28T10:12:42.634+0000] {dag.py:3239} INFO - Sync 1 DAGs
[2025-01-28T10:12:42.654+0000] {logging_mixin.py:190} INFO - [2025-01-28T10:12:42.653+0000] {dag.py:3262} INFO - Creating ORM DAG for example_python_operator
[2025-01-28T10:12:42.658+0000] {logging_mixin.py:190} INFO - [2025-01-28T10:12:42.657+0000] {dag.py:4180} INFO - Setting next_dagrun for example_python_operator to None, run_after=None
[2025-01-28T10:12:42.729+0000] {processor.py:208} INFO - Processing /mnt/c/Users/Admin/Desktop/ud_data/Dataslush_umang/airflow/airflow_venv/lib/python3.12/site-packages/airflow/example_dags/example_python_operator.py took 2.408 seconds
[2025-01-28T10:15:15.671+0000] {processor.py:186} INFO - Started process (PID=14981) to work on /mnt/c/Users/Admin/Desktop/ud_data/Dataslush_umang/airflow/airflow_venv/lib/python3.12/site-packages/airflow/example_dags/example_python_operator.py
[2025-01-28T10:15:15.676+0000] {processor.py:914} INFO - Processing file /mnt/c/Users/Admin/Desktop/ud_data/Dataslush_umang/airflow/airflow_venv/lib/python3.12/site-packages/airflow/example_dags/example_python_operator.py for tasks to queue
[2025-01-28T10:15:15.684+0000] {logging_mixin.py:190} INFO - [2025-01-28T10:15:15.681+0000] {dagbag.py:588} INFO - Filling up the DagBag from /mnt/c/Users/Admin/Desktop/ud_data/Dataslush_umang/airflow/airflow_venv/lib/python3.12/site-packages/airflow/example_dags/example_python_operator.py
[2025-01-28T10:15:15.821+0000] {processor.py:925} INFO - DAG(s) 'example_python_operator' retrieved from /mnt/c/Users/Admin/Desktop/ud_data/Dataslush_umang/airflow/airflow_venv/lib/python3.12/site-packages/airflow/example_dags/example_python_operator.py
[2025-01-28T10:15:15.845+0000] {logging_mixin.py:190} INFO - [2025-01-28T10:15:15.843+0000] {dag.py:3239} INFO - Sync 1 DAGs
[2025-01-28T10:15:15.859+0000] {logging_mixin.py:190} INFO - [2025-01-28T10:15:15.857+0000] {dag.py:4180} INFO - Setting next_dagrun for example_python_operator to None, run_after=None
[2025-01-28T10:15:15.896+0000] {processor.py:208} INFO - Processing /mnt/c/Users/Admin/Desktop/ud_data/Dataslush_umang/airflow/airflow_venv/lib/python3.12/site-packages/airflow/example_dags/example_python_operator.py took 0.253 seconds
[2025-01-28T10:16:55.689+0000] {processor.py:186} INFO - Started process (PID=15168) to work on /mnt/c/Users/Admin/Desktop/ud_data/Dataslush_umang/airflow/airflow_venv/lib/python3.12/site-packages/airflow/example_dags/example_python_operator.py
[2025-01-28T10:16:55.691+0000] {processor.py:914} INFO - Processing file /mnt/c/Users/Admin/Desktop/ud_data/Dataslush_umang/airflow/airflow_venv/lib/python3.12/site-packages/airflow/example_dags/example_python_operator.py for tasks to queue
[2025-01-28T10:16:55.696+0000] {logging_mixin.py:190} INFO - [2025-01-28T10:16:55.695+0000] {dagbag.py:588} INFO - Filling up the DagBag from /mnt/c/Users/Admin/Desktop/ud_data/Dataslush_umang/airflow/airflow_venv/lib/python3.12/site-packages/airflow/example_dags/example_python_operator.py
[2025-01-28T10:16:55.810+0000] {processor.py:925} INFO - DAG(s) 'example_python_operator' retrieved from /mnt/c/Users/Admin/Desktop/ud_data/Dataslush_umang/airflow/airflow_venv/lib/python3.12/site-packages/airflow/example_dags/example_python_operator.py
[2025-01-28T10:16:55.841+0000] {logging_mixin.py:190} INFO - [2025-01-28T10:16:55.839+0000] {dag.py:3239} INFO - Sync 1 DAGs
[2025-01-28T10:16:55.860+0000] {logging_mixin.py:190} INFO - [2025-01-28T10:16:55.858+0000] {dag.py:4180} INFO - Setting next_dagrun for example_python_operator to None, run_after=None
[2025-01-28T10:16:55.899+0000] {processor.py:208} INFO - Processing /mnt/c/Users/Admin/Desktop/ud_data/Dataslush_umang/airflow/airflow_venv/lib/python3.12/site-packages/airflow/example_dags/example_python_operator.py took 0.230 seconds
[2025-01-28T10:18:43.726+0000] {processor.py:186} INFO - Started process (PID=15315) to work on /mnt/c/Users/Admin/Desktop/ud_data/Dataslush_umang/airflow/airflow_venv/lib/python3.12/site-packages/airflow/example_dags/example_python_operator.py
[2025-01-28T10:18:43.970+0000] {processor.py:914} INFO - Processing file /mnt/c/Users/Admin/Desktop/ud_data/Dataslush_umang/airflow/airflow_venv/lib/python3.12/site-packages/airflow/example_dags/example_python_operator.py for tasks to queue
[2025-01-28T10:18:43.986+0000] {logging_mixin.py:190} INFO - [2025-01-28T10:18:43.980+0000] {dagbag.py:588} INFO - Filling up the DagBag from /mnt/c/Users/Admin/Desktop/ud_data/Dataslush_umang/airflow/airflow_venv/lib/python3.12/site-packages/airflow/example_dags/example_python_operator.py
[2025-01-28T10:18:14.194+0000] {processor.py:925} INFO - DAG(s) 'example_python_operator' retrieved from /mnt/c/Users/Admin/Desktop/ud_data/Dataslush_umang/airflow/airflow_venv/lib/python3.12/site-packages/airflow/example_dags/example_python_operator.py
[2025-01-28T10:18:14.401+0000] {logging_mixin.py:190} INFO - [2025-01-28T10:18:14.398+0000] {dag.py:3239} INFO - Sync 1 DAGs
[2025-01-28T10:18:14.451+0000] {logging_mixin.py:190} INFO - [2025-01-28T10:18:14.448+0000] {dag.py:4180} INFO - Setting next_dagrun for example_python_operator to None, run_after=None
[2025-01-28T10:18:20.336+0000] {processor.py:208} INFO - Processing /mnt/c/Users/Admin/Desktop/ud_data/Dataslush_umang/airflow/airflow_venv/lib/python3.12/site-packages/airflow/example_dags/example_python_operator.py took 6.786 seconds
[2025-01-28T10:21:00.096+0000] {processor.py:186} INFO - Started process (PID=15561) to work on /mnt/c/Users/Admin/Desktop/ud_data/Dataslush_umang/airflow/airflow_venv/lib/python3.12/site-packages/airflow/example_dags/example_python_operator.py
[2025-01-28T10:21:00.190+0000] {processor.py:914} INFO - Processing file /mnt/c/Users/Admin/Desktop/ud_data/Dataslush_umang/airflow/airflow_venv/lib/python3.12/site-packages/airflow/example_dags/example_python_operator.py for tasks to queue
[2025-01-28T10:21:00.205+0000] {logging_mixin.py:190} INFO - [2025-01-28T10:21:00.200+0000] {dagbag.py:588} INFO - Filling up the DagBag from /mnt/c/Users/Admin/Desktop/ud_data/Dataslush_umang/airflow/airflow_venv/lib/python3.12/site-packages/airflow/example_dags/example_python_operator.py
[2025-01-28T10:21:00.609+0000] {processor.py:925} INFO - DAG(s) 'example_python_operator' retrieved from /mnt/c/Users/Admin/Desktop/ud_data/Dataslush_umang/airflow/airflow_venv/lib/python3.12/site-packages/airflow/example_dags/example_python_operator.py
[2025-01-28T10:21:00.711+0000] {logging_mixin.py:190} INFO - [2025-01-28T10:21:00.708+0000] {dag.py:3239} INFO - Sync 1 DAGs
[2025-01-28T10:21:00.747+0000] {logging_mixin.py:190} INFO - [2025-01-28T10:21:00.744+0000] {dag.py:4180} INFO - Setting next_dagrun for example_python_operator to None, run_after=None
[2025-01-28T10:21:00.845+0000] {processor.py:208} INFO - Processing /mnt/c/Users/Admin/Desktop/ud_data/Dataslush_umang/airflow/airflow_venv/lib/python3.12/site-packages/airflow/example_dags/example_python_operator.py took 0.817 seconds
[2025-01-28T10:22:21.899+0000] {processor.py:186} INFO - Started process (PID=15671) to work on /mnt/c/Users/Admin/Desktop/ud_data/Dataslush_umang/airflow/airflow_venv/lib/python3.12/site-packages/airflow/example_dags/example_python_operator.py
[2025-01-28T10:22:21.907+0000] {processor.py:914} INFO - Processing file /mnt/c/Users/Admin/Desktop/ud_data/Dataslush_umang/airflow/airflow_venv/lib/python3.12/site-packages/airflow/example_dags/example_python_operator.py for tasks to queue
[2025-01-28T10:22:21.921+0000] {logging_mixin.py:190} INFO - [2025-01-28T10:22:21.916+0000] {dagbag.py:588} INFO - Filling up the DagBag from /mnt/c/Users/Admin/Desktop/ud_data/Dataslush_umang/airflow/airflow_venv/lib/python3.12/site-packages/airflow/example_dags/example_python_operator.py
[2025-01-28T10:22:22.251+0000] {processor.py:925} INFO - DAG(s) 'example_python_operator' retrieved from /mnt/c/Users/Admin/Desktop/ud_data/Dataslush_umang/airflow/airflow_venv/lib/python3.12/site-packages/airflow/example_dags/example_python_operator.py
[2025-01-28T10:22:22.293+0000] {logging_mixin.py:190} INFO - [2025-01-28T10:22:22.291+0000] {dag.py:3239} INFO - Sync 1 DAGs
[2025-01-28T10:22:22.312+0000] {logging_mixin.py:190} INFO - [2025-01-28T10:22:22.309+0000] {dag.py:4180} INFO - Setting next_dagrun for example_python_operator to None, run_after=None
[2025-01-28T10:22:22.355+0000] {processor.py:208} INFO - Processing /mnt/c/Users/Admin/Desktop/ud_data/Dataslush_umang/airflow/airflow_venv/lib/python3.12/site-packages/airflow/example_dags/example_python_operator.py took 0.526 seconds
[2025-01-28T10:24:06.150+0000] {processor.py:186} INFO - Started process (PID=15839) to work on /mnt/c/Users/Admin/Desktop/ud_data/Dataslush_umang/airflow/airflow_venv/lib/python3.12/site-packages/airflow/example_dags/example_python_operator.py
[2025-01-28T10:24:06.154+0000] {processor.py:914} INFO - Processing file /mnt/c/Users/Admin/Desktop/ud_data/Dataslush_umang/airflow/airflow_venv/lib/python3.12/site-packages/airflow/example_dags/example_python_operator.py for tasks to queue
[2025-01-28T10:24:06.311+0000] {logging_mixin.py:190} INFO - [2025-01-28T10:24:06.309+0000] {dagbag.py:588} INFO - Filling up the DagBag from /mnt/c/Users/Admin/Desktop/ud_data/Dataslush_umang/airflow/airflow_venv/lib/python3.12/site-packages/airflow/example_dags/example_python_operator.py
[2025-01-28T10:24:06.420+0000] {processor.py:925} INFO - DAG(s) 'example_python_operator' retrieved from /mnt/c/Users/Admin/Desktop/ud_data/Dataslush_umang/airflow/airflow_venv/lib/python3.12/site-packages/airflow/example_dags/example_python_operator.py
[2025-01-28T10:24:06.447+0000] {logging_mixin.py:190} INFO - [2025-01-28T10:24:06.444+0000] {dag.py:3239} INFO - Sync 1 DAGs
[2025-01-28T10:24:06.462+0000] {logging_mixin.py:190} INFO - [2025-01-28T10:24:06.459+0000] {dag.py:4180} INFO - Setting next_dagrun for example_python_operator to None, run_after=None
[2025-01-28T10:24:06.527+0000] {processor.py:208} INFO - Processing /mnt/c/Users/Admin/Desktop/ud_data/Dataslush_umang/airflow/airflow_venv/lib/python3.12/site-packages/airflow/example_dags/example_python_operator.py took 0.400 seconds
[2025-01-28T10:25:40.191+0000] {processor.py:186} INFO - Started process (PID=16056) to work on /mnt/c/Users/Admin/Desktop/ud_data/Dataslush_umang/airflow/airflow_venv/lib/python3.12/site-packages/airflow/example_dags/example_python_operator.py
[2025-01-28T10:25:40.594+0000] {processor.py:914} INFO - Processing file /mnt/c/Users/Admin/Desktop/ud_data/Dataslush_umang/airflow/airflow_venv/lib/python3.12/site-packages/airflow/example_dags/example_python_operator.py for tasks to queue
[2025-01-28T10:25:40.611+0000] {logging_mixin.py:190} INFO - [2025-01-28T10:25:40.606+0000] {dagbag.py:588} INFO - Filling up the DagBag from /mnt/c/Users/Admin/Desktop/ud_data/Dataslush_umang/airflow/airflow_venv/lib/python3.12/site-packages/airflow/example_dags/example_python_operator.py
[2025-01-28T10:25:40.990+0000] {processor.py:925} INFO - DAG(s) 'example_python_operator' retrieved from /mnt/c/Users/Admin/Desktop/ud_data/Dataslush_umang/airflow/airflow_venv/lib/python3.12/site-packages/airflow/example_dags/example_python_operator.py
[2025-01-28T10:25:41.058+0000] {logging_mixin.py:190} INFO - [2025-01-28T10:25:41.055+0000] {dag.py:3239} INFO - Sync 1 DAGs
[2025-01-28T10:25:41.076+0000] {logging_mixin.py:190} INFO - [2025-01-28T10:25:41.074+0000] {dag.py:4180} INFO - Setting next_dagrun for example_python_operator to None, run_after=None
[2025-01-28T10:25:41.899+0000] {processor.py:208} INFO - Processing /mnt/c/Users/Admin/Desktop/ud_data/Dataslush_umang/airflow/airflow_venv/lib/python3.12/site-packages/airflow/example_dags/example_python_operator.py took 1.775 seconds
[2025-01-28T10:26:49.932+0000] {processor.py:186} INFO - Started process (PID=16223) to work on /mnt/c/Users/Admin/Desktop/ud_data/Dataslush_umang/airflow/airflow_venv/lib/python3.12/site-packages/airflow/example_dags/example_python_operator.py
[2025-01-28T10:26:49.947+0000] {processor.py:914} INFO - Processing file /mnt/c/Users/Admin/Desktop/ud_data/Dataslush_umang/airflow/airflow_venv/lib/python3.12/site-packages/airflow/example_dags/example_python_operator.py for tasks to queue
[2025-01-28T10:26:49.957+0000] {logging_mixin.py:190} INFO - [2025-01-28T10:26:49.954+0000] {dagbag.py:588} INFO - Filling up the DagBag from /mnt/c/Users/Admin/Desktop/ud_data/Dataslush_umang/airflow/airflow_venv/lib/python3.12/site-packages/airflow/example_dags/example_python_operator.py
[2025-01-28T10:26:50.234+0000] {processor.py:925} INFO - DAG(s) 'example_python_operator' retrieved from /mnt/c/Users/Admin/Desktop/ud_data/Dataslush_umang/airflow/airflow_venv/lib/python3.12/site-packages/airflow/example_dags/example_python_operator.py
[2025-01-28T10:26:50.283+0000] {logging_mixin.py:190} INFO - [2025-01-28T10:26:50.281+0000] {dag.py:3239} INFO - Sync 1 DAGs
[2025-01-28T10:26:50.312+0000] {logging_mixin.py:190} INFO - [2025-01-28T10:26:50.309+0000] {dag.py:4180} INFO - Setting next_dagrun for example_python_operator to None, run_after=None
[2025-01-28T10:26:50.406+0000] {processor.py:208} INFO - Processing /mnt/c/Users/Admin/Desktop/ud_data/Dataslush_umang/airflow/airflow_venv/lib/python3.12/site-packages/airflow/example_dags/example_python_operator.py took 0.524 seconds
[2025-01-28T10:28:26.146+0000] {processor.py:186} INFO - Started process (PID=16311) to work on /mnt/c/Users/Admin/Desktop/ud_data/Dataslush_umang/airflow/airflow_venv/lib/python3.12/site-packages/airflow/example_dags/example_python_operator.py
[2025-01-28T10:28:26.148+0000] {processor.py:914} INFO - Processing file /mnt/c/Users/Admin/Desktop/ud_data/Dataslush_umang/airflow/airflow_venv/lib/python3.12/site-packages/airflow/example_dags/example_python_operator.py for tasks to queue
[2025-01-28T10:28:26.154+0000] {logging_mixin.py:190} INFO - [2025-01-28T10:28:26.152+0000] {dagbag.py:588} INFO - Filling up the DagBag from /mnt/c/Users/Admin/Desktop/ud_data/Dataslush_umang/airflow/airflow_venv/lib/python3.12/site-packages/airflow/example_dags/example_python_operator.py
[2025-01-28T10:28:26.285+0000] {processor.py:925} INFO - DAG(s) 'example_python_operator' retrieved from /mnt/c/Users/Admin/Desktop/ud_data/Dataslush_umang/airflow/airflow_venv/lib/python3.12/site-packages/airflow/example_dags/example_python_operator.py
[2025-01-28T10:28:26.326+0000] {logging_mixin.py:190} INFO - [2025-01-28T10:28:26.323+0000] {dag.py:3239} INFO - Sync 1 DAGs
[2025-01-28T10:28:26.357+0000] {logging_mixin.py:190} INFO - [2025-01-28T10:28:26.354+0000] {dag.py:4180} INFO - Setting next_dagrun for example_python_operator to None, run_after=None
[2025-01-28T10:28:26.420+0000] {processor.py:208} INFO - Processing /mnt/c/Users/Admin/Desktop/ud_data/Dataslush_umang/airflow/airflow_venv/lib/python3.12/site-packages/airflow/example_dags/example_python_operator.py took 0.298 seconds
[2025-01-28T10:29:48.374+0000] {processor.py:186} INFO - Started process (PID=16388) to work on /mnt/c/Users/Admin/Desktop/ud_data/Dataslush_umang/airflow/airflow_venv/lib/python3.12/site-packages/airflow/example_dags/example_python_operator.py
[2025-01-28T10:29:48.560+0000] {processor.py:914} INFO - Processing file /mnt/c/Users/Admin/Desktop/ud_data/Dataslush_umang/airflow/airflow_venv/lib/python3.12/site-packages/airflow/example_dags/example_python_operator.py for tasks to queue
[2025-01-28T10:29:48.577+0000] {logging_mixin.py:190} INFO - [2025-01-28T10:29:48.572+0000] {dagbag.py:588} INFO - Filling up the DagBag from /mnt/c/Users/Admin/Desktop/ud_data/Dataslush_umang/airflow/airflow_venv/lib/python3.12/site-packages/airflow/example_dags/example_python_operator.py
[2025-01-28T10:29:48.959+0000] {processor.py:925} INFO - DAG(s) 'example_python_operator' retrieved from /mnt/c/Users/Admin/Desktop/ud_data/Dataslush_umang/airflow/airflow_venv/lib/python3.12/site-packages/airflow/example_dags/example_python_operator.py
[2025-01-28T10:29:48.992+0000] {logging_mixin.py:190} INFO - [2025-01-28T10:29:48.989+0000] {dag.py:3239} INFO - Sync 1 DAGs
[2025-01-28T10:29:49.010+0000] {logging_mixin.py:190} INFO - [2025-01-28T10:29:49.007+0000] {dag.py:4180} INFO - Setting next_dagrun for example_python_operator to None, run_after=None
[2025-01-28T10:29:49.175+0000] {processor.py:208} INFO - Processing /mnt/c/Users/Admin/Desktop/ud_data/Dataslush_umang/airflow/airflow_venv/lib/python3.12/site-packages/airflow/example_dags/example_python_operator.py took 0.869 seconds
[2025-01-28T10:31:05.774+0000] {processor.py:186} INFO - Started process (PID=16507) to work on /mnt/c/Users/Admin/Desktop/ud_data/Dataslush_umang/airflow/airflow_venv/lib/python3.12/site-packages/airflow/example_dags/example_python_operator.py
[2025-01-28T10:31:05.777+0000] {processor.py:914} INFO - Processing file /mnt/c/Users/Admin/Desktop/ud_data/Dataslush_umang/airflow/airflow_venv/lib/python3.12/site-packages/airflow/example_dags/example_python_operator.py for tasks to queue
[2025-01-28T10:31:05.784+0000] {logging_mixin.py:190} INFO - [2025-01-28T10:31:05.782+0000] {dagbag.py:588} INFO - Filling up the DagBag from /mnt/c/Users/Admin/Desktop/ud_data/Dataslush_umang/airflow/airflow_venv/lib/python3.12/site-packages/airflow/example_dags/example_python_operator.py
[2025-01-28T10:31:05.968+0000] {processor.py:925} INFO - DAG(s) 'example_python_operator' retrieved from /mnt/c/Users/Admin/Desktop/ud_data/Dataslush_umang/airflow/airflow_venv/lib/python3.12/site-packages/airflow/example_dags/example_python_operator.py
[2025-01-28T10:31:06.003+0000] {logging_mixin.py:190} INFO - [2025-01-28T10:31:06.001+0000] {dag.py:3239} INFO - Sync 1 DAGs
[2025-01-28T10:31:06.022+0000] {logging_mixin.py:190} INFO - [2025-01-28T10:31:06.020+0000] {dag.py:4180} INFO - Setting next_dagrun for example_python_operator to None, run_after=None
[2025-01-28T10:31:06.076+0000] {processor.py:208} INFO - Processing /mnt/c/Users/Admin/Desktop/ud_data/Dataslush_umang/airflow/airflow_venv/lib/python3.12/site-packages/airflow/example_dags/example_python_operator.py took 0.344 seconds
[2025-01-28T10:33:25.790+0000] {processor.py:186} INFO - Started process (PID=16721) to work on /mnt/c/Users/Admin/Desktop/ud_data/Dataslush_umang/airflow/airflow_venv/lib/python3.12/site-packages/airflow/example_dags/example_python_operator.py
[2025-01-28T10:33:26.038+0000] {processor.py:914} INFO - Processing file /mnt/c/Users/Admin/Desktop/ud_data/Dataslush_umang/airflow/airflow_venv/lib/python3.12/site-packages/airflow/example_dags/example_python_operator.py for tasks to queue
[2025-01-28T10:33:26.053+0000] {logging_mixin.py:190} INFO - [2025-01-28T10:33:26.048+0000] {dagbag.py:588} INFO - Filling up the DagBag from /mnt/c/Users/Admin/Desktop/ud_data/Dataslush_umang/airflow/airflow_venv/lib/python3.12/site-packages/airflow/example_dags/example_python_operator.py
[2025-01-28T10:33:26.330+0000] {processor.py:925} INFO - DAG(s) 'example_python_operator' retrieved from /mnt/c/Users/Admin/Desktop/ud_data/Dataslush_umang/airflow/airflow_venv/lib/python3.12/site-packages/airflow/example_dags/example_python_operator.py
[2025-01-28T10:33:26.385+0000] {logging_mixin.py:190} INFO - [2025-01-28T10:33:26.383+0000] {dag.py:3239} INFO - Sync 1 DAGs
[2025-01-28T10:33:26.402+0000] {logging_mixin.py:190} INFO - [2025-01-28T10:33:26.400+0000] {dag.py:4180} INFO - Setting next_dagrun for example_python_operator to None, run_after=None
[2025-01-28T10:33:27.300+0000] {processor.py:208} INFO - Processing /mnt/c/Users/Admin/Desktop/ud_data/Dataslush_umang/airflow/airflow_venv/lib/python3.12/site-packages/airflow/example_dags/example_python_operator.py took 1.563 seconds
[2025-01-28T10:36:03.714+0000] {processor.py:186} INFO - Started process (PID=16965) to work on /mnt/c/Users/Admin/Desktop/ud_data/Dataslush_umang/airflow/airflow_venv/lib/python3.12/site-packages/airflow/example_dags/example_python_operator.py
[2025-01-28T10:36:03.717+0000] {processor.py:914} INFO - Processing file /mnt/c/Users/Admin/Desktop/ud_data/Dataslush_umang/airflow/airflow_venv/lib/python3.12/site-packages/airflow/example_dags/example_python_operator.py for tasks to queue
[2025-01-28T10:36:03.721+0000] {logging_mixin.py:190} INFO - [2025-01-28T10:36:03.720+0000] {dagbag.py:588} INFO - Filling up the DagBag from /mnt/c/Users/Admin/Desktop/ud_data/Dataslush_umang/airflow/airflow_venv/lib/python3.12/site-packages/airflow/example_dags/example_python_operator.py
[2025-01-28T10:36:03.816+0000] {processor.py:925} INFO - DAG(s) 'example_python_operator' retrieved from /mnt/c/Users/Admin/Desktop/ud_data/Dataslush_umang/airflow/airflow_venv/lib/python3.12/site-packages/airflow/example_dags/example_python_operator.py
[2025-01-28T10:36:03.846+0000] {logging_mixin.py:190} INFO - [2025-01-28T10:36:03.845+0000] {dag.py:3239} INFO - Sync 1 DAGs
[2025-01-28T10:36:03.863+0000] {logging_mixin.py:190} INFO - [2025-01-28T10:36:03.861+0000] {dag.py:4180} INFO - Setting next_dagrun for example_python_operator to None, run_after=None
[2025-01-28T10:36:03.998+0000] {processor.py:208} INFO - Processing /mnt/c/Users/Admin/Desktop/ud_data/Dataslush_umang/airflow/airflow_venv/lib/python3.12/site-packages/airflow/example_dags/example_python_operator.py took 0.302 seconds
[2025-01-28T10:37:34.478+0000] {processor.py:186} INFO - Started process (PID=17085) to work on /mnt/c/Users/Admin/Desktop/ud_data/Dataslush_umang/airflow/airflow_venv/lib/python3.12/site-packages/airflow/example_dags/example_python_operator.py
[2025-01-28T10:37:34.482+0000] {processor.py:914} INFO - Processing file /mnt/c/Users/Admin/Desktop/ud_data/Dataslush_umang/airflow/airflow_venv/lib/python3.12/site-packages/airflow/example_dags/example_python_operator.py for tasks to queue
[2025-01-28T10:37:34.490+0000] {logging_mixin.py:190} INFO - [2025-01-28T10:37:34.487+0000] {dagbag.py:588} INFO - Filling up the DagBag from /mnt/c/Users/Admin/Desktop/ud_data/Dataslush_umang/airflow/airflow_venv/lib/python3.12/site-packages/airflow/example_dags/example_python_operator.py
[2025-01-28T10:37:34.625+0000] {processor.py:925} INFO - DAG(s) 'example_python_operator' retrieved from /mnt/c/Users/Admin/Desktop/ud_data/Dataslush_umang/airflow/airflow_venv/lib/python3.12/site-packages/airflow/example_dags/example_python_operator.py
[2025-01-28T10:37:34.657+0000] {logging_mixin.py:190} INFO - [2025-01-28T10:37:34.654+0000] {dag.py:3239} INFO - Sync 1 DAGs
[2025-01-28T10:37:34.674+0000] {logging_mixin.py:190} INFO - [2025-01-28T10:37:34.671+0000] {dag.py:4180} INFO - Setting next_dagrun for example_python_operator to None, run_after=None
[2025-01-28T10:37:34.725+0000] {processor.py:208} INFO - Processing /mnt/c/Users/Admin/Desktop/ud_data/Dataslush_umang/airflow/airflow_venv/lib/python3.12/site-packages/airflow/example_dags/example_python_operator.py took 0.286 seconds
[2025-01-28T10:39:01.168+0000] {processor.py:186} INFO - Started process (PID=17239) to work on /mnt/c/Users/Admin/Desktop/ud_data/Dataslush_umang/airflow/airflow_venv/lib/python3.12/site-packages/airflow/example_dags/example_python_operator.py
[2025-01-28T10:39:01.269+0000] {processor.py:914} INFO - Processing file /mnt/c/Users/Admin/Desktop/ud_data/Dataslush_umang/airflow/airflow_venv/lib/python3.12/site-packages/airflow/example_dags/example_python_operator.py for tasks to queue
[2025-01-28T10:39:01.278+0000] {logging_mixin.py:190} INFO - [2025-01-28T10:39:01.275+0000] {dagbag.py:588} INFO - Filling up the DagBag from /mnt/c/Users/Admin/Desktop/ud_data/Dataslush_umang/airflow/airflow_venv/lib/python3.12/site-packages/airflow/example_dags/example_python_operator.py
[2025-01-28T10:39:01.447+0000] {processor.py:925} INFO - DAG(s) 'example_python_operator' retrieved from /mnt/c/Users/Admin/Desktop/ud_data/Dataslush_umang/airflow/airflow_venv/lib/python3.12/site-packages/airflow/example_dags/example_python_operator.py
[2025-01-28T10:39:01.478+0000] {logging_mixin.py:190} INFO - [2025-01-28T10:39:01.476+0000] {dag.py:3239} INFO - Sync 1 DAGs
[2025-01-28T10:39:01.494+0000] {logging_mixin.py:190} INFO - [2025-01-28T10:39:01.492+0000] {dag.py:4180} INFO - Setting next_dagrun for example_python_operator to None, run_after=None
[2025-01-28T10:39:32.785+0000] {processor.py:208} INFO - Processing /mnt/c/Users/Admin/Desktop/ud_data/Dataslush_umang/airflow/airflow_venv/lib/python3.12/site-packages/airflow/example_dags/example_python_operator.py took 1.542 seconds
[2025-01-28T10:41:46.055+0000] {processor.py:186} INFO - Started process (PID=17406) to work on /mnt/c/Users/Admin/Desktop/ud_data/Dataslush_umang/airflow/airflow_venv/lib/python3.12/site-packages/airflow/example_dags/example_python_operator.py
[2025-01-28T10:41:46.060+0000] {processor.py:914} INFO - Processing file /mnt/c/Users/Admin/Desktop/ud_data/Dataslush_umang/airflow/airflow_venv/lib/python3.12/site-packages/airflow/example_dags/example_python_operator.py for tasks to queue
[2025-01-28T10:41:46.066+0000] {logging_mixin.py:190} INFO - [2025-01-28T10:41:46.064+0000] {dagbag.py:588} INFO - Filling up the DagBag from /mnt/c/Users/Admin/Desktop/ud_data/Dataslush_umang/airflow/airflow_venv/lib/python3.12/site-packages/airflow/example_dags/example_python_operator.py
[2025-01-28T10:41:46.178+0000] {processor.py:925} INFO - DAG(s) 'example_python_operator' retrieved from /mnt/c/Users/Admin/Desktop/ud_data/Dataslush_umang/airflow/airflow_venv/lib/python3.12/site-packages/airflow/example_dags/example_python_operator.py
[2025-01-28T10:41:46.204+0000] {logging_mixin.py:190} INFO - [2025-01-28T10:41:46.202+0000] {dag.py:3239} INFO - Sync 1 DAGs
[2025-01-28T10:41:46.218+0000] {logging_mixin.py:190} INFO - [2025-01-28T10:41:46.216+0000] {dag.py:4180} INFO - Setting next_dagrun for example_python_operator to None, run_after=None
[2025-01-28T10:41:46.259+0000] {processor.py:208} INFO - Processing /mnt/c/Users/Admin/Desktop/ud_data/Dataslush_umang/airflow/airflow_venv/lib/python3.12/site-packages/airflow/example_dags/example_python_operator.py took 0.260 seconds
[2025-01-28T10:43:05.313+0000] {processor.py:186} INFO - Started process (PID=17721) to work on /mnt/c/Users/Admin/Desktop/ud_data/Dataslush_umang/airflow/airflow_venv/lib/python3.12/site-packages/airflow/example_dags/example_python_operator.py
[2025-01-28T10:43:05.316+0000] {processor.py:914} INFO - Processing file /mnt/c/Users/Admin/Desktop/ud_data/Dataslush_umang/airflow/airflow_venv/lib/python3.12/site-packages/airflow/example_dags/example_python_operator.py for tasks to queue
[2025-01-28T10:43:05.321+0000] {logging_mixin.py:190} INFO - [2025-01-28T10:43:05.319+0000] {dagbag.py:588} INFO - Filling up the DagBag from /mnt/c/Users/Admin/Desktop/ud_data/Dataslush_umang/airflow/airflow_venv/lib/python3.12/site-packages/airflow/example_dags/example_python_operator.py
[2025-01-28T10:43:05.443+0000] {processor.py:925} INFO - DAG(s) 'example_python_operator' retrieved from /mnt/c/Users/Admin/Desktop/ud_data/Dataslush_umang/airflow/airflow_venv/lib/python3.12/site-packages/airflow/example_dags/example_python_operator.py
[2025-01-28T10:43:05.481+0000] {logging_mixin.py:190} INFO - [2025-01-28T10:43:05.479+0000] {dag.py:3239} INFO - Sync 1 DAGs
[2025-01-28T10:43:05.499+0000] {logging_mixin.py:190} INFO - [2025-01-28T10:43:05.497+0000] {dag.py:4180} INFO - Setting next_dagrun for example_python_operator to None, run_after=None
[2025-01-28T10:43:05.548+0000] {processor.py:208} INFO - Processing /mnt/c/Users/Admin/Desktop/ud_data/Dataslush_umang/airflow/airflow_venv/lib/python3.12/site-packages/airflow/example_dags/example_python_operator.py took 0.263 seconds
[2025-01-28T10:45:27.395+0000] {processor.py:186} INFO - Started process (PID=17889) to work on /mnt/c/Users/Admin/Desktop/ud_data/Dataslush_umang/airflow/airflow_venv/lib/python3.12/site-packages/airflow/example_dags/example_python_operator.py
[2025-01-28T10:45:27.485+0000] {processor.py:914} INFO - Processing file /mnt/c/Users/Admin/Desktop/ud_data/Dataslush_umang/airflow/airflow_venv/lib/python3.12/site-packages/airflow/example_dags/example_python_operator.py for tasks to queue
[2025-01-28T10:45:27.492+0000] {logging_mixin.py:190} INFO - [2025-01-28T10:45:27.489+0000] {dagbag.py:588} INFO - Filling up the DagBag from /mnt/c/Users/Admin/Desktop/ud_data/Dataslush_umang/airflow/airflow_venv/lib/python3.12/site-packages/airflow/example_dags/example_python_operator.py
[2025-01-28T10:45:27.643+0000] {processor.py:925} INFO - DAG(s) 'example_python_operator' retrieved from /mnt/c/Users/Admin/Desktop/ud_data/Dataslush_umang/airflow/airflow_venv/lib/python3.12/site-packages/airflow/example_dags/example_python_operator.py
[2025-01-28T10:45:27.679+0000] {logging_mixin.py:190} INFO - [2025-01-28T10:45:27.677+0000] {dag.py:3239} INFO - Sync 1 DAGs
[2025-01-28T10:45:27.704+0000] {logging_mixin.py:190} INFO - [2025-01-28T10:45:27.702+0000] {dag.py:4180} INFO - Setting next_dagrun for example_python_operator to None, run_after=None
[2025-01-28T10:45:27.937+0000] {processor.py:208} INFO - Processing /mnt/c/Users/Admin/Desktop/ud_data/Dataslush_umang/airflow/airflow_venv/lib/python3.12/site-packages/airflow/example_dags/example_python_operator.py took 0.569 seconds
[2025-01-28T10:47:35.834+0000] {processor.py:186} INFO - Started process (PID=18017) to work on /mnt/c/Users/Admin/Desktop/ud_data/Dataslush_umang/airflow/airflow_venv/lib/python3.12/site-packages/airflow/example_dags/example_python_operator.py
[2025-01-28T10:47:35.837+0000] {processor.py:914} INFO - Processing file /mnt/c/Users/Admin/Desktop/ud_data/Dataslush_umang/airflow/airflow_venv/lib/python3.12/site-packages/airflow/example_dags/example_python_operator.py for tasks to queue
[2025-01-28T10:47:35.842+0000] {logging_mixin.py:190} INFO - [2025-01-28T10:47:35.841+0000] {dagbag.py:588} INFO - Filling up the DagBag from /mnt/c/Users/Admin/Desktop/ud_data/Dataslush_umang/airflow/airflow_venv/lib/python3.12/site-packages/airflow/example_dags/example_python_operator.py
[2025-01-28T10:47:36.019+0000] {processor.py:925} INFO - DAG(s) 'example_python_operator' retrieved from /mnt/c/Users/Admin/Desktop/ud_data/Dataslush_umang/airflow/airflow_venv/lib/python3.12/site-packages/airflow/example_dags/example_python_operator.py
[2025-01-28T10:47:36.052+0000] {logging_mixin.py:190} INFO - [2025-01-28T10:47:36.051+0000] {dag.py:3239} INFO - Sync 1 DAGs
[2025-01-28T10:47:36.069+0000] {logging_mixin.py:190} INFO - [2025-01-28T10:47:36.068+0000] {dag.py:4180} INFO - Setting next_dagrun for example_python_operator to None, run_after=None
[2025-01-28T10:47:36.181+0000] {processor.py:208} INFO - Processing /mnt/c/Users/Admin/Desktop/ud_data/Dataslush_umang/airflow/airflow_venv/lib/python3.12/site-packages/airflow/example_dags/example_python_operator.py took 0.368 seconds
[2025-01-28T10:49:00.165+0000] {processor.py:186} INFO - Started process (PID=18199) to work on /mnt/c/Users/Admin/Desktop/ud_data/Dataslush_umang/airflow/airflow_venv/lib/python3.12/site-packages/airflow/example_dags/example_python_operator.py
[2025-01-28T10:49:00.196+0000] {processor.py:914} INFO - Processing file /mnt/c/Users/Admin/Desktop/ud_data/Dataslush_umang/airflow/airflow_venv/lib/python3.12/site-packages/airflow/example_dags/example_python_operator.py for tasks to queue
[2025-01-28T10:49:00.203+0000] {logging_mixin.py:190} INFO - [2025-01-28T10:49:00.201+0000] {dagbag.py:588} INFO - Filling up the DagBag from /mnt/c/Users/Admin/Desktop/ud_data/Dataslush_umang/airflow/airflow_venv/lib/python3.12/site-packages/airflow/example_dags/example_python_operator.py
[2025-01-28T10:49:00.324+0000] {processor.py:925} INFO - DAG(s) 'example_python_operator' retrieved from /mnt/c/Users/Admin/Desktop/ud_data/Dataslush_umang/airflow/airflow_venv/lib/python3.12/site-packages/airflow/example_dags/example_python_operator.py
[2025-01-28T10:49:00.353+0000] {logging_mixin.py:190} INFO - [2025-01-28T10:49:00.351+0000] {dag.py:3239} INFO - Sync 1 DAGs
[2025-01-28T10:49:00.370+0000] {logging_mixin.py:190} INFO - [2025-01-28T10:49:00.369+0000] {dag.py:4180} INFO - Setting next_dagrun for example_python_operator to None, run_after=None
[2025-01-28T10:49:00.409+0000] {processor.py:208} INFO - Processing /mnt/c/Users/Admin/Desktop/ud_data/Dataslush_umang/airflow/airflow_venv/lib/python3.12/site-packages/airflow/example_dags/example_python_operator.py took 0.268 seconds
[2025-01-28T10:50:06.847+0000] {processor.py:186} INFO - Started process (PID=18305) to work on /mnt/c/Users/Admin/Desktop/ud_data/Dataslush_umang/airflow/airflow_venv/lib/python3.12/site-packages/airflow/example_dags/example_python_operator.py
[2025-01-28T10:50:06.850+0000] {processor.py:914} INFO - Processing file /mnt/c/Users/Admin/Desktop/ud_data/Dataslush_umang/airflow/airflow_venv/lib/python3.12/site-packages/airflow/example_dags/example_python_operator.py for tasks to queue
[2025-01-28T10:50:06.857+0000] {logging_mixin.py:190} INFO - [2025-01-28T10:50:06.855+0000] {dagbag.py:588} INFO - Filling up the DagBag from /mnt/c/Users/Admin/Desktop/ud_data/Dataslush_umang/airflow/airflow_venv/lib/python3.12/site-packages/airflow/example_dags/example_python_operator.py
[2025-01-28T10:50:37.064+0000] {processor.py:925} INFO - DAG(s) 'example_python_operator' retrieved from /mnt/c/Users/Admin/Desktop/ud_data/Dataslush_umang/airflow/airflow_venv/lib/python3.12/site-packages/airflow/example_dags/example_python_operator.py
[2025-01-28T10:50:37.095+0000] {logging_mixin.py:190} INFO - [2025-01-28T10:50:37.094+0000] {dag.py:3239} INFO - Sync 1 DAGs
[2025-01-28T10:50:37.114+0000] {logging_mixin.py:190} INFO - [2025-01-28T10:50:37.113+0000] {dag.py:4180} INFO - Setting next_dagrun for example_python_operator to None, run_after=None
[2025-01-28T10:50:37.161+0000] {processor.py:208} INFO - Processing /mnt/c/Users/Admin/Desktop/ud_data/Dataslush_umang/airflow/airflow_venv/lib/python3.12/site-packages/airflow/example_dags/example_python_operator.py took 0.252 seconds
[2025-01-28T10:51:55.818+0000] {processor.py:186} INFO - Started process (PID=18568) to work on /mnt/c/Users/Admin/Desktop/ud_data/Dataslush_umang/airflow/airflow_venv/lib/python3.12/site-packages/airflow/example_dags/example_python_operator.py
[2025-01-28T10:51:55.859+0000] {processor.py:914} INFO - Processing file /mnt/c/Users/Admin/Desktop/ud_data/Dataslush_umang/airflow/airflow_venv/lib/python3.12/site-packages/airflow/example_dags/example_python_operator.py for tasks to queue
[2025-01-28T10:51:55.868+0000] {logging_mixin.py:190} INFO - [2025-01-28T10:51:55.866+0000] {dagbag.py:588} INFO - Filling up the DagBag from /mnt/c/Users/Admin/Desktop/ud_data/Dataslush_umang/airflow/airflow_venv/lib/python3.12/site-packages/airflow/example_dags/example_python_operator.py
[2025-01-28T10:51:56.022+0000] {processor.py:925} INFO - DAG(s) 'example_python_operator' retrieved from /mnt/c/Users/Admin/Desktop/ud_data/Dataslush_umang/airflow/airflow_venv/lib/python3.12/site-packages/airflow/example_dags/example_python_operator.py
[2025-01-28T10:51:56.056+0000] {logging_mixin.py:190} INFO - [2025-01-28T10:51:56.054+0000] {dag.py:3239} INFO - Sync 1 DAGs
[2025-01-28T10:51:56.077+0000] {logging_mixin.py:190} INFO - [2025-01-28T10:51:56.075+0000] {dag.py:4180} INFO - Setting next_dagrun for example_python_operator to None, run_after=None
[2025-01-28T10:51:56.127+0000] {processor.py:208} INFO - Processing /mnt/c/Users/Admin/Desktop/ud_data/Dataslush_umang/airflow/airflow_venv/lib/python3.12/site-packages/airflow/example_dags/example_python_operator.py took 0.334 seconds
[2025-01-28T10:53:33.715+0000] {processor.py:186} INFO - Started process (PID=18692) to work on /mnt/c/Users/Admin/Desktop/ud_data/Dataslush_umang/airflow/airflow_venv/lib/python3.12/site-packages/airflow/example_dags/example_python_operator.py
[2025-01-28T10:53:03.689+0000] {processor.py:914} INFO - Processing file /mnt/c/Users/Admin/Desktop/ud_data/Dataslush_umang/airflow/airflow_venv/lib/python3.12/site-packages/airflow/example_dags/example_python_operator.py for tasks to queue
[2025-01-28T10:53:03.696+0000] {logging_mixin.py:190} INFO - [2025-01-28T10:53:03.693+0000] {dagbag.py:588} INFO - Filling up the DagBag from /mnt/c/Users/Admin/Desktop/ud_data/Dataslush_umang/airflow/airflow_venv/lib/python3.12/site-packages/airflow/example_dags/example_python_operator.py
[2025-01-28T10:53:03.835+0000] {processor.py:925} INFO - DAG(s) 'example_python_operator' retrieved from /mnt/c/Users/Admin/Desktop/ud_data/Dataslush_umang/airflow/airflow_venv/lib/python3.12/site-packages/airflow/example_dags/example_python_operator.py
[2025-01-28T10:53:03.974+0000] {logging_mixin.py:190} INFO - [2025-01-28T10:53:03.972+0000] {dag.py:3239} INFO - Sync 1 DAGs
[2025-01-28T10:53:03.995+0000] {logging_mixin.py:190} INFO - [2025-01-28T10:53:03.993+0000] {dag.py:4180} INFO - Setting next_dagrun for example_python_operator to None, run_after=None
[2025-01-28T10:53:04.227+0000] {processor.py:208} INFO - Processing /mnt/c/Users/Admin/Desktop/ud_data/Dataslush_umang/airflow/airflow_venv/lib/python3.12/site-packages/airflow/example_dags/example_python_operator.py took 0.614 seconds
[2025-01-28T10:54:51.941+0000] {processor.py:186} INFO - Started process (PID=18834) to work on /mnt/c/Users/Admin/Desktop/ud_data/Dataslush_umang/airflow/airflow_venv/lib/python3.12/site-packages/airflow/example_dags/example_python_operator.py
[2025-01-28T10:54:51.943+0000] {processor.py:914} INFO - Processing file /mnt/c/Users/Admin/Desktop/ud_data/Dataslush_umang/airflow/airflow_venv/lib/python3.12/site-packages/airflow/example_dags/example_python_operator.py for tasks to queue
[2025-01-28T10:54:51.953+0000] {logging_mixin.py:190} INFO - [2025-01-28T10:54:51.950+0000] {dagbag.py:588} INFO - Filling up the DagBag from /mnt/c/Users/Admin/Desktop/ud_data/Dataslush_umang/airflow/airflow_venv/lib/python3.12/site-packages/airflow/example_dags/example_python_operator.py
[2025-01-28T10:54:52.082+0000] {processor.py:925} INFO - DAG(s) 'example_python_operator' retrieved from /mnt/c/Users/Admin/Desktop/ud_data/Dataslush_umang/airflow/airflow_venv/lib/python3.12/site-packages/airflow/example_dags/example_python_operator.py
[2025-01-28T10:54:52.118+0000] {logging_mixin.py:190} INFO - [2025-01-28T10:54:52.117+0000] {dag.py:3239} INFO - Sync 1 DAGs
[2025-01-28T10:54:52.148+0000] {logging_mixin.py:190} INFO - [2025-01-28T10:54:52.146+0000] {dag.py:4180} INFO - Setting next_dagrun for example_python_operator to None, run_after=None
[2025-01-28T10:54:52.330+0000] {processor.py:208} INFO - Processing /mnt/c/Users/Admin/Desktop/ud_data/Dataslush_umang/airflow/airflow_venv/lib/python3.12/site-packages/airflow/example_dags/example_python_operator.py took 0.416 seconds
[2025-01-28T10:56:20.026+0000] {processor.py:186} INFO - Started process (PID=19026) to work on /mnt/c/Users/Admin/Desktop/ud_data/Dataslush_umang/airflow/airflow_venv/lib/python3.12/site-packages/airflow/example_dags/example_python_operator.py
[2025-01-28T10:56:20.029+0000] {processor.py:914} INFO - Processing file /mnt/c/Users/Admin/Desktop/ud_data/Dataslush_umang/airflow/airflow_venv/lib/python3.12/site-packages/airflow/example_dags/example_python_operator.py for tasks to queue
[2025-01-28T10:56:20.034+0000] {logging_mixin.py:190} INFO - [2025-01-28T10:56:20.033+0000] {dagbag.py:588} INFO - Filling up the DagBag from /mnt/c/Users/Admin/Desktop/ud_data/Dataslush_umang/airflow/airflow_venv/lib/python3.12/site-packages/airflow/example_dags/example_python_operator.py
[2025-01-28T10:56:20.151+0000] {processor.py:925} INFO - DAG(s) 'example_python_operator' retrieved from /mnt/c/Users/Admin/Desktop/ud_data/Dataslush_umang/airflow/airflow_venv/lib/python3.12/site-packages/airflow/example_dags/example_python_operator.py
[2025-01-28T10:56:20.186+0000] {logging_mixin.py:190} INFO - [2025-01-28T10:56:20.184+0000] {dag.py:3239} INFO - Sync 1 DAGs
[2025-01-28T10:56:20.204+0000] {logging_mixin.py:190} INFO - [2025-01-28T10:56:20.202+0000] {dag.py:4180} INFO - Setting next_dagrun for example_python_operator to None, run_after=None
[2025-01-28T10:56:20.247+0000] {processor.py:208} INFO - Processing /mnt/c/Users/Admin/Desktop/ud_data/Dataslush_umang/airflow/airflow_venv/lib/python3.12/site-packages/airflow/example_dags/example_python_operator.py took 0.248 seconds
[2025-01-28T10:57:52.277+0000] {processor.py:186} INFO - Started process (PID=19181) to work on /mnt/c/Users/Admin/Desktop/ud_data/Dataslush_umang/airflow/airflow_venv/lib/python3.12/site-packages/airflow/example_dags/example_python_operator.py
[2025-01-28T10:57:52.281+0000] {processor.py:914} INFO - Processing file /mnt/c/Users/Admin/Desktop/ud_data/Dataslush_umang/airflow/airflow_venv/lib/python3.12/site-packages/airflow/example_dags/example_python_operator.py for tasks to queue
[2025-01-28T10:57:52.288+0000] {logging_mixin.py:190} INFO - [2025-01-28T10:57:52.286+0000] {dagbag.py:588} INFO - Filling up the DagBag from /mnt/c/Users/Admin/Desktop/ud_data/Dataslush_umang/airflow/airflow_venv/lib/python3.12/site-packages/airflow/example_dags/example_python_operator.py
[2025-01-28T10:57:52.413+0000] {processor.py:925} INFO - DAG(s) 'example_python_operator' retrieved from /mnt/c/Users/Admin/Desktop/ud_data/Dataslush_umang/airflow/airflow_venv/lib/python3.12/site-packages/airflow/example_dags/example_python_operator.py
[2025-01-28T10:57:52.459+0000] {logging_mixin.py:190} INFO - [2025-01-28T10:57:52.457+0000] {dag.py:3239} INFO - Sync 1 DAGs
[2025-01-28T10:57:52.499+0000] {logging_mixin.py:190} INFO - [2025-01-28T10:57:52.497+0000] {dag.py:4180} INFO - Setting next_dagrun for example_python_operator to None, run_after=None
[2025-01-28T10:57:52.569+0000] {processor.py:208} INFO - Processing /mnt/c/Users/Admin/Desktop/ud_data/Dataslush_umang/airflow/airflow_venv/lib/python3.12/site-packages/airflow/example_dags/example_python_operator.py took 0.317 seconds
[2025-01-28T10:59:21.737+0000] {processor.py:186} INFO - Started process (PID=19381) to work on /mnt/c/Users/Admin/Desktop/ud_data/Dataslush_umang/airflow/airflow_venv/lib/python3.12/site-packages/airflow/example_dags/example_python_operator.py
[2025-01-28T10:59:21.740+0000] {processor.py:914} INFO - Processing file /mnt/c/Users/Admin/Desktop/ud_data/Dataslush_umang/airflow/airflow_venv/lib/python3.12/site-packages/airflow/example_dags/example_python_operator.py for tasks to queue
[2025-01-28T10:59:21.746+0000] {logging_mixin.py:190} INFO - [2025-01-28T10:59:21.744+0000] {dagbag.py:588} INFO - Filling up the DagBag from /mnt/c/Users/Admin/Desktop/ud_data/Dataslush_umang/airflow/airflow_venv/lib/python3.12/site-packages/airflow/example_dags/example_python_operator.py
[2025-01-28T10:59:21.882+0000] {processor.py:925} INFO - DAG(s) 'example_python_operator' retrieved from /mnt/c/Users/Admin/Desktop/ud_data/Dataslush_umang/airflow/airflow_venv/lib/python3.12/site-packages/airflow/example_dags/example_python_operator.py
[2025-01-28T10:59:21.912+0000] {logging_mixin.py:190} INFO - [2025-01-28T10:59:21.910+0000] {dag.py:3239} INFO - Sync 1 DAGs
[2025-01-28T10:59:21.930+0000] {logging_mixin.py:190} INFO - [2025-01-28T10:59:21.929+0000] {dag.py:4180} INFO - Setting next_dagrun for example_python_operator to None, run_after=None
[2025-01-28T10:59:21.983+0000] {processor.py:208} INFO - Processing /mnt/c/Users/Admin/Desktop/ud_data/Dataslush_umang/airflow/airflow_venv/lib/python3.12/site-packages/airflow/example_dags/example_python_operator.py took 0.274 seconds
[2025-01-28T11:01:15.331+0000] {processor.py:186} INFO - Started process (PID=19569) to work on /mnt/c/Users/Admin/Desktop/ud_data/Dataslush_umang/airflow/airflow_venv/lib/python3.12/site-packages/airflow/example_dags/example_python_operator.py
[2025-01-28T11:01:15.334+0000] {processor.py:914} INFO - Processing file /mnt/c/Users/Admin/Desktop/ud_data/Dataslush_umang/airflow/airflow_venv/lib/python3.12/site-packages/airflow/example_dags/example_python_operator.py for tasks to queue
[2025-01-28T11:01:15.340+0000] {logging_mixin.py:190} INFO - [2025-01-28T11:01:15.338+0000] {dagbag.py:588} INFO - Filling up the DagBag from /mnt/c/Users/Admin/Desktop/ud_data/Dataslush_umang/airflow/airflow_venv/lib/python3.12/site-packages/airflow/example_dags/example_python_operator.py
[2025-01-28T11:01:15.452+0000] {processor.py:925} INFO - DAG(s) 'example_python_operator' retrieved from /mnt/c/Users/Admin/Desktop/ud_data/Dataslush_umang/airflow/airflow_venv/lib/python3.12/site-packages/airflow/example_dags/example_python_operator.py
[2025-01-28T11:01:15.490+0000] {logging_mixin.py:190} INFO - [2025-01-28T11:01:15.488+0000] {dag.py:3239} INFO - Sync 1 DAGs
[2025-01-28T11:01:15.509+0000] {logging_mixin.py:190} INFO - [2025-01-28T11:01:15.508+0000] {dag.py:4180} INFO - Setting next_dagrun for example_python_operator to None, run_after=None
[2025-01-28T11:01:15.556+0000] {processor.py:208} INFO - Processing /mnt/c/Users/Admin/Desktop/ud_data/Dataslush_umang/airflow/airflow_venv/lib/python3.12/site-packages/airflow/example_dags/example_python_operator.py took 0.247 seconds
[2025-01-28T11:02:36.231+0000] {processor.py:186} INFO - Started process (PID=19641) to work on /mnt/c/Users/Admin/Desktop/ud_data/Dataslush_umang/airflow/airflow_venv/lib/python3.12/site-packages/airflow/example_dags/example_python_operator.py
[2025-01-28T11:02:36.234+0000] {processor.py:914} INFO - Processing file /mnt/c/Users/Admin/Desktop/ud_data/Dataslush_umang/airflow/airflow_venv/lib/python3.12/site-packages/airflow/example_dags/example_python_operator.py for tasks to queue
[2025-01-28T11:02:36.240+0000] {logging_mixin.py:190} INFO - [2025-01-28T11:02:36.238+0000] {dagbag.py:588} INFO - Filling up the DagBag from /mnt/c/Users/Admin/Desktop/ud_data/Dataslush_umang/airflow/airflow_venv/lib/python3.12/site-packages/airflow/example_dags/example_python_operator.py
[2025-01-28T11:02:36.377+0000] {processor.py:925} INFO - DAG(s) 'example_python_operator' retrieved from /mnt/c/Users/Admin/Desktop/ud_data/Dataslush_umang/airflow/airflow_venv/lib/python3.12/site-packages/airflow/example_dags/example_python_operator.py
[2025-01-28T11:02:36.423+0000] {logging_mixin.py:190} INFO - [2025-01-28T11:02:36.421+0000] {dag.py:3239} INFO - Sync 1 DAGs
[2025-01-28T11:02:36.456+0000] {logging_mixin.py:190} INFO - [2025-01-28T11:02:36.454+0000] {dag.py:4180} INFO - Setting next_dagrun for example_python_operator to None, run_after=None
[2025-01-28T11:02:36.504+0000] {processor.py:208} INFO - Processing /mnt/c/Users/Admin/Desktop/ud_data/Dataslush_umang/airflow/airflow_venv/lib/python3.12/site-packages/airflow/example_dags/example_python_operator.py took 0.299 seconds
[2025-01-28T11:04:06.528+0000] {processor.py:186} INFO - Started process (PID=19865) to work on /mnt/c/Users/Admin/Desktop/ud_data/Dataslush_umang/airflow/airflow_venv/lib/python3.12/site-packages/airflow/example_dags/example_python_operator.py
[2025-01-28T11:04:06.531+0000] {processor.py:914} INFO - Processing file /mnt/c/Users/Admin/Desktop/ud_data/Dataslush_umang/airflow/airflow_venv/lib/python3.12/site-packages/airflow/example_dags/example_python_operator.py for tasks to queue
[2025-01-28T11:04:06.537+0000] {logging_mixin.py:190} INFO - [2025-01-28T11:04:06.535+0000] {dagbag.py:588} INFO - Filling up the DagBag from /mnt/c/Users/Admin/Desktop/ud_data/Dataslush_umang/airflow/airflow_venv/lib/python3.12/site-packages/airflow/example_dags/example_python_operator.py
[2025-01-28T11:04:06.678+0000] {processor.py:925} INFO - DAG(s) 'example_python_operator' retrieved from /mnt/c/Users/Admin/Desktop/ud_data/Dataslush_umang/airflow/airflow_venv/lib/python3.12/site-packages/airflow/example_dags/example_python_operator.py
[2025-01-28T11:04:06.714+0000] {logging_mixin.py:190} INFO - [2025-01-28T11:04:06.712+0000] {dag.py:3239} INFO - Sync 1 DAGs
[2025-01-28T11:04:06.737+0000] {logging_mixin.py:190} INFO - [2025-01-28T11:04:06.735+0000] {dag.py:4180} INFO - Setting next_dagrun for example_python_operator to None, run_after=None
[2025-01-28T11:04:06.784+0000] {processor.py:208} INFO - Processing /mnt/c/Users/Admin/Desktop/ud_data/Dataslush_umang/airflow/airflow_venv/lib/python3.12/site-packages/airflow/example_dags/example_python_operator.py took 0.281 seconds
[2025-01-28T11:05:39.773+0000] {processor.py:186} INFO - Started process (PID=19991) to work on /mnt/c/Users/Admin/Desktop/ud_data/Dataslush_umang/airflow/airflow_venv/lib/python3.12/site-packages/airflow/example_dags/example_python_operator.py
[2025-01-28T11:05:39.873+0000] {processor.py:914} INFO - Processing file /mnt/c/Users/Admin/Desktop/ud_data/Dataslush_umang/airflow/airflow_venv/lib/python3.12/site-packages/airflow/example_dags/example_python_operator.py for tasks to queue
[2025-01-28T11:05:39.879+0000] {logging_mixin.py:190} INFO - [2025-01-28T11:05:39.877+0000] {dagbag.py:588} INFO - Filling up the DagBag from /mnt/c/Users/Admin/Desktop/ud_data/Dataslush_umang/airflow/airflow_venv/lib/python3.12/site-packages/airflow/example_dags/example_python_operator.py
[2025-01-28T11:05:40.027+0000] {processor.py:925} INFO - DAG(s) 'example_python_operator' retrieved from /mnt/c/Users/Admin/Desktop/ud_data/Dataslush_umang/airflow/airflow_venv/lib/python3.12/site-packages/airflow/example_dags/example_python_operator.py
[2025-01-28T11:05:40.062+0000] {logging_mixin.py:190} INFO - [2025-01-28T11:05:40.060+0000] {dag.py:3239} INFO - Sync 1 DAGs
[2025-01-28T11:05:40.083+0000] {logging_mixin.py:190} INFO - [2025-01-28T11:05:40.082+0000] {dag.py:4180} INFO - Setting next_dagrun for example_python_operator to None, run_after=None
[2025-01-28T11:05:40.391+0000] {processor.py:208} INFO - Processing /mnt/c/Users/Admin/Desktop/ud_data/Dataslush_umang/airflow/airflow_venv/lib/python3.12/site-packages/airflow/example_dags/example_python_operator.py took 0.648 seconds
[2025-01-28T11:07:49.929+0000] {processor.py:186} INFO - Started process (PID=20151) to work on /mnt/c/Users/Admin/Desktop/ud_data/Dataslush_umang/airflow/airflow_venv/lib/python3.12/site-packages/airflow/example_dags/example_python_operator.py
[2025-01-28T11:07:49.945+0000] {processor.py:914} INFO - Processing file /mnt/c/Users/Admin/Desktop/ud_data/Dataslush_umang/airflow/airflow_venv/lib/python3.12/site-packages/airflow/example_dags/example_python_operator.py for tasks to queue
[2025-01-28T11:07:49.952+0000] {logging_mixin.py:190} INFO - [2025-01-28T11:07:49.950+0000] {dagbag.py:588} INFO - Filling up the DagBag from /mnt/c/Users/Admin/Desktop/ud_data/Dataslush_umang/airflow/airflow_venv/lib/python3.12/site-packages/airflow/example_dags/example_python_operator.py
[2025-01-28T11:07:50.099+0000] {processor.py:925} INFO - DAG(s) 'example_python_operator' retrieved from /mnt/c/Users/Admin/Desktop/ud_data/Dataslush_umang/airflow/airflow_venv/lib/python3.12/site-packages/airflow/example_dags/example_python_operator.py
[2025-01-28T11:07:50.139+0000] {logging_mixin.py:190} INFO - [2025-01-28T11:07:50.137+0000] {dag.py:3239} INFO - Sync 1 DAGs
[2025-01-28T11:07:50.161+0000] {logging_mixin.py:190} INFO - [2025-01-28T11:07:50.159+0000] {dag.py:4180} INFO - Setting next_dagrun for example_python_operator to None, run_after=None
[2025-01-28T11:07:50.340+0000] {processor.py:208} INFO - Processing /mnt/c/Users/Admin/Desktop/ud_data/Dataslush_umang/airflow/airflow_venv/lib/python3.12/site-packages/airflow/example_dags/example_python_operator.py took 0.442 seconds
[2025-01-28T11:09:54.266+0000] {processor.py:186} INFO - Started process (PID=20332) to work on /mnt/c/Users/Admin/Desktop/ud_data/Dataslush_umang/airflow/airflow_venv/lib/python3.12/site-packages/airflow/example_dags/example_python_operator.py
[2025-01-28T11:09:54.284+0000] {processor.py:914} INFO - Processing file /mnt/c/Users/Admin/Desktop/ud_data/Dataslush_umang/airflow/airflow_venv/lib/python3.12/site-packages/airflow/example_dags/example_python_operator.py for tasks to queue
[2025-01-28T11:09:54.290+0000] {logging_mixin.py:190} INFO - [2025-01-28T11:09:54.288+0000] {dagbag.py:588} INFO - Filling up the DagBag from /mnt/c/Users/Admin/Desktop/ud_data/Dataslush_umang/airflow/airflow_venv/lib/python3.12/site-packages/airflow/example_dags/example_python_operator.py
[2025-01-28T11:09:24.337+0000] {processor.py:925} INFO - DAG(s) 'example_python_operator' retrieved from /mnt/c/Users/Admin/Desktop/ud_data/Dataslush_umang/airflow/airflow_venv/lib/python3.12/site-packages/airflow/example_dags/example_python_operator.py
[2025-01-28T11:09:24.365+0000] {logging_mixin.py:190} INFO - [2025-01-28T11:09:24.364+0000] {dag.py:3239} INFO - Sync 1 DAGs
[2025-01-28T11:09:24.388+0000] {logging_mixin.py:190} INFO - [2025-01-28T11:09:24.387+0000] {dag.py:4180} INFO - Setting next_dagrun for example_python_operator to None, run_after=None
[2025-01-28T11:09:25.143+0000] {processor.py:208} INFO - Processing /mnt/c/Users/Admin/Desktop/ud_data/Dataslush_umang/airflow/airflow_venv/lib/python3.12/site-packages/airflow/example_dags/example_python_operator.py took 0.976 seconds
[2025-01-28T11:10:32.675+0000] {processor.py:186} INFO - Started process (PID=20463) to work on /mnt/c/Users/Admin/Desktop/ud_data/Dataslush_umang/airflow/airflow_venv/lib/python3.12/site-packages/airflow/example_dags/example_python_operator.py
[2025-01-28T11:10:32.679+0000] {processor.py:914} INFO - Processing file /mnt/c/Users/Admin/Desktop/ud_data/Dataslush_umang/airflow/airflow_venv/lib/python3.12/site-packages/airflow/example_dags/example_python_operator.py for tasks to queue
[2025-01-28T11:10:32.688+0000] {logging_mixin.py:190} INFO - [2025-01-28T11:10:32.684+0000] {dagbag.py:588} INFO - Filling up the DagBag from /mnt/c/Users/Admin/Desktop/ud_data/Dataslush_umang/airflow/airflow_venv/lib/python3.12/site-packages/airflow/example_dags/example_python_operator.py
[2025-01-28T11:10:32.833+0000] {processor.py:925} INFO - DAG(s) 'example_python_operator' retrieved from /mnt/c/Users/Admin/Desktop/ud_data/Dataslush_umang/airflow/airflow_venv/lib/python3.12/site-packages/airflow/example_dags/example_python_operator.py
[2025-01-28T11:10:32.873+0000] {logging_mixin.py:190} INFO - [2025-01-28T11:10:32.871+0000] {dag.py:3239} INFO - Sync 1 DAGs
[2025-01-28T11:10:32.901+0000] {logging_mixin.py:190} INFO - [2025-01-28T11:10:32.900+0000] {dag.py:4180} INFO - Setting next_dagrun for example_python_operator to None, run_after=None
[2025-01-28T11:10:33.070+0000] {processor.py:208} INFO - Processing /mnt/c/Users/Admin/Desktop/ud_data/Dataslush_umang/airflow/airflow_venv/lib/python3.12/site-packages/airflow/example_dags/example_python_operator.py took 0.425 seconds
[2025-01-28T11:11:46.676+0000] {processor.py:186} INFO - Started process (PID=20555) to work on /mnt/c/Users/Admin/Desktop/ud_data/Dataslush_umang/airflow/airflow_venv/lib/python3.12/site-packages/airflow/example_dags/example_python_operator.py
[2025-01-28T11:11:46.679+0000] {processor.py:914} INFO - Processing file /mnt/c/Users/Admin/Desktop/ud_data/Dataslush_umang/airflow/airflow_venv/lib/python3.12/site-packages/airflow/example_dags/example_python_operator.py for tasks to queue
[2025-01-28T11:11:46.686+0000] {logging_mixin.py:190} INFO - [2025-01-28T11:11:46.683+0000] {dagbag.py:588} INFO - Filling up the DagBag from /mnt/c/Users/Admin/Desktop/ud_data/Dataslush_umang/airflow/airflow_venv/lib/python3.12/site-packages/airflow/example_dags/example_python_operator.py
[2025-01-28T11:11:46.827+0000] {processor.py:925} INFO - DAG(s) 'example_python_operator' retrieved from /mnt/c/Users/Admin/Desktop/ud_data/Dataslush_umang/airflow/airflow_venv/lib/python3.12/site-packages/airflow/example_dags/example_python_operator.py
[2025-01-28T11:11:46.865+0000] {logging_mixin.py:190} INFO - [2025-01-28T11:11:46.863+0000] {dag.py:3239} INFO - Sync 1 DAGs
[2025-01-28T11:11:46.888+0000] {logging_mixin.py:190} INFO - [2025-01-28T11:11:46.886+0000] {dag.py:4180} INFO - Setting next_dagrun for example_python_operator to None, run_after=None
[2025-01-28T11:11:47.112+0000] {processor.py:208} INFO - Processing /mnt/c/Users/Admin/Desktop/ud_data/Dataslush_umang/airflow/airflow_venv/lib/python3.12/site-packages/airflow/example_dags/example_python_operator.py took 0.465 seconds
[2025-01-28T11:13:25.718+0000] {processor.py:186} INFO - Started process (PID=20667) to work on /mnt/c/Users/Admin/Desktop/ud_data/Dataslush_umang/airflow/airflow_venv/lib/python3.12/site-packages/airflow/example_dags/example_python_operator.py
[2025-01-28T11:13:25.765+0000] {processor.py:914} INFO - Processing file /mnt/c/Users/Admin/Desktop/ud_data/Dataslush_umang/airflow/airflow_venv/lib/python3.12/site-packages/airflow/example_dags/example_python_operator.py for tasks to queue
[2025-01-28T11:13:25.771+0000] {logging_mixin.py:190} INFO - [2025-01-28T11:13:25.769+0000] {dagbag.py:588} INFO - Filling up the DagBag from /mnt/c/Users/Admin/Desktop/ud_data/Dataslush_umang/airflow/airflow_venv/lib/python3.12/site-packages/airflow/example_dags/example_python_operator.py
[2025-01-28T11:13:25.898+0000] {processor.py:925} INFO - DAG(s) 'example_python_operator' retrieved from /mnt/c/Users/Admin/Desktop/ud_data/Dataslush_umang/airflow/airflow_venv/lib/python3.12/site-packages/airflow/example_dags/example_python_operator.py
[2025-01-28T11:13:25.928+0000] {logging_mixin.py:190} INFO - [2025-01-28T11:13:25.926+0000] {dag.py:3239} INFO - Sync 1 DAGs
[2025-01-28T11:13:25.946+0000] {logging_mixin.py:190} INFO - [2025-01-28T11:13:25.945+0000] {dag.py:4180} INFO - Setting next_dagrun for example_python_operator to None, run_after=None
[2025-01-28T11:13:26.314+0000] {processor.py:208} INFO - Processing /mnt/c/Users/Admin/Desktop/ud_data/Dataslush_umang/airflow/airflow_venv/lib/python3.12/site-packages/airflow/example_dags/example_python_operator.py took 0.623 seconds
[2025-01-28T11:15:26.181+0000] {processor.py:186} INFO - Started process (PID=20846) to work on /mnt/c/Users/Admin/Desktop/ud_data/Dataslush_umang/airflow/airflow_venv/lib/python3.12/site-packages/airflow/example_dags/example_python_operator.py
[2025-01-28T11:15:26.184+0000] {processor.py:914} INFO - Processing file /mnt/c/Users/Admin/Desktop/ud_data/Dataslush_umang/airflow/airflow_venv/lib/python3.12/site-packages/airflow/example_dags/example_python_operator.py for tasks to queue
[2025-01-28T11:15:26.190+0000] {logging_mixin.py:190} INFO - [2025-01-28T11:15:26.188+0000] {dagbag.py:588} INFO - Filling up the DagBag from /mnt/c/Users/Admin/Desktop/ud_data/Dataslush_umang/airflow/airflow_venv/lib/python3.12/site-packages/airflow/example_dags/example_python_operator.py
[2025-01-28T11:15:26.300+0000] {processor.py:925} INFO - DAG(s) 'example_python_operator' retrieved from /mnt/c/Users/Admin/Desktop/ud_data/Dataslush_umang/airflow/airflow_venv/lib/python3.12/site-packages/airflow/example_dags/example_python_operator.py
[2025-01-28T11:15:26.329+0000] {logging_mixin.py:190} INFO - [2025-01-28T11:15:26.327+0000] {dag.py:3239} INFO - Sync 1 DAGs
[2025-01-28T11:15:26.347+0000] {logging_mixin.py:190} INFO - [2025-01-28T11:15:26.345+0000] {dag.py:4180} INFO - Setting next_dagrun for example_python_operator to None, run_after=None
[2025-01-28T11:15:26.400+0000] {processor.py:208} INFO - Processing /mnt/c/Users/Admin/Desktop/ud_data/Dataslush_umang/airflow/airflow_venv/lib/python3.12/site-packages/airflow/example_dags/example_python_operator.py took 0.244 seconds
