[2025-01-28T10:12:17.294+0000] {processor.py:186} INFO - Started process (PID=14734) to work on /mnt/c/Users/Admin/Desktop/ud_data/Dataslush_umang/airflow/airflow_venv/lib/python3.12/site-packages/airflow/example_dags/example_skip_dag.py
[2025-01-28T10:12:17.297+0000] {processor.py:914} INFO - Processing file /mnt/c/Users/Admin/Desktop/ud_data/Dataslush_umang/airflow/airflow_venv/lib/python3.12/site-packages/airflow/example_dags/example_skip_dag.py for tasks to queue
[2025-01-28T10:12:17.303+0000] {logging_mixin.py:190} INFO - [2025-01-28T10:12:17.300+0000] {dagbag.py:588} INFO - Filling up the DagBag from /mnt/c/Users/Admin/Desktop/ud_data/Dataslush_umang/airflow/airflow_venv/lib/python3.12/site-packages/airflow/example_dags/example_skip_dag.py
[2025-01-28T10:12:17.425+0000] {processor.py:925} INFO - DAG(s) 'example_skip_dag' retrieved from /mnt/c/Users/Admin/Desktop/ud_data/Dataslush_umang/airflow/airflow_venv/lib/python3.12/site-packages/airflow/example_dags/example_skip_dag.py
[2025-01-28T10:12:19.206+0000] {logging_mixin.py:190} INFO - [2025-01-28T10:12:19.204+0000] {override.py:1912} INFO - Created Permission View: can edit on DAG:example_skip_dag
[2025-01-28T10:12:19.238+0000] {logging_mixin.py:190} INFO - [2025-01-28T10:12:19.236+0000] {override.py:1912} INFO - Created Permission View: can read on DAG:example_skip_dag
[2025-01-28T10:12:19.265+0000] {logging_mixin.py:190} INFO - [2025-01-28T10:12:19.263+0000] {override.py:1912} INFO - Created Permission View: can delete on DAG:example_skip_dag
[2025-01-28T10:12:19.307+0000] {logging_mixin.py:190} INFO - [2025-01-28T10:12:19.305+0000] {override.py:1912} INFO - Created Permission View: can create on DAG Run:example_skip_dag
[2025-01-28T10:12:19.334+0000] {logging_mixin.py:190} INFO - [2025-01-28T10:12:19.331+0000] {override.py:1912} INFO - Created Permission View: menu access on DAG Run:example_skip_dag
[2025-01-28T10:12:19.358+0000] {logging_mixin.py:190} INFO - [2025-01-28T10:12:19.356+0000] {override.py:1912} INFO - Created Permission View: can read on DAG Run:example_skip_dag
[2025-01-28T10:12:19.380+0000] {logging_mixin.py:190} INFO - [2025-01-28T10:12:19.379+0000] {override.py:1912} INFO - Created Permission View: can delete on DAG Run:example_skip_dag
[2025-01-28T10:12:19.383+0000] {logging_mixin.py:190} INFO - [2025-01-28T10:12:19.382+0000] {dag.py:3239} INFO - Sync 1 DAGs
[2025-01-28T10:12:19.401+0000] {logging_mixin.py:190} INFO - [2025-01-28T10:12:19.399+0000] {dag.py:3262} INFO - Creating ORM DAG for example_skip_dag
[2025-01-28T10:12:19.421+0000] {logging_mixin.py:190} INFO - [2025-01-28T10:12:19.420+0000] {dag.py:4180} INFO - Setting next_dagrun for example_skip_dag to 2025-01-27 00:00:00+00:00, run_after=2025-01-28 00:00:00+00:00
[2025-01-28T10:12:19.507+0000] {processor.py:208} INFO - Processing /mnt/c/Users/Admin/Desktop/ud_data/Dataslush_umang/airflow/airflow_venv/lib/python3.12/site-packages/airflow/example_dags/example_skip_dag.py took 2.230 seconds
[2025-01-28T10:15:06.038+0000] {processor.py:186} INFO - Started process (PID=14970) to work on /mnt/c/Users/Admin/Desktop/ud_data/Dataslush_umang/airflow/airflow_venv/lib/python3.12/site-packages/airflow/example_dags/example_skip_dag.py
[2025-01-28T10:15:06.167+0000] {processor.py:914} INFO - Processing file /mnt/c/Users/Admin/Desktop/ud_data/Dataslush_umang/airflow/airflow_venv/lib/python3.12/site-packages/airflow/example_dags/example_skip_dag.py for tasks to queue
[2025-01-28T10:15:06.174+0000] {logging_mixin.py:190} INFO - [2025-01-28T10:15:06.171+0000] {dagbag.py:588} INFO - Filling up the DagBag from /mnt/c/Users/Admin/Desktop/ud_data/Dataslush_umang/airflow/airflow_venv/lib/python3.12/site-packages/airflow/example_dags/example_skip_dag.py
[2025-01-28T10:15:06.265+0000] {processor.py:925} INFO - DAG(s) 'example_skip_dag' retrieved from /mnt/c/Users/Admin/Desktop/ud_data/Dataslush_umang/airflow/airflow_venv/lib/python3.12/site-packages/airflow/example_dags/example_skip_dag.py
[2025-01-28T10:15:06.290+0000] {logging_mixin.py:190} INFO - [2025-01-28T10:15:06.288+0000] {dag.py:3239} INFO - Sync 1 DAGs
[2025-01-28T10:15:06.326+0000] {logging_mixin.py:190} INFO - [2025-01-28T10:15:06.324+0000] {dag.py:4180} INFO - Setting next_dagrun for example_skip_dag to 2025-01-27 00:00:00+00:00, run_after=2025-01-28 00:00:00+00:00
[2025-01-28T10:15:06.437+0000] {processor.py:208} INFO - Processing /mnt/c/Users/Admin/Desktop/ud_data/Dataslush_umang/airflow/airflow_venv/lib/python3.12/site-packages/airflow/example_dags/example_skip_dag.py took 0.424 seconds
[2025-01-28T10:16:12.853+0000] {processor.py:186} INFO - Started process (PID=15075) to work on /mnt/c/Users/Admin/Desktop/ud_data/Dataslush_umang/airflow/airflow_venv/lib/python3.12/site-packages/airflow/example_dags/example_skip_dag.py
[2025-01-28T10:16:12.855+0000] {processor.py:914} INFO - Processing file /mnt/c/Users/Admin/Desktop/ud_data/Dataslush_umang/airflow/airflow_venv/lib/python3.12/site-packages/airflow/example_dags/example_skip_dag.py for tasks to queue
[2025-01-28T10:16:12.861+0000] {logging_mixin.py:190} INFO - [2025-01-28T10:16:12.859+0000] {dagbag.py:588} INFO - Filling up the DagBag from /mnt/c/Users/Admin/Desktop/ud_data/Dataslush_umang/airflow/airflow_venv/lib/python3.12/site-packages/airflow/example_dags/example_skip_dag.py
[2025-01-28T10:16:12.936+0000] {processor.py:925} INFO - DAG(s) 'example_skip_dag' retrieved from /mnt/c/Users/Admin/Desktop/ud_data/Dataslush_umang/airflow/airflow_venv/lib/python3.12/site-packages/airflow/example_dags/example_skip_dag.py
[2025-01-28T10:16:12.962+0000] {logging_mixin.py:190} INFO - [2025-01-28T10:16:12.960+0000] {dag.py:3239} INFO - Sync 1 DAGs
[2025-01-28T10:16:12.991+0000] {logging_mixin.py:190} INFO - [2025-01-28T10:16:12.990+0000] {dag.py:4180} INFO - Setting next_dagrun for example_skip_dag to 2025-01-27 00:00:00+00:00, run_after=2025-01-28 00:00:00+00:00
[2025-01-28T10:16:13.163+0000] {processor.py:208} INFO - Processing /mnt/c/Users/Admin/Desktop/ud_data/Dataslush_umang/airflow/airflow_venv/lib/python3.12/site-packages/airflow/example_dags/example_skip_dag.py took 0.329 seconds
[2025-01-28T10:18:31.512+0000] {processor.py:186} INFO - Started process (PID=15275) to work on /mnt/c/Users/Admin/Desktop/ud_data/Dataslush_umang/airflow/airflow_venv/lib/python3.12/site-packages/airflow/example_dags/example_skip_dag.py
[2025-01-28T10:18:31.516+0000] {processor.py:914} INFO - Processing file /mnt/c/Users/Admin/Desktop/ud_data/Dataslush_umang/airflow/airflow_venv/lib/python3.12/site-packages/airflow/example_dags/example_skip_dag.py for tasks to queue
[2025-01-28T10:18:31.525+0000] {logging_mixin.py:190} INFO - [2025-01-28T10:18:31.522+0000] {dagbag.py:588} INFO - Filling up the DagBag from /mnt/c/Users/Admin/Desktop/ud_data/Dataslush_umang/airflow/airflow_venv/lib/python3.12/site-packages/airflow/example_dags/example_skip_dag.py
[2025-01-28T10:18:31.675+0000] {processor.py:925} INFO - DAG(s) 'example_skip_dag' retrieved from /mnt/c/Users/Admin/Desktop/ud_data/Dataslush_umang/airflow/airflow_venv/lib/python3.12/site-packages/airflow/example_dags/example_skip_dag.py
[2025-01-28T10:18:31.710+0000] {logging_mixin.py:190} INFO - [2025-01-28T10:18:31.708+0000] {dag.py:3239} INFO - Sync 1 DAGs
[2025-01-28T10:18:01.638+0000] {logging_mixin.py:190} INFO - [2025-01-28T10:18:01.637+0000] {dag.py:4180} INFO - Setting next_dagrun for example_skip_dag to 2025-01-27 00:00:00+00:00, run_after=2025-01-28 00:00:00+00:00
[2025-01-28T10:18:01.931+0000] {processor.py:208} INFO - Processing /mnt/c/Users/Admin/Desktop/ud_data/Dataslush_umang/airflow/airflow_venv/lib/python3.12/site-packages/airflow/example_dags/example_skip_dag.py took 0.566 seconds
[2025-01-28T10:19:43.835+0000] {processor.py:186} INFO - Started process (PID=15395) to work on /mnt/c/Users/Admin/Desktop/ud_data/Dataslush_umang/airflow/airflow_venv/lib/python3.12/site-packages/airflow/example_dags/example_skip_dag.py
[2025-01-28T10:19:43.840+0000] {processor.py:914} INFO - Processing file /mnt/c/Users/Admin/Desktop/ud_data/Dataslush_umang/airflow/airflow_venv/lib/python3.12/site-packages/airflow/example_dags/example_skip_dag.py for tasks to queue
[2025-01-28T10:19:43.847+0000] {logging_mixin.py:190} INFO - [2025-01-28T10:19:43.845+0000] {dagbag.py:588} INFO - Filling up the DagBag from /mnt/c/Users/Admin/Desktop/ud_data/Dataslush_umang/airflow/airflow_venv/lib/python3.12/site-packages/airflow/example_dags/example_skip_dag.py
[2025-01-28T10:19:44.028+0000] {processor.py:925} INFO - DAG(s) 'example_skip_dag' retrieved from /mnt/c/Users/Admin/Desktop/ud_data/Dataslush_umang/airflow/airflow_venv/lib/python3.12/site-packages/airflow/example_dags/example_skip_dag.py
[2025-01-28T10:19:44.062+0000] {logging_mixin.py:190} INFO - [2025-01-28T10:19:44.060+0000] {dag.py:3239} INFO - Sync 1 DAGs
[2025-01-28T10:19:44.101+0000] {logging_mixin.py:190} INFO - [2025-01-28T10:19:44.100+0000] {dag.py:4180} INFO - Setting next_dagrun for example_skip_dag to 2025-01-27 00:00:00+00:00, run_after=2025-01-28 00:00:00+00:00
[2025-01-28T10:19:14.004+0000] {processor.py:208} INFO - Processing /mnt/c/Users/Admin/Desktop/ud_data/Dataslush_umang/airflow/airflow_venv/lib/python3.12/site-packages/airflow/example_dags/example_skip_dag.py took 0.355 seconds
[2025-01-28T10:21:04.114+0000] {processor.py:186} INFO - Started process (PID=15520) to work on /mnt/c/Users/Admin/Desktop/ud_data/Dataslush_umang/airflow/airflow_venv/lib/python3.12/site-packages/airflow/example_dags/example_skip_dag.py
[2025-01-28T10:21:04.121+0000] {processor.py:914} INFO - Processing file /mnt/c/Users/Admin/Desktop/ud_data/Dataslush_umang/airflow/airflow_venv/lib/python3.12/site-packages/airflow/example_dags/example_skip_dag.py for tasks to queue
[2025-01-28T10:21:04.135+0000] {logging_mixin.py:190} INFO - [2025-01-28T10:21:04.130+0000] {dagbag.py:588} INFO - Filling up the DagBag from /mnt/c/Users/Admin/Desktop/ud_data/Dataslush_umang/airflow/airflow_venv/lib/python3.12/site-packages/airflow/example_dags/example_skip_dag.py
[2025-01-28T10:20:34.380+0000] {processor.py:925} INFO - DAG(s) 'example_skip_dag' retrieved from /mnt/c/Users/Admin/Desktop/ud_data/Dataslush_umang/airflow/airflow_venv/lib/python3.12/site-packages/airflow/example_dags/example_skip_dag.py
[2025-01-28T10:20:34.445+0000] {logging_mixin.py:190} INFO - [2025-01-28T10:20:34.442+0000] {dag.py:3239} INFO - Sync 1 DAGs
[2025-01-28T10:20:34.501+0000] {logging_mixin.py:190} INFO - [2025-01-28T10:20:34.499+0000] {dag.py:4180} INFO - Setting next_dagrun for example_skip_dag to 2025-01-27 00:00:00+00:00, run_after=2025-01-28 00:00:00+00:00
[2025-01-28T10:20:34.936+0000] {processor.py:208} INFO - Processing /mnt/c/Users/Admin/Desktop/ud_data/Dataslush_umang/airflow/airflow_venv/lib/python3.12/site-packages/airflow/example_dags/example_skip_dag.py took 1.001 seconds
[2025-01-28T10:22:09.286+0000] {processor.py:186} INFO - Started process (PID=15652) to work on /mnt/c/Users/Admin/Desktop/ud_data/Dataslush_umang/airflow/airflow_venv/lib/python3.12/site-packages/airflow/example_dags/example_skip_dag.py
[2025-01-28T10:22:09.547+0000] {processor.py:914} INFO - Processing file /mnt/c/Users/Admin/Desktop/ud_data/Dataslush_umang/airflow/airflow_venv/lib/python3.12/site-packages/airflow/example_dags/example_skip_dag.py for tasks to queue
[2025-01-28T10:22:09.565+0000] {logging_mixin.py:190} INFO - [2025-01-28T10:22:09.559+0000] {dagbag.py:588} INFO - Filling up the DagBag from /mnt/c/Users/Admin/Desktop/ud_data/Dataslush_umang/airflow/airflow_venv/lib/python3.12/site-packages/airflow/example_dags/example_skip_dag.py
[2025-01-28T10:22:09.743+0000] {processor.py:925} INFO - DAG(s) 'example_skip_dag' retrieved from /mnt/c/Users/Admin/Desktop/ud_data/Dataslush_umang/airflow/airflow_venv/lib/python3.12/site-packages/airflow/example_dags/example_skip_dag.py
[2025-01-28T10:22:09.770+0000] {logging_mixin.py:190} INFO - [2025-01-28T10:22:09.769+0000] {dag.py:3239} INFO - Sync 1 DAGs
[2025-01-28T10:22:09.800+0000] {logging_mixin.py:190} INFO - [2025-01-28T10:22:09.799+0000] {dag.py:4180} INFO - Setting next_dagrun for example_skip_dag to 2025-01-27 00:00:00+00:00, run_after=2025-01-28 00:00:00+00:00
[2025-01-28T10:22:11.053+0000] {processor.py:208} INFO - Processing /mnt/c/Users/Admin/Desktop/ud_data/Dataslush_umang/airflow/airflow_venv/lib/python3.12/site-packages/airflow/example_dags/example_skip_dag.py took 1.849 seconds
[2025-01-28T10:23:52.262+0000] {processor.py:186} INFO - Started process (PID=15824) to work on /mnt/c/Users/Admin/Desktop/ud_data/Dataslush_umang/airflow/airflow_venv/lib/python3.12/site-packages/airflow/example_dags/example_skip_dag.py
[2025-01-28T10:23:52.269+0000] {processor.py:914} INFO - Processing file /mnt/c/Users/Admin/Desktop/ud_data/Dataslush_umang/airflow/airflow_venv/lib/python3.12/site-packages/airflow/example_dags/example_skip_dag.py for tasks to queue
[2025-01-28T10:23:52.282+0000] {logging_mixin.py:190} INFO - [2025-01-28T10:23:52.277+0000] {dagbag.py:588} INFO - Filling up the DagBag from /mnt/c/Users/Admin/Desktop/ud_data/Dataslush_umang/airflow/airflow_venv/lib/python3.12/site-packages/airflow/example_dags/example_skip_dag.py
[2025-01-28T10:23:52.628+0000] {processor.py:925} INFO - DAG(s) 'example_skip_dag' retrieved from /mnt/c/Users/Admin/Desktop/ud_data/Dataslush_umang/airflow/airflow_venv/lib/python3.12/site-packages/airflow/example_dags/example_skip_dag.py
[2025-01-28T10:23:52.831+0000] {logging_mixin.py:190} INFO - [2025-01-28T10:23:52.828+0000] {dag.py:3239} INFO - Sync 1 DAGs
[2025-01-28T10:23:52.887+0000] {logging_mixin.py:190} INFO - [2025-01-28T10:23:52.884+0000] {dag.py:4180} INFO - Setting next_dagrun for example_skip_dag to 2025-01-27 00:00:00+00:00, run_after=2025-01-28 00:00:00+00:00
[2025-01-28T10:23:53.109+0000] {processor.py:208} INFO - Processing /mnt/c/Users/Admin/Desktop/ud_data/Dataslush_umang/airflow/airflow_venv/lib/python3.12/site-packages/airflow/example_dags/example_skip_dag.py took 0.914 seconds
[2025-01-28T10:25:28.501+0000] {processor.py:186} INFO - Started process (PID=16034) to work on /mnt/c/Users/Admin/Desktop/ud_data/Dataslush_umang/airflow/airflow_venv/lib/python3.12/site-packages/airflow/example_dags/example_skip_dag.py
[2025-01-28T10:25:28.508+0000] {processor.py:914} INFO - Processing file /mnt/c/Users/Admin/Desktop/ud_data/Dataslush_umang/airflow/airflow_venv/lib/python3.12/site-packages/airflow/example_dags/example_skip_dag.py for tasks to queue
[2025-01-28T10:25:28.521+0000] {logging_mixin.py:190} INFO - [2025-01-28T10:25:28.517+0000] {dagbag.py:588} INFO - Filling up the DagBag from /mnt/c/Users/Admin/Desktop/ud_data/Dataslush_umang/airflow/airflow_venv/lib/python3.12/site-packages/airflow/example_dags/example_skip_dag.py
[2025-01-28T10:25:28.862+0000] {processor.py:925} INFO - DAG(s) 'example_skip_dag' retrieved from /mnt/c/Users/Admin/Desktop/ud_data/Dataslush_umang/airflow/airflow_venv/lib/python3.12/site-packages/airflow/example_dags/example_skip_dag.py
[2025-01-28T10:25:28.930+0000] {logging_mixin.py:190} INFO - [2025-01-28T10:25:28.928+0000] {dag.py:3239} INFO - Sync 1 DAGs
[2025-01-28T10:25:28.980+0000] {logging_mixin.py:190} INFO - [2025-01-28T10:25:28.977+0000] {dag.py:4180} INFO - Setting next_dagrun for example_skip_dag to 2025-01-27 00:00:00+00:00, run_after=2025-01-28 00:00:00+00:00
[2025-01-28T10:25:29.022+0000] {processor.py:208} INFO - Processing /mnt/c/Users/Admin/Desktop/ud_data/Dataslush_umang/airflow/airflow_venv/lib/python3.12/site-packages/airflow/example_dags/example_skip_dag.py took 0.574 seconds
[2025-01-28T10:26:40.509+0000] {processor.py:186} INFO - Started process (PID=16209) to work on /mnt/c/Users/Admin/Desktop/ud_data/Dataslush_umang/airflow/airflow_venv/lib/python3.12/site-packages/airflow/example_dags/example_skip_dag.py
[2025-01-28T10:26:40.511+0000] {processor.py:914} INFO - Processing file /mnt/c/Users/Admin/Desktop/ud_data/Dataslush_umang/airflow/airflow_venv/lib/python3.12/site-packages/airflow/example_dags/example_skip_dag.py for tasks to queue
[2025-01-28T10:26:40.517+0000] {logging_mixin.py:190} INFO - [2025-01-28T10:26:40.516+0000] {dagbag.py:588} INFO - Filling up the DagBag from /mnt/c/Users/Admin/Desktop/ud_data/Dataslush_umang/airflow/airflow_venv/lib/python3.12/site-packages/airflow/example_dags/example_skip_dag.py
[2025-01-28T10:26:40.616+0000] {processor.py:925} INFO - DAG(s) 'example_skip_dag' retrieved from /mnt/c/Users/Admin/Desktop/ud_data/Dataslush_umang/airflow/airflow_venv/lib/python3.12/site-packages/airflow/example_dags/example_skip_dag.py
[2025-01-28T10:26:40.646+0000] {logging_mixin.py:190} INFO - [2025-01-28T10:26:40.643+0000] {dag.py:3239} INFO - Sync 1 DAGs
[2025-01-28T10:26:40.696+0000] {logging_mixin.py:190} INFO - [2025-01-28T10:26:40.692+0000] {dag.py:4180} INFO - Setting next_dagrun for example_skip_dag to 2025-01-27 00:00:00+00:00, run_after=2025-01-28 00:00:00+00:00
[2025-01-28T10:26:40.787+0000] {processor.py:208} INFO - Processing /mnt/c/Users/Admin/Desktop/ud_data/Dataslush_umang/airflow/airflow_venv/lib/python3.12/site-packages/airflow/example_dags/example_skip_dag.py took 0.308 seconds
[2025-01-28T10:28:14.131+0000] {processor.py:186} INFO - Started process (PID=16296) to work on /mnt/c/Users/Admin/Desktop/ud_data/Dataslush_umang/airflow/airflow_venv/lib/python3.12/site-packages/airflow/example_dags/example_skip_dag.py
[2025-01-28T10:28:14.136+0000] {processor.py:914} INFO - Processing file /mnt/c/Users/Admin/Desktop/ud_data/Dataslush_umang/airflow/airflow_venv/lib/python3.12/site-packages/airflow/example_dags/example_skip_dag.py for tasks to queue
[2025-01-28T10:28:14.147+0000] {logging_mixin.py:190} INFO - [2025-01-28T10:28:14.143+0000] {dagbag.py:588} INFO - Filling up the DagBag from /mnt/c/Users/Admin/Desktop/ud_data/Dataslush_umang/airflow/airflow_venv/lib/python3.12/site-packages/airflow/example_dags/example_skip_dag.py
[2025-01-28T10:28:14.399+0000] {processor.py:925} INFO - DAG(s) 'example_skip_dag' retrieved from /mnt/c/Users/Admin/Desktop/ud_data/Dataslush_umang/airflow/airflow_venv/lib/python3.12/site-packages/airflow/example_dags/example_skip_dag.py
[2025-01-28T10:28:14.462+0000] {logging_mixin.py:190} INFO - [2025-01-28T10:28:14.459+0000] {dag.py:3239} INFO - Sync 1 DAGs
[2025-01-28T10:28:44.596+0000] {logging_mixin.py:190} INFO - [2025-01-28T10:28:44.592+0000] {dag.py:4180} INFO - Setting next_dagrun for example_skip_dag to 2025-01-27 00:00:00+00:00, run_after=2025-01-28 00:00:00+00:00
[2025-01-28T10:28:44.731+0000] {processor.py:208} INFO - Processing /mnt/c/Users/Admin/Desktop/ud_data/Dataslush_umang/airflow/airflow_venv/lib/python3.12/site-packages/airflow/example_dags/example_skip_dag.py took 0.562 seconds
[2025-01-28T10:30:58.420+0000] {processor.py:186} INFO - Started process (PID=16467) to work on /mnt/c/Users/Admin/Desktop/ud_data/Dataslush_umang/airflow/airflow_venv/lib/python3.12/site-packages/airflow/example_dags/example_skip_dag.py
[2025-01-28T10:30:58.424+0000] {processor.py:914} INFO - Processing file /mnt/c/Users/Admin/Desktop/ud_data/Dataslush_umang/airflow/airflow_venv/lib/python3.12/site-packages/airflow/example_dags/example_skip_dag.py for tasks to queue
[2025-01-28T10:30:58.431+0000] {logging_mixin.py:190} INFO - [2025-01-28T10:30:58.429+0000] {dagbag.py:588} INFO - Filling up the DagBag from /mnt/c/Users/Admin/Desktop/ud_data/Dataslush_umang/airflow/airflow_venv/lib/python3.12/site-packages/airflow/example_dags/example_skip_dag.py
[2025-01-28T10:30:58.627+0000] {processor.py:925} INFO - DAG(s) 'example_skip_dag' retrieved from /mnt/c/Users/Admin/Desktop/ud_data/Dataslush_umang/airflow/airflow_venv/lib/python3.12/site-packages/airflow/example_dags/example_skip_dag.py
[2025-01-28T10:30:58.659+0000] {logging_mixin.py:190} INFO - [2025-01-28T10:30:58.658+0000] {dag.py:3239} INFO - Sync 1 DAGs
[2025-01-28T10:30:58.701+0000] {logging_mixin.py:190} INFO - [2025-01-28T10:30:58.699+0000] {dag.py:4180} INFO - Setting next_dagrun for example_skip_dag to 2025-01-27 00:00:00+00:00, run_after=2025-01-28 00:00:00+00:00
[2025-01-28T10:30:58.775+0000] {processor.py:208} INFO - Processing /mnt/c/Users/Admin/Desktop/ud_data/Dataslush_umang/airflow/airflow_venv/lib/python3.12/site-packages/airflow/example_dags/example_skip_dag.py took 0.397 seconds
[2025-01-28T10:33:13.297+0000] {processor.py:186} INFO - Started process (PID=16686) to work on /mnt/c/Users/Admin/Desktop/ud_data/Dataslush_umang/airflow/airflow_venv/lib/python3.12/site-packages/airflow/example_dags/example_skip_dag.py
[2025-01-28T10:33:13.305+0000] {processor.py:914} INFO - Processing file /mnt/c/Users/Admin/Desktop/ud_data/Dataslush_umang/airflow/airflow_venv/lib/python3.12/site-packages/airflow/example_dags/example_skip_dag.py for tasks to queue
[2025-01-28T10:33:13.320+0000] {logging_mixin.py:190} INFO - [2025-01-28T10:33:13.315+0000] {dagbag.py:588} INFO - Filling up the DagBag from /mnt/c/Users/Admin/Desktop/ud_data/Dataslush_umang/airflow/airflow_venv/lib/python3.12/site-packages/airflow/example_dags/example_skip_dag.py
[2025-01-28T10:33:13.493+0000] {processor.py:925} INFO - DAG(s) 'example_skip_dag' retrieved from /mnt/c/Users/Admin/Desktop/ud_data/Dataslush_umang/airflow/airflow_venv/lib/python3.12/site-packages/airflow/example_dags/example_skip_dag.py
[2025-01-28T10:33:13.551+0000] {logging_mixin.py:190} INFO - [2025-01-28T10:33:13.549+0000] {dag.py:3239} INFO - Sync 1 DAGs
[2025-01-28T10:33:13.598+0000] {logging_mixin.py:190} INFO - [2025-01-28T10:33:13.596+0000] {dag.py:4180} INFO - Setting next_dagrun for example_skip_dag to 2025-01-27 00:00:00+00:00, run_after=2025-01-28 00:00:00+00:00
[2025-01-28T10:33:13.664+0000] {processor.py:208} INFO - Processing /mnt/c/Users/Admin/Desktop/ud_data/Dataslush_umang/airflow/airflow_venv/lib/python3.12/site-packages/airflow/example_dags/example_skip_dag.py took 0.435 seconds
[2025-01-28T10:34:35.556+0000] {processor.py:186} INFO - Started process (PID=16850) to work on /mnt/c/Users/Admin/Desktop/ud_data/Dataslush_umang/airflow/airflow_venv/lib/python3.12/site-packages/airflow/example_dags/example_skip_dag.py
[2025-01-28T10:34:35.561+0000] {processor.py:914} INFO - Processing file /mnt/c/Users/Admin/Desktop/ud_data/Dataslush_umang/airflow/airflow_venv/lib/python3.12/site-packages/airflow/example_dags/example_skip_dag.py for tasks to queue
[2025-01-28T10:34:35.571+0000] {logging_mixin.py:190} INFO - [2025-01-28T10:34:35.568+0000] {dagbag.py:588} INFO - Filling up the DagBag from /mnt/c/Users/Admin/Desktop/ud_data/Dataslush_umang/airflow/airflow_venv/lib/python3.12/site-packages/airflow/example_dags/example_skip_dag.py
[2025-01-28T10:34:35.944+0000] {processor.py:925} INFO - DAG(s) 'example_skip_dag' retrieved from /mnt/c/Users/Admin/Desktop/ud_data/Dataslush_umang/airflow/airflow_venv/lib/python3.12/site-packages/airflow/example_dags/example_skip_dag.py
[2025-01-28T10:34:36.007+0000] {logging_mixin.py:190} INFO - [2025-01-28T10:34:36.003+0000] {dag.py:3239} INFO - Sync 1 DAGs
[2025-01-28T10:34:36.083+0000] {logging_mixin.py:190} INFO - [2025-01-28T10:34:36.080+0000] {dag.py:4180} INFO - Setting next_dagrun for example_skip_dag to 2025-01-27 00:00:00+00:00, run_after=2025-01-28 00:00:00+00:00
[2025-01-28T10:34:36.427+0000] {processor.py:208} INFO - Processing /mnt/c/Users/Admin/Desktop/ud_data/Dataslush_umang/airflow/airflow_venv/lib/python3.12/site-packages/airflow/example_dags/example_skip_dag.py took 0.922 seconds
[2025-01-28T10:35:51.607+0000] {processor.py:186} INFO - Started process (PID=16953) to work on /mnt/c/Users/Admin/Desktop/ud_data/Dataslush_umang/airflow/airflow_venv/lib/python3.12/site-packages/airflow/example_dags/example_skip_dag.py
[2025-01-28T10:35:52.514+0000] {processor.py:914} INFO - Processing file /mnt/c/Users/Admin/Desktop/ud_data/Dataslush_umang/airflow/airflow_venv/lib/python3.12/site-packages/airflow/example_dags/example_skip_dag.py for tasks to queue
[2025-01-28T10:35:52.529+0000] {logging_mixin.py:190} INFO - [2025-01-28T10:35:52.524+0000] {dagbag.py:588} INFO - Filling up the DagBag from /mnt/c/Users/Admin/Desktop/ud_data/Dataslush_umang/airflow/airflow_venv/lib/python3.12/site-packages/airflow/example_dags/example_skip_dag.py
[2025-01-28T10:35:52.868+0000] {processor.py:925} INFO - DAG(s) 'example_skip_dag' retrieved from /mnt/c/Users/Admin/Desktop/ud_data/Dataslush_umang/airflow/airflow_venv/lib/python3.12/site-packages/airflow/example_dags/example_skip_dag.py
[2025-01-28T10:35:52.936+0000] {logging_mixin.py:190} INFO - [2025-01-28T10:35:52.933+0000] {dag.py:3239} INFO - Sync 1 DAGs
[2025-01-28T10:35:52.988+0000] {logging_mixin.py:190} INFO - [2025-01-28T10:35:52.986+0000] {dag.py:4180} INFO - Setting next_dagrun for example_skip_dag to 2025-01-27 00:00:00+00:00, run_after=2025-01-28 00:00:00+00:00
[2025-01-28T10:35:53.358+0000] {processor.py:208} INFO - Processing /mnt/c/Users/Admin/Desktop/ud_data/Dataslush_umang/airflow/airflow_venv/lib/python3.12/site-packages/airflow/example_dags/example_skip_dag.py took 1.796 seconds
[2025-01-28T10:37:18.572+0000] {processor.py:186} INFO - Started process (PID=17072) to work on /mnt/c/Users/Admin/Desktop/ud_data/Dataslush_umang/airflow/airflow_venv/lib/python3.12/site-packages/airflow/example_dags/example_skip_dag.py
[2025-01-28T10:37:18.580+0000] {processor.py:914} INFO - Processing file /mnt/c/Users/Admin/Desktop/ud_data/Dataslush_umang/airflow/airflow_venv/lib/python3.12/site-packages/airflow/example_dags/example_skip_dag.py for tasks to queue
[2025-01-28T10:37:18.594+0000] {logging_mixin.py:190} INFO - [2025-01-28T10:37:18.589+0000] {dagbag.py:588} INFO - Filling up the DagBag from /mnt/c/Users/Admin/Desktop/ud_data/Dataslush_umang/airflow/airflow_venv/lib/python3.12/site-packages/airflow/example_dags/example_skip_dag.py
[2025-01-28T10:37:18.928+0000] {processor.py:925} INFO - DAG(s) 'example_skip_dag' retrieved from /mnt/c/Users/Admin/Desktop/ud_data/Dataslush_umang/airflow/airflow_venv/lib/python3.12/site-packages/airflow/example_dags/example_skip_dag.py
[2025-01-28T10:37:18.991+0000] {logging_mixin.py:190} INFO - [2025-01-28T10:37:18.989+0000] {dag.py:3239} INFO - Sync 1 DAGs
[2025-01-28T10:37:19.031+0000] {logging_mixin.py:190} INFO - [2025-01-28T10:37:19.029+0000] {dag.py:4180} INFO - Setting next_dagrun for example_skip_dag to 2025-01-27 00:00:00+00:00, run_after=2025-01-28 00:00:00+00:00
[2025-01-28T10:37:19.074+0000] {processor.py:208} INFO - Processing /mnt/c/Users/Admin/Desktop/ud_data/Dataslush_umang/airflow/airflow_venv/lib/python3.12/site-packages/airflow/example_dags/example_skip_dag.py took 0.569 seconds
[2025-01-28T10:38:49.401+0000] {processor.py:186} INFO - Started process (PID=17213) to work on /mnt/c/Users/Admin/Desktop/ud_data/Dataslush_umang/airflow/airflow_venv/lib/python3.12/site-packages/airflow/example_dags/example_skip_dag.py
[2025-01-28T10:38:49.411+0000] {processor.py:914} INFO - Processing file /mnt/c/Users/Admin/Desktop/ud_data/Dataslush_umang/airflow/airflow_venv/lib/python3.12/site-packages/airflow/example_dags/example_skip_dag.py for tasks to queue
[2025-01-28T10:38:49.432+0000] {logging_mixin.py:190} INFO - [2025-01-28T10:38:49.427+0000] {dagbag.py:588} INFO - Filling up the DagBag from /mnt/c/Users/Admin/Desktop/ud_data/Dataslush_umang/airflow/airflow_venv/lib/python3.12/site-packages/airflow/example_dags/example_skip_dag.py
[2025-01-28T10:38:49.773+0000] {processor.py:925} INFO - DAG(s) 'example_skip_dag' retrieved from /mnt/c/Users/Admin/Desktop/ud_data/Dataslush_umang/airflow/airflow_venv/lib/python3.12/site-packages/airflow/example_dags/example_skip_dag.py
[2025-01-28T10:38:49.834+0000] {logging_mixin.py:190} INFO - [2025-01-28T10:38:49.831+0000] {dag.py:3239} INFO - Sync 1 DAGs
[2025-01-28T10:38:49.875+0000] {logging_mixin.py:190} INFO - [2025-01-28T10:38:49.873+0000] {dag.py:4180} INFO - Setting next_dagrun for example_skip_dag to 2025-01-27 00:00:00+00:00, run_after=2025-01-28 00:00:00+00:00
[2025-01-28T10:38:49.917+0000] {processor.py:208} INFO - Processing /mnt/c/Users/Admin/Desktop/ud_data/Dataslush_umang/airflow/airflow_venv/lib/python3.12/site-packages/airflow/example_dags/example_skip_dag.py took 0.592 seconds
[2025-01-28T10:40:25.589+0000] {processor.py:186} INFO - Started process (PID=17345) to work on /mnt/c/Users/Admin/Desktop/ud_data/Dataslush_umang/airflow/airflow_venv/lib/python3.12/site-packages/airflow/example_dags/example_skip_dag.py
[2025-01-28T10:40:25.591+0000] {processor.py:914} INFO - Processing file /mnt/c/Users/Admin/Desktop/ud_data/Dataslush_umang/airflow/airflow_venv/lib/python3.12/site-packages/airflow/example_dags/example_skip_dag.py for tasks to queue
[2025-01-28T10:40:25.596+0000] {logging_mixin.py:190} INFO - [2025-01-28T10:40:25.594+0000] {dagbag.py:588} INFO - Filling up the DagBag from /mnt/c/Users/Admin/Desktop/ud_data/Dataslush_umang/airflow/airflow_venv/lib/python3.12/site-packages/airflow/example_dags/example_skip_dag.py
[2025-01-28T10:40:25.686+0000] {processor.py:925} INFO - DAG(s) 'example_skip_dag' retrieved from /mnt/c/Users/Admin/Desktop/ud_data/Dataslush_umang/airflow/airflow_venv/lib/python3.12/site-packages/airflow/example_dags/example_skip_dag.py
[2025-01-28T10:40:25.713+0000] {logging_mixin.py:190} INFO - [2025-01-28T10:40:25.711+0000] {dag.py:3239} INFO - Sync 1 DAGs
[2025-01-28T10:40:25.744+0000] {logging_mixin.py:190} INFO - [2025-01-28T10:40:25.743+0000] {dag.py:4180} INFO - Setting next_dagrun for example_skip_dag to 2025-01-27 00:00:00+00:00, run_after=2025-01-28 00:00:00+00:00
[2025-01-28T10:40:55.994+0000] {processor.py:208} INFO - Processing /mnt/c/Users/Admin/Desktop/ud_data/Dataslush_umang/airflow/airflow_venv/lib/python3.12/site-packages/airflow/example_dags/example_skip_dag.py took 0.353 seconds
[2025-01-28T10:42:02.518+0000] {processor.py:186} INFO - Started process (PID=17515) to work on /mnt/c/Users/Admin/Desktop/ud_data/Dataslush_umang/airflow/airflow_venv/lib/python3.12/site-packages/airflow/example_dags/example_skip_dag.py
[2025-01-28T10:42:32.832+0000] {processor.py:914} INFO - Processing file /mnt/c/Users/Admin/Desktop/ud_data/Dataslush_umang/airflow/airflow_venv/lib/python3.12/site-packages/airflow/example_dags/example_skip_dag.py for tasks to queue
[2025-01-28T10:42:32.841+0000] {logging_mixin.py:190} INFO - [2025-01-28T10:42:32.838+0000] {dagbag.py:588} INFO - Filling up the DagBag from /mnt/c/Users/Admin/Desktop/ud_data/Dataslush_umang/airflow/airflow_venv/lib/python3.12/site-packages/airflow/example_dags/example_skip_dag.py
[2025-01-28T10:42:32.945+0000] {processor.py:925} INFO - DAG(s) 'example_skip_dag' retrieved from /mnt/c/Users/Admin/Desktop/ud_data/Dataslush_umang/airflow/airflow_venv/lib/python3.12/site-packages/airflow/example_dags/example_skip_dag.py
[2025-01-28T10:42:32.972+0000] {logging_mixin.py:190} INFO - [2025-01-28T10:42:32.970+0000] {dag.py:3239} INFO - Sync 1 DAGs
[2025-01-28T10:42:33.004+0000] {logging_mixin.py:190} INFO - [2025-01-28T10:42:33.002+0000] {dag.py:4180} INFO - Setting next_dagrun for example_skip_dag to 2025-01-27 00:00:00+00:00, run_after=2025-01-28 00:00:00+00:00
[2025-01-28T10:42:03.428+0000] {processor.py:208} INFO - Processing /mnt/c/Users/Admin/Desktop/ud_data/Dataslush_umang/airflow/airflow_venv/lib/python3.12/site-packages/airflow/example_dags/example_skip_dag.py took 0.944 seconds
[2025-01-28T10:44:58.252+0000] {processor.py:186} INFO - Started process (PID=17861) to work on /mnt/c/Users/Admin/Desktop/ud_data/Dataslush_umang/airflow/airflow_venv/lib/python3.12/site-packages/airflow/example_dags/example_skip_dag.py
[2025-01-28T10:44:58.406+0000] {processor.py:914} INFO - Processing file /mnt/c/Users/Admin/Desktop/ud_data/Dataslush_umang/airflow/airflow_venv/lib/python3.12/site-packages/airflow/example_dags/example_skip_dag.py for tasks to queue
[2025-01-28T10:44:58.423+0000] {logging_mixin.py:190} INFO - [2025-01-28T10:44:58.418+0000] {dagbag.py:588} INFO - Filling up the DagBag from /mnt/c/Users/Admin/Desktop/ud_data/Dataslush_umang/airflow/airflow_venv/lib/python3.12/site-packages/airflow/example_dags/example_skip_dag.py
[2025-01-28T10:44:58.608+0000] {processor.py:925} INFO - DAG(s) 'example_skip_dag' retrieved from /mnt/c/Users/Admin/Desktop/ud_data/Dataslush_umang/airflow/airflow_venv/lib/python3.12/site-packages/airflow/example_dags/example_skip_dag.py
[2025-01-28T10:44:58.637+0000] {logging_mixin.py:190} INFO - [2025-01-28T10:44:58.635+0000] {dag.py:3239} INFO - Sync 1 DAGs
[2025-01-28T10:44:58.674+0000] {logging_mixin.py:190} INFO - [2025-01-28T10:44:58.672+0000] {dag.py:4180} INFO - Setting next_dagrun for example_skip_dag to 2025-01-27 00:00:00+00:00, run_after=2025-01-28 00:00:00+00:00
[2025-01-28T10:44:59.883+0000] {processor.py:208} INFO - Processing /mnt/c/Users/Admin/Desktop/ud_data/Dataslush_umang/airflow/airflow_venv/lib/python3.12/site-packages/airflow/example_dags/example_skip_dag.py took 1.663 seconds
[2025-01-28T10:47:25.317+0000] {processor.py:186} INFO - Started process (PID=17992) to work on /mnt/c/Users/Admin/Desktop/ud_data/Dataslush_umang/airflow/airflow_venv/lib/python3.12/site-packages/airflow/example_dags/example_skip_dag.py
[2025-01-28T10:47:25.459+0000] {processor.py:914} INFO - Processing file /mnt/c/Users/Admin/Desktop/ud_data/Dataslush_umang/airflow/airflow_venv/lib/python3.12/site-packages/airflow/example_dags/example_skip_dag.py for tasks to queue
[2025-01-28T10:47:25.465+0000] {logging_mixin.py:190} INFO - [2025-01-28T10:47:25.463+0000] {dagbag.py:588} INFO - Filling up the DagBag from /mnt/c/Users/Admin/Desktop/ud_data/Dataslush_umang/airflow/airflow_venv/lib/python3.12/site-packages/airflow/example_dags/example_skip_dag.py
[2025-01-28T10:47:25.578+0000] {processor.py:925} INFO - DAG(s) 'example_skip_dag' retrieved from /mnt/c/Users/Admin/Desktop/ud_data/Dataslush_umang/airflow/airflow_venv/lib/python3.12/site-packages/airflow/example_dags/example_skip_dag.py
[2025-01-28T10:47:25.613+0000] {logging_mixin.py:190} INFO - [2025-01-28T10:47:25.611+0000] {dag.py:3239} INFO - Sync 1 DAGs
[2025-01-28T10:47:25.655+0000] {logging_mixin.py:190} INFO - [2025-01-28T10:47:25.653+0000] {dag.py:4180} INFO - Setting next_dagrun for example_skip_dag to 2025-01-27 00:00:00+00:00, run_after=2025-01-28 00:00:00+00:00
[2025-01-28T10:47:25.821+0000] {processor.py:208} INFO - Processing /mnt/c/Users/Admin/Desktop/ud_data/Dataslush_umang/airflow/airflow_venv/lib/python3.12/site-packages/airflow/example_dags/example_skip_dag.py took 0.534 seconds
[2025-01-28T10:48:50.296+0000] {processor.py:186} INFO - Started process (PID=18175) to work on /mnt/c/Users/Admin/Desktop/ud_data/Dataslush_umang/airflow/airflow_venv/lib/python3.12/site-packages/airflow/example_dags/example_skip_dag.py
[2025-01-28T10:48:50.299+0000] {processor.py:914} INFO - Processing file /mnt/c/Users/Admin/Desktop/ud_data/Dataslush_umang/airflow/airflow_venv/lib/python3.12/site-packages/airflow/example_dags/example_skip_dag.py for tasks to queue
[2025-01-28T10:48:50.304+0000] {logging_mixin.py:190} INFO - [2025-01-28T10:48:50.302+0000] {dagbag.py:588} INFO - Filling up the DagBag from /mnt/c/Users/Admin/Desktop/ud_data/Dataslush_umang/airflow/airflow_venv/lib/python3.12/site-packages/airflow/example_dags/example_skip_dag.py
[2025-01-28T10:48:50.424+0000] {processor.py:925} INFO - DAG(s) 'example_skip_dag' retrieved from /mnt/c/Users/Admin/Desktop/ud_data/Dataslush_umang/airflow/airflow_venv/lib/python3.12/site-packages/airflow/example_dags/example_skip_dag.py
[2025-01-28T10:48:50.455+0000] {logging_mixin.py:190} INFO - [2025-01-28T10:48:50.454+0000] {dag.py:3239} INFO - Sync 1 DAGs
[2025-01-28T10:48:50.492+0000] {logging_mixin.py:190} INFO - [2025-01-28T10:48:50.491+0000] {dag.py:4180} INFO - Setting next_dagrun for example_skip_dag to 2025-01-27 00:00:00+00:00, run_after=2025-01-28 00:00:00+00:00
[2025-01-28T10:48:50.649+0000] {processor.py:208} INFO - Processing /mnt/c/Users/Admin/Desktop/ud_data/Dataslush_umang/airflow/airflow_venv/lib/python3.12/site-packages/airflow/example_dags/example_skip_dag.py took 0.379 seconds
[2025-01-28T10:50:27.525+0000] {processor.py:186} INFO - Started process (PID=18292) to work on /mnt/c/Users/Admin/Desktop/ud_data/Dataslush_umang/airflow/airflow_venv/lib/python3.12/site-packages/airflow/example_dags/example_skip_dag.py
[2025-01-28T10:50:27.529+0000] {processor.py:914} INFO - Processing file /mnt/c/Users/Admin/Desktop/ud_data/Dataslush_umang/airflow/airflow_venv/lib/python3.12/site-packages/airflow/example_dags/example_skip_dag.py for tasks to queue
[2025-01-28T10:50:27.534+0000] {logging_mixin.py:190} INFO - [2025-01-28T10:50:27.533+0000] {dagbag.py:588} INFO - Filling up the DagBag from /mnt/c/Users/Admin/Desktop/ud_data/Dataslush_umang/airflow/airflow_venv/lib/python3.12/site-packages/airflow/example_dags/example_skip_dag.py
[2025-01-28T10:50:27.652+0000] {processor.py:925} INFO - DAG(s) 'example_skip_dag' retrieved from /mnt/c/Users/Admin/Desktop/ud_data/Dataslush_umang/airflow/airflow_venv/lib/python3.12/site-packages/airflow/example_dags/example_skip_dag.py
[2025-01-28T10:50:27.683+0000] {logging_mixin.py:190} INFO - [2025-01-28T10:50:27.682+0000] {dag.py:3239} INFO - Sync 1 DAGs
[2025-01-28T10:50:27.718+0000] {logging_mixin.py:190} INFO - [2025-01-28T10:50:27.717+0000] {dag.py:4180} INFO - Setting next_dagrun for example_skip_dag to 2025-01-27 00:00:00+00:00, run_after=2025-01-28 00:00:00+00:00
[2025-01-28T10:50:27.841+0000] {processor.py:208} INFO - Processing /mnt/c/Users/Admin/Desktop/ud_data/Dataslush_umang/airflow/airflow_venv/lib/python3.12/site-packages/airflow/example_dags/example_skip_dag.py took 0.344 seconds
[2025-01-28T10:51:46.917+0000] {processor.py:186} INFO - Started process (PID=18559) to work on /mnt/c/Users/Admin/Desktop/ud_data/Dataslush_umang/airflow/airflow_venv/lib/python3.12/site-packages/airflow/example_dags/example_skip_dag.py
[2025-01-28T10:51:46.920+0000] {processor.py:914} INFO - Processing file /mnt/c/Users/Admin/Desktop/ud_data/Dataslush_umang/airflow/airflow_venv/lib/python3.12/site-packages/airflow/example_dags/example_skip_dag.py for tasks to queue
[2025-01-28T10:51:46.925+0000] {logging_mixin.py:190} INFO - [2025-01-28T10:51:46.923+0000] {dagbag.py:588} INFO - Filling up the DagBag from /mnt/c/Users/Admin/Desktop/ud_data/Dataslush_umang/airflow/airflow_venv/lib/python3.12/site-packages/airflow/example_dags/example_skip_dag.py
[2025-01-28T10:51:47.045+0000] {processor.py:925} INFO - DAG(s) 'example_skip_dag' retrieved from /mnt/c/Users/Admin/Desktop/ud_data/Dataslush_umang/airflow/airflow_venv/lib/python3.12/site-packages/airflow/example_dags/example_skip_dag.py
[2025-01-28T10:51:47.082+0000] {logging_mixin.py:190} INFO - [2025-01-28T10:51:47.080+0000] {dag.py:3239} INFO - Sync 1 DAGs
[2025-01-28T10:52:17.199+0000] {logging_mixin.py:190} INFO - [2025-01-28T10:52:17.198+0000] {dag.py:4180} INFO - Setting next_dagrun for example_skip_dag to 2025-01-27 00:00:00+00:00, run_after=2025-01-28 00:00:00+00:00
[2025-01-28T10:52:17.238+0000] {processor.py:208} INFO - Processing /mnt/c/Users/Admin/Desktop/ud_data/Dataslush_umang/airflow/airflow_venv/lib/python3.12/site-packages/airflow/example_dags/example_skip_dag.py took 0.279 seconds
[2025-01-28T10:53:35.157+0000] {processor.py:186} INFO - Started process (PID=18728) to work on /mnt/c/Users/Admin/Desktop/ud_data/Dataslush_umang/airflow/airflow_venv/lib/python3.12/site-packages/airflow/example_dags/example_skip_dag.py
[2025-01-28T10:53:35.243+0000] {processor.py:914} INFO - Processing file /mnt/c/Users/Admin/Desktop/ud_data/Dataslush_umang/airflow/airflow_venv/lib/python3.12/site-packages/airflow/example_dags/example_skip_dag.py for tasks to queue
[2025-01-28T10:53:35.249+0000] {logging_mixin.py:190} INFO - [2025-01-28T10:53:35.247+0000] {dagbag.py:588} INFO - Filling up the DagBag from /mnt/c/Users/Admin/Desktop/ud_data/Dataslush_umang/airflow/airflow_venv/lib/python3.12/site-packages/airflow/example_dags/example_skip_dag.py
[2025-01-28T10:53:35.340+0000] {processor.py:925} INFO - DAG(s) 'example_skip_dag' retrieved from /mnt/c/Users/Admin/Desktop/ud_data/Dataslush_umang/airflow/airflow_venv/lib/python3.12/site-packages/airflow/example_dags/example_skip_dag.py
[2025-01-28T10:53:35.364+0000] {logging_mixin.py:190} INFO - [2025-01-28T10:53:35.363+0000] {dag.py:3239} INFO - Sync 1 DAGs
[2025-01-28T10:53:35.404+0000] {logging_mixin.py:190} INFO - [2025-01-28T10:53:35.403+0000] {dag.py:4180} INFO - Setting next_dagrun for example_skip_dag to 2025-01-27 00:00:00+00:00, run_after=2025-01-28 00:00:00+00:00
[2025-01-28T10:53:35.467+0000] {processor.py:208} INFO - Processing /mnt/c/Users/Admin/Desktop/ud_data/Dataslush_umang/airflow/airflow_venv/lib/python3.12/site-packages/airflow/example_dags/example_skip_dag.py took 0.340 seconds
[2025-01-28T10:54:43.078+0000] {processor.py:186} INFO - Started process (PID=18824) to work on /mnt/c/Users/Admin/Desktop/ud_data/Dataslush_umang/airflow/airflow_venv/lib/python3.12/site-packages/airflow/example_dags/example_skip_dag.py
[2025-01-28T10:54:43.214+0000] {processor.py:914} INFO - Processing file /mnt/c/Users/Admin/Desktop/ud_data/Dataslush_umang/airflow/airflow_venv/lib/python3.12/site-packages/airflow/example_dags/example_skip_dag.py for tasks to queue
[2025-01-28T10:54:43.221+0000] {logging_mixin.py:190} INFO - [2025-01-28T10:54:43.219+0000] {dagbag.py:588} INFO - Filling up the DagBag from /mnt/c/Users/Admin/Desktop/ud_data/Dataslush_umang/airflow/airflow_venv/lib/python3.12/site-packages/airflow/example_dags/example_skip_dag.py
[2025-01-28T10:54:43.335+0000] {processor.py:925} INFO - DAG(s) 'example_skip_dag' retrieved from /mnt/c/Users/Admin/Desktop/ud_data/Dataslush_umang/airflow/airflow_venv/lib/python3.12/site-packages/airflow/example_dags/example_skip_dag.py
[2025-01-28T10:54:43.369+0000] {logging_mixin.py:190} INFO - [2025-01-28T10:54:43.367+0000] {dag.py:3239} INFO - Sync 1 DAGs
[2025-01-28T10:54:43.411+0000] {logging_mixin.py:190} INFO - [2025-01-28T10:54:43.409+0000] {dag.py:4180} INFO - Setting next_dagrun for example_skip_dag to 2025-01-27 00:00:00+00:00, run_after=2025-01-28 00:00:00+00:00
[2025-01-28T10:54:43.702+0000] {processor.py:208} INFO - Processing /mnt/c/Users/Admin/Desktop/ud_data/Dataslush_umang/airflow/airflow_venv/lib/python3.12/site-packages/airflow/example_dags/example_skip_dag.py took 0.653 seconds
[2025-01-28T10:56:10.787+0000] {processor.py:186} INFO - Started process (PID=19007) to work on /mnt/c/Users/Admin/Desktop/ud_data/Dataslush_umang/airflow/airflow_venv/lib/python3.12/site-packages/airflow/example_dags/example_skip_dag.py
[2025-01-28T10:56:10.791+0000] {processor.py:914} INFO - Processing file /mnt/c/Users/Admin/Desktop/ud_data/Dataslush_umang/airflow/airflow_venv/lib/python3.12/site-packages/airflow/example_dags/example_skip_dag.py for tasks to queue
[2025-01-28T10:56:10.798+0000] {logging_mixin.py:190} INFO - [2025-01-28T10:56:10.796+0000] {dagbag.py:588} INFO - Filling up the DagBag from /mnt/c/Users/Admin/Desktop/ud_data/Dataslush_umang/airflow/airflow_venv/lib/python3.12/site-packages/airflow/example_dags/example_skip_dag.py
[2025-01-28T10:56:10.927+0000] {processor.py:925} INFO - DAG(s) 'example_skip_dag' retrieved from /mnt/c/Users/Admin/Desktop/ud_data/Dataslush_umang/airflow/airflow_venv/lib/python3.12/site-packages/airflow/example_dags/example_skip_dag.py
[2025-01-28T10:56:10.961+0000] {logging_mixin.py:190} INFO - [2025-01-28T10:56:10.959+0000] {dag.py:3239} INFO - Sync 1 DAGs
[2025-01-28T10:56:11.000+0000] {logging_mixin.py:190} INFO - [2025-01-28T10:56:10.999+0000] {dag.py:4180} INFO - Setting next_dagrun for example_skip_dag to 2025-01-27 00:00:00+00:00, run_after=2025-01-28 00:00:00+00:00
[2025-01-28T10:56:11.054+0000] {processor.py:208} INFO - Processing /mnt/c/Users/Admin/Desktop/ud_data/Dataslush_umang/airflow/airflow_venv/lib/python3.12/site-packages/airflow/example_dags/example_skip_dag.py took 0.296 seconds
[2025-01-28T10:57:10.538+0000] {processor.py:186} INFO - Started process (PID=19131) to work on /mnt/c/Users/Admin/Desktop/ud_data/Dataslush_umang/airflow/airflow_venv/lib/python3.12/site-packages/airflow/example_dags/example_skip_dag.py
[2025-01-28T10:57:10.541+0000] {processor.py:914} INFO - Processing file /mnt/c/Users/Admin/Desktop/ud_data/Dataslush_umang/airflow/airflow_venv/lib/python3.12/site-packages/airflow/example_dags/example_skip_dag.py for tasks to queue
[2025-01-28T10:57:10.547+0000] {logging_mixin.py:190} INFO - [2025-01-28T10:57:10.545+0000] {dagbag.py:588} INFO - Filling up the DagBag from /mnt/c/Users/Admin/Desktop/ud_data/Dataslush_umang/airflow/airflow_venv/lib/python3.12/site-packages/airflow/example_dags/example_skip_dag.py
[2025-01-28T10:57:10.658+0000] {processor.py:925} INFO - DAG(s) 'example_skip_dag' retrieved from /mnt/c/Users/Admin/Desktop/ud_data/Dataslush_umang/airflow/airflow_venv/lib/python3.12/site-packages/airflow/example_dags/example_skip_dag.py
[2025-01-28T10:57:10.691+0000] {logging_mixin.py:190} INFO - [2025-01-28T10:57:10.690+0000] {dag.py:3239} INFO - Sync 1 DAGs
[2025-01-28T10:57:10.730+0000] {logging_mixin.py:190} INFO - [2025-01-28T10:57:10.729+0000] {dag.py:4180} INFO - Setting next_dagrun for example_skip_dag to 2025-01-27 00:00:00+00:00, run_after=2025-01-28 00:00:00+00:00
[2025-01-28T10:57:10.855+0000] {processor.py:208} INFO - Processing /mnt/c/Users/Admin/Desktop/ud_data/Dataslush_umang/airflow/airflow_venv/lib/python3.12/site-packages/airflow/example_dags/example_skip_dag.py took 0.346 seconds
[2025-01-28T10:58:32.615+0000] {processor.py:186} INFO - Started process (PID=19275) to work on /mnt/c/Users/Admin/Desktop/ud_data/Dataslush_umang/airflow/airflow_venv/lib/python3.12/site-packages/airflow/example_dags/example_skip_dag.py
[2025-01-28T10:58:32.618+0000] {processor.py:914} INFO - Processing file /mnt/c/Users/Admin/Desktop/ud_data/Dataslush_umang/airflow/airflow_venv/lib/python3.12/site-packages/airflow/example_dags/example_skip_dag.py for tasks to queue
[2025-01-28T10:58:32.625+0000] {logging_mixin.py:190} INFO - [2025-01-28T10:58:32.623+0000] {dagbag.py:588} INFO - Filling up the DagBag from /mnt/c/Users/Admin/Desktop/ud_data/Dataslush_umang/airflow/airflow_venv/lib/python3.12/site-packages/airflow/example_dags/example_skip_dag.py
[2025-01-28T10:58:32.745+0000] {processor.py:925} INFO - DAG(s) 'example_skip_dag' retrieved from /mnt/c/Users/Admin/Desktop/ud_data/Dataslush_umang/airflow/airflow_venv/lib/python3.12/site-packages/airflow/example_dags/example_skip_dag.py
[2025-01-28T10:59:02.863+0000] {logging_mixin.py:190} INFO - [2025-01-28T10:59:02.861+0000] {dag.py:3239} INFO - Sync 1 DAGs
[2025-01-28T10:59:02.903+0000] {logging_mixin.py:190} INFO - [2025-01-28T10:59:02.901+0000] {dag.py:4180} INFO - Setting next_dagrun for example_skip_dag to 2025-01-27 00:00:00+00:00, run_after=2025-01-28 00:00:00+00:00
[2025-01-28T10:59:02.947+0000] {processor.py:208} INFO - Processing /mnt/c/Users/Admin/Desktop/ud_data/Dataslush_umang/airflow/airflow_venv/lib/python3.12/site-packages/airflow/example_dags/example_skip_dag.py took 0.279 seconds
[2025-01-28T11:00:38.128+0000] {processor.py:186} INFO - Started process (PID=19466) to work on /mnt/c/Users/Admin/Desktop/ud_data/Dataslush_umang/airflow/airflow_venv/lib/python3.12/site-packages/airflow/example_dags/example_skip_dag.py
[2025-01-28T11:00:38.131+0000] {processor.py:914} INFO - Processing file /mnt/c/Users/Admin/Desktop/ud_data/Dataslush_umang/airflow/airflow_venv/lib/python3.12/site-packages/airflow/example_dags/example_skip_dag.py for tasks to queue
[2025-01-28T11:00:38.136+0000] {logging_mixin.py:190} INFO - [2025-01-28T11:00:38.134+0000] {dagbag.py:588} INFO - Filling up the DagBag from /mnt/c/Users/Admin/Desktop/ud_data/Dataslush_umang/airflow/airflow_venv/lib/python3.12/site-packages/airflow/example_dags/example_skip_dag.py
[2025-01-28T11:00:38.240+0000] {processor.py:925} INFO - DAG(s) 'example_skip_dag' retrieved from /mnt/c/Users/Admin/Desktop/ud_data/Dataslush_umang/airflow/airflow_venv/lib/python3.12/site-packages/airflow/example_dags/example_skip_dag.py
[2025-01-28T11:00:38.277+0000] {logging_mixin.py:190} INFO - [2025-01-28T11:00:38.275+0000] {dag.py:3239} INFO - Sync 1 DAGs
[2025-01-28T11:00:38.313+0000] {logging_mixin.py:190} INFO - [2025-01-28T11:00:38.311+0000] {dag.py:4180} INFO - Setting next_dagrun for example_skip_dag to 2025-01-27 00:00:00+00:00, run_after=2025-01-28 00:00:00+00:00
[2025-01-28T11:00:08.281+0000] {processor.py:208} INFO - Processing /mnt/c/Users/Admin/Desktop/ud_data/Dataslush_umang/airflow/airflow_venv/lib/python3.12/site-packages/airflow/example_dags/example_skip_dag.py took 0.259 seconds
[2025-01-28T11:01:07.283+0000] {processor.py:186} INFO - Started process (PID=19559) to work on /mnt/c/Users/Admin/Desktop/ud_data/Dataslush_umang/airflow/airflow_venv/lib/python3.12/site-packages/airflow/example_dags/example_skip_dag.py
[2025-01-28T11:01:07.286+0000] {processor.py:914} INFO - Processing file /mnt/c/Users/Admin/Desktop/ud_data/Dataslush_umang/airflow/airflow_venv/lib/python3.12/site-packages/airflow/example_dags/example_skip_dag.py for tasks to queue
[2025-01-28T11:01:07.292+0000] {logging_mixin.py:190} INFO - [2025-01-28T11:01:07.290+0000] {dagbag.py:588} INFO - Filling up the DagBag from /mnt/c/Users/Admin/Desktop/ud_data/Dataslush_umang/airflow/airflow_venv/lib/python3.12/site-packages/airflow/example_dags/example_skip_dag.py
[2025-01-28T11:01:07.442+0000] {processor.py:925} INFO - DAG(s) 'example_skip_dag' retrieved from /mnt/c/Users/Admin/Desktop/ud_data/Dataslush_umang/airflow/airflow_venv/lib/python3.12/site-packages/airflow/example_dags/example_skip_dag.py
[2025-01-28T11:01:07.483+0000] {logging_mixin.py:190} INFO - [2025-01-28T11:01:07.481+0000] {dag.py:3239} INFO - Sync 1 DAGs
[2025-01-28T11:01:07.535+0000] {logging_mixin.py:190} INFO - [2025-01-28T11:01:07.531+0000] {dag.py:4180} INFO - Setting next_dagrun for example_skip_dag to 2025-01-27 00:00:00+00:00, run_after=2025-01-28 00:00:00+00:00
[2025-01-28T11:01:07.594+0000] {processor.py:208} INFO - Processing /mnt/c/Users/Admin/Desktop/ud_data/Dataslush_umang/airflow/airflow_venv/lib/python3.12/site-packages/airflow/example_dags/example_skip_dag.py took 0.343 seconds
[2025-01-28T11:02:24.535+0000] {processor.py:186} INFO - Started process (PID=19629) to work on /mnt/c/Users/Admin/Desktop/ud_data/Dataslush_umang/airflow/airflow_venv/lib/python3.12/site-packages/airflow/example_dags/example_skip_dag.py
[2025-01-28T11:02:24.743+0000] {processor.py:914} INFO - Processing file /mnt/c/Users/Admin/Desktop/ud_data/Dataslush_umang/airflow/airflow_venv/lib/python3.12/site-packages/airflow/example_dags/example_skip_dag.py for tasks to queue
[2025-01-28T11:02:24.749+0000] {logging_mixin.py:190} INFO - [2025-01-28T11:02:24.748+0000] {dagbag.py:588} INFO - Filling up the DagBag from /mnt/c/Users/Admin/Desktop/ud_data/Dataslush_umang/airflow/airflow_venv/lib/python3.12/site-packages/airflow/example_dags/example_skip_dag.py
[2025-01-28T11:02:24.836+0000] {processor.py:925} INFO - DAG(s) 'example_skip_dag' retrieved from /mnt/c/Users/Admin/Desktop/ud_data/Dataslush_umang/airflow/airflow_venv/lib/python3.12/site-packages/airflow/example_dags/example_skip_dag.py
[2025-01-28T11:02:24.865+0000] {logging_mixin.py:190} INFO - [2025-01-28T11:02:24.863+0000] {dag.py:3239} INFO - Sync 1 DAGs
[2025-01-28T11:02:24.918+0000] {logging_mixin.py:190} INFO - [2025-01-28T11:02:24.917+0000] {dag.py:4180} INFO - Setting next_dagrun for example_skip_dag to 2025-01-27 00:00:00+00:00, run_after=2025-01-28 00:00:00+00:00
[2025-01-28T11:02:27.310+0000] {processor.py:208} INFO - Processing /mnt/c/Users/Admin/Desktop/ud_data/Dataslush_umang/airflow/airflow_venv/lib/python3.12/site-packages/airflow/example_dags/example_skip_dag.py took 2.797 seconds
[2025-01-28T11:03:56.793+0000] {processor.py:186} INFO - Started process (PID=19849) to work on /mnt/c/Users/Admin/Desktop/ud_data/Dataslush_umang/airflow/airflow_venv/lib/python3.12/site-packages/airflow/example_dags/example_skip_dag.py
[2025-01-28T11:03:56.889+0000] {processor.py:914} INFO - Processing file /mnt/c/Users/Admin/Desktop/ud_data/Dataslush_umang/airflow/airflow_venv/lib/python3.12/site-packages/airflow/example_dags/example_skip_dag.py for tasks to queue
[2025-01-28T11:03:56.894+0000] {logging_mixin.py:190} INFO - [2025-01-28T11:03:56.892+0000] {dagbag.py:588} INFO - Filling up the DagBag from /mnt/c/Users/Admin/Desktop/ud_data/Dataslush_umang/airflow/airflow_venv/lib/python3.12/site-packages/airflow/example_dags/example_skip_dag.py
[2025-01-28T11:03:57.023+0000] {processor.py:925} INFO - DAG(s) 'example_skip_dag' retrieved from /mnt/c/Users/Admin/Desktop/ud_data/Dataslush_umang/airflow/airflow_venv/lib/python3.12/site-packages/airflow/example_dags/example_skip_dag.py
[2025-01-28T11:03:57.059+0000] {logging_mixin.py:190} INFO - [2025-01-28T11:03:57.057+0000] {dag.py:3239} INFO - Sync 1 DAGs
[2025-01-28T11:03:57.125+0000] {logging_mixin.py:190} INFO - [2025-01-28T11:03:57.123+0000] {dag.py:4180} INFO - Setting next_dagrun for example_skip_dag to 2025-01-27 00:00:00+00:00, run_after=2025-01-28 00:00:00+00:00
[2025-01-28T11:03:57.194+0000] {processor.py:208} INFO - Processing /mnt/c/Users/Admin/Desktop/ud_data/Dataslush_umang/airflow/airflow_venv/lib/python3.12/site-packages/airflow/example_dags/example_skip_dag.py took 0.437 seconds
[2025-01-28T11:05:31.212+0000] {processor.py:186} INFO - Started process (PID=19981) to work on /mnt/c/Users/Admin/Desktop/ud_data/Dataslush_umang/airflow/airflow_venv/lib/python3.12/site-packages/airflow/example_dags/example_skip_dag.py
[2025-01-28T11:05:31.215+0000] {processor.py:914} INFO - Processing file /mnt/c/Users/Admin/Desktop/ud_data/Dataslush_umang/airflow/airflow_venv/lib/python3.12/site-packages/airflow/example_dags/example_skip_dag.py for tasks to queue
[2025-01-28T11:05:31.221+0000] {logging_mixin.py:190} INFO - [2025-01-28T11:05:31.219+0000] {dagbag.py:588} INFO - Filling up the DagBag from /mnt/c/Users/Admin/Desktop/ud_data/Dataslush_umang/airflow/airflow_venv/lib/python3.12/site-packages/airflow/example_dags/example_skip_dag.py
[2025-01-28T11:05:31.346+0000] {processor.py:925} INFO - DAG(s) 'example_skip_dag' retrieved from /mnt/c/Users/Admin/Desktop/ud_data/Dataslush_umang/airflow/airflow_venv/lib/python3.12/site-packages/airflow/example_dags/example_skip_dag.py
[2025-01-28T11:05:31.377+0000] {logging_mixin.py:190} INFO - [2025-01-28T11:05:31.375+0000] {dag.py:3239} INFO - Sync 1 DAGs
[2025-01-28T11:05:31.415+0000] {logging_mixin.py:190} INFO - [2025-01-28T11:05:31.414+0000] {dag.py:4180} INFO - Setting next_dagrun for example_skip_dag to 2025-01-27 00:00:00+00:00, run_after=2025-01-28 00:00:00+00:00
[2025-01-28T11:05:31.464+0000] {processor.py:208} INFO - Processing /mnt/c/Users/Admin/Desktop/ud_data/Dataslush_umang/airflow/airflow_venv/lib/python3.12/site-packages/airflow/example_dags/example_skip_dag.py took 0.278 seconds
[2025-01-28T11:06:38.157+0000] {processor.py:186} INFO - Started process (PID=20037) to work on /mnt/c/Users/Admin/Desktop/ud_data/Dataslush_umang/airflow/airflow_venv/lib/python3.12/site-packages/airflow/example_dags/example_skip_dag.py
[2025-01-28T11:06:38.160+0000] {processor.py:914} INFO - Processing file /mnt/c/Users/Admin/Desktop/ud_data/Dataslush_umang/airflow/airflow_venv/lib/python3.12/site-packages/airflow/example_dags/example_skip_dag.py for tasks to queue
[2025-01-28T11:06:38.164+0000] {logging_mixin.py:190} INFO - [2025-01-28T11:06:38.163+0000] {dagbag.py:588} INFO - Filling up the DagBag from /mnt/c/Users/Admin/Desktop/ud_data/Dataslush_umang/airflow/airflow_venv/lib/python3.12/site-packages/airflow/example_dags/example_skip_dag.py
[2025-01-28T11:06:38.274+0000] {processor.py:925} INFO - DAG(s) 'example_skip_dag' retrieved from /mnt/c/Users/Admin/Desktop/ud_data/Dataslush_umang/airflow/airflow_venv/lib/python3.12/site-packages/airflow/example_dags/example_skip_dag.py
[2025-01-28T11:06:38.307+0000] {logging_mixin.py:190} INFO - [2025-01-28T11:06:38.305+0000] {dag.py:3239} INFO - Sync 1 DAGs
[2025-01-28T11:06:38.352+0000] {logging_mixin.py:190} INFO - [2025-01-28T11:06:38.351+0000] {dag.py:4180} INFO - Setting next_dagrun for example_skip_dag to 2025-01-27 00:00:00+00:00, run_after=2025-01-28 00:00:00+00:00
[2025-01-28T11:06:38.398+0000] {processor.py:208} INFO - Processing /mnt/c/Users/Admin/Desktop/ud_data/Dataslush_umang/airflow/airflow_venv/lib/python3.12/site-packages/airflow/example_dags/example_skip_dag.py took 0.270 seconds
[2025-01-28T11:07:43.262+0000] {processor.py:186} INFO - Started process (PID=20141) to work on /mnt/c/Users/Admin/Desktop/ud_data/Dataslush_umang/airflow/airflow_venv/lib/python3.12/site-packages/airflow/example_dags/example_skip_dag.py
[2025-01-28T11:07:43.265+0000] {processor.py:914} INFO - Processing file /mnt/c/Users/Admin/Desktop/ud_data/Dataslush_umang/airflow/airflow_venv/lib/python3.12/site-packages/airflow/example_dags/example_skip_dag.py for tasks to queue
[2025-01-28T11:07:43.272+0000] {logging_mixin.py:190} INFO - [2025-01-28T11:07:43.270+0000] {dagbag.py:588} INFO - Filling up the DagBag from /mnt/c/Users/Admin/Desktop/ud_data/Dataslush_umang/airflow/airflow_venv/lib/python3.12/site-packages/airflow/example_dags/example_skip_dag.py
[2025-01-28T11:07:43.383+0000] {processor.py:925} INFO - DAG(s) 'example_skip_dag' retrieved from /mnt/c/Users/Admin/Desktop/ud_data/Dataslush_umang/airflow/airflow_venv/lib/python3.12/site-packages/airflow/example_dags/example_skip_dag.py
[2025-01-28T11:07:43.423+0000] {logging_mixin.py:190} INFO - [2025-01-28T11:07:43.422+0000] {dag.py:3239} INFO - Sync 1 DAGs
[2025-01-28T11:07:43.469+0000] {logging_mixin.py:190} INFO - [2025-01-28T11:07:43.467+0000] {dag.py:4180} INFO - Setting next_dagrun for example_skip_dag to 2025-01-27 00:00:00+00:00, run_after=2025-01-28 00:00:00+00:00
[2025-01-28T11:07:43.525+0000] {processor.py:208} INFO - Processing /mnt/c/Users/Admin/Desktop/ud_data/Dataslush_umang/airflow/airflow_venv/lib/python3.12/site-packages/airflow/example_dags/example_skip_dag.py took 0.287 seconds
[2025-01-28T11:09:16.199+0000] {processor.py:186} INFO - Started process (PID=20285) to work on /mnt/c/Users/Admin/Desktop/ud_data/Dataslush_umang/airflow/airflow_venv/lib/python3.12/site-packages/airflow/example_dags/example_skip_dag.py
[2025-01-28T11:09:16.208+0000] {processor.py:914} INFO - Processing file /mnt/c/Users/Admin/Desktop/ud_data/Dataslush_umang/airflow/airflow_venv/lib/python3.12/site-packages/airflow/example_dags/example_skip_dag.py for tasks to queue
[2025-01-28T11:09:16.214+0000] {logging_mixin.py:190} INFO - [2025-01-28T11:09:16.212+0000] {dagbag.py:588} INFO - Filling up the DagBag from /mnt/c/Users/Admin/Desktop/ud_data/Dataslush_umang/airflow/airflow_venv/lib/python3.12/site-packages/airflow/example_dags/example_skip_dag.py
[2025-01-28T11:09:16.403+0000] {processor.py:925} INFO - DAG(s) 'example_skip_dag' retrieved from /mnt/c/Users/Admin/Desktop/ud_data/Dataslush_umang/airflow/airflow_venv/lib/python3.12/site-packages/airflow/example_dags/example_skip_dag.py
[2025-01-28T11:09:16.448+0000] {logging_mixin.py:190} INFO - [2025-01-28T11:09:16.445+0000] {dag.py:3239} INFO - Sync 1 DAGs
[2025-01-28T11:09:16.485+0000] {logging_mixin.py:190} INFO - [2025-01-28T11:09:16.484+0000] {dag.py:4180} INFO - Setting next_dagrun for example_skip_dag to 2025-01-27 00:00:00+00:00, run_after=2025-01-28 00:00:00+00:00
[2025-01-28T11:09:16.574+0000] {processor.py:208} INFO - Processing /mnt/c/Users/Admin/Desktop/ud_data/Dataslush_umang/airflow/airflow_venv/lib/python3.12/site-packages/airflow/example_dags/example_skip_dag.py took 0.401 seconds
[2025-01-28T11:10:18.771+0000] {processor.py:186} INFO - Started process (PID=20429) to work on /mnt/c/Users/Admin/Desktop/ud_data/Dataslush_umang/airflow/airflow_venv/lib/python3.12/site-packages/airflow/example_dags/example_skip_dag.py
[2025-01-28T11:10:18.837+0000] {processor.py:914} INFO - Processing file /mnt/c/Users/Admin/Desktop/ud_data/Dataslush_umang/airflow/airflow_venv/lib/python3.12/site-packages/airflow/example_dags/example_skip_dag.py for tasks to queue
[2025-01-28T11:10:18.843+0000] {logging_mixin.py:190} INFO - [2025-01-28T11:10:18.841+0000] {dagbag.py:588} INFO - Filling up the DagBag from /mnt/c/Users/Admin/Desktop/ud_data/Dataslush_umang/airflow/airflow_venv/lib/python3.12/site-packages/airflow/example_dags/example_skip_dag.py
[2025-01-28T11:10:18.947+0000] {processor.py:925} INFO - DAG(s) 'example_skip_dag' retrieved from /mnt/c/Users/Admin/Desktop/ud_data/Dataslush_umang/airflow/airflow_venv/lib/python3.12/site-packages/airflow/example_dags/example_skip_dag.py
[2025-01-28T11:10:49.075+0000] {logging_mixin.py:190} INFO - [2025-01-28T11:10:18.978+0000] {dag.py:3239} INFO - Sync 1 DAGs
[2025-01-28T11:10:49.115+0000] {logging_mixin.py:190} INFO - [2025-01-28T11:10:49.113+0000] {dag.py:4180} INFO - Setting next_dagrun for example_skip_dag to 2025-01-27 00:00:00+00:00, run_after=2025-01-28 00:00:00+00:00
[2025-01-28T11:10:49.171+0000] {processor.py:208} INFO - Processing /mnt/c/Users/Admin/Desktop/ud_data/Dataslush_umang/airflow/airflow_venv/lib/python3.12/site-packages/airflow/example_dags/example_skip_dag.py took 0.330 seconds
[2025-01-28T11:12:15.727+0000] {processor.py:186} INFO - Started process (PID=20587) to work on /mnt/c/Users/Admin/Desktop/ud_data/Dataslush_umang/airflow/airflow_venv/lib/python3.12/site-packages/airflow/example_dags/example_skip_dag.py
[2025-01-28T11:12:15.736+0000] {processor.py:914} INFO - Processing file /mnt/c/Users/Admin/Desktop/ud_data/Dataslush_umang/airflow/airflow_venv/lib/python3.12/site-packages/airflow/example_dags/example_skip_dag.py for tasks to queue
[2025-01-28T11:12:15.741+0000] {logging_mixin.py:190} INFO - [2025-01-28T11:12:15.739+0000] {dagbag.py:588} INFO - Filling up the DagBag from /mnt/c/Users/Admin/Desktop/ud_data/Dataslush_umang/airflow/airflow_venv/lib/python3.12/site-packages/airflow/example_dags/example_skip_dag.py
[2025-01-28T11:12:15.842+0000] {processor.py:925} INFO - DAG(s) 'example_skip_dag' retrieved from /mnt/c/Users/Admin/Desktop/ud_data/Dataslush_umang/airflow/airflow_venv/lib/python3.12/site-packages/airflow/example_dags/example_skip_dag.py
[2025-01-28T11:12:15.884+0000] {logging_mixin.py:190} INFO - [2025-01-28T11:12:15.883+0000] {dag.py:3239} INFO - Sync 1 DAGs
[2025-01-28T11:12:15.932+0000] {logging_mixin.py:190} INFO - [2025-01-28T11:12:15.931+0000] {dag.py:4180} INFO - Setting next_dagrun for example_skip_dag to 2025-01-27 00:00:00+00:00, run_after=2025-01-28 00:00:00+00:00
[2025-01-28T11:12:16.069+0000] {processor.py:208} INFO - Processing /mnt/c/Users/Admin/Desktop/ud_data/Dataslush_umang/airflow/airflow_venv/lib/python3.12/site-packages/airflow/example_dags/example_skip_dag.py took 0.365 seconds
[2025-01-28T11:13:17.082+0000] {processor.py:186} INFO - Started process (PID=20657) to work on /mnt/c/Users/Admin/Desktop/ud_data/Dataslush_umang/airflow/airflow_venv/lib/python3.12/site-packages/airflow/example_dags/example_skip_dag.py
[2025-01-28T11:13:17.086+0000] {processor.py:914} INFO - Processing file /mnt/c/Users/Admin/Desktop/ud_data/Dataslush_umang/airflow/airflow_venv/lib/python3.12/site-packages/airflow/example_dags/example_skip_dag.py for tasks to queue
[2025-01-28T11:13:17.091+0000] {logging_mixin.py:190} INFO - [2025-01-28T11:13:17.089+0000] {dagbag.py:588} INFO - Filling up the DagBag from /mnt/c/Users/Admin/Desktop/ud_data/Dataslush_umang/airflow/airflow_venv/lib/python3.12/site-packages/airflow/example_dags/example_skip_dag.py
[2025-01-28T11:13:17.214+0000] {processor.py:925} INFO - DAG(s) 'example_skip_dag' retrieved from /mnt/c/Users/Admin/Desktop/ud_data/Dataslush_umang/airflow/airflow_venv/lib/python3.12/site-packages/airflow/example_dags/example_skip_dag.py
[2025-01-28T11:13:17.253+0000] {logging_mixin.py:190} INFO - [2025-01-28T11:13:17.251+0000] {dag.py:3239} INFO - Sync 1 DAGs
[2025-01-28T11:13:17.296+0000] {logging_mixin.py:190} INFO - [2025-01-28T11:13:17.294+0000] {dag.py:4180} INFO - Setting next_dagrun for example_skip_dag to 2025-01-27 00:00:00+00:00, run_after=2025-01-28 00:00:00+00:00
[2025-01-28T11:13:17.339+0000] {processor.py:208} INFO - Processing /mnt/c/Users/Admin/Desktop/ud_data/Dataslush_umang/airflow/airflow_venv/lib/python3.12/site-packages/airflow/example_dags/example_skip_dag.py took 0.284 seconds
[2025-01-28T11:14:57.950+0000] {processor.py:186} INFO - Started process (PID=20810) to work on /mnt/c/Users/Admin/Desktop/ud_data/Dataslush_umang/airflow/airflow_venv/lib/python3.12/site-packages/airflow/example_dags/example_skip_dag.py
[2025-01-28T11:14:58.017+0000] {processor.py:914} INFO - Processing file /mnt/c/Users/Admin/Desktop/ud_data/Dataslush_umang/airflow/airflow_venv/lib/python3.12/site-packages/airflow/example_dags/example_skip_dag.py for tasks to queue
[2025-01-28T11:14:58.024+0000] {logging_mixin.py:190} INFO - [2025-01-28T11:14:58.022+0000] {dagbag.py:588} INFO - Filling up the DagBag from /mnt/c/Users/Admin/Desktop/ud_data/Dataslush_umang/airflow/airflow_venv/lib/python3.12/site-packages/airflow/example_dags/example_skip_dag.py
[2025-01-28T11:14:58.149+0000] {processor.py:925} INFO - DAG(s) 'example_skip_dag' retrieved from /mnt/c/Users/Admin/Desktop/ud_data/Dataslush_umang/airflow/airflow_venv/lib/python3.12/site-packages/airflow/example_dags/example_skip_dag.py
[2025-01-28T11:14:58.182+0000] {logging_mixin.py:190} INFO - [2025-01-28T11:14:58.180+0000] {dag.py:3239} INFO - Sync 1 DAGs
[2025-01-28T11:14:58.218+0000] {logging_mixin.py:190} INFO - [2025-01-28T11:14:58.217+0000] {dag.py:4180} INFO - Setting next_dagrun for example_skip_dag to 2025-01-27 00:00:00+00:00, run_after=2025-01-28 00:00:00+00:00
[2025-01-28T11:15:02.162+0000] {processor.py:208} INFO - Processing /mnt/c/Users/Admin/Desktop/ud_data/Dataslush_umang/airflow/airflow_venv/lib/python3.12/site-packages/airflow/example_dags/example_skip_dag.py took 4.255 seconds
