[2025-01-28T10:14:31.909+0000] {processor.py:186} INFO - Started process (PID=14930) to work on /mnt/c/Users/Admin/Desktop/ud_data/Dataslush_umang/airflow/airflow_venv/lib/python3.12/site-packages/airflow/example_dags/example_bash_operator.py
[2025-01-28T10:14:31.911+0000] {processor.py:914} INFO - Processing file /mnt/c/Users/Admin/Desktop/ud_data/Dataslush_umang/airflow/airflow_venv/lib/python3.12/site-packages/airflow/example_dags/example_bash_operator.py for tasks to queue
[2025-01-28T10:14:31.915+0000] {logging_mixin.py:190} INFO - [2025-01-28T10:14:31.914+0000] {dagbag.py:588} INFO - Filling up the DagBag from /mnt/c/Users/Admin/Desktop/ud_data/Dataslush_umang/airflow/airflow_venv/lib/python3.12/site-packages/airflow/example_dags/example_bash_operator.py
[2025-01-28T10:14:31.994+0000] {processor.py:925} INFO - DAG(s) 'example_bash_operator' retrieved from /mnt/c/Users/Admin/Desktop/ud_data/Dataslush_umang/airflow/airflow_venv/lib/python3.12/site-packages/airflow/example_dags/example_bash_operator.py
[2025-01-28T10:14:34.376+0000] {logging_mixin.py:190} INFO - [2025-01-28T10:14:34.373+0000] {override.py:1912} INFO - Created Permission View: can edit on DAG:example_bash_operator
[2025-01-28T10:14:34.903+0000] {logging_mixin.py:190} INFO - [2025-01-28T10:14:34.901+0000] {override.py:1912} INFO - Created Permission View: can read on DAG:example_bash_operator
[2025-01-28T10:14:34.941+0000] {logging_mixin.py:190} INFO - [2025-01-28T10:14:34.939+0000] {override.py:1912} INFO - Created Permission View: can delete on DAG:example_bash_operator
[2025-01-28T10:14:34.992+0000] {logging_mixin.py:190} INFO - [2025-01-28T10:14:34.989+0000] {override.py:1912} INFO - Created Permission View: can create on DAG Run:example_bash_operator
[2025-01-28T10:14:35.018+0000] {logging_mixin.py:190} INFO - [2025-01-28T10:14:35.016+0000] {override.py:1912} INFO - Created Permission View: menu access on DAG Run:example_bash_operator
[2025-01-28T10:14:35.044+0000] {logging_mixin.py:190} INFO - [2025-01-28T10:14:35.042+0000] {override.py:1912} INFO - Created Permission View: can read on DAG Run:example_bash_operator
[2025-01-28T10:14:35.187+0000] {logging_mixin.py:190} INFO - [2025-01-28T10:14:35.185+0000] {override.py:1912} INFO - Created Permission View: can delete on DAG Run:example_bash_operator
[2025-01-28T10:14:35.190+0000] {logging_mixin.py:190} INFO - [2025-01-28T10:14:35.189+0000] {dag.py:3239} INFO - Sync 1 DAGs
[2025-01-28T10:14:35.207+0000] {logging_mixin.py:190} INFO - [2025-01-28T10:14:35.205+0000] {dag.py:3262} INFO - Creating ORM DAG for example_bash_operator
[2025-01-28T10:14:35.221+0000] {logging_mixin.py:190} INFO - [2025-01-28T10:14:35.220+0000] {dag.py:4180} INFO - Setting next_dagrun for example_bash_operator to 2025-01-27 00:00:00+00:00, run_after=2025-01-28 00:00:00+00:00
[2025-01-28T10:14:35.290+0000] {processor.py:208} INFO - Processing /mnt/c/Users/Admin/Desktop/ud_data/Dataslush_umang/airflow/airflow_venv/lib/python3.12/site-packages/airflow/example_dags/example_bash_operator.py took 3.406 seconds
[2025-01-28T10:16:30.430+0000] {processor.py:186} INFO - Started process (PID=15102) to work on /mnt/c/Users/Admin/Desktop/ud_data/Dataslush_umang/airflow/airflow_venv/lib/python3.12/site-packages/airflow/example_dags/example_bash_operator.py
[2025-01-28T10:16:30.433+0000] {processor.py:914} INFO - Processing file /mnt/c/Users/Admin/Desktop/ud_data/Dataslush_umang/airflow/airflow_venv/lib/python3.12/site-packages/airflow/example_dags/example_bash_operator.py for tasks to queue
[2025-01-28T10:16:30.438+0000] {logging_mixin.py:190} INFO - [2025-01-28T10:16:30.436+0000] {dagbag.py:588} INFO - Filling up the DagBag from /mnt/c/Users/Admin/Desktop/ud_data/Dataslush_umang/airflow/airflow_venv/lib/python3.12/site-packages/airflow/example_dags/example_bash_operator.py
[2025-01-28T10:16:30.546+0000] {processor.py:925} INFO - DAG(s) 'example_bash_operator' retrieved from /mnt/c/Users/Admin/Desktop/ud_data/Dataslush_umang/airflow/airflow_venv/lib/python3.12/site-packages/airflow/example_dags/example_bash_operator.py
[2025-01-28T10:16:30.582+0000] {logging_mixin.py:190} INFO - [2025-01-28T10:16:30.580+0000] {dag.py:3239} INFO - Sync 1 DAGs
[2025-01-28T10:16:30.606+0000] {logging_mixin.py:190} INFO - [2025-01-28T10:16:30.604+0000] {dag.py:4180} INFO - Setting next_dagrun for example_bash_operator to 2025-01-27 00:00:00+00:00, run_after=2025-01-28 00:00:00+00:00
[2025-01-28T10:16:30.648+0000] {processor.py:208} INFO - Processing /mnt/c/Users/Admin/Desktop/ud_data/Dataslush_umang/airflow/airflow_venv/lib/python3.12/site-packages/airflow/example_dags/example_bash_operator.py took 0.236 seconds
[2025-01-28T10:19:13.757+0000] {processor.py:186} INFO - Started process (PID=15354) to work on /mnt/c/Users/Admin/Desktop/ud_data/Dataslush_umang/airflow/airflow_venv/lib/python3.12/site-packages/airflow/example_dags/example_bash_operator.py
[2025-01-28T10:19:13.972+0000] {processor.py:914} INFO - Processing file /mnt/c/Users/Admin/Desktop/ud_data/Dataslush_umang/airflow/airflow_venv/lib/python3.12/site-packages/airflow/example_dags/example_bash_operator.py for tasks to queue
[2025-01-28T10:19:13.986+0000] {logging_mixin.py:190} INFO - [2025-01-28T10:19:13.981+0000] {dagbag.py:588} INFO - Filling up the DagBag from /mnt/c/Users/Admin/Desktop/ud_data/Dataslush_umang/airflow/airflow_venv/lib/python3.12/site-packages/airflow/example_dags/example_bash_operator.py
[2025-01-28T10:18:44.192+0000] {processor.py:925} INFO - DAG(s) 'example_bash_operator' retrieved from /mnt/c/Users/Admin/Desktop/ud_data/Dataslush_umang/airflow/airflow_venv/lib/python3.12/site-packages/airflow/example_dags/example_bash_operator.py
[2025-01-28T10:18:44.226+0000] {logging_mixin.py:190} INFO - [2025-01-28T10:18:44.224+0000] {dag.py:3239} INFO - Sync 1 DAGs
[2025-01-28T10:18:44.253+0000] {logging_mixin.py:190} INFO - [2025-01-28T10:18:44.251+0000] {dag.py:4180} INFO - Setting next_dagrun for example_bash_operator to 2025-01-27 00:00:00+00:00, run_after=2025-01-28 00:00:00+00:00
[2025-01-28T10:18:44.320+0000] {processor.py:208} INFO - Processing /mnt/c/Users/Admin/Desktop/ud_data/Dataslush_umang/airflow/airflow_venv/lib/python3.12/site-packages/airflow/example_dags/example_bash_operator.py took 0.672 seconds
[2025-01-28T10:21:28.136+0000] {processor.py:186} INFO - Started process (PID=15588) to work on /mnt/c/Users/Admin/Desktop/ud_data/Dataslush_umang/airflow/airflow_venv/lib/python3.12/site-packages/airflow/example_dags/example_bash_operator.py
[2025-01-28T10:21:28.261+0000] {processor.py:914} INFO - Processing file /mnt/c/Users/Admin/Desktop/ud_data/Dataslush_umang/airflow/airflow_venv/lib/python3.12/site-packages/airflow/example_dags/example_bash_operator.py for tasks to queue
[2025-01-28T10:21:28.284+0000] {logging_mixin.py:190} INFO - [2025-01-28T10:21:28.276+0000] {dagbag.py:588} INFO - Filling up the DagBag from /mnt/c/Users/Admin/Desktop/ud_data/Dataslush_umang/airflow/airflow_venv/lib/python3.12/site-packages/airflow/example_dags/example_bash_operator.py
[2025-01-28T10:21:28.557+0000] {processor.py:925} INFO - DAG(s) 'example_bash_operator' retrieved from /mnt/c/Users/Admin/Desktop/ud_data/Dataslush_umang/airflow/airflow_venv/lib/python3.12/site-packages/airflow/example_dags/example_bash_operator.py
[2025-01-28T10:21:28.606+0000] {logging_mixin.py:190} INFO - [2025-01-28T10:21:28.605+0000] {dag.py:3239} INFO - Sync 1 DAGs
[2025-01-28T10:21:28.639+0000] {logging_mixin.py:190} INFO - [2025-01-28T10:21:28.637+0000] {dag.py:4180} INFO - Setting next_dagrun for example_bash_operator to 2025-01-27 00:00:00+00:00, run_after=2025-01-28 00:00:00+00:00
[2025-01-28T10:21:29.524+0000] {processor.py:208} INFO - Processing /mnt/c/Users/Admin/Desktop/ud_data/Dataslush_umang/airflow/airflow_venv/lib/python3.12/site-packages/airflow/example_dags/example_bash_operator.py took 1.476 seconds
[2025-01-28T10:23:11.189+0000] {processor.py:186} INFO - Started process (PID=15765) to work on /mnt/c/Users/Admin/Desktop/ud_data/Dataslush_umang/airflow/airflow_venv/lib/python3.12/site-packages/airflow/example_dags/example_bash_operator.py
[2025-01-28T10:23:11.192+0000] {processor.py:914} INFO - Processing file /mnt/c/Users/Admin/Desktop/ud_data/Dataslush_umang/airflow/airflow_venv/lib/python3.12/site-packages/airflow/example_dags/example_bash_operator.py for tasks to queue
[2025-01-28T10:23:11.196+0000] {logging_mixin.py:190} INFO - [2025-01-28T10:23:11.195+0000] {dagbag.py:588} INFO - Filling up the DagBag from /mnt/c/Users/Admin/Desktop/ud_data/Dataslush_umang/airflow/airflow_venv/lib/python3.12/site-packages/airflow/example_dags/example_bash_operator.py
[2025-01-28T10:23:11.319+0000] {processor.py:925} INFO - DAG(s) 'example_bash_operator' retrieved from /mnt/c/Users/Admin/Desktop/ud_data/Dataslush_umang/airflow/airflow_venv/lib/python3.12/site-packages/airflow/example_dags/example_bash_operator.py
[2025-01-28T10:23:11.354+0000] {logging_mixin.py:190} INFO - [2025-01-28T10:23:11.353+0000] {dag.py:3239} INFO - Sync 1 DAGs
[2025-01-28T10:23:11.489+0000] {logging_mixin.py:190} INFO - [2025-01-28T10:23:11.488+0000] {dag.py:4180} INFO - Setting next_dagrun for example_bash_operator to 2025-01-27 00:00:00+00:00, run_after=2025-01-28 00:00:00+00:00
[2025-01-28T10:23:11.527+0000] {processor.py:208} INFO - Processing /mnt/c/Users/Admin/Desktop/ud_data/Dataslush_umang/airflow/airflow_venv/lib/python3.12/site-packages/airflow/example_dags/example_bash_operator.py took 0.360 seconds
[2025-01-28T10:24:53.061+0000] {processor.py:186} INFO - Started process (PID=15958) to work on /mnt/c/Users/Admin/Desktop/ud_data/Dataslush_umang/airflow/airflow_venv/lib/python3.12/site-packages/airflow/example_dags/example_bash_operator.py
[2025-01-28T10:24:53.065+0000] {processor.py:914} INFO - Processing file /mnt/c/Users/Admin/Desktop/ud_data/Dataslush_umang/airflow/airflow_venv/lib/python3.12/site-packages/airflow/example_dags/example_bash_operator.py for tasks to queue
[2025-01-28T10:24:53.073+0000] {logging_mixin.py:190} INFO - [2025-01-28T10:24:53.070+0000] {dagbag.py:588} INFO - Filling up the DagBag from /mnt/c/Users/Admin/Desktop/ud_data/Dataslush_umang/airflow/airflow_venv/lib/python3.12/site-packages/airflow/example_dags/example_bash_operator.py
[2025-01-28T10:24:53.236+0000] {processor.py:925} INFO - DAG(s) 'example_bash_operator' retrieved from /mnt/c/Users/Admin/Desktop/ud_data/Dataslush_umang/airflow/airflow_venv/lib/python3.12/site-packages/airflow/example_dags/example_bash_operator.py
[2025-01-28T10:24:53.282+0000] {logging_mixin.py:190} INFO - [2025-01-28T10:24:53.280+0000] {dag.py:3239} INFO - Sync 1 DAGs
[2025-01-28T10:24:53.308+0000] {logging_mixin.py:190} INFO - [2025-01-28T10:24:53.307+0000] {dag.py:4180} INFO - Setting next_dagrun for example_bash_operator to 2025-01-27 00:00:00+00:00, run_after=2025-01-28 00:00:00+00:00
[2025-01-28T10:24:53.483+0000] {processor.py:208} INFO - Processing /mnt/c/Users/Admin/Desktop/ud_data/Dataslush_umang/airflow/airflow_venv/lib/python3.12/site-packages/airflow/example_dags/example_bash_operator.py took 0.454 seconds
[2025-01-28T10:27:31.879+0000] {processor.py:186} INFO - Started process (PID=16256) to work on /mnt/c/Users/Admin/Desktop/ud_data/Dataslush_umang/airflow/airflow_venv/lib/python3.12/site-packages/airflow/example_dags/example_bash_operator.py
[2025-01-28T10:27:31.886+0000] {processor.py:914} INFO - Processing file /mnt/c/Users/Admin/Desktop/ud_data/Dataslush_umang/airflow/airflow_venv/lib/python3.12/site-packages/airflow/example_dags/example_bash_operator.py for tasks to queue
[2025-01-28T10:27:31.894+0000] {logging_mixin.py:190} INFO - [2025-01-28T10:27:31.892+0000] {dagbag.py:588} INFO - Filling up the DagBag from /mnt/c/Users/Admin/Desktop/ud_data/Dataslush_umang/airflow/airflow_venv/lib/python3.12/site-packages/airflow/example_dags/example_bash_operator.py
[2025-01-28T10:27:32.022+0000] {processor.py:925} INFO - DAG(s) 'example_bash_operator' retrieved from /mnt/c/Users/Admin/Desktop/ud_data/Dataslush_umang/airflow/airflow_venv/lib/python3.12/site-packages/airflow/example_dags/example_bash_operator.py
[2025-01-28T10:27:32.063+0000] {logging_mixin.py:190} INFO - [2025-01-28T10:27:32.061+0000] {dag.py:3239} INFO - Sync 1 DAGs
[2025-01-28T10:27:32.109+0000] {logging_mixin.py:190} INFO - [2025-01-28T10:27:32.106+0000] {dag.py:4180} INFO - Setting next_dagrun for example_bash_operator to 2025-01-27 00:00:00+00:00, run_after=2025-01-28 00:00:00+00:00
[2025-01-28T10:27:32.180+0000] {processor.py:208} INFO - Processing /mnt/c/Users/Admin/Desktop/ud_data/Dataslush_umang/airflow/airflow_venv/lib/python3.12/site-packages/airflow/example_dags/example_bash_operator.py took 0.343 seconds
[2025-01-28T10:30:18.985+0000] {processor.py:186} INFO - Started process (PID=16427) to work on /mnt/c/Users/Admin/Desktop/ud_data/Dataslush_umang/airflow/airflow_venv/lib/python3.12/site-packages/airflow/example_dags/example_bash_operator.py
[2025-01-28T10:30:18.992+0000] {processor.py:914} INFO - Processing file /mnt/c/Users/Admin/Desktop/ud_data/Dataslush_umang/airflow/airflow_venv/lib/python3.12/site-packages/airflow/example_dags/example_bash_operator.py for tasks to queue
[2025-01-28T10:30:19.007+0000] {logging_mixin.py:190} INFO - [2025-01-28T10:30:19.003+0000] {dagbag.py:588} INFO - Filling up the DagBag from /mnt/c/Users/Admin/Desktop/ud_data/Dataslush_umang/airflow/airflow_venv/lib/python3.12/site-packages/airflow/example_dags/example_bash_operator.py
[2025-01-28T10:30:19.337+0000] {processor.py:925} INFO - DAG(s) 'example_bash_operator' retrieved from /mnt/c/Users/Admin/Desktop/ud_data/Dataslush_umang/airflow/airflow_venv/lib/python3.12/site-packages/airflow/example_dags/example_bash_operator.py
[2025-01-28T10:30:19.374+0000] {logging_mixin.py:190} INFO - [2025-01-28T10:30:19.372+0000] {dag.py:3239} INFO - Sync 1 DAGs
[2025-01-28T10:30:19.401+0000] {logging_mixin.py:190} INFO - [2025-01-28T10:30:19.400+0000] {dag.py:4180} INFO - Setting next_dagrun for example_bash_operator to 2025-01-27 00:00:00+00:00, run_after=2025-01-28 00:00:00+00:00
[2025-01-28T10:30:19.442+0000] {processor.py:208} INFO - Processing /mnt/c/Users/Admin/Desktop/ud_data/Dataslush_umang/airflow/airflow_venv/lib/python3.12/site-packages/airflow/example_dags/example_bash_operator.py took 0.531 seconds
[2025-01-28T10:32:34.382+0000] {processor.py:186} INFO - Started process (PID=16649) to work on /mnt/c/Users/Admin/Desktop/ud_data/Dataslush_umang/airflow/airflow_venv/lib/python3.12/site-packages/airflow/example_dags/example_bash_operator.py
[2025-01-28T10:32:34.390+0000] {processor.py:914} INFO - Processing file /mnt/c/Users/Admin/Desktop/ud_data/Dataslush_umang/airflow/airflow_venv/lib/python3.12/site-packages/airflow/example_dags/example_bash_operator.py for tasks to queue
[2025-01-28T10:32:34.421+0000] {logging_mixin.py:190} INFO - [2025-01-28T10:32:34.410+0000] {dagbag.py:588} INFO - Filling up the DagBag from /mnt/c/Users/Admin/Desktop/ud_data/Dataslush_umang/airflow/airflow_venv/lib/python3.12/site-packages/airflow/example_dags/example_bash_operator.py
[2025-01-28T10:32:34.611+0000] {processor.py:925} INFO - DAG(s) 'example_bash_operator' retrieved from /mnt/c/Users/Admin/Desktop/ud_data/Dataslush_umang/airflow/airflow_venv/lib/python3.12/site-packages/airflow/example_dags/example_bash_operator.py
[2025-01-28T10:32:34.678+0000] {logging_mixin.py:190} INFO - [2025-01-28T10:32:34.673+0000] {dag.py:3239} INFO - Sync 1 DAGs
[2025-01-28T10:32:34.742+0000] {logging_mixin.py:190} INFO - [2025-01-28T10:32:34.739+0000] {dag.py:4180} INFO - Setting next_dagrun for example_bash_operator to 2025-01-27 00:00:00+00:00, run_after=2025-01-28 00:00:00+00:00
[2025-01-28T10:33:05.295+0000] {processor.py:208} INFO - Processing /mnt/c/Users/Admin/Desktop/ud_data/Dataslush_umang/airflow/airflow_venv/lib/python3.12/site-packages/airflow/example_dags/example_bash_operator.py took 0.890 seconds
[2025-01-28T10:35:10.879+0000] {processor.py:186} INFO - Started process (PID=16893) to work on /mnt/c/Users/Admin/Desktop/ud_data/Dataslush_umang/airflow/airflow_venv/lib/python3.12/site-packages/airflow/example_dags/example_bash_operator.py
[2025-01-28T10:35:10.888+0000] {processor.py:914} INFO - Processing file /mnt/c/Users/Admin/Desktop/ud_data/Dataslush_umang/airflow/airflow_venv/lib/python3.12/site-packages/airflow/example_dags/example_bash_operator.py for tasks to queue
[2025-01-28T10:35:10.905+0000] {logging_mixin.py:190} INFO - [2025-01-28T10:35:10.900+0000] {dagbag.py:588} INFO - Filling up the DagBag from /mnt/c/Users/Admin/Desktop/ud_data/Dataslush_umang/airflow/airflow_venv/lib/python3.12/site-packages/airflow/example_dags/example_bash_operator.py
[2025-01-28T10:35:11.255+0000] {processor.py:925} INFO - DAG(s) 'example_bash_operator' retrieved from /mnt/c/Users/Admin/Desktop/ud_data/Dataslush_umang/airflow/airflow_venv/lib/python3.12/site-packages/airflow/example_dags/example_bash_operator.py
[2025-01-28T10:35:11.325+0000] {logging_mixin.py:190} INFO - [2025-01-28T10:35:11.323+0000] {dag.py:3239} INFO - Sync 1 DAGs
[2025-01-28T10:35:11.366+0000] {logging_mixin.py:190} INFO - [2025-01-28T10:35:11.364+0000] {dag.py:4180} INFO - Setting next_dagrun for example_bash_operator to 2025-01-27 00:00:00+00:00, run_after=2025-01-28 00:00:00+00:00
[2025-01-28T10:35:11.885+0000] {processor.py:208} INFO - Processing /mnt/c/Users/Admin/Desktop/ud_data/Dataslush_umang/airflow/airflow_venv/lib/python3.12/site-packages/airflow/example_dags/example_bash_operator.py took 1.085 seconds
[2025-01-28T10:38:30.659+0000] {processor.py:186} INFO - Started process (PID=17108) to work on /mnt/c/Users/Admin/Desktop/ud_data/Dataslush_umang/airflow/airflow_venv/lib/python3.12/site-packages/airflow/example_dags/example_bash_operator.py
[2025-01-28T10:38:30.765+0000] {processor.py:914} INFO - Processing file /mnt/c/Users/Admin/Desktop/ud_data/Dataslush_umang/airflow/airflow_venv/lib/python3.12/site-packages/airflow/example_dags/example_bash_operator.py for tasks to queue
[2025-01-28T10:38:30.780+0000] {logging_mixin.py:190} INFO - [2025-01-28T10:38:30.775+0000] {dagbag.py:588} INFO - Filling up the DagBag from /mnt/c/Users/Admin/Desktop/ud_data/Dataslush_umang/airflow/airflow_venv/lib/python3.12/site-packages/airflow/example_dags/example_bash_operator.py
[2025-01-28T10:38:00.918+0000] {processor.py:925} INFO - DAG(s) 'example_bash_operator' retrieved from /mnt/c/Users/Admin/Desktop/ud_data/Dataslush_umang/airflow/airflow_venv/lib/python3.12/site-packages/airflow/example_dags/example_bash_operator.py
[2025-01-28T10:38:00.962+0000] {logging_mixin.py:190} INFO - [2025-01-28T10:38:00.959+0000] {dag.py:3239} INFO - Sync 1 DAGs
[2025-01-28T10:38:00.989+0000] {logging_mixin.py:190} INFO - [2025-01-28T10:38:00.987+0000] {dag.py:4180} INFO - Setting next_dagrun for example_bash_operator to 2025-01-27 00:00:00+00:00, run_after=2025-01-28 00:00:00+00:00
[2025-01-28T10:38:03.500+0000] {processor.py:208} INFO - Processing /mnt/c/Users/Admin/Desktop/ud_data/Dataslush_umang/airflow/airflow_venv/lib/python3.12/site-packages/airflow/example_dags/example_bash_operator.py took 2.946 seconds
[2025-01-28T10:39:50.125+0000] {processor.py:186} INFO - Started process (PID=17304) to work on /mnt/c/Users/Admin/Desktop/ud_data/Dataslush_umang/airflow/airflow_venv/lib/python3.12/site-packages/airflow/example_dags/example_bash_operator.py
[2025-01-28T10:39:50.139+0000] {processor.py:914} INFO - Processing file /mnt/c/Users/Admin/Desktop/ud_data/Dataslush_umang/airflow/airflow_venv/lib/python3.12/site-packages/airflow/example_dags/example_bash_operator.py for tasks to queue
[2025-01-28T10:39:50.146+0000] {logging_mixin.py:190} INFO - [2025-01-28T10:39:50.143+0000] {dagbag.py:588} INFO - Filling up the DagBag from /mnt/c/Users/Admin/Desktop/ud_data/Dataslush_umang/airflow/airflow_venv/lib/python3.12/site-packages/airflow/example_dags/example_bash_operator.py
[2025-01-28T10:39:50.454+0000] {processor.py:925} INFO - DAG(s) 'example_bash_operator' retrieved from /mnt/c/Users/Admin/Desktop/ud_data/Dataslush_umang/airflow/airflow_venv/lib/python3.12/site-packages/airflow/example_dags/example_bash_operator.py
[2025-01-28T10:39:50.518+0000] {logging_mixin.py:190} INFO - [2025-01-28T10:39:50.517+0000] {dag.py:3239} INFO - Sync 1 DAGs
[2025-01-28T10:39:50.571+0000] {logging_mixin.py:190} INFO - [2025-01-28T10:39:50.568+0000] {dag.py:4180} INFO - Setting next_dagrun for example_bash_operator to 2025-01-27 00:00:00+00:00, run_after=2025-01-28 00:00:00+00:00
[2025-01-28T10:39:50.655+0000] {processor.py:208} INFO - Processing /mnt/c/Users/Admin/Desktop/ud_data/Dataslush_umang/airflow/airflow_venv/lib/python3.12/site-packages/airflow/example_dags/example_bash_operator.py took 0.571 seconds
[2025-01-28T10:41:37.010+0000] {processor.py:186} INFO - Started process (PID=17451) to work on /mnt/c/Users/Admin/Desktop/ud_data/Dataslush_umang/airflow/airflow_venv/lib/python3.12/site-packages/airflow/example_dags/example_bash_operator.py
[2025-01-28T10:41:37.013+0000] {processor.py:914} INFO - Processing file /mnt/c/Users/Admin/Desktop/ud_data/Dataslush_umang/airflow/airflow_venv/lib/python3.12/site-packages/airflow/example_dags/example_bash_operator.py for tasks to queue
[2025-01-28T10:41:37.020+0000] {logging_mixin.py:190} INFO - [2025-01-28T10:41:37.018+0000] {dagbag.py:588} INFO - Filling up the DagBag from /mnt/c/Users/Admin/Desktop/ud_data/Dataslush_umang/airflow/airflow_venv/lib/python3.12/site-packages/airflow/example_dags/example_bash_operator.py
[2025-01-28T10:41:37.127+0000] {processor.py:925} INFO - DAG(s) 'example_bash_operator' retrieved from /mnt/c/Users/Admin/Desktop/ud_data/Dataslush_umang/airflow/airflow_venv/lib/python3.12/site-packages/airflow/example_dags/example_bash_operator.py
[2025-01-28T10:41:37.163+0000] {logging_mixin.py:190} INFO - [2025-01-28T10:41:37.161+0000] {dag.py:3239} INFO - Sync 1 DAGs
[2025-01-28T10:41:37.191+0000] {logging_mixin.py:190} INFO - [2025-01-28T10:41:37.189+0000] {dag.py:4180} INFO - Setting next_dagrun for example_bash_operator to 2025-01-27 00:00:00+00:00, run_after=2025-01-28 00:00:00+00:00
[2025-01-28T10:41:37.244+0000] {processor.py:208} INFO - Processing /mnt/c/Users/Admin/Desktop/ud_data/Dataslush_umang/airflow/airflow_venv/lib/python3.12/site-packages/airflow/example_dags/example_bash_operator.py took 0.265 seconds
[2025-01-28T10:44:02.153+0000] {processor.py:186} INFO - Started process (PID=17789) to work on /mnt/c/Users/Admin/Desktop/ud_data/Dataslush_umang/airflow/airflow_venv/lib/python3.12/site-packages/airflow/example_dags/example_bash_operator.py
[2025-01-28T10:44:02.184+0000] {processor.py:914} INFO - Processing file /mnt/c/Users/Admin/Desktop/ud_data/Dataslush_umang/airflow/airflow_venv/lib/python3.12/site-packages/airflow/example_dags/example_bash_operator.py for tasks to queue
[2025-01-28T10:44:02.202+0000] {logging_mixin.py:190} INFO - [2025-01-28T10:44:02.196+0000] {dagbag.py:588} INFO - Filling up the DagBag from /mnt/c/Users/Admin/Desktop/ud_data/Dataslush_umang/airflow/airflow_venv/lib/python3.12/site-packages/airflow/example_dags/example_bash_operator.py
[2025-01-28T10:44:02.465+0000] {processor.py:925} INFO - DAG(s) 'example_bash_operator' retrieved from /mnt/c/Users/Admin/Desktop/ud_data/Dataslush_umang/airflow/airflow_venv/lib/python3.12/site-packages/airflow/example_dags/example_bash_operator.py
[2025-01-28T10:44:02.574+0000] {logging_mixin.py:190} INFO - [2025-01-28T10:44:02.569+0000] {dag.py:3239} INFO - Sync 1 DAGs
[2025-01-28T10:44:02.670+0000] {logging_mixin.py:190} INFO - [2025-01-28T10:44:02.668+0000] {dag.py:4180} INFO - Setting next_dagrun for example_bash_operator to 2025-01-27 00:00:00+00:00, run_after=2025-01-28 00:00:00+00:00
[2025-01-28T10:44:02.774+0000] {processor.py:208} INFO - Processing /mnt/c/Users/Admin/Desktop/ud_data/Dataslush_umang/airflow/airflow_venv/lib/python3.12/site-packages/airflow/example_dags/example_bash_operator.py took 0.674 seconds
[2025-01-28T10:47:53.488+0000] {processor.py:186} INFO - Started process (PID=18041) to work on /mnt/c/Users/Admin/Desktop/ud_data/Dataslush_umang/airflow/airflow_venv/lib/python3.12/site-packages/airflow/example_dags/example_bash_operator.py
[2025-01-28T10:47:53.492+0000] {processor.py:914} INFO - Processing file /mnt/c/Users/Admin/Desktop/ud_data/Dataslush_umang/airflow/airflow_venv/lib/python3.12/site-packages/airflow/example_dags/example_bash_operator.py for tasks to queue
[2025-01-28T10:47:53.498+0000] {logging_mixin.py:190} INFO - [2025-01-28T10:47:53.496+0000] {dagbag.py:588} INFO - Filling up the DagBag from /mnt/c/Users/Admin/Desktop/ud_data/Dataslush_umang/airflow/airflow_venv/lib/python3.12/site-packages/airflow/example_dags/example_bash_operator.py
[2025-01-28T10:47:53.635+0000] {processor.py:925} INFO - DAG(s) 'example_bash_operator' retrieved from /mnt/c/Users/Admin/Desktop/ud_data/Dataslush_umang/airflow/airflow_venv/lib/python3.12/site-packages/airflow/example_dags/example_bash_operator.py
[2025-01-28T10:47:53.677+0000] {logging_mixin.py:190} INFO - [2025-01-28T10:47:53.675+0000] {dag.py:3239} INFO - Sync 1 DAGs
[2025-01-28T10:47:53.716+0000] {logging_mixin.py:190} INFO - [2025-01-28T10:47:53.714+0000] {dag.py:4180} INFO - Setting next_dagrun for example_bash_operator to 2025-01-27 00:00:00+00:00, run_after=2025-01-28 00:00:00+00:00
[2025-01-28T10:47:53.760+0000] {processor.py:208} INFO - Processing /mnt/c/Users/Admin/Desktop/ud_data/Dataslush_umang/airflow/airflow_venv/lib/python3.12/site-packages/airflow/example_dags/example_bash_operator.py took 0.303 seconds
[2025-01-28T10:49:19.334+0000] {processor.py:186} INFO - Started process (PID=18238) to work on /mnt/c/Users/Admin/Desktop/ud_data/Dataslush_umang/airflow/airflow_venv/lib/python3.12/site-packages/airflow/example_dags/example_bash_operator.py
[2025-01-28T10:49:19.336+0000] {processor.py:914} INFO - Processing file /mnt/c/Users/Admin/Desktop/ud_data/Dataslush_umang/airflow/airflow_venv/lib/python3.12/site-packages/airflow/example_dags/example_bash_operator.py for tasks to queue
[2025-01-28T10:49:19.342+0000] {logging_mixin.py:190} INFO - [2025-01-28T10:49:19.341+0000] {dagbag.py:588} INFO - Filling up the DagBag from /mnt/c/Users/Admin/Desktop/ud_data/Dataslush_umang/airflow/airflow_venv/lib/python3.12/site-packages/airflow/example_dags/example_bash_operator.py
[2025-01-28T10:49:19.475+0000] {processor.py:925} INFO - DAG(s) 'example_bash_operator' retrieved from /mnt/c/Users/Admin/Desktop/ud_data/Dataslush_umang/airflow/airflow_venv/lib/python3.12/site-packages/airflow/example_dags/example_bash_operator.py
[2025-01-28T10:49:19.536+0000] {logging_mixin.py:190} INFO - [2025-01-28T10:49:19.534+0000] {dag.py:3239} INFO - Sync 1 DAGs
[2025-01-28T10:49:19.570+0000] {logging_mixin.py:190} INFO - [2025-01-28T10:49:19.568+0000] {dag.py:4180} INFO - Setting next_dagrun for example_bash_operator to 2025-01-27 00:00:00+00:00, run_after=2025-01-28 00:00:00+00:00
[2025-01-28T10:49:19.611+0000] {processor.py:208} INFO - Processing /mnt/c/Users/Admin/Desktop/ud_data/Dataslush_umang/airflow/airflow_venv/lib/python3.12/site-packages/airflow/example_dags/example_bash_operator.py took 0.304 seconds
[2025-01-28T10:50:44.655+0000] {processor.py:186} INFO - Started process (PID=18370) to work on /mnt/c/Users/Admin/Desktop/ud_data/Dataslush_umang/airflow/airflow_venv/lib/python3.12/site-packages/airflow/example_dags/example_bash_operator.py
[2025-01-28T10:50:44.658+0000] {processor.py:914} INFO - Processing file /mnt/c/Users/Admin/Desktop/ud_data/Dataslush_umang/airflow/airflow_venv/lib/python3.12/site-packages/airflow/example_dags/example_bash_operator.py for tasks to queue
[2025-01-28T10:50:44.663+0000] {logging_mixin.py:190} INFO - [2025-01-28T10:50:44.661+0000] {dagbag.py:588} INFO - Filling up the DagBag from /mnt/c/Users/Admin/Desktop/ud_data/Dataslush_umang/airflow/airflow_venv/lib/python3.12/site-packages/airflow/example_dags/example_bash_operator.py
[2025-01-28T10:50:44.800+0000] {processor.py:925} INFO - DAG(s) 'example_bash_operator' retrieved from /mnt/c/Users/Admin/Desktop/ud_data/Dataslush_umang/airflow/airflow_venv/lib/python3.12/site-packages/airflow/example_dags/example_bash_operator.py
[2025-01-28T10:50:44.845+0000] {logging_mixin.py:190} INFO - [2025-01-28T10:50:44.843+0000] {dag.py:3239} INFO - Sync 1 DAGs
[2025-01-28T10:50:44.878+0000] {logging_mixin.py:190} INFO - [2025-01-28T10:50:44.876+0000] {dag.py:4180} INFO - Setting next_dagrun for example_bash_operator to 2025-01-27 00:00:00+00:00, run_after=2025-01-28 00:00:00+00:00
[2025-01-28T10:50:45.048+0000] {processor.py:208} INFO - Processing /mnt/c/Users/Admin/Desktop/ud_data/Dataslush_umang/airflow/airflow_venv/lib/python3.12/site-packages/airflow/example_dags/example_bash_operator.py took 0.423 seconds
[2025-01-28T10:52:24.579+0000] {processor.py:186} INFO - Started process (PID=18599) to work on /mnt/c/Users/Admin/Desktop/ud_data/Dataslush_umang/airflow/airflow_venv/lib/python3.12/site-packages/airflow/example_dags/example_bash_operator.py
[2025-01-28T10:52:24.635+0000] {processor.py:914} INFO - Processing file /mnt/c/Users/Admin/Desktop/ud_data/Dataslush_umang/airflow/airflow_venv/lib/python3.12/site-packages/airflow/example_dags/example_bash_operator.py for tasks to queue
[2025-01-28T10:52:24.643+0000] {logging_mixin.py:190} INFO - [2025-01-28T10:52:24.640+0000] {dagbag.py:588} INFO - Filling up the DagBag from /mnt/c/Users/Admin/Desktop/ud_data/Dataslush_umang/airflow/airflow_venv/lib/python3.12/site-packages/airflow/example_dags/example_bash_operator.py
[2025-01-28T10:52:24.791+0000] {processor.py:925} INFO - DAG(s) 'example_bash_operator' retrieved from /mnt/c/Users/Admin/Desktop/ud_data/Dataslush_umang/airflow/airflow_venv/lib/python3.12/site-packages/airflow/example_dags/example_bash_operator.py
[2025-01-28T10:52:24.836+0000] {logging_mixin.py:190} INFO - [2025-01-28T10:52:24.835+0000] {dag.py:3239} INFO - Sync 1 DAGs
[2025-01-28T10:52:24.865+0000] {logging_mixin.py:190} INFO - [2025-01-28T10:52:24.863+0000] {dag.py:4180} INFO - Setting next_dagrun for example_bash_operator to 2025-01-27 00:00:00+00:00, run_after=2025-01-28 00:00:00+00:00
[2025-01-28T10:52:25.029+0000] {processor.py:208} INFO - Processing /mnt/c/Users/Admin/Desktop/ud_data/Dataslush_umang/airflow/airflow_venv/lib/python3.12/site-packages/airflow/example_dags/example_bash_operator.py took 0.476 seconds
[2025-01-28T10:54:13.511+0000] {processor.py:186} INFO - Started process (PID=18765) to work on /mnt/c/Users/Admin/Desktop/ud_data/Dataslush_umang/airflow/airflow_venv/lib/python3.12/site-packages/airflow/example_dags/example_bash_operator.py
[2025-01-28T10:54:13.514+0000] {processor.py:914} INFO - Processing file /mnt/c/Users/Admin/Desktop/ud_data/Dataslush_umang/airflow/airflow_venv/lib/python3.12/site-packages/airflow/example_dags/example_bash_operator.py for tasks to queue
[2025-01-28T10:54:13.519+0000] {logging_mixin.py:190} INFO - [2025-01-28T10:54:13.517+0000] {dagbag.py:588} INFO - Filling up the DagBag from /mnt/c/Users/Admin/Desktop/ud_data/Dataslush_umang/airflow/airflow_venv/lib/python3.12/site-packages/airflow/example_dags/example_bash_operator.py
[2025-01-28T10:54:13.634+0000] {processor.py:925} INFO - DAG(s) 'example_bash_operator' retrieved from /mnt/c/Users/Admin/Desktop/ud_data/Dataslush_umang/airflow/airflow_venv/lib/python3.12/site-packages/airflow/example_dags/example_bash_operator.py
[2025-01-28T10:54:13.669+0000] {logging_mixin.py:190} INFO - [2025-01-28T10:54:13.667+0000] {dag.py:3239} INFO - Sync 1 DAGs
[2025-01-28T10:54:13.696+0000] {logging_mixin.py:190} INFO - [2025-01-28T10:54:13.694+0000] {dag.py:4180} INFO - Setting next_dagrun for example_bash_operator to 2025-01-27 00:00:00+00:00, run_after=2025-01-28 00:00:00+00:00
[2025-01-28T10:54:13.735+0000] {processor.py:208} INFO - Processing /mnt/c/Users/Admin/Desktop/ud_data/Dataslush_umang/airflow/airflow_venv/lib/python3.12/site-packages/airflow/example_dags/example_bash_operator.py took 0.248 seconds
[2025-01-28T10:55:52.057+0000] {processor.py:186} INFO - Started process (PID=18953) to work on /mnt/c/Users/Admin/Desktop/ud_data/Dataslush_umang/airflow/airflow_venv/lib/python3.12/site-packages/airflow/example_dags/example_bash_operator.py
[2025-01-28T10:55:52.060+0000] {processor.py:914} INFO - Processing file /mnt/c/Users/Admin/Desktop/ud_data/Dataslush_umang/airflow/airflow_venv/lib/python3.12/site-packages/airflow/example_dags/example_bash_operator.py for tasks to queue
[2025-01-28T10:55:52.067+0000] {logging_mixin.py:190} INFO - [2025-01-28T10:55:52.065+0000] {dagbag.py:588} INFO - Filling up the DagBag from /mnt/c/Users/Admin/Desktop/ud_data/Dataslush_umang/airflow/airflow_venv/lib/python3.12/site-packages/airflow/example_dags/example_bash_operator.py
[2025-01-28T10:55:52.192+0000] {processor.py:925} INFO - DAG(s) 'example_bash_operator' retrieved from /mnt/c/Users/Admin/Desktop/ud_data/Dataslush_umang/airflow/airflow_venv/lib/python3.12/site-packages/airflow/example_dags/example_bash_operator.py
[2025-01-28T10:55:52.234+0000] {logging_mixin.py:190} INFO - [2025-01-28T10:55:52.232+0000] {dag.py:3239} INFO - Sync 1 DAGs
[2025-01-28T10:55:52.269+0000] {logging_mixin.py:190} INFO - [2025-01-28T10:55:52.265+0000] {dag.py:4180} INFO - Setting next_dagrun for example_bash_operator to 2025-01-27 00:00:00+00:00, run_after=2025-01-28 00:00:00+00:00
[2025-01-28T10:55:52.326+0000] {processor.py:208} INFO - Processing /mnt/c/Users/Admin/Desktop/ud_data/Dataslush_umang/airflow/airflow_venv/lib/python3.12/site-packages/airflow/example_dags/example_bash_operator.py took 0.290 seconds
[2025-01-28T10:57:57.777+0000] {processor.py:186} INFO - Started process (PID=19153) to work on /mnt/c/Users/Admin/Desktop/ud_data/Dataslush_umang/airflow/airflow_venv/lib/python3.12/site-packages/airflow/example_dags/example_bash_operator.py
[2025-01-28T10:57:57.780+0000] {processor.py:914} INFO - Processing file /mnt/c/Users/Admin/Desktop/ud_data/Dataslush_umang/airflow/airflow_venv/lib/python3.12/site-packages/airflow/example_dags/example_bash_operator.py for tasks to queue
[2025-01-28T10:57:57.788+0000] {logging_mixin.py:190} INFO - [2025-01-28T10:57:57.785+0000] {dagbag.py:588} INFO - Filling up the DagBag from /mnt/c/Users/Admin/Desktop/ud_data/Dataslush_umang/airflow/airflow_venv/lib/python3.12/site-packages/airflow/example_dags/example_bash_operator.py
[2025-01-28T10:57:57.916+0000] {processor.py:925} INFO - DAG(s) 'example_bash_operator' retrieved from /mnt/c/Users/Admin/Desktop/ud_data/Dataslush_umang/airflow/airflow_venv/lib/python3.12/site-packages/airflow/example_dags/example_bash_operator.py
[2025-01-28T10:57:57.963+0000] {logging_mixin.py:190} INFO - [2025-01-28T10:57:57.962+0000] {dag.py:3239} INFO - Sync 1 DAGs
[2025-01-28T10:57:57.997+0000] {logging_mixin.py:190} INFO - [2025-01-28T10:57:57.996+0000] {dag.py:4180} INFO - Setting next_dagrun for example_bash_operator to 2025-01-27 00:00:00+00:00, run_after=2025-01-28 00:00:00+00:00
[2025-01-28T10:57:28.091+0000] {processor.py:208} INFO - Processing /mnt/c/Users/Admin/Desktop/ud_data/Dataslush_umang/airflow/airflow_venv/lib/python3.12/site-packages/airflow/example_dags/example_bash_operator.py took 0.430 seconds
[2025-01-28T10:58:53.858+0000] {processor.py:186} INFO - Started process (PID=19342) to work on /mnt/c/Users/Admin/Desktop/ud_data/Dataslush_umang/airflow/airflow_venv/lib/python3.12/site-packages/airflow/example_dags/example_bash_operator.py
[2025-01-28T10:58:53.950+0000] {processor.py:914} INFO - Processing file /mnt/c/Users/Admin/Desktop/ud_data/Dataslush_umang/airflow/airflow_venv/lib/python3.12/site-packages/airflow/example_dags/example_bash_operator.py for tasks to queue
[2025-01-28T10:58:53.957+0000] {logging_mixin.py:190} INFO - [2025-01-28T10:58:53.955+0000] {dagbag.py:588} INFO - Filling up the DagBag from /mnt/c/Users/Admin/Desktop/ud_data/Dataslush_umang/airflow/airflow_venv/lib/python3.12/site-packages/airflow/example_dags/example_bash_operator.py
[2025-01-28T10:58:54.103+0000] {processor.py:925} INFO - DAG(s) 'example_bash_operator' retrieved from /mnt/c/Users/Admin/Desktop/ud_data/Dataslush_umang/airflow/airflow_venv/lib/python3.12/site-packages/airflow/example_dags/example_bash_operator.py
[2025-01-28T10:58:54.135+0000] {logging_mixin.py:190} INFO - [2025-01-28T10:58:54.133+0000] {dag.py:3239} INFO - Sync 1 DAGs
[2025-01-28T10:58:54.161+0000] {logging_mixin.py:190} INFO - [2025-01-28T10:58:54.160+0000] {dag.py:4180} INFO - Setting next_dagrun for example_bash_operator to 2025-01-27 00:00:00+00:00, run_after=2025-01-28 00:00:00+00:00
[2025-01-28T10:58:54.267+0000] {processor.py:208} INFO - Processing /mnt/c/Users/Admin/Desktop/ud_data/Dataslush_umang/airflow/airflow_venv/lib/python3.12/site-packages/airflow/example_dags/example_bash_operator.py took 0.435 seconds
[2025-01-28T11:00:36.718+0000] {processor.py:186} INFO - Started process (PID=19522) to work on /mnt/c/Users/Admin/Desktop/ud_data/Dataslush_umang/airflow/airflow_venv/lib/python3.12/site-packages/airflow/example_dags/example_bash_operator.py
[2025-01-28T11:00:36.721+0000] {processor.py:914} INFO - Processing file /mnt/c/Users/Admin/Desktop/ud_data/Dataslush_umang/airflow/airflow_venv/lib/python3.12/site-packages/airflow/example_dags/example_bash_operator.py for tasks to queue
[2025-01-28T11:00:36.729+0000] {logging_mixin.py:190} INFO - [2025-01-28T11:00:36.726+0000] {dagbag.py:588} INFO - Filling up the DagBag from /mnt/c/Users/Admin/Desktop/ud_data/Dataslush_umang/airflow/airflow_venv/lib/python3.12/site-packages/airflow/example_dags/example_bash_operator.py
[2025-01-28T11:00:36.882+0000] {processor.py:925} INFO - DAG(s) 'example_bash_operator' retrieved from /mnt/c/Users/Admin/Desktop/ud_data/Dataslush_umang/airflow/airflow_venv/lib/python3.12/site-packages/airflow/example_dags/example_bash_operator.py
[2025-01-28T11:00:36.921+0000] {logging_mixin.py:190} INFO - [2025-01-28T11:00:36.920+0000] {dag.py:3239} INFO - Sync 1 DAGs
[2025-01-28T11:00:36.949+0000] {logging_mixin.py:190} INFO - [2025-01-28T11:00:36.948+0000] {dag.py:4180} INFO - Setting next_dagrun for example_bash_operator to 2025-01-27 00:00:00+00:00, run_after=2025-01-28 00:00:00+00:00
[2025-01-28T11:00:36.994+0000] {processor.py:208} INFO - Processing /mnt/c/Users/Admin/Desktop/ud_data/Dataslush_umang/airflow/airflow_venv/lib/python3.12/site-packages/airflow/example_dags/example_bash_operator.py took 0.314 seconds
[2025-01-28T11:03:13.721+0000] {processor.py:186} INFO - Started process (PID=19699) to work on /mnt/c/Users/Admin/Desktop/ud_data/Dataslush_umang/airflow/airflow_venv/lib/python3.12/site-packages/airflow/example_dags/example_bash_operator.py
[2025-01-28T11:03:13.799+0000] {processor.py:914} INFO - Processing file /mnt/c/Users/Admin/Desktop/ud_data/Dataslush_umang/airflow/airflow_venv/lib/python3.12/site-packages/airflow/example_dags/example_bash_operator.py for tasks to queue
[2025-01-28T11:03:13.806+0000] {logging_mixin.py:190} INFO - [2025-01-28T11:03:13.803+0000] {dagbag.py:588} INFO - Filling up the DagBag from /mnt/c/Users/Admin/Desktop/ud_data/Dataslush_umang/airflow/airflow_venv/lib/python3.12/site-packages/airflow/example_dags/example_bash_operator.py
[2025-01-28T11:03:13.934+0000] {processor.py:925} INFO - DAG(s) 'example_bash_operator' retrieved from /mnt/c/Users/Admin/Desktop/ud_data/Dataslush_umang/airflow/airflow_venv/lib/python3.12/site-packages/airflow/example_dags/example_bash_operator.py
[2025-01-28T11:03:13.978+0000] {logging_mixin.py:190} INFO - [2025-01-28T11:03:13.976+0000] {dag.py:3239} INFO - Sync 1 DAGs
[2025-01-28T11:03:14.015+0000] {logging_mixin.py:190} INFO - [2025-01-28T11:03:14.013+0000] {dag.py:4180} INFO - Setting next_dagrun for example_bash_operator to 2025-01-27 00:00:00+00:00, run_after=2025-01-28 00:00:00+00:00
[2025-01-28T11:03:14.603+0000] {processor.py:208} INFO - Processing /mnt/c/Users/Admin/Desktop/ud_data/Dataslush_umang/airflow/airflow_venv/lib/python3.12/site-packages/airflow/example_dags/example_bash_operator.py took 0.905 seconds
[2025-01-28T11:05:05.486+0000] {processor.py:186} INFO - Started process (PID=19951) to work on /mnt/c/Users/Admin/Desktop/ud_data/Dataslush_umang/airflow/airflow_venv/lib/python3.12/site-packages/airflow/example_dags/example_bash_operator.py
[2025-01-28T11:05:05.489+0000] {processor.py:914} INFO - Processing file /mnt/c/Users/Admin/Desktop/ud_data/Dataslush_umang/airflow/airflow_venv/lib/python3.12/site-packages/airflow/example_dags/example_bash_operator.py for tasks to queue
[2025-01-28T11:05:05.498+0000] {logging_mixin.py:190} INFO - [2025-01-28T11:05:05.495+0000] {dagbag.py:588} INFO - Filling up the DagBag from /mnt/c/Users/Admin/Desktop/ud_data/Dataslush_umang/airflow/airflow_venv/lib/python3.12/site-packages/airflow/example_dags/example_bash_operator.py
[2025-01-28T11:05:05.620+0000] {processor.py:925} INFO - DAG(s) 'example_bash_operator' retrieved from /mnt/c/Users/Admin/Desktop/ud_data/Dataslush_umang/airflow/airflow_venv/lib/python3.12/site-packages/airflow/example_dags/example_bash_operator.py
[2025-01-28T11:05:05.669+0000] {logging_mixin.py:190} INFO - [2025-01-28T11:05:05.668+0000] {dag.py:3239} INFO - Sync 1 DAGs
[2025-01-28T11:05:05.709+0000] {logging_mixin.py:190} INFO - [2025-01-28T11:05:05.708+0000] {dag.py:4180} INFO - Setting next_dagrun for example_bash_operator to 2025-01-27 00:00:00+00:00, run_after=2025-01-28 00:00:00+00:00
[2025-01-28T11:05:05.768+0000] {processor.py:208} INFO - Processing /mnt/c/Users/Admin/Desktop/ud_data/Dataslush_umang/airflow/airflow_venv/lib/python3.12/site-packages/airflow/example_dags/example_bash_operator.py took 0.306 seconds
[2025-01-28T11:07:12.484+0000] {processor.py:186} INFO - Started process (PID=20076) to work on /mnt/c/Users/Admin/Desktop/ud_data/Dataslush_umang/airflow/airflow_venv/lib/python3.12/site-packages/airflow/example_dags/example_bash_operator.py
[2025-01-28T11:07:12.487+0000] {processor.py:914} INFO - Processing file /mnt/c/Users/Admin/Desktop/ud_data/Dataslush_umang/airflow/airflow_venv/lib/python3.12/site-packages/airflow/example_dags/example_bash_operator.py for tasks to queue
[2025-01-28T11:07:12.495+0000] {logging_mixin.py:190} INFO - [2025-01-28T11:07:12.493+0000] {dagbag.py:588} INFO - Filling up the DagBag from /mnt/c/Users/Admin/Desktop/ud_data/Dataslush_umang/airflow/airflow_venv/lib/python3.12/site-packages/airflow/example_dags/example_bash_operator.py
[2025-01-28T11:07:12.614+0000] {processor.py:925} INFO - DAG(s) 'example_bash_operator' retrieved from /mnt/c/Users/Admin/Desktop/ud_data/Dataslush_umang/airflow/airflow_venv/lib/python3.12/site-packages/airflow/example_dags/example_bash_operator.py
[2025-01-28T11:07:12.664+0000] {logging_mixin.py:190} INFO - [2025-01-28T11:07:12.662+0000] {dag.py:3239} INFO - Sync 1 DAGs
[2025-01-28T11:07:12.705+0000] {logging_mixin.py:190} INFO - [2025-01-28T11:07:12.704+0000] {dag.py:4180} INFO - Setting next_dagrun for example_bash_operator to 2025-01-27 00:00:00+00:00, run_after=2025-01-28 00:00:00+00:00
[2025-01-28T11:07:12.868+0000] {processor.py:208} INFO - Processing /mnt/c/Users/Admin/Desktop/ud_data/Dataslush_umang/airflow/airflow_venv/lib/python3.12/site-packages/airflow/example_dags/example_bash_operator.py took 0.421 seconds
[2025-01-28T11:08:45.139+0000] {processor.py:186} INFO - Started process (PID=20243) to work on /mnt/c/Users/Admin/Desktop/ud_data/Dataslush_umang/airflow/airflow_venv/lib/python3.12/site-packages/airflow/example_dags/example_bash_operator.py
[2025-01-28T11:08:45.152+0000] {processor.py:914} INFO - Processing file /mnt/c/Users/Admin/Desktop/ud_data/Dataslush_umang/airflow/airflow_venv/lib/python3.12/site-packages/airflow/example_dags/example_bash_operator.py for tasks to queue
[2025-01-28T11:08:45.159+0000] {logging_mixin.py:190} INFO - [2025-01-28T11:08:45.157+0000] {dagbag.py:588} INFO - Filling up the DagBag from /mnt/c/Users/Admin/Desktop/ud_data/Dataslush_umang/airflow/airflow_venv/lib/python3.12/site-packages/airflow/example_dags/example_bash_operator.py
[2025-01-28T11:08:45.294+0000] {processor.py:925} INFO - DAG(s) 'example_bash_operator' retrieved from /mnt/c/Users/Admin/Desktop/ud_data/Dataslush_umang/airflow/airflow_venv/lib/python3.12/site-packages/airflow/example_dags/example_bash_operator.py
[2025-01-28T11:08:45.447+0000] {logging_mixin.py:190} INFO - [2025-01-28T11:08:45.446+0000] {dag.py:3239} INFO - Sync 1 DAGs
[2025-01-28T11:08:45.478+0000] {logging_mixin.py:190} INFO - [2025-01-28T11:08:45.477+0000] {dag.py:4180} INFO - Setting next_dagrun for example_bash_operator to 2025-01-27 00:00:00+00:00, run_after=2025-01-28 00:00:00+00:00
[2025-01-28T11:08:45.591+0000] {processor.py:208} INFO - Processing /mnt/c/Users/Admin/Desktop/ud_data/Dataslush_umang/airflow/airflow_venv/lib/python3.12/site-packages/airflow/example_dags/example_bash_operator.py took 0.476 seconds
[2025-01-28T11:11:11.148+0000] {processor.py:186} INFO - Started process (PID=20508) to work on /mnt/c/Users/Admin/Desktop/ud_data/Dataslush_umang/airflow/airflow_venv/lib/python3.12/site-packages/airflow/example_dags/example_bash_operator.py
[2025-01-28T11:11:11.151+0000] {processor.py:914} INFO - Processing file /mnt/c/Users/Admin/Desktop/ud_data/Dataslush_umang/airflow/airflow_venv/lib/python3.12/site-packages/airflow/example_dags/example_bash_operator.py for tasks to queue
[2025-01-28T11:11:11.158+0000] {logging_mixin.py:190} INFO - [2025-01-28T11:11:11.156+0000] {dagbag.py:588} INFO - Filling up the DagBag from /mnt/c/Users/Admin/Desktop/ud_data/Dataslush_umang/airflow/airflow_venv/lib/python3.12/site-packages/airflow/example_dags/example_bash_operator.py
[2025-01-28T11:11:11.296+0000] {processor.py:925} INFO - DAG(s) 'example_bash_operator' retrieved from /mnt/c/Users/Admin/Desktop/ud_data/Dataslush_umang/airflow/airflow_venv/lib/python3.12/site-packages/airflow/example_dags/example_bash_operator.py
[2025-01-28T11:11:11.331+0000] {logging_mixin.py:190} INFO - [2025-01-28T11:11:11.329+0000] {dag.py:3239} INFO - Sync 1 DAGs
[2025-01-28T11:11:11.362+0000] {logging_mixin.py:190} INFO - [2025-01-28T11:11:11.360+0000] {dag.py:4180} INFO - Setting next_dagrun for example_bash_operator to 2025-01-27 00:00:00+00:00, run_after=2025-01-28 00:00:00+00:00
[2025-01-28T11:11:11.461+0000] {processor.py:208} INFO - Processing /mnt/c/Users/Admin/Desktop/ud_data/Dataslush_umang/airflow/airflow_venv/lib/python3.12/site-packages/airflow/example_dags/example_bash_operator.py took 0.339 seconds
[2025-01-28T11:12:45.797+0000] {processor.py:186} INFO - Started process (PID=20619) to work on /mnt/c/Users/Admin/Desktop/ud_data/Dataslush_umang/airflow/airflow_venv/lib/python3.12/site-packages/airflow/example_dags/example_bash_operator.py
[2025-01-28T11:12:45.854+0000] {processor.py:914} INFO - Processing file /mnt/c/Users/Admin/Desktop/ud_data/Dataslush_umang/airflow/airflow_venv/lib/python3.12/site-packages/airflow/example_dags/example_bash_operator.py for tasks to queue
[2025-01-28T11:12:45.861+0000] {logging_mixin.py:190} INFO - [2025-01-28T11:12:45.859+0000] {dagbag.py:588} INFO - Filling up the DagBag from /mnt/c/Users/Admin/Desktop/ud_data/Dataslush_umang/airflow/airflow_venv/lib/python3.12/site-packages/airflow/example_dags/example_bash_operator.py
[2025-01-28T11:12:45.991+0000] {processor.py:925} INFO - DAG(s) 'example_bash_operator' retrieved from /mnt/c/Users/Admin/Desktop/ud_data/Dataslush_umang/airflow/airflow_venv/lib/python3.12/site-packages/airflow/example_dags/example_bash_operator.py
[2025-01-28T11:12:46.034+0000] {logging_mixin.py:190} INFO - [2025-01-28T11:12:46.033+0000] {dag.py:3239} INFO - Sync 1 DAGs
[2025-01-28T11:12:46.074+0000] {logging_mixin.py:190} INFO - [2025-01-28T11:12:46.073+0000] {dag.py:4180} INFO - Setting next_dagrun for example_bash_operator to 2025-01-27 00:00:00+00:00, run_after=2025-01-28 00:00:00+00:00
[2025-01-28T11:12:46.125+0000] {processor.py:208} INFO - Processing /mnt/c/Users/Admin/Desktop/ud_data/Dataslush_umang/airflow/airflow_venv/lib/python3.12/site-packages/airflow/example_dags/example_bash_operator.py took 0.352 seconds
[2025-01-28T11:14:21.012+0000] {processor.py:186} INFO - Started process (PID=20730) to work on /mnt/c/Users/Admin/Desktop/ud_data/Dataslush_umang/airflow/airflow_venv/lib/python3.12/site-packages/airflow/example_dags/example_bash_operator.py
[2025-01-28T11:14:21.015+0000] {processor.py:914} INFO - Processing file /mnt/c/Users/Admin/Desktop/ud_data/Dataslush_umang/airflow/airflow_venv/lib/python3.12/site-packages/airflow/example_dags/example_bash_operator.py for tasks to queue
[2025-01-28T11:14:21.022+0000] {logging_mixin.py:190} INFO - [2025-01-28T11:14:21.020+0000] {dagbag.py:588} INFO - Filling up the DagBag from /mnt/c/Users/Admin/Desktop/ud_data/Dataslush_umang/airflow/airflow_venv/lib/python3.12/site-packages/airflow/example_dags/example_bash_operator.py
[2025-01-28T11:14:21.153+0000] {processor.py:925} INFO - DAG(s) 'example_bash_operator' retrieved from /mnt/c/Users/Admin/Desktop/ud_data/Dataslush_umang/airflow/airflow_venv/lib/python3.12/site-packages/airflow/example_dags/example_bash_operator.py
[2025-01-28T11:14:21.194+0000] {logging_mixin.py:190} INFO - [2025-01-28T11:14:21.192+0000] {dag.py:3239} INFO - Sync 1 DAGs
[2025-01-28T11:14:21.229+0000] {logging_mixin.py:190} INFO - [2025-01-28T11:14:21.227+0000] {dag.py:4180} INFO - Setting next_dagrun for example_bash_operator to 2025-01-27 00:00:00+00:00, run_after=2025-01-28 00:00:00+00:00
[2025-01-28T11:14:21.276+0000] {processor.py:208} INFO - Processing /mnt/c/Users/Admin/Desktop/ud_data/Dataslush_umang/airflow/airflow_venv/lib/python3.12/site-packages/airflow/example_dags/example_bash_operator.py took 0.288 seconds
