[2025-01-28T10:13:50.752+0000] {processor.py:186} INFO - Started process (PID=14875) to work on /mnt/c/Users/Admin/Desktop/ud_data/Dataslush_umang/airflow/airflow_venv/lib/python3.12/site-packages/airflow/example_dags/example_dataset_alias.py
[2025-01-28T10:13:50.754+0000] {processor.py:914} INFO - Processing file /mnt/c/Users/Admin/Desktop/ud_data/Dataslush_umang/airflow/airflow_venv/lib/python3.12/site-packages/airflow/example_dags/example_dataset_alias.py for tasks to queue
[2025-01-28T10:13:50.761+0000] {logging_mixin.py:190} INFO - [2025-01-28T10:13:50.759+0000] {dagbag.py:588} INFO - Filling up the DagBag from /mnt/c/Users/Admin/Desktop/ud_data/Dataslush_umang/airflow/airflow_venv/lib/python3.12/site-packages/airflow/example_dags/example_dataset_alias.py
[2025-01-28T10:13:50.932+0000] {processor.py:925} INFO - DAG(s) 'dataset_s3_bucket_producer', 'dataset_alias_example_alias_producer', 'dataset_s3_bucket_consumer', 'dataset_alias_example_alias_consumer' retrieved from /mnt/c/Users/Admin/Desktop/ud_data/Dataslush_umang/airflow/airflow_venv/lib/python3.12/site-packages/airflow/example_dags/example_dataset_alias.py
[2025-01-28T10:13:52.440+0000] {logging_mixin.py:190} INFO - [2025-01-28T10:13:52.438+0000] {override.py:1912} INFO - Created Permission View: can edit on DAG:dataset_s3_bucket_producer
[2025-01-28T10:13:52.469+0000] {logging_mixin.py:190} INFO - [2025-01-28T10:13:52.467+0000] {override.py:1912} INFO - Created Permission View: can read on DAG:dataset_s3_bucket_producer
[2025-01-28T10:13:52.495+0000] {logging_mixin.py:190} INFO - [2025-01-28T10:13:52.493+0000] {override.py:1912} INFO - Created Permission View: can delete on DAG:dataset_s3_bucket_producer
[2025-01-28T10:13:52.667+0000] {logging_mixin.py:190} INFO - [2025-01-28T10:13:52.665+0000] {override.py:1912} INFO - Created Permission View: can create on DAG Run:dataset_s3_bucket_producer
[2025-01-28T10:13:52.696+0000] {logging_mixin.py:190} INFO - [2025-01-28T10:13:52.693+0000] {override.py:1912} INFO - Created Permission View: menu access on DAG Run:dataset_s3_bucket_producer
[2025-01-28T10:13:52.734+0000] {logging_mixin.py:190} INFO - [2025-01-28T10:13:52.732+0000] {override.py:1912} INFO - Created Permission View: can read on DAG Run:dataset_s3_bucket_producer
[2025-01-28T10:13:52.760+0000] {logging_mixin.py:190} INFO - [2025-01-28T10:13:52.758+0000] {override.py:1912} INFO - Created Permission View: can delete on DAG Run:dataset_s3_bucket_producer
[2025-01-28T10:13:52.944+0000] {logging_mixin.py:190} INFO - [2025-01-28T10:13:52.942+0000] {override.py:1912} INFO - Created Permission View: can edit on DAG:dataset_alias_example_alias_producer
[2025-01-28T10:13:52.969+0000] {logging_mixin.py:190} INFO - [2025-01-28T10:13:52.968+0000] {override.py:1912} INFO - Created Permission View: can read on DAG:dataset_alias_example_alias_producer
[2025-01-28T10:13:52.995+0000] {logging_mixin.py:190} INFO - [2025-01-28T10:13:52.993+0000] {override.py:1912} INFO - Created Permission View: can delete on DAG:dataset_alias_example_alias_producer
[2025-01-28T10:13:53.036+0000] {logging_mixin.py:190} INFO - [2025-01-28T10:13:53.033+0000] {override.py:1912} INFO - Created Permission View: can create on DAG Run:dataset_alias_example_alias_producer
[2025-01-28T10:14:23.140+0000] {logging_mixin.py:190} INFO - [2025-01-28T10:14:23.138+0000] {override.py:1912} INFO - Created Permission View: menu access on DAG Run:dataset_alias_example_alias_producer
[2025-01-28T10:14:23.168+0000] {logging_mixin.py:190} INFO - [2025-01-28T10:14:23.165+0000] {override.py:1912} INFO - Created Permission View: can read on DAG Run:dataset_alias_example_alias_producer
[2025-01-28T10:14:23.192+0000] {logging_mixin.py:190} INFO - [2025-01-28T10:14:23.190+0000] {override.py:1912} INFO - Created Permission View: can delete on DAG Run:dataset_alias_example_alias_producer
[2025-01-28T10:14:23.360+0000] {logging_mixin.py:190} INFO - [2025-01-28T10:14:23.358+0000] {override.py:1912} INFO - Created Permission View: can edit on DAG:dataset_s3_bucket_consumer
[2025-01-28T10:14:23.386+0000] {logging_mixin.py:190} INFO - [2025-01-28T10:14:23.384+0000] {override.py:1912} INFO - Created Permission View: can read on DAG:dataset_s3_bucket_consumer
[2025-01-28T10:14:23.415+0000] {logging_mixin.py:190} INFO - [2025-01-28T10:14:23.413+0000] {override.py:1912} INFO - Created Permission View: can delete on DAG:dataset_s3_bucket_consumer
[2025-01-28T10:13:54.300+0000] {logging_mixin.py:190} INFO - [2025-01-28T10:13:54.298+0000] {override.py:1912} INFO - Created Permission View: can create on DAG Run:dataset_s3_bucket_consumer
[2025-01-28T10:13:54.344+0000] {logging_mixin.py:190} INFO - [2025-01-28T10:13:54.342+0000] {override.py:1912} INFO - Created Permission View: menu access on DAG Run:dataset_s3_bucket_consumer
[2025-01-28T10:13:54.504+0000] {logging_mixin.py:190} INFO - [2025-01-28T10:13:54.501+0000] {override.py:1912} INFO - Created Permission View: can read on DAG Run:dataset_s3_bucket_consumer
[2025-01-28T10:13:54.529+0000] {logging_mixin.py:190} INFO - [2025-01-28T10:13:54.527+0000] {override.py:1912} INFO - Created Permission View: can delete on DAG Run:dataset_s3_bucket_consumer
[2025-01-28T10:13:54.683+0000] {logging_mixin.py:190} INFO - [2025-01-28T10:13:54.680+0000] {override.py:1912} INFO - Created Permission View: can edit on DAG:dataset_alias_example_alias_consumer
[2025-01-28T10:13:54.707+0000] {logging_mixin.py:190} INFO - [2025-01-28T10:13:54.705+0000] {override.py:1912} INFO - Created Permission View: can read on DAG:dataset_alias_example_alias_consumer
[2025-01-28T10:13:54.737+0000] {logging_mixin.py:190} INFO - [2025-01-28T10:13:54.735+0000] {override.py:1912} INFO - Created Permission View: can delete on DAG:dataset_alias_example_alias_consumer
[2025-01-28T10:13:54.796+0000] {logging_mixin.py:190} INFO - [2025-01-28T10:13:54.795+0000] {override.py:1912} INFO - Created Permission View: can create on DAG Run:dataset_alias_example_alias_consumer
[2025-01-28T10:13:54.833+0000] {logging_mixin.py:190} INFO - [2025-01-28T10:13:54.831+0000] {override.py:1912} INFO - Created Permission View: menu access on DAG Run:dataset_alias_example_alias_consumer
[2025-01-28T10:13:54.866+0000] {logging_mixin.py:190} INFO - [2025-01-28T10:13:54.863+0000] {override.py:1912} INFO - Created Permission View: can read on DAG Run:dataset_alias_example_alias_consumer
[2025-01-28T10:13:54.898+0000] {logging_mixin.py:190} INFO - [2025-01-28T10:13:54.896+0000] {override.py:1912} INFO - Created Permission View: can delete on DAG Run:dataset_alias_example_alias_consumer
[2025-01-28T10:13:54.901+0000] {logging_mixin.py:190} INFO - [2025-01-28T10:13:54.899+0000] {dag.py:3239} INFO - Sync 4 DAGs
[2025-01-28T10:13:54.954+0000] {logging_mixin.py:190} INFO - [2025-01-28T10:13:54.952+0000] {dag.py:3262} INFO - Creating ORM DAG for dataset_alias_example_alias_consumer
[2025-01-28T10:13:54.958+0000] {logging_mixin.py:190} INFO - [2025-01-28T10:13:54.956+0000] {dag.py:3262} INFO - Creating ORM DAG for dataset_s3_bucket_producer
[2025-01-28T10:13:54.971+0000] {logging_mixin.py:190} INFO - [2025-01-28T10:13:54.960+0000] {dag.py:3262} INFO - Creating ORM DAG for dataset_alias_example_alias_producer
[2025-01-28T10:13:54.975+0000] {logging_mixin.py:190} INFO - [2025-01-28T10:13:54.974+0000] {dag.py:3262} INFO - Creating ORM DAG for dataset_s3_bucket_consumer
[2025-01-28T10:13:54.992+0000] {logging_mixin.py:190} INFO - [2025-01-28T10:13:54.991+0000] {dag.py:4180} INFO - Setting next_dagrun for dataset_alias_example_alias_consumer to None, run_after=None
[2025-01-28T10:13:54.996+0000] {logging_mixin.py:190} INFO - [2025-01-28T10:13:54.994+0000] {dag.py:4180} INFO - Setting next_dagrun for dataset_alias_example_alias_producer to None, run_after=None
[2025-01-28T10:13:54.999+0000] {logging_mixin.py:190} INFO - [2025-01-28T10:13:54.997+0000] {dag.py:4180} INFO - Setting next_dagrun for dataset_s3_bucket_consumer to None, run_after=None
[2025-01-28T10:13:55.002+0000] {logging_mixin.py:190} INFO - [2025-01-28T10:13:55.000+0000] {dag.py:4180} INFO - Setting next_dagrun for dataset_s3_bucket_producer to None, run_after=None
[2025-01-28T10:13:55.202+0000] {processor.py:208} INFO - Processing /mnt/c/Users/Admin/Desktop/ud_data/Dataslush_umang/airflow/airflow_venv/lib/python3.12/site-packages/airflow/example_dags/example_dataset_alias.py took 4.477 seconds
[2025-01-28T10:15:37.769+0000] {processor.py:186} INFO - Started process (PID=15008) to work on /mnt/c/Users/Admin/Desktop/ud_data/Dataslush_umang/airflow/airflow_venv/lib/python3.12/site-packages/airflow/example_dags/example_dataset_alias.py
[2025-01-28T10:15:37.772+0000] {processor.py:914} INFO - Processing file /mnt/c/Users/Admin/Desktop/ud_data/Dataslush_umang/airflow/airflow_venv/lib/python3.12/site-packages/airflow/example_dags/example_dataset_alias.py for tasks to queue
[2025-01-28T10:15:37.779+0000] {logging_mixin.py:190} INFO - [2025-01-28T10:15:37.776+0000] {dagbag.py:588} INFO - Filling up the DagBag from /mnt/c/Users/Admin/Desktop/ud_data/Dataslush_umang/airflow/airflow_venv/lib/python3.12/site-packages/airflow/example_dags/example_dataset_alias.py
[2025-01-28T10:15:37.976+0000] {processor.py:925} INFO - DAG(s) 'dataset_alias_example_alias_consumer', 'dataset_s3_bucket_consumer', 'dataset_s3_bucket_producer', 'dataset_alias_example_alias_producer' retrieved from /mnt/c/Users/Admin/Desktop/ud_data/Dataslush_umang/airflow/airflow_venv/lib/python3.12/site-packages/airflow/example_dags/example_dataset_alias.py
[2025-01-28T10:15:38.003+0000] {logging_mixin.py:190} INFO - [2025-01-28T10:15:38.001+0000] {dag.py:3239} INFO - Sync 4 DAGs
[2025-01-28T10:15:38.023+0000] {logging_mixin.py:190} INFO - [2025-01-28T10:15:38.021+0000] {dag.py:4180} INFO - Setting next_dagrun for dataset_alias_example_alias_consumer to None, run_after=None
[2025-01-28T10:15:38.028+0000] {logging_mixin.py:190} INFO - [2025-01-28T10:15:38.026+0000] {dag.py:4180} INFO - Setting next_dagrun for dataset_alias_example_alias_producer to None, run_after=None
[2025-01-28T10:15:38.032+0000] {logging_mixin.py:190} INFO - [2025-01-28T10:15:38.030+0000] {dag.py:4180} INFO - Setting next_dagrun for dataset_s3_bucket_consumer to None, run_after=None
[2025-01-28T10:15:38.035+0000] {logging_mixin.py:190} INFO - [2025-01-28T10:15:38.034+0000] {dag.py:4180} INFO - Setting next_dagrun for dataset_s3_bucket_producer to None, run_after=None
[2025-01-28T10:15:38.083+0000] {processor.py:208} INFO - Processing /mnt/c/Users/Admin/Desktop/ud_data/Dataslush_umang/airflow/airflow_venv/lib/python3.12/site-packages/airflow/example_dags/example_dataset_alias.py took 0.340 seconds
[2025-01-28T10:17:21.069+0000] {processor.py:186} INFO - Started process (PID=15197) to work on /mnt/c/Users/Admin/Desktop/ud_data/Dataslush_umang/airflow/airflow_venv/lib/python3.12/site-packages/airflow/example_dags/example_dataset_alias.py
[2025-01-28T10:17:21.157+0000] {processor.py:914} INFO - Processing file /mnt/c/Users/Admin/Desktop/ud_data/Dataslush_umang/airflow/airflow_venv/lib/python3.12/site-packages/airflow/example_dags/example_dataset_alias.py for tasks to queue
[2025-01-28T10:17:21.169+0000] {logging_mixin.py:190} INFO - [2025-01-28T10:17:21.166+0000] {dagbag.py:588} INFO - Filling up the DagBag from /mnt/c/Users/Admin/Desktop/ud_data/Dataslush_umang/airflow/airflow_venv/lib/python3.12/site-packages/airflow/example_dags/example_dataset_alias.py
[2025-01-28T10:17:21.376+0000] {processor.py:925} INFO - DAG(s) 'dataset_alias_example_alias_producer', 'dataset_s3_bucket_consumer', 'dataset_s3_bucket_producer', 'dataset_alias_example_alias_consumer' retrieved from /mnt/c/Users/Admin/Desktop/ud_data/Dataslush_umang/airflow/airflow_venv/lib/python3.12/site-packages/airflow/example_dags/example_dataset_alias.py
[2025-01-28T10:17:21.403+0000] {logging_mixin.py:190} INFO - [2025-01-28T10:17:21.401+0000] {dag.py:3239} INFO - Sync 4 DAGs
[2025-01-28T10:17:21.424+0000] {logging_mixin.py:190} INFO - [2025-01-28T10:17:21.422+0000] {dag.py:4180} INFO - Setting next_dagrun for dataset_alias_example_alias_consumer to None, run_after=None
[2025-01-28T10:17:21.429+0000] {logging_mixin.py:190} INFO - [2025-01-28T10:17:21.427+0000] {dag.py:4180} INFO - Setting next_dagrun for dataset_alias_example_alias_producer to None, run_after=None
[2025-01-28T10:17:21.432+0000] {logging_mixin.py:190} INFO - [2025-01-28T10:17:21.431+0000] {dag.py:4180} INFO - Setting next_dagrun for dataset_s3_bucket_consumer to None, run_after=None
[2025-01-28T10:17:21.436+0000] {logging_mixin.py:190} INFO - [2025-01-28T10:17:21.434+0000] {dag.py:4180} INFO - Setting next_dagrun for dataset_s3_bucket_producer to None, run_after=None
[2025-01-28T10:17:21.477+0000] {processor.py:208} INFO - Processing /mnt/c/Users/Admin/Desktop/ud_data/Dataslush_umang/airflow/airflow_venv/lib/python3.12/site-packages/airflow/example_dags/example_dataset_alias.py took 0.427 seconds
[2025-01-28T10:20:14.016+0000] {processor.py:186} INFO - Started process (PID=15428) to work on /mnt/c/Users/Admin/Desktop/ud_data/Dataslush_umang/airflow/airflow_venv/lib/python3.12/site-packages/airflow/example_dags/example_dataset_alias.py
[2025-01-28T10:20:14.022+0000] {processor.py:914} INFO - Processing file /mnt/c/Users/Admin/Desktop/ud_data/Dataslush_umang/airflow/airflow_venv/lib/python3.12/site-packages/airflow/example_dags/example_dataset_alias.py for tasks to queue
[2025-01-28T10:20:14.034+0000] {logging_mixin.py:190} INFO - [2025-01-28T10:20:14.029+0000] {dagbag.py:588} INFO - Filling up the DagBag from /mnt/c/Users/Admin/Desktop/ud_data/Dataslush_umang/airflow/airflow_venv/lib/python3.12/site-packages/airflow/example_dags/example_dataset_alias.py
[2025-01-28T10:19:44.510+0000] {processor.py:925} INFO - DAG(s) 'dataset_s3_bucket_producer', 'dataset_s3_bucket_consumer', 'dataset_alias_example_alias_consumer', 'dataset_alias_example_alias_producer' retrieved from /mnt/c/Users/Admin/Desktop/ud_data/Dataslush_umang/airflow/airflow_venv/lib/python3.12/site-packages/airflow/example_dags/example_dataset_alias.py
[2025-01-28T10:19:44.552+0000] {logging_mixin.py:190} INFO - [2025-01-28T10:19:44.550+0000] {dag.py:3239} INFO - Sync 4 DAGs
[2025-01-28T10:19:44.607+0000] {logging_mixin.py:190} INFO - [2025-01-28T10:19:44.604+0000] {dag.py:4180} INFO - Setting next_dagrun for dataset_alias_example_alias_consumer to None, run_after=None
[2025-01-28T10:19:44.615+0000] {logging_mixin.py:190} INFO - [2025-01-28T10:19:44.613+0000] {dag.py:4180} INFO - Setting next_dagrun for dataset_alias_example_alias_producer to None, run_after=None
[2025-01-28T10:19:44.623+0000] {logging_mixin.py:190} INFO - [2025-01-28T10:19:44.619+0000] {dag.py:4180} INFO - Setting next_dagrun for dataset_s3_bucket_consumer to None, run_after=None
[2025-01-28T10:19:44.632+0000] {logging_mixin.py:190} INFO - [2025-01-28T10:19:44.629+0000] {dag.py:4180} INFO - Setting next_dagrun for dataset_s3_bucket_producer to None, run_after=None
[2025-01-28T10:19:45.045+0000] {processor.py:208} INFO - Processing /mnt/c/Users/Admin/Desktop/ud_data/Dataslush_umang/airflow/airflow_venv/lib/python3.12/site-packages/airflow/example_dags/example_dataset_alias.py took 1.132 seconds
[2025-01-28T10:22:52.139+0000] {processor.py:186} INFO - Started process (PID=15722) to work on /mnt/c/Users/Admin/Desktop/ud_data/Dataslush_umang/airflow/airflow_venv/lib/python3.12/site-packages/airflow/example_dags/example_dataset_alias.py
[2025-01-28T10:22:52.247+0000] {processor.py:914} INFO - Processing file /mnt/c/Users/Admin/Desktop/ud_data/Dataslush_umang/airflow/airflow_venv/lib/python3.12/site-packages/airflow/example_dags/example_dataset_alias.py for tasks to queue
[2025-01-28T10:22:52.264+0000] {logging_mixin.py:190} INFO - [2025-01-28T10:22:52.258+0000] {dagbag.py:588} INFO - Filling up the DagBag from /mnt/c/Users/Admin/Desktop/ud_data/Dataslush_umang/airflow/airflow_venv/lib/python3.12/site-packages/airflow/example_dags/example_dataset_alias.py
[2025-01-28T10:22:52.755+0000] {processor.py:925} INFO - DAG(s) 'dataset_alias_example_alias_consumer', 'dataset_alias_example_alias_producer', 'dataset_s3_bucket_producer', 'dataset_s3_bucket_consumer' retrieved from /mnt/c/Users/Admin/Desktop/ud_data/Dataslush_umang/airflow/airflow_venv/lib/python3.12/site-packages/airflow/example_dags/example_dataset_alias.py
[2025-01-28T10:22:52.789+0000] {logging_mixin.py:190} INFO - [2025-01-28T10:22:52.787+0000] {dag.py:3239} INFO - Sync 4 DAGs
[2025-01-28T10:22:52.969+0000] {logging_mixin.py:190} INFO - [2025-01-28T10:22:52.967+0000] {dag.py:4180} INFO - Setting next_dagrun for dataset_alias_example_alias_consumer to None, run_after=None
[2025-01-28T10:22:52.973+0000] {logging_mixin.py:190} INFO - [2025-01-28T10:22:52.972+0000] {dag.py:4180} INFO - Setting next_dagrun for dataset_alias_example_alias_producer to None, run_after=None
[2025-01-28T10:22:52.977+0000] {logging_mixin.py:190} INFO - [2025-01-28T10:22:52.976+0000] {dag.py:4180} INFO - Setting next_dagrun for dataset_s3_bucket_consumer to None, run_after=None
[2025-01-28T10:22:52.980+0000] {logging_mixin.py:190} INFO - [2025-01-28T10:22:52.979+0000] {dag.py:4180} INFO - Setting next_dagrun for dataset_s3_bucket_producer to None, run_after=None
[2025-01-28T10:22:53.020+0000] {processor.py:208} INFO - Processing /mnt/c/Users/Admin/Desktop/ud_data/Dataslush_umang/airflow/airflow_venv/lib/python3.12/site-packages/airflow/example_dags/example_dataset_alias.py took 0.943 seconds
[2025-01-28T10:24:37.020+0000] {processor.py:186} INFO - Started process (PID=15913) to work on /mnt/c/Users/Admin/Desktop/ud_data/Dataslush_umang/airflow/airflow_venv/lib/python3.12/site-packages/airflow/example_dags/example_dataset_alias.py
[2025-01-28T10:24:37.027+0000] {processor.py:914} INFO - Processing file /mnt/c/Users/Admin/Desktop/ud_data/Dataslush_umang/airflow/airflow_venv/lib/python3.12/site-packages/airflow/example_dags/example_dataset_alias.py for tasks to queue
[2025-01-28T10:24:37.042+0000] {logging_mixin.py:190} INFO - [2025-01-28T10:24:37.036+0000] {dagbag.py:588} INFO - Filling up the DagBag from /mnt/c/Users/Admin/Desktop/ud_data/Dataslush_umang/airflow/airflow_venv/lib/python3.12/site-packages/airflow/example_dags/example_dataset_alias.py
[2025-01-28T10:24:37.653+0000] {processor.py:925} INFO - DAG(s) 'dataset_s3_bucket_producer', 'dataset_alias_example_alias_producer', 'dataset_s3_bucket_consumer', 'dataset_alias_example_alias_consumer' retrieved from /mnt/c/Users/Admin/Desktop/ud_data/Dataslush_umang/airflow/airflow_venv/lib/python3.12/site-packages/airflow/example_dags/example_dataset_alias.py
[2025-01-28T10:24:37.685+0000] {logging_mixin.py:190} INFO - [2025-01-28T10:24:37.684+0000] {dag.py:3239} INFO - Sync 4 DAGs
[2025-01-28T10:24:37.708+0000] {logging_mixin.py:190} INFO - [2025-01-28T10:24:37.707+0000] {dag.py:4180} INFO - Setting next_dagrun for dataset_alias_example_alias_consumer to None, run_after=None
[2025-01-28T10:24:37.713+0000] {logging_mixin.py:190} INFO - [2025-01-28T10:24:37.712+0000] {dag.py:4180} INFO - Setting next_dagrun for dataset_alias_example_alias_producer to None, run_after=None
[2025-01-28T10:24:37.716+0000] {logging_mixin.py:190} INFO - [2025-01-28T10:24:37.715+0000] {dag.py:4180} INFO - Setting next_dagrun for dataset_s3_bucket_consumer to None, run_after=None
[2025-01-28T10:24:37.719+0000] {logging_mixin.py:190} INFO - [2025-01-28T10:24:37.718+0000] {dag.py:4180} INFO - Setting next_dagrun for dataset_s3_bucket_producer to None, run_after=None
[2025-01-28T10:24:37.779+0000] {processor.py:208} INFO - Processing /mnt/c/Users/Admin/Desktop/ud_data/Dataslush_umang/airflow/airflow_venv/lib/python3.12/site-packages/airflow/example_dags/example_dataset_alias.py took 0.832 seconds
[2025-01-28T10:27:08.828+0000] {processor.py:186} INFO - Started process (PID=16235) to work on /mnt/c/Users/Admin/Desktop/ud_data/Dataslush_umang/airflow/airflow_venv/lib/python3.12/site-packages/airflow/example_dags/example_dataset_alias.py
[2025-01-28T10:27:08.835+0000] {processor.py:914} INFO - Processing file /mnt/c/Users/Admin/Desktop/ud_data/Dataslush_umang/airflow/airflow_venv/lib/python3.12/site-packages/airflow/example_dags/example_dataset_alias.py for tasks to queue
[2025-01-28T10:27:08.849+0000] {logging_mixin.py:190} INFO - [2025-01-28T10:27:08.844+0000] {dagbag.py:588} INFO - Filling up the DagBag from /mnt/c/Users/Admin/Desktop/ud_data/Dataslush_umang/airflow/airflow_venv/lib/python3.12/site-packages/airflow/example_dags/example_dataset_alias.py
[2025-01-28T10:27:09.379+0000] {processor.py:925} INFO - DAG(s) 'dataset_s3_bucket_producer', 'dataset_s3_bucket_consumer', 'dataset_alias_example_alias_consumer', 'dataset_alias_example_alias_producer' retrieved from /mnt/c/Users/Admin/Desktop/ud_data/Dataslush_umang/airflow/airflow_venv/lib/python3.12/site-packages/airflow/example_dags/example_dataset_alias.py
[2025-01-28T10:27:39.531+0000] {logging_mixin.py:190} INFO - [2025-01-28T10:27:39.528+0000] {dag.py:3239} INFO - Sync 4 DAGs
[2025-01-28T10:27:39.558+0000] {logging_mixin.py:190} INFO - [2025-01-28T10:27:39.555+0000] {dag.py:4180} INFO - Setting next_dagrun for dataset_alias_example_alias_consumer to None, run_after=None
[2025-01-28T10:27:39.565+0000] {logging_mixin.py:190} INFO - [2025-01-28T10:27:39.562+0000] {dag.py:4180} INFO - Setting next_dagrun for dataset_alias_example_alias_producer to None, run_after=None
[2025-01-28T10:27:39.570+0000] {logging_mixin.py:190} INFO - [2025-01-28T10:27:39.568+0000] {dag.py:4180} INFO - Setting next_dagrun for dataset_s3_bucket_consumer to None, run_after=None
[2025-01-28T10:27:39.576+0000] {logging_mixin.py:190} INFO - [2025-01-28T10:27:39.573+0000] {dag.py:4180} INFO - Setting next_dagrun for dataset_s3_bucket_producer to None, run_after=None
[2025-01-28T10:27:39.632+0000] {processor.py:208} INFO - Processing /mnt/c/Users/Admin/Desktop/ud_data/Dataslush_umang/airflow/airflow_venv/lib/python3.12/site-packages/airflow/example_dags/example_dataset_alias.py took 0.753 seconds
[2025-01-28T10:29:58.488+0000] {processor.py:186} INFO - Started process (PID=16397) to work on /mnt/c/Users/Admin/Desktop/ud_data/Dataslush_umang/airflow/airflow_venv/lib/python3.12/site-packages/airflow/example_dags/example_dataset_alias.py
[2025-01-28T10:29:58.521+0000] {processor.py:914} INFO - Processing file /mnt/c/Users/Admin/Desktop/ud_data/Dataslush_umang/airflow/airflow_venv/lib/python3.12/site-packages/airflow/example_dags/example_dataset_alias.py for tasks to queue
[2025-01-28T10:29:58.533+0000] {logging_mixin.py:190} INFO - [2025-01-28T10:29:58.529+0000] {dagbag.py:588} INFO - Filling up the DagBag from /mnt/c/Users/Admin/Desktop/ud_data/Dataslush_umang/airflow/airflow_venv/lib/python3.12/site-packages/airflow/example_dags/example_dataset_alias.py
[2025-01-28T10:29:59.129+0000] {processor.py:925} INFO - DAG(s) 'dataset_s3_bucket_consumer', 'dataset_alias_example_alias_producer', 'dataset_s3_bucket_producer', 'dataset_alias_example_alias_consumer' retrieved from /mnt/c/Users/Admin/Desktop/ud_data/Dataslush_umang/airflow/airflow_venv/lib/python3.12/site-packages/airflow/example_dags/example_dataset_alias.py
[2025-01-28T10:29:59.229+0000] {logging_mixin.py:190} INFO - [2025-01-28T10:29:59.225+0000] {dag.py:3239} INFO - Sync 4 DAGs
[2025-01-28T10:29:59.313+0000] {logging_mixin.py:190} INFO - [2025-01-28T10:29:59.310+0000] {dag.py:4180} INFO - Setting next_dagrun for dataset_alias_example_alias_consumer to None, run_after=None
[2025-01-28T10:29:59.326+0000] {logging_mixin.py:190} INFO - [2025-01-28T10:29:59.323+0000] {dag.py:4180} INFO - Setting next_dagrun for dataset_alias_example_alias_producer to None, run_after=None
[2025-01-28T10:29:59.335+0000] {logging_mixin.py:190} INFO - [2025-01-28T10:29:59.331+0000] {dag.py:4180} INFO - Setting next_dagrun for dataset_s3_bucket_consumer to None, run_after=None
[2025-01-28T10:29:59.343+0000] {logging_mixin.py:190} INFO - [2025-01-28T10:29:59.340+0000] {dag.py:4180} INFO - Setting next_dagrun for dataset_s3_bucket_producer to None, run_after=None
[2025-01-28T10:29:59.549+0000] {processor.py:208} INFO - Processing /mnt/c/Users/Admin/Desktop/ud_data/Dataslush_umang/airflow/airflow_venv/lib/python3.12/site-packages/airflow/example_dags/example_dataset_alias.py took 1.112 seconds
[2025-01-28T10:32:13.024+0000] {processor.py:186} INFO - Started process (PID=16630) to work on /mnt/c/Users/Admin/Desktop/ud_data/Dataslush_umang/airflow/airflow_venv/lib/python3.12/site-packages/airflow/example_dags/example_dataset_alias.py
[2025-01-28T10:32:13.031+0000] {processor.py:914} INFO - Processing file /mnt/c/Users/Admin/Desktop/ud_data/Dataslush_umang/airflow/airflow_venv/lib/python3.12/site-packages/airflow/example_dags/example_dataset_alias.py for tasks to queue
[2025-01-28T10:32:13.047+0000] {logging_mixin.py:190} INFO - [2025-01-28T10:32:13.042+0000] {dagbag.py:588} INFO - Filling up the DagBag from /mnt/c/Users/Admin/Desktop/ud_data/Dataslush_umang/airflow/airflow_venv/lib/python3.12/site-packages/airflow/example_dags/example_dataset_alias.py
[2025-01-28T10:32:13.532+0000] {processor.py:925} INFO - DAG(s) 'dataset_s3_bucket_producer', 'dataset_alias_example_alias_consumer', 'dataset_s3_bucket_consumer', 'dataset_alias_example_alias_producer' retrieved from /mnt/c/Users/Admin/Desktop/ud_data/Dataslush_umang/airflow/airflow_venv/lib/python3.12/site-packages/airflow/example_dags/example_dataset_alias.py
[2025-01-28T10:32:13.563+0000] {logging_mixin.py:190} INFO - [2025-01-28T10:32:13.562+0000] {dag.py:3239} INFO - Sync 4 DAGs
[2025-01-28T10:32:13.590+0000] {logging_mixin.py:190} INFO - [2025-01-28T10:32:13.589+0000] {dag.py:4180} INFO - Setting next_dagrun for dataset_alias_example_alias_consumer to None, run_after=None
[2025-01-28T10:32:13.595+0000] {logging_mixin.py:190} INFO - [2025-01-28T10:32:13.593+0000] {dag.py:4180} INFO - Setting next_dagrun for dataset_alias_example_alias_producer to None, run_after=None
[2025-01-28T10:32:13.600+0000] {logging_mixin.py:190} INFO - [2025-01-28T10:32:13.598+0000] {dag.py:4180} INFO - Setting next_dagrun for dataset_s3_bucket_consumer to None, run_after=None
[2025-01-28T10:32:13.604+0000] {logging_mixin.py:190} INFO - [2025-01-28T10:32:13.602+0000] {dag.py:4180} INFO - Setting next_dagrun for dataset_s3_bucket_producer to None, run_after=None
[2025-01-28T10:32:13.647+0000] {processor.py:208} INFO - Processing /mnt/c/Users/Admin/Desktop/ud_data/Dataslush_umang/airflow/airflow_venv/lib/python3.12/site-packages/airflow/example_dags/example_dataset_alias.py took 0.693 seconds
[2025-01-28T10:34:46.337+0000] {processor.py:186} INFO - Started process (PID=16862) to work on /mnt/c/Users/Admin/Desktop/ud_data/Dataslush_umang/airflow/airflow_venv/lib/python3.12/site-packages/airflow/example_dags/example_dataset_alias.py
[2025-01-28T10:34:47.577+0000] {processor.py:914} INFO - Processing file /mnt/c/Users/Admin/Desktop/ud_data/Dataslush_umang/airflow/airflow_venv/lib/python3.12/site-packages/airflow/example_dags/example_dataset_alias.py for tasks to queue
[2025-01-28T10:34:47.590+0000] {logging_mixin.py:190} INFO - [2025-01-28T10:34:47.586+0000] {dagbag.py:588} INFO - Filling up the DagBag from /mnt/c/Users/Admin/Desktop/ud_data/Dataslush_umang/airflow/airflow_venv/lib/python3.12/site-packages/airflow/example_dags/example_dataset_alias.py
[2025-01-28T10:34:48.163+0000] {processor.py:925} INFO - DAG(s) 'dataset_alias_example_alias_consumer', 'dataset_s3_bucket_consumer', 'dataset_alias_example_alias_producer', 'dataset_s3_bucket_producer' retrieved from /mnt/c/Users/Admin/Desktop/ud_data/Dataslush_umang/airflow/airflow_venv/lib/python3.12/site-packages/airflow/example_dags/example_dataset_alias.py
[2025-01-28T10:34:48.218+0000] {logging_mixin.py:190} INFO - [2025-01-28T10:34:48.216+0000] {dag.py:3239} INFO - Sync 4 DAGs
[2025-01-28T10:34:48.260+0000] {logging_mixin.py:190} INFO - [2025-01-28T10:34:48.257+0000] {dag.py:4180} INFO - Setting next_dagrun for dataset_alias_example_alias_consumer to None, run_after=None
[2025-01-28T10:34:48.273+0000] {logging_mixin.py:190} INFO - [2025-01-28T10:34:48.269+0000] {dag.py:4180} INFO - Setting next_dagrun for dataset_alias_example_alias_producer to None, run_after=None
[2025-01-28T10:34:48.282+0000] {logging_mixin.py:190} INFO - [2025-01-28T10:34:48.278+0000] {dag.py:4180} INFO - Setting next_dagrun for dataset_s3_bucket_consumer to None, run_after=None
[2025-01-28T10:34:48.292+0000] {logging_mixin.py:190} INFO - [2025-01-28T10:34:48.288+0000] {dag.py:4180} INFO - Setting next_dagrun for dataset_s3_bucket_producer to None, run_after=None
[2025-01-28T10:34:49.010+0000] {processor.py:208} INFO - Processing /mnt/c/Users/Admin/Desktop/ud_data/Dataslush_umang/airflow/airflow_venv/lib/python3.12/site-packages/airflow/example_dags/example_dataset_alias.py took 2.700 seconds
[2025-01-28T10:37:37.182+0000] {processor.py:186} INFO - Started process (PID=17088) to work on /mnt/c/Users/Admin/Desktop/ud_data/Dataslush_umang/airflow/airflow_venv/lib/python3.12/site-packages/airflow/example_dags/example_dataset_alias.py
[2025-01-28T10:37:37.377+0000] {processor.py:914} INFO - Processing file /mnt/c/Users/Admin/Desktop/ud_data/Dataslush_umang/airflow/airflow_venv/lib/python3.12/site-packages/airflow/example_dags/example_dataset_alias.py for tasks to queue
[2025-01-28T10:37:37.393+0000] {logging_mixin.py:190} INFO - [2025-01-28T10:37:37.388+0000] {dagbag.py:588} INFO - Filling up the DagBag from /mnt/c/Users/Admin/Desktop/ud_data/Dataslush_umang/airflow/airflow_venv/lib/python3.12/site-packages/airflow/example_dags/example_dataset_alias.py
[2025-01-28T10:37:38.019+0000] {processor.py:925} INFO - DAG(s) 'dataset_s3_bucket_producer', 'dataset_s3_bucket_consumer', 'dataset_alias_example_alias_producer', 'dataset_alias_example_alias_consumer' retrieved from /mnt/c/Users/Admin/Desktop/ud_data/Dataslush_umang/airflow/airflow_venv/lib/python3.12/site-packages/airflow/example_dags/example_dataset_alias.py
[2025-01-28T10:37:38.111+0000] {logging_mixin.py:190} INFO - [2025-01-28T10:37:38.107+0000] {dag.py:3239} INFO - Sync 4 DAGs
[2025-01-28T10:37:38.188+0000] {logging_mixin.py:190} INFO - [2025-01-28T10:37:38.185+0000] {dag.py:4180} INFO - Setting next_dagrun for dataset_alias_example_alias_consumer to None, run_after=None
[2025-01-28T10:37:38.203+0000] {logging_mixin.py:190} INFO - [2025-01-28T10:37:38.200+0000] {dag.py:4180} INFO - Setting next_dagrun for dataset_alias_example_alias_producer to None, run_after=None
[2025-01-28T10:37:38.210+0000] {logging_mixin.py:190} INFO - [2025-01-28T10:37:38.207+0000] {dag.py:4180} INFO - Setting next_dagrun for dataset_s3_bucket_consumer to None, run_after=None
[2025-01-28T10:37:38.218+0000] {logging_mixin.py:190} INFO - [2025-01-28T10:37:38.215+0000] {dag.py:4180} INFO - Setting next_dagrun for dataset_s3_bucket_producer to None, run_after=None
[2025-01-28T10:37:38.897+0000] {processor.py:208} INFO - Processing /mnt/c/Users/Admin/Desktop/ud_data/Dataslush_umang/airflow/airflow_venv/lib/python3.12/site-packages/airflow/example_dags/example_dataset_alias.py took 1.782 seconds
[2025-01-28T10:39:34.756+0000] {processor.py:186} INFO - Started process (PID=17288) to work on /mnt/c/Users/Admin/Desktop/ud_data/Dataslush_umang/airflow/airflow_venv/lib/python3.12/site-packages/airflow/example_dags/example_dataset_alias.py
[2025-01-28T10:39:34.760+0000] {processor.py:914} INFO - Processing file /mnt/c/Users/Admin/Desktop/ud_data/Dataslush_umang/airflow/airflow_venv/lib/python3.12/site-packages/airflow/example_dags/example_dataset_alias.py for tasks to queue
[2025-01-28T10:39:34.767+0000] {logging_mixin.py:190} INFO - [2025-01-28T10:39:34.765+0000] {dagbag.py:588} INFO - Filling up the DagBag from /mnt/c/Users/Admin/Desktop/ud_data/Dataslush_umang/airflow/airflow_venv/lib/python3.12/site-packages/airflow/example_dags/example_dataset_alias.py
[2025-01-28T10:39:35.179+0000] {processor.py:925} INFO - DAG(s) 'dataset_alias_example_alias_consumer', 'dataset_s3_bucket_consumer', 'dataset_alias_example_alias_producer', 'dataset_s3_bucket_producer' retrieved from /mnt/c/Users/Admin/Desktop/ud_data/Dataslush_umang/airflow/airflow_venv/lib/python3.12/site-packages/airflow/example_dags/example_dataset_alias.py
[2025-01-28T10:39:35.262+0000] {logging_mixin.py:190} INFO - [2025-01-28T10:39:35.258+0000] {dag.py:3239} INFO - Sync 4 DAGs
[2025-01-28T10:39:35.321+0000] {logging_mixin.py:190} INFO - [2025-01-28T10:39:35.318+0000] {dag.py:4180} INFO - Setting next_dagrun for dataset_alias_example_alias_consumer to None, run_after=None
[2025-01-28T10:39:35.330+0000] {logging_mixin.py:190} INFO - [2025-01-28T10:39:35.327+0000] {dag.py:4180} INFO - Setting next_dagrun for dataset_alias_example_alias_producer to None, run_after=None
[2025-01-28T10:39:35.336+0000] {logging_mixin.py:190} INFO - [2025-01-28T10:39:35.334+0000] {dag.py:4180} INFO - Setting next_dagrun for dataset_s3_bucket_consumer to None, run_after=None
[2025-01-28T10:39:35.342+0000] {logging_mixin.py:190} INFO - [2025-01-28T10:39:35.340+0000] {dag.py:4180} INFO - Setting next_dagrun for dataset_s3_bucket_producer to None, run_after=None
[2025-01-28T10:39:35.421+0000] {processor.py:208} INFO - Processing /mnt/c/Users/Admin/Desktop/ud_data/Dataslush_umang/airflow/airflow_venv/lib/python3.12/site-packages/airflow/example_dags/example_dataset_alias.py took 0.696 seconds
[2025-01-28T10:41:24.983+0000] {processor.py:186} INFO - Started process (PID=17429) to work on /mnt/c/Users/Admin/Desktop/ud_data/Dataslush_umang/airflow/airflow_venv/lib/python3.12/site-packages/airflow/example_dags/example_dataset_alias.py
[2025-01-28T10:41:24.986+0000] {processor.py:914} INFO - Processing file /mnt/c/Users/Admin/Desktop/ud_data/Dataslush_umang/airflow/airflow_venv/lib/python3.12/site-packages/airflow/example_dags/example_dataset_alias.py for tasks to queue
[2025-01-28T10:41:24.991+0000] {logging_mixin.py:190} INFO - [2025-01-28T10:41:24.989+0000] {dagbag.py:588} INFO - Filling up the DagBag from /mnt/c/Users/Admin/Desktop/ud_data/Dataslush_umang/airflow/airflow_venv/lib/python3.12/site-packages/airflow/example_dags/example_dataset_alias.py
[2025-01-28T10:41:25.154+0000] {processor.py:925} INFO - DAG(s) 'dataset_s3_bucket_consumer', 'dataset_alias_example_alias_consumer', 'dataset_s3_bucket_producer', 'dataset_alias_example_alias_producer' retrieved from /mnt/c/Users/Admin/Desktop/ud_data/Dataslush_umang/airflow/airflow_venv/lib/python3.12/site-packages/airflow/example_dags/example_dataset_alias.py
[2025-01-28T10:41:25.181+0000] {logging_mixin.py:190} INFO - [2025-01-28T10:41:25.178+0000] {dag.py:3239} INFO - Sync 4 DAGs
[2025-01-28T10:41:25.201+0000] {logging_mixin.py:190} INFO - [2025-01-28T10:41:25.199+0000] {dag.py:4180} INFO - Setting next_dagrun for dataset_alias_example_alias_consumer to None, run_after=None
[2025-01-28T10:41:25.206+0000] {logging_mixin.py:190} INFO - [2025-01-28T10:41:25.204+0000] {dag.py:4180} INFO - Setting next_dagrun for dataset_alias_example_alias_producer to None, run_after=None
[2025-01-28T10:41:25.210+0000] {logging_mixin.py:190} INFO - [2025-01-28T10:41:25.208+0000] {dag.py:4180} INFO - Setting next_dagrun for dataset_s3_bucket_consumer to None, run_after=None
[2025-01-28T10:41:25.213+0000] {logging_mixin.py:190} INFO - [2025-01-28T10:41:25.212+0000] {dag.py:4180} INFO - Setting next_dagrun for dataset_s3_bucket_producer to None, run_after=None
[2025-01-28T10:41:25.256+0000] {processor.py:208} INFO - Processing /mnt/c/Users/Admin/Desktop/ud_data/Dataslush_umang/airflow/airflow_venv/lib/python3.12/site-packages/airflow/example_dags/example_dataset_alias.py took 0.294 seconds
[2025-01-28T10:43:24.507+0000] {processor.py:186} INFO - Started process (PID=17734) to work on /mnt/c/Users/Admin/Desktop/ud_data/Dataslush_umang/airflow/airflow_venv/lib/python3.12/site-packages/airflow/example_dags/example_dataset_alias.py
[2025-01-28T10:43:24.588+0000] {processor.py:914} INFO - Processing file /mnt/c/Users/Admin/Desktop/ud_data/Dataslush_umang/airflow/airflow_venv/lib/python3.12/site-packages/airflow/example_dags/example_dataset_alias.py for tasks to queue
[2025-01-28T10:43:24.593+0000] {logging_mixin.py:190} INFO - [2025-01-28T10:43:24.592+0000] {dagbag.py:588} INFO - Filling up the DagBag from /mnt/c/Users/Admin/Desktop/ud_data/Dataslush_umang/airflow/airflow_venv/lib/python3.12/site-packages/airflow/example_dags/example_dataset_alias.py
[2025-01-28T10:43:24.783+0000] {processor.py:925} INFO - DAG(s) 'dataset_alias_example_alias_consumer', 'dataset_s3_bucket_consumer', 'dataset_alias_example_alias_producer', 'dataset_s3_bucket_producer' retrieved from /mnt/c/Users/Admin/Desktop/ud_data/Dataslush_umang/airflow/airflow_venv/lib/python3.12/site-packages/airflow/example_dags/example_dataset_alias.py
[2025-01-28T10:43:24.815+0000] {logging_mixin.py:190} INFO - [2025-01-28T10:43:24.812+0000] {dag.py:3239} INFO - Sync 4 DAGs
[2025-01-28T10:43:24.840+0000] {logging_mixin.py:190} INFO - [2025-01-28T10:43:24.838+0000] {dag.py:4180} INFO - Setting next_dagrun for dataset_alias_example_alias_consumer to None, run_after=None
[2025-01-28T10:43:24.847+0000] {logging_mixin.py:190} INFO - [2025-01-28T10:43:24.845+0000] {dag.py:4180} INFO - Setting next_dagrun for dataset_alias_example_alias_producer to None, run_after=None
[2025-01-28T10:43:24.852+0000] {logging_mixin.py:190} INFO - [2025-01-28T10:43:24.850+0000] {dag.py:4180} INFO - Setting next_dagrun for dataset_s3_bucket_consumer to None, run_after=None
[2025-01-28T10:43:24.856+0000] {logging_mixin.py:190} INFO - [2025-01-28T10:43:24.854+0000] {dag.py:4180} INFO - Setting next_dagrun for dataset_s3_bucket_producer to None, run_after=None
[2025-01-28T10:43:25.002+0000] {processor.py:208} INFO - Processing /mnt/c/Users/Admin/Desktop/ud_data/Dataslush_umang/airflow/airflow_venv/lib/python3.12/site-packages/airflow/example_dags/example_dataset_alias.py took 0.519 seconds
[2025-01-28T10:46:43.805+0000] {processor.py:186} INFO - Started process (PID=17932) to work on /mnt/c/Users/Admin/Desktop/ud_data/Dataslush_umang/airflow/airflow_venv/lib/python3.12/site-packages/airflow/example_dags/example_dataset_alias.py
[2025-01-28T10:46:43.882+0000] {processor.py:914} INFO - Processing file /mnt/c/Users/Admin/Desktop/ud_data/Dataslush_umang/airflow/airflow_venv/lib/python3.12/site-packages/airflow/example_dags/example_dataset_alias.py for tasks to queue
[2025-01-28T10:46:43.889+0000] {logging_mixin.py:190} INFO - [2025-01-28T10:46:43.887+0000] {dagbag.py:588} INFO - Filling up the DagBag from /mnt/c/Users/Admin/Desktop/ud_data/Dataslush_umang/airflow/airflow_venv/lib/python3.12/site-packages/airflow/example_dags/example_dataset_alias.py
[2025-01-28T10:46:44.094+0000] {processor.py:925} INFO - DAG(s) 'dataset_alias_example_alias_consumer', 'dataset_alias_example_alias_producer', 'dataset_s3_bucket_producer', 'dataset_s3_bucket_consumer' retrieved from /mnt/c/Users/Admin/Desktop/ud_data/Dataslush_umang/airflow/airflow_venv/lib/python3.12/site-packages/airflow/example_dags/example_dataset_alias.py
[2025-01-28T10:46:44.122+0000] {logging_mixin.py:190} INFO - [2025-01-28T10:46:44.120+0000] {dag.py:3239} INFO - Sync 4 DAGs
[2025-01-28T10:46:44.145+0000] {logging_mixin.py:190} INFO - [2025-01-28T10:46:44.143+0000] {dag.py:4180} INFO - Setting next_dagrun for dataset_alias_example_alias_consumer to None, run_after=None
[2025-01-28T10:46:44.150+0000] {logging_mixin.py:190} INFO - [2025-01-28T10:46:44.148+0000] {dag.py:4180} INFO - Setting next_dagrun for dataset_alias_example_alias_producer to None, run_after=None
[2025-01-28T10:46:44.154+0000] {logging_mixin.py:190} INFO - [2025-01-28T10:46:44.152+0000] {dag.py:4180} INFO - Setting next_dagrun for dataset_s3_bucket_consumer to None, run_after=None
[2025-01-28T10:46:44.157+0000] {logging_mixin.py:190} INFO - [2025-01-28T10:46:44.156+0000] {dag.py:4180} INFO - Setting next_dagrun for dataset_s3_bucket_producer to None, run_after=None
[2025-01-28T10:46:44.660+0000] {processor.py:208} INFO - Processing /mnt/c/Users/Admin/Desktop/ud_data/Dataslush_umang/airflow/airflow_venv/lib/python3.12/site-packages/airflow/example_dags/example_dataset_alias.py took 5.815 seconds
[2025-01-28T10:48:30.087+0000] {processor.py:186} INFO - Started process (PID=18136) to work on /mnt/c/Users/Admin/Desktop/ud_data/Dataslush_umang/airflow/airflow_venv/lib/python3.12/site-packages/airflow/example_dags/example_dataset_alias.py
[2025-01-28T10:48:30.090+0000] {processor.py:914} INFO - Processing file /mnt/c/Users/Admin/Desktop/ud_data/Dataslush_umang/airflow/airflow_venv/lib/python3.12/site-packages/airflow/example_dags/example_dataset_alias.py for tasks to queue
[2025-01-28T10:48:30.098+0000] {logging_mixin.py:190} INFO - [2025-01-28T10:48:30.095+0000] {dagbag.py:588} INFO - Filling up the DagBag from /mnt/c/Users/Admin/Desktop/ud_data/Dataslush_umang/airflow/airflow_venv/lib/python3.12/site-packages/airflow/example_dags/example_dataset_alias.py
[2025-01-28T10:48:30.310+0000] {processor.py:925} INFO - DAG(s) 'dataset_alias_example_alias_consumer', 'dataset_alias_example_alias_producer', 'dataset_s3_bucket_consumer', 'dataset_s3_bucket_producer' retrieved from /mnt/c/Users/Admin/Desktop/ud_data/Dataslush_umang/airflow/airflow_venv/lib/python3.12/site-packages/airflow/example_dags/example_dataset_alias.py
[2025-01-28T10:48:30.344+0000] {logging_mixin.py:190} INFO - [2025-01-28T10:48:30.343+0000] {dag.py:3239} INFO - Sync 4 DAGs
[2025-01-28T10:48:30.380+0000] {logging_mixin.py:190} INFO - [2025-01-28T10:48:30.379+0000] {dag.py:4180} INFO - Setting next_dagrun for dataset_alias_example_alias_consumer to None, run_after=None
[2025-01-28T10:48:30.387+0000] {logging_mixin.py:190} INFO - [2025-01-28T10:48:30.386+0000] {dag.py:4180} INFO - Setting next_dagrun for dataset_alias_example_alias_producer to None, run_after=None
[2025-01-28T10:48:30.392+0000] {logging_mixin.py:190} INFO - [2025-01-28T10:48:30.390+0000] {dag.py:4180} INFO - Setting next_dagrun for dataset_s3_bucket_consumer to None, run_after=None
[2025-01-28T10:48:30.396+0000] {logging_mixin.py:190} INFO - [2025-01-28T10:48:30.395+0000] {dag.py:4180} INFO - Setting next_dagrun for dataset_s3_bucket_producer to None, run_after=None
[2025-01-28T10:48:30.446+0000] {processor.py:208} INFO - Processing /mnt/c/Users/Admin/Desktop/ud_data/Dataslush_umang/airflow/airflow_venv/lib/python3.12/site-packages/airflow/example_dags/example_dataset_alias.py took 0.390 seconds
[2025-01-28T10:51:02.325+0000] {processor.py:186} INFO - Started process (PID=18350) to work on /mnt/c/Users/Admin/Desktop/ud_data/Dataslush_umang/airflow/airflow_venv/lib/python3.12/site-packages/airflow/example_dags/example_dataset_alias.py
[2025-01-28T10:51:02.329+0000] {processor.py:914} INFO - Processing file /mnt/c/Users/Admin/Desktop/ud_data/Dataslush_umang/airflow/airflow_venv/lib/python3.12/site-packages/airflow/example_dags/example_dataset_alias.py for tasks to queue
[2025-01-28T10:50:32.259+0000] {logging_mixin.py:190} INFO - [2025-01-28T10:51:02.334+0000] {dagbag.py:588} INFO - Filling up the DagBag from /mnt/c/Users/Admin/Desktop/ud_data/Dataslush_umang/airflow/airflow_venv/lib/python3.12/site-packages/airflow/example_dags/example_dataset_alias.py
[2025-01-28T10:50:32.499+0000] {processor.py:925} INFO - DAG(s) 'dataset_alias_example_alias_producer', 'dataset_alias_example_alias_consumer', 'dataset_s3_bucket_producer', 'dataset_s3_bucket_consumer' retrieved from /mnt/c/Users/Admin/Desktop/ud_data/Dataslush_umang/airflow/airflow_venv/lib/python3.12/site-packages/airflow/example_dags/example_dataset_alias.py
[2025-01-28T10:50:32.536+0000] {logging_mixin.py:190} INFO - [2025-01-28T10:50:32.535+0000] {dag.py:3239} INFO - Sync 4 DAGs
[2025-01-28T10:50:32.564+0000] {logging_mixin.py:190} INFO - [2025-01-28T10:50:32.562+0000] {dag.py:4180} INFO - Setting next_dagrun for dataset_alias_example_alias_consumer to None, run_after=None
[2025-01-28T10:50:32.570+0000] {logging_mixin.py:190} INFO - [2025-01-28T10:50:32.569+0000] {dag.py:4180} INFO - Setting next_dagrun for dataset_alias_example_alias_producer to None, run_after=None
[2025-01-28T10:50:32.573+0000] {logging_mixin.py:190} INFO - [2025-01-28T10:50:32.572+0000] {dag.py:4180} INFO - Setting next_dagrun for dataset_s3_bucket_consumer to None, run_after=None
[2025-01-28T10:50:32.576+0000] {logging_mixin.py:190} INFO - [2025-01-28T10:50:32.575+0000] {dag.py:4180} INFO - Setting next_dagrun for dataset_s3_bucket_producer to None, run_after=None
[2025-01-28T10:51:03.609+0000] {processor.py:208} INFO - Processing /mnt/c/Users/Admin/Desktop/ud_data/Dataslush_umang/airflow/airflow_venv/lib/python3.12/site-packages/airflow/example_dags/example_dataset_alias.py took 1.314 seconds
[2025-01-28T10:53:12.710+0000] {processor.py:186} INFO - Started process (PID=18703) to work on /mnt/c/Users/Admin/Desktop/ud_data/Dataslush_umang/airflow/airflow_venv/lib/python3.12/site-packages/airflow/example_dags/example_dataset_alias.py
[2025-01-28T10:53:13.124+0000] {processor.py:914} INFO - Processing file /mnt/c/Users/Admin/Desktop/ud_data/Dataslush_umang/airflow/airflow_venv/lib/python3.12/site-packages/airflow/example_dags/example_dataset_alias.py for tasks to queue
[2025-01-28T10:53:13.131+0000] {logging_mixin.py:190} INFO - [2025-01-28T10:53:13.129+0000] {dagbag.py:588} INFO - Filling up the DagBag from /mnt/c/Users/Admin/Desktop/ud_data/Dataslush_umang/airflow/airflow_venv/lib/python3.12/site-packages/airflow/example_dags/example_dataset_alias.py
[2025-01-28T10:53:13.338+0000] {processor.py:925} INFO - DAG(s) 'dataset_alias_example_alias_consumer', 'dataset_s3_bucket_producer', 'dataset_alias_example_alias_producer', 'dataset_s3_bucket_consumer' retrieved from /mnt/c/Users/Admin/Desktop/ud_data/Dataslush_umang/airflow/airflow_venv/lib/python3.12/site-packages/airflow/example_dags/example_dataset_alias.py
[2025-01-28T10:53:13.387+0000] {logging_mixin.py:190} INFO - [2025-01-28T10:53:13.385+0000] {dag.py:3239} INFO - Sync 4 DAGs
[2025-01-28T10:53:13.453+0000] {logging_mixin.py:190} INFO - [2025-01-28T10:53:13.448+0000] {dag.py:4180} INFO - Setting next_dagrun for dataset_alias_example_alias_consumer to None, run_after=None
[2025-01-28T10:53:13.460+0000] {logging_mixin.py:190} INFO - [2025-01-28T10:53:13.459+0000] {dag.py:4180} INFO - Setting next_dagrun for dataset_alias_example_alias_producer to None, run_after=None
[2025-01-28T10:53:13.468+0000] {logging_mixin.py:190} INFO - [2025-01-28T10:53:13.467+0000] {dag.py:4180} INFO - Setting next_dagrun for dataset_s3_bucket_consumer to None, run_after=None
[2025-01-28T10:53:13.471+0000] {logging_mixin.py:190} INFO - [2025-01-28T10:53:13.470+0000] {dag.py:4180} INFO - Setting next_dagrun for dataset_s3_bucket_producer to None, run_after=None
[2025-01-28T10:53:13.887+0000] {processor.py:208} INFO - Processing /mnt/c/Users/Admin/Desktop/ud_data/Dataslush_umang/airflow/airflow_venv/lib/python3.12/site-packages/airflow/example_dags/example_dataset_alias.py took 1.202 seconds
[2025-01-28T10:55:08.399+0000] {processor.py:186} INFO - Started process (PID=18854) to work on /mnt/c/Users/Admin/Desktop/ud_data/Dataslush_umang/airflow/airflow_venv/lib/python3.12/site-packages/airflow/example_dags/example_dataset_alias.py
[2025-01-28T10:55:08.621+0000] {processor.py:914} INFO - Processing file /mnt/c/Users/Admin/Desktop/ud_data/Dataslush_umang/airflow/airflow_venv/lib/python3.12/site-packages/airflow/example_dags/example_dataset_alias.py for tasks to queue
[2025-01-28T10:55:08.629+0000] {logging_mixin.py:190} INFO - [2025-01-28T10:55:08.626+0000] {dagbag.py:588} INFO - Filling up the DagBag from /mnt/c/Users/Admin/Desktop/ud_data/Dataslush_umang/airflow/airflow_venv/lib/python3.12/site-packages/airflow/example_dags/example_dataset_alias.py
[2025-01-28T10:55:08.825+0000] {processor.py:925} INFO - DAG(s) 'dataset_alias_example_alias_producer', 'dataset_s3_bucket_producer', 'dataset_s3_bucket_consumer', 'dataset_alias_example_alias_consumer' retrieved from /mnt/c/Users/Admin/Desktop/ud_data/Dataslush_umang/airflow/airflow_venv/lib/python3.12/site-packages/airflow/example_dags/example_dataset_alias.py
[2025-01-28T10:55:08.858+0000] {logging_mixin.py:190} INFO - [2025-01-28T10:55:08.856+0000] {dag.py:3239} INFO - Sync 4 DAGs
[2025-01-28T10:55:08.889+0000] {logging_mixin.py:190} INFO - [2025-01-28T10:55:08.887+0000] {dag.py:4180} INFO - Setting next_dagrun for dataset_alias_example_alias_consumer to None, run_after=None
[2025-01-28T10:55:08.895+0000] {logging_mixin.py:190} INFO - [2025-01-28T10:55:08.893+0000] {dag.py:4180} INFO - Setting next_dagrun for dataset_alias_example_alias_producer to None, run_after=None
[2025-01-28T10:55:08.901+0000] {logging_mixin.py:190} INFO - [2025-01-28T10:55:08.899+0000] {dag.py:4180} INFO - Setting next_dagrun for dataset_s3_bucket_consumer to None, run_after=None
[2025-01-28T10:55:08.906+0000] {logging_mixin.py:190} INFO - [2025-01-28T10:55:08.904+0000] {dag.py:4180} INFO - Setting next_dagrun for dataset_s3_bucket_producer to None, run_after=None
[2025-01-28T10:55:09.201+0000] {processor.py:208} INFO - Processing /mnt/c/Users/Admin/Desktop/ud_data/Dataslush_umang/airflow/airflow_venv/lib/python3.12/site-packages/airflow/example_dags/example_dataset_alias.py took 0.827 seconds
[2025-01-28T10:56:38.720+0000] {processor.py:186} INFO - Started process (PID=19077) to work on /mnt/c/Users/Admin/Desktop/ud_data/Dataslush_umang/airflow/airflow_venv/lib/python3.12/site-packages/airflow/example_dags/example_dataset_alias.py
[2025-01-28T10:56:38.956+0000] {processor.py:914} INFO - Processing file /mnt/c/Users/Admin/Desktop/ud_data/Dataslush_umang/airflow/airflow_venv/lib/python3.12/site-packages/airflow/example_dags/example_dataset_alias.py for tasks to queue
[2025-01-28T10:56:38.963+0000] {logging_mixin.py:190} INFO - [2025-01-28T10:56:38.961+0000] {dagbag.py:588} INFO - Filling up the DagBag from /mnt/c/Users/Admin/Desktop/ud_data/Dataslush_umang/airflow/airflow_venv/lib/python3.12/site-packages/airflow/example_dags/example_dataset_alias.py
[2025-01-28T10:56:39.210+0000] {processor.py:925} INFO - DAG(s) 'dataset_alias_example_alias_consumer', 'dataset_s3_bucket_consumer', 'dataset_s3_bucket_producer', 'dataset_alias_example_alias_producer' retrieved from /mnt/c/Users/Admin/Desktop/ud_data/Dataslush_umang/airflow/airflow_venv/lib/python3.12/site-packages/airflow/example_dags/example_dataset_alias.py
[2025-01-28T10:56:39.245+0000] {logging_mixin.py:190} INFO - [2025-01-28T10:56:39.243+0000] {dag.py:3239} INFO - Sync 4 DAGs
[2025-01-28T10:56:39.283+0000] {logging_mixin.py:190} INFO - [2025-01-28T10:56:39.282+0000] {dag.py:4180} INFO - Setting next_dagrun for dataset_alias_example_alias_consumer to None, run_after=None
[2025-01-28T10:56:39.289+0000] {logging_mixin.py:190} INFO - [2025-01-28T10:56:39.288+0000] {dag.py:4180} INFO - Setting next_dagrun for dataset_alias_example_alias_producer to None, run_after=None
[2025-01-28T10:56:39.296+0000] {logging_mixin.py:190} INFO - [2025-01-28T10:56:39.293+0000] {dag.py:4180} INFO - Setting next_dagrun for dataset_s3_bucket_consumer to None, run_after=None
[2025-01-28T10:56:39.301+0000] {logging_mixin.py:190} INFO - [2025-01-28T10:56:39.299+0000] {dag.py:4180} INFO - Setting next_dagrun for dataset_s3_bucket_producer to None, run_after=None
[2025-01-28T10:56:39.353+0000] {processor.py:208} INFO - Processing /mnt/c/Users/Admin/Desktop/ud_data/Dataslush_umang/airflow/airflow_venv/lib/python3.12/site-packages/airflow/example_dags/example_dataset_alias.py took 0.665 seconds
[2025-01-28T10:58:07.107+0000] {processor.py:186} INFO - Started process (PID=19215) to work on /mnt/c/Users/Admin/Desktop/ud_data/Dataslush_umang/airflow/airflow_venv/lib/python3.12/site-packages/airflow/example_dags/example_dataset_alias.py
[2025-01-28T10:58:07.110+0000] {processor.py:914} INFO - Processing file /mnt/c/Users/Admin/Desktop/ud_data/Dataslush_umang/airflow/airflow_venv/lib/python3.12/site-packages/airflow/example_dags/example_dataset_alias.py for tasks to queue
[2025-01-28T10:58:07.116+0000] {logging_mixin.py:190} INFO - [2025-01-28T10:58:07.114+0000] {dagbag.py:588} INFO - Filling up the DagBag from /mnt/c/Users/Admin/Desktop/ud_data/Dataslush_umang/airflow/airflow_venv/lib/python3.12/site-packages/airflow/example_dags/example_dataset_alias.py
[2025-01-28T10:58:07.337+0000] {processor.py:925} INFO - DAG(s) 'dataset_alias_example_alias_consumer', 'dataset_s3_bucket_consumer', 'dataset_s3_bucket_producer', 'dataset_alias_example_alias_producer' retrieved from /mnt/c/Users/Admin/Desktop/ud_data/Dataslush_umang/airflow/airflow_venv/lib/python3.12/site-packages/airflow/example_dags/example_dataset_alias.py
[2025-01-28T10:58:07.378+0000] {logging_mixin.py:190} INFO - [2025-01-28T10:58:07.377+0000] {dag.py:3239} INFO - Sync 4 DAGs
[2025-01-28T10:58:07.410+0000] {logging_mixin.py:190} INFO - [2025-01-28T10:58:07.408+0000] {dag.py:4180} INFO - Setting next_dagrun for dataset_alias_example_alias_consumer to None, run_after=None
[2025-01-28T10:58:07.415+0000] {logging_mixin.py:190} INFO - [2025-01-28T10:58:07.413+0000] {dag.py:4180} INFO - Setting next_dagrun for dataset_alias_example_alias_producer to None, run_after=None
[2025-01-28T10:58:07.419+0000] {logging_mixin.py:190} INFO - [2025-01-28T10:58:07.418+0000] {dag.py:4180} INFO - Setting next_dagrun for dataset_s3_bucket_consumer to None, run_after=None
[2025-01-28T10:58:07.423+0000] {logging_mixin.py:190} INFO - [2025-01-28T10:58:07.421+0000] {dag.py:4180} INFO - Setting next_dagrun for dataset_s3_bucket_producer to None, run_after=None
[2025-01-28T10:58:07.478+0000] {processor.py:208} INFO - Processing /mnt/c/Users/Admin/Desktop/ud_data/Dataslush_umang/airflow/airflow_venv/lib/python3.12/site-packages/airflow/example_dags/example_dataset_alias.py took 0.399 seconds
[2025-01-28T10:59:35.304+0000] {processor.py:186} INFO - Started process (PID=19416) to work on /mnt/c/Users/Admin/Desktop/ud_data/Dataslush_umang/airflow/airflow_venv/lib/python3.12/site-packages/airflow/example_dags/example_dataset_alias.py
[2025-01-28T10:59:35.307+0000] {processor.py:914} INFO - Processing file /mnt/c/Users/Admin/Desktop/ud_data/Dataslush_umang/airflow/airflow_venv/lib/python3.12/site-packages/airflow/example_dags/example_dataset_alias.py for tasks to queue
[2025-01-28T10:59:35.313+0000] {logging_mixin.py:190} INFO - [2025-01-28T10:59:35.311+0000] {dagbag.py:588} INFO - Filling up the DagBag from /mnt/c/Users/Admin/Desktop/ud_data/Dataslush_umang/airflow/airflow_venv/lib/python3.12/site-packages/airflow/example_dags/example_dataset_alias.py
[2025-01-28T10:59:35.544+0000] {processor.py:925} INFO - DAG(s) 'dataset_s3_bucket_producer', 'dataset_s3_bucket_consumer', 'dataset_alias_example_alias_producer', 'dataset_alias_example_alias_consumer' retrieved from /mnt/c/Users/Admin/Desktop/ud_data/Dataslush_umang/airflow/airflow_venv/lib/python3.12/site-packages/airflow/example_dags/example_dataset_alias.py
[2025-01-28T10:59:35.586+0000] {logging_mixin.py:190} INFO - [2025-01-28T10:59:35.584+0000] {dag.py:3239} INFO - Sync 4 DAGs
[2025-01-28T10:59:35.626+0000] {logging_mixin.py:190} INFO - [2025-01-28T10:59:35.624+0000] {dag.py:4180} INFO - Setting next_dagrun for dataset_alias_example_alias_consumer to None, run_after=None
[2025-01-28T10:59:35.636+0000] {logging_mixin.py:190} INFO - [2025-01-28T10:59:35.634+0000] {dag.py:4180} INFO - Setting next_dagrun for dataset_alias_example_alias_producer to None, run_after=None
[2025-01-28T10:59:35.641+0000] {logging_mixin.py:190} INFO - [2025-01-28T10:59:35.640+0000] {dag.py:4180} INFO - Setting next_dagrun for dataset_s3_bucket_consumer to None, run_after=None
[2025-01-28T10:59:35.645+0000] {logging_mixin.py:190} INFO - [2025-01-28T10:59:35.644+0000] {dag.py:4180} INFO - Setting next_dagrun for dataset_s3_bucket_producer to None, run_after=None
[2025-01-28T10:59:35.696+0000] {processor.py:208} INFO - Processing /mnt/c/Users/Admin/Desktop/ud_data/Dataslush_umang/airflow/airflow_venv/lib/python3.12/site-packages/airflow/example_dags/example_dataset_alias.py took 0.421 seconds
[2025-01-28T11:01:29.092+0000] {processor.py:186} INFO - Started process (PID=19585) to work on /mnt/c/Users/Admin/Desktop/ud_data/Dataslush_umang/airflow/airflow_venv/lib/python3.12/site-packages/airflow/example_dags/example_dataset_alias.py
[2025-01-28T11:01:29.241+0000] {processor.py:914} INFO - Processing file /mnt/c/Users/Admin/Desktop/ud_data/Dataslush_umang/airflow/airflow_venv/lib/python3.12/site-packages/airflow/example_dags/example_dataset_alias.py for tasks to queue
[2025-01-28T11:01:29.248+0000] {logging_mixin.py:190} INFO - [2025-01-28T11:01:29.246+0000] {dagbag.py:588} INFO - Filling up the DagBag from /mnt/c/Users/Admin/Desktop/ud_data/Dataslush_umang/airflow/airflow_venv/lib/python3.12/site-packages/airflow/example_dags/example_dataset_alias.py
[2025-01-28T11:01:29.473+0000] {processor.py:925} INFO - DAG(s) 'dataset_s3_bucket_producer', 'dataset_alias_example_alias_producer', 'dataset_alias_example_alias_consumer', 'dataset_s3_bucket_consumer' retrieved from /mnt/c/Users/Admin/Desktop/ud_data/Dataslush_umang/airflow/airflow_venv/lib/python3.12/site-packages/airflow/example_dags/example_dataset_alias.py
[2025-01-28T11:01:29.509+0000] {logging_mixin.py:190} INFO - [2025-01-28T11:01:29.508+0000] {dag.py:3239} INFO - Sync 4 DAGs
[2025-01-28T11:01:29.552+0000] {logging_mixin.py:190} INFO - [2025-01-28T11:01:29.549+0000] {dag.py:4180} INFO - Setting next_dagrun for dataset_alias_example_alias_consumer to None, run_after=None
[2025-01-28T11:01:29.561+0000] {logging_mixin.py:190} INFO - [2025-01-28T11:01:29.559+0000] {dag.py:4180} INFO - Setting next_dagrun for dataset_alias_example_alias_producer to None, run_after=None
[2025-01-28T11:01:29.565+0000] {logging_mixin.py:190} INFO - [2025-01-28T11:01:29.563+0000] {dag.py:4180} INFO - Setting next_dagrun for dataset_s3_bucket_consumer to None, run_after=None
[2025-01-28T11:01:29.575+0000] {logging_mixin.py:190} INFO - [2025-01-28T11:01:29.568+0000] {dag.py:4180} INFO - Setting next_dagrun for dataset_s3_bucket_producer to None, run_after=None
[2025-01-28T11:01:30.039+0000] {processor.py:208} INFO - Processing /mnt/c/Users/Admin/Desktop/ud_data/Dataslush_umang/airflow/airflow_venv/lib/python3.12/site-packages/airflow/example_dags/example_dataset_alias.py took 0.972 seconds
[2025-01-28T11:02:59.205+0000] {processor.py:186} INFO - Started process (PID=19669) to work on /mnt/c/Users/Admin/Desktop/ud_data/Dataslush_umang/airflow/airflow_venv/lib/python3.12/site-packages/airflow/example_dags/example_dataset_alias.py
[2025-01-28T11:02:59.275+0000] {processor.py:914} INFO - Processing file /mnt/c/Users/Admin/Desktop/ud_data/Dataslush_umang/airflow/airflow_venv/lib/python3.12/site-packages/airflow/example_dags/example_dataset_alias.py for tasks to queue
[2025-01-28T11:02:59.283+0000] {logging_mixin.py:190} INFO - [2025-01-28T11:02:59.281+0000] {dagbag.py:588} INFO - Filling up the DagBag from /mnt/c/Users/Admin/Desktop/ud_data/Dataslush_umang/airflow/airflow_venv/lib/python3.12/site-packages/airflow/example_dags/example_dataset_alias.py
[2025-01-28T11:02:59.502+0000] {processor.py:925} INFO - DAG(s) 'dataset_s3_bucket_producer', 'dataset_alias_example_alias_producer', 'dataset_alias_example_alias_consumer', 'dataset_s3_bucket_consumer' retrieved from /mnt/c/Users/Admin/Desktop/ud_data/Dataslush_umang/airflow/airflow_venv/lib/python3.12/site-packages/airflow/example_dags/example_dataset_alias.py
[2025-01-28T11:02:59.533+0000] {logging_mixin.py:190} INFO - [2025-01-28T11:02:59.532+0000] {dag.py:3239} INFO - Sync 4 DAGs
[2025-01-28T11:02:59.560+0000] {logging_mixin.py:190} INFO - [2025-01-28T11:02:59.558+0000] {dag.py:4180} INFO - Setting next_dagrun for dataset_alias_example_alias_consumer to None, run_after=None
[2025-01-28T11:02:59.565+0000] {logging_mixin.py:190} INFO - [2025-01-28T11:02:59.563+0000] {dag.py:4180} INFO - Setting next_dagrun for dataset_alias_example_alias_producer to None, run_after=None
[2025-01-28T11:02:59.568+0000] {logging_mixin.py:190} INFO - [2025-01-28T11:02:59.566+0000] {dag.py:4180} INFO - Setting next_dagrun for dataset_s3_bucket_consumer to None, run_after=None
[2025-01-28T11:02:59.571+0000] {logging_mixin.py:190} INFO - [2025-01-28T11:02:59.570+0000] {dag.py:4180} INFO - Setting next_dagrun for dataset_s3_bucket_producer to None, run_after=None
[2025-01-28T11:02:59.957+0000] {processor.py:208} INFO - Processing /mnt/c/Users/Admin/Desktop/ud_data/Dataslush_umang/airflow/airflow_venv/lib/python3.12/site-packages/airflow/example_dags/example_dataset_alias.py took 0.780 seconds
[2025-01-28T11:04:52.235+0000] {processor.py:186} INFO - Started process (PID=19936) to work on /mnt/c/Users/Admin/Desktop/ud_data/Dataslush_umang/airflow/airflow_venv/lib/python3.12/site-packages/airflow/example_dags/example_dataset_alias.py
[2025-01-28T11:04:52.238+0000] {processor.py:914} INFO - Processing file /mnt/c/Users/Admin/Desktop/ud_data/Dataslush_umang/airflow/airflow_venv/lib/python3.12/site-packages/airflow/example_dags/example_dataset_alias.py for tasks to queue
[2025-01-28T11:04:52.245+0000] {logging_mixin.py:190} INFO - [2025-01-28T11:04:52.243+0000] {dagbag.py:588} INFO - Filling up the DagBag from /mnt/c/Users/Admin/Desktop/ud_data/Dataslush_umang/airflow/airflow_venv/lib/python3.12/site-packages/airflow/example_dags/example_dataset_alias.py
[2025-01-28T11:04:52.511+0000] {processor.py:925} INFO - DAG(s) 'dataset_alias_example_alias_consumer', 'dataset_s3_bucket_consumer', 'dataset_s3_bucket_producer', 'dataset_alias_example_alias_producer' retrieved from /mnt/c/Users/Admin/Desktop/ud_data/Dataslush_umang/airflow/airflow_venv/lib/python3.12/site-packages/airflow/example_dags/example_dataset_alias.py
[2025-01-28T11:04:52.552+0000] {logging_mixin.py:190} INFO - [2025-01-28T11:04:52.551+0000] {dag.py:3239} INFO - Sync 4 DAGs
[2025-01-28T11:04:52.582+0000] {logging_mixin.py:190} INFO - [2025-01-28T11:04:52.581+0000] {dag.py:4180} INFO - Setting next_dagrun for dataset_alias_example_alias_consumer to None, run_after=None
[2025-01-28T11:04:52.587+0000] {logging_mixin.py:190} INFO - [2025-01-28T11:04:52.586+0000] {dag.py:4180} INFO - Setting next_dagrun for dataset_alias_example_alias_producer to None, run_after=None
[2025-01-28T11:04:52.590+0000] {logging_mixin.py:190} INFO - [2025-01-28T11:04:52.589+0000] {dag.py:4180} INFO - Setting next_dagrun for dataset_s3_bucket_consumer to None, run_after=None
[2025-01-28T11:04:52.593+0000] {logging_mixin.py:190} INFO - [2025-01-28T11:04:52.592+0000] {dag.py:4180} INFO - Setting next_dagrun for dataset_s3_bucket_producer to None, run_after=None
[2025-01-28T11:04:52.804+0000] {processor.py:208} INFO - Processing /mnt/c/Users/Admin/Desktop/ud_data/Dataslush_umang/airflow/airflow_venv/lib/python3.12/site-packages/airflow/example_dags/example_dataset_alias.py took 0.595 seconds
[2025-01-28T11:06:59.508+0000] {processor.py:186} INFO - Started process (PID=20062) to work on /mnt/c/Users/Admin/Desktop/ud_data/Dataslush_umang/airflow/airflow_venv/lib/python3.12/site-packages/airflow/example_dags/example_dataset_alias.py
[2025-01-28T11:06:59.591+0000] {processor.py:914} INFO - Processing file /mnt/c/Users/Admin/Desktop/ud_data/Dataslush_umang/airflow/airflow_venv/lib/python3.12/site-packages/airflow/example_dags/example_dataset_alias.py for tasks to queue
[2025-01-28T11:06:59.598+0000] {logging_mixin.py:190} INFO - [2025-01-28T11:06:59.596+0000] {dagbag.py:588} INFO - Filling up the DagBag from /mnt/c/Users/Admin/Desktop/ud_data/Dataslush_umang/airflow/airflow_venv/lib/python3.12/site-packages/airflow/example_dags/example_dataset_alias.py
[2025-01-28T11:06:59.832+0000] {processor.py:925} INFO - DAG(s) 'dataset_s3_bucket_producer', 'dataset_alias_example_alias_consumer', 'dataset_s3_bucket_consumer', 'dataset_alias_example_alias_producer' retrieved from /mnt/c/Users/Admin/Desktop/ud_data/Dataslush_umang/airflow/airflow_venv/lib/python3.12/site-packages/airflow/example_dags/example_dataset_alias.py
[2025-01-28T11:06:59.870+0000] {logging_mixin.py:190} INFO - [2025-01-28T11:06:59.868+0000] {dag.py:3239} INFO - Sync 4 DAGs
[2025-01-28T11:06:59.903+0000] {logging_mixin.py:190} INFO - [2025-01-28T11:06:59.901+0000] {dag.py:4180} INFO - Setting next_dagrun for dataset_alias_example_alias_consumer to None, run_after=None
[2025-01-28T11:06:59.909+0000] {logging_mixin.py:190} INFO - [2025-01-28T11:06:59.908+0000] {dag.py:4180} INFO - Setting next_dagrun for dataset_alias_example_alias_producer to None, run_after=None
[2025-01-28T11:06:59.914+0000] {logging_mixin.py:190} INFO - [2025-01-28T11:06:59.912+0000] {dag.py:4180} INFO - Setting next_dagrun for dataset_s3_bucket_consumer to None, run_after=None
[2025-01-28T11:06:59.918+0000] {logging_mixin.py:190} INFO - [2025-01-28T11:06:59.917+0000] {dag.py:4180} INFO - Setting next_dagrun for dataset_s3_bucket_producer to None, run_after=None
[2025-01-28T11:07:00.076+0000] {processor.py:208} INFO - Processing /mnt/c/Users/Admin/Desktop/ud_data/Dataslush_umang/airflow/airflow_venv/lib/python3.12/site-packages/airflow/example_dags/example_dataset_alias.py took 0.596 seconds
[2025-01-28T11:08:31.993+0000] {processor.py:186} INFO - Started process (PID=20213) to work on /mnt/c/Users/Admin/Desktop/ud_data/Dataslush_umang/airflow/airflow_venv/lib/python3.12/site-packages/airflow/example_dags/example_dataset_alias.py
[2025-01-28T11:08:31.997+0000] {processor.py:914} INFO - Processing file /mnt/c/Users/Admin/Desktop/ud_data/Dataslush_umang/airflow/airflow_venv/lib/python3.12/site-packages/airflow/example_dags/example_dataset_alias.py for tasks to queue
[2025-01-28T11:08:32.006+0000] {logging_mixin.py:190} INFO - [2025-01-28T11:08:32.005+0000] {dagbag.py:588} INFO - Filling up the DagBag from /mnt/c/Users/Admin/Desktop/ud_data/Dataslush_umang/airflow/airflow_venv/lib/python3.12/site-packages/airflow/example_dags/example_dataset_alias.py
[2025-01-28T11:08:32.279+0000] {processor.py:925} INFO - DAG(s) 'dataset_alias_example_alias_consumer', 'dataset_s3_bucket_consumer', 'dataset_s3_bucket_producer', 'dataset_alias_example_alias_producer' retrieved from /mnt/c/Users/Admin/Desktop/ud_data/Dataslush_umang/airflow/airflow_venv/lib/python3.12/site-packages/airflow/example_dags/example_dataset_alias.py
[2025-01-28T11:08:32.320+0000] {logging_mixin.py:190} INFO - [2025-01-28T11:08:32.319+0000] {dag.py:3239} INFO - Sync 4 DAGs
[2025-01-28T11:08:32.350+0000] {logging_mixin.py:190} INFO - [2025-01-28T11:08:32.349+0000] {dag.py:4180} INFO - Setting next_dagrun for dataset_alias_example_alias_consumer to None, run_after=None
[2025-01-28T11:08:32.356+0000] {logging_mixin.py:190} INFO - [2025-01-28T11:08:32.354+0000] {dag.py:4180} INFO - Setting next_dagrun for dataset_alias_example_alias_producer to None, run_after=None
[2025-01-28T11:08:32.359+0000] {logging_mixin.py:190} INFO - [2025-01-28T11:08:32.358+0000] {dag.py:4180} INFO - Setting next_dagrun for dataset_s3_bucket_consumer to None, run_after=None
[2025-01-28T11:08:32.363+0000] {logging_mixin.py:190} INFO - [2025-01-28T11:08:32.361+0000] {dag.py:4180} INFO - Setting next_dagrun for dataset_s3_bucket_producer to None, run_after=None
[2025-01-28T11:08:32.553+0000] {processor.py:208} INFO - Processing /mnt/c/Users/Admin/Desktop/ud_data/Dataslush_umang/airflow/airflow_venv/lib/python3.12/site-packages/airflow/example_dags/example_dataset_alias.py took 0.592 seconds
[2025-01-28T11:11:24.196+0000] {processor.py:186} INFO - Started process (PID=20488) to work on /mnt/c/Users/Admin/Desktop/ud_data/Dataslush_umang/airflow/airflow_venv/lib/python3.12/site-packages/airflow/example_dags/example_dataset_alias.py
[2025-01-28T11:11:24.199+0000] {processor.py:914} INFO - Processing file /mnt/c/Users/Admin/Desktop/ud_data/Dataslush_umang/airflow/airflow_venv/lib/python3.12/site-packages/airflow/example_dags/example_dataset_alias.py for tasks to queue
[2025-01-28T11:11:24.206+0000] {logging_mixin.py:190} INFO - [2025-01-28T11:11:24.204+0000] {dagbag.py:588} INFO - Filling up the DagBag from /mnt/c/Users/Admin/Desktop/ud_data/Dataslush_umang/airflow/airflow_venv/lib/python3.12/site-packages/airflow/example_dags/example_dataset_alias.py
[2025-01-28T11:10:54.364+0000] {processor.py:925} INFO - DAG(s) 'dataset_s3_bucket_producer', 'dataset_alias_example_alias_producer', 'dataset_s3_bucket_consumer', 'dataset_alias_example_alias_consumer' retrieved from /mnt/c/Users/Admin/Desktop/ud_data/Dataslush_umang/airflow/airflow_venv/lib/python3.12/site-packages/airflow/example_dags/example_dataset_alias.py
[2025-01-28T11:10:54.400+0000] {logging_mixin.py:190} INFO - [2025-01-28T11:10:54.399+0000] {dag.py:3239} INFO - Sync 4 DAGs
[2025-01-28T11:10:54.430+0000] {logging_mixin.py:190} INFO - [2025-01-28T11:10:54.429+0000] {dag.py:4180} INFO - Setting next_dagrun for dataset_alias_example_alias_consumer to None, run_after=None
[2025-01-28T11:10:54.436+0000] {logging_mixin.py:190} INFO - [2025-01-28T11:10:54.435+0000] {dag.py:4180} INFO - Setting next_dagrun for dataset_alias_example_alias_producer to None, run_after=None
[2025-01-28T11:10:54.441+0000] {logging_mixin.py:190} INFO - [2025-01-28T11:10:54.439+0000] {dag.py:4180} INFO - Setting next_dagrun for dataset_s3_bucket_consumer to None, run_after=None
[2025-01-28T11:10:54.444+0000] {logging_mixin.py:190} INFO - [2025-01-28T11:10:54.443+0000] {dag.py:4180} INFO - Setting next_dagrun for dataset_s3_bucket_producer to None, run_after=None
[2025-01-28T11:10:55.453+0000] {processor.py:208} INFO - Processing /mnt/c/Users/Admin/Desktop/ud_data/Dataslush_umang/airflow/airflow_venv/lib/python3.12/site-packages/airflow/example_dags/example_dataset_alias.py took 1.365 seconds
[2025-01-28T11:12:31.603+0000] {processor.py:186} INFO - Started process (PID=20604) to work on /mnt/c/Users/Admin/Desktop/ud_data/Dataslush_umang/airflow/airflow_venv/lib/python3.12/site-packages/airflow/example_dags/example_dataset_alias.py
[2025-01-28T11:12:31.606+0000] {processor.py:914} INFO - Processing file /mnt/c/Users/Admin/Desktop/ud_data/Dataslush_umang/airflow/airflow_venv/lib/python3.12/site-packages/airflow/example_dags/example_dataset_alias.py for tasks to queue
[2025-01-28T11:12:31.612+0000] {logging_mixin.py:190} INFO - [2025-01-28T11:12:31.610+0000] {dagbag.py:588} INFO - Filling up the DagBag from /mnt/c/Users/Admin/Desktop/ud_data/Dataslush_umang/airflow/airflow_venv/lib/python3.12/site-packages/airflow/example_dags/example_dataset_alias.py
[2025-01-28T11:12:31.823+0000] {processor.py:925} INFO - DAG(s) 'dataset_s3_bucket_producer', 'dataset_s3_bucket_consumer', 'dataset_alias_example_alias_consumer', 'dataset_alias_example_alias_producer' retrieved from /mnt/c/Users/Admin/Desktop/ud_data/Dataslush_umang/airflow/airflow_venv/lib/python3.12/site-packages/airflow/example_dags/example_dataset_alias.py
[2025-01-28T11:12:31.854+0000] {logging_mixin.py:190} INFO - [2025-01-28T11:12:31.853+0000] {dag.py:3239} INFO - Sync 4 DAGs
[2025-01-28T11:12:31.881+0000] {logging_mixin.py:190} INFO - [2025-01-28T11:12:31.880+0000] {dag.py:4180} INFO - Setting next_dagrun for dataset_alias_example_alias_consumer to None, run_after=None
[2025-01-28T11:12:31.886+0000] {logging_mixin.py:190} INFO - [2025-01-28T11:12:31.885+0000] {dag.py:4180} INFO - Setting next_dagrun for dataset_alias_example_alias_producer to None, run_after=None
[2025-01-28T11:12:31.889+0000] {logging_mixin.py:190} INFO - [2025-01-28T11:12:31.888+0000] {dag.py:4180} INFO - Setting next_dagrun for dataset_s3_bucket_consumer to None, run_after=None
[2025-01-28T11:12:31.892+0000] {logging_mixin.py:190} INFO - [2025-01-28T11:12:31.891+0000] {dag.py:4180} INFO - Setting next_dagrun for dataset_s3_bucket_producer to None, run_after=None
[2025-01-28T11:12:32.202+0000] {processor.py:208} INFO - Processing /mnt/c/Users/Admin/Desktop/ud_data/Dataslush_umang/airflow/airflow_venv/lib/python3.12/site-packages/airflow/example_dags/example_dataset_alias.py took 0.621 seconds
[2025-01-28T11:14:08.800+0000] {processor.py:186} INFO - Started process (PID=20716) to work on /mnt/c/Users/Admin/Desktop/ud_data/Dataslush_umang/airflow/airflow_venv/lib/python3.12/site-packages/airflow/example_dags/example_dataset_alias.py
[2025-01-28T11:14:08.803+0000] {processor.py:914} INFO - Processing file /mnt/c/Users/Admin/Desktop/ud_data/Dataslush_umang/airflow/airflow_venv/lib/python3.12/site-packages/airflow/example_dags/example_dataset_alias.py for tasks to queue
[2025-01-28T11:14:08.810+0000] {logging_mixin.py:190} INFO - [2025-01-28T11:14:08.809+0000] {dagbag.py:588} INFO - Filling up the DagBag from /mnt/c/Users/Admin/Desktop/ud_data/Dataslush_umang/airflow/airflow_venv/lib/python3.12/site-packages/airflow/example_dags/example_dataset_alias.py
[2025-01-28T11:14:09.028+0000] {processor.py:925} INFO - DAG(s) 'dataset_s3_bucket_consumer', 'dataset_alias_example_alias_producer', 'dataset_s3_bucket_producer', 'dataset_alias_example_alias_consumer' retrieved from /mnt/c/Users/Admin/Desktop/ud_data/Dataslush_umang/airflow/airflow_venv/lib/python3.12/site-packages/airflow/example_dags/example_dataset_alias.py
[2025-01-28T11:14:09.071+0000] {logging_mixin.py:190} INFO - [2025-01-28T11:14:09.070+0000] {dag.py:3239} INFO - Sync 4 DAGs
[2025-01-28T11:14:09.109+0000] {logging_mixin.py:190} INFO - [2025-01-28T11:14:09.107+0000] {dag.py:4180} INFO - Setting next_dagrun for dataset_alias_example_alias_consumer to None, run_after=None
[2025-01-28T11:14:09.114+0000] {logging_mixin.py:190} INFO - [2025-01-28T11:14:09.113+0000] {dag.py:4180} INFO - Setting next_dagrun for dataset_alias_example_alias_producer to None, run_after=None
[2025-01-28T11:14:09.118+0000] {logging_mixin.py:190} INFO - [2025-01-28T11:14:09.117+0000] {dag.py:4180} INFO - Setting next_dagrun for dataset_s3_bucket_consumer to None, run_after=None
[2025-01-28T11:14:09.122+0000] {logging_mixin.py:190} INFO - [2025-01-28T11:14:09.120+0000] {dag.py:4180} INFO - Setting next_dagrun for dataset_s3_bucket_producer to None, run_after=None
[2025-01-28T11:14:09.171+0000] {processor.py:208} INFO - Processing /mnt/c/Users/Admin/Desktop/ud_data/Dataslush_umang/airflow/airflow_venv/lib/python3.12/site-packages/airflow/example_dags/example_dataset_alias.py took 0.402 seconds
