[2025-01-28T10:11:41.993+0000] {processor.py:186} INFO - Started process (PID=14691) to work on /mnt/c/Users/Admin/Desktop/ud_data/Dataslush_umang/airflow/airflow_venv/lib/python3.12/site-packages/airflow/example_dags/example_xcom.py
[2025-01-28T10:11:41.995+0000] {processor.py:914} INFO - Processing file /mnt/c/Users/Admin/Desktop/ud_data/Dataslush_umang/airflow/airflow_venv/lib/python3.12/site-packages/airflow/example_dags/example_xcom.py for tasks to queue
[2025-01-28T10:11:42.002+0000] {logging_mixin.py:190} INFO - [2025-01-28T10:11:42.000+0000] {dagbag.py:588} INFO - Filling up the DagBag from /mnt/c/Users/Admin/Desktop/ud_data/Dataslush_umang/airflow/airflow_venv/lib/python3.12/site-packages/airflow/example_dags/example_xcom.py
[2025-01-28T10:11:42.203+0000] {processor.py:925} INFO - DAG(s) 'example_xcom' retrieved from /mnt/c/Users/Admin/Desktop/ud_data/Dataslush_umang/airflow/airflow_venv/lib/python3.12/site-packages/airflow/example_dags/example_xcom.py
[2025-01-28T10:11:44.376+0000] {logging_mixin.py:190} INFO - [2025-01-28T10:11:44.374+0000] {override.py:1912} INFO - Created Permission View: can edit on DAG:example_xcom
[2025-01-28T10:11:44.500+0000] {logging_mixin.py:190} INFO - [2025-01-28T10:11:44.498+0000] {override.py:1912} INFO - Created Permission View: can read on DAG:example_xcom
[2025-01-28T10:11:44.527+0000] {logging_mixin.py:190} INFO - [2025-01-28T10:11:44.525+0000] {override.py:1912} INFO - Created Permission View: can delete on DAG:example_xcom
[2025-01-28T10:11:44.570+0000] {logging_mixin.py:190} INFO - [2025-01-28T10:11:44.568+0000] {override.py:1912} INFO - Created Permission View: can create on DAG Run:example_xcom
[2025-01-28T10:11:44.704+0000] {logging_mixin.py:190} INFO - [2025-01-28T10:11:44.702+0000] {override.py:1912} INFO - Created Permission View: menu access on DAG Run:example_xcom
[2025-01-28T10:11:44.734+0000] {logging_mixin.py:190} INFO - [2025-01-28T10:11:44.732+0000] {override.py:1912} INFO - Created Permission View: can read on DAG Run:example_xcom
[2025-01-28T10:11:44.769+0000] {logging_mixin.py:190} INFO - [2025-01-28T10:11:44.767+0000] {override.py:1912} INFO - Created Permission View: can delete on DAG Run:example_xcom
[2025-01-28T10:11:44.772+0000] {logging_mixin.py:190} INFO - [2025-01-28T10:11:44.771+0000] {dag.py:3239} INFO - Sync 1 DAGs
[2025-01-28T10:11:44.815+0000] {logging_mixin.py:190} INFO - [2025-01-28T10:11:44.814+0000] {dag.py:3262} INFO - Creating ORM DAG for example_xcom
[2025-01-28T10:11:44.835+0000] {logging_mixin.py:190} INFO - [2025-01-28T10:11:44.833+0000] {dag.py:4180} INFO - Setting next_dagrun for example_xcom to 2021-01-01 00:00:00+00:00, run_after=2021-01-01 00:00:00+00:00
[2025-01-28T10:11:45.004+0000] {processor.py:208} INFO - Processing /mnt/c/Users/Admin/Desktop/ud_data/Dataslush_umang/airflow/airflow_venv/lib/python3.12/site-packages/airflow/example_dags/example_xcom.py took 3.038 seconds
[2025-01-28T10:14:53.933+0000] {processor.py:186} INFO - Started process (PID=14954) to work on /mnt/c/Users/Admin/Desktop/ud_data/Dataslush_umang/airflow/airflow_venv/lib/python3.12/site-packages/airflow/example_dags/example_xcom.py
[2025-01-28T10:14:53.978+0000] {processor.py:914} INFO - Processing file /mnt/c/Users/Admin/Desktop/ud_data/Dataslush_umang/airflow/airflow_venv/lib/python3.12/site-packages/airflow/example_dags/example_xcom.py for tasks to queue
[2025-01-28T10:14:53.994+0000] {logging_mixin.py:190} INFO - [2025-01-28T10:14:53.989+0000] {dagbag.py:588} INFO - Filling up the DagBag from /mnt/c/Users/Admin/Desktop/ud_data/Dataslush_umang/airflow/airflow_venv/lib/python3.12/site-packages/airflow/example_dags/example_xcom.py
[2025-01-28T10:14:54.093+0000] {processor.py:925} INFO - DAG(s) 'example_xcom' retrieved from /mnt/c/Users/Admin/Desktop/ud_data/Dataslush_umang/airflow/airflow_venv/lib/python3.12/site-packages/airflow/example_dags/example_xcom.py
[2025-01-28T10:14:54.118+0000] {logging_mixin.py:190} INFO - [2025-01-28T10:14:54.116+0000] {dag.py:3239} INFO - Sync 1 DAGs
[2025-01-28T10:14:54.138+0000] {logging_mixin.py:190} INFO - [2025-01-28T10:14:54.136+0000] {dag.py:4180} INFO - Setting next_dagrun for example_xcom to 2021-01-01 00:00:00+00:00, run_after=2021-01-01 00:00:00+00:00
[2025-01-28T10:14:54.541+0000] {processor.py:208} INFO - Processing /mnt/c/Users/Admin/Desktop/ud_data/Dataslush_umang/airflow/airflow_venv/lib/python3.12/site-packages/airflow/example_dags/example_xcom.py took 0.631 seconds
[2025-01-28T10:16:00.607+0000] {processor.py:186} INFO - Started process (PID=15050) to work on /mnt/c/Users/Admin/Desktop/ud_data/Dataslush_umang/airflow/airflow_venv/lib/python3.12/site-packages/airflow/example_dags/example_xcom.py
[2025-01-28T10:16:00.610+0000] {processor.py:914} INFO - Processing file /mnt/c/Users/Admin/Desktop/ud_data/Dataslush_umang/airflow/airflow_venv/lib/python3.12/site-packages/airflow/example_dags/example_xcom.py for tasks to queue
[2025-01-28T10:16:00.617+0000] {logging_mixin.py:190} INFO - [2025-01-28T10:16:00.615+0000] {dagbag.py:588} INFO - Filling up the DagBag from /mnt/c/Users/Admin/Desktop/ud_data/Dataslush_umang/airflow/airflow_venv/lib/python3.12/site-packages/airflow/example_dags/example_xcom.py
[2025-01-28T10:16:00.713+0000] {processor.py:925} INFO - DAG(s) 'example_xcom' retrieved from /mnt/c/Users/Admin/Desktop/ud_data/Dataslush_umang/airflow/airflow_venv/lib/python3.12/site-packages/airflow/example_dags/example_xcom.py
[2025-01-28T10:16:00.741+0000] {logging_mixin.py:190} INFO - [2025-01-28T10:16:00.739+0000] {dag.py:3239} INFO - Sync 1 DAGs
[2025-01-28T10:16:00.762+0000] {logging_mixin.py:190} INFO - [2025-01-28T10:16:00.760+0000] {dag.py:4180} INFO - Setting next_dagrun for example_xcom to 2021-01-01 00:00:00+00:00, run_after=2021-01-01 00:00:00+00:00
[2025-01-28T10:16:00.931+0000] {processor.py:208} INFO - Processing /mnt/c/Users/Admin/Desktop/ud_data/Dataslush_umang/airflow/airflow_venv/lib/python3.12/site-packages/airflow/example_dags/example_xcom.py took 0.350 seconds
[2025-01-28T10:16:49.726+0000] {processor.py:186} INFO - Started process (PID=15145) to work on /mnt/c/Users/Admin/Desktop/ud_data/Dataslush_umang/airflow/airflow_venv/lib/python3.12/site-packages/airflow/example_dags/example_xcom.py
[2025-01-28T10:16:49.847+0000] {processor.py:914} INFO - Processing file /mnt/c/Users/Admin/Desktop/ud_data/Dataslush_umang/airflow/airflow_venv/lib/python3.12/site-packages/airflow/example_dags/example_xcom.py for tasks to queue
[2025-01-28T10:16:49.854+0000] {logging_mixin.py:190} INFO - [2025-01-28T10:16:49.852+0000] {dagbag.py:588} INFO - Filling up the DagBag from /mnt/c/Users/Admin/Desktop/ud_data/Dataslush_umang/airflow/airflow_venv/lib/python3.12/site-packages/airflow/example_dags/example_xcom.py
[2025-01-28T10:16:49.964+0000] {processor.py:925} INFO - DAG(s) 'example_xcom' retrieved from /mnt/c/Users/Admin/Desktop/ud_data/Dataslush_umang/airflow/airflow_venv/lib/python3.12/site-packages/airflow/example_dags/example_xcom.py
[2025-01-28T10:16:49.995+0000] {logging_mixin.py:190} INFO - [2025-01-28T10:16:49.993+0000] {dag.py:3239} INFO - Sync 1 DAGs
[2025-01-28T10:16:50.021+0000] {logging_mixin.py:190} INFO - [2025-01-28T10:16:50.019+0000] {dag.py:4180} INFO - Setting next_dagrun for example_xcom to 2021-01-01 00:00:00+00:00, run_after=2021-01-01 00:00:00+00:00
[2025-01-28T10:16:50.583+0000] {processor.py:208} INFO - Processing /mnt/c/Users/Admin/Desktop/ud_data/Dataslush_umang/airflow/airflow_venv/lib/python3.12/site-packages/airflow/example_dags/example_xcom.py took 0.883 seconds
[2025-01-28T10:17:49.285+0000] {processor.py:186} INFO - Started process (PID=15241) to work on /mnt/c/Users/Admin/Desktop/ud_data/Dataslush_umang/airflow/airflow_venv/lib/python3.12/site-packages/airflow/example_dags/example_xcom.py
[2025-01-28T10:17:49.563+0000] {processor.py:914} INFO - Processing file /mnt/c/Users/Admin/Desktop/ud_data/Dataslush_umang/airflow/airflow_venv/lib/python3.12/site-packages/airflow/example_dags/example_xcom.py for tasks to queue
[2025-01-28T10:17:49.580+0000] {logging_mixin.py:190} INFO - [2025-01-28T10:17:49.574+0000] {dagbag.py:588} INFO - Filling up the DagBag from /mnt/c/Users/Admin/Desktop/ud_data/Dataslush_umang/airflow/airflow_venv/lib/python3.12/site-packages/airflow/example_dags/example_xcom.py
[2025-01-28T10:17:49.843+0000] {processor.py:925} INFO - DAG(s) 'example_xcom' retrieved from /mnt/c/Users/Admin/Desktop/ud_data/Dataslush_umang/airflow/airflow_venv/lib/python3.12/site-packages/airflow/example_dags/example_xcom.py
[2025-01-28T10:17:49.893+0000] {logging_mixin.py:190} INFO - [2025-01-28T10:17:49.890+0000] {dag.py:3239} INFO - Sync 1 DAGs
[2025-01-28T10:17:49.944+0000] {logging_mixin.py:190} INFO - [2025-01-28T10:17:49.941+0000] {dag.py:4180} INFO - Setting next_dagrun for example_xcom to 2021-01-01 00:00:00+00:00, run_after=2021-01-01 00:00:00+00:00
[2025-01-28T10:17:50.307+0000] {processor.py:208} INFO - Processing /mnt/c/Users/Admin/Desktop/ud_data/Dataslush_umang/airflow/airflow_venv/lib/python3.12/site-packages/airflow/example_dags/example_xcom.py took 1.073 seconds
[2025-01-28T10:19:00.944+0000] {processor.py:186} INFO - Started process (PID=15381) to work on /mnt/c/Users/Admin/Desktop/ud_data/Dataslush_umang/airflow/airflow_venv/lib/python3.12/site-packages/airflow/example_dags/example_xcom.py
[2025-01-28T10:19:00.948+0000] {processor.py:914} INFO - Processing file /mnt/c/Users/Admin/Desktop/ud_data/Dataslush_umang/airflow/airflow_venv/lib/python3.12/site-packages/airflow/example_dags/example_xcom.py for tasks to queue
[2025-01-28T10:19:00.954+0000] {logging_mixin.py:190} INFO - [2025-01-28T10:19:00.952+0000] {dagbag.py:588} INFO - Filling up the DagBag from /mnt/c/Users/Admin/Desktop/ud_data/Dataslush_umang/airflow/airflow_venv/lib/python3.12/site-packages/airflow/example_dags/example_xcom.py
[2025-01-28T10:19:01.148+0000] {processor.py:925} INFO - DAG(s) 'example_xcom' retrieved from /mnt/c/Users/Admin/Desktop/ud_data/Dataslush_umang/airflow/airflow_venv/lib/python3.12/site-packages/airflow/example_dags/example_xcom.py
[2025-01-28T10:19:01.179+0000] {logging_mixin.py:190} INFO - [2025-01-28T10:19:01.176+0000] {dag.py:3239} INFO - Sync 1 DAGs
[2025-01-28T10:19:01.204+0000] {logging_mixin.py:190} INFO - [2025-01-28T10:19:01.202+0000] {dag.py:4180} INFO - Setting next_dagrun for example_xcom to 2021-01-01 00:00:00+00:00, run_after=2021-01-01 00:00:00+00:00
[2025-01-28T10:19:01.246+0000] {processor.py:208} INFO - Processing /mnt/c/Users/Admin/Desktop/ud_data/Dataslush_umang/airflow/airflow_venv/lib/python3.12/site-packages/airflow/example_dags/example_xcom.py took 0.328 seconds
[2025-01-28T10:20:18.639+0000] {processor.py:186} INFO - Started process (PID=15492) to work on /mnt/c/Users/Admin/Desktop/ud_data/Dataslush_umang/airflow/airflow_venv/lib/python3.12/site-packages/airflow/example_dags/example_xcom.py
[2025-01-28T10:20:18.648+0000] {processor.py:914} INFO - Processing file /mnt/c/Users/Admin/Desktop/ud_data/Dataslush_umang/airflow/airflow_venv/lib/python3.12/site-packages/airflow/example_dags/example_xcom.py for tasks to queue
[2025-01-28T10:20:18.660+0000] {logging_mixin.py:190} INFO - [2025-01-28T10:20:18.656+0000] {dagbag.py:588} INFO - Filling up the DagBag from /mnt/c/Users/Admin/Desktop/ud_data/Dataslush_umang/airflow/airflow_venv/lib/python3.12/site-packages/airflow/example_dags/example_xcom.py
[2025-01-28T10:20:49.104+0000] {processor.py:925} INFO - DAG(s) 'example_xcom' retrieved from /mnt/c/Users/Admin/Desktop/ud_data/Dataslush_umang/airflow/airflow_venv/lib/python3.12/site-packages/airflow/example_dags/example_xcom.py
[2025-01-28T10:20:19.068+0000] {logging_mixin.py:190} INFO - [2025-01-28T10:20:19.065+0000] {dag.py:3239} INFO - Sync 1 DAGs
[2025-01-28T10:20:19.120+0000] {logging_mixin.py:190} INFO - [2025-01-28T10:20:19.118+0000] {dag.py:4180} INFO - Setting next_dagrun for example_xcom to 2021-01-01 00:00:00+00:00, run_after=2021-01-01 00:00:00+00:00
[2025-01-28T10:20:19.229+0000] {processor.py:208} INFO - Processing /mnt/c/Users/Admin/Desktop/ud_data/Dataslush_umang/airflow/airflow_venv/lib/python3.12/site-packages/airflow/example_dags/example_xcom.py took 0.654 seconds
[2025-01-28T10:21:51.408+0000] {processor.py:186} INFO - Started process (PID=15618) to work on /mnt/c/Users/Admin/Desktop/ud_data/Dataslush_umang/airflow/airflow_venv/lib/python3.12/site-packages/airflow/example_dags/example_xcom.py
[2025-01-28T10:21:51.463+0000] {processor.py:914} INFO - Processing file /mnt/c/Users/Admin/Desktop/ud_data/Dataslush_umang/airflow/airflow_venv/lib/python3.12/site-packages/airflow/example_dags/example_xcom.py for tasks to queue
[2025-01-28T10:21:51.481+0000] {logging_mixin.py:190} INFO - [2025-01-28T10:21:51.476+0000] {dagbag.py:588} INFO - Filling up the DagBag from /mnt/c/Users/Admin/Desktop/ud_data/Dataslush_umang/airflow/airflow_venv/lib/python3.12/site-packages/airflow/example_dags/example_xcom.py
[2025-01-28T10:21:51.834+0000] {processor.py:925} INFO - DAG(s) 'example_xcom' retrieved from /mnt/c/Users/Admin/Desktop/ud_data/Dataslush_umang/airflow/airflow_venv/lib/python3.12/site-packages/airflow/example_dags/example_xcom.py
[2025-01-28T10:21:51.910+0000] {logging_mixin.py:190} INFO - [2025-01-28T10:21:51.906+0000] {dag.py:3239} INFO - Sync 1 DAGs
[2025-01-28T10:21:51.986+0000] {logging_mixin.py:190} INFO - [2025-01-28T10:21:51.982+0000] {dag.py:4180} INFO - Setting next_dagrun for example_xcom to 2021-01-01 00:00:00+00:00, run_after=2021-01-01 00:00:00+00:00
[2025-01-28T10:21:52.095+0000] {processor.py:208} INFO - Processing /mnt/c/Users/Admin/Desktop/ud_data/Dataslush_umang/airflow/airflow_venv/lib/python3.12/site-packages/airflow/example_dags/example_xcom.py took 0.760 seconds
[2025-01-28T10:23:32.507+0000] {processor.py:186} INFO - Started process (PID=15806) to work on /mnt/c/Users/Admin/Desktop/ud_data/Dataslush_umang/airflow/airflow_venv/lib/python3.12/site-packages/airflow/example_dags/example_xcom.py
[2025-01-28T10:23:32.826+0000] {processor.py:914} INFO - Processing file /mnt/c/Users/Admin/Desktop/ud_data/Dataslush_umang/airflow/airflow_venv/lib/python3.12/site-packages/airflow/example_dags/example_xcom.py for tasks to queue
[2025-01-28T10:23:32.843+0000] {logging_mixin.py:190} INFO - [2025-01-28T10:23:32.837+0000] {dagbag.py:588} INFO - Filling up the DagBag from /mnt/c/Users/Admin/Desktop/ud_data/Dataslush_umang/airflow/airflow_venv/lib/python3.12/site-packages/airflow/example_dags/example_xcom.py
[2025-01-28T10:23:32.989+0000] {processor.py:925} INFO - DAG(s) 'example_xcom' retrieved from /mnt/c/Users/Admin/Desktop/ud_data/Dataslush_umang/airflow/airflow_venv/lib/python3.12/site-packages/airflow/example_dags/example_xcom.py
[2025-01-28T10:23:33.195+0000] {logging_mixin.py:190} INFO - [2025-01-28T10:23:33.191+0000] {dag.py:3239} INFO - Sync 1 DAGs
[2025-01-28T10:23:33.253+0000] {logging_mixin.py:190} INFO - [2025-01-28T10:23:33.250+0000] {dag.py:4180} INFO - Setting next_dagrun for example_xcom to 2021-01-01 00:00:00+00:00, run_after=2021-01-01 00:00:00+00:00
[2025-01-28T10:23:33.456+0000] {processor.py:208} INFO - Processing /mnt/c/Users/Admin/Desktop/ud_data/Dataslush_umang/airflow/airflow_venv/lib/python3.12/site-packages/airflow/example_dags/example_xcom.py took 1.016 seconds
[2025-01-28T10:25:11.581+0000] {processor.py:186} INFO - Started process (PID=16003) to work on /mnt/c/Users/Admin/Desktop/ud_data/Dataslush_umang/airflow/airflow_venv/lib/python3.12/site-packages/airflow/example_dags/example_xcom.py
[2025-01-28T10:25:11.591+0000] {processor.py:914} INFO - Processing file /mnt/c/Users/Admin/Desktop/ud_data/Dataslush_umang/airflow/airflow_venv/lib/python3.12/site-packages/airflow/example_dags/example_xcom.py for tasks to queue
[2025-01-28T10:25:11.608+0000] {logging_mixin.py:190} INFO - [2025-01-28T10:25:11.602+0000] {dagbag.py:588} INFO - Filling up the DagBag from /mnt/c/Users/Admin/Desktop/ud_data/Dataslush_umang/airflow/airflow_venv/lib/python3.12/site-packages/airflow/example_dags/example_xcom.py
[2025-01-28T10:25:11.942+0000] {processor.py:925} INFO - DAG(s) 'example_xcom' retrieved from /mnt/c/Users/Admin/Desktop/ud_data/Dataslush_umang/airflow/airflow_venv/lib/python3.12/site-packages/airflow/example_dags/example_xcom.py
[2025-01-28T10:25:12.067+0000] {logging_mixin.py:190} INFO - [2025-01-28T10:25:12.064+0000] {dag.py:3239} INFO - Sync 1 DAGs
[2025-01-28T10:25:12.097+0000] {logging_mixin.py:190} INFO - [2025-01-28T10:25:12.095+0000] {dag.py:4180} INFO - Setting next_dagrun for example_xcom to 2021-01-01 00:00:00+00:00, run_after=2021-01-01 00:00:00+00:00
[2025-01-28T10:25:12.138+0000] {processor.py:208} INFO - Processing /mnt/c/Users/Admin/Desktop/ud_data/Dataslush_umang/airflow/airflow_venv/lib/python3.12/site-packages/airflow/example_dags/example_xcom.py took 0.634 seconds
[2025-01-28T10:26:27.934+0000] {processor.py:186} INFO - Started process (PID=16174) to work on /mnt/c/Users/Admin/Desktop/ud_data/Dataslush_umang/airflow/airflow_venv/lib/python3.12/site-packages/airflow/example_dags/example_xcom.py
[2025-01-28T10:26:27.940+0000] {processor.py:914} INFO - Processing file /mnt/c/Users/Admin/Desktop/ud_data/Dataslush_umang/airflow/airflow_venv/lib/python3.12/site-packages/airflow/example_dags/example_xcom.py for tasks to queue
[2025-01-28T10:26:27.955+0000] {logging_mixin.py:190} INFO - [2025-01-28T10:26:27.951+0000] {dagbag.py:588} INFO - Filling up the DagBag from /mnt/c/Users/Admin/Desktop/ud_data/Dataslush_umang/airflow/airflow_venv/lib/python3.12/site-packages/airflow/example_dags/example_xcom.py
[2025-01-28T10:26:28.244+0000] {processor.py:925} INFO - DAG(s) 'example_xcom' retrieved from /mnt/c/Users/Admin/Desktop/ud_data/Dataslush_umang/airflow/airflow_venv/lib/python3.12/site-packages/airflow/example_dags/example_xcom.py
[2025-01-28T10:26:28.301+0000] {logging_mixin.py:190} INFO - [2025-01-28T10:26:28.299+0000] {dag.py:3239} INFO - Sync 1 DAGs
[2025-01-28T10:26:28.348+0000] {logging_mixin.py:190} INFO - [2025-01-28T10:26:28.346+0000] {dag.py:4180} INFO - Setting next_dagrun for example_xcom to 2021-01-01 00:00:00+00:00, run_after=2021-01-01 00:00:00+00:00
[2025-01-28T10:26:28.449+0000] {processor.py:208} INFO - Processing /mnt/c/Users/Admin/Desktop/ud_data/Dataslush_umang/airflow/airflow_venv/lib/python3.12/site-packages/airflow/example_dags/example_xcom.py took 0.580 seconds
[2025-01-28T10:27:57.482+0000] {processor.py:186} INFO - Started process (PID=16282) to work on /mnt/c/Users/Admin/Desktop/ud_data/Dataslush_umang/airflow/airflow_venv/lib/python3.12/site-packages/airflow/example_dags/example_xcom.py
[2025-01-28T10:27:57.489+0000] {processor.py:914} INFO - Processing file /mnt/c/Users/Admin/Desktop/ud_data/Dataslush_umang/airflow/airflow_venv/lib/python3.12/site-packages/airflow/example_dags/example_xcom.py for tasks to queue
[2025-01-28T10:27:57.507+0000] {logging_mixin.py:190} INFO - [2025-01-28T10:27:57.501+0000] {dagbag.py:588} INFO - Filling up the DagBag from /mnt/c/Users/Admin/Desktop/ud_data/Dataslush_umang/airflow/airflow_venv/lib/python3.12/site-packages/airflow/example_dags/example_xcom.py
[2025-01-28T10:27:57.760+0000] {processor.py:925} INFO - DAG(s) 'example_xcom' retrieved from /mnt/c/Users/Admin/Desktop/ud_data/Dataslush_umang/airflow/airflow_venv/lib/python3.12/site-packages/airflow/example_dags/example_xcom.py
[2025-01-28T10:27:57.792+0000] {logging_mixin.py:190} INFO - [2025-01-28T10:27:57.790+0000] {dag.py:3239} INFO - Sync 1 DAGs
[2025-01-28T10:27:57.833+0000] {logging_mixin.py:190} INFO - [2025-01-28T10:27:57.829+0000] {dag.py:4180} INFO - Setting next_dagrun for example_xcom to 2021-01-01 00:00:00+00:00, run_after=2021-01-01 00:00:00+00:00
[2025-01-28T10:27:58.027+0000] {processor.py:208} INFO - Processing /mnt/c/Users/Admin/Desktop/ud_data/Dataslush_umang/airflow/airflow_venv/lib/python3.12/site-packages/airflow/example_dags/example_xcom.py took 0.618 seconds
[2025-01-28T10:29:20.426+0000] {processor.py:186} INFO - Started process (PID=16359) to work on /mnt/c/Users/Admin/Desktop/ud_data/Dataslush_umang/airflow/airflow_venv/lib/python3.12/site-packages/airflow/example_dags/example_xcom.py
[2025-01-28T10:29:20.455+0000] {processor.py:914} INFO - Processing file /mnt/c/Users/Admin/Desktop/ud_data/Dataslush_umang/airflow/airflow_venv/lib/python3.12/site-packages/airflow/example_dags/example_xcom.py for tasks to queue
[2025-01-28T10:29:20.470+0000] {logging_mixin.py:190} INFO - [2025-01-28T10:29:20.464+0000] {dagbag.py:588} INFO - Filling up the DagBag from /mnt/c/Users/Admin/Desktop/ud_data/Dataslush_umang/airflow/airflow_venv/lib/python3.12/site-packages/airflow/example_dags/example_xcom.py
[2025-01-28T10:29:20.807+0000] {processor.py:925} INFO - DAG(s) 'example_xcom' retrieved from /mnt/c/Users/Admin/Desktop/ud_data/Dataslush_umang/airflow/airflow_venv/lib/python3.12/site-packages/airflow/example_dags/example_xcom.py
[2025-01-28T10:29:20.860+0000] {logging_mixin.py:190} INFO - [2025-01-28T10:29:20.856+0000] {dag.py:3239} INFO - Sync 1 DAGs
[2025-01-28T10:29:20.925+0000] {logging_mixin.py:190} INFO - [2025-01-28T10:29:20.922+0000] {dag.py:4180} INFO - Setting next_dagrun for example_xcom to 2021-01-01 00:00:00+00:00, run_after=2021-01-01 00:00:00+00:00
[2025-01-28T10:29:22.599+0000] {processor.py:208} INFO - Processing /mnt/c/Users/Admin/Desktop/ud_data/Dataslush_umang/airflow/airflow_venv/lib/python3.12/site-packages/airflow/example_dags/example_xcom.py took 2.244 seconds
[2025-01-28T10:30:45.597+0000] {processor.py:186} INFO - Started process (PID=16454) to work on /mnt/c/Users/Admin/Desktop/ud_data/Dataslush_umang/airflow/airflow_venv/lib/python3.12/site-packages/airflow/example_dags/example_xcom.py
[2025-01-28T10:30:45.624+0000] {processor.py:914} INFO - Processing file /mnt/c/Users/Admin/Desktop/ud_data/Dataslush_umang/airflow/airflow_venv/lib/python3.12/site-packages/airflow/example_dags/example_xcom.py for tasks to queue
[2025-01-28T10:30:45.630+0000] {logging_mixin.py:190} INFO - [2025-01-28T10:30:45.628+0000] {dagbag.py:588} INFO - Filling up the DagBag from /mnt/c/Users/Admin/Desktop/ud_data/Dataslush_umang/airflow/airflow_venv/lib/python3.12/site-packages/airflow/example_dags/example_xcom.py
[2025-01-28T10:30:45.802+0000] {processor.py:925} INFO - DAG(s) 'example_xcom' retrieved from /mnt/c/Users/Admin/Desktop/ud_data/Dataslush_umang/airflow/airflow_venv/lib/python3.12/site-packages/airflow/example_dags/example_xcom.py
[2025-01-28T10:30:45.833+0000] {logging_mixin.py:190} INFO - [2025-01-28T10:30:45.831+0000] {dag.py:3239} INFO - Sync 1 DAGs
[2025-01-28T10:30:45.859+0000] {logging_mixin.py:190} INFO - [2025-01-28T10:30:45.857+0000] {dag.py:4180} INFO - Setting next_dagrun for example_xcom to 2021-01-01 00:00:00+00:00, run_after=2021-01-01 00:00:00+00:00
[2025-01-28T10:30:46.837+0000] {processor.py:208} INFO - Processing /mnt/c/Users/Admin/Desktop/ud_data/Dataslush_umang/airflow/airflow_venv/lib/python3.12/site-packages/airflow/example_dags/example_xcom.py took 1.270 seconds
[2025-01-28T10:31:45.608+0000] {processor.py:186} INFO - Started process (PID=16597) to work on /mnt/c/Users/Admin/Desktop/ud_data/Dataslush_umang/airflow/airflow_venv/lib/python3.12/site-packages/airflow/example_dags/example_xcom.py
[2025-01-28T10:31:45.838+0000] {processor.py:914} INFO - Processing file /mnt/c/Users/Admin/Desktop/ud_data/Dataslush_umang/airflow/airflow_venv/lib/python3.12/site-packages/airflow/example_dags/example_xcom.py for tasks to queue
[2025-01-28T10:31:45.857+0000] {logging_mixin.py:190} INFO - [2025-01-28T10:31:45.849+0000] {dagbag.py:588} INFO - Filling up the DagBag from /mnt/c/Users/Admin/Desktop/ud_data/Dataslush_umang/airflow/airflow_venv/lib/python3.12/site-packages/airflow/example_dags/example_xcom.py
[2025-01-28T10:31:46.026+0000] {processor.py:925} INFO - DAG(s) 'example_xcom' retrieved from /mnt/c/Users/Admin/Desktop/ud_data/Dataslush_umang/airflow/airflow_venv/lib/python3.12/site-packages/airflow/example_dags/example_xcom.py
[2025-01-28T10:31:46.056+0000] {logging_mixin.py:190} INFO - [2025-01-28T10:31:46.054+0000] {dag.py:3239} INFO - Sync 1 DAGs
[2025-01-28T10:31:46.082+0000] {logging_mixin.py:190} INFO - [2025-01-28T10:31:46.081+0000] {dag.py:4180} INFO - Setting next_dagrun for example_xcom to 2021-01-01 00:00:00+00:00, run_after=2021-01-01 00:00:00+00:00
[2025-01-28T10:31:48.359+0000] {processor.py:208} INFO - Processing /mnt/c/Users/Admin/Desktop/ud_data/Dataslush_umang/airflow/airflow_venv/lib/python3.12/site-packages/airflow/example_dags/example_xcom.py took 2.800 seconds
[2025-01-28T10:32:55.737+0000] {processor.py:186} INFO - Started process (PID=16672) to work on /mnt/c/Users/Admin/Desktop/ud_data/Dataslush_umang/airflow/airflow_venv/lib/python3.12/site-packages/airflow/example_dags/example_xcom.py
[2025-01-28T10:32:55.741+0000] {processor.py:914} INFO - Processing file /mnt/c/Users/Admin/Desktop/ud_data/Dataslush_umang/airflow/airflow_venv/lib/python3.12/site-packages/airflow/example_dags/example_xcom.py for tasks to queue
[2025-01-28T10:32:55.748+0000] {logging_mixin.py:190} INFO - [2025-01-28T10:32:55.746+0000] {dagbag.py:588} INFO - Filling up the DagBag from /mnt/c/Users/Admin/Desktop/ud_data/Dataslush_umang/airflow/airflow_venv/lib/python3.12/site-packages/airflow/example_dags/example_xcom.py
[2025-01-28T10:32:55.998+0000] {processor.py:925} INFO - DAG(s) 'example_xcom' retrieved from /mnt/c/Users/Admin/Desktop/ud_data/Dataslush_umang/airflow/airflow_venv/lib/python3.12/site-packages/airflow/example_dags/example_xcom.py
[2025-01-28T10:32:56.033+0000] {logging_mixin.py:190} INFO - [2025-01-28T10:32:56.031+0000] {dag.py:3239} INFO - Sync 1 DAGs
[2025-01-28T10:32:56.061+0000] {logging_mixin.py:190} INFO - [2025-01-28T10:32:56.058+0000] {dag.py:4180} INFO - Setting next_dagrun for example_xcom to 2021-01-01 00:00:00+00:00, run_after=2021-01-01 00:00:00+00:00
[2025-01-28T10:32:56.109+0000] {processor.py:208} INFO - Processing /mnt/c/Users/Admin/Desktop/ud_data/Dataslush_umang/airflow/airflow_venv/lib/python3.12/site-packages/airflow/example_dags/example_xcom.py took 0.408 seconds
[2025-01-28T10:34:09.967+0000] {processor.py:186} INFO - Started process (PID=16805) to work on /mnt/c/Users/Admin/Desktop/ud_data/Dataslush_umang/airflow/airflow_venv/lib/python3.12/site-packages/airflow/example_dags/example_xcom.py
[2025-01-28T10:34:09.974+0000] {processor.py:914} INFO - Processing file /mnt/c/Users/Admin/Desktop/ud_data/Dataslush_umang/airflow/airflow_venv/lib/python3.12/site-packages/airflow/example_dags/example_xcom.py for tasks to queue
[2025-01-28T10:34:09.988+0000] {logging_mixin.py:190} INFO - [2025-01-28T10:34:09.983+0000] {dagbag.py:588} INFO - Filling up the DagBag from /mnt/c/Users/Admin/Desktop/ud_data/Dataslush_umang/airflow/airflow_venv/lib/python3.12/site-packages/airflow/example_dags/example_xcom.py
[2025-01-28T10:34:40.375+0000] {processor.py:925} INFO - DAG(s) 'example_xcom' retrieved from /mnt/c/Users/Admin/Desktop/ud_data/Dataslush_umang/airflow/airflow_venv/lib/python3.12/site-packages/airflow/example_dags/example_xcom.py
[2025-01-28T10:34:40.440+0000] {logging_mixin.py:190} INFO - [2025-01-28T10:34:40.436+0000] {dag.py:3239} INFO - Sync 1 DAGs
[2025-01-28T10:34:40.508+0000] {logging_mixin.py:190} INFO - [2025-01-28T10:34:40.505+0000] {dag.py:4180} INFO - Setting next_dagrun for example_xcom to 2021-01-01 00:00:00+00:00, run_after=2021-01-01 00:00:00+00:00
[2025-01-28T10:34:10.861+0000] {processor.py:208} INFO - Processing /mnt/c/Users/Admin/Desktop/ud_data/Dataslush_umang/airflow/airflow_venv/lib/python3.12/site-packages/airflow/example_dags/example_xcom.py took 0.972 seconds
[2025-01-28T10:35:34.689+0000] {processor.py:186} INFO - Started process (PID=16936) to work on /mnt/c/Users/Admin/Desktop/ud_data/Dataslush_umang/airflow/airflow_venv/lib/python3.12/site-packages/airflow/example_dags/example_xcom.py
[2025-01-28T10:35:34.695+0000] {processor.py:914} INFO - Processing file /mnt/c/Users/Admin/Desktop/ud_data/Dataslush_umang/airflow/airflow_venv/lib/python3.12/site-packages/airflow/example_dags/example_xcom.py for tasks to queue
[2025-01-28T10:35:34.704+0000] {logging_mixin.py:190} INFO - [2025-01-28T10:35:34.701+0000] {dagbag.py:588} INFO - Filling up the DagBag from /mnt/c/Users/Admin/Desktop/ud_data/Dataslush_umang/airflow/airflow_venv/lib/python3.12/site-packages/airflow/example_dags/example_xcom.py
[2025-01-28T10:35:34.942+0000] {processor.py:925} INFO - DAG(s) 'example_xcom' retrieved from /mnt/c/Users/Admin/Desktop/ud_data/Dataslush_umang/airflow/airflow_venv/lib/python3.12/site-packages/airflow/example_dags/example_xcom.py
[2025-01-28T10:35:34.998+0000] {logging_mixin.py:190} INFO - [2025-01-28T10:35:34.994+0000] {dag.py:3239} INFO - Sync 1 DAGs
[2025-01-28T10:35:35.053+0000] {logging_mixin.py:190} INFO - [2025-01-28T10:35:35.050+0000] {dag.py:4180} INFO - Setting next_dagrun for example_xcom to 2021-01-01 00:00:00+00:00, run_after=2021-01-01 00:00:00+00:00
[2025-01-28T10:35:35.100+0000] {processor.py:208} INFO - Processing /mnt/c/Users/Admin/Desktop/ud_data/Dataslush_umang/airflow/airflow_venv/lib/python3.12/site-packages/airflow/example_dags/example_xcom.py took 0.458 seconds
[2025-01-28T10:36:57.059+0000] {processor.py:186} INFO - Started process (PID=17057) to work on /mnt/c/Users/Admin/Desktop/ud_data/Dataslush_umang/airflow/airflow_venv/lib/python3.12/site-packages/airflow/example_dags/example_xcom.py
[2025-01-28T10:36:57.491+0000] {processor.py:914} INFO - Processing file /mnt/c/Users/Admin/Desktop/ud_data/Dataslush_umang/airflow/airflow_venv/lib/python3.12/site-packages/airflow/example_dags/example_xcom.py for tasks to queue
[2025-01-28T10:36:57.507+0000] {logging_mixin.py:190} INFO - [2025-01-28T10:36:57.502+0000] {dagbag.py:588} INFO - Filling up the DagBag from /mnt/c/Users/Admin/Desktop/ud_data/Dataslush_umang/airflow/airflow_venv/lib/python3.12/site-packages/airflow/example_dags/example_xcom.py
[2025-01-28T10:36:57.846+0000] {processor.py:925} INFO - DAG(s) 'example_xcom' retrieved from /mnt/c/Users/Admin/Desktop/ud_data/Dataslush_umang/airflow/airflow_venv/lib/python3.12/site-packages/airflow/example_dags/example_xcom.py
[2025-01-28T10:36:57.910+0000] {logging_mixin.py:190} INFO - [2025-01-28T10:36:57.907+0000] {dag.py:3239} INFO - Sync 1 DAGs
[2025-01-28T10:36:57.951+0000] {logging_mixin.py:190} INFO - [2025-01-28T10:36:57.948+0000] {dag.py:4180} INFO - Setting next_dagrun for example_xcom to 2021-01-01 00:00:00+00:00, run_after=2021-01-01 00:00:00+00:00
[2025-01-28T10:36:58.669+0000] {processor.py:208} INFO - Processing /mnt/c/Users/Admin/Desktop/ud_data/Dataslush_umang/airflow/airflow_venv/lib/python3.12/site-packages/airflow/example_dags/example_xcom.py took 1.678 seconds
[2025-01-28T10:38:30.588+0000] {processor.py:186} INFO - Started process (PID=17175) to work on /mnt/c/Users/Admin/Desktop/ud_data/Dataslush_umang/airflow/airflow_venv/lib/python3.12/site-packages/airflow/example_dags/example_xcom.py
[2025-01-28T10:39:00.707+0000] {processor.py:914} INFO - Processing file /mnt/c/Users/Admin/Desktop/ud_data/Dataslush_umang/airflow/airflow_venv/lib/python3.12/site-packages/airflow/example_dags/example_xcom.py for tasks to queue
[2025-01-28T10:39:00.727+0000] {logging_mixin.py:190} INFO - [2025-01-28T10:39:00.722+0000] {dagbag.py:588} INFO - Filling up the DagBag from /mnt/c/Users/Admin/Desktop/ud_data/Dataslush_umang/airflow/airflow_venv/lib/python3.12/site-packages/airflow/example_dags/example_xcom.py
[2025-01-28T10:38:30.970+0000] {processor.py:925} INFO - DAG(s) 'example_xcom' retrieved from /mnt/c/Users/Admin/Desktop/ud_data/Dataslush_umang/airflow/airflow_venv/lib/python3.12/site-packages/airflow/example_dags/example_xcom.py
[2025-01-28T10:38:31.035+0000] {logging_mixin.py:190} INFO - [2025-01-28T10:38:31.033+0000] {dag.py:3239} INFO - Sync 1 DAGs
[2025-01-28T10:38:31.079+0000] {logging_mixin.py:190} INFO - [2025-01-28T10:38:31.076+0000] {dag.py:4180} INFO - Setting next_dagrun for example_xcom to 2021-01-01 00:00:00+00:00, run_after=2021-01-01 00:00:00+00:00
[2025-01-28T10:38:31.786+0000] {processor.py:208} INFO - Processing /mnt/c/Users/Admin/Desktop/ud_data/Dataslush_umang/airflow/airflow_venv/lib/python3.12/site-packages/airflow/example_dags/example_xcom.py took 1.260 seconds
[2025-01-28T10:40:13.683+0000] {processor.py:186} INFO - Started process (PID=17330) to work on /mnt/c/Users/Admin/Desktop/ud_data/Dataslush_umang/airflow/airflow_venv/lib/python3.12/site-packages/airflow/example_dags/example_xcom.py
[2025-01-28T10:40:13.690+0000] {processor.py:914} INFO - Processing file /mnt/c/Users/Admin/Desktop/ud_data/Dataslush_umang/airflow/airflow_venv/lib/python3.12/site-packages/airflow/example_dags/example_xcom.py for tasks to queue
[2025-01-28T10:40:13.700+0000] {logging_mixin.py:190} INFO - [2025-01-28T10:40:13.697+0000] {dagbag.py:588} INFO - Filling up the DagBag from /mnt/c/Users/Admin/Desktop/ud_data/Dataslush_umang/airflow/airflow_venv/lib/python3.12/site-packages/airflow/example_dags/example_xcom.py
[2025-01-28T10:40:13.820+0000] {processor.py:925} INFO - DAG(s) 'example_xcom' retrieved from /mnt/c/Users/Admin/Desktop/ud_data/Dataslush_umang/airflow/airflow_venv/lib/python3.12/site-packages/airflow/example_dags/example_xcom.py
[2025-01-28T10:40:13.864+0000] {logging_mixin.py:190} INFO - [2025-01-28T10:40:13.861+0000] {dag.py:3239} INFO - Sync 1 DAGs
[2025-01-28T10:40:13.906+0000] {logging_mixin.py:190} INFO - [2025-01-28T10:40:13.904+0000] {dag.py:4180} INFO - Setting next_dagrun for example_xcom to 2021-01-01 00:00:00+00:00, run_after=2021-01-01 00:00:00+00:00
[2025-01-28T10:40:13.948+0000] {processor.py:208} INFO - Processing /mnt/c/Users/Admin/Desktop/ud_data/Dataslush_umang/airflow/airflow_venv/lib/python3.12/site-packages/airflow/example_dags/example_xcom.py took 0.298 seconds
[2025-01-28T10:41:07.217+0000] {processor.py:186} INFO - Started process (PID=17397) to work on /mnt/c/Users/Admin/Desktop/ud_data/Dataslush_umang/airflow/airflow_venv/lib/python3.12/site-packages/airflow/example_dags/example_xcom.py
[2025-01-28T10:41:07.327+0000] {processor.py:914} INFO - Processing file /mnt/c/Users/Admin/Desktop/ud_data/Dataslush_umang/airflow/airflow_venv/lib/python3.12/site-packages/airflow/example_dags/example_xcom.py for tasks to queue
[2025-01-28T10:41:07.342+0000] {logging_mixin.py:190} INFO - [2025-01-28T10:41:07.337+0000] {dagbag.py:588} INFO - Filling up the DagBag from /mnt/c/Users/Admin/Desktop/ud_data/Dataslush_umang/airflow/airflow_venv/lib/python3.12/site-packages/airflow/example_dags/example_xcom.py
[2025-01-28T10:41:07.445+0000] {processor.py:925} INFO - DAG(s) 'example_xcom' retrieved from /mnt/c/Users/Admin/Desktop/ud_data/Dataslush_umang/airflow/airflow_venv/lib/python3.12/site-packages/airflow/example_dags/example_xcom.py
[2025-01-28T10:41:07.472+0000] {logging_mixin.py:190} INFO - [2025-01-28T10:41:07.470+0000] {dag.py:3239} INFO - Sync 1 DAGs
[2025-01-28T10:41:07.492+0000] {logging_mixin.py:190} INFO - [2025-01-28T10:41:07.490+0000] {dag.py:4180} INFO - Setting next_dagrun for example_xcom to 2021-01-01 00:00:00+00:00, run_after=2021-01-01 00:00:00+00:00
[2025-01-28T10:41:07.979+0000] {processor.py:208} INFO - Processing /mnt/c/Users/Admin/Desktop/ud_data/Dataslush_umang/airflow/airflow_venv/lib/python3.12/site-packages/airflow/example_dags/example_xcom.py took 0.790 seconds
[2025-01-28T10:41:52.002+0000] {processor.py:186} INFO - Started process (PID=17484) to work on /mnt/c/Users/Admin/Desktop/ud_data/Dataslush_umang/airflow/airflow_venv/lib/python3.12/site-packages/airflow/example_dags/example_xcom.py
[2025-01-28T10:41:52.960+0000] {processor.py:914} INFO - Processing file /mnt/c/Users/Admin/Desktop/ud_data/Dataslush_umang/airflow/airflow_venv/lib/python3.12/site-packages/airflow/example_dags/example_xcom.py for tasks to queue
[2025-01-28T10:41:52.974+0000] {logging_mixin.py:190} INFO - [2025-01-28T10:41:52.970+0000] {dagbag.py:588} INFO - Filling up the DagBag from /mnt/c/Users/Admin/Desktop/ud_data/Dataslush_umang/airflow/airflow_venv/lib/python3.12/site-packages/airflow/example_dags/example_xcom.py
[2025-01-28T10:41:53.085+0000] {processor.py:925} INFO - DAG(s) 'example_xcom' retrieved from /mnt/c/Users/Admin/Desktop/ud_data/Dataslush_umang/airflow/airflow_venv/lib/python3.12/site-packages/airflow/example_dags/example_xcom.py
[2025-01-28T10:41:53.112+0000] {logging_mixin.py:190} INFO - [2025-01-28T10:41:53.110+0000] {dag.py:3239} INFO - Sync 1 DAGs
[2025-01-28T10:41:53.139+0000] {logging_mixin.py:190} INFO - [2025-01-28T10:41:53.136+0000] {dag.py:4180} INFO - Setting next_dagrun for example_xcom to 2021-01-01 00:00:00+00:00, run_after=2021-01-01 00:00:00+00:00
[2025-01-28T10:41:54.309+0000] {processor.py:208} INFO - Processing /mnt/c/Users/Admin/Desktop/ud_data/Dataslush_umang/airflow/airflow_venv/lib/python3.12/site-packages/airflow/example_dags/example_xcom.py took 2.332 seconds
[2025-01-28T10:42:47.711+0000] {processor.py:186} INFO - Started process (PID=17702) to work on /mnt/c/Users/Admin/Desktop/ud_data/Dataslush_umang/airflow/airflow_venv/lib/python3.12/site-packages/airflow/example_dags/example_xcom.py
[2025-01-28T10:42:48.108+0000] {processor.py:914} INFO - Processing file /mnt/c/Users/Admin/Desktop/ud_data/Dataslush_umang/airflow/airflow_venv/lib/python3.12/site-packages/airflow/example_dags/example_xcom.py for tasks to queue
[2025-01-28T10:42:48.124+0000] {logging_mixin.py:190} INFO - [2025-01-28T10:42:48.119+0000] {dagbag.py:588} INFO - Filling up the DagBag from /mnt/c/Users/Admin/Desktop/ud_data/Dataslush_umang/airflow/airflow_venv/lib/python3.12/site-packages/airflow/example_dags/example_xcom.py
[2025-01-28T10:42:48.245+0000] {processor.py:925} INFO - DAG(s) 'example_xcom' retrieved from /mnt/c/Users/Admin/Desktop/ud_data/Dataslush_umang/airflow/airflow_venv/lib/python3.12/site-packages/airflow/example_dags/example_xcom.py
[2025-01-28T10:42:48.276+0000] {logging_mixin.py:190} INFO - [2025-01-28T10:42:48.275+0000] {dag.py:3239} INFO - Sync 1 DAGs
[2025-01-28T10:42:48.298+0000] {logging_mixin.py:190} INFO - [2025-01-28T10:42:48.296+0000] {dag.py:4180} INFO - Setting next_dagrun for example_xcom to 2021-01-01 00:00:00+00:00, run_after=2021-01-01 00:00:00+00:00
[2025-01-28T10:42:48.727+0000] {processor.py:208} INFO - Processing /mnt/c/Users/Admin/Desktop/ud_data/Dataslush_umang/airflow/airflow_venv/lib/python3.12/site-packages/airflow/example_dags/example_xcom.py took 1.051 seconds
[2025-01-28T10:44:23.471+0000] {processor.py:186} INFO - Started process (PID=17826) to work on /mnt/c/Users/Admin/Desktop/ud_data/Dataslush_umang/airflow/airflow_venv/lib/python3.12/site-packages/airflow/example_dags/example_xcom.py
[2025-01-28T10:44:23.620+0000] {processor.py:914} INFO - Processing file /mnt/c/Users/Admin/Desktop/ud_data/Dataslush_umang/airflow/airflow_venv/lib/python3.12/site-packages/airflow/example_dags/example_xcom.py for tasks to queue
[2025-01-28T10:44:23.636+0000] {logging_mixin.py:190} INFO - [2025-01-28T10:44:23.631+0000] {dagbag.py:588} INFO - Filling up the DagBag from /mnt/c/Users/Admin/Desktop/ud_data/Dataslush_umang/airflow/airflow_venv/lib/python3.12/site-packages/airflow/example_dags/example_xcom.py
[2025-01-28T10:44:23.906+0000] {processor.py:925} INFO - DAG(s) 'example_xcom' retrieved from /mnt/c/Users/Admin/Desktop/ud_data/Dataslush_umang/airflow/airflow_venv/lib/python3.12/site-packages/airflow/example_dags/example_xcom.py
[2025-01-28T10:44:23.993+0000] {logging_mixin.py:190} INFO - [2025-01-28T10:44:23.990+0000] {dag.py:3239} INFO - Sync 1 DAGs
[2025-01-28T10:44:24.089+0000] {logging_mixin.py:190} INFO - [2025-01-28T10:44:24.083+0000] {dag.py:4180} INFO - Setting next_dagrun for example_xcom to 2021-01-01 00:00:00+00:00, run_after=2021-01-01 00:00:00+00:00
[2025-01-28T10:44:24.182+0000] {processor.py:208} INFO - Processing /mnt/c/Users/Admin/Desktop/ud_data/Dataslush_umang/airflow/airflow_venv/lib/python3.12/site-packages/airflow/example_dags/example_xcom.py took 0.764 seconds
[2025-01-28T10:47:12.840+0000] {processor.py:186} INFO - Started process (PID=17978) to work on /mnt/c/Users/Admin/Desktop/ud_data/Dataslush_umang/airflow/airflow_venv/lib/python3.12/site-packages/airflow/example_dags/example_xcom.py
[2025-01-28T10:47:12.940+0000] {processor.py:914} INFO - Processing file /mnt/c/Users/Admin/Desktop/ud_data/Dataslush_umang/airflow/airflow_venv/lib/python3.12/site-packages/airflow/example_dags/example_xcom.py for tasks to queue
[2025-01-28T10:47:12.946+0000] {logging_mixin.py:190} INFO - [2025-01-28T10:47:12.943+0000] {dagbag.py:588} INFO - Filling up the DagBag from /mnt/c/Users/Admin/Desktop/ud_data/Dataslush_umang/airflow/airflow_venv/lib/python3.12/site-packages/airflow/example_dags/example_xcom.py
[2025-01-28T10:47:13.074+0000] {processor.py:925} INFO - DAG(s) 'example_xcom' retrieved from /mnt/c/Users/Admin/Desktop/ud_data/Dataslush_umang/airflow/airflow_venv/lib/python3.12/site-packages/airflow/example_dags/example_xcom.py
[2025-01-28T10:47:13.119+0000] {logging_mixin.py:190} INFO - [2025-01-28T10:47:13.117+0000] {dag.py:3239} INFO - Sync 1 DAGs
[2025-01-28T10:47:13.156+0000] {logging_mixin.py:190} INFO - [2025-01-28T10:47:13.154+0000] {dag.py:4180} INFO - Setting next_dagrun for example_xcom to 2021-01-01 00:00:00+00:00, run_after=2021-01-01 00:00:00+00:00
[2025-01-28T10:47:13.204+0000] {processor.py:208} INFO - Processing /mnt/c/Users/Admin/Desktop/ud_data/Dataslush_umang/airflow/airflow_venv/lib/python3.12/site-packages/airflow/example_dags/example_xcom.py took 0.393 seconds
[2025-01-28T10:48:05.226+0000] {processor.py:186} INFO - Started process (PID=18075) to work on /mnt/c/Users/Admin/Desktop/ud_data/Dataslush_umang/airflow/airflow_venv/lib/python3.12/site-packages/airflow/example_dags/example_xcom.py
[2025-01-28T10:48:05.229+0000] {processor.py:914} INFO - Processing file /mnt/c/Users/Admin/Desktop/ud_data/Dataslush_umang/airflow/airflow_venv/lib/python3.12/site-packages/airflow/example_dags/example_xcom.py for tasks to queue
[2025-01-28T10:48:05.235+0000] {logging_mixin.py:190} INFO - [2025-01-28T10:48:05.233+0000] {dagbag.py:588} INFO - Filling up the DagBag from /mnt/c/Users/Admin/Desktop/ud_data/Dataslush_umang/airflow/airflow_venv/lib/python3.12/site-packages/airflow/example_dags/example_xcom.py
[2025-01-28T10:48:05.365+0000] {processor.py:925} INFO - DAG(s) 'example_xcom' retrieved from /mnt/c/Users/Admin/Desktop/ud_data/Dataslush_umang/airflow/airflow_venv/lib/python3.12/site-packages/airflow/example_dags/example_xcom.py
[2025-01-28T10:48:05.415+0000] {logging_mixin.py:190} INFO - [2025-01-28T10:48:05.412+0000] {dag.py:3239} INFO - Sync 1 DAGs
[2025-01-28T10:48:05.455+0000] {logging_mixin.py:190} INFO - [2025-01-28T10:48:05.454+0000] {dag.py:4180} INFO - Setting next_dagrun for example_xcom to 2021-01-01 00:00:00+00:00, run_after=2021-01-01 00:00:00+00:00
[2025-01-28T10:48:05.507+0000] {processor.py:208} INFO - Processing /mnt/c/Users/Admin/Desktop/ud_data/Dataslush_umang/airflow/airflow_venv/lib/python3.12/site-packages/airflow/example_dags/example_xcom.py took 0.307 seconds
[2025-01-28T10:49:45.362+0000] {processor.py:186} INFO - Started process (PID=18267) to work on /mnt/c/Users/Admin/Desktop/ud_data/Dataslush_umang/airflow/airflow_venv/lib/python3.12/site-packages/airflow/example_dags/example_xcom.py
[2025-01-28T10:49:45.365+0000] {processor.py:914} INFO - Processing file /mnt/c/Users/Admin/Desktop/ud_data/Dataslush_umang/airflow/airflow_venv/lib/python3.12/site-packages/airflow/example_dags/example_xcom.py for tasks to queue
[2025-01-28T10:49:45.372+0000] {logging_mixin.py:190} INFO - [2025-01-28T10:49:45.370+0000] {dagbag.py:588} INFO - Filling up the DagBag from /mnt/c/Users/Admin/Desktop/ud_data/Dataslush_umang/airflow/airflow_venv/lib/python3.12/site-packages/airflow/example_dags/example_xcom.py
[2025-01-28T10:49:45.487+0000] {processor.py:925} INFO - DAG(s) 'example_xcom' retrieved from /mnt/c/Users/Admin/Desktop/ud_data/Dataslush_umang/airflow/airflow_venv/lib/python3.12/site-packages/airflow/example_dags/example_xcom.py
[2025-01-28T10:49:45.527+0000] {logging_mixin.py:190} INFO - [2025-01-28T10:49:45.526+0000] {dag.py:3239} INFO - Sync 1 DAGs
[2025-01-28T10:49:45.557+0000] {logging_mixin.py:190} INFO - [2025-01-28T10:49:45.556+0000] {dag.py:4180} INFO - Setting next_dagrun for example_xcom to 2021-01-01 00:00:00+00:00, run_after=2021-01-01 00:00:00+00:00
[2025-01-28T10:49:45.597+0000] {processor.py:208} INFO - Processing /mnt/c/Users/Admin/Desktop/ud_data/Dataslush_umang/airflow/airflow_venv/lib/python3.12/site-packages/airflow/example_dags/example_xcom.py took 0.261 seconds
[2025-01-28T10:51:00.617+0000] {processor.py:186} INFO - Started process (PID=18476) to work on /mnt/c/Users/Admin/Desktop/ud_data/Dataslush_umang/airflow/airflow_venv/lib/python3.12/site-packages/airflow/example_dags/example_xcom.py
[2025-01-28T10:51:00.620+0000] {processor.py:914} INFO - Processing file /mnt/c/Users/Admin/Desktop/ud_data/Dataslush_umang/airflow/airflow_venv/lib/python3.12/site-packages/airflow/example_dags/example_xcom.py for tasks to queue
[2025-01-28T10:51:00.633+0000] {logging_mixin.py:190} INFO - [2025-01-28T10:51:00.624+0000] {dagbag.py:588} INFO - Filling up the DagBag from /mnt/c/Users/Admin/Desktop/ud_data/Dataslush_umang/airflow/airflow_venv/lib/python3.12/site-packages/airflow/example_dags/example_xcom.py
[2025-01-28T10:51:00.726+0000] {processor.py:925} INFO - DAG(s) 'example_xcom' retrieved from /mnt/c/Users/Admin/Desktop/ud_data/Dataslush_umang/airflow/airflow_venv/lib/python3.12/site-packages/airflow/example_dags/example_xcom.py
[2025-01-28T10:51:00.755+0000] {logging_mixin.py:190} INFO - [2025-01-28T10:51:00.754+0000] {dag.py:3239} INFO - Sync 1 DAGs
[2025-01-28T10:51:00.786+0000] {logging_mixin.py:190} INFO - [2025-01-28T10:51:00.784+0000] {dag.py:4180} INFO - Setting next_dagrun for example_xcom to 2021-01-01 00:00:00+00:00, run_after=2021-01-01 00:00:00+00:00
[2025-01-28T10:51:00.868+0000] {processor.py:208} INFO - Processing /mnt/c/Users/Admin/Desktop/ud_data/Dataslush_umang/airflow/airflow_venv/lib/python3.12/site-packages/airflow/example_dags/example_xcom.py took 0.281 seconds
[2025-01-28T10:52:43.242+0000] {processor.py:186} INFO - Started process (PID=18653) to work on /mnt/c/Users/Admin/Desktop/ud_data/Dataslush_umang/airflow/airflow_venv/lib/python3.12/site-packages/airflow/example_dags/example_xcom.py
[2025-01-28T10:52:43.246+0000] {processor.py:914} INFO - Processing file /mnt/c/Users/Admin/Desktop/ud_data/Dataslush_umang/airflow/airflow_venv/lib/python3.12/site-packages/airflow/example_dags/example_xcom.py for tasks to queue
[2025-01-28T10:52:43.256+0000] {logging_mixin.py:190} INFO - [2025-01-28T10:52:43.254+0000] {dagbag.py:588} INFO - Filling up the DagBag from /mnt/c/Users/Admin/Desktop/ud_data/Dataslush_umang/airflow/airflow_venv/lib/python3.12/site-packages/airflow/example_dags/example_xcom.py
[2025-01-28T10:52:43.375+0000] {processor.py:925} INFO - DAG(s) 'example_xcom' retrieved from /mnt/c/Users/Admin/Desktop/ud_data/Dataslush_umang/airflow/airflow_venv/lib/python3.12/site-packages/airflow/example_dags/example_xcom.py
[2025-01-28T10:52:43.407+0000] {logging_mixin.py:190} INFO - [2025-01-28T10:52:43.406+0000] {dag.py:3239} INFO - Sync 1 DAGs
[2025-01-28T10:52:43.459+0000] {logging_mixin.py:190} INFO - [2025-01-28T10:52:43.457+0000] {dag.py:4180} INFO - Setting next_dagrun for example_xcom to 2021-01-01 00:00:00+00:00, run_after=2021-01-01 00:00:00+00:00
[2025-01-28T10:52:43.512+0000] {processor.py:208} INFO - Processing /mnt/c/Users/Admin/Desktop/ud_data/Dataslush_umang/airflow/airflow_venv/lib/python3.12/site-packages/airflow/example_dags/example_xcom.py took 0.294 seconds
[2025-01-28T10:53:31.992+0000] {processor.py:186} INFO - Started process (PID=18724) to work on /mnt/c/Users/Admin/Desktop/ud_data/Dataslush_umang/airflow/airflow_venv/lib/python3.12/site-packages/airflow/example_dags/example_xcom.py
[2025-01-28T10:53:31.995+0000] {processor.py:914} INFO - Processing file /mnt/c/Users/Admin/Desktop/ud_data/Dataslush_umang/airflow/airflow_venv/lib/python3.12/site-packages/airflow/example_dags/example_xcom.py for tasks to queue
[2025-01-28T10:53:32.002+0000] {logging_mixin.py:190} INFO - [2025-01-28T10:53:31.999+0000] {dagbag.py:588} INFO - Filling up the DagBag from /mnt/c/Users/Admin/Desktop/ud_data/Dataslush_umang/airflow/airflow_venv/lib/python3.12/site-packages/airflow/example_dags/example_xcom.py
[2025-01-28T10:53:32.139+0000] {processor.py:925} INFO - DAG(s) 'example_xcom' retrieved from /mnt/c/Users/Admin/Desktop/ud_data/Dataslush_umang/airflow/airflow_venv/lib/python3.12/site-packages/airflow/example_dags/example_xcom.py
[2025-01-28T10:53:32.180+0000] {logging_mixin.py:190} INFO - [2025-01-28T10:53:32.178+0000] {dag.py:3239} INFO - Sync 1 DAGs
[2025-01-28T10:53:32.221+0000] {logging_mixin.py:190} INFO - [2025-01-28T10:53:32.218+0000] {dag.py:4180} INFO - Setting next_dagrun for example_xcom to 2021-01-01 00:00:00+00:00, run_after=2021-01-01 00:00:00+00:00
[2025-01-28T10:54:02.351+0000] {processor.py:208} INFO - Processing /mnt/c/Users/Admin/Desktop/ud_data/Dataslush_umang/airflow/airflow_venv/lib/python3.12/site-packages/airflow/example_dags/example_xcom.py took 0.301 seconds
[2025-01-28T10:55:25.320+0000] {processor.py:186} INFO - Started process (PID=18897) to work on /mnt/c/Users/Admin/Desktop/ud_data/Dataslush_umang/airflow/airflow_venv/lib/python3.12/site-packages/airflow/example_dags/example_xcom.py
[2025-01-28T10:55:25.324+0000] {processor.py:914} INFO - Processing file /mnt/c/Users/Admin/Desktop/ud_data/Dataslush_umang/airflow/airflow_venv/lib/python3.12/site-packages/airflow/example_dags/example_xcom.py for tasks to queue
[2025-01-28T10:55:25.329+0000] {logging_mixin.py:190} INFO - [2025-01-28T10:55:25.327+0000] {dagbag.py:588} INFO - Filling up the DagBag from /mnt/c/Users/Admin/Desktop/ud_data/Dataslush_umang/airflow/airflow_venv/lib/python3.12/site-packages/airflow/example_dags/example_xcom.py
[2025-01-28T10:55:25.441+0000] {processor.py:925} INFO - DAG(s) 'example_xcom' retrieved from /mnt/c/Users/Admin/Desktop/ud_data/Dataslush_umang/airflow/airflow_venv/lib/python3.12/site-packages/airflow/example_dags/example_xcom.py
[2025-01-28T10:55:25.476+0000] {logging_mixin.py:190} INFO - [2025-01-28T10:55:25.474+0000] {dag.py:3239} INFO - Sync 1 DAGs
[2025-01-28T10:55:25.519+0000] {logging_mixin.py:190} INFO - [2025-01-28T10:55:25.518+0000] {dag.py:4180} INFO - Setting next_dagrun for example_xcom to 2021-01-01 00:00:00+00:00, run_after=2021-01-01 00:00:00+00:00
[2025-01-28T10:55:25.704+0000] {processor.py:208} INFO - Processing /mnt/c/Users/Admin/Desktop/ud_data/Dataslush_umang/airflow/airflow_venv/lib/python3.12/site-packages/airflow/example_dags/example_xcom.py took 0.407 seconds
[2025-01-28T10:57:00.026+0000] {processor.py:186} INFO - Started process (PID=19114) to work on /mnt/c/Users/Admin/Desktop/ud_data/Dataslush_umang/airflow/airflow_venv/lib/python3.12/site-packages/airflow/example_dags/example_xcom.py
[2025-01-28T10:57:00.029+0000] {processor.py:914} INFO - Processing file /mnt/c/Users/Admin/Desktop/ud_data/Dataslush_umang/airflow/airflow_venv/lib/python3.12/site-packages/airflow/example_dags/example_xcom.py for tasks to queue
[2025-01-28T10:57:00.034+0000] {logging_mixin.py:190} INFO - [2025-01-28T10:57:00.033+0000] {dagbag.py:588} INFO - Filling up the DagBag from /mnt/c/Users/Admin/Desktop/ud_data/Dataslush_umang/airflow/airflow_venv/lib/python3.12/site-packages/airflow/example_dags/example_xcom.py
[2025-01-28T10:57:00.141+0000] {processor.py:925} INFO - DAG(s) 'example_xcom' retrieved from /mnt/c/Users/Admin/Desktop/ud_data/Dataslush_umang/airflow/airflow_venv/lib/python3.12/site-packages/airflow/example_dags/example_xcom.py
[2025-01-28T10:57:00.171+0000] {logging_mixin.py:190} INFO - [2025-01-28T10:57:00.169+0000] {dag.py:3239} INFO - Sync 1 DAGs
[2025-01-28T10:57:00.201+0000] {logging_mixin.py:190} INFO - [2025-01-28T10:57:00.200+0000] {dag.py:4180} INFO - Setting next_dagrun for example_xcom to 2021-01-01 00:00:00+00:00, run_after=2021-01-01 00:00:00+00:00
[2025-01-28T10:57:00.250+0000] {processor.py:208} INFO - Processing /mnt/c/Users/Admin/Desktop/ud_data/Dataslush_umang/airflow/airflow_venv/lib/python3.12/site-packages/airflow/example_dags/example_xcom.py took 0.247 seconds
[2025-01-28T10:57:43.778+0000] {processor.py:186} INFO - Started process (PID=19172) to work on /mnt/c/Users/Admin/Desktop/ud_data/Dataslush_umang/airflow/airflow_venv/lib/python3.12/site-packages/airflow/example_dags/example_xcom.py
[2025-01-28T10:57:43.907+0000] {processor.py:914} INFO - Processing file /mnt/c/Users/Admin/Desktop/ud_data/Dataslush_umang/airflow/airflow_venv/lib/python3.12/site-packages/airflow/example_dags/example_xcom.py for tasks to queue
[2025-01-28T10:57:43.914+0000] {logging_mixin.py:190} INFO - [2025-01-28T10:57:43.912+0000] {dagbag.py:588} INFO - Filling up the DagBag from /mnt/c/Users/Admin/Desktop/ud_data/Dataslush_umang/airflow/airflow_venv/lib/python3.12/site-packages/airflow/example_dags/example_xcom.py
[2025-01-28T10:57:44.027+0000] {processor.py:925} INFO - DAG(s) 'example_xcom' retrieved from /mnt/c/Users/Admin/Desktop/ud_data/Dataslush_umang/airflow/airflow_venv/lib/python3.12/site-packages/airflow/example_dags/example_xcom.py
[2025-01-28T10:57:44.063+0000] {logging_mixin.py:190} INFO - [2025-01-28T10:57:44.061+0000] {dag.py:3239} INFO - Sync 1 DAGs
[2025-01-28T10:57:44.094+0000] {logging_mixin.py:190} INFO - [2025-01-28T10:57:44.092+0000] {dag.py:4180} INFO - Setting next_dagrun for example_xcom to 2021-01-01 00:00:00+00:00, run_after=2021-01-01 00:00:00+00:00
[2025-01-28T10:57:44.405+0000] {processor.py:208} INFO - Processing /mnt/c/Users/Admin/Desktop/ud_data/Dataslush_umang/airflow/airflow_venv/lib/python3.12/site-packages/airflow/example_dags/example_xcom.py took 0.653 seconds
[2025-01-28T10:59:08.764+0000] {processor.py:186} INFO - Started process (PID=19367) to work on /mnt/c/Users/Admin/Desktop/ud_data/Dataslush_umang/airflow/airflow_venv/lib/python3.12/site-packages/airflow/example_dags/example_xcom.py
[2025-01-28T10:59:08.811+0000] {processor.py:914} INFO - Processing file /mnt/c/Users/Admin/Desktop/ud_data/Dataslush_umang/airflow/airflow_venv/lib/python3.12/site-packages/airflow/example_dags/example_xcom.py for tasks to queue
[2025-01-28T10:59:08.816+0000] {logging_mixin.py:190} INFO - [2025-01-28T10:59:08.814+0000] {dagbag.py:588} INFO - Filling up the DagBag from /mnt/c/Users/Admin/Desktop/ud_data/Dataslush_umang/airflow/airflow_venv/lib/python3.12/site-packages/airflow/example_dags/example_xcom.py
[2025-01-28T10:59:08.957+0000] {processor.py:925} INFO - DAG(s) 'example_xcom' retrieved from /mnt/c/Users/Admin/Desktop/ud_data/Dataslush_umang/airflow/airflow_venv/lib/python3.12/site-packages/airflow/example_dags/example_xcom.py
[2025-01-28T10:59:08.992+0000] {logging_mixin.py:190} INFO - [2025-01-28T10:59:08.990+0000] {dag.py:3239} INFO - Sync 1 DAGs
[2025-01-28T10:59:09.021+0000] {logging_mixin.py:190} INFO - [2025-01-28T10:59:09.020+0000] {dag.py:4180} INFO - Setting next_dagrun for example_xcom to 2021-01-01 00:00:00+00:00, run_after=2021-01-01 00:00:00+00:00
[2025-01-28T10:59:09.431+0000] {processor.py:208} INFO - Processing /mnt/c/Users/Admin/Desktop/ud_data/Dataslush_umang/airflow/airflow_venv/lib/python3.12/site-packages/airflow/example_dags/example_xcom.py took 0.695 seconds
[2025-01-28T10:59:59.654+0000] {processor.py:186} INFO - Started process (PID=19458) to work on /mnt/c/Users/Admin/Desktop/ud_data/Dataslush_umang/airflow/airflow_venv/lib/python3.12/site-packages/airflow/example_dags/example_xcom.py
[2025-01-28T10:59:59.656+0000] {processor.py:914} INFO - Processing file /mnt/c/Users/Admin/Desktop/ud_data/Dataslush_umang/airflow/airflow_venv/lib/python3.12/site-packages/airflow/example_dags/example_xcom.py for tasks to queue
[2025-01-28T10:59:59.661+0000] {logging_mixin.py:190} INFO - [2025-01-28T10:59:59.660+0000] {dagbag.py:588} INFO - Filling up the DagBag from /mnt/c/Users/Admin/Desktop/ud_data/Dataslush_umang/airflow/airflow_venv/lib/python3.12/site-packages/airflow/example_dags/example_xcom.py
[2025-01-28T10:59:59.750+0000] {processor.py:925} INFO - DAG(s) 'example_xcom' retrieved from /mnt/c/Users/Admin/Desktop/ud_data/Dataslush_umang/airflow/airflow_venv/lib/python3.12/site-packages/airflow/example_dags/example_xcom.py
[2025-01-28T10:59:59.787+0000] {logging_mixin.py:190} INFO - [2025-01-28T10:59:59.785+0000] {dag.py:3239} INFO - Sync 1 DAGs
[2025-01-28T10:59:59.812+0000] {logging_mixin.py:190} INFO - [2025-01-28T10:59:59.810+0000] {dag.py:4180} INFO - Setting next_dagrun for example_xcom to 2021-01-01 00:00:00+00:00, run_after=2021-01-01 00:00:00+00:00
[2025-01-28T10:59:59.854+0000] {processor.py:208} INFO - Processing /mnt/c/Users/Admin/Desktop/ud_data/Dataslush_umang/airflow/airflow_venv/lib/python3.12/site-packages/airflow/example_dags/example_xcom.py took 0.221 seconds
[2025-01-28T11:00:54.636+0000] {processor.py:186} INFO - Started process (PID=19544) to work on /mnt/c/Users/Admin/Desktop/ud_data/Dataslush_umang/airflow/airflow_venv/lib/python3.12/site-packages/airflow/example_dags/example_xcom.py
[2025-01-28T11:00:54.639+0000] {processor.py:914} INFO - Processing file /mnt/c/Users/Admin/Desktop/ud_data/Dataslush_umang/airflow/airflow_venv/lib/python3.12/site-packages/airflow/example_dags/example_xcom.py for tasks to queue
[2025-01-28T11:00:54.647+0000] {logging_mixin.py:190} INFO - [2025-01-28T11:00:54.644+0000] {dagbag.py:588} INFO - Filling up the DagBag from /mnt/c/Users/Admin/Desktop/ud_data/Dataslush_umang/airflow/airflow_venv/lib/python3.12/site-packages/airflow/example_dags/example_xcom.py
[2025-01-28T11:00:54.790+0000] {processor.py:925} INFO - DAG(s) 'example_xcom' retrieved from /mnt/c/Users/Admin/Desktop/ud_data/Dataslush_umang/airflow/airflow_venv/lib/python3.12/site-packages/airflow/example_dags/example_xcom.py
[2025-01-28T11:00:54.825+0000] {logging_mixin.py:190} INFO - [2025-01-28T11:00:54.823+0000] {dag.py:3239} INFO - Sync 1 DAGs
[2025-01-28T11:00:54.856+0000] {logging_mixin.py:190} INFO - [2025-01-28T11:00:54.854+0000] {dag.py:4180} INFO - Setting next_dagrun for example_xcom to 2021-01-01 00:00:00+00:00, run_after=2021-01-01 00:00:00+00:00
[2025-01-28T11:00:54.907+0000] {processor.py:208} INFO - Processing /mnt/c/Users/Admin/Desktop/ud_data/Dataslush_umang/airflow/airflow_venv/lib/python3.12/site-packages/airflow/example_dags/example_xcom.py took 0.298 seconds
[2025-01-28T11:01:48.739+0000] {processor.py:186} INFO - Started process (PID=19611) to work on /mnt/c/Users/Admin/Desktop/ud_data/Dataslush_umang/airflow/airflow_venv/lib/python3.12/site-packages/airflow/example_dags/example_xcom.py
[2025-01-28T11:01:48.742+0000] {processor.py:914} INFO - Processing file /mnt/c/Users/Admin/Desktop/ud_data/Dataslush_umang/airflow/airflow_venv/lib/python3.12/site-packages/airflow/example_dags/example_xcom.py for tasks to queue
[2025-01-28T11:01:48.748+0000] {logging_mixin.py:190} INFO - [2025-01-28T11:01:48.746+0000] {dagbag.py:588} INFO - Filling up the DagBag from /mnt/c/Users/Admin/Desktop/ud_data/Dataslush_umang/airflow/airflow_venv/lib/python3.12/site-packages/airflow/example_dags/example_xcom.py
[2025-01-28T11:01:48.854+0000] {processor.py:925} INFO - DAG(s) 'example_xcom' retrieved from /mnt/c/Users/Admin/Desktop/ud_data/Dataslush_umang/airflow/airflow_venv/lib/python3.12/site-packages/airflow/example_dags/example_xcom.py
[2025-01-28T11:01:48.882+0000] {logging_mixin.py:190} INFO - [2025-01-28T11:01:48.881+0000] {dag.py:3239} INFO - Sync 1 DAGs
[2025-01-28T11:01:48.911+0000] {logging_mixin.py:190} INFO - [2025-01-28T11:01:48.910+0000] {dag.py:4180} INFO - Setting next_dagrun for example_xcom to 2021-01-01 00:00:00+00:00, run_after=2021-01-01 00:00:00+00:00
[2025-01-28T11:01:48.957+0000] {processor.py:208} INFO - Processing /mnt/c/Users/Admin/Desktop/ud_data/Dataslush_umang/airflow/airflow_venv/lib/python3.12/site-packages/airflow/example_dags/example_xcom.py took 0.246 seconds
[2025-01-28T11:03:42.298+0000] {processor.py:186} INFO - Started process (PID=19753) to work on /mnt/c/Users/Admin/Desktop/ud_data/Dataslush_umang/airflow/airflow_venv/lib/python3.12/site-packages/airflow/example_dags/example_xcom.py
[2025-01-28T11:03:42.301+0000] {processor.py:914} INFO - Processing file /mnt/c/Users/Admin/Desktop/ud_data/Dataslush_umang/airflow/airflow_venv/lib/python3.12/site-packages/airflow/example_dags/example_xcom.py for tasks to queue
[2025-01-28T11:03:42.309+0000] {logging_mixin.py:190} INFO - [2025-01-28T11:03:42.306+0000] {dagbag.py:588} INFO - Filling up the DagBag from /mnt/c/Users/Admin/Desktop/ud_data/Dataslush_umang/airflow/airflow_venv/lib/python3.12/site-packages/airflow/example_dags/example_xcom.py
[2025-01-28T11:03:42.451+0000] {processor.py:925} INFO - DAG(s) 'example_xcom' retrieved from /mnt/c/Users/Admin/Desktop/ud_data/Dataslush_umang/airflow/airflow_venv/lib/python3.12/site-packages/airflow/example_dags/example_xcom.py
[2025-01-28T11:03:42.483+0000] {logging_mixin.py:190} INFO - [2025-01-28T11:03:42.481+0000] {dag.py:3239} INFO - Sync 1 DAGs
[2025-01-28T11:03:42.517+0000] {logging_mixin.py:190} INFO - [2025-01-28T11:03:42.516+0000] {dag.py:4180} INFO - Setting next_dagrun for example_xcom to 2021-01-01 00:00:00+00:00, run_after=2021-01-01 00:00:00+00:00
[2025-01-28T11:03:42.564+0000] {processor.py:208} INFO - Processing /mnt/c/Users/Admin/Desktop/ud_data/Dataslush_umang/airflow/airflow_venv/lib/python3.12/site-packages/airflow/example_dags/example_xcom.py took 0.296 seconds
[2025-01-28T11:04:34.164+0000] {processor.py:186} INFO - Started process (PID=19910) to work on /mnt/c/Users/Admin/Desktop/ud_data/Dataslush_umang/airflow/airflow_venv/lib/python3.12/site-packages/airflow/example_dags/example_xcom.py
[2025-01-28T11:04:34.245+0000] {processor.py:914} INFO - Processing file /mnt/c/Users/Admin/Desktop/ud_data/Dataslush_umang/airflow/airflow_venv/lib/python3.12/site-packages/airflow/example_dags/example_xcom.py for tasks to queue
[2025-01-28T11:04:34.251+0000] {logging_mixin.py:190} INFO - [2025-01-28T11:04:34.249+0000] {dagbag.py:588} INFO - Filling up the DagBag from /mnt/c/Users/Admin/Desktop/ud_data/Dataslush_umang/airflow/airflow_venv/lib/python3.12/site-packages/airflow/example_dags/example_xcom.py
[2025-01-28T11:04:34.366+0000] {processor.py:925} INFO - DAG(s) 'example_xcom' retrieved from /mnt/c/Users/Admin/Desktop/ud_data/Dataslush_umang/airflow/airflow_venv/lib/python3.12/site-packages/airflow/example_dags/example_xcom.py
[2025-01-28T11:04:34.418+0000] {logging_mixin.py:190} INFO - [2025-01-28T11:04:34.417+0000] {dag.py:3239} INFO - Sync 1 DAGs
[2025-01-28T11:04:34.451+0000] {logging_mixin.py:190} INFO - [2025-01-28T11:04:34.450+0000] {dag.py:4180} INFO - Setting next_dagrun for example_xcom to 2021-01-01 00:00:00+00:00, run_after=2021-01-01 00:00:00+00:00
[2025-01-28T11:04:35.092+0000] {processor.py:208} INFO - Processing /mnt/c/Users/Admin/Desktop/ud_data/Dataslush_umang/airflow/airflow_venv/lib/python3.12/site-packages/airflow/example_dags/example_xcom.py took 0.956 seconds
[2025-01-28T11:05:22.110+0000] {processor.py:186} INFO - Started process (PID=19971) to work on /mnt/c/Users/Admin/Desktop/ud_data/Dataslush_umang/airflow/airflow_venv/lib/python3.12/site-packages/airflow/example_dags/example_xcom.py
[2025-01-28T11:05:22.112+0000] {processor.py:914} INFO - Processing file /mnt/c/Users/Admin/Desktop/ud_data/Dataslush_umang/airflow/airflow_venv/lib/python3.12/site-packages/airflow/example_dags/example_xcom.py for tasks to queue
[2025-01-28T11:05:22.117+0000] {logging_mixin.py:190} INFO - [2025-01-28T11:05:22.115+0000] {dagbag.py:588} INFO - Filling up the DagBag from /mnt/c/Users/Admin/Desktop/ud_data/Dataslush_umang/airflow/airflow_venv/lib/python3.12/site-packages/airflow/example_dags/example_xcom.py
[2025-01-28T11:05:22.224+0000] {processor.py:925} INFO - DAG(s) 'example_xcom' retrieved from /mnt/c/Users/Admin/Desktop/ud_data/Dataslush_umang/airflow/airflow_venv/lib/python3.12/site-packages/airflow/example_dags/example_xcom.py
[2025-01-28T11:05:22.254+0000] {logging_mixin.py:190} INFO - [2025-01-28T11:05:22.252+0000] {dag.py:3239} INFO - Sync 1 DAGs
[2025-01-28T11:05:22.287+0000] {logging_mixin.py:190} INFO - [2025-01-28T11:05:22.285+0000] {dag.py:4180} INFO - Setting next_dagrun for example_xcom to 2021-01-01 00:00:00+00:00, run_after=2021-01-01 00:00:00+00:00
[2025-01-28T11:05:22.341+0000] {processor.py:208} INFO - Processing /mnt/c/Users/Admin/Desktop/ud_data/Dataslush_umang/airflow/airflow_venv/lib/python3.12/site-packages/airflow/example_dags/example_xcom.py took 0.251 seconds
[2025-01-28T11:06:58.854+0000] {processor.py:186} INFO - Started process (PID=20023) to work on /mnt/c/Users/Admin/Desktop/ud_data/Dataslush_umang/airflow/airflow_venv/lib/python3.12/site-packages/airflow/example_dags/example_xcom.py
[2025-01-28T11:06:58.857+0000] {processor.py:914} INFO - Processing file /mnt/c/Users/Admin/Desktop/ud_data/Dataslush_umang/airflow/airflow_venv/lib/python3.12/site-packages/airflow/example_dags/example_xcom.py for tasks to queue
[2025-01-28T11:06:58.864+0000] {logging_mixin.py:190} INFO - [2025-01-28T11:06:58.862+0000] {dagbag.py:588} INFO - Filling up the DagBag from /mnt/c/Users/Admin/Desktop/ud_data/Dataslush_umang/airflow/airflow_venv/lib/python3.12/site-packages/airflow/example_dags/example_xcom.py
[2025-01-28T11:06:58.980+0000] {processor.py:925} INFO - DAG(s) 'example_xcom' retrieved from /mnt/c/Users/Admin/Desktop/ud_data/Dataslush_umang/airflow/airflow_venv/lib/python3.12/site-packages/airflow/example_dags/example_xcom.py
[2025-01-28T11:06:28.930+0000] {logging_mixin.py:190} INFO - [2025-01-28T11:06:28.928+0000] {dag.py:3239} INFO - Sync 1 DAGs
[2025-01-28T11:06:28.965+0000] {logging_mixin.py:190} INFO - [2025-01-28T11:06:28.963+0000] {dag.py:4180} INFO - Setting next_dagrun for example_xcom to 2021-01-01 00:00:00+00:00, run_after=2021-01-01 00:00:00+00:00
[2025-01-28T11:06:29.026+0000] {processor.py:208} INFO - Processing /mnt/c/Users/Admin/Desktop/ud_data/Dataslush_umang/airflow/airflow_venv/lib/python3.12/site-packages/airflow/example_dags/example_xcom.py took 0.283 seconds
[2025-01-28T11:07:31.544+0000] {processor.py:186} INFO - Started process (PID=20098) to work on /mnt/c/Users/Admin/Desktop/ud_data/Dataslush_umang/airflow/airflow_venv/lib/python3.12/site-packages/airflow/example_dags/example_xcom.py
[2025-01-28T11:07:31.572+0000] {processor.py:914} INFO - Processing file /mnt/c/Users/Admin/Desktop/ud_data/Dataslush_umang/airflow/airflow_venv/lib/python3.12/site-packages/airflow/example_dags/example_xcom.py for tasks to queue
[2025-01-28T11:07:31.579+0000] {logging_mixin.py:190} INFO - [2025-01-28T11:07:31.577+0000] {dagbag.py:588} INFO - Filling up the DagBag from /mnt/c/Users/Admin/Desktop/ud_data/Dataslush_umang/airflow/airflow_venv/lib/python3.12/site-packages/airflow/example_dags/example_xcom.py
[2025-01-28T11:07:31.695+0000] {processor.py:925} INFO - DAG(s) 'example_xcom' retrieved from /mnt/c/Users/Admin/Desktop/ud_data/Dataslush_umang/airflow/airflow_venv/lib/python3.12/site-packages/airflow/example_dags/example_xcom.py
[2025-01-28T11:07:31.725+0000] {logging_mixin.py:190} INFO - [2025-01-28T11:07:31.723+0000] {dag.py:3239} INFO - Sync 1 DAGs
[2025-01-28T11:07:31.753+0000] {logging_mixin.py:190} INFO - [2025-01-28T11:07:31.751+0000] {dag.py:4180} INFO - Setting next_dagrun for example_xcom to 2021-01-01 00:00:00+00:00, run_after=2021-01-01 00:00:00+00:00
[2025-01-28T11:07:31.801+0000] {processor.py:208} INFO - Processing /mnt/c/Users/Admin/Desktop/ud_data/Dataslush_umang/airflow/airflow_venv/lib/python3.12/site-packages/airflow/example_dags/example_xcom.py took 0.285 seconds
[2025-01-28T11:08:16.323+0000] {processor.py:186} INFO - Started process (PID=20197) to work on /mnt/c/Users/Admin/Desktop/ud_data/Dataslush_umang/airflow/airflow_venv/lib/python3.12/site-packages/airflow/example_dags/example_xcom.py
[2025-01-28T11:08:16.327+0000] {processor.py:914} INFO - Processing file /mnt/c/Users/Admin/Desktop/ud_data/Dataslush_umang/airflow/airflow_venv/lib/python3.12/site-packages/airflow/example_dags/example_xcom.py for tasks to queue
[2025-01-28T11:08:16.333+0000] {logging_mixin.py:190} INFO - [2025-01-28T11:08:16.330+0000] {dagbag.py:588} INFO - Filling up the DagBag from /mnt/c/Users/Admin/Desktop/ud_data/Dataslush_umang/airflow/airflow_venv/lib/python3.12/site-packages/airflow/example_dags/example_xcom.py
[2025-01-28T11:08:16.444+0000] {processor.py:925} INFO - DAG(s) 'example_xcom' retrieved from /mnt/c/Users/Admin/Desktop/ud_data/Dataslush_umang/airflow/airflow_venv/lib/python3.12/site-packages/airflow/example_dags/example_xcom.py
[2025-01-28T11:08:16.476+0000] {logging_mixin.py:190} INFO - [2025-01-28T11:08:16.475+0000] {dag.py:3239} INFO - Sync 1 DAGs
[2025-01-28T11:08:16.508+0000] {logging_mixin.py:190} INFO - [2025-01-28T11:08:16.506+0000] {dag.py:4180} INFO - Setting next_dagrun for example_xcom to 2021-01-01 00:00:00+00:00, run_after=2021-01-01 00:00:00+00:00
[2025-01-28T11:08:16.681+0000] {processor.py:208} INFO - Processing /mnt/c/Users/Admin/Desktop/ud_data/Dataslush_umang/airflow/airflow_venv/lib/python3.12/site-packages/airflow/example_dags/example_xcom.py took 0.386 seconds
[2025-01-28T11:09:03.344+0000] {processor.py:186} INFO - Started process (PID=20270) to work on /mnt/c/Users/Admin/Desktop/ud_data/Dataslush_umang/airflow/airflow_venv/lib/python3.12/site-packages/airflow/example_dags/example_xcom.py
[2025-01-28T11:09:03.448+0000] {processor.py:914} INFO - Processing file /mnt/c/Users/Admin/Desktop/ud_data/Dataslush_umang/airflow/airflow_venv/lib/python3.12/site-packages/airflow/example_dags/example_xcom.py for tasks to queue
[2025-01-28T11:09:03.453+0000] {logging_mixin.py:190} INFO - [2025-01-28T11:09:03.451+0000] {dagbag.py:588} INFO - Filling up the DagBag from /mnt/c/Users/Admin/Desktop/ud_data/Dataslush_umang/airflow/airflow_venv/lib/python3.12/site-packages/airflow/example_dags/example_xcom.py
[2025-01-28T11:09:03.575+0000] {processor.py:925} INFO - DAG(s) 'example_xcom' retrieved from /mnt/c/Users/Admin/Desktop/ud_data/Dataslush_umang/airflow/airflow_venv/lib/python3.12/site-packages/airflow/example_dags/example_xcom.py
[2025-01-28T11:09:03.608+0000] {logging_mixin.py:190} INFO - [2025-01-28T11:09:03.607+0000] {dag.py:3239} INFO - Sync 1 DAGs
[2025-01-28T11:09:03.643+0000] {logging_mixin.py:190} INFO - [2025-01-28T11:09:03.641+0000] {dag.py:4180} INFO - Setting next_dagrun for example_xcom to 2021-01-01 00:00:00+00:00, run_after=2021-01-01 00:00:00+00:00
[2025-01-28T11:09:03.689+0000] {processor.py:208} INFO - Processing /mnt/c/Users/Admin/Desktop/ud_data/Dataslush_umang/airflow/airflow_venv/lib/python3.12/site-packages/airflow/example_dags/example_xcom.py took 0.371 seconds
[2025-01-28T11:09:55.505+0000] {processor.py:186} INFO - Started process (PID=20409) to work on /mnt/c/Users/Admin/Desktop/ud_data/Dataslush_umang/airflow/airflow_venv/lib/python3.12/site-packages/airflow/example_dags/example_xcom.py
[2025-01-28T11:09:55.508+0000] {processor.py:914} INFO - Processing file /mnt/c/Users/Admin/Desktop/ud_data/Dataslush_umang/airflow/airflow_venv/lib/python3.12/site-packages/airflow/example_dags/example_xcom.py for tasks to queue
[2025-01-28T11:09:55.513+0000] {logging_mixin.py:190} INFO - [2025-01-28T11:09:55.511+0000] {dagbag.py:588} INFO - Filling up the DagBag from /mnt/c/Users/Admin/Desktop/ud_data/Dataslush_umang/airflow/airflow_venv/lib/python3.12/site-packages/airflow/example_dags/example_xcom.py
[2025-01-28T11:09:55.640+0000] {processor.py:925} INFO - DAG(s) 'example_xcom' retrieved from /mnt/c/Users/Admin/Desktop/ud_data/Dataslush_umang/airflow/airflow_venv/lib/python3.12/site-packages/airflow/example_dags/example_xcom.py
[2025-01-28T11:09:55.676+0000] {logging_mixin.py:190} INFO - [2025-01-28T11:09:55.674+0000] {dag.py:3239} INFO - Sync 1 DAGs
[2025-01-28T11:09:55.707+0000] {logging_mixin.py:190} INFO - [2025-01-28T11:09:55.705+0000] {dag.py:4180} INFO - Setting next_dagrun for example_xcom to 2021-01-01 00:00:00+00:00, run_after=2021-01-01 00:00:00+00:00
[2025-01-28T11:09:55.751+0000] {processor.py:208} INFO - Processing /mnt/c/Users/Admin/Desktop/ud_data/Dataslush_umang/airflow/airflow_venv/lib/python3.12/site-packages/airflow/example_dags/example_xcom.py took 0.274 seconds
[2025-01-28T11:11:27.504+0000] {processor.py:186} INFO - Started process (PID=20528) to work on /mnt/c/Users/Admin/Desktop/ud_data/Dataslush_umang/airflow/airflow_venv/lib/python3.12/site-packages/airflow/example_dags/example_xcom.py
[2025-01-28T11:11:27.507+0000] {processor.py:914} INFO - Processing file /mnt/c/Users/Admin/Desktop/ud_data/Dataslush_umang/airflow/airflow_venv/lib/python3.12/site-packages/airflow/example_dags/example_xcom.py for tasks to queue
[2025-01-28T11:11:27.513+0000] {logging_mixin.py:190} INFO - [2025-01-28T11:11:27.511+0000] {dagbag.py:588} INFO - Filling up the DagBag from /mnt/c/Users/Admin/Desktop/ud_data/Dataslush_umang/airflow/airflow_venv/lib/python3.12/site-packages/airflow/example_dags/example_xcom.py
[2025-01-28T11:11:27.631+0000] {processor.py:925} INFO - DAG(s) 'example_xcom' retrieved from /mnt/c/Users/Admin/Desktop/ud_data/Dataslush_umang/airflow/airflow_venv/lib/python3.12/site-packages/airflow/example_dags/example_xcom.py
[2025-01-28T11:11:27.663+0000] {logging_mixin.py:190} INFO - [2025-01-28T11:11:27.661+0000] {dag.py:3239} INFO - Sync 1 DAGs
[2025-01-28T11:11:27.691+0000] {logging_mixin.py:190} INFO - [2025-01-28T11:11:27.690+0000] {dag.py:4180} INFO - Setting next_dagrun for example_xcom to 2021-01-01 00:00:00+00:00, run_after=2021-01-01 00:00:00+00:00
[2025-01-28T11:11:27.831+0000] {processor.py:208} INFO - Processing /mnt/c/Users/Admin/Desktop/ud_data/Dataslush_umang/airflow/airflow_venv/lib/python3.12/site-packages/airflow/example_dags/example_xcom.py took 0.356 seconds
[2025-01-28T11:13:03.372+0000] {processor.py:186} INFO - Started process (PID=20640) to work on /mnt/c/Users/Admin/Desktop/ud_data/Dataslush_umang/airflow/airflow_venv/lib/python3.12/site-packages/airflow/example_dags/example_xcom.py
[2025-01-28T11:13:03.378+0000] {processor.py:914} INFO - Processing file /mnt/c/Users/Admin/Desktop/ud_data/Dataslush_umang/airflow/airflow_venv/lib/python3.12/site-packages/airflow/example_dags/example_xcom.py for tasks to queue
[2025-01-28T11:13:03.383+0000] {logging_mixin.py:190} INFO - [2025-01-28T11:13:03.381+0000] {dagbag.py:588} INFO - Filling up the DagBag from /mnt/c/Users/Admin/Desktop/ud_data/Dataslush_umang/airflow/airflow_venv/lib/python3.12/site-packages/airflow/example_dags/example_xcom.py
[2025-01-28T11:13:03.496+0000] {processor.py:925} INFO - DAG(s) 'example_xcom' retrieved from /mnt/c/Users/Admin/Desktop/ud_data/Dataslush_umang/airflow/airflow_venv/lib/python3.12/site-packages/airflow/example_dags/example_xcom.py
[2025-01-28T11:13:03.533+0000] {logging_mixin.py:190} INFO - [2025-01-28T11:13:03.531+0000] {dag.py:3239} INFO - Sync 1 DAGs
[2025-01-28T11:13:03.565+0000] {logging_mixin.py:190} INFO - [2025-01-28T11:13:03.564+0000] {dag.py:4180} INFO - Setting next_dagrun for example_xcom to 2021-01-01 00:00:00+00:00, run_after=2021-01-01 00:00:00+00:00
[2025-01-28T11:13:03.616+0000] {processor.py:208} INFO - Processing /mnt/c/Users/Admin/Desktop/ud_data/Dataslush_umang/airflow/airflow_venv/lib/python3.12/site-packages/airflow/example_dags/example_xcom.py took 0.273 seconds
[2025-01-28T11:13:53.429+0000] {processor.py:186} INFO - Started process (PID=20699) to work on /mnt/c/Users/Admin/Desktop/ud_data/Dataslush_umang/airflow/airflow_venv/lib/python3.12/site-packages/airflow/example_dags/example_xcom.py
[2025-01-28T11:13:53.432+0000] {processor.py:914} INFO - Processing file /mnt/c/Users/Admin/Desktop/ud_data/Dataslush_umang/airflow/airflow_venv/lib/python3.12/site-packages/airflow/example_dags/example_xcom.py for tasks to queue
[2025-01-28T11:13:53.439+0000] {logging_mixin.py:190} INFO - [2025-01-28T11:13:53.437+0000] {dagbag.py:588} INFO - Filling up the DagBag from /mnt/c/Users/Admin/Desktop/ud_data/Dataslush_umang/airflow/airflow_venv/lib/python3.12/site-packages/airflow/example_dags/example_xcom.py
[2025-01-28T11:13:53.551+0000] {processor.py:925} INFO - DAG(s) 'example_xcom' retrieved from /mnt/c/Users/Admin/Desktop/ud_data/Dataslush_umang/airflow/airflow_venv/lib/python3.12/site-packages/airflow/example_dags/example_xcom.py
[2025-01-28T11:13:53.584+0000] {logging_mixin.py:190} INFO - [2025-01-28T11:13:53.583+0000] {dag.py:3239} INFO - Sync 1 DAGs
[2025-01-28T11:13:53.612+0000] {logging_mixin.py:190} INFO - [2025-01-28T11:13:53.610+0000] {dag.py:4180} INFO - Setting next_dagrun for example_xcom to 2021-01-01 00:00:00+00:00, run_after=2021-01-01 00:00:00+00:00
[2025-01-28T11:13:53.724+0000] {processor.py:208} INFO - Processing /mnt/c/Users/Admin/Desktop/ud_data/Dataslush_umang/airflow/airflow_venv/lib/python3.12/site-packages/airflow/example_dags/example_xcom.py took 0.324 seconds
