[2025-01-28T10:14:04.150+0000] {processor.py:186} INFO - Started process (PID=14896) to work on /mnt/c/Users/Admin/Desktop/ud_data/Dataslush_umang/airflow/airflow_venv/lib/python3.12/site-packages/airflow/example_dags/example_branch_python_dop_operator_3.py
[2025-01-28T10:14:04.152+0000] {processor.py:914} INFO - Processing file /mnt/c/Users/Admin/Desktop/ud_data/Dataslush_umang/airflow/airflow_venv/lib/python3.12/site-packages/airflow/example_dags/example_branch_python_dop_operator_3.py for tasks to queue
[2025-01-28T10:14:04.155+0000] {logging_mixin.py:190} INFO - [2025-01-28T10:14:04.154+0000] {dagbag.py:588} INFO - Filling up the DagBag from /mnt/c/Users/Admin/Desktop/ud_data/Dataslush_umang/airflow/airflow_venv/lib/python3.12/site-packages/airflow/example_dags/example_branch_python_dop_operator_3.py
[2025-01-28T10:14:04.241+0000] {processor.py:925} INFO - DAG(s) 'example_branch_dop_operator_v3' retrieved from /mnt/c/Users/Admin/Desktop/ud_data/Dataslush_umang/airflow/airflow_venv/lib/python3.12/site-packages/airflow/example_dags/example_branch_python_dop_operator_3.py
[2025-01-28T10:14:05.481+0000] {logging_mixin.py:190} INFO - [2025-01-28T10:14:05.479+0000] {override.py:1912} INFO - Created Permission View: can edit on DAG:example_branch_dop_operator_v3
[2025-01-28T10:14:05.509+0000] {logging_mixin.py:190} INFO - [2025-01-28T10:14:05.507+0000] {override.py:1912} INFO - Created Permission View: can read on DAG:example_branch_dop_operator_v3
[2025-01-28T10:14:05.538+0000] {logging_mixin.py:190} INFO - [2025-01-28T10:14:05.535+0000] {override.py:1912} INFO - Created Permission View: can delete on DAG:example_branch_dop_operator_v3
[2025-01-28T10:14:05.657+0000] {logging_mixin.py:190} INFO - [2025-01-28T10:14:05.652+0000] {override.py:1912} INFO - Created Permission View: can create on DAG Run:example_branch_dop_operator_v3
[2025-01-28T10:14:05.691+0000] {logging_mixin.py:190} INFO - [2025-01-28T10:14:05.688+0000] {override.py:1912} INFO - Created Permission View: menu access on DAG Run:example_branch_dop_operator_v3
[2025-01-28T10:14:05.725+0000] {logging_mixin.py:190} INFO - [2025-01-28T10:14:05.723+0000] {override.py:1912} INFO - Created Permission View: can read on DAG Run:example_branch_dop_operator_v3
[2025-01-28T10:14:05.753+0000] {logging_mixin.py:190} INFO - [2025-01-28T10:14:05.750+0000] {override.py:1912} INFO - Created Permission View: can delete on DAG Run:example_branch_dop_operator_v3
[2025-01-28T10:14:05.757+0000] {logging_mixin.py:190} INFO - [2025-01-28T10:14:05.755+0000] {dag.py:3239} INFO - Sync 1 DAGs
[2025-01-28T10:14:05.770+0000] {logging_mixin.py:190} INFO - [2025-01-28T10:14:05.768+0000] {dag.py:3262} INFO - Creating ORM DAG for example_branch_dop_operator_v3
[2025-01-28T10:14:05.803+0000] {logging_mixin.py:190} INFO - [2025-01-28T10:14:05.802+0000] {dag.py:4180} INFO - Setting next_dagrun for example_branch_dop_operator_v3 to 2025-01-28 10:13:00+00:00, run_after=2025-01-28 10:14:00+00:00
[2025-01-28T10:14:05.869+0000] {processor.py:208} INFO - Processing /mnt/c/Users/Admin/Desktop/ud_data/Dataslush_umang/airflow/airflow_venv/lib/python3.12/site-packages/airflow/example_dags/example_branch_python_dop_operator_3.py took 1.739 seconds
[2025-01-28T10:15:42.009+0000] {processor.py:186} INFO - Started process (PID=15013) to work on /mnt/c/Users/Admin/Desktop/ud_data/Dataslush_umang/airflow/airflow_venv/lib/python3.12/site-packages/airflow/example_dags/example_branch_python_dop_operator_3.py
[2025-01-28T10:15:42.011+0000] {processor.py:914} INFO - Processing file /mnt/c/Users/Admin/Desktop/ud_data/Dataslush_umang/airflow/airflow_venv/lib/python3.12/site-packages/airflow/example_dags/example_branch_python_dop_operator_3.py for tasks to queue
[2025-01-28T10:15:42.015+0000] {logging_mixin.py:190} INFO - [2025-01-28T10:15:42.014+0000] {dagbag.py:588} INFO - Filling up the DagBag from /mnt/c/Users/Admin/Desktop/ud_data/Dataslush_umang/airflow/airflow_venv/lib/python3.12/site-packages/airflow/example_dags/example_branch_python_dop_operator_3.py
[2025-01-28T10:15:42.107+0000] {processor.py:925} INFO - DAG(s) 'example_branch_dop_operator_v3' retrieved from /mnt/c/Users/Admin/Desktop/ud_data/Dataslush_umang/airflow/airflow_venv/lib/python3.12/site-packages/airflow/example_dags/example_branch_python_dop_operator_3.py
[2025-01-28T10:15:42.137+0000] {logging_mixin.py:190} INFO - [2025-01-28T10:15:42.135+0000] {dag.py:3239} INFO - Sync 1 DAGs
[2025-01-28T10:15:42.190+0000] {logging_mixin.py:190} INFO - [2025-01-28T10:15:42.188+0000] {dag.py:4180} INFO - Setting next_dagrun for example_branch_dop_operator_v3 to 2025-01-28 10:14:00+00:00, run_after=2025-01-28 10:15:00+00:00
[2025-01-28T10:15:42.245+0000] {processor.py:208} INFO - Processing /mnt/c/Users/Admin/Desktop/ud_data/Dataslush_umang/airflow/airflow_venv/lib/python3.12/site-packages/airflow/example_dags/example_branch_python_dop_operator_3.py took 0.256 seconds
[2025-01-28T10:17:27.444+0000] {processor.py:186} INFO - Started process (PID=15202) to work on /mnt/c/Users/Admin/Desktop/ud_data/Dataslush_umang/airflow/airflow_venv/lib/python3.12/site-packages/airflow/example_dags/example_branch_python_dop_operator_3.py
[2025-01-28T10:17:27.447+0000] {processor.py:914} INFO - Processing file /mnt/c/Users/Admin/Desktop/ud_data/Dataslush_umang/airflow/airflow_venv/lib/python3.12/site-packages/airflow/example_dags/example_branch_python_dop_operator_3.py for tasks to queue
[2025-01-28T10:17:27.453+0000] {logging_mixin.py:190} INFO - [2025-01-28T10:17:27.450+0000] {dagbag.py:588} INFO - Filling up the DagBag from /mnt/c/Users/Admin/Desktop/ud_data/Dataslush_umang/airflow/airflow_venv/lib/python3.12/site-packages/airflow/example_dags/example_branch_python_dop_operator_3.py
[2025-01-28T10:17:27.540+0000] {processor.py:925} INFO - DAG(s) 'example_branch_dop_operator_v3' retrieved from /mnt/c/Users/Admin/Desktop/ud_data/Dataslush_umang/airflow/airflow_venv/lib/python3.12/site-packages/airflow/example_dags/example_branch_python_dop_operator_3.py
[2025-01-28T10:17:27.564+0000] {logging_mixin.py:190} INFO - [2025-01-28T10:17:27.562+0000] {dag.py:3239} INFO - Sync 1 DAGs
[2025-01-28T10:17:27.602+0000] {logging_mixin.py:190} INFO - [2025-01-28T10:17:27.600+0000] {dag.py:4180} INFO - Setting next_dagrun for example_branch_dop_operator_v3 to 2025-01-28 10:16:00+00:00, run_after=2025-01-28 10:17:00+00:00
[2025-01-28T10:17:27.753+0000] {processor.py:208} INFO - Processing /mnt/c/Users/Admin/Desktop/ud_data/Dataslush_umang/airflow/airflow_venv/lib/python3.12/site-packages/airflow/example_dags/example_branch_python_dop_operator_3.py took 0.333 seconds
[2025-01-28T10:19:56.225+0000] {processor.py:186} INFO - Started process (PID=15436) to work on /mnt/c/Users/Admin/Desktop/ud_data/Dataslush_umang/airflow/airflow_venv/lib/python3.12/site-packages/airflow/example_dags/example_branch_python_dop_operator_3.py
[2025-01-28T10:19:56.504+0000] {processor.py:914} INFO - Processing file /mnt/c/Users/Admin/Desktop/ud_data/Dataslush_umang/airflow/airflow_venv/lib/python3.12/site-packages/airflow/example_dags/example_branch_python_dop_operator_3.py for tasks to queue
[2025-01-28T10:19:56.519+0000] {logging_mixin.py:190} INFO - [2025-01-28T10:19:56.515+0000] {dagbag.py:588} INFO - Filling up the DagBag from /mnt/c/Users/Admin/Desktop/ud_data/Dataslush_umang/airflow/airflow_venv/lib/python3.12/site-packages/airflow/example_dags/example_branch_python_dop_operator_3.py
[2025-01-28T10:19:56.785+0000] {processor.py:925} INFO - DAG(s) 'example_branch_dop_operator_v3' retrieved from /mnt/c/Users/Admin/Desktop/ud_data/Dataslush_umang/airflow/airflow_venv/lib/python3.12/site-packages/airflow/example_dags/example_branch_python_dop_operator_3.py
[2025-01-28T10:19:56.814+0000] {logging_mixin.py:190} INFO - [2025-01-28T10:19:56.812+0000] {dag.py:3239} INFO - Sync 1 DAGs
[2025-01-28T10:19:56.869+0000] {logging_mixin.py:190} INFO - [2025-01-28T10:19:56.867+0000] {dag.py:4180} INFO - Setting next_dagrun for example_branch_dop_operator_v3 to 2025-01-28 10:18:00+00:00, run_after=2025-01-28 10:19:00+00:00
[2025-01-28T10:19:58.081+0000] {processor.py:208} INFO - Processing /mnt/c/Users/Admin/Desktop/ud_data/Dataslush_umang/airflow/airflow_venv/lib/python3.12/site-packages/airflow/example_dags/example_branch_python_dop_operator_3.py took 1.898 seconds
[2025-01-28T10:22:59.779+0000] {processor.py:186} INFO - Started process (PID=15728) to work on /mnt/c/Users/Admin/Desktop/ud_data/Dataslush_umang/airflow/airflow_venv/lib/python3.12/site-packages/airflow/example_dags/example_branch_python_dop_operator_3.py
[2025-01-28T10:23:00.412+0000] {processor.py:914} INFO - Processing file /mnt/c/Users/Admin/Desktop/ud_data/Dataslush_umang/airflow/airflow_venv/lib/python3.12/site-packages/airflow/example_dags/example_branch_python_dop_operator_3.py for tasks to queue
[2025-01-28T10:23:00.448+0000] {logging_mixin.py:190} INFO - [2025-01-28T10:23:00.433+0000] {dagbag.py:588} INFO - Filling up the DagBag from /mnt/c/Users/Admin/Desktop/ud_data/Dataslush_umang/airflow/airflow_venv/lib/python3.12/site-packages/airflow/example_dags/example_branch_python_dop_operator_3.py
[2025-01-28T10:23:00.590+0000] {processor.py:925} INFO - DAG(s) 'example_branch_dop_operator_v3' retrieved from /mnt/c/Users/Admin/Desktop/ud_data/Dataslush_umang/airflow/airflow_venv/lib/python3.12/site-packages/airflow/example_dags/example_branch_python_dop_operator_3.py
[2025-01-28T10:23:00.620+0000] {logging_mixin.py:190} INFO - [2025-01-28T10:23:00.618+0000] {dag.py:3239} INFO - Sync 1 DAGs
[2025-01-28T10:23:00.822+0000] {logging_mixin.py:190} INFO - [2025-01-28T10:23:00.820+0000] {dag.py:4180} INFO - Setting next_dagrun for example_branch_dop_operator_v3 to 2025-01-28 10:22:00+00:00, run_after=2025-01-28 10:23:00+00:00
[2025-01-28T10:23:01.289+0000] {processor.py:208} INFO - Processing /mnt/c/Users/Admin/Desktop/ud_data/Dataslush_umang/airflow/airflow_venv/lib/python3.12/site-packages/airflow/example_dags/example_branch_python_dop_operator_3.py took 1.578 seconds
[2025-01-28T10:24:43.356+0000] {processor.py:186} INFO - Started process (PID=15927) to work on /mnt/c/Users/Admin/Desktop/ud_data/Dataslush_umang/airflow/airflow_venv/lib/python3.12/site-packages/airflow/example_dags/example_branch_python_dop_operator_3.py
[2025-01-28T10:24:43.363+0000] {processor.py:914} INFO - Processing file /mnt/c/Users/Admin/Desktop/ud_data/Dataslush_umang/airflow/airflow_venv/lib/python3.12/site-packages/airflow/example_dags/example_branch_python_dop_operator_3.py for tasks to queue
[2025-01-28T10:24:43.376+0000] {logging_mixin.py:190} INFO - [2025-01-28T10:24:43.372+0000] {dagbag.py:588} INFO - Filling up the DagBag from /mnt/c/Users/Admin/Desktop/ud_data/Dataslush_umang/airflow/airflow_venv/lib/python3.12/site-packages/airflow/example_dags/example_branch_python_dop_operator_3.py
[2025-01-28T10:24:43.633+0000] {processor.py:925} INFO - DAG(s) 'example_branch_dop_operator_v3' retrieved from /mnt/c/Users/Admin/Desktop/ud_data/Dataslush_umang/airflow/airflow_venv/lib/python3.12/site-packages/airflow/example_dags/example_branch_python_dop_operator_3.py
[2025-01-28T10:24:43.674+0000] {logging_mixin.py:190} INFO - [2025-01-28T10:24:43.673+0000] {dag.py:3239} INFO - Sync 1 DAGs
[2025-01-28T10:24:43.749+0000] {logging_mixin.py:190} INFO - [2025-01-28T10:24:43.745+0000] {dag.py:4180} INFO - Setting next_dagrun for example_branch_dop_operator_v3 to 2025-01-28 10:23:00+00:00, run_after=2025-01-28 10:24:00+00:00
[2025-01-28T10:24:43.834+0000] {processor.py:208} INFO - Processing /mnt/c/Users/Admin/Desktop/ud_data/Dataslush_umang/airflow/airflow_venv/lib/python3.12/site-packages/airflow/example_dags/example_branch_python_dop_operator_3.py took 0.529 seconds
[2025-01-28T10:27:17.840+0000] {processor.py:186} INFO - Started process (PID=16242) to work on /mnt/c/Users/Admin/Desktop/ud_data/Dataslush_umang/airflow/airflow_venv/lib/python3.12/site-packages/airflow/example_dags/example_branch_python_dop_operator_3.py
[2025-01-28T10:27:17.844+0000] {processor.py:914} INFO - Processing file /mnt/c/Users/Admin/Desktop/ud_data/Dataslush_umang/airflow/airflow_venv/lib/python3.12/site-packages/airflow/example_dags/example_branch_python_dop_operator_3.py for tasks to queue
[2025-01-28T10:27:17.853+0000] {logging_mixin.py:190} INFO - [2025-01-28T10:27:17.850+0000] {dagbag.py:588} INFO - Filling up the DagBag from /mnt/c/Users/Admin/Desktop/ud_data/Dataslush_umang/airflow/airflow_venv/lib/python3.12/site-packages/airflow/example_dags/example_branch_python_dop_operator_3.py
[2025-01-28T10:27:18.005+0000] {processor.py:925} INFO - DAG(s) 'example_branch_dop_operator_v3' retrieved from /mnt/c/Users/Admin/Desktop/ud_data/Dataslush_umang/airflow/airflow_venv/lib/python3.12/site-packages/airflow/example_dags/example_branch_python_dop_operator_3.py
[2025-01-28T10:27:18.033+0000] {logging_mixin.py:190} INFO - [2025-01-28T10:27:18.030+0000] {dag.py:3239} INFO - Sync 1 DAGs
[2025-01-28T10:27:18.085+0000] {logging_mixin.py:190} INFO - [2025-01-28T10:27:18.083+0000] {dag.py:4180} INFO - Setting next_dagrun for example_branch_dop_operator_v3 to 2025-01-28 10:26:00+00:00, run_after=2025-01-28 10:27:00+00:00
[2025-01-28T10:27:18.259+0000] {processor.py:208} INFO - Processing /mnt/c/Users/Admin/Desktop/ud_data/Dataslush_umang/airflow/airflow_venv/lib/python3.12/site-packages/airflow/example_dags/example_branch_python_dop_operator_3.py took 0.470 seconds
[2025-01-28T10:30:07.820+0000] {processor.py:186} INFO - Started process (PID=16413) to work on /mnt/c/Users/Admin/Desktop/ud_data/Dataslush_umang/airflow/airflow_venv/lib/python3.12/site-packages/airflow/example_dags/example_branch_python_dop_operator_3.py
[2025-01-28T10:30:07.824+0000] {processor.py:914} INFO - Processing file /mnt/c/Users/Admin/Desktop/ud_data/Dataslush_umang/airflow/airflow_venv/lib/python3.12/site-packages/airflow/example_dags/example_branch_python_dop_operator_3.py for tasks to queue
[2025-01-28T10:30:07.830+0000] {logging_mixin.py:190} INFO - [2025-01-28T10:30:07.828+0000] {dagbag.py:588} INFO - Filling up the DagBag from /mnt/c/Users/Admin/Desktop/ud_data/Dataslush_umang/airflow/airflow_venv/lib/python3.12/site-packages/airflow/example_dags/example_branch_python_dop_operator_3.py
[2025-01-28T10:30:07.954+0000] {processor.py:925} INFO - DAG(s) 'example_branch_dop_operator_v3' retrieved from /mnt/c/Users/Admin/Desktop/ud_data/Dataslush_umang/airflow/airflow_venv/lib/python3.12/site-packages/airflow/example_dags/example_branch_python_dop_operator_3.py
[2025-01-28T10:30:07.984+0000] {logging_mixin.py:190} INFO - [2025-01-28T10:30:07.981+0000] {dag.py:3239} INFO - Sync 1 DAGs
[2025-01-28T10:30:08.120+0000] {logging_mixin.py:190} INFO - [2025-01-28T10:30:08.116+0000] {dag.py:4180} INFO - Setting next_dagrun for example_branch_dop_operator_v3 to 2025-01-28 10:29:00+00:00, run_after=2025-01-28 10:30:00+00:00
[2025-01-28T10:30:08.275+0000] {processor.py:208} INFO - Processing /mnt/c/Users/Admin/Desktop/ud_data/Dataslush_umang/airflow/airflow_venv/lib/python3.12/site-packages/airflow/example_dags/example_branch_python_dop_operator_3.py took 0.480 seconds
[2025-01-28T10:32:20.610+0000] {processor.py:186} INFO - Started process (PID=16636) to work on /mnt/c/Users/Admin/Desktop/ud_data/Dataslush_umang/airflow/airflow_venv/lib/python3.12/site-packages/airflow/example_dags/example_branch_python_dop_operator_3.py
[2025-01-28T10:32:20.833+0000] {processor.py:914} INFO - Processing file /mnt/c/Users/Admin/Desktop/ud_data/Dataslush_umang/airflow/airflow_venv/lib/python3.12/site-packages/airflow/example_dags/example_branch_python_dop_operator_3.py for tasks to queue
[2025-01-28T10:32:20.849+0000] {logging_mixin.py:190} INFO - [2025-01-28T10:32:20.844+0000] {dagbag.py:588} INFO - Filling up the DagBag from /mnt/c/Users/Admin/Desktop/ud_data/Dataslush_umang/airflow/airflow_venv/lib/python3.12/site-packages/airflow/example_dags/example_branch_python_dop_operator_3.py
[2025-01-28T10:32:21.220+0000] {processor.py:925} INFO - DAG(s) 'example_branch_dop_operator_v3' retrieved from /mnt/c/Users/Admin/Desktop/ud_data/Dataslush_umang/airflow/airflow_venv/lib/python3.12/site-packages/airflow/example_dags/example_branch_python_dop_operator_3.py
[2025-01-28T10:32:21.302+0000] {logging_mixin.py:190} INFO - [2025-01-28T10:32:21.298+0000] {dag.py:3239} INFO - Sync 1 DAGs
[2025-01-28T10:32:21.426+0000] {logging_mixin.py:190} INFO - [2025-01-28T10:32:21.422+0000] {dag.py:4180} INFO - Setting next_dagrun for example_branch_dop_operator_v3 to 2025-01-28 10:31:00+00:00, run_after=2025-01-28 10:32:00+00:00
[2025-01-28T10:32:23.386+0000] {processor.py:208} INFO - Processing /mnt/c/Users/Admin/Desktop/ud_data/Dataslush_umang/airflow/airflow_venv/lib/python3.12/site-packages/airflow/example_dags/example_branch_python_dop_operator_3.py took 2.847 seconds
[2025-01-28T10:35:25.531+0000] {processor.py:186} INFO - Started process (PID=16877) to work on /mnt/c/Users/Admin/Desktop/ud_data/Dataslush_umang/airflow/airflow_venv/lib/python3.12/site-packages/airflow/example_dags/example_branch_python_dop_operator_3.py
[2025-01-28T10:35:25.533+0000] {processor.py:914} INFO - Processing file /mnt/c/Users/Admin/Desktop/ud_data/Dataslush_umang/airflow/airflow_venv/lib/python3.12/site-packages/airflow/example_dags/example_branch_python_dop_operator_3.py for tasks to queue
[2025-01-28T10:35:25.538+0000] {logging_mixin.py:190} INFO - [2025-01-28T10:35:25.536+0000] {dagbag.py:588} INFO - Filling up the DagBag from /mnt/c/Users/Admin/Desktop/ud_data/Dataslush_umang/airflow/airflow_venv/lib/python3.12/site-packages/airflow/example_dags/example_branch_python_dop_operator_3.py
[2025-01-28T10:34:55.569+0000] {processor.py:925} INFO - DAG(s) 'example_branch_dop_operator_v3' retrieved from /mnt/c/Users/Admin/Desktop/ud_data/Dataslush_umang/airflow/airflow_venv/lib/python3.12/site-packages/airflow/example_dags/example_branch_python_dop_operator_3.py
[2025-01-28T10:34:55.601+0000] {logging_mixin.py:190} INFO - [2025-01-28T10:34:55.599+0000] {dag.py:3239} INFO - Sync 1 DAGs
[2025-01-28T10:34:55.681+0000] {logging_mixin.py:190} INFO - [2025-01-28T10:34:55.676+0000] {dag.py:4180} INFO - Setting next_dagrun for example_branch_dop_operator_v3 to 2025-01-28 10:33:00+00:00, run_after=2025-01-28 10:34:00+00:00
[2025-01-28T10:34:57.542+0000] {processor.py:208} INFO - Processing /mnt/c/Users/Admin/Desktop/ud_data/Dataslush_umang/airflow/airflow_venv/lib/python3.12/site-packages/airflow/example_dags/example_branch_python_dop_operator_3.py took 2.140 seconds
[2025-01-28T10:37:48.792+0000] {processor.py:186} INFO - Started process (PID=17098) to work on /mnt/c/Users/Admin/Desktop/ud_data/Dataslush_umang/airflow/airflow_venv/lib/python3.12/site-packages/airflow/example_dags/example_branch_python_dop_operator_3.py
[2025-01-28T10:37:48.800+0000] {processor.py:914} INFO - Processing file /mnt/c/Users/Admin/Desktop/ud_data/Dataslush_umang/airflow/airflow_venv/lib/python3.12/site-packages/airflow/example_dags/example_branch_python_dop_operator_3.py for tasks to queue
[2025-01-28T10:37:48.817+0000] {logging_mixin.py:190} INFO - [2025-01-28T10:37:48.812+0000] {dagbag.py:588} INFO - Filling up the DagBag from /mnt/c/Users/Admin/Desktop/ud_data/Dataslush_umang/airflow/airflow_venv/lib/python3.12/site-packages/airflow/example_dags/example_branch_python_dop_operator_3.py
[2025-01-28T10:37:49.073+0000] {processor.py:925} INFO - DAG(s) 'example_branch_dop_operator_v3' retrieved from /mnt/c/Users/Admin/Desktop/ud_data/Dataslush_umang/airflow/airflow_venv/lib/python3.12/site-packages/airflow/example_dags/example_branch_python_dop_operator_3.py
[2025-01-28T10:37:49.124+0000] {logging_mixin.py:190} INFO - [2025-01-28T10:37:49.121+0000] {dag.py:3239} INFO - Sync 1 DAGs
[2025-01-28T10:37:49.213+0000] {logging_mixin.py:190} INFO - [2025-01-28T10:37:49.211+0000] {dag.py:4180} INFO - Setting next_dagrun for example_branch_dop_operator_v3 to 2025-01-28 10:36:00+00:00, run_after=2025-01-28 10:37:00+00:00
[2025-01-28T10:37:49.332+0000] {processor.py:208} INFO - Processing /mnt/c/Users/Admin/Desktop/ud_data/Dataslush_umang/airflow/airflow_venv/lib/python3.12/site-packages/airflow/example_dags/example_branch_python_dop_operator_3.py took 0.607 seconds
[2025-01-28T10:39:41.964+0000] {processor.py:186} INFO - Started process (PID=17296) to work on /mnt/c/Users/Admin/Desktop/ud_data/Dataslush_umang/airflow/airflow_venv/lib/python3.12/site-packages/airflow/example_dags/example_branch_python_dop_operator_3.py
[2025-01-28T10:39:42.334+0000] {processor.py:914} INFO - Processing file /mnt/c/Users/Admin/Desktop/ud_data/Dataslush_umang/airflow/airflow_venv/lib/python3.12/site-packages/airflow/example_dags/example_branch_python_dop_operator_3.py for tasks to queue
[2025-01-28T10:39:42.345+0000] {logging_mixin.py:190} INFO - [2025-01-28T10:39:42.342+0000] {dagbag.py:588} INFO - Filling up the DagBag from /mnt/c/Users/Admin/Desktop/ud_data/Dataslush_umang/airflow/airflow_venv/lib/python3.12/site-packages/airflow/example_dags/example_branch_python_dop_operator_3.py
[2025-01-28T10:39:42.568+0000] {processor.py:925} INFO - DAG(s) 'example_branch_dop_operator_v3' retrieved from /mnt/c/Users/Admin/Desktop/ud_data/Dataslush_umang/airflow/airflow_venv/lib/python3.12/site-packages/airflow/example_dags/example_branch_python_dop_operator_3.py
[2025-01-28T10:39:42.614+0000] {logging_mixin.py:190} INFO - [2025-01-28T10:39:42.611+0000] {dag.py:3239} INFO - Sync 1 DAGs
[2025-01-28T10:39:42.694+0000] {logging_mixin.py:190} INFO - [2025-01-28T10:39:42.692+0000] {dag.py:4180} INFO - Setting next_dagrun for example_branch_dop_operator_v3 to 2025-01-28 10:38:00+00:00, run_after=2025-01-28 10:39:00+00:00
[2025-01-28T10:39:43.051+0000] {processor.py:208} INFO - Processing /mnt/c/Users/Admin/Desktop/ud_data/Dataslush_umang/airflow/airflow_venv/lib/python3.12/site-packages/airflow/example_dags/example_branch_python_dop_operator_3.py took 1.138 seconds
[2025-01-28T10:41:28.728+0000] {processor.py:186} INFO - Started process (PID=17438) to work on /mnt/c/Users/Admin/Desktop/ud_data/Dataslush_umang/airflow/airflow_venv/lib/python3.12/site-packages/airflow/example_dags/example_branch_python_dop_operator_3.py
[2025-01-28T10:41:28.730+0000] {processor.py:914} INFO - Processing file /mnt/c/Users/Admin/Desktop/ud_data/Dataslush_umang/airflow/airflow_venv/lib/python3.12/site-packages/airflow/example_dags/example_branch_python_dop_operator_3.py for tasks to queue
[2025-01-28T10:41:28.734+0000] {logging_mixin.py:190} INFO - [2025-01-28T10:41:28.733+0000] {dagbag.py:588} INFO - Filling up the DagBag from /mnt/c/Users/Admin/Desktop/ud_data/Dataslush_umang/airflow/airflow_venv/lib/python3.12/site-packages/airflow/example_dags/example_branch_python_dop_operator_3.py
[2025-01-28T10:41:28.815+0000] {processor.py:925} INFO - DAG(s) 'example_branch_dop_operator_v3' retrieved from /mnt/c/Users/Admin/Desktop/ud_data/Dataslush_umang/airflow/airflow_venv/lib/python3.12/site-packages/airflow/example_dags/example_branch_python_dop_operator_3.py
[2025-01-28T10:41:28.841+0000] {logging_mixin.py:190} INFO - [2025-01-28T10:41:28.838+0000] {dag.py:3239} INFO - Sync 1 DAGs
[2025-01-28T10:41:28.879+0000] {logging_mixin.py:190} INFO - [2025-01-28T10:41:28.878+0000] {dag.py:4180} INFO - Setting next_dagrun for example_branch_dop_operator_v3 to 2025-01-28 10:40:00+00:00, run_after=2025-01-28 10:41:00+00:00
[2025-01-28T10:41:28.920+0000] {processor.py:208} INFO - Processing /mnt/c/Users/Admin/Desktop/ud_data/Dataslush_umang/airflow/airflow_venv/lib/python3.12/site-packages/airflow/example_dags/example_branch_python_dop_operator_3.py took 0.211 seconds
[2025-01-28T10:43:37.825+0000] {processor.py:186} INFO - Started process (PID=17778) to work on /mnt/c/Users/Admin/Desktop/ud_data/Dataslush_umang/airflow/airflow_venv/lib/python3.12/site-packages/airflow/example_dags/example_branch_python_dop_operator_3.py
[2025-01-28T10:43:37.842+0000] {processor.py:914} INFO - Processing file /mnt/c/Users/Admin/Desktop/ud_data/Dataslush_umang/airflow/airflow_venv/lib/python3.12/site-packages/airflow/example_dags/example_branch_python_dop_operator_3.py for tasks to queue
[2025-01-28T10:43:37.848+0000] {logging_mixin.py:190} INFO - [2025-01-28T10:43:37.846+0000] {dagbag.py:588} INFO - Filling up the DagBag from /mnt/c/Users/Admin/Desktop/ud_data/Dataslush_umang/airflow/airflow_venv/lib/python3.12/site-packages/airflow/example_dags/example_branch_python_dop_operator_3.py
[2025-01-28T10:43:37.989+0000] {processor.py:925} INFO - DAG(s) 'example_branch_dop_operator_v3' retrieved from /mnt/c/Users/Admin/Desktop/ud_data/Dataslush_umang/airflow/airflow_venv/lib/python3.12/site-packages/airflow/example_dags/example_branch_python_dop_operator_3.py
[2025-01-28T10:43:38.024+0000] {logging_mixin.py:190} INFO - [2025-01-28T10:43:38.022+0000] {dag.py:3239} INFO - Sync 1 DAGs
[2025-01-28T10:43:38.086+0000] {logging_mixin.py:190} INFO - [2025-01-28T10:43:38.084+0000] {dag.py:4180} INFO - Setting next_dagrun for example_branch_dop_operator_v3 to 2025-01-28 10:42:00+00:00, run_after=2025-01-28 10:43:00+00:00
[2025-01-28T10:43:38.138+0000] {processor.py:208} INFO - Processing /mnt/c/Users/Admin/Desktop/ud_data/Dataslush_umang/airflow/airflow_venv/lib/python3.12/site-packages/airflow/example_dags/example_branch_python_dop_operator_3.py took 0.345 seconds
[2025-01-28T10:47:47.146+0000] {processor.py:186} INFO - Started process (PID=18033) to work on /mnt/c/Users/Admin/Desktop/ud_data/Dataslush_umang/airflow/airflow_venv/lib/python3.12/site-packages/airflow/example_dags/example_branch_python_dop_operator_3.py
[2025-01-28T10:47:47.189+0000] {processor.py:914} INFO - Processing file /mnt/c/Users/Admin/Desktop/ud_data/Dataslush_umang/airflow/airflow_venv/lib/python3.12/site-packages/airflow/example_dags/example_branch_python_dop_operator_3.py for tasks to queue
[2025-01-28T10:47:47.195+0000] {logging_mixin.py:190} INFO - [2025-01-28T10:47:47.193+0000] {dagbag.py:588} INFO - Filling up the DagBag from /mnt/c/Users/Admin/Desktop/ud_data/Dataslush_umang/airflow/airflow_venv/lib/python3.12/site-packages/airflow/example_dags/example_branch_python_dop_operator_3.py
[2025-01-28T10:47:47.304+0000] {processor.py:925} INFO - DAG(s) 'example_branch_dop_operator_v3' retrieved from /mnt/c/Users/Admin/Desktop/ud_data/Dataslush_umang/airflow/airflow_venv/lib/python3.12/site-packages/airflow/example_dags/example_branch_python_dop_operator_3.py
[2025-01-28T10:47:47.341+0000] {logging_mixin.py:190} INFO - [2025-01-28T10:47:47.339+0000] {dag.py:3239} INFO - Sync 1 DAGs
[2025-01-28T10:47:47.393+0000] {logging_mixin.py:190} INFO - [2025-01-28T10:47:47.392+0000] {dag.py:4180} INFO - Setting next_dagrun for example_branch_dop_operator_v3 to 2025-01-28 10:46:00+00:00, run_after=2025-01-28 10:47:00+00:00
[2025-01-28T10:47:47.984+0000] {processor.py:208} INFO - Processing /mnt/c/Users/Admin/Desktop/ud_data/Dataslush_umang/airflow/airflow_venv/lib/python3.12/site-packages/airflow/example_dags/example_branch_python_dop_operator_3.py took 0.863 seconds
[2025-01-28T10:49:11.505+0000] {processor.py:186} INFO - Started process (PID=18220) to work on /mnt/c/Users/Admin/Desktop/ud_data/Dataslush_umang/airflow/airflow_venv/lib/python3.12/site-packages/airflow/example_dags/example_branch_python_dop_operator_3.py
[2025-01-28T10:49:11.509+0000] {processor.py:914} INFO - Processing file /mnt/c/Users/Admin/Desktop/ud_data/Dataslush_umang/airflow/airflow_venv/lib/python3.12/site-packages/airflow/example_dags/example_branch_python_dop_operator_3.py for tasks to queue
[2025-01-28T10:49:11.516+0000] {logging_mixin.py:190} INFO - [2025-01-28T10:49:11.514+0000] {dagbag.py:588} INFO - Filling up the DagBag from /mnt/c/Users/Admin/Desktop/ud_data/Dataslush_umang/airflow/airflow_venv/lib/python3.12/site-packages/airflow/example_dags/example_branch_python_dop_operator_3.py
[2025-01-28T10:49:11.656+0000] {processor.py:925} INFO - DAG(s) 'example_branch_dop_operator_v3' retrieved from /mnt/c/Users/Admin/Desktop/ud_data/Dataslush_umang/airflow/airflow_venv/lib/python3.12/site-packages/airflow/example_dags/example_branch_python_dop_operator_3.py
[2025-01-28T10:49:11.688+0000] {logging_mixin.py:190} INFO - [2025-01-28T10:49:11.686+0000] {dag.py:3239} INFO - Sync 1 DAGs
[2025-01-28T10:49:11.744+0000] {logging_mixin.py:190} INFO - [2025-01-28T10:49:11.742+0000] {dag.py:4180} INFO - Setting next_dagrun for example_branch_dop_operator_v3 to 2025-01-28 10:48:00+00:00, run_after=2025-01-28 10:49:00+00:00
[2025-01-28T10:49:11.791+0000] {processor.py:208} INFO - Processing /mnt/c/Users/Admin/Desktop/ud_data/Dataslush_umang/airflow/airflow_venv/lib/python3.12/site-packages/airflow/example_dags/example_branch_python_dop_operator_3.py took 0.315 seconds
[2025-01-28T10:51:28.309+0000] {processor.py:186} INFO - Started process (PID=18536) to work on /mnt/c/Users/Admin/Desktop/ud_data/Dataslush_umang/airflow/airflow_venv/lib/python3.12/site-packages/airflow/example_dags/example_branch_python_dop_operator_3.py
[2025-01-28T10:51:28.709+0000] {processor.py:914} INFO - Processing file /mnt/c/Users/Admin/Desktop/ud_data/Dataslush_umang/airflow/airflow_venv/lib/python3.12/site-packages/airflow/example_dags/example_branch_python_dop_operator_3.py for tasks to queue
[2025-01-28T10:51:28.715+0000] {logging_mixin.py:190} INFO - [2025-01-28T10:51:28.714+0000] {dagbag.py:588} INFO - Filling up the DagBag from /mnt/c/Users/Admin/Desktop/ud_data/Dataslush_umang/airflow/airflow_venv/lib/python3.12/site-packages/airflow/example_dags/example_branch_python_dop_operator_3.py
[2025-01-28T10:51:28.843+0000] {processor.py:925} INFO - DAG(s) 'example_branch_dop_operator_v3' retrieved from /mnt/c/Users/Admin/Desktop/ud_data/Dataslush_umang/airflow/airflow_venv/lib/python3.12/site-packages/airflow/example_dags/example_branch_python_dop_operator_3.py
[2025-01-28T10:51:28.879+0000] {logging_mixin.py:190} INFO - [2025-01-28T10:51:28.877+0000] {dag.py:3239} INFO - Sync 1 DAGs
[2025-01-28T10:51:28.936+0000] {logging_mixin.py:190} INFO - [2025-01-28T10:51:28.934+0000] {dag.py:4180} INFO - Setting next_dagrun for example_branch_dop_operator_v3 to 2025-01-28 10:50:00+00:00, run_after=2025-01-28 10:51:00+00:00
[2025-01-28T10:51:29.903+0000] {processor.py:208} INFO - Processing /mnt/c/Users/Admin/Desktop/ud_data/Dataslush_umang/airflow/airflow_venv/lib/python3.12/site-packages/airflow/example_dags/example_branch_python_dop_operator_3.py took 1.621 seconds
[2025-01-28T10:53:14.395+0000] {processor.py:186} INFO - Started process (PID=18705) to work on /mnt/c/Users/Admin/Desktop/ud_data/Dataslush_umang/airflow/airflow_venv/lib/python3.12/site-packages/airflow/example_dags/example_branch_python_dop_operator_3.py
[2025-01-28T10:53:14.398+0000] {processor.py:914} INFO - Processing file /mnt/c/Users/Admin/Desktop/ud_data/Dataslush_umang/airflow/airflow_venv/lib/python3.12/site-packages/airflow/example_dags/example_branch_python_dop_operator_3.py for tasks to queue
[2025-01-28T10:53:14.405+0000] {logging_mixin.py:190} INFO - [2025-01-28T10:53:14.403+0000] {dagbag.py:588} INFO - Filling up the DagBag from /mnt/c/Users/Admin/Desktop/ud_data/Dataslush_umang/airflow/airflow_venv/lib/python3.12/site-packages/airflow/example_dags/example_branch_python_dop_operator_3.py
[2025-01-28T10:53:14.520+0000] {processor.py:925} INFO - DAG(s) 'example_branch_dop_operator_v3' retrieved from /mnt/c/Users/Admin/Desktop/ud_data/Dataslush_umang/airflow/airflow_venv/lib/python3.12/site-packages/airflow/example_dags/example_branch_python_dop_operator_3.py
[2025-01-28T10:53:14.551+0000] {logging_mixin.py:190} INFO - [2025-01-28T10:53:14.549+0000] {dag.py:3239} INFO - Sync 1 DAGs
[2025-01-28T10:53:14.606+0000] {logging_mixin.py:190} INFO - [2025-01-28T10:53:14.605+0000] {dag.py:4180} INFO - Setting next_dagrun for example_branch_dop_operator_v3 to 2025-01-28 10:52:00+00:00, run_after=2025-01-28 10:53:00+00:00
[2025-01-28T10:53:14.770+0000] {processor.py:208} INFO - Processing /mnt/c/Users/Admin/Desktop/ud_data/Dataslush_umang/airflow/airflow_venv/lib/python3.12/site-packages/airflow/example_dags/example_branch_python_dop_operator_3.py took 0.397 seconds
[2025-01-28T10:55:10.374+0000] {processor.py:186} INFO - Started process (PID=18856) to work on /mnt/c/Users/Admin/Desktop/ud_data/Dataslush_umang/airflow/airflow_venv/lib/python3.12/site-packages/airflow/example_dags/example_branch_python_dop_operator_3.py
[2025-01-28T10:55:10.378+0000] {processor.py:914} INFO - Processing file /mnt/c/Users/Admin/Desktop/ud_data/Dataslush_umang/airflow/airflow_venv/lib/python3.12/site-packages/airflow/example_dags/example_branch_python_dop_operator_3.py for tasks to queue
[2025-01-28T10:55:10.385+0000] {logging_mixin.py:190} INFO - [2025-01-28T10:55:10.382+0000] {dagbag.py:588} INFO - Filling up the DagBag from /mnt/c/Users/Admin/Desktop/ud_data/Dataslush_umang/airflow/airflow_venv/lib/python3.12/site-packages/airflow/example_dags/example_branch_python_dop_operator_3.py
[2025-01-28T10:55:10.514+0000] {processor.py:925} INFO - DAG(s) 'example_branch_dop_operator_v3' retrieved from /mnt/c/Users/Admin/Desktop/ud_data/Dataslush_umang/airflow/airflow_venv/lib/python3.12/site-packages/airflow/example_dags/example_branch_python_dop_operator_3.py
[2025-01-28T10:55:10.546+0000] {logging_mixin.py:190} INFO - [2025-01-28T10:55:10.544+0000] {dag.py:3239} INFO - Sync 1 DAGs
[2025-01-28T10:55:10.597+0000] {logging_mixin.py:190} INFO - [2025-01-28T10:55:10.596+0000] {dag.py:4180} INFO - Setting next_dagrun for example_branch_dop_operator_v3 to 2025-01-28 10:54:00+00:00, run_after=2025-01-28 10:55:00+00:00
[2025-01-28T10:55:10.643+0000] {processor.py:208} INFO - Processing /mnt/c/Users/Admin/Desktop/ud_data/Dataslush_umang/airflow/airflow_venv/lib/python3.12/site-packages/airflow/example_dags/example_branch_python_dop_operator_3.py took 0.300 seconds
[2025-01-28T10:56:40.476+0000] {processor.py:186} INFO - Started process (PID=19078) to work on /mnt/c/Users/Admin/Desktop/ud_data/Dataslush_umang/airflow/airflow_venv/lib/python3.12/site-packages/airflow/example_dags/example_branch_python_dop_operator_3.py
[2025-01-28T10:56:40.560+0000] {processor.py:914} INFO - Processing file /mnt/c/Users/Admin/Desktop/ud_data/Dataslush_umang/airflow/airflow_venv/lib/python3.12/site-packages/airflow/example_dags/example_branch_python_dop_operator_3.py for tasks to queue
[2025-01-28T10:56:40.565+0000] {logging_mixin.py:190} INFO - [2025-01-28T10:56:40.563+0000] {dagbag.py:588} INFO - Filling up the DagBag from /mnt/c/Users/Admin/Desktop/ud_data/Dataslush_umang/airflow/airflow_venv/lib/python3.12/site-packages/airflow/example_dags/example_branch_python_dop_operator_3.py
[2025-01-28T10:56:40.710+0000] {processor.py:925} INFO - DAG(s) 'example_branch_dop_operator_v3' retrieved from /mnt/c/Users/Admin/Desktop/ud_data/Dataslush_umang/airflow/airflow_venv/lib/python3.12/site-packages/airflow/example_dags/example_branch_python_dop_operator_3.py
[2025-01-28T10:56:40.764+0000] {logging_mixin.py:190} INFO - [2025-01-28T10:56:40.759+0000] {dag.py:3239} INFO - Sync 1 DAGs
[2025-01-28T10:56:40.829+0000] {logging_mixin.py:190} INFO - [2025-01-28T10:56:40.828+0000] {dag.py:4180} INFO - Setting next_dagrun for example_branch_dop_operator_v3 to 2025-01-28 10:55:00+00:00, run_after=2025-01-28 10:56:00+00:00
[2025-01-28T10:56:41.008+0000] {processor.py:208} INFO - Processing /mnt/c/Users/Admin/Desktop/ud_data/Dataslush_umang/airflow/airflow_venv/lib/python3.12/site-packages/airflow/example_dags/example_branch_python_dop_operator_3.py took 0.556 seconds
[2025-01-28T10:58:37.867+0000] {processor.py:186} INFO - Started process (PID=19228) to work on /mnt/c/Users/Admin/Desktop/ud_data/Dataslush_umang/airflow/airflow_venv/lib/python3.12/site-packages/airflow/example_dags/example_branch_python_dop_operator_3.py
[2025-01-28T10:58:37.870+0000] {processor.py:914} INFO - Processing file /mnt/c/Users/Admin/Desktop/ud_data/Dataslush_umang/airflow/airflow_venv/lib/python3.12/site-packages/airflow/example_dags/example_branch_python_dop_operator_3.py for tasks to queue
[2025-01-28T10:58:37.879+0000] {logging_mixin.py:190} INFO - [2025-01-28T10:58:37.877+0000] {dagbag.py:588} INFO - Filling up the DagBag from /mnt/c/Users/Admin/Desktop/ud_data/Dataslush_umang/airflow/airflow_venv/lib/python3.12/site-packages/airflow/example_dags/example_branch_python_dop_operator_3.py
[2025-01-28T10:58:38.069+0000] {processor.py:925} INFO - DAG(s) 'example_branch_dop_operator_v3' retrieved from /mnt/c/Users/Admin/Desktop/ud_data/Dataslush_umang/airflow/airflow_venv/lib/python3.12/site-packages/airflow/example_dags/example_branch_python_dop_operator_3.py
[2025-01-28T10:58:08.041+0000] {logging_mixin.py:190} INFO - [2025-01-28T10:58:08.039+0000] {dag.py:3239} INFO - Sync 1 DAGs
[2025-01-28T10:58:08.152+0000] {logging_mixin.py:190} INFO - [2025-01-28T10:58:08.150+0000] {dag.py:4180} INFO - Setting next_dagrun for example_branch_dop_operator_v3 to 2025-01-28 10:57:00+00:00, run_after=2025-01-28 10:58:00+00:00
[2025-01-28T10:58:08.900+0000] {processor.py:208} INFO - Processing /mnt/c/Users/Admin/Desktop/ud_data/Dataslush_umang/airflow/airflow_venv/lib/python3.12/site-packages/airflow/example_dags/example_branch_python_dop_operator_3.py took 1.156 seconds
[2025-01-28T10:59:36.861+0000] {processor.py:186} INFO - Started process (PID=19417) to work on /mnt/c/Users/Admin/Desktop/ud_data/Dataslush_umang/airflow/airflow_venv/lib/python3.12/site-packages/airflow/example_dags/example_branch_python_dop_operator_3.py
[2025-01-28T10:59:36.874+0000] {processor.py:914} INFO - Processing file /mnt/c/Users/Admin/Desktop/ud_data/Dataslush_umang/airflow/airflow_venv/lib/python3.12/site-packages/airflow/example_dags/example_branch_python_dop_operator_3.py for tasks to queue
[2025-01-28T10:59:36.884+0000] {logging_mixin.py:190} INFO - [2025-01-28T10:59:36.881+0000] {dagbag.py:588} INFO - Filling up the DagBag from /mnt/c/Users/Admin/Desktop/ud_data/Dataslush_umang/airflow/airflow_venv/lib/python3.12/site-packages/airflow/example_dags/example_branch_python_dop_operator_3.py
[2025-01-28T10:59:37.012+0000] {processor.py:925} INFO - DAG(s) 'example_branch_dop_operator_v3' retrieved from /mnt/c/Users/Admin/Desktop/ud_data/Dataslush_umang/airflow/airflow_venv/lib/python3.12/site-packages/airflow/example_dags/example_branch_python_dop_operator_3.py
[2025-01-28T10:59:37.053+0000] {logging_mixin.py:190} INFO - [2025-01-28T10:59:37.052+0000] {dag.py:3239} INFO - Sync 1 DAGs
[2025-01-28T10:59:37.107+0000] {logging_mixin.py:190} INFO - [2025-01-28T10:59:37.105+0000] {dag.py:4180} INFO - Setting next_dagrun for example_branch_dop_operator_v3 to 2025-01-28 10:58:00+00:00, run_after=2025-01-28 10:59:00+00:00
[2025-01-28T10:59:37.154+0000] {processor.py:208} INFO - Processing /mnt/c/Users/Admin/Desktop/ud_data/Dataslush_umang/airflow/airflow_venv/lib/python3.12/site-packages/airflow/example_dags/example_branch_python_dop_operator_3.py took 0.319 seconds
[2025-01-28T11:01:31.171+0000] {processor.py:186} INFO - Started process (PID=19587) to work on /mnt/c/Users/Admin/Desktop/ud_data/Dataslush_umang/airflow/airflow_venv/lib/python3.12/site-packages/airflow/example_dags/example_branch_python_dop_operator_3.py
[2025-01-28T11:01:31.176+0000] {processor.py:914} INFO - Processing file /mnt/c/Users/Admin/Desktop/ud_data/Dataslush_umang/airflow/airflow_venv/lib/python3.12/site-packages/airflow/example_dags/example_branch_python_dop_operator_3.py for tasks to queue
[2025-01-28T11:01:31.182+0000] {logging_mixin.py:190} INFO - [2025-01-28T11:01:31.180+0000] {dagbag.py:588} INFO - Filling up the DagBag from /mnt/c/Users/Admin/Desktop/ud_data/Dataslush_umang/airflow/airflow_venv/lib/python3.12/site-packages/airflow/example_dags/example_branch_python_dop_operator_3.py
[2025-01-28T11:01:31.322+0000] {processor.py:925} INFO - DAG(s) 'example_branch_dop_operator_v3' retrieved from /mnt/c/Users/Admin/Desktop/ud_data/Dataslush_umang/airflow/airflow_venv/lib/python3.12/site-packages/airflow/example_dags/example_branch_python_dop_operator_3.py
[2025-01-28T11:01:31.355+0000] {logging_mixin.py:190} INFO - [2025-01-28T11:01:31.352+0000] {dag.py:3239} INFO - Sync 1 DAGs
[2025-01-28T11:01:31.410+0000] {logging_mixin.py:190} INFO - [2025-01-28T11:01:31.409+0000] {dag.py:4180} INFO - Setting next_dagrun for example_branch_dop_operator_v3 to 2025-01-28 11:00:00+00:00, run_after=2025-01-28 11:01:00+00:00
[2025-01-28T11:01:31.463+0000] {processor.py:208} INFO - Processing /mnt/c/Users/Admin/Desktop/ud_data/Dataslush_umang/airflow/airflow_venv/lib/python3.12/site-packages/airflow/example_dags/example_branch_python_dop_operator_3.py took 0.328 seconds
[2025-01-28T11:03:06.051+0000] {processor.py:186} INFO - Started process (PID=19675) to work on /mnt/c/Users/Admin/Desktop/ud_data/Dataslush_umang/airflow/airflow_venv/lib/python3.12/site-packages/airflow/example_dags/example_branch_python_dop_operator_3.py
[2025-01-28T11:03:06.118+0000] {processor.py:914} INFO - Processing file /mnt/c/Users/Admin/Desktop/ud_data/Dataslush_umang/airflow/airflow_venv/lib/python3.12/site-packages/airflow/example_dags/example_branch_python_dop_operator_3.py for tasks to queue
[2025-01-28T11:03:06.126+0000] {logging_mixin.py:190} INFO - [2025-01-28T11:03:06.124+0000] {dagbag.py:588} INFO - Filling up the DagBag from /mnt/c/Users/Admin/Desktop/ud_data/Dataslush_umang/airflow/airflow_venv/lib/python3.12/site-packages/airflow/example_dags/example_branch_python_dop_operator_3.py
[2025-01-28T11:03:06.273+0000] {processor.py:925} INFO - DAG(s) 'example_branch_dop_operator_v3' retrieved from /mnt/c/Users/Admin/Desktop/ud_data/Dataslush_umang/airflow/airflow_venv/lib/python3.12/site-packages/airflow/example_dags/example_branch_python_dop_operator_3.py
[2025-01-28T11:03:06.307+0000] {logging_mixin.py:190} INFO - [2025-01-28T11:03:06.305+0000] {dag.py:3239} INFO - Sync 1 DAGs
[2025-01-28T11:03:06.367+0000] {logging_mixin.py:190} INFO - [2025-01-28T11:03:06.366+0000] {dag.py:4180} INFO - Setting next_dagrun for example_branch_dop_operator_v3 to 2025-01-28 11:02:00+00:00, run_after=2025-01-28 11:03:00+00:00
[2025-01-28T11:03:06.414+0000] {processor.py:208} INFO - Processing /mnt/c/Users/Admin/Desktop/ud_data/Dataslush_umang/airflow/airflow_venv/lib/python3.12/site-packages/airflow/example_dags/example_branch_python_dop_operator_3.py took 0.392 seconds
[2025-01-28T11:04:57.406+0000] {processor.py:186} INFO - Started process (PID=19941) to work on /mnt/c/Users/Admin/Desktop/ud_data/Dataslush_umang/airflow/airflow_venv/lib/python3.12/site-packages/airflow/example_dags/example_branch_python_dop_operator_3.py
[2025-01-28T11:04:57.408+0000] {processor.py:914} INFO - Processing file /mnt/c/Users/Admin/Desktop/ud_data/Dataslush_umang/airflow/airflow_venv/lib/python3.12/site-packages/airflow/example_dags/example_branch_python_dop_operator_3.py for tasks to queue
[2025-01-28T11:04:57.414+0000] {logging_mixin.py:190} INFO - [2025-01-28T11:04:57.412+0000] {dagbag.py:588} INFO - Filling up the DagBag from /mnt/c/Users/Admin/Desktop/ud_data/Dataslush_umang/airflow/airflow_venv/lib/python3.12/site-packages/airflow/example_dags/example_branch_python_dop_operator_3.py
[2025-01-28T11:04:57.510+0000] {processor.py:925} INFO - DAG(s) 'example_branch_dop_operator_v3' retrieved from /mnt/c/Users/Admin/Desktop/ud_data/Dataslush_umang/airflow/airflow_venv/lib/python3.12/site-packages/airflow/example_dags/example_branch_python_dop_operator_3.py
[2025-01-28T11:04:57.551+0000] {logging_mixin.py:190} INFO - [2025-01-28T11:04:57.550+0000] {dag.py:3239} INFO - Sync 1 DAGs
[2025-01-28T11:04:57.629+0000] {logging_mixin.py:190} INFO - [2025-01-28T11:04:57.627+0000] {dag.py:4180} INFO - Setting next_dagrun for example_branch_dop_operator_v3 to 2025-01-28 11:03:00+00:00, run_after=2025-01-28 11:04:00+00:00
[2025-01-28T11:04:57.702+0000] {processor.py:208} INFO - Processing /mnt/c/Users/Admin/Desktop/ud_data/Dataslush_umang/airflow/airflow_venv/lib/python3.12/site-packages/airflow/example_dags/example_branch_python_dop_operator_3.py took 0.320 seconds
[2025-01-28T11:07:04.836+0000] {processor.py:186} INFO - Started process (PID=20067) to work on /mnt/c/Users/Admin/Desktop/ud_data/Dataslush_umang/airflow/airflow_venv/lib/python3.12/site-packages/airflow/example_dags/example_branch_python_dop_operator_3.py
[2025-01-28T11:07:04.840+0000] {processor.py:914} INFO - Processing file /mnt/c/Users/Admin/Desktop/ud_data/Dataslush_umang/airflow/airflow_venv/lib/python3.12/site-packages/airflow/example_dags/example_branch_python_dop_operator_3.py for tasks to queue
[2025-01-28T11:07:04.846+0000] {logging_mixin.py:190} INFO - [2025-01-28T11:07:04.844+0000] {dagbag.py:588} INFO - Filling up the DagBag from /mnt/c/Users/Admin/Desktop/ud_data/Dataslush_umang/airflow/airflow_venv/lib/python3.12/site-packages/airflow/example_dags/example_branch_python_dop_operator_3.py
[2025-01-28T11:07:04.971+0000] {processor.py:925} INFO - DAG(s) 'example_branch_dop_operator_v3' retrieved from /mnt/c/Users/Admin/Desktop/ud_data/Dataslush_umang/airflow/airflow_venv/lib/python3.12/site-packages/airflow/example_dags/example_branch_python_dop_operator_3.py
[2025-01-28T11:07:05.003+0000] {logging_mixin.py:190} INFO - [2025-01-28T11:07:05.001+0000] {dag.py:3239} INFO - Sync 1 DAGs
[2025-01-28T11:07:05.064+0000] {logging_mixin.py:190} INFO - [2025-01-28T11:07:05.062+0000] {dag.py:4180} INFO - Setting next_dagrun for example_branch_dop_operator_v3 to 2025-01-28 11:06:00+00:00, run_after=2025-01-28 11:07:00+00:00
[2025-01-28T11:07:05.195+0000] {processor.py:208} INFO - Processing /mnt/c/Users/Admin/Desktop/ud_data/Dataslush_umang/airflow/airflow_venv/lib/python3.12/site-packages/airflow/example_dags/example_branch_python_dop_operator_3.py took 0.390 seconds
[2025-01-28T11:08:36.904+0000] {processor.py:186} INFO - Started process (PID=20217) to work on /mnt/c/Users/Admin/Desktop/ud_data/Dataslush_umang/airflow/airflow_venv/lib/python3.12/site-packages/airflow/example_dags/example_branch_python_dop_operator_3.py
[2025-01-28T11:08:36.907+0000] {processor.py:914} INFO - Processing file /mnt/c/Users/Admin/Desktop/ud_data/Dataslush_umang/airflow/airflow_venv/lib/python3.12/site-packages/airflow/example_dags/example_branch_python_dop_operator_3.py for tasks to queue
[2025-01-28T11:08:36.913+0000] {logging_mixin.py:190} INFO - [2025-01-28T11:08:36.911+0000] {dagbag.py:588} INFO - Filling up the DagBag from /mnt/c/Users/Admin/Desktop/ud_data/Dataslush_umang/airflow/airflow_venv/lib/python3.12/site-packages/airflow/example_dags/example_branch_python_dop_operator_3.py
[2025-01-28T11:08:37.031+0000] {processor.py:925} INFO - DAG(s) 'example_branch_dop_operator_v3' retrieved from /mnt/c/Users/Admin/Desktop/ud_data/Dataslush_umang/airflow/airflow_venv/lib/python3.12/site-packages/airflow/example_dags/example_branch_python_dop_operator_3.py
[2025-01-28T11:08:37.078+0000] {logging_mixin.py:190} INFO - [2025-01-28T11:08:37.076+0000] {dag.py:3239} INFO - Sync 1 DAGs
[2025-01-28T11:08:37.163+0000] {logging_mixin.py:190} INFO - [2025-01-28T11:08:37.161+0000] {dag.py:4180} INFO - Setting next_dagrun for example_branch_dop_operator_v3 to 2025-01-28 11:07:00+00:00, run_after=2025-01-28 11:08:00+00:00
[2025-01-28T11:08:37.222+0000] {processor.py:208} INFO - Processing /mnt/c/Users/Admin/Desktop/ud_data/Dataslush_umang/airflow/airflow_venv/lib/python3.12/site-packages/airflow/example_dags/example_branch_python_dop_operator_3.py took 0.344 seconds
[2025-01-28T11:11:34.163+0000] {processor.py:186} INFO - Started process (PID=20496) to work on /mnt/c/Users/Admin/Desktop/ud_data/Dataslush_umang/airflow/airflow_venv/lib/python3.12/site-packages/airflow/example_dags/example_branch_python_dop_operator_3.py
[2025-01-28T11:11:34.183+0000] {processor.py:914} INFO - Processing file /mnt/c/Users/Admin/Desktop/ud_data/Dataslush_umang/airflow/airflow_venv/lib/python3.12/site-packages/airflow/example_dags/example_branch_python_dop_operator_3.py for tasks to queue
[2025-01-28T11:11:34.189+0000] {logging_mixin.py:190} INFO - [2025-01-28T11:11:34.187+0000] {dagbag.py:588} INFO - Filling up the DagBag from /mnt/c/Users/Admin/Desktop/ud_data/Dataslush_umang/airflow/airflow_venv/lib/python3.12/site-packages/airflow/example_dags/example_branch_python_dop_operator_3.py
[2025-01-28T11:11:34.299+0000] {processor.py:925} INFO - DAG(s) 'example_branch_dop_operator_v3' retrieved from /mnt/c/Users/Admin/Desktop/ud_data/Dataslush_umang/airflow/airflow_venv/lib/python3.12/site-packages/airflow/example_dags/example_branch_python_dop_operator_3.py
[2025-01-28T11:11:34.322+0000] {logging_mixin.py:190} INFO - [2025-01-28T11:11:34.321+0000] {dag.py:3239} INFO - Sync 1 DAGs
[2025-01-28T11:11:34.381+0000] {logging_mixin.py:190} INFO - [2025-01-28T11:11:34.380+0000] {dag.py:4180} INFO - Setting next_dagrun for example_branch_dop_operator_v3 to 2025-01-28 11:10:00+00:00, run_after=2025-01-28 11:11:00+00:00
[2025-01-28T11:11:04.394+0000] {processor.py:208} INFO - Processing /mnt/c/Users/Admin/Desktop/ud_data/Dataslush_umang/airflow/airflow_venv/lib/python3.12/site-packages/airflow/example_dags/example_branch_python_dop_operator_3.py took 0.338 seconds
[2025-01-28T11:12:37.362+0000] {processor.py:186} INFO - Started process (PID=20609) to work on /mnt/c/Users/Admin/Desktop/ud_data/Dataslush_umang/airflow/airflow_venv/lib/python3.12/site-packages/airflow/example_dags/example_branch_python_dop_operator_3.py
[2025-01-28T11:12:37.446+0000] {processor.py:914} INFO - Processing file /mnt/c/Users/Admin/Desktop/ud_data/Dataslush_umang/airflow/airflow_venv/lib/python3.12/site-packages/airflow/example_dags/example_branch_python_dop_operator_3.py for tasks to queue
[2025-01-28T11:12:37.454+0000] {logging_mixin.py:190} INFO - [2025-01-28T11:12:37.452+0000] {dagbag.py:588} INFO - Filling up the DagBag from /mnt/c/Users/Admin/Desktop/ud_data/Dataslush_umang/airflow/airflow_venv/lib/python3.12/site-packages/airflow/example_dags/example_branch_python_dop_operator_3.py
[2025-01-28T11:12:37.595+0000] {processor.py:925} INFO - DAG(s) 'example_branch_dop_operator_v3' retrieved from /mnt/c/Users/Admin/Desktop/ud_data/Dataslush_umang/airflow/airflow_venv/lib/python3.12/site-packages/airflow/example_dags/example_branch_python_dop_operator_3.py
[2025-01-28T11:12:37.626+0000] {logging_mixin.py:190} INFO - [2025-01-28T11:12:37.625+0000] {dag.py:3239} INFO - Sync 1 DAGs
[2025-01-28T11:12:37.676+0000] {logging_mixin.py:190} INFO - [2025-01-28T11:12:37.674+0000] {dag.py:4180} INFO - Setting next_dagrun for example_branch_dop_operator_v3 to 2025-01-28 11:11:00+00:00, run_after=2025-01-28 11:12:00+00:00
[2025-01-28T11:12:37.718+0000] {processor.py:208} INFO - Processing /mnt/c/Users/Admin/Desktop/ud_data/Dataslush_umang/airflow/airflow_venv/lib/python3.12/site-packages/airflow/example_dags/example_branch_python_dop_operator_3.py took 0.385 seconds
[2025-01-28T11:14:14.706+0000] {processor.py:186} INFO - Started process (PID=20721) to work on /mnt/c/Users/Admin/Desktop/ud_data/Dataslush_umang/airflow/airflow_venv/lib/python3.12/site-packages/airflow/example_dags/example_branch_python_dop_operator_3.py
[2025-01-28T11:14:14.709+0000] {processor.py:914} INFO - Processing file /mnt/c/Users/Admin/Desktop/ud_data/Dataslush_umang/airflow/airflow_venv/lib/python3.12/site-packages/airflow/example_dags/example_branch_python_dop_operator_3.py for tasks to queue
[2025-01-28T11:14:14.715+0000] {logging_mixin.py:190} INFO - [2025-01-28T11:14:14.714+0000] {dagbag.py:588} INFO - Filling up the DagBag from /mnt/c/Users/Admin/Desktop/ud_data/Dataslush_umang/airflow/airflow_venv/lib/python3.12/site-packages/airflow/example_dags/example_branch_python_dop_operator_3.py
[2025-01-28T11:14:14.818+0000] {processor.py:925} INFO - DAG(s) 'example_branch_dop_operator_v3' retrieved from /mnt/c/Users/Admin/Desktop/ud_data/Dataslush_umang/airflow/airflow_venv/lib/python3.12/site-packages/airflow/example_dags/example_branch_python_dop_operator_3.py
[2025-01-28T11:14:14.850+0000] {logging_mixin.py:190} INFO - [2025-01-28T11:14:14.848+0000] {dag.py:3239} INFO - Sync 1 DAGs
[2025-01-28T11:14:14.915+0000] {logging_mixin.py:190} INFO - [2025-01-28T11:14:14.914+0000] {dag.py:4180} INFO - Setting next_dagrun for example_branch_dop_operator_v3 to 2025-01-28 11:13:00+00:00, run_after=2025-01-28 11:14:00+00:00
[2025-01-28T11:14:15.038+0000] {processor.py:208} INFO - Processing /mnt/c/Users/Admin/Desktop/ud_data/Dataslush_umang/airflow/airflow_venv/lib/python3.12/site-packages/airflow/example_dags/example_branch_python_dop_operator_3.py took 0.354 seconds
