[2025-01-28T10:12:53.103+0000] {processor.py:186} INFO - Started process (PID=14743) to work on /mnt/c/Users/Admin/Desktop/ud_data/Dataslush_umang/airflow/airflow_venv/lib/python3.12/site-packages/airflow/example_dags/example_short_circuit_decorator.py
[2025-01-28T10:12:53.106+0000] {processor.py:914} INFO - Processing file /mnt/c/Users/Admin/Desktop/ud_data/Dataslush_umang/airflow/airflow_venv/lib/python3.12/site-packages/airflow/example_dags/example_short_circuit_decorator.py for tasks to queue
[2025-01-28T10:12:53.111+0000] {logging_mixin.py:190} INFO - [2025-01-28T10:12:53.109+0000] {dagbag.py:588} INFO - Filling up the DagBag from /mnt/c/Users/Admin/Desktop/ud_data/Dataslush_umang/airflow/airflow_venv/lib/python3.12/site-packages/airflow/example_dags/example_short_circuit_decorator.py
[2025-01-28T10:12:53.230+0000] {processor.py:925} INFO - DAG(s) 'example_short_circuit_decorator' retrieved from /mnt/c/Users/Admin/Desktop/ud_data/Dataslush_umang/airflow/airflow_venv/lib/python3.12/site-packages/airflow/example_dags/example_short_circuit_decorator.py
[2025-01-28T10:12:24.871+0000] {logging_mixin.py:190} INFO - [2025-01-28T10:12:24.869+0000] {override.py:1912} INFO - Created Permission View: can edit on DAG:example_short_circuit_decorator
[2025-01-28T10:12:24.901+0000] {logging_mixin.py:190} INFO - [2025-01-28T10:12:24.899+0000] {override.py:1912} INFO - Created Permission View: can read on DAG:example_short_circuit_decorator
[2025-01-28T10:12:24.925+0000] {logging_mixin.py:190} INFO - [2025-01-28T10:12:24.923+0000] {override.py:1912} INFO - Created Permission View: can delete on DAG:example_short_circuit_decorator
[2025-01-28T10:12:24.968+0000] {logging_mixin.py:190} INFO - [2025-01-28T10:12:24.966+0000] {override.py:1912} INFO - Created Permission View: can create on DAG Run:example_short_circuit_decorator
[2025-01-28T10:12:24.990+0000] {logging_mixin.py:190} INFO - [2025-01-28T10:12:24.989+0000] {override.py:1912} INFO - Created Permission View: menu access on DAG Run:example_short_circuit_decorator
[2025-01-28T10:12:25.015+0000] {logging_mixin.py:190} INFO - [2025-01-28T10:12:25.014+0000] {override.py:1912} INFO - Created Permission View: can read on DAG Run:example_short_circuit_decorator
[2025-01-28T10:12:25.040+0000] {logging_mixin.py:190} INFO - [2025-01-28T10:12:25.038+0000] {override.py:1912} INFO - Created Permission View: can delete on DAG Run:example_short_circuit_decorator
[2025-01-28T10:12:25.043+0000] {logging_mixin.py:190} INFO - [2025-01-28T10:12:25.042+0000] {dag.py:3239} INFO - Sync 1 DAGs
[2025-01-28T10:12:25.067+0000] {logging_mixin.py:190} INFO - [2025-01-28T10:12:25.064+0000] {dag.py:3262} INFO - Creating ORM DAG for example_short_circuit_decorator
[2025-01-28T10:12:25.071+0000] {logging_mixin.py:190} INFO - [2025-01-28T10:12:25.069+0000] {dag.py:4180} INFO - Setting next_dagrun for example_short_circuit_decorator to None, run_after=None
[2025-01-28T10:12:25.164+0000] {processor.py:208} INFO - Processing /mnt/c/Users/Admin/Desktop/ud_data/Dataslush_umang/airflow/airflow_venv/lib/python3.12/site-packages/airflow/example_dags/example_short_circuit_decorator.py took 2.167 seconds
[2025-01-28T10:15:09.037+0000] {processor.py:186} INFO - Started process (PID=14973) to work on /mnt/c/Users/Admin/Desktop/ud_data/Dataslush_umang/airflow/airflow_venv/lib/python3.12/site-packages/airflow/example_dags/example_short_circuit_decorator.py
[2025-01-28T10:15:09.205+0000] {processor.py:914} INFO - Processing file /mnt/c/Users/Admin/Desktop/ud_data/Dataslush_umang/airflow/airflow_venv/lib/python3.12/site-packages/airflow/example_dags/example_short_circuit_decorator.py for tasks to queue
[2025-01-28T10:15:09.220+0000] {logging_mixin.py:190} INFO - [2025-01-28T10:15:09.215+0000] {dagbag.py:588} INFO - Filling up the DagBag from /mnt/c/Users/Admin/Desktop/ud_data/Dataslush_umang/airflow/airflow_venv/lib/python3.12/site-packages/airflow/example_dags/example_short_circuit_decorator.py
[2025-01-28T10:15:09.359+0000] {processor.py:925} INFO - DAG(s) 'example_short_circuit_decorator' retrieved from /mnt/c/Users/Admin/Desktop/ud_data/Dataslush_umang/airflow/airflow_venv/lib/python3.12/site-packages/airflow/example_dags/example_short_circuit_decorator.py
[2025-01-28T10:15:09.387+0000] {logging_mixin.py:190} INFO - [2025-01-28T10:15:09.385+0000] {dag.py:3239} INFO - Sync 1 DAGs
[2025-01-28T10:15:09.402+0000] {logging_mixin.py:190} INFO - [2025-01-28T10:15:09.400+0000] {dag.py:4180} INFO - Setting next_dagrun for example_short_circuit_decorator to None, run_after=None
[2025-01-28T10:15:09.673+0000] {processor.py:208} INFO - Processing /mnt/c/Users/Admin/Desktop/ud_data/Dataslush_umang/airflow/airflow_venv/lib/python3.12/site-packages/airflow/example_dags/example_short_circuit_decorator.py took 0.657 seconds
[2025-01-28T10:16:15.998+0000] {processor.py:186} INFO - Started process (PID=15083) to work on /mnt/c/Users/Admin/Desktop/ud_data/Dataslush_umang/airflow/airflow_venv/lib/python3.12/site-packages/airflow/example_dags/example_short_circuit_decorator.py
[2025-01-28T10:16:16.001+0000] {processor.py:914} INFO - Processing file /mnt/c/Users/Admin/Desktop/ud_data/Dataslush_umang/airflow/airflow_venv/lib/python3.12/site-packages/airflow/example_dags/example_short_circuit_decorator.py for tasks to queue
[2025-01-28T10:16:16.007+0000] {logging_mixin.py:190} INFO - [2025-01-28T10:16:16.005+0000] {dagbag.py:588} INFO - Filling up the DagBag from /mnt/c/Users/Admin/Desktop/ud_data/Dataslush_umang/airflow/airflow_venv/lib/python3.12/site-packages/airflow/example_dags/example_short_circuit_decorator.py
[2025-01-28T10:16:16.106+0000] {processor.py:925} INFO - DAG(s) 'example_short_circuit_decorator' retrieved from /mnt/c/Users/Admin/Desktop/ud_data/Dataslush_umang/airflow/airflow_venv/lib/python3.12/site-packages/airflow/example_dags/example_short_circuit_decorator.py
[2025-01-28T10:16:16.134+0000] {logging_mixin.py:190} INFO - [2025-01-28T10:16:16.132+0000] {dag.py:3239} INFO - Sync 1 DAGs
[2025-01-28T10:16:16.148+0000] {logging_mixin.py:190} INFO - [2025-01-28T10:16:16.146+0000] {dag.py:4180} INFO - Setting next_dagrun for example_short_circuit_decorator to None, run_after=None
[2025-01-28T10:16:16.186+0000] {processor.py:208} INFO - Processing /mnt/c/Users/Admin/Desktop/ud_data/Dataslush_umang/airflow/airflow_venv/lib/python3.12/site-packages/airflow/example_dags/example_short_circuit_decorator.py took 0.219 seconds
[2025-01-28T10:18:04.650+0000] {processor.py:186} INFO - Started process (PID=15300) to work on /mnt/c/Users/Admin/Desktop/ud_data/Dataslush_umang/airflow/airflow_venv/lib/python3.12/site-packages/airflow/example_dags/example_short_circuit_decorator.py
[2025-01-28T10:18:04.917+0000] {processor.py:914} INFO - Processing file /mnt/c/Users/Admin/Desktop/ud_data/Dataslush_umang/airflow/airflow_venv/lib/python3.12/site-packages/airflow/example_dags/example_short_circuit_decorator.py for tasks to queue
[2025-01-28T10:18:04.924+0000] {logging_mixin.py:190} INFO - [2025-01-28T10:18:04.921+0000] {dagbag.py:588} INFO - Filling up the DagBag from /mnt/c/Users/Admin/Desktop/ud_data/Dataslush_umang/airflow/airflow_venv/lib/python3.12/site-packages/airflow/example_dags/example_short_circuit_decorator.py
[2025-01-28T10:18:05.096+0000] {processor.py:925} INFO - DAG(s) 'example_short_circuit_decorator' retrieved from /mnt/c/Users/Admin/Desktop/ud_data/Dataslush_umang/airflow/airflow_venv/lib/python3.12/site-packages/airflow/example_dags/example_short_circuit_decorator.py
[2025-01-28T10:18:05.136+0000] {logging_mixin.py:190} INFO - [2025-01-28T10:18:05.134+0000] {dag.py:3239} INFO - Sync 1 DAGs
[2025-01-28T10:18:05.158+0000] {logging_mixin.py:190} INFO - [2025-01-28T10:18:05.156+0000] {dag.py:4180} INFO - Setting next_dagrun for example_short_circuit_decorator to None, run_after=None
[2025-01-28T10:18:05.203+0000] {processor.py:208} INFO - Processing /mnt/c/Users/Admin/Desktop/ud_data/Dataslush_umang/airflow/airflow_venv/lib/python3.12/site-packages/airflow/example_dags/example_short_circuit_decorator.py took 0.576 seconds
[2025-01-28T10:19:15.210+0000] {processor.py:186} INFO - Started process (PID=15397) to work on /mnt/c/Users/Admin/Desktop/ud_data/Dataslush_umang/airflow/airflow_venv/lib/python3.12/site-packages/airflow/example_dags/example_short_circuit_decorator.py
[2025-01-28T10:19:15.290+0000] {processor.py:914} INFO - Processing file /mnt/c/Users/Admin/Desktop/ud_data/Dataslush_umang/airflow/airflow_venv/lib/python3.12/site-packages/airflow/example_dags/example_short_circuit_decorator.py for tasks to queue
[2025-01-28T10:19:15.305+0000] {logging_mixin.py:190} INFO - [2025-01-28T10:19:15.300+0000] {dagbag.py:588} INFO - Filling up the DagBag from /mnt/c/Users/Admin/Desktop/ud_data/Dataslush_umang/airflow/airflow_venv/lib/python3.12/site-packages/airflow/example_dags/example_short_circuit_decorator.py
[2025-01-28T10:19:15.549+0000] {processor.py:925} INFO - DAG(s) 'example_short_circuit_decorator' retrieved from /mnt/c/Users/Admin/Desktop/ud_data/Dataslush_umang/airflow/airflow_venv/lib/python3.12/site-packages/airflow/example_dags/example_short_circuit_decorator.py
[2025-01-28T10:19:15.585+0000] {logging_mixin.py:190} INFO - [2025-01-28T10:19:15.583+0000] {dag.py:3239} INFO - Sync 1 DAGs
[2025-01-28T10:19:15.601+0000] {logging_mixin.py:190} INFO - [2025-01-28T10:19:15.599+0000] {dag.py:4180} INFO - Setting next_dagrun for example_short_circuit_decorator to None, run_after=None
[2025-01-28T10:19:15.885+0000] {processor.py:208} INFO - Processing /mnt/c/Users/Admin/Desktop/ud_data/Dataslush_umang/airflow/airflow_venv/lib/python3.12/site-packages/airflow/example_dags/example_short_circuit_decorator.py took 0.723 seconds
[2025-01-28T10:20:37.826+0000] {processor.py:186} INFO - Started process (PID=15524) to work on /mnt/c/Users/Admin/Desktop/ud_data/Dataslush_umang/airflow/airflow_venv/lib/python3.12/site-packages/airflow/example_dags/example_short_circuit_decorator.py
[2025-01-28T10:20:37.884+0000] {processor.py:914} INFO - Processing file /mnt/c/Users/Admin/Desktop/ud_data/Dataslush_umang/airflow/airflow_venv/lib/python3.12/site-packages/airflow/example_dags/example_short_circuit_decorator.py for tasks to queue
[2025-01-28T10:20:37.897+0000] {logging_mixin.py:190} INFO - [2025-01-28T10:20:37.892+0000] {dagbag.py:588} INFO - Filling up the DagBag from /mnt/c/Users/Admin/Desktop/ud_data/Dataslush_umang/airflow/airflow_venv/lib/python3.12/site-packages/airflow/example_dags/example_short_circuit_decorator.py
[2025-01-28T10:20:38.189+0000] {processor.py:925} INFO - DAG(s) 'example_short_circuit_decorator' retrieved from /mnt/c/Users/Admin/Desktop/ud_data/Dataslush_umang/airflow/airflow_venv/lib/python3.12/site-packages/airflow/example_dags/example_short_circuit_decorator.py
[2025-01-28T10:20:38.279+0000] {logging_mixin.py:190} INFO - [2025-01-28T10:20:38.275+0000] {dag.py:3239} INFO - Sync 1 DAGs
[2025-01-28T10:20:38.327+0000] {logging_mixin.py:190} INFO - [2025-01-28T10:20:38.325+0000] {dag.py:4180} INFO - Setting next_dagrun for example_short_circuit_decorator to None, run_after=None
[2025-01-28T10:20:38.397+0000] {processor.py:208} INFO - Processing /mnt/c/Users/Admin/Desktop/ud_data/Dataslush_umang/airflow/airflow_venv/lib/python3.12/site-packages/airflow/example_dags/example_short_circuit_decorator.py took 0.630 seconds
[2025-01-28T10:22:14.272+0000] {processor.py:186} INFO - Started process (PID=15656) to work on /mnt/c/Users/Admin/Desktop/ud_data/Dataslush_umang/airflow/airflow_venv/lib/python3.12/site-packages/airflow/example_dags/example_short_circuit_decorator.py
[2025-01-28T10:22:14.281+0000] {processor.py:914} INFO - Processing file /mnt/c/Users/Admin/Desktop/ud_data/Dataslush_umang/airflow/airflow_venv/lib/python3.12/site-packages/airflow/example_dags/example_short_circuit_decorator.py for tasks to queue
[2025-01-28T10:22:14.296+0000] {logging_mixin.py:190} INFO - [2025-01-28T10:22:14.292+0000] {dagbag.py:588} INFO - Filling up the DagBag from /mnt/c/Users/Admin/Desktop/ud_data/Dataslush_umang/airflow/airflow_venv/lib/python3.12/site-packages/airflow/example_dags/example_short_circuit_decorator.py
[2025-01-28T10:22:14.543+0000] {processor.py:925} INFO - DAG(s) 'example_short_circuit_decorator' retrieved from /mnt/c/Users/Admin/Desktop/ud_data/Dataslush_umang/airflow/airflow_venv/lib/python3.12/site-packages/airflow/example_dags/example_short_circuit_decorator.py
[2025-01-28T10:22:14.575+0000] {logging_mixin.py:190} INFO - [2025-01-28T10:22:14.572+0000] {dag.py:3239} INFO - Sync 1 DAGs
[2025-01-28T10:22:14.592+0000] {logging_mixin.py:190} INFO - [2025-01-28T10:22:14.590+0000] {dag.py:4180} INFO - Setting next_dagrun for example_short_circuit_decorator to None, run_after=None
[2025-01-28T10:22:15.204+0000] {processor.py:208} INFO - Processing /mnt/c/Users/Admin/Desktop/ud_data/Dataslush_umang/airflow/airflow_venv/lib/python3.12/site-packages/airflow/example_dags/example_short_circuit_decorator.py took 0.998 seconds
[2025-01-28T10:23:56.703+0000] {processor.py:186} INFO - Started process (PID=15828) to work on /mnt/c/Users/Admin/Desktop/ud_data/Dataslush_umang/airflow/airflow_venv/lib/python3.12/site-packages/airflow/example_dags/example_short_circuit_decorator.py
[2025-01-28T10:23:56.730+0000] {processor.py:914} INFO - Processing file /mnt/c/Users/Admin/Desktop/ud_data/Dataslush_umang/airflow/airflow_venv/lib/python3.12/site-packages/airflow/example_dags/example_short_circuit_decorator.py for tasks to queue
[2025-01-28T10:23:56.746+0000] {logging_mixin.py:190} INFO - [2025-01-28T10:23:56.740+0000] {dagbag.py:588} INFO - Filling up the DagBag from /mnt/c/Users/Admin/Desktop/ud_data/Dataslush_umang/airflow/airflow_venv/lib/python3.12/site-packages/airflow/example_dags/example_short_circuit_decorator.py
[2025-01-28T10:23:57.157+0000] {processor.py:925} INFO - DAG(s) 'example_short_circuit_decorator' retrieved from /mnt/c/Users/Admin/Desktop/ud_data/Dataslush_umang/airflow/airflow_venv/lib/python3.12/site-packages/airflow/example_dags/example_short_circuit_decorator.py
[2025-01-28T10:23:57.185+0000] {logging_mixin.py:190} INFO - [2025-01-28T10:23:57.183+0000] {dag.py:3239} INFO - Sync 1 DAGs
[2025-01-28T10:23:57.200+0000] {logging_mixin.py:190} INFO - [2025-01-28T10:23:57.197+0000] {dag.py:4180} INFO - Setting next_dagrun for example_short_circuit_decorator to None, run_after=None
[2025-01-28T10:23:57.388+0000] {processor.py:208} INFO - Processing /mnt/c/Users/Admin/Desktop/ud_data/Dataslush_umang/airflow/airflow_venv/lib/python3.12/site-packages/airflow/example_dags/example_short_circuit_decorator.py took 0.753 seconds
[2025-01-28T10:25:32.481+0000] {processor.py:186} INFO - Started process (PID=16049) to work on /mnt/c/Users/Admin/Desktop/ud_data/Dataslush_umang/airflow/airflow_venv/lib/python3.12/site-packages/airflow/example_dags/example_short_circuit_decorator.py
[2025-01-28T10:25:32.521+0000] {processor.py:914} INFO - Processing file /mnt/c/Users/Admin/Desktop/ud_data/Dataslush_umang/airflow/airflow_venv/lib/python3.12/site-packages/airflow/example_dags/example_short_circuit_decorator.py for tasks to queue
[2025-01-28T10:25:32.533+0000] {logging_mixin.py:190} INFO - [2025-01-28T10:25:32.527+0000] {dagbag.py:588} INFO - Filling up the DagBag from /mnt/c/Users/Admin/Desktop/ud_data/Dataslush_umang/airflow/airflow_venv/lib/python3.12/site-packages/airflow/example_dags/example_short_circuit_decorator.py
[2025-01-28T10:25:32.882+0000] {processor.py:925} INFO - DAG(s) 'example_short_circuit_decorator' retrieved from /mnt/c/Users/Admin/Desktop/ud_data/Dataslush_umang/airflow/airflow_venv/lib/python3.12/site-packages/airflow/example_dags/example_short_circuit_decorator.py
[2025-01-28T10:25:32.958+0000] {logging_mixin.py:190} INFO - [2025-01-28T10:25:32.955+0000] {dag.py:3239} INFO - Sync 1 DAGs
[2025-01-28T10:25:32.997+0000] {logging_mixin.py:190} INFO - [2025-01-28T10:25:32.995+0000] {dag.py:4180} INFO - Setting next_dagrun for example_short_circuit_decorator to None, run_after=None
[2025-01-28T10:25:33.070+0000] {processor.py:208} INFO - Processing /mnt/c/Users/Admin/Desktop/ud_data/Dataslush_umang/airflow/airflow_venv/lib/python3.12/site-packages/airflow/example_dags/example_short_circuit_decorator.py took 0.629 seconds
[2025-01-28T10:26:41.292+0000] {processor.py:186} INFO - Started process (PID=16210) to work on /mnt/c/Users/Admin/Desktop/ud_data/Dataslush_umang/airflow/airflow_venv/lib/python3.12/site-packages/airflow/example_dags/example_short_circuit_decorator.py
[2025-01-28T10:26:41.299+0000] {processor.py:914} INFO - Processing file /mnt/c/Users/Admin/Desktop/ud_data/Dataslush_umang/airflow/airflow_venv/lib/python3.12/site-packages/airflow/example_dags/example_short_circuit_decorator.py for tasks to queue
[2025-01-28T10:26:41.313+0000] {logging_mixin.py:190} INFO - [2025-01-28T10:26:41.308+0000] {dagbag.py:588} INFO - Filling up the DagBag from /mnt/c/Users/Admin/Desktop/ud_data/Dataslush_umang/airflow/airflow_venv/lib/python3.12/site-packages/airflow/example_dags/example_short_circuit_decorator.py
[2025-01-28T10:26:41.648+0000] {processor.py:925} INFO - DAG(s) 'example_short_circuit_decorator' retrieved from /mnt/c/Users/Admin/Desktop/ud_data/Dataslush_umang/airflow/airflow_venv/lib/python3.12/site-packages/airflow/example_dags/example_short_circuit_decorator.py
[2025-01-28T10:26:41.721+0000] {logging_mixin.py:190} INFO - [2025-01-28T10:26:41.719+0000] {dag.py:3239} INFO - Sync 1 DAGs
[2025-01-28T10:26:41.750+0000] {logging_mixin.py:190} INFO - [2025-01-28T10:26:41.748+0000] {dag.py:4180} INFO - Setting next_dagrun for example_short_circuit_decorator to None, run_after=None
[2025-01-28T10:26:41.834+0000] {processor.py:208} INFO - Processing /mnt/c/Users/Admin/Desktop/ud_data/Dataslush_umang/airflow/airflow_venv/lib/python3.12/site-packages/airflow/example_dags/example_short_circuit_decorator.py took 0.612 seconds
[2025-01-28T10:28:17.590+0000] {processor.py:186} INFO - Started process (PID=16300) to work on /mnt/c/Users/Admin/Desktop/ud_data/Dataslush_umang/airflow/airflow_venv/lib/python3.12/site-packages/airflow/example_dags/example_short_circuit_decorator.py
[2025-01-28T10:28:17.605+0000] {processor.py:914} INFO - Processing file /mnt/c/Users/Admin/Desktop/ud_data/Dataslush_umang/airflow/airflow_venv/lib/python3.12/site-packages/airflow/example_dags/example_short_circuit_decorator.py for tasks to queue
[2025-01-28T10:28:17.622+0000] {logging_mixin.py:190} INFO - [2025-01-28T10:28:17.617+0000] {dagbag.py:588} INFO - Filling up the DagBag from /mnt/c/Users/Admin/Desktop/ud_data/Dataslush_umang/airflow/airflow_venv/lib/python3.12/site-packages/airflow/example_dags/example_short_circuit_decorator.py
[2025-01-28T10:28:17.900+0000] {processor.py:925} INFO - DAG(s) 'example_short_circuit_decorator' retrieved from /mnt/c/Users/Admin/Desktop/ud_data/Dataslush_umang/airflow/airflow_venv/lib/python3.12/site-packages/airflow/example_dags/example_short_circuit_decorator.py
[2025-01-28T10:28:17.962+0000] {logging_mixin.py:190} INFO - [2025-01-28T10:28:17.960+0000] {dag.py:3239} INFO - Sync 1 DAGs
[2025-01-28T10:28:17.993+0000] {logging_mixin.py:190} INFO - [2025-01-28T10:28:17.990+0000] {dag.py:4180} INFO - Setting next_dagrun for example_short_circuit_decorator to None, run_after=None
[2025-01-28T10:28:18.071+0000] {processor.py:208} INFO - Processing /mnt/c/Users/Admin/Desktop/ud_data/Dataslush_umang/airflow/airflow_venv/lib/python3.12/site-packages/airflow/example_dags/example_short_circuit_decorator.py took 0.549 seconds
[2025-01-28T10:29:37.731+0000] {processor.py:186} INFO - Started process (PID=16379) to work on /mnt/c/Users/Admin/Desktop/ud_data/Dataslush_umang/airflow/airflow_venv/lib/python3.12/site-packages/airflow/example_dags/example_short_circuit_decorator.py
[2025-01-28T10:29:37.735+0000] {processor.py:914} INFO - Processing file /mnt/c/Users/Admin/Desktop/ud_data/Dataslush_umang/airflow/airflow_venv/lib/python3.12/site-packages/airflow/example_dags/example_short_circuit_decorator.py for tasks to queue
[2025-01-28T10:29:37.745+0000] {logging_mixin.py:190} INFO - [2025-01-28T10:29:37.742+0000] {dagbag.py:588} INFO - Filling up the DagBag from /mnt/c/Users/Admin/Desktop/ud_data/Dataslush_umang/airflow/airflow_venv/lib/python3.12/site-packages/airflow/example_dags/example_short_circuit_decorator.py
[2025-01-28T10:29:37.922+0000] {processor.py:925} INFO - DAG(s) 'example_short_circuit_decorator' retrieved from /mnt/c/Users/Admin/Desktop/ud_data/Dataslush_umang/airflow/airflow_venv/lib/python3.12/site-packages/airflow/example_dags/example_short_circuit_decorator.py
[2025-01-28T10:29:37.974+0000] {logging_mixin.py:190} INFO - [2025-01-28T10:29:37.970+0000] {dag.py:3239} INFO - Sync 1 DAGs
[2025-01-28T10:29:38.023+0000] {logging_mixin.py:190} INFO - [2025-01-28T10:29:38.021+0000] {dag.py:4180} INFO - Setting next_dagrun for example_short_circuit_decorator to None, run_after=None
[2025-01-28T10:29:38.086+0000] {processor.py:208} INFO - Processing /mnt/c/Users/Admin/Desktop/ud_data/Dataslush_umang/airflow/airflow_venv/lib/python3.12/site-packages/airflow/example_dags/example_short_circuit_decorator.py took 0.412 seconds
[2025-01-28T10:31:02.084+0000] {processor.py:186} INFO - Started process (PID=16471) to work on /mnt/c/Users/Admin/Desktop/ud_data/Dataslush_umang/airflow/airflow_venv/lib/python3.12/site-packages/airflow/example_dags/example_short_circuit_decorator.py
[2025-01-28T10:31:02.091+0000] {processor.py:914} INFO - Processing file /mnt/c/Users/Admin/Desktop/ud_data/Dataslush_umang/airflow/airflow_venv/lib/python3.12/site-packages/airflow/example_dags/example_short_circuit_decorator.py for tasks to queue
[2025-01-28T10:31:02.104+0000] {logging_mixin.py:190} INFO - [2025-01-28T10:31:02.100+0000] {dagbag.py:588} INFO - Filling up the DagBag from /mnt/c/Users/Admin/Desktop/ud_data/Dataslush_umang/airflow/airflow_venv/lib/python3.12/site-packages/airflow/example_dags/example_short_circuit_decorator.py
[2025-01-28T10:31:32.459+0000] {processor.py:925} INFO - DAG(s) 'example_short_circuit_decorator' retrieved from /mnt/c/Users/Admin/Desktop/ud_data/Dataslush_umang/airflow/airflow_venv/lib/python3.12/site-packages/airflow/example_dags/example_short_circuit_decorator.py
[2025-01-28T10:31:32.504+0000] {logging_mixin.py:190} INFO - [2025-01-28T10:31:32.501+0000] {dag.py:3239} INFO - Sync 1 DAGs
[2025-01-28T10:31:32.524+0000] {logging_mixin.py:190} INFO - [2025-01-28T10:31:32.522+0000] {dag.py:4180} INFO - Setting next_dagrun for example_short_circuit_decorator to None, run_after=None
[2025-01-28T10:31:32.569+0000] {processor.py:208} INFO - Processing /mnt/c/Users/Admin/Desktop/ud_data/Dataslush_umang/airflow/airflow_venv/lib/python3.12/site-packages/airflow/example_dags/example_short_circuit_decorator.py took 0.404 seconds
[2025-01-28T10:33:16.809+0000] {processor.py:186} INFO - Started process (PID=16689) to work on /mnt/c/Users/Admin/Desktop/ud_data/Dataslush_umang/airflow/airflow_venv/lib/python3.12/site-packages/airflow/example_dags/example_short_circuit_decorator.py
[2025-01-28T10:33:17.347+0000] {processor.py:914} INFO - Processing file /mnt/c/Users/Admin/Desktop/ud_data/Dataslush_umang/airflow/airflow_venv/lib/python3.12/site-packages/airflow/example_dags/example_short_circuit_decorator.py for tasks to queue
[2025-01-28T10:33:17.362+0000] {logging_mixin.py:190} INFO - [2025-01-28T10:33:17.358+0000] {dagbag.py:588} INFO - Filling up the DagBag from /mnt/c/Users/Admin/Desktop/ud_data/Dataslush_umang/airflow/airflow_venv/lib/python3.12/site-packages/airflow/example_dags/example_short_circuit_decorator.py
[2025-01-28T10:33:17.495+0000] {processor.py:925} INFO - DAG(s) 'example_short_circuit_decorator' retrieved from /mnt/c/Users/Admin/Desktop/ud_data/Dataslush_umang/airflow/airflow_venv/lib/python3.12/site-packages/airflow/example_dags/example_short_circuit_decorator.py
[2025-01-28T10:33:17.525+0000] {logging_mixin.py:190} INFO - [2025-01-28T10:33:17.524+0000] {dag.py:3239} INFO - Sync 1 DAGs
[2025-01-28T10:33:17.545+0000] {logging_mixin.py:190} INFO - [2025-01-28T10:33:17.543+0000] {dag.py:4180} INFO - Setting next_dagrun for example_short_circuit_decorator to None, run_after=None
[2025-01-28T10:33:17.758+0000] {processor.py:208} INFO - Processing /mnt/c/Users/Admin/Desktop/ud_data/Dataslush_umang/airflow/airflow_venv/lib/python3.12/site-packages/airflow/example_dags/example_short_circuit_decorator.py took 1.019 seconds
[2025-01-28T10:34:39.389+0000] {processor.py:186} INFO - Started process (PID=16854) to work on /mnt/c/Users/Admin/Desktop/ud_data/Dataslush_umang/airflow/airflow_venv/lib/python3.12/site-packages/airflow/example_dags/example_short_circuit_decorator.py
[2025-01-28T10:34:39.392+0000] {processor.py:914} INFO - Processing file /mnt/c/Users/Admin/Desktop/ud_data/Dataslush_umang/airflow/airflow_venv/lib/python3.12/site-packages/airflow/example_dags/example_short_circuit_decorator.py for tasks to queue
[2025-01-28T10:34:39.399+0000] {logging_mixin.py:190} INFO - [2025-01-28T10:34:39.397+0000] {dagbag.py:588} INFO - Filling up the DagBag from /mnt/c/Users/Admin/Desktop/ud_data/Dataslush_umang/airflow/airflow_venv/lib/python3.12/site-packages/airflow/example_dags/example_short_circuit_decorator.py
[2025-01-28T10:34:39.564+0000] {processor.py:925} INFO - DAG(s) 'example_short_circuit_decorator' retrieved from /mnt/c/Users/Admin/Desktop/ud_data/Dataslush_umang/airflow/airflow_venv/lib/python3.12/site-packages/airflow/example_dags/example_short_circuit_decorator.py
[2025-01-28T10:34:39.600+0000] {logging_mixin.py:190} INFO - [2025-01-28T10:34:39.597+0000] {dag.py:3239} INFO - Sync 1 DAGs
[2025-01-28T10:34:39.618+0000] {logging_mixin.py:190} INFO - [2025-01-28T10:34:39.615+0000] {dag.py:4180} INFO - Setting next_dagrun for example_short_circuit_decorator to None, run_after=None
[2025-01-28T10:34:39.661+0000] {processor.py:208} INFO - Processing /mnt/c/Users/Admin/Desktop/ud_data/Dataslush_umang/airflow/airflow_venv/lib/python3.12/site-packages/airflow/example_dags/example_short_circuit_decorator.py took 0.293 seconds
[2025-01-28T10:36:25.655+0000] {processor.py:186} INFO - Started process (PID=16957) to work on /mnt/c/Users/Admin/Desktop/ud_data/Dataslush_umang/airflow/airflow_venv/lib/python3.12/site-packages/airflow/example_dags/example_short_circuit_decorator.py
[2025-01-28T10:36:25.666+0000] {processor.py:914} INFO - Processing file /mnt/c/Users/Admin/Desktop/ud_data/Dataslush_umang/airflow/airflow_venv/lib/python3.12/site-packages/airflow/example_dags/example_short_circuit_decorator.py for tasks to queue
[2025-01-28T10:36:25.672+0000] {logging_mixin.py:190} INFO - [2025-01-28T10:36:25.670+0000] {dagbag.py:588} INFO - Filling up the DagBag from /mnt/c/Users/Admin/Desktop/ud_data/Dataslush_umang/airflow/airflow_venv/lib/python3.12/site-packages/airflow/example_dags/example_short_circuit_decorator.py
[2025-01-28T10:35:55.704+0000] {processor.py:925} INFO - DAG(s) 'example_short_circuit_decorator' retrieved from /mnt/c/Users/Admin/Desktop/ud_data/Dataslush_umang/airflow/airflow_venv/lib/python3.12/site-packages/airflow/example_dags/example_short_circuit_decorator.py
[2025-01-28T10:35:55.758+0000] {logging_mixin.py:190} INFO - [2025-01-28T10:35:55.757+0000] {dag.py:3239} INFO - Sync 1 DAGs
[2025-01-28T10:35:55.775+0000] {logging_mixin.py:190} INFO - [2025-01-28T10:35:55.774+0000] {dag.py:4180} INFO - Setting next_dagrun for example_short_circuit_decorator to None, run_after=None
[2025-01-28T10:35:57.838+0000] {processor.py:208} INFO - Processing /mnt/c/Users/Admin/Desktop/ud_data/Dataslush_umang/airflow/airflow_venv/lib/python3.12/site-packages/airflow/example_dags/example_short_circuit_decorator.py took 2.301 seconds
[2025-01-28T10:37:20.921+0000] {processor.py:186} INFO - Started process (PID=17074) to work on /mnt/c/Users/Admin/Desktop/ud_data/Dataslush_umang/airflow/airflow_venv/lib/python3.12/site-packages/airflow/example_dags/example_short_circuit_decorator.py
[2025-01-28T10:37:20.937+0000] {processor.py:914} INFO - Processing file /mnt/c/Users/Admin/Desktop/ud_data/Dataslush_umang/airflow/airflow_venv/lib/python3.12/site-packages/airflow/example_dags/example_short_circuit_decorator.py for tasks to queue
[2025-01-28T10:37:20.958+0000] {logging_mixin.py:190} INFO - [2025-01-28T10:37:20.952+0000] {dagbag.py:588} INFO - Filling up the DagBag from /mnt/c/Users/Admin/Desktop/ud_data/Dataslush_umang/airflow/airflow_venv/lib/python3.12/site-packages/airflow/example_dags/example_short_circuit_decorator.py
[2025-01-28T10:37:21.297+0000] {processor.py:925} INFO - DAG(s) 'example_short_circuit_decorator' retrieved from /mnt/c/Users/Admin/Desktop/ud_data/Dataslush_umang/airflow/airflow_venv/lib/python3.12/site-packages/airflow/example_dags/example_short_circuit_decorator.py
[2025-01-28T10:37:21.331+0000] {logging_mixin.py:190} INFO - [2025-01-28T10:37:21.330+0000] {dag.py:3239} INFO - Sync 1 DAGs
[2025-01-28T10:37:21.346+0000] {logging_mixin.py:190} INFO - [2025-01-28T10:37:21.345+0000] {dag.py:4180} INFO - Setting next_dagrun for example_short_circuit_decorator to None, run_after=None
[2025-01-28T10:37:24.175+0000] {processor.py:208} INFO - Processing /mnt/c/Users/Admin/Desktop/ud_data/Dataslush_umang/airflow/airflow_venv/lib/python3.12/site-packages/airflow/example_dags/example_short_circuit_decorator.py took 3.329 seconds
[2025-01-28T10:38:53.016+0000] {processor.py:186} INFO - Started process (PID=17231) to work on /mnt/c/Users/Admin/Desktop/ud_data/Dataslush_umang/airflow/airflow_venv/lib/python3.12/site-packages/airflow/example_dags/example_short_circuit_decorator.py
[2025-01-28T10:38:53.190+0000] {processor.py:914} INFO - Processing file /mnt/c/Users/Admin/Desktop/ud_data/Dataslush_umang/airflow/airflow_venv/lib/python3.12/site-packages/airflow/example_dags/example_short_circuit_decorator.py for tasks to queue
[2025-01-28T10:38:53.209+0000] {logging_mixin.py:190} INFO - [2025-01-28T10:38:53.202+0000] {dagbag.py:588} INFO - Filling up the DagBag from /mnt/c/Users/Admin/Desktop/ud_data/Dataslush_umang/airflow/airflow_venv/lib/python3.12/site-packages/airflow/example_dags/example_short_circuit_decorator.py
[2025-01-28T10:38:53.561+0000] {processor.py:925} INFO - DAG(s) 'example_short_circuit_decorator' retrieved from /mnt/c/Users/Admin/Desktop/ud_data/Dataslush_umang/airflow/airflow_venv/lib/python3.12/site-packages/airflow/example_dags/example_short_circuit_decorator.py
[2025-01-28T10:38:53.633+0000] {logging_mixin.py:190} INFO - [2025-01-28T10:38:53.630+0000] {dag.py:3239} INFO - Sync 1 DAGs
[2025-01-28T10:38:53.655+0000] {logging_mixin.py:190} INFO - [2025-01-28T10:38:53.653+0000] {dag.py:4180} INFO - Setting next_dagrun for example_short_circuit_decorator to None, run_after=None
[2025-01-28T10:38:53.703+0000] {processor.py:208} INFO - Processing /mnt/c/Users/Admin/Desktop/ud_data/Dataslush_umang/airflow/airflow_venv/lib/python3.12/site-packages/airflow/example_dags/example_short_circuit_decorator.py took 0.755 seconds
[2025-01-28T10:40:28.357+0000] {processor.py:186} INFO - Started process (PID=17349) to work on /mnt/c/Users/Admin/Desktop/ud_data/Dataslush_umang/airflow/airflow_venv/lib/python3.12/site-packages/airflow/example_dags/example_short_circuit_decorator.py
[2025-01-28T10:40:28.360+0000] {processor.py:914} INFO - Processing file /mnt/c/Users/Admin/Desktop/ud_data/Dataslush_umang/airflow/airflow_venv/lib/python3.12/site-packages/airflow/example_dags/example_short_circuit_decorator.py for tasks to queue
[2025-01-28T10:40:28.366+0000] {logging_mixin.py:190} INFO - [2025-01-28T10:40:28.364+0000] {dagbag.py:588} INFO - Filling up the DagBag from /mnt/c/Users/Admin/Desktop/ud_data/Dataslush_umang/airflow/airflow_venv/lib/python3.12/site-packages/airflow/example_dags/example_short_circuit_decorator.py
[2025-01-28T10:40:28.502+0000] {processor.py:925} INFO - DAG(s) 'example_short_circuit_decorator' retrieved from /mnt/c/Users/Admin/Desktop/ud_data/Dataslush_umang/airflow/airflow_venv/lib/python3.12/site-packages/airflow/example_dags/example_short_circuit_decorator.py
[2025-01-28T10:40:28.529+0000] {logging_mixin.py:190} INFO - [2025-01-28T10:40:28.527+0000] {dag.py:3239} INFO - Sync 1 DAGs
[2025-01-28T10:40:28.544+0000] {logging_mixin.py:190} INFO - [2025-01-28T10:40:28.542+0000] {dag.py:4180} INFO - Setting next_dagrun for example_short_circuit_decorator to None, run_after=None
[2025-01-28T10:40:28.584+0000] {processor.py:208} INFO - Processing /mnt/c/Users/Admin/Desktop/ud_data/Dataslush_umang/airflow/airflow_venv/lib/python3.12/site-packages/airflow/example_dags/example_short_circuit_decorator.py took 0.256 seconds
[2025-01-28T10:42:05.624+0000] {processor.py:186} INFO - Started process (PID=17522) to work on /mnt/c/Users/Admin/Desktop/ud_data/Dataslush_umang/airflow/airflow_venv/lib/python3.12/site-packages/airflow/example_dags/example_short_circuit_decorator.py
[2025-01-28T10:42:05.627+0000] {processor.py:914} INFO - Processing file /mnt/c/Users/Admin/Desktop/ud_data/Dataslush_umang/airflow/airflow_venv/lib/python3.12/site-packages/airflow/example_dags/example_short_circuit_decorator.py for tasks to queue
[2025-01-28T10:42:05.633+0000] {logging_mixin.py:190} INFO - [2025-01-28T10:42:05.631+0000] {dagbag.py:588} INFO - Filling up the DagBag from /mnt/c/Users/Admin/Desktop/ud_data/Dataslush_umang/airflow/airflow_venv/lib/python3.12/site-packages/airflow/example_dags/example_short_circuit_decorator.py
[2025-01-28T10:42:05.725+0000] {processor.py:925} INFO - DAG(s) 'example_short_circuit_decorator' retrieved from /mnt/c/Users/Admin/Desktop/ud_data/Dataslush_umang/airflow/airflow_venv/lib/python3.12/site-packages/airflow/example_dags/example_short_circuit_decorator.py
[2025-01-28T10:42:05.752+0000] {logging_mixin.py:190} INFO - [2025-01-28T10:42:05.750+0000] {dag.py:3239} INFO - Sync 1 DAGs
[2025-01-28T10:42:05.766+0000] {logging_mixin.py:190} INFO - [2025-01-28T10:42:05.764+0000] {dag.py:4180} INFO - Setting next_dagrun for example_short_circuit_decorator to None, run_after=None
[2025-01-28T10:42:05.819+0000] {processor.py:208} INFO - Processing /mnt/c/Users/Admin/Desktop/ud_data/Dataslush_umang/airflow/airflow_venv/lib/python3.12/site-packages/airflow/example_dags/example_short_circuit_decorator.py took 0.221 seconds
[2025-01-28T10:45:11.173+0000] {processor.py:186} INFO - Started process (PID=17864) to work on /mnt/c/Users/Admin/Desktop/ud_data/Dataslush_umang/airflow/airflow_venv/lib/python3.12/site-packages/airflow/example_dags/example_short_circuit_decorator.py
[2025-01-28T10:45:11.242+0000] {processor.py:914} INFO - Processing file /mnt/c/Users/Admin/Desktop/ud_data/Dataslush_umang/airflow/airflow_venv/lib/python3.12/site-packages/airflow/example_dags/example_short_circuit_decorator.py for tasks to queue
[2025-01-28T10:45:11.251+0000] {logging_mixin.py:190} INFO - [2025-01-28T10:45:11.248+0000] {dagbag.py:588} INFO - Filling up the DagBag from /mnt/c/Users/Admin/Desktop/ud_data/Dataslush_umang/airflow/airflow_venv/lib/python3.12/site-packages/airflow/example_dags/example_short_circuit_decorator.py
[2025-01-28T10:45:41.512+0000] {processor.py:925} INFO - DAG(s) 'example_short_circuit_decorator' retrieved from /mnt/c/Users/Admin/Desktop/ud_data/Dataslush_umang/airflow/airflow_venv/lib/python3.12/site-packages/airflow/example_dags/example_short_circuit_decorator.py
[2025-01-28T10:45:41.545+0000] {logging_mixin.py:190} INFO - [2025-01-28T10:45:41.543+0000] {dag.py:3239} INFO - Sync 1 DAGs
[2025-01-28T10:45:41.561+0000] {logging_mixin.py:190} INFO - [2025-01-28T10:45:41.559+0000] {dag.py:4180} INFO - Setting next_dagrun for example_short_circuit_decorator to None, run_after=None
[2025-01-28T10:45:12.696+0000] {processor.py:208} INFO - Processing /mnt/c/Users/Admin/Desktop/ud_data/Dataslush_umang/airflow/airflow_venv/lib/python3.12/site-packages/airflow/example_dags/example_short_circuit_decorator.py took 6.772 seconds
[2025-01-28T10:47:28.122+0000] {processor.py:186} INFO - Started process (PID=17996) to work on /mnt/c/Users/Admin/Desktop/ud_data/Dataslush_umang/airflow/airflow_venv/lib/python3.12/site-packages/airflow/example_dags/example_short_circuit_decorator.py
[2025-01-28T10:47:28.281+0000] {processor.py:914} INFO - Processing file /mnt/c/Users/Admin/Desktop/ud_data/Dataslush_umang/airflow/airflow_venv/lib/python3.12/site-packages/airflow/example_dags/example_short_circuit_decorator.py for tasks to queue
[2025-01-28T10:47:28.288+0000] {logging_mixin.py:190} INFO - [2025-01-28T10:47:28.286+0000] {dagbag.py:588} INFO - Filling up the DagBag from /mnt/c/Users/Admin/Desktop/ud_data/Dataslush_umang/airflow/airflow_venv/lib/python3.12/site-packages/airflow/example_dags/example_short_circuit_decorator.py
[2025-01-28T10:47:28.420+0000] {processor.py:925} INFO - DAG(s) 'example_short_circuit_decorator' retrieved from /mnt/c/Users/Admin/Desktop/ud_data/Dataslush_umang/airflow/airflow_venv/lib/python3.12/site-packages/airflow/example_dags/example_short_circuit_decorator.py
[2025-01-28T10:47:28.453+0000] {logging_mixin.py:190} INFO - [2025-01-28T10:47:28.452+0000] {dag.py:3239} INFO - Sync 1 DAGs
[2025-01-28T10:47:28.476+0000] {logging_mixin.py:190} INFO - [2025-01-28T10:47:28.475+0000] {dag.py:4180} INFO - Setting next_dagrun for example_short_circuit_decorator to None, run_after=None
[2025-01-28T10:47:28.666+0000] {processor.py:208} INFO - Processing /mnt/c/Users/Admin/Desktop/ud_data/Dataslush_umang/airflow/airflow_venv/lib/python3.12/site-packages/airflow/example_dags/example_short_circuit_decorator.py took 0.576 seconds
[2025-01-28T10:48:52.373+0000] {processor.py:186} INFO - Started process (PID=18178) to work on /mnt/c/Users/Admin/Desktop/ud_data/Dataslush_umang/airflow/airflow_venv/lib/python3.12/site-packages/airflow/example_dags/example_short_circuit_decorator.py
[2025-01-28T10:48:52.809+0000] {processor.py:914} INFO - Processing file /mnt/c/Users/Admin/Desktop/ud_data/Dataslush_umang/airflow/airflow_venv/lib/python3.12/site-packages/airflow/example_dags/example_short_circuit_decorator.py for tasks to queue
[2025-01-28T10:48:52.816+0000] {logging_mixin.py:190} INFO - [2025-01-28T10:48:52.814+0000] {dagbag.py:588} INFO - Filling up the DagBag from /mnt/c/Users/Admin/Desktop/ud_data/Dataslush_umang/airflow/airflow_venv/lib/python3.12/site-packages/airflow/example_dags/example_short_circuit_decorator.py
[2025-01-28T10:48:52.948+0000] {processor.py:925} INFO - DAG(s) 'example_short_circuit_decorator' retrieved from /mnt/c/Users/Admin/Desktop/ud_data/Dataslush_umang/airflow/airflow_venv/lib/python3.12/site-packages/airflow/example_dags/example_short_circuit_decorator.py
[2025-01-28T10:48:52.984+0000] {logging_mixin.py:190} INFO - [2025-01-28T10:48:52.982+0000] {dag.py:3239} INFO - Sync 1 DAGs
[2025-01-28T10:48:53.008+0000] {logging_mixin.py:190} INFO - [2025-01-28T10:48:53.006+0000] {dag.py:4180} INFO - Setting next_dagrun for example_short_circuit_decorator to None, run_after=None
[2025-01-28T10:48:53.083+0000] {processor.py:208} INFO - Processing /mnt/c/Users/Admin/Desktop/ud_data/Dataslush_umang/airflow/airflow_venv/lib/python3.12/site-packages/airflow/example_dags/example_short_circuit_decorator.py took 0.736 seconds
[2025-01-28T10:50:30.361+0000] {processor.py:186} INFO - Started process (PID=18298) to work on /mnt/c/Users/Admin/Desktop/ud_data/Dataslush_umang/airflow/airflow_venv/lib/python3.12/site-packages/airflow/example_dags/example_short_circuit_decorator.py
[2025-01-28T10:50:30.364+0000] {processor.py:914} INFO - Processing file /mnt/c/Users/Admin/Desktop/ud_data/Dataslush_umang/airflow/airflow_venv/lib/python3.12/site-packages/airflow/example_dags/example_short_circuit_decorator.py for tasks to queue
[2025-01-28T10:50:30.371+0000] {logging_mixin.py:190} INFO - [2025-01-28T10:50:30.368+0000] {dagbag.py:588} INFO - Filling up the DagBag from /mnt/c/Users/Admin/Desktop/ud_data/Dataslush_umang/airflow/airflow_venv/lib/python3.12/site-packages/airflow/example_dags/example_short_circuit_decorator.py
[2025-01-28T10:50:30.483+0000] {processor.py:925} INFO - DAG(s) 'example_short_circuit_decorator' retrieved from /mnt/c/Users/Admin/Desktop/ud_data/Dataslush_umang/airflow/airflow_venv/lib/python3.12/site-packages/airflow/example_dags/example_short_circuit_decorator.py
[2025-01-28T10:50:30.524+0000] {logging_mixin.py:190} INFO - [2025-01-28T10:50:30.522+0000] {dag.py:3239} INFO - Sync 1 DAGs
[2025-01-28T10:50:30.542+0000] {logging_mixin.py:190} INFO - [2025-01-28T10:50:30.540+0000] {dag.py:4180} INFO - Setting next_dagrun for example_short_circuit_decorator to None, run_after=None
[2025-01-28T10:50:30.589+0000] {processor.py:208} INFO - Processing /mnt/c/Users/Admin/Desktop/ud_data/Dataslush_umang/airflow/airflow_venv/lib/python3.12/site-packages/airflow/example_dags/example_short_circuit_decorator.py took 0.256 seconds
[2025-01-28T10:51:49.638+0000] {processor.py:186} INFO - Started process (PID=18563) to work on /mnt/c/Users/Admin/Desktop/ud_data/Dataslush_umang/airflow/airflow_venv/lib/python3.12/site-packages/airflow/example_dags/example_short_circuit_decorator.py
[2025-01-28T10:51:49.641+0000] {processor.py:914} INFO - Processing file /mnt/c/Users/Admin/Desktop/ud_data/Dataslush_umang/airflow/airflow_venv/lib/python3.12/site-packages/airflow/example_dags/example_short_circuit_decorator.py for tasks to queue
[2025-01-28T10:51:49.647+0000] {logging_mixin.py:190} INFO - [2025-01-28T10:51:49.645+0000] {dagbag.py:588} INFO - Filling up the DagBag from /mnt/c/Users/Admin/Desktop/ud_data/Dataslush_umang/airflow/airflow_venv/lib/python3.12/site-packages/airflow/example_dags/example_short_circuit_decorator.py
[2025-01-28T10:51:49.759+0000] {processor.py:925} INFO - DAG(s) 'example_short_circuit_decorator' retrieved from /mnt/c/Users/Admin/Desktop/ud_data/Dataslush_umang/airflow/airflow_venv/lib/python3.12/site-packages/airflow/example_dags/example_short_circuit_decorator.py
[2025-01-28T10:51:49.798+0000] {logging_mixin.py:190} INFO - [2025-01-28T10:51:49.796+0000] {dag.py:3239} INFO - Sync 1 DAGs
[2025-01-28T10:51:49.821+0000] {logging_mixin.py:190} INFO - [2025-01-28T10:51:49.819+0000] {dag.py:4180} INFO - Setting next_dagrun for example_short_circuit_decorator to None, run_after=None
[2025-01-28T10:51:49.870+0000] {processor.py:208} INFO - Processing /mnt/c/Users/Admin/Desktop/ud_data/Dataslush_umang/airflow/airflow_venv/lib/python3.12/site-packages/airflow/example_dags/example_short_circuit_decorator.py took 0.258 seconds
[2025-01-28T10:53:27.328+0000] {processor.py:186} INFO - Started process (PID=18679) to work on /mnt/c/Users/Admin/Desktop/ud_data/Dataslush_umang/airflow/airflow_venv/lib/python3.12/site-packages/airflow/example_dags/example_short_circuit_decorator.py
[2025-01-28T10:53:27.330+0000] {processor.py:914} INFO - Processing file /mnt/c/Users/Admin/Desktop/ud_data/Dataslush_umang/airflow/airflow_venv/lib/python3.12/site-packages/airflow/example_dags/example_short_circuit_decorator.py for tasks to queue
[2025-01-28T10:53:27.337+0000] {logging_mixin.py:190} INFO - [2025-01-28T10:53:27.335+0000] {dagbag.py:588} INFO - Filling up the DagBag from /mnt/c/Users/Admin/Desktop/ud_data/Dataslush_umang/airflow/airflow_venv/lib/python3.12/site-packages/airflow/example_dags/example_short_circuit_decorator.py
[2025-01-28T10:53:27.436+0000] {processor.py:925} INFO - DAG(s) 'example_short_circuit_decorator' retrieved from /mnt/c/Users/Admin/Desktop/ud_data/Dataslush_umang/airflow/airflow_venv/lib/python3.12/site-packages/airflow/example_dags/example_short_circuit_decorator.py
[2025-01-28T10:53:27.469+0000] {logging_mixin.py:190} INFO - [2025-01-28T10:53:27.468+0000] {dag.py:3239} INFO - Sync 1 DAGs
[2025-01-28T10:53:27.489+0000] {logging_mixin.py:190} INFO - [2025-01-28T10:53:27.487+0000] {dag.py:4180} INFO - Setting next_dagrun for example_short_circuit_decorator to None, run_after=None
[2025-01-28T10:52:57.592+0000] {processor.py:208} INFO - Processing /mnt/c/Users/Admin/Desktop/ud_data/Dataslush_umang/airflow/airflow_venv/lib/python3.12/site-packages/airflow/example_dags/example_short_circuit_decorator.py took 0.374 seconds
[2025-01-28T10:54:45.499+0000] {processor.py:186} INFO - Started process (PID=18827) to work on /mnt/c/Users/Admin/Desktop/ud_data/Dataslush_umang/airflow/airflow_venv/lib/python3.12/site-packages/airflow/example_dags/example_short_circuit_decorator.py
[2025-01-28T10:54:45.502+0000] {processor.py:914} INFO - Processing file /mnt/c/Users/Admin/Desktop/ud_data/Dataslush_umang/airflow/airflow_venv/lib/python3.12/site-packages/airflow/example_dags/example_short_circuit_decorator.py for tasks to queue
[2025-01-28T10:54:45.508+0000] {logging_mixin.py:190} INFO - [2025-01-28T10:54:45.506+0000] {dagbag.py:588} INFO - Filling up the DagBag from /mnt/c/Users/Admin/Desktop/ud_data/Dataslush_umang/airflow/airflow_venv/lib/python3.12/site-packages/airflow/example_dags/example_short_circuit_decorator.py
[2025-01-28T10:54:45.623+0000] {processor.py:925} INFO - DAG(s) 'example_short_circuit_decorator' retrieved from /mnt/c/Users/Admin/Desktop/ud_data/Dataslush_umang/airflow/airflow_venv/lib/python3.12/site-packages/airflow/example_dags/example_short_circuit_decorator.py
[2025-01-28T10:54:45.661+0000] {logging_mixin.py:190} INFO - [2025-01-28T10:54:45.660+0000] {dag.py:3239} INFO - Sync 1 DAGs
[2025-01-28T10:54:45.693+0000] {logging_mixin.py:190} INFO - [2025-01-28T10:54:45.691+0000] {dag.py:4180} INFO - Setting next_dagrun for example_short_circuit_decorator to None, run_after=None
[2025-01-28T10:54:45.751+0000] {processor.py:208} INFO - Processing /mnt/c/Users/Admin/Desktop/ud_data/Dataslush_umang/airflow/airflow_venv/lib/python3.12/site-packages/airflow/example_dags/example_short_circuit_decorator.py took 0.276 seconds
[2025-01-28T10:56:13.417+0000] {processor.py:186} INFO - Started process (PID=19011) to work on /mnt/c/Users/Admin/Desktop/ud_data/Dataslush_umang/airflow/airflow_venv/lib/python3.12/site-packages/airflow/example_dags/example_short_circuit_decorator.py
[2025-01-28T10:56:13.420+0000] {processor.py:914} INFO - Processing file /mnt/c/Users/Admin/Desktop/ud_data/Dataslush_umang/airflow/airflow_venv/lib/python3.12/site-packages/airflow/example_dags/example_short_circuit_decorator.py for tasks to queue
[2025-01-28T10:56:13.426+0000] {logging_mixin.py:190} INFO - [2025-01-28T10:56:13.424+0000] {dagbag.py:588} INFO - Filling up the DagBag from /mnt/c/Users/Admin/Desktop/ud_data/Dataslush_umang/airflow/airflow_venv/lib/python3.12/site-packages/airflow/example_dags/example_short_circuit_decorator.py
[2025-01-28T10:56:13.540+0000] {processor.py:925} INFO - DAG(s) 'example_short_circuit_decorator' retrieved from /mnt/c/Users/Admin/Desktop/ud_data/Dataslush_umang/airflow/airflow_venv/lib/python3.12/site-packages/airflow/example_dags/example_short_circuit_decorator.py
[2025-01-28T10:56:13.583+0000] {logging_mixin.py:190} INFO - [2025-01-28T10:56:13.582+0000] {dag.py:3239} INFO - Sync 1 DAGs
[2025-01-28T10:56:13.607+0000] {logging_mixin.py:190} INFO - [2025-01-28T10:56:13.605+0000] {dag.py:4180} INFO - Setting next_dagrun for example_short_circuit_decorator to None, run_after=None
[2025-01-28T10:56:13.659+0000] {processor.py:208} INFO - Processing /mnt/c/Users/Admin/Desktop/ud_data/Dataslush_umang/airflow/airflow_venv/lib/python3.12/site-packages/airflow/example_dags/example_short_circuit_decorator.py took 0.268 seconds
[2025-01-28T10:57:45.554+0000] {processor.py:186} INFO - Started process (PID=19174) to work on /mnt/c/Users/Admin/Desktop/ud_data/Dataslush_umang/airflow/airflow_venv/lib/python3.12/site-packages/airflow/example_dags/example_short_circuit_decorator.py
[2025-01-28T10:57:45.558+0000] {processor.py:914} INFO - Processing file /mnt/c/Users/Admin/Desktop/ud_data/Dataslush_umang/airflow/airflow_venv/lib/python3.12/site-packages/airflow/example_dags/example_short_circuit_decorator.py for tasks to queue
[2025-01-28T10:57:45.564+0000] {logging_mixin.py:190} INFO - [2025-01-28T10:57:45.562+0000] {dagbag.py:588} INFO - Filling up the DagBag from /mnt/c/Users/Admin/Desktop/ud_data/Dataslush_umang/airflow/airflow_venv/lib/python3.12/site-packages/airflow/example_dags/example_short_circuit_decorator.py
[2025-01-28T10:57:45.696+0000] {processor.py:925} INFO - DAG(s) 'example_short_circuit_decorator' retrieved from /mnt/c/Users/Admin/Desktop/ud_data/Dataslush_umang/airflow/airflow_venv/lib/python3.12/site-packages/airflow/example_dags/example_short_circuit_decorator.py
[2025-01-28T10:57:45.747+0000] {logging_mixin.py:190} INFO - [2025-01-28T10:57:45.745+0000] {dag.py:3239} INFO - Sync 1 DAGs
[2025-01-28T10:57:45.776+0000] {logging_mixin.py:190} INFO - [2025-01-28T10:57:45.775+0000] {dag.py:4180} INFO - Setting next_dagrun for example_short_circuit_decorator to None, run_after=None
[2025-01-28T10:57:45.832+0000] {processor.py:208} INFO - Processing /mnt/c/Users/Admin/Desktop/ud_data/Dataslush_umang/airflow/airflow_venv/lib/python3.12/site-packages/airflow/example_dags/example_short_circuit_decorator.py took 0.309 seconds
[2025-01-28T10:59:14.419+0000] {processor.py:186} INFO - Started process (PID=19374) to work on /mnt/c/Users/Admin/Desktop/ud_data/Dataslush_umang/airflow/airflow_venv/lib/python3.12/site-packages/airflow/example_dags/example_short_circuit_decorator.py
[2025-01-28T10:59:14.490+0000] {processor.py:914} INFO - Processing file /mnt/c/Users/Admin/Desktop/ud_data/Dataslush_umang/airflow/airflow_venv/lib/python3.12/site-packages/airflow/example_dags/example_short_circuit_decorator.py for tasks to queue
[2025-01-28T10:59:14.501+0000] {logging_mixin.py:190} INFO - [2025-01-28T10:59:14.498+0000] {dagbag.py:588} INFO - Filling up the DagBag from /mnt/c/Users/Admin/Desktop/ud_data/Dataslush_umang/airflow/airflow_venv/lib/python3.12/site-packages/airflow/example_dags/example_short_circuit_decorator.py
[2025-01-28T10:59:14.590+0000] {processor.py:925} INFO - DAG(s) 'example_short_circuit_decorator' retrieved from /mnt/c/Users/Admin/Desktop/ud_data/Dataslush_umang/airflow/airflow_venv/lib/python3.12/site-packages/airflow/example_dags/example_short_circuit_decorator.py
[2025-01-28T10:59:14.618+0000] {logging_mixin.py:190} INFO - [2025-01-28T10:59:14.617+0000] {dag.py:3239} INFO - Sync 1 DAGs
[2025-01-28T10:59:14.647+0000] {logging_mixin.py:190} INFO - [2025-01-28T10:59:14.645+0000] {dag.py:4180} INFO - Setting next_dagrun for example_short_circuit_decorator to None, run_after=None
[2025-01-28T10:59:14.807+0000] {processor.py:208} INFO - Processing /mnt/c/Users/Admin/Desktop/ud_data/Dataslush_umang/airflow/airflow_venv/lib/python3.12/site-packages/airflow/example_dags/example_short_circuit_decorator.py took 0.421 seconds
[2025-01-28T11:01:08.743+0000] {processor.py:186} INFO - Started process (PID=19561) to work on /mnt/c/Users/Admin/Desktop/ud_data/Dataslush_umang/airflow/airflow_venv/lib/python3.12/site-packages/airflow/example_dags/example_short_circuit_decorator.py
[2025-01-28T11:01:09.084+0000] {processor.py:914} INFO - Processing file /mnt/c/Users/Admin/Desktop/ud_data/Dataslush_umang/airflow/airflow_venv/lib/python3.12/site-packages/airflow/example_dags/example_short_circuit_decorator.py for tasks to queue
[2025-01-28T11:01:09.091+0000] {logging_mixin.py:190} INFO - [2025-01-28T11:01:09.088+0000] {dagbag.py:588} INFO - Filling up the DagBag from /mnt/c/Users/Admin/Desktop/ud_data/Dataslush_umang/airflow/airflow_venv/lib/python3.12/site-packages/airflow/example_dags/example_short_circuit_decorator.py
[2025-01-28T11:01:09.233+0000] {processor.py:925} INFO - DAG(s) 'example_short_circuit_decorator' retrieved from /mnt/c/Users/Admin/Desktop/ud_data/Dataslush_umang/airflow/airflow_venv/lib/python3.12/site-packages/airflow/example_dags/example_short_circuit_decorator.py
[2025-01-28T11:01:09.264+0000] {logging_mixin.py:190} INFO - [2025-01-28T11:01:09.263+0000] {dag.py:3239} INFO - Sync 1 DAGs
[2025-01-28T11:01:09.286+0000] {logging_mixin.py:190} INFO - [2025-01-28T11:01:09.284+0000] {dag.py:4180} INFO - Setting next_dagrun for example_short_circuit_decorator to None, run_after=None
[2025-01-28T11:01:09.400+0000] {processor.py:208} INFO - Processing /mnt/c/Users/Admin/Desktop/ud_data/Dataslush_umang/airflow/airflow_venv/lib/python3.12/site-packages/airflow/example_dags/example_short_circuit_decorator.py took 0.681 seconds
[2025-01-28T11:02:29.148+0000] {processor.py:186} INFO - Started process (PID=19635) to work on /mnt/c/Users/Admin/Desktop/ud_data/Dataslush_umang/airflow/airflow_venv/lib/python3.12/site-packages/airflow/example_dags/example_short_circuit_decorator.py
[2025-01-28T11:02:29.151+0000] {processor.py:914} INFO - Processing file /mnt/c/Users/Admin/Desktop/ud_data/Dataslush_umang/airflow/airflow_venv/lib/python3.12/site-packages/airflow/example_dags/example_short_circuit_decorator.py for tasks to queue
[2025-01-28T11:02:29.159+0000] {logging_mixin.py:190} INFO - [2025-01-28T11:02:29.157+0000] {dagbag.py:588} INFO - Filling up the DagBag from /mnt/c/Users/Admin/Desktop/ud_data/Dataslush_umang/airflow/airflow_venv/lib/python3.12/site-packages/airflow/example_dags/example_short_circuit_decorator.py
[2025-01-28T11:02:29.283+0000] {processor.py:925} INFO - DAG(s) 'example_short_circuit_decorator' retrieved from /mnt/c/Users/Admin/Desktop/ud_data/Dataslush_umang/airflow/airflow_venv/lib/python3.12/site-packages/airflow/example_dags/example_short_circuit_decorator.py
[2025-01-28T11:02:29.327+0000] {logging_mixin.py:190} INFO - [2025-01-28T11:02:29.325+0000] {dag.py:3239} INFO - Sync 1 DAGs
[2025-01-28T11:02:29.358+0000] {logging_mixin.py:190} INFO - [2025-01-28T11:02:29.355+0000] {dag.py:4180} INFO - Setting next_dagrun for example_short_circuit_decorator to None, run_after=None
[2025-01-28T11:02:29.419+0000] {processor.py:208} INFO - Processing /mnt/c/Users/Admin/Desktop/ud_data/Dataslush_umang/airflow/airflow_venv/lib/python3.12/site-packages/airflow/example_dags/example_short_circuit_decorator.py took 0.295 seconds
[2025-01-28T11:03:59.142+0000] {processor.py:186} INFO - Started process (PID=19856) to work on /mnt/c/Users/Admin/Desktop/ud_data/Dataslush_umang/airflow/airflow_venv/lib/python3.12/site-packages/airflow/example_dags/example_short_circuit_decorator.py
[2025-01-28T11:03:59.522+0000] {processor.py:914} INFO - Processing file /mnt/c/Users/Admin/Desktop/ud_data/Dataslush_umang/airflow/airflow_venv/lib/python3.12/site-packages/airflow/example_dags/example_short_circuit_decorator.py for tasks to queue
[2025-01-28T11:03:59.528+0000] {logging_mixin.py:190} INFO - [2025-01-28T11:03:59.526+0000] {dagbag.py:588} INFO - Filling up the DagBag from /mnt/c/Users/Admin/Desktop/ud_data/Dataslush_umang/airflow/airflow_venv/lib/python3.12/site-packages/airflow/example_dags/example_short_circuit_decorator.py
[2025-01-28T11:03:59.641+0000] {processor.py:925} INFO - DAG(s) 'example_short_circuit_decorator' retrieved from /mnt/c/Users/Admin/Desktop/ud_data/Dataslush_umang/airflow/airflow_venv/lib/python3.12/site-packages/airflow/example_dags/example_short_circuit_decorator.py
[2025-01-28T11:03:59.675+0000] {logging_mixin.py:190} INFO - [2025-01-28T11:03:59.673+0000] {dag.py:3239} INFO - Sync 1 DAGs
[2025-01-28T11:03:59.700+0000] {logging_mixin.py:190} INFO - [2025-01-28T11:03:59.698+0000] {dag.py:4180} INFO - Setting next_dagrun for example_short_circuit_decorator to None, run_after=None
[2025-01-28T11:03:59.889+0000] {processor.py:208} INFO - Processing /mnt/c/Users/Admin/Desktop/ud_data/Dataslush_umang/airflow/airflow_venv/lib/python3.12/site-packages/airflow/example_dags/example_short_circuit_decorator.py took 0.773 seconds
[2025-01-28T11:05:33.043+0000] {processor.py:186} INFO - Started process (PID=19983) to work on /mnt/c/Users/Admin/Desktop/ud_data/Dataslush_umang/airflow/airflow_venv/lib/python3.12/site-packages/airflow/example_dags/example_short_circuit_decorator.py
[2025-01-28T11:05:33.045+0000] {processor.py:914} INFO - Processing file /mnt/c/Users/Admin/Desktop/ud_data/Dataslush_umang/airflow/airflow_venv/lib/python3.12/site-packages/airflow/example_dags/example_short_circuit_decorator.py for tasks to queue
[2025-01-28T11:05:33.051+0000] {logging_mixin.py:190} INFO - [2025-01-28T11:05:33.050+0000] {dagbag.py:588} INFO - Filling up the DagBag from /mnt/c/Users/Admin/Desktop/ud_data/Dataslush_umang/airflow/airflow_venv/lib/python3.12/site-packages/airflow/example_dags/example_short_circuit_decorator.py
[2025-01-28T11:05:33.157+0000] {processor.py:925} INFO - DAG(s) 'example_short_circuit_decorator' retrieved from /mnt/c/Users/Admin/Desktop/ud_data/Dataslush_umang/airflow/airflow_venv/lib/python3.12/site-packages/airflow/example_dags/example_short_circuit_decorator.py
[2025-01-28T11:05:33.184+0000] {logging_mixin.py:190} INFO - [2025-01-28T11:05:33.183+0000] {dag.py:3239} INFO - Sync 1 DAGs
[2025-01-28T11:05:33.203+0000] {logging_mixin.py:190} INFO - [2025-01-28T11:05:33.201+0000] {dag.py:4180} INFO - Setting next_dagrun for example_short_circuit_decorator to None, run_after=None
[2025-01-28T11:05:33.438+0000] {processor.py:208} INFO - Processing /mnt/c/Users/Admin/Desktop/ud_data/Dataslush_umang/airflow/airflow_venv/lib/python3.12/site-packages/airflow/example_dags/example_short_circuit_decorator.py took 0.422 seconds
[2025-01-28T11:07:46.217+0000] {processor.py:186} INFO - Started process (PID=20145) to work on /mnt/c/Users/Admin/Desktop/ud_data/Dataslush_umang/airflow/airflow_venv/lib/python3.12/site-packages/airflow/example_dags/example_short_circuit_decorator.py
[2025-01-28T11:07:46.221+0000] {processor.py:914} INFO - Processing file /mnt/c/Users/Admin/Desktop/ud_data/Dataslush_umang/airflow/airflow_venv/lib/python3.12/site-packages/airflow/example_dags/example_short_circuit_decorator.py for tasks to queue
[2025-01-28T11:07:46.227+0000] {logging_mixin.py:190} INFO - [2025-01-28T11:07:46.225+0000] {dagbag.py:588} INFO - Filling up the DagBag from /mnt/c/Users/Admin/Desktop/ud_data/Dataslush_umang/airflow/airflow_venv/lib/python3.12/site-packages/airflow/example_dags/example_short_circuit_decorator.py
[2025-01-28T11:07:46.355+0000] {processor.py:925} INFO - DAG(s) 'example_short_circuit_decorator' retrieved from /mnt/c/Users/Admin/Desktop/ud_data/Dataslush_umang/airflow/airflow_venv/lib/python3.12/site-packages/airflow/example_dags/example_short_circuit_decorator.py
[2025-01-28T11:07:46.392+0000] {logging_mixin.py:190} INFO - [2025-01-28T11:07:46.390+0000] {dag.py:3239} INFO - Sync 1 DAGs
[2025-01-28T11:07:46.415+0000] {logging_mixin.py:190} INFO - [2025-01-28T11:07:46.414+0000] {dag.py:4180} INFO - Setting next_dagrun for example_short_circuit_decorator to None, run_after=None
[2025-01-28T11:07:46.462+0000] {processor.py:208} INFO - Processing /mnt/c/Users/Admin/Desktop/ud_data/Dataslush_umang/airflow/airflow_venv/lib/python3.12/site-packages/airflow/example_dags/example_short_circuit_decorator.py took 0.276 seconds
[2025-01-28T11:09:49.210+0000] {processor.py:186} INFO - Started process (PID=20303) to work on /mnt/c/Users/Admin/Desktop/ud_data/Dataslush_umang/airflow/airflow_venv/lib/python3.12/site-packages/airflow/example_dags/example_short_circuit_decorator.py
[2025-01-28T11:09:49.213+0000] {processor.py:914} INFO - Processing file /mnt/c/Users/Admin/Desktop/ud_data/Dataslush_umang/airflow/airflow_venv/lib/python3.12/site-packages/airflow/example_dags/example_short_circuit_decorator.py for tasks to queue
[2025-01-28T11:09:49.220+0000] {logging_mixin.py:190} INFO - [2025-01-28T11:09:49.219+0000] {dagbag.py:588} INFO - Filling up the DagBag from /mnt/c/Users/Admin/Desktop/ud_data/Dataslush_umang/airflow/airflow_venv/lib/python3.12/site-packages/airflow/example_dags/example_short_circuit_decorator.py
[2025-01-28T11:09:19.221+0000] {processor.py:925} INFO - DAG(s) 'example_short_circuit_decorator' retrieved from /mnt/c/Users/Admin/Desktop/ud_data/Dataslush_umang/airflow/airflow_venv/lib/python3.12/site-packages/airflow/example_dags/example_short_circuit_decorator.py
[2025-01-28T11:09:19.253+0000] {logging_mixin.py:190} INFO - [2025-01-28T11:09:19.252+0000] {dag.py:3239} INFO - Sync 1 DAGs
[2025-01-28T11:09:19.272+0000] {logging_mixin.py:190} INFO - [2025-01-28T11:09:19.271+0000] {dag.py:4180} INFO - Setting next_dagrun for example_short_circuit_decorator to None, run_after=None
[2025-01-28T11:09:20.316+0000] {processor.py:208} INFO - Processing /mnt/c/Users/Admin/Desktop/ud_data/Dataslush_umang/airflow/airflow_venv/lib/python3.12/site-packages/airflow/example_dags/example_short_circuit_decorator.py took 1.217 seconds
[2025-01-28T11:10:22.153+0000] {processor.py:186} INFO - Started process (PID=20449) to work on /mnt/c/Users/Admin/Desktop/ud_data/Dataslush_umang/airflow/airflow_venv/lib/python3.12/site-packages/airflow/example_dags/example_short_circuit_decorator.py
[2025-01-28T11:10:22.167+0000] {processor.py:914} INFO - Processing file /mnt/c/Users/Admin/Desktop/ud_data/Dataslush_umang/airflow/airflow_venv/lib/python3.12/site-packages/airflow/example_dags/example_short_circuit_decorator.py for tasks to queue
[2025-01-28T11:10:22.175+0000] {logging_mixin.py:190} INFO - [2025-01-28T11:10:22.172+0000] {dagbag.py:588} INFO - Filling up the DagBag from /mnt/c/Users/Admin/Desktop/ud_data/Dataslush_umang/airflow/airflow_venv/lib/python3.12/site-packages/airflow/example_dags/example_short_circuit_decorator.py
[2025-01-28T11:10:22.293+0000] {processor.py:925} INFO - DAG(s) 'example_short_circuit_decorator' retrieved from /mnt/c/Users/Admin/Desktop/ud_data/Dataslush_umang/airflow/airflow_venv/lib/python3.12/site-packages/airflow/example_dags/example_short_circuit_decorator.py
[2025-01-28T11:10:22.323+0000] {logging_mixin.py:190} INFO - [2025-01-28T11:10:22.322+0000] {dag.py:3239} INFO - Sync 1 DAGs
[2025-01-28T11:10:22.342+0000] {logging_mixin.py:190} INFO - [2025-01-28T11:10:22.341+0000] {dag.py:4180} INFO - Setting next_dagrun for example_short_circuit_decorator to None, run_after=None
[2025-01-28T11:10:22.418+0000] {processor.py:208} INFO - Processing /mnt/c/Users/Admin/Desktop/ud_data/Dataslush_umang/airflow/airflow_venv/lib/python3.12/site-packages/airflow/example_dags/example_short_circuit_decorator.py took 0.305 seconds
[2025-01-28T11:11:39.688+0000] {processor.py:186} INFO - Started process (PID=20545) to work on /mnt/c/Users/Admin/Desktop/ud_data/Dataslush_umang/airflow/airflow_venv/lib/python3.12/site-packages/airflow/example_dags/example_short_circuit_decorator.py
[2025-01-28T11:11:39.850+0000] {processor.py:914} INFO - Processing file /mnt/c/Users/Admin/Desktop/ud_data/Dataslush_umang/airflow/airflow_venv/lib/python3.12/site-packages/airflow/example_dags/example_short_circuit_decorator.py for tasks to queue
[2025-01-28T11:11:39.857+0000] {logging_mixin.py:190} INFO - [2025-01-28T11:11:39.855+0000] {dagbag.py:588} INFO - Filling up the DagBag from /mnt/c/Users/Admin/Desktop/ud_data/Dataslush_umang/airflow/airflow_venv/lib/python3.12/site-packages/airflow/example_dags/example_short_circuit_decorator.py
[2025-01-28T11:11:39.978+0000] {processor.py:925} INFO - DAG(s) 'example_short_circuit_decorator' retrieved from /mnt/c/Users/Admin/Desktop/ud_data/Dataslush_umang/airflow/airflow_venv/lib/python3.12/site-packages/airflow/example_dags/example_short_circuit_decorator.py
[2025-01-28T11:11:40.007+0000] {logging_mixin.py:190} INFO - [2025-01-28T11:11:40.006+0000] {dag.py:3239} INFO - Sync 1 DAGs
[2025-01-28T11:11:40.026+0000] {logging_mixin.py:190} INFO - [2025-01-28T11:11:40.024+0000] {dag.py:4180} INFO - Setting next_dagrun for example_short_circuit_decorator to None, run_after=None
[2025-01-28T11:11:40.252+0000] {processor.py:208} INFO - Processing /mnt/c/Users/Admin/Desktop/ud_data/Dataslush_umang/airflow/airflow_venv/lib/python3.12/site-packages/airflow/example_dags/example_short_circuit_decorator.py took 0.588 seconds
[2025-01-28T11:13:19.185+0000] {processor.py:186} INFO - Started process (PID=20659) to work on /mnt/c/Users/Admin/Desktop/ud_data/Dataslush_umang/airflow/airflow_venv/lib/python3.12/site-packages/airflow/example_dags/example_short_circuit_decorator.py
[2025-01-28T11:13:19.188+0000] {processor.py:914} INFO - Processing file /mnt/c/Users/Admin/Desktop/ud_data/Dataslush_umang/airflow/airflow_venv/lib/python3.12/site-packages/airflow/example_dags/example_short_circuit_decorator.py for tasks to queue
[2025-01-28T11:13:19.193+0000] {logging_mixin.py:190} INFO - [2025-01-28T11:13:19.191+0000] {dagbag.py:588} INFO - Filling up the DagBag from /mnt/c/Users/Admin/Desktop/ud_data/Dataslush_umang/airflow/airflow_venv/lib/python3.12/site-packages/airflow/example_dags/example_short_circuit_decorator.py
[2025-01-28T11:13:49.381+0000] {processor.py:925} INFO - DAG(s) 'example_short_circuit_decorator' retrieved from /mnt/c/Users/Admin/Desktop/ud_data/Dataslush_umang/airflow/airflow_venv/lib/python3.12/site-packages/airflow/example_dags/example_short_circuit_decorator.py
[2025-01-28T11:13:49.410+0000] {logging_mixin.py:190} INFO - [2025-01-28T11:13:49.409+0000] {dag.py:3239} INFO - Sync 1 DAGs
[2025-01-28T11:13:49.426+0000] {logging_mixin.py:190} INFO - [2025-01-28T11:13:49.425+0000] {dag.py:4180} INFO - Setting next_dagrun for example_short_circuit_decorator to None, run_after=None
[2025-01-28T11:13:49.469+0000] {processor.py:208} INFO - Processing /mnt/c/Users/Admin/Desktop/ud_data/Dataslush_umang/airflow/airflow_venv/lib/python3.12/site-packages/airflow/example_dags/example_short_circuit_decorator.py took 0.233 seconds
[2025-01-28T11:15:49.611+0000] {processor.py:186} INFO - Started process (PID=20835) to work on /mnt/c/Users/Admin/Desktop/ud_data/Dataslush_umang/airflow/airflow_venv/lib/python3.12/site-packages/airflow/example_dags/example_short_circuit_decorator.py
[2025-01-28T11:15:49.645+0000] {processor.py:914} INFO - Processing file /mnt/c/Users/Admin/Desktop/ud_data/Dataslush_umang/airflow/airflow_venv/lib/python3.12/site-packages/airflow/example_dags/example_short_circuit_decorator.py for tasks to queue
[2025-01-28T11:15:49.656+0000] {logging_mixin.py:190} INFO - [2025-01-28T11:15:49.653+0000] {dagbag.py:588} INFO - Filling up the DagBag from /mnt/c/Users/Admin/Desktop/ud_data/Dataslush_umang/airflow/airflow_venv/lib/python3.12/site-packages/airflow/example_dags/example_short_circuit_decorator.py
[2025-01-28T11:15:19.900+0000] {processor.py:925} INFO - DAG(s) 'example_short_circuit_decorator' retrieved from /mnt/c/Users/Admin/Desktop/ud_data/Dataslush_umang/airflow/airflow_venv/lib/python3.12/site-packages/airflow/example_dags/example_short_circuit_decorator.py
[2025-01-28T11:15:19.976+0000] {logging_mixin.py:190} INFO - [2025-01-28T11:15:19.974+0000] {dag.py:3239} INFO - Sync 1 DAGs
[2025-01-28T11:15:20.039+0000] {logging_mixin.py:190} INFO - [2025-01-28T11:15:20.037+0000] {dag.py:4180} INFO - Setting next_dagrun for example_short_circuit_decorator to None, run_after=None
[2025-01-28T11:15:20.718+0000] {processor.py:208} INFO - Processing /mnt/c/Users/Admin/Desktop/ud_data/Dataslush_umang/airflow/airflow_venv/lib/python3.12/site-packages/airflow/example_dags/example_short_circuit_decorator.py took 1.249 seconds
