[2025-01-28T10:14:10.733+0000] {processor.py:186} INFO - Started process (PID=14900) to work on /mnt/c/Users/Admin/Desktop/ud_data/Dataslush_umang/airflow/airflow_venv/lib/python3.12/site-packages/airflow/example_dags/example_branch_operator.py
[2025-01-28T10:14:10.736+0000] {processor.py:914} INFO - Processing file /mnt/c/Users/Admin/Desktop/ud_data/Dataslush_umang/airflow/airflow_venv/lib/python3.12/site-packages/airflow/example_dags/example_branch_operator.py for tasks to queue
[2025-01-28T10:14:10.745+0000] {logging_mixin.py:190} INFO - [2025-01-28T10:14:10.742+0000] {dagbag.py:588} INFO - Filling up the DagBag from /mnt/c/Users/Admin/Desktop/ud_data/Dataslush_umang/airflow/airflow_venv/lib/python3.12/site-packages/airflow/example_dags/example_branch_operator.py
[2025-01-28T10:14:10.873+0000] {processor.py:925} INFO - DAG(s) 'example_branch_operator' retrieved from /mnt/c/Users/Admin/Desktop/ud_data/Dataslush_umang/airflow/airflow_venv/lib/python3.12/site-packages/airflow/example_dags/example_branch_operator.py
[2025-01-28T10:14:12.785+0000] {logging_mixin.py:190} INFO - [2025-01-28T10:14:12.783+0000] {override.py:1912} INFO - Created Permission View: can edit on DAG:example_branch_operator
[2025-01-28T10:14:13.005+0000] {logging_mixin.py:190} INFO - [2025-01-28T10:14:13.002+0000] {override.py:1912} INFO - Created Permission View: can read on DAG:example_branch_operator
[2025-01-28T10:14:13.033+0000] {logging_mixin.py:190} INFO - [2025-01-28T10:14:13.030+0000] {override.py:1912} INFO - Created Permission View: can delete on DAG:example_branch_operator
[2025-01-28T10:14:43.414+0000] {logging_mixin.py:190} INFO - [2025-01-28T10:14:43.411+0000] {override.py:1912} INFO - Created Permission View: can create on DAG Run:example_branch_operator
[2025-01-28T10:14:43.443+0000] {logging_mixin.py:190} INFO - [2025-01-28T10:14:43.441+0000] {override.py:1912} INFO - Created Permission View: menu access on DAG Run:example_branch_operator
[2025-01-28T10:14:13.400+0000] {logging_mixin.py:190} INFO - [2025-01-28T10:14:13.399+0000] {override.py:1912} INFO - Created Permission View: can read on DAG Run:example_branch_operator
[2025-01-28T10:14:15.640+0000] {logging_mixin.py:190} INFO - [2025-01-28T10:14:15.633+0000] {override.py:1912} INFO - Created Permission View: can delete on DAG Run:example_branch_operator
[2025-01-28T10:14:15.647+0000] {logging_mixin.py:190} INFO - [2025-01-28T10:14:15.644+0000] {dag.py:3239} INFO - Sync 1 DAGs
[2025-01-28T10:14:15.681+0000] {logging_mixin.py:190} INFO - [2025-01-28T10:14:15.678+0000] {dag.py:3262} INFO - Creating ORM DAG for example_branch_operator
[2025-01-28T10:14:15.704+0000] {logging_mixin.py:190} INFO - [2025-01-28T10:14:15.697+0000] {dag.py:4180} INFO - Setting next_dagrun for example_branch_operator to 2025-01-27 00:00:00+00:00, run_after=2025-01-28 00:00:00+00:00
[2025-01-28T10:14:16.467+0000] {processor.py:208} INFO - Processing /mnt/c/Users/Admin/Desktop/ud_data/Dataslush_umang/airflow/airflow_venv/lib/python3.12/site-packages/airflow/example_dags/example_branch_operator.py took 5.760 seconds
[2025-01-28T10:16:23.769+0000] {processor.py:186} INFO - Started process (PID=15092) to work on /mnt/c/Users/Admin/Desktop/ud_data/Dataslush_umang/airflow/airflow_venv/lib/python3.12/site-packages/airflow/example_dags/example_branch_operator.py
[2025-01-28T10:16:24.045+0000] {processor.py:914} INFO - Processing file /mnt/c/Users/Admin/Desktop/ud_data/Dataslush_umang/airflow/airflow_venv/lib/python3.12/site-packages/airflow/example_dags/example_branch_operator.py for tasks to queue
[2025-01-28T10:16:24.064+0000] {logging_mixin.py:190} INFO - [2025-01-28T10:16:24.057+0000] {dagbag.py:588} INFO - Filling up the DagBag from /mnt/c/Users/Admin/Desktop/ud_data/Dataslush_umang/airflow/airflow_venv/lib/python3.12/site-packages/airflow/example_dags/example_branch_operator.py
[2025-01-28T10:16:24.270+0000] {processor.py:925} INFO - DAG(s) 'example_branch_operator' retrieved from /mnt/c/Users/Admin/Desktop/ud_data/Dataslush_umang/airflow/airflow_venv/lib/python3.12/site-packages/airflow/example_dags/example_branch_operator.py
[2025-01-28T10:16:24.309+0000] {logging_mixin.py:190} INFO - [2025-01-28T10:16:24.307+0000] {dag.py:3239} INFO - Sync 1 DAGs
[2025-01-28T10:16:24.333+0000] {logging_mixin.py:190} INFO - [2025-01-28T10:16:24.331+0000] {dag.py:4180} INFO - Setting next_dagrun for example_branch_operator to 2025-01-27 00:00:00+00:00, run_after=2025-01-28 00:00:00+00:00
[2025-01-28T10:16:25.286+0000] {processor.py:208} INFO - Processing /mnt/c/Users/Admin/Desktop/ud_data/Dataslush_umang/airflow/airflow_venv/lib/python3.12/site-packages/airflow/example_dags/example_branch_operator.py took 1.542 seconds
[2025-01-28T10:18:33.332+0000] {processor.py:186} INFO - Started process (PID=15330) to work on /mnt/c/Users/Admin/Desktop/ud_data/Dataslush_umang/airflow/airflow_venv/lib/python3.12/site-packages/airflow/example_dags/example_branch_operator.py
[2025-01-28T10:18:33.335+0000] {processor.py:914} INFO - Processing file /mnt/c/Users/Admin/Desktop/ud_data/Dataslush_umang/airflow/airflow_venv/lib/python3.12/site-packages/airflow/example_dags/example_branch_operator.py for tasks to queue
[2025-01-28T10:18:33.342+0000] {logging_mixin.py:190} INFO - [2025-01-28T10:18:33.339+0000] {dagbag.py:588} INFO - Filling up the DagBag from /mnt/c/Users/Admin/Desktop/ud_data/Dataslush_umang/airflow/airflow_venv/lib/python3.12/site-packages/airflow/example_dags/example_branch_operator.py
[2025-01-28T10:19:03.756+0000] {processor.py:925} INFO - DAG(s) 'example_branch_operator' retrieved from /mnt/c/Users/Admin/Desktop/ud_data/Dataslush_umang/airflow/airflow_venv/lib/python3.12/site-packages/airflow/example_dags/example_branch_operator.py
[2025-01-28T10:19:03.830+0000] {logging_mixin.py:190} INFO - [2025-01-28T10:19:03.829+0000] {dag.py:3239} INFO - Sync 1 DAGs
[2025-01-28T10:19:03.868+0000] {logging_mixin.py:190} INFO - [2025-01-28T10:19:03.866+0000] {dag.py:4180} INFO - Setting next_dagrun for example_branch_operator to 2025-01-27 00:00:00+00:00, run_after=2025-01-28 00:00:00+00:00
[2025-01-28T10:18:34.025+0000] {processor.py:208} INFO - Processing /mnt/c/Users/Admin/Desktop/ud_data/Dataslush_umang/airflow/airflow_venv/lib/python3.12/site-packages/airflow/example_dags/example_branch_operator.py took 0.704 seconds
[2025-01-28T10:21:20.652+0000] {processor.py:186} INFO - Started process (PID=15582) to work on /mnt/c/Users/Admin/Desktop/ud_data/Dataslush_umang/airflow/airflow_venv/lib/python3.12/site-packages/airflow/example_dags/example_branch_operator.py
[2025-01-28T10:21:20.794+0000] {processor.py:914} INFO - Processing file /mnt/c/Users/Admin/Desktop/ud_data/Dataslush_umang/airflow/airflow_venv/lib/python3.12/site-packages/airflow/example_dags/example_branch_operator.py for tasks to queue
[2025-01-28T10:21:20.811+0000] {logging_mixin.py:190} INFO - [2025-01-28T10:21:20.805+0000] {dagbag.py:588} INFO - Filling up the DagBag from /mnt/c/Users/Admin/Desktop/ud_data/Dataslush_umang/airflow/airflow_venv/lib/python3.12/site-packages/airflow/example_dags/example_branch_operator.py
[2025-01-28T10:21:21.288+0000] {processor.py:925} INFO - DAG(s) 'example_branch_operator' retrieved from /mnt/c/Users/Admin/Desktop/ud_data/Dataslush_umang/airflow/airflow_venv/lib/python3.12/site-packages/airflow/example_dags/example_branch_operator.py
[2025-01-28T10:21:21.377+0000] {logging_mixin.py:190} INFO - [2025-01-28T10:21:21.372+0000] {dag.py:3239} INFO - Sync 1 DAGs
[2025-01-28T10:21:21.443+0000] {logging_mixin.py:190} INFO - [2025-01-28T10:21:21.440+0000] {dag.py:4180} INFO - Setting next_dagrun for example_branch_operator to 2025-01-27 00:00:00+00:00, run_after=2025-01-28 00:00:00+00:00
[2025-01-28T10:21:21.511+0000] {processor.py:208} INFO - Processing /mnt/c/Users/Admin/Desktop/ud_data/Dataslush_umang/airflow/airflow_venv/lib/python3.12/site-packages/airflow/example_dags/example_branch_operator.py took 0.933 seconds
[2025-01-28T10:23:04.432+0000] {processor.py:186} INFO - Started process (PID=15751) to work on /mnt/c/Users/Admin/Desktop/ud_data/Dataslush_umang/airflow/airflow_venv/lib/python3.12/site-packages/airflow/example_dags/example_branch_operator.py
[2025-01-28T10:23:04.527+0000] {processor.py:914} INFO - Processing file /mnt/c/Users/Admin/Desktop/ud_data/Dataslush_umang/airflow/airflow_venv/lib/python3.12/site-packages/airflow/example_dags/example_branch_operator.py for tasks to queue
[2025-01-28T10:23:04.542+0000] {logging_mixin.py:190} INFO - [2025-01-28T10:23:04.537+0000] {dagbag.py:588} INFO - Filling up the DagBag from /mnt/c/Users/Admin/Desktop/ud_data/Dataslush_umang/airflow/airflow_venv/lib/python3.12/site-packages/airflow/example_dags/example_branch_operator.py
[2025-01-28T10:23:05.014+0000] {processor.py:925} INFO - DAG(s) 'example_branch_operator' retrieved from /mnt/c/Users/Admin/Desktop/ud_data/Dataslush_umang/airflow/airflow_venv/lib/python3.12/site-packages/airflow/example_dags/example_branch_operator.py
[2025-01-28T10:23:05.186+0000] {logging_mixin.py:190} INFO - [2025-01-28T10:23:05.184+0000] {dag.py:3239} INFO - Sync 1 DAGs
[2025-01-28T10:23:05.208+0000] {logging_mixin.py:190} INFO - [2025-01-28T10:23:05.206+0000] {dag.py:4180} INFO - Setting next_dagrun for example_branch_operator to 2025-01-27 00:00:00+00:00, run_after=2025-01-28 00:00:00+00:00
[2025-01-28T10:23:05.930+0000] {processor.py:208} INFO - Processing /mnt/c/Users/Admin/Desktop/ud_data/Dataslush_umang/airflow/airflow_venv/lib/python3.12/site-packages/airflow/example_dags/example_branch_operator.py took 1.543 seconds
[2025-01-28T10:24:47.591+0000] {processor.py:186} INFO - Started process (PID=15949) to work on /mnt/c/Users/Admin/Desktop/ud_data/Dataslush_umang/airflow/airflow_venv/lib/python3.12/site-packages/airflow/example_dags/example_branch_operator.py
[2025-01-28T10:24:47.593+0000] {processor.py:914} INFO - Processing file /mnt/c/Users/Admin/Desktop/ud_data/Dataslush_umang/airflow/airflow_venv/lib/python3.12/site-packages/airflow/example_dags/example_branch_operator.py for tasks to queue
[2025-01-28T10:24:47.599+0000] {logging_mixin.py:190} INFO - [2025-01-28T10:24:47.597+0000] {dagbag.py:588} INFO - Filling up the DagBag from /mnt/c/Users/Admin/Desktop/ud_data/Dataslush_umang/airflow/airflow_venv/lib/python3.12/site-packages/airflow/example_dags/example_branch_operator.py
[2025-01-28T10:24:47.733+0000] {processor.py:925} INFO - DAG(s) 'example_branch_operator' retrieved from /mnt/c/Users/Admin/Desktop/ud_data/Dataslush_umang/airflow/airflow_venv/lib/python3.12/site-packages/airflow/example_dags/example_branch_operator.py
[2025-01-28T10:24:47.770+0000] {logging_mixin.py:190} INFO - [2025-01-28T10:24:47.769+0000] {dag.py:3239} INFO - Sync 1 DAGs
[2025-01-28T10:24:47.801+0000] {logging_mixin.py:190} INFO - [2025-01-28T10:24:47.800+0000] {dag.py:4180} INFO - Setting next_dagrun for example_branch_operator to 2025-01-27 00:00:00+00:00, run_after=2025-01-28 00:00:00+00:00
[2025-01-28T10:24:47.840+0000] {processor.py:208} INFO - Processing /mnt/c/Users/Admin/Desktop/ud_data/Dataslush_umang/airflow/airflow_venv/lib/python3.12/site-packages/airflow/example_dags/example_branch_operator.py took 0.274 seconds
[2025-01-28T10:27:22.889+0000] {processor.py:186} INFO - Started process (PID=16248) to work on /mnt/c/Users/Admin/Desktop/ud_data/Dataslush_umang/airflow/airflow_venv/lib/python3.12/site-packages/airflow/example_dags/example_branch_operator.py
[2025-01-28T10:27:22.895+0000] {processor.py:914} INFO - Processing file /mnt/c/Users/Admin/Desktop/ud_data/Dataslush_umang/airflow/airflow_venv/lib/python3.12/site-packages/airflow/example_dags/example_branch_operator.py for tasks to queue
[2025-01-28T10:27:22.908+0000] {logging_mixin.py:190} INFO - [2025-01-28T10:27:22.904+0000] {dagbag.py:588} INFO - Filling up the DagBag from /mnt/c/Users/Admin/Desktop/ud_data/Dataslush_umang/airflow/airflow_venv/lib/python3.12/site-packages/airflow/example_dags/example_branch_operator.py
[2025-01-28T10:27:23.237+0000] {processor.py:925} INFO - DAG(s) 'example_branch_operator' retrieved from /mnt/c/Users/Admin/Desktop/ud_data/Dataslush_umang/airflow/airflow_venv/lib/python3.12/site-packages/airflow/example_dags/example_branch_operator.py
[2025-01-28T10:27:23.271+0000] {logging_mixin.py:190} INFO - [2025-01-28T10:27:23.270+0000] {dag.py:3239} INFO - Sync 1 DAGs
[2025-01-28T10:27:23.306+0000] {logging_mixin.py:190} INFO - [2025-01-28T10:27:23.304+0000] {dag.py:4180} INFO - Setting next_dagrun for example_branch_operator to 2025-01-27 00:00:00+00:00, run_after=2025-01-28 00:00:00+00:00
[2025-01-28T10:27:23.353+0000] {processor.py:208} INFO - Processing /mnt/c/Users/Admin/Desktop/ud_data/Dataslush_umang/airflow/airflow_venv/lib/python3.12/site-packages/airflow/example_dags/example_branch_operator.py took 0.528 seconds
[2025-01-28T10:30:11.868+0000] {processor.py:186} INFO - Started process (PID=16417) to work on /mnt/c/Users/Admin/Desktop/ud_data/Dataslush_umang/airflow/airflow_venv/lib/python3.12/site-packages/airflow/example_dags/example_branch_operator.py
[2025-01-28T10:30:12.202+0000] {processor.py:914} INFO - Processing file /mnt/c/Users/Admin/Desktop/ud_data/Dataslush_umang/airflow/airflow_venv/lib/python3.12/site-packages/airflow/example_dags/example_branch_operator.py for tasks to queue
[2025-01-28T10:30:12.213+0000] {logging_mixin.py:190} INFO - [2025-01-28T10:30:12.209+0000] {dagbag.py:588} INFO - Filling up the DagBag from /mnt/c/Users/Admin/Desktop/ud_data/Dataslush_umang/airflow/airflow_venv/lib/python3.12/site-packages/airflow/example_dags/example_branch_operator.py
[2025-01-28T10:30:12.486+0000] {processor.py:925} INFO - DAG(s) 'example_branch_operator' retrieved from /mnt/c/Users/Admin/Desktop/ud_data/Dataslush_umang/airflow/airflow_venv/lib/python3.12/site-packages/airflow/example_dags/example_branch_operator.py
[2025-01-28T10:30:12.524+0000] {logging_mixin.py:190} INFO - [2025-01-28T10:30:12.521+0000] {dag.py:3239} INFO - Sync 1 DAGs
[2025-01-28T10:30:12.552+0000] {logging_mixin.py:190} INFO - [2025-01-28T10:30:12.550+0000] {dag.py:4180} INFO - Setting next_dagrun for example_branch_operator to 2025-01-27 00:00:00+00:00, run_after=2025-01-28 00:00:00+00:00
[2025-01-28T10:30:12.614+0000] {processor.py:208} INFO - Processing /mnt/c/Users/Admin/Desktop/ud_data/Dataslush_umang/airflow/airflow_venv/lib/python3.12/site-packages/airflow/example_dags/example_branch_operator.py took 0.793 seconds
[2025-01-28T10:32:26.418+0000] {processor.py:186} INFO - Started process (PID=16642) to work on /mnt/c/Users/Admin/Desktop/ud_data/Dataslush_umang/airflow/airflow_venv/lib/python3.12/site-packages/airflow/example_dags/example_branch_operator.py
[2025-01-28T10:32:26.483+0000] {processor.py:914} INFO - Processing file /mnt/c/Users/Admin/Desktop/ud_data/Dataslush_umang/airflow/airflow_venv/lib/python3.12/site-packages/airflow/example_dags/example_branch_operator.py for tasks to queue
[2025-01-28T10:32:26.500+0000] {logging_mixin.py:190} INFO - [2025-01-28T10:32:26.494+0000] {dagbag.py:588} INFO - Filling up the DagBag from /mnt/c/Users/Admin/Desktop/ud_data/Dataslush_umang/airflow/airflow_venv/lib/python3.12/site-packages/airflow/example_dags/example_branch_operator.py
[2025-01-28T10:32:26.925+0000] {processor.py:925} INFO - DAG(s) 'example_branch_operator' retrieved from /mnt/c/Users/Admin/Desktop/ud_data/Dataslush_umang/airflow/airflow_venv/lib/python3.12/site-packages/airflow/example_dags/example_branch_operator.py
[2025-01-28T10:32:26.970+0000] {logging_mixin.py:190} INFO - [2025-01-28T10:32:26.968+0000] {dag.py:3239} INFO - Sync 1 DAGs
[2025-01-28T10:32:26.997+0000] {logging_mixin.py:190} INFO - [2025-01-28T10:32:26.995+0000] {dag.py:4180} INFO - Setting next_dagrun for example_branch_operator to 2025-01-27 00:00:00+00:00, run_after=2025-01-28 00:00:00+00:00
[2025-01-28T10:32:27.616+0000] {processor.py:208} INFO - Processing /mnt/c/Users/Admin/Desktop/ud_data/Dataslush_umang/airflow/airflow_venv/lib/python3.12/site-packages/airflow/example_dags/example_branch_operator.py took 1.255 seconds
[2025-01-28T10:34:59.983+0000] {processor.py:186} INFO - Started process (PID=16881) to work on /mnt/c/Users/Admin/Desktop/ud_data/Dataslush_umang/airflow/airflow_venv/lib/python3.12/site-packages/airflow/example_dags/example_branch_operator.py
[2025-01-28T10:34:59.986+0000] {processor.py:914} INFO - Processing file /mnt/c/Users/Admin/Desktop/ud_data/Dataslush_umang/airflow/airflow_venv/lib/python3.12/site-packages/airflow/example_dags/example_branch_operator.py for tasks to queue
[2025-01-28T10:34:59.994+0000] {logging_mixin.py:190} INFO - [2025-01-28T10:34:59.991+0000] {dagbag.py:588} INFO - Filling up the DagBag from /mnt/c/Users/Admin/Desktop/ud_data/Dataslush_umang/airflow/airflow_venv/lib/python3.12/site-packages/airflow/example_dags/example_branch_operator.py
[2025-01-28T10:35:30.332+0000] {processor.py:925} INFO - DAG(s) 'example_branch_operator' retrieved from /mnt/c/Users/Admin/Desktop/ud_data/Dataslush_umang/airflow/airflow_venv/lib/python3.12/site-packages/airflow/example_dags/example_branch_operator.py
[2025-01-28T10:35:30.371+0000] {logging_mixin.py:190} INFO - [2025-01-28T10:35:30.369+0000] {dag.py:3239} INFO - Sync 1 DAGs
[2025-01-28T10:35:30.444+0000] {logging_mixin.py:190} INFO - [2025-01-28T10:35:30.442+0000] {dag.py:4180} INFO - Setting next_dagrun for example_branch_operator to 2025-01-27 00:00:00+00:00, run_after=2025-01-28 00:00:00+00:00
[2025-01-28T10:35:30.504+0000] {processor.py:208} INFO - Processing /mnt/c/Users/Admin/Desktop/ud_data/Dataslush_umang/airflow/airflow_venv/lib/python3.12/site-packages/airflow/example_dags/example_branch_operator.py took 0.442 seconds
[2025-01-28T10:37:51.821+0000] {processor.py:186} INFO - Started process (PID=17102) to work on /mnt/c/Users/Admin/Desktop/ud_data/Dataslush_umang/airflow/airflow_venv/lib/python3.12/site-packages/airflow/example_dags/example_branch_operator.py
[2025-01-28T10:37:51.829+0000] {processor.py:914} INFO - Processing file /mnt/c/Users/Admin/Desktop/ud_data/Dataslush_umang/airflow/airflow_venv/lib/python3.12/site-packages/airflow/example_dags/example_branch_operator.py for tasks to queue
[2025-01-28T10:37:51.845+0000] {logging_mixin.py:190} INFO - [2025-01-28T10:37:51.840+0000] {dagbag.py:588} INFO - Filling up the DagBag from /mnt/c/Users/Admin/Desktop/ud_data/Dataslush_umang/airflow/airflow_venv/lib/python3.12/site-packages/airflow/example_dags/example_branch_operator.py
[2025-01-28T10:37:52.321+0000] {processor.py:925} INFO - DAG(s) 'example_branch_operator' retrieved from /mnt/c/Users/Admin/Desktop/ud_data/Dataslush_umang/airflow/airflow_venv/lib/python3.12/site-packages/airflow/example_dags/example_branch_operator.py
[2025-01-28T10:37:52.397+0000] {logging_mixin.py:190} INFO - [2025-01-28T10:37:52.394+0000] {dag.py:3239} INFO - Sync 1 DAGs
[2025-01-28T10:37:52.436+0000] {logging_mixin.py:190} INFO - [2025-01-28T10:37:52.435+0000] {dag.py:4180} INFO - Setting next_dagrun for example_branch_operator to 2025-01-27 00:00:00+00:00, run_after=2025-01-28 00:00:00+00:00
[2025-01-28T10:37:52.480+0000] {processor.py:208} INFO - Processing /mnt/c/Users/Admin/Desktop/ud_data/Dataslush_umang/airflow/airflow_venv/lib/python3.12/site-packages/airflow/example_dags/example_branch_operator.py took 0.741 seconds
[2025-01-28T10:39:44.104+0000] {processor.py:186} INFO - Started process (PID=17298) to work on /mnt/c/Users/Admin/Desktop/ud_data/Dataslush_umang/airflow/airflow_venv/lib/python3.12/site-packages/airflow/example_dags/example_branch_operator.py
[2025-01-28T10:39:44.192+0000] {processor.py:914} INFO - Processing file /mnt/c/Users/Admin/Desktop/ud_data/Dataslush_umang/airflow/airflow_venv/lib/python3.12/site-packages/airflow/example_dags/example_branch_operator.py for tasks to queue
[2025-01-28T10:39:44.205+0000] {logging_mixin.py:190} INFO - [2025-01-28T10:39:44.201+0000] {dagbag.py:588} INFO - Filling up the DagBag from /mnt/c/Users/Admin/Desktop/ud_data/Dataslush_umang/airflow/airflow_venv/lib/python3.12/site-packages/airflow/example_dags/example_branch_operator.py
[2025-01-28T10:39:44.516+0000] {processor.py:925} INFO - DAG(s) 'example_branch_operator' retrieved from /mnt/c/Users/Admin/Desktop/ud_data/Dataslush_umang/airflow/airflow_venv/lib/python3.12/site-packages/airflow/example_dags/example_branch_operator.py
[2025-01-28T10:39:44.560+0000] {logging_mixin.py:190} INFO - [2025-01-28T10:39:44.559+0000] {dag.py:3239} INFO - Sync 1 DAGs
[2025-01-28T10:39:44.609+0000] {logging_mixin.py:190} INFO - [2025-01-28T10:39:44.606+0000] {dag.py:4180} INFO - Setting next_dagrun for example_branch_operator to 2025-01-27 00:00:00+00:00, run_after=2025-01-28 00:00:00+00:00
[2025-01-28T10:39:44.965+0000] {processor.py:208} INFO - Processing /mnt/c/Users/Admin/Desktop/ud_data/Dataslush_umang/airflow/airflow_venv/lib/python3.12/site-packages/airflow/example_dags/example_branch_operator.py took 0.892 seconds
[2025-01-28T10:41:30.152+0000] {processor.py:186} INFO - Started process (PID=17439) to work on /mnt/c/Users/Admin/Desktop/ud_data/Dataslush_umang/airflow/airflow_venv/lib/python3.12/site-packages/airflow/example_dags/example_branch_operator.py
[2025-01-28T10:41:30.155+0000] {processor.py:914} INFO - Processing file /mnt/c/Users/Admin/Desktop/ud_data/Dataslush_umang/airflow/airflow_venv/lib/python3.12/site-packages/airflow/example_dags/example_branch_operator.py for tasks to queue
[2025-01-28T10:41:30.161+0000] {logging_mixin.py:190} INFO - [2025-01-28T10:41:30.159+0000] {dagbag.py:588} INFO - Filling up the DagBag from /mnt/c/Users/Admin/Desktop/ud_data/Dataslush_umang/airflow/airflow_venv/lib/python3.12/site-packages/airflow/example_dags/example_branch_operator.py
[2025-01-28T10:41:30.273+0000] {processor.py:925} INFO - DAG(s) 'example_branch_operator' retrieved from /mnt/c/Users/Admin/Desktop/ud_data/Dataslush_umang/airflow/airflow_venv/lib/python3.12/site-packages/airflow/example_dags/example_branch_operator.py
[2025-01-28T10:41:30.308+0000] {logging_mixin.py:190} INFO - [2025-01-28T10:41:30.306+0000] {dag.py:3239} INFO - Sync 1 DAGs
[2025-01-28T10:41:30.331+0000] {logging_mixin.py:190} INFO - [2025-01-28T10:41:30.329+0000] {dag.py:4180} INFO - Setting next_dagrun for example_branch_operator to 2025-01-27 00:00:00+00:00, run_after=2025-01-28 00:00:00+00:00
[2025-01-28T10:41:30.369+0000] {processor.py:208} INFO - Processing /mnt/c/Users/Admin/Desktop/ud_data/Dataslush_umang/airflow/airflow_venv/lib/python3.12/site-packages/airflow/example_dags/example_branch_operator.py took 0.254 seconds
[2025-01-28T10:43:38.499+0000] {processor.py:186} INFO - Started process (PID=17781) to work on /mnt/c/Users/Admin/Desktop/ud_data/Dataslush_umang/airflow/airflow_venv/lib/python3.12/site-packages/airflow/example_dags/example_branch_operator.py
[2025-01-28T10:43:38.503+0000] {processor.py:914} INFO - Processing file /mnt/c/Users/Admin/Desktop/ud_data/Dataslush_umang/airflow/airflow_venv/lib/python3.12/site-packages/airflow/example_dags/example_branch_operator.py for tasks to queue
[2025-01-28T10:43:38.509+0000] {logging_mixin.py:190} INFO - [2025-01-28T10:43:38.507+0000] {dagbag.py:588} INFO - Filling up the DagBag from /mnt/c/Users/Admin/Desktop/ud_data/Dataslush_umang/airflow/airflow_venv/lib/python3.12/site-packages/airflow/example_dags/example_branch_operator.py
[2025-01-28T10:43:38.687+0000] {processor.py:925} INFO - DAG(s) 'example_branch_operator' retrieved from /mnt/c/Users/Admin/Desktop/ud_data/Dataslush_umang/airflow/airflow_venv/lib/python3.12/site-packages/airflow/example_dags/example_branch_operator.py
[2025-01-28T10:43:38.730+0000] {logging_mixin.py:190} INFO - [2025-01-28T10:43:38.729+0000] {dag.py:3239} INFO - Sync 1 DAGs
[2025-01-28T10:43:38.769+0000] {logging_mixin.py:190} INFO - [2025-01-28T10:43:38.768+0000] {dag.py:4180} INFO - Setting next_dagrun for example_branch_operator to 2025-01-27 00:00:00+00:00, run_after=2025-01-28 00:00:00+00:00
[2025-01-28T10:43:38.815+0000] {processor.py:208} INFO - Processing /mnt/c/Users/Admin/Desktop/ud_data/Dataslush_umang/airflow/airflow_venv/lib/python3.12/site-packages/airflow/example_dags/example_branch_operator.py took 0.341 seconds
[2025-01-28T10:47:48.666+0000] {processor.py:186} INFO - Started process (PID=18035) to work on /mnt/c/Users/Admin/Desktop/ud_data/Dataslush_umang/airflow/airflow_venv/lib/python3.12/site-packages/airflow/example_dags/example_branch_operator.py
[2025-01-28T10:47:48.669+0000] {processor.py:914} INFO - Processing file /mnt/c/Users/Admin/Desktop/ud_data/Dataslush_umang/airflow/airflow_venv/lib/python3.12/site-packages/airflow/example_dags/example_branch_operator.py for tasks to queue
[2025-01-28T10:47:48.675+0000] {logging_mixin.py:190} INFO - [2025-01-28T10:47:48.673+0000] {dagbag.py:588} INFO - Filling up the DagBag from /mnt/c/Users/Admin/Desktop/ud_data/Dataslush_umang/airflow/airflow_venv/lib/python3.12/site-packages/airflow/example_dags/example_branch_operator.py
[2025-01-28T10:47:48.845+0000] {processor.py:925} INFO - DAG(s) 'example_branch_operator' retrieved from /mnt/c/Users/Admin/Desktop/ud_data/Dataslush_umang/airflow/airflow_venv/lib/python3.12/site-packages/airflow/example_dags/example_branch_operator.py
[2025-01-28T10:47:48.890+0000] {logging_mixin.py:190} INFO - [2025-01-28T10:47:48.888+0000] {dag.py:3239} INFO - Sync 1 DAGs
[2025-01-28T10:47:48.919+0000] {logging_mixin.py:190} INFO - [2025-01-28T10:47:48.917+0000] {dag.py:4180} INFO - Setting next_dagrun for example_branch_operator to 2025-01-27 00:00:00+00:00, run_after=2025-01-28 00:00:00+00:00
[2025-01-28T10:47:48.959+0000] {processor.py:208} INFO - Processing /mnt/c/Users/Admin/Desktop/ud_data/Dataslush_umang/airflow/airflow_venv/lib/python3.12/site-packages/airflow/example_dags/example_branch_operator.py took 0.320 seconds
[2025-01-28T10:49:12.996+0000] {processor.py:186} INFO - Started process (PID=18223) to work on /mnt/c/Users/Admin/Desktop/ud_data/Dataslush_umang/airflow/airflow_venv/lib/python3.12/site-packages/airflow/example_dags/example_branch_operator.py
[2025-01-28T10:49:12.999+0000] {processor.py:914} INFO - Processing file /mnt/c/Users/Admin/Desktop/ud_data/Dataslush_umang/airflow/airflow_venv/lib/python3.12/site-packages/airflow/example_dags/example_branch_operator.py for tasks to queue
[2025-01-28T10:49:13.005+0000] {logging_mixin.py:190} INFO - [2025-01-28T10:49:13.003+0000] {dagbag.py:588} INFO - Filling up the DagBag from /mnt/c/Users/Admin/Desktop/ud_data/Dataslush_umang/airflow/airflow_venv/lib/python3.12/site-packages/airflow/example_dags/example_branch_operator.py
[2025-01-28T10:49:13.185+0000] {processor.py:925} INFO - DAG(s) 'example_branch_operator' retrieved from /mnt/c/Users/Admin/Desktop/ud_data/Dataslush_umang/airflow/airflow_venv/lib/python3.12/site-packages/airflow/example_dags/example_branch_operator.py
[2025-01-28T10:49:13.236+0000] {logging_mixin.py:190} INFO - [2025-01-28T10:49:13.234+0000] {dag.py:3239} INFO - Sync 1 DAGs
[2025-01-28T10:49:13.274+0000] {logging_mixin.py:190} INFO - [2025-01-28T10:49:13.272+0000] {dag.py:4180} INFO - Setting next_dagrun for example_branch_operator to 2025-01-27 00:00:00+00:00, run_after=2025-01-28 00:00:00+00:00
[2025-01-28T10:49:13.318+0000] {processor.py:208} INFO - Processing /mnt/c/Users/Admin/Desktop/ud_data/Dataslush_umang/airflow/airflow_venv/lib/python3.12/site-packages/airflow/example_dags/example_branch_operator.py took 0.348 seconds
[2025-01-28T10:50:38.898+0000] {processor.py:186} INFO - Started process (PID=18363) to work on /mnt/c/Users/Admin/Desktop/ud_data/Dataslush_umang/airflow/airflow_venv/lib/python3.12/site-packages/airflow/example_dags/example_branch_operator.py
[2025-01-28T10:50:38.900+0000] {processor.py:914} INFO - Processing file /mnt/c/Users/Admin/Desktop/ud_data/Dataslush_umang/airflow/airflow_venv/lib/python3.12/site-packages/airflow/example_dags/example_branch_operator.py for tasks to queue
[2025-01-28T10:50:38.908+0000] {logging_mixin.py:190} INFO - [2025-01-28T10:50:38.905+0000] {dagbag.py:588} INFO - Filling up the DagBag from /mnt/c/Users/Admin/Desktop/ud_data/Dataslush_umang/airflow/airflow_venv/lib/python3.12/site-packages/airflow/example_dags/example_branch_operator.py
[2025-01-28T10:50:39.084+0000] {processor.py:925} INFO - DAG(s) 'example_branch_operator' retrieved from /mnt/c/Users/Admin/Desktop/ud_data/Dataslush_umang/airflow/airflow_venv/lib/python3.12/site-packages/airflow/example_dags/example_branch_operator.py
[2025-01-28T10:50:39.120+0000] {logging_mixin.py:190} INFO - [2025-01-28T10:50:39.118+0000] {dag.py:3239} INFO - Sync 1 DAGs
[2025-01-28T10:50:39.151+0000] {logging_mixin.py:190} INFO - [2025-01-28T10:50:39.149+0000] {dag.py:4180} INFO - Setting next_dagrun for example_branch_operator to 2025-01-27 00:00:00+00:00, run_after=2025-01-28 00:00:00+00:00
[2025-01-28T10:50:39.192+0000] {processor.py:208} INFO - Processing /mnt/c/Users/Admin/Desktop/ud_data/Dataslush_umang/airflow/airflow_venv/lib/python3.12/site-packages/airflow/example_dags/example_branch_operator.py took 0.322 seconds
[2025-01-28T10:52:18.027+0000] {processor.py:186} INFO - Started process (PID=18592) to work on /mnt/c/Users/Admin/Desktop/ud_data/Dataslush_umang/airflow/airflow_venv/lib/python3.12/site-packages/airflow/example_dags/example_branch_operator.py
[2025-01-28T10:52:18.312+0000] {processor.py:914} INFO - Processing file /mnt/c/Users/Admin/Desktop/ud_data/Dataslush_umang/airflow/airflow_venv/lib/python3.12/site-packages/airflow/example_dags/example_branch_operator.py for tasks to queue
[2025-01-28T10:52:18.319+0000] {logging_mixin.py:190} INFO - [2025-01-28T10:52:18.317+0000] {dagbag.py:588} INFO - Filling up the DagBag from /mnt/c/Users/Admin/Desktop/ud_data/Dataslush_umang/airflow/airflow_venv/lib/python3.12/site-packages/airflow/example_dags/example_branch_operator.py
[2025-01-28T10:52:18.477+0000] {processor.py:925} INFO - DAG(s) 'example_branch_operator' retrieved from /mnt/c/Users/Admin/Desktop/ud_data/Dataslush_umang/airflow/airflow_venv/lib/python3.12/site-packages/airflow/example_dags/example_branch_operator.py
[2025-01-28T10:52:18.525+0000] {logging_mixin.py:190} INFO - [2025-01-28T10:52:18.524+0000] {dag.py:3239} INFO - Sync 1 DAGs
[2025-01-28T10:52:18.560+0000] {logging_mixin.py:190} INFO - [2025-01-28T10:52:18.559+0000] {dag.py:4180} INFO - Setting next_dagrun for example_branch_operator to 2025-01-27 00:00:00+00:00, run_after=2025-01-28 00:00:00+00:00
[2025-01-28T10:52:18.736+0000] {processor.py:208} INFO - Processing /mnt/c/Users/Admin/Desktop/ud_data/Dataslush_umang/airflow/airflow_venv/lib/python3.12/site-packages/airflow/example_dags/example_branch_operator.py took 0.737 seconds
[2025-01-28T10:54:03.827+0000] {processor.py:186} INFO - Started process (PID=18755) to work on /mnt/c/Users/Admin/Desktop/ud_data/Dataslush_umang/airflow/airflow_venv/lib/python3.12/site-packages/airflow/example_dags/example_branch_operator.py
[2025-01-28T10:54:03.861+0000] {processor.py:914} INFO - Processing file /mnt/c/Users/Admin/Desktop/ud_data/Dataslush_umang/airflow/airflow_venv/lib/python3.12/site-packages/airflow/example_dags/example_branch_operator.py for tasks to queue
[2025-01-28T10:54:03.868+0000] {logging_mixin.py:190} INFO - [2025-01-28T10:54:03.866+0000] {dagbag.py:588} INFO - Filling up the DagBag from /mnt/c/Users/Admin/Desktop/ud_data/Dataslush_umang/airflow/airflow_venv/lib/python3.12/site-packages/airflow/example_dags/example_branch_operator.py
[2025-01-28T10:54:04.017+0000] {processor.py:925} INFO - DAG(s) 'example_branch_operator' retrieved from /mnt/c/Users/Admin/Desktop/ud_data/Dataslush_umang/airflow/airflow_venv/lib/python3.12/site-packages/airflow/example_dags/example_branch_operator.py
[2025-01-28T10:54:04.061+0000] {logging_mixin.py:190} INFO - [2025-01-28T10:54:04.058+0000] {dag.py:3239} INFO - Sync 1 DAGs
[2025-01-28T10:54:04.094+0000] {logging_mixin.py:190} INFO - [2025-01-28T10:54:04.092+0000] {dag.py:4180} INFO - Setting next_dagrun for example_branch_operator to 2025-01-27 00:00:00+00:00, run_after=2025-01-28 00:00:00+00:00
[2025-01-28T10:54:08.376+0000] {processor.py:208} INFO - Processing /mnt/c/Users/Admin/Desktop/ud_data/Dataslush_umang/airflow/airflow_venv/lib/python3.12/site-packages/airflow/example_dags/example_branch_operator.py took 4.567 seconds
[2025-01-28T10:56:17.867+0000] {processor.py:186} INFO - Started process (PID=18945) to work on /mnt/c/Users/Admin/Desktop/ud_data/Dataslush_umang/airflow/airflow_venv/lib/python3.12/site-packages/airflow/example_dags/example_branch_operator.py
[2025-01-28T10:56:17.871+0000] {processor.py:914} INFO - Processing file /mnt/c/Users/Admin/Desktop/ud_data/Dataslush_umang/airflow/airflow_venv/lib/python3.12/site-packages/airflow/example_dags/example_branch_operator.py for tasks to queue
[2025-01-28T10:55:47.793+0000] {logging_mixin.py:190} INFO - [2025-01-28T10:55:47.790+0000] {dagbag.py:588} INFO - Filling up the DagBag from /mnt/c/Users/Admin/Desktop/ud_data/Dataslush_umang/airflow/airflow_venv/lib/python3.12/site-packages/airflow/example_dags/example_branch_operator.py
[2025-01-28T10:55:47.997+0000] {processor.py:925} INFO - DAG(s) 'example_branch_operator' retrieved from /mnt/c/Users/Admin/Desktop/ud_data/Dataslush_umang/airflow/airflow_venv/lib/python3.12/site-packages/airflow/example_dags/example_branch_operator.py
[2025-01-28T10:55:48.101+0000] {logging_mixin.py:190} INFO - [2025-01-28T10:55:48.098+0000] {dag.py:3239} INFO - Sync 1 DAGs
[2025-01-28T10:55:48.165+0000] {logging_mixin.py:190} INFO - [2025-01-28T10:55:48.164+0000] {dag.py:4180} INFO - Setting next_dagrun for example_branch_operator to 2025-01-27 00:00:00+00:00, run_after=2025-01-28 00:00:00+00:00
[2025-01-28T10:55:48.710+0000] {processor.py:208} INFO - Processing /mnt/c/Users/Admin/Desktop/ud_data/Dataslush_umang/airflow/airflow_venv/lib/python3.12/site-packages/airflow/example_dags/example_branch_operator.py took 0.979 seconds
[2025-01-28T10:57:25.221+0000] {processor.py:186} INFO - Started process (PID=19150) to work on /mnt/c/Users/Admin/Desktop/ud_data/Dataslush_umang/airflow/airflow_venv/lib/python3.12/site-packages/airflow/example_dags/example_branch_operator.py
[2025-01-28T10:57:25.224+0000] {processor.py:914} INFO - Processing file /mnt/c/Users/Admin/Desktop/ud_data/Dataslush_umang/airflow/airflow_venv/lib/python3.12/site-packages/airflow/example_dags/example_branch_operator.py for tasks to queue
[2025-01-28T10:57:25.230+0000] {logging_mixin.py:190} INFO - [2025-01-28T10:57:25.228+0000] {dagbag.py:588} INFO - Filling up the DagBag from /mnt/c/Users/Admin/Desktop/ud_data/Dataslush_umang/airflow/airflow_venv/lib/python3.12/site-packages/airflow/example_dags/example_branch_operator.py
[2025-01-28T10:57:25.387+0000] {processor.py:925} INFO - DAG(s) 'example_branch_operator' retrieved from /mnt/c/Users/Admin/Desktop/ud_data/Dataslush_umang/airflow/airflow_venv/lib/python3.12/site-packages/airflow/example_dags/example_branch_operator.py
[2025-01-28T10:57:25.435+0000] {logging_mixin.py:190} INFO - [2025-01-28T10:57:25.434+0000] {dag.py:3239} INFO - Sync 1 DAGs
[2025-01-28T10:57:25.465+0000] {logging_mixin.py:190} INFO - [2025-01-28T10:57:25.464+0000] {dag.py:4180} INFO - Setting next_dagrun for example_branch_operator to 2025-01-27 00:00:00+00:00, run_after=2025-01-28 00:00:00+00:00
[2025-01-28T10:57:25.505+0000] {processor.py:208} INFO - Processing /mnt/c/Users/Admin/Desktop/ud_data/Dataslush_umang/airflow/airflow_venv/lib/python3.12/site-packages/airflow/example_dags/example_branch_operator.py took 0.306 seconds
[2025-01-28T10:58:49.559+0000] {processor.py:186} INFO - Started process (PID=19338) to work on /mnt/c/Users/Admin/Desktop/ud_data/Dataslush_umang/airflow/airflow_venv/lib/python3.12/site-packages/airflow/example_dags/example_branch_operator.py
[2025-01-28T10:58:49.563+0000] {processor.py:914} INFO - Processing file /mnt/c/Users/Admin/Desktop/ud_data/Dataslush_umang/airflow/airflow_venv/lib/python3.12/site-packages/airflow/example_dags/example_branch_operator.py for tasks to queue
[2025-01-28T10:58:49.569+0000] {logging_mixin.py:190} INFO - [2025-01-28T10:58:49.567+0000] {dagbag.py:588} INFO - Filling up the DagBag from /mnt/c/Users/Admin/Desktop/ud_data/Dataslush_umang/airflow/airflow_venv/lib/python3.12/site-packages/airflow/example_dags/example_branch_operator.py
[2025-01-28T10:58:49.725+0000] {processor.py:925} INFO - DAG(s) 'example_branch_operator' retrieved from /mnt/c/Users/Admin/Desktop/ud_data/Dataslush_umang/airflow/airflow_venv/lib/python3.12/site-packages/airflow/example_dags/example_branch_operator.py
[2025-01-28T10:58:49.772+0000] {logging_mixin.py:190} INFO - [2025-01-28T10:58:49.771+0000] {dag.py:3239} INFO - Sync 1 DAGs
[2025-01-28T10:58:49.803+0000] {logging_mixin.py:190} INFO - [2025-01-28T10:58:49.801+0000] {dag.py:4180} INFO - Setting next_dagrun for example_branch_operator to 2025-01-27 00:00:00+00:00, run_after=2025-01-28 00:00:00+00:00
[2025-01-28T10:58:49.974+0000] {processor.py:208} INFO - Processing /mnt/c/Users/Admin/Desktop/ud_data/Dataslush_umang/airflow/airflow_venv/lib/python3.12/site-packages/airflow/example_dags/example_branch_operator.py took 0.442 seconds
[2025-01-28T11:00:25.113+0000] {processor.py:186} INFO - Started process (PID=19510) to work on /mnt/c/Users/Admin/Desktop/ud_data/Dataslush_umang/airflow/airflow_venv/lib/python3.12/site-packages/airflow/example_dags/example_branch_operator.py
[2025-01-28T11:00:25.129+0000] {processor.py:914} INFO - Processing file /mnt/c/Users/Admin/Desktop/ud_data/Dataslush_umang/airflow/airflow_venv/lib/python3.12/site-packages/airflow/example_dags/example_branch_operator.py for tasks to queue
[2025-01-28T11:00:25.137+0000] {logging_mixin.py:190} INFO - [2025-01-28T11:00:25.134+0000] {dagbag.py:588} INFO - Filling up the DagBag from /mnt/c/Users/Admin/Desktop/ud_data/Dataslush_umang/airflow/airflow_venv/lib/python3.12/site-packages/airflow/example_dags/example_branch_operator.py
[2025-01-28T11:00:25.306+0000] {processor.py:925} INFO - DAG(s) 'example_branch_operator' retrieved from /mnt/c/Users/Admin/Desktop/ud_data/Dataslush_umang/airflow/airflow_venv/lib/python3.12/site-packages/airflow/example_dags/example_branch_operator.py
[2025-01-28T11:00:25.358+0000] {logging_mixin.py:190} INFO - [2025-01-28T11:00:25.357+0000] {dag.py:3239} INFO - Sync 1 DAGs
[2025-01-28T11:00:25.386+0000] {logging_mixin.py:190} INFO - [2025-01-28T11:00:25.384+0000] {dag.py:4180} INFO - Setting next_dagrun for example_branch_operator to 2025-01-27 00:00:00+00:00, run_after=2025-01-28 00:00:00+00:00
[2025-01-28T11:00:31.729+0000] {processor.py:208} INFO - Processing /mnt/c/Users/Admin/Desktop/ud_data/Dataslush_umang/airflow/airflow_venv/lib/python3.12/site-packages/airflow/example_dags/example_branch_operator.py took 6.661 seconds
[2025-01-28T11:03:08.121+0000] {processor.py:186} INFO - Started process (PID=19693) to work on /mnt/c/Users/Admin/Desktop/ud_data/Dataslush_umang/airflow/airflow_venv/lib/python3.12/site-packages/airflow/example_dags/example_branch_operator.py
[2025-01-28T11:03:08.124+0000] {processor.py:914} INFO - Processing file /mnt/c/Users/Admin/Desktop/ud_data/Dataslush_umang/airflow/airflow_venv/lib/python3.12/site-packages/airflow/example_dags/example_branch_operator.py for tasks to queue
[2025-01-28T11:03:08.129+0000] {logging_mixin.py:190} INFO - [2025-01-28T11:03:08.128+0000] {dagbag.py:588} INFO - Filling up the DagBag from /mnt/c/Users/Admin/Desktop/ud_data/Dataslush_umang/airflow/airflow_venv/lib/python3.12/site-packages/airflow/example_dags/example_branch_operator.py
[2025-01-28T11:03:08.267+0000] {processor.py:925} INFO - DAG(s) 'example_branch_operator' retrieved from /mnt/c/Users/Admin/Desktop/ud_data/Dataslush_umang/airflow/airflow_venv/lib/python3.12/site-packages/airflow/example_dags/example_branch_operator.py
[2025-01-28T11:03:38.397+0000] {logging_mixin.py:190} INFO - [2025-01-28T11:03:38.396+0000] {dag.py:3239} INFO - Sync 1 DAGs
[2025-01-28T11:03:38.430+0000] {logging_mixin.py:190} INFO - [2025-01-28T11:03:38.428+0000] {dag.py:4180} INFO - Setting next_dagrun for example_branch_operator to 2025-01-27 00:00:00+00:00, run_after=2025-01-28 00:00:00+00:00
[2025-01-28T11:03:38.484+0000] {processor.py:208} INFO - Processing /mnt/c/Users/Admin/Desktop/ud_data/Dataslush_umang/airflow/airflow_venv/lib/python3.12/site-packages/airflow/example_dags/example_branch_operator.py took 0.304 seconds
[2025-01-28T11:05:00.502+0000] {processor.py:186} INFO - Started process (PID=19945) to work on /mnt/c/Users/Admin/Desktop/ud_data/Dataslush_umang/airflow/airflow_venv/lib/python3.12/site-packages/airflow/example_dags/example_branch_operator.py
[2025-01-28T11:05:00.504+0000] {processor.py:914} INFO - Processing file /mnt/c/Users/Admin/Desktop/ud_data/Dataslush_umang/airflow/airflow_venv/lib/python3.12/site-packages/airflow/example_dags/example_branch_operator.py for tasks to queue
[2025-01-28T11:05:00.517+0000] {logging_mixin.py:190} INFO - [2025-01-28T11:05:00.511+0000] {dagbag.py:588} INFO - Filling up the DagBag from /mnt/c/Users/Admin/Desktop/ud_data/Dataslush_umang/airflow/airflow_venv/lib/python3.12/site-packages/airflow/example_dags/example_branch_operator.py
[2025-01-28T11:05:00.724+0000] {processor.py:925} INFO - DAG(s) 'example_branch_operator' retrieved from /mnt/c/Users/Admin/Desktop/ud_data/Dataslush_umang/airflow/airflow_venv/lib/python3.12/site-packages/airflow/example_dags/example_branch_operator.py
[2025-01-28T11:05:00.764+0000] {logging_mixin.py:190} INFO - [2025-01-28T11:05:00.763+0000] {dag.py:3239} INFO - Sync 1 DAGs
[2025-01-28T11:05:00.793+0000] {logging_mixin.py:190} INFO - [2025-01-28T11:05:00.792+0000] {dag.py:4180} INFO - Setting next_dagrun for example_branch_operator to 2025-01-27 00:00:00+00:00, run_after=2025-01-28 00:00:00+00:00
[2025-01-28T11:05:00.915+0000] {processor.py:208} INFO - Processing /mnt/c/Users/Admin/Desktop/ud_data/Dataslush_umang/airflow/airflow_venv/lib/python3.12/site-packages/airflow/example_dags/example_branch_operator.py took 0.444 seconds
[2025-01-28T11:07:07.039+0000] {processor.py:186} INFO - Started process (PID=20070) to work on /mnt/c/Users/Admin/Desktop/ud_data/Dataslush_umang/airflow/airflow_venv/lib/python3.12/site-packages/airflow/example_dags/example_branch_operator.py
[2025-01-28T11:07:07.043+0000] {processor.py:914} INFO - Processing file /mnt/c/Users/Admin/Desktop/ud_data/Dataslush_umang/airflow/airflow_venv/lib/python3.12/site-packages/airflow/example_dags/example_branch_operator.py for tasks to queue
[2025-01-28T11:07:07.051+0000] {logging_mixin.py:190} INFO - [2025-01-28T11:07:07.049+0000] {dagbag.py:588} INFO - Filling up the DagBag from /mnt/c/Users/Admin/Desktop/ud_data/Dataslush_umang/airflow/airflow_venv/lib/python3.12/site-packages/airflow/example_dags/example_branch_operator.py
[2025-01-28T11:07:07.242+0000] {processor.py:925} INFO - DAG(s) 'example_branch_operator' retrieved from /mnt/c/Users/Admin/Desktop/ud_data/Dataslush_umang/airflow/airflow_venv/lib/python3.12/site-packages/airflow/example_dags/example_branch_operator.py
[2025-01-28T11:07:07.298+0000] {logging_mixin.py:190} INFO - [2025-01-28T11:07:07.296+0000] {dag.py:3239} INFO - Sync 1 DAGs
[2025-01-28T11:07:07.331+0000] {logging_mixin.py:190} INFO - [2025-01-28T11:07:07.330+0000] {dag.py:4180} INFO - Setting next_dagrun for example_branch_operator to 2025-01-27 00:00:00+00:00, run_after=2025-01-28 00:00:00+00:00
[2025-01-28T11:07:07.375+0000] {processor.py:208} INFO - Processing /mnt/c/Users/Admin/Desktop/ud_data/Dataslush_umang/airflow/airflow_venv/lib/python3.12/site-packages/airflow/example_dags/example_branch_operator.py took 0.363 seconds
[2025-01-28T11:09:09.090+0000] {processor.py:186} INFO - Started process (PID=20235) to work on /mnt/c/Users/Admin/Desktop/ud_data/Dataslush_umang/airflow/airflow_venv/lib/python3.12/site-packages/airflow/example_dags/example_branch_operator.py
[2025-01-28T11:09:09.093+0000] {processor.py:914} INFO - Processing file /mnt/c/Users/Admin/Desktop/ud_data/Dataslush_umang/airflow/airflow_venv/lib/python3.12/site-packages/airflow/example_dags/example_branch_operator.py for tasks to queue
[2025-01-28T11:09:09.099+0000] {logging_mixin.py:190} INFO - [2025-01-28T11:09:09.098+0000] {dagbag.py:588} INFO - Filling up the DagBag from /mnt/c/Users/Admin/Desktop/ud_data/Dataslush_umang/airflow/airflow_venv/lib/python3.12/site-packages/airflow/example_dags/example_branch_operator.py
[2025-01-28T11:08:39.175+0000] {processor.py:925} INFO - DAG(s) 'example_branch_operator' retrieved from /mnt/c/Users/Admin/Desktop/ud_data/Dataslush_umang/airflow/airflow_venv/lib/python3.12/site-packages/airflow/example_dags/example_branch_operator.py
[2025-01-28T11:08:39.216+0000] {logging_mixin.py:190} INFO - [2025-01-28T11:08:39.213+0000] {dag.py:3239} INFO - Sync 1 DAGs
[2025-01-28T11:08:39.253+0000] {logging_mixin.py:190} INFO - [2025-01-28T11:08:39.252+0000] {dag.py:4180} INFO - Setting next_dagrun for example_branch_operator to 2025-01-27 00:00:00+00:00, run_after=2025-01-28 00:00:00+00:00
[2025-01-28T11:08:40.297+0000] {processor.py:208} INFO - Processing /mnt/c/Users/Admin/Desktop/ud_data/Dataslush_umang/airflow/airflow_venv/lib/python3.12/site-packages/airflow/example_dags/example_branch_operator.py took 1.307 seconds
[2025-01-28T11:11:06.154+0000] {processor.py:186} INFO - Started process (PID=20502) to work on /mnt/c/Users/Admin/Desktop/ud_data/Dataslush_umang/airflow/airflow_venv/lib/python3.12/site-packages/airflow/example_dags/example_branch_operator.py
[2025-01-28T11:11:06.157+0000] {processor.py:914} INFO - Processing file /mnt/c/Users/Admin/Desktop/ud_data/Dataslush_umang/airflow/airflow_venv/lib/python3.12/site-packages/airflow/example_dags/example_branch_operator.py for tasks to queue
[2025-01-28T11:11:06.164+0000] {logging_mixin.py:190} INFO - [2025-01-28T11:11:06.162+0000] {dagbag.py:588} INFO - Filling up the DagBag from /mnt/c/Users/Admin/Desktop/ud_data/Dataslush_umang/airflow/airflow_venv/lib/python3.12/site-packages/airflow/example_dags/example_branch_operator.py
[2025-01-28T11:11:06.341+0000] {processor.py:925} INFO - DAG(s) 'example_branch_operator' retrieved from /mnt/c/Users/Admin/Desktop/ud_data/Dataslush_umang/airflow/airflow_venv/lib/python3.12/site-packages/airflow/example_dags/example_branch_operator.py
[2025-01-28T11:11:06.381+0000] {logging_mixin.py:190} INFO - [2025-01-28T11:11:06.380+0000] {dag.py:3239} INFO - Sync 1 DAGs
[2025-01-28T11:11:06.417+0000] {logging_mixin.py:190} INFO - [2025-01-28T11:11:06.416+0000] {dag.py:4180} INFO - Setting next_dagrun for example_branch_operator to 2025-01-27 00:00:00+00:00, run_after=2025-01-28 00:00:00+00:00
[2025-01-28T11:11:06.457+0000] {processor.py:208} INFO - Processing /mnt/c/Users/Admin/Desktop/ud_data/Dataslush_umang/airflow/airflow_venv/lib/python3.12/site-packages/airflow/example_dags/example_branch_operator.py took 0.334 seconds
[2025-01-28T11:12:40.304+0000] {processor.py:186} INFO - Started process (PID=20612) to work on /mnt/c/Users/Admin/Desktop/ud_data/Dataslush_umang/airflow/airflow_venv/lib/python3.12/site-packages/airflow/example_dags/example_branch_operator.py
[2025-01-28T11:12:40.408+0000] {processor.py:914} INFO - Processing file /mnt/c/Users/Admin/Desktop/ud_data/Dataslush_umang/airflow/airflow_venv/lib/python3.12/site-packages/airflow/example_dags/example_branch_operator.py for tasks to queue
[2025-01-28T11:12:40.415+0000] {logging_mixin.py:190} INFO - [2025-01-28T11:12:40.413+0000] {dagbag.py:588} INFO - Filling up the DagBag from /mnt/c/Users/Admin/Desktop/ud_data/Dataslush_umang/airflow/airflow_venv/lib/python3.12/site-packages/airflow/example_dags/example_branch_operator.py
[2025-01-28T11:12:40.584+0000] {processor.py:925} INFO - DAG(s) 'example_branch_operator' retrieved from /mnt/c/Users/Admin/Desktop/ud_data/Dataslush_umang/airflow/airflow_venv/lib/python3.12/site-packages/airflow/example_dags/example_branch_operator.py
[2025-01-28T11:12:40.637+0000] {logging_mixin.py:190} INFO - [2025-01-28T11:12:40.635+0000] {dag.py:3239} INFO - Sync 1 DAGs
[2025-01-28T11:12:40.671+0000] {logging_mixin.py:190} INFO - [2025-01-28T11:12:40.669+0000] {dag.py:4180} INFO - Setting next_dagrun for example_branch_operator to 2025-01-27 00:00:00+00:00, run_after=2025-01-28 00:00:00+00:00
[2025-01-28T11:12:41.028+0000] {processor.py:208} INFO - Processing /mnt/c/Users/Admin/Desktop/ud_data/Dataslush_umang/airflow/airflow_venv/lib/python3.12/site-packages/airflow/example_dags/example_branch_operator.py took 0.753 seconds
[2025-01-28T11:14:16.166+0000] {processor.py:186} INFO - Started process (PID=20724) to work on /mnt/c/Users/Admin/Desktop/ud_data/Dataslush_umang/airflow/airflow_venv/lib/python3.12/site-packages/airflow/example_dags/example_branch_operator.py
[2025-01-28T11:14:16.169+0000] {processor.py:914} INFO - Processing file /mnt/c/Users/Admin/Desktop/ud_data/Dataslush_umang/airflow/airflow_venv/lib/python3.12/site-packages/airflow/example_dags/example_branch_operator.py for tasks to queue
[2025-01-28T11:14:16.176+0000] {logging_mixin.py:190} INFO - [2025-01-28T11:14:16.174+0000] {dagbag.py:588} INFO - Filling up the DagBag from /mnt/c/Users/Admin/Desktop/ud_data/Dataslush_umang/airflow/airflow_venv/lib/python3.12/site-packages/airflow/example_dags/example_branch_operator.py
[2025-01-28T11:14:16.335+0000] {processor.py:925} INFO - DAG(s) 'example_branch_operator' retrieved from /mnt/c/Users/Admin/Desktop/ud_data/Dataslush_umang/airflow/airflow_venv/lib/python3.12/site-packages/airflow/example_dags/example_branch_operator.py
[2025-01-28T11:14:16.371+0000] {logging_mixin.py:190} INFO - [2025-01-28T11:14:16.370+0000] {dag.py:3239} INFO - Sync 1 DAGs
[2025-01-28T11:14:16.400+0000] {logging_mixin.py:190} INFO - [2025-01-28T11:14:16.398+0000] {dag.py:4180} INFO - Setting next_dagrun for example_branch_operator to 2025-01-27 00:00:00+00:00, run_after=2025-01-28 00:00:00+00:00
[2025-01-28T11:14:16.442+0000] {processor.py:208} INFO - Processing /mnt/c/Users/Admin/Desktop/ud_data/Dataslush_umang/airflow/airflow_venv/lib/python3.12/site-packages/airflow/example_dags/example_branch_operator.py took 0.306 seconds
