[2025-01-28T10:11:19.239+0000] {processor.py:186} INFO - Started process (PID=14667) to work on /mnt/c/Users/Admin/Desktop/ud_data/Dataslush_umang/airflow/airflow_venv/lib/python3.12/site-packages/airflow/example_dags/tutorial_taskflow_api.py
[2025-01-28T10:11:19.240+0000] {processor.py:914} INFO - Processing file /mnt/c/Users/Admin/Desktop/ud_data/Dataslush_umang/airflow/airflow_venv/lib/python3.12/site-packages/airflow/example_dags/tutorial_taskflow_api.py for tasks to queue
[2025-01-28T10:11:19.247+0000] {logging_mixin.py:190} INFO - [2025-01-28T10:11:19.245+0000] {dagbag.py:588} INFO - Filling up the DagBag from /mnt/c/Users/Admin/Desktop/ud_data/Dataslush_umang/airflow/airflow_venv/lib/python3.12/site-packages/airflow/example_dags/tutorial_taskflow_api.py
[2025-01-28T10:11:19.344+0000] {processor.py:925} INFO - DAG(s) 'tutorial_taskflow_api' retrieved from /mnt/c/Users/Admin/Desktop/ud_data/Dataslush_umang/airflow/airflow_venv/lib/python3.12/site-packages/airflow/example_dags/tutorial_taskflow_api.py
[2025-01-28T10:11:21.165+0000] {logging_mixin.py:190} INFO - [2025-01-28T10:11:21.163+0000] {override.py:1912} INFO - Created Permission View: can edit on DAG:tutorial_taskflow_api
[2025-01-28T10:11:21.198+0000] {logging_mixin.py:190} INFO - [2025-01-28T10:11:21.196+0000] {override.py:1912} INFO - Created Permission View: can read on DAG:tutorial_taskflow_api
[2025-01-28T10:11:21.224+0000] {logging_mixin.py:190} INFO - [2025-01-28T10:11:21.223+0000] {override.py:1912} INFO - Created Permission View: can delete on DAG:tutorial_taskflow_api
[2025-01-28T10:11:21.269+0000] {logging_mixin.py:190} INFO - [2025-01-28T10:11:21.267+0000] {override.py:1912} INFO - Created Permission View: can create on DAG Run:tutorial_taskflow_api
[2025-01-28T10:11:21.298+0000] {logging_mixin.py:190} INFO - [2025-01-28T10:11:21.296+0000] {override.py:1912} INFO - Created Permission View: menu access on DAG Run:tutorial_taskflow_api
[2025-01-28T10:11:21.325+0000] {logging_mixin.py:190} INFO - [2025-01-28T10:11:21.324+0000] {override.py:1912} INFO - Created Permission View: can read on DAG Run:tutorial_taskflow_api
[2025-01-28T10:11:21.408+0000] {logging_mixin.py:190} INFO - [2025-01-28T10:11:21.406+0000] {override.py:1912} INFO - Created Permission View: can delete on DAG Run:tutorial_taskflow_api
[2025-01-28T10:11:21.411+0000] {logging_mixin.py:190} INFO - [2025-01-28T10:11:21.410+0000] {dag.py:3239} INFO - Sync 1 DAGs
[2025-01-28T10:11:21.434+0000] {logging_mixin.py:190} INFO - [2025-01-28T10:11:21.432+0000] {dag.py:3262} INFO - Creating ORM DAG for tutorial_taskflow_api
[2025-01-28T10:11:21.437+0000] {logging_mixin.py:190} INFO - [2025-01-28T10:11:21.436+0000] {dag.py:4180} INFO - Setting next_dagrun for tutorial_taskflow_api to None, run_after=None
[2025-01-28T10:11:21.506+0000] {processor.py:208} INFO - Processing /mnt/c/Users/Admin/Desktop/ud_data/Dataslush_umang/airflow/airflow_venv/lib/python3.12/site-packages/airflow/example_dags/tutorial_taskflow_api.py took 2.285 seconds
[2025-01-28T10:14:47.304+0000] {processor.py:186} INFO - Started process (PID=14946) to work on /mnt/c/Users/Admin/Desktop/ud_data/Dataslush_umang/airflow/airflow_venv/lib/python3.12/site-packages/airflow/example_dags/tutorial_taskflow_api.py
[2025-01-28T10:14:47.308+0000] {processor.py:914} INFO - Processing file /mnt/c/Users/Admin/Desktop/ud_data/Dataslush_umang/airflow/airflow_venv/lib/python3.12/site-packages/airflow/example_dags/tutorial_taskflow_api.py for tasks to queue
[2025-01-28T10:14:47.313+0000] {logging_mixin.py:190} INFO - [2025-01-28T10:14:47.311+0000] {dagbag.py:588} INFO - Filling up the DagBag from /mnt/c/Users/Admin/Desktop/ud_data/Dataslush_umang/airflow/airflow_venv/lib/python3.12/site-packages/airflow/example_dags/tutorial_taskflow_api.py
[2025-01-28T10:14:47.395+0000] {processor.py:925} INFO - DAG(s) 'tutorial_taskflow_api' retrieved from /mnt/c/Users/Admin/Desktop/ud_data/Dataslush_umang/airflow/airflow_venv/lib/python3.12/site-packages/airflow/example_dags/tutorial_taskflow_api.py
[2025-01-28T10:14:47.418+0000] {logging_mixin.py:190} INFO - [2025-01-28T10:14:47.416+0000] {dag.py:3239} INFO - Sync 1 DAGs
[2025-01-28T10:14:47.431+0000] {logging_mixin.py:190} INFO - [2025-01-28T10:14:47.430+0000] {dag.py:4180} INFO - Setting next_dagrun for tutorial_taskflow_api to None, run_after=None
[2025-01-28T10:14:47.616+0000] {processor.py:208} INFO - Processing /mnt/c/Users/Admin/Desktop/ud_data/Dataslush_umang/airflow/airflow_venv/lib/python3.12/site-packages/airflow/example_dags/tutorial_taskflow_api.py took 0.340 seconds
[2025-01-28T10:15:52.048+0000] {processor.py:186} INFO - Started process (PID=15036) to work on /mnt/c/Users/Admin/Desktop/ud_data/Dataslush_umang/airflow/airflow_venv/lib/python3.12/site-packages/airflow/example_dags/tutorial_taskflow_api.py
[2025-01-28T10:15:52.120+0000] {processor.py:914} INFO - Processing file /mnt/c/Users/Admin/Desktop/ud_data/Dataslush_umang/airflow/airflow_venv/lib/python3.12/site-packages/airflow/example_dags/tutorial_taskflow_api.py for tasks to queue
[2025-01-28T10:15:52.130+0000] {logging_mixin.py:190} INFO - [2025-01-28T10:15:52.127+0000] {dagbag.py:588} INFO - Filling up the DagBag from /mnt/c/Users/Admin/Desktop/ud_data/Dataslush_umang/airflow/airflow_venv/lib/python3.12/site-packages/airflow/example_dags/tutorial_taskflow_api.py
[2025-01-28T10:15:52.267+0000] {processor.py:925} INFO - DAG(s) 'tutorial_taskflow_api' retrieved from /mnt/c/Users/Admin/Desktop/ud_data/Dataslush_umang/airflow/airflow_venv/lib/python3.12/site-packages/airflow/example_dags/tutorial_taskflow_api.py
[2025-01-28T10:15:52.303+0000] {logging_mixin.py:190} INFO - [2025-01-28T10:15:52.302+0000] {dag.py:3239} INFO - Sync 1 DAGs
[2025-01-28T10:15:52.329+0000] {logging_mixin.py:190} INFO - [2025-01-28T10:15:52.328+0000] {dag.py:4180} INFO - Setting next_dagrun for tutorial_taskflow_api to None, run_after=None
[2025-01-28T10:15:52.368+0000] {processor.py:208} INFO - Processing /mnt/c/Users/Admin/Desktop/ud_data/Dataslush_umang/airflow/airflow_venv/lib/python3.12/site-packages/airflow/example_dags/tutorial_taskflow_api.py took 0.341 seconds
[2025-01-28T10:17:13.540+0000] {processor.py:186} INFO - Started process (PID=15136) to work on /mnt/c/Users/Admin/Desktop/ud_data/Dataslush_umang/airflow/airflow_venv/lib/python3.12/site-packages/airflow/example_dags/tutorial_taskflow_api.py
[2025-01-28T10:17:13.544+0000] {processor.py:914} INFO - Processing file /mnt/c/Users/Admin/Desktop/ud_data/Dataslush_umang/airflow/airflow_venv/lib/python3.12/site-packages/airflow/example_dags/tutorial_taskflow_api.py for tasks to queue
[2025-01-28T10:17:13.555+0000] {logging_mixin.py:190} INFO - [2025-01-28T10:17:13.551+0000] {dagbag.py:588} INFO - Filling up the DagBag from /mnt/c/Users/Admin/Desktop/ud_data/Dataslush_umang/airflow/airflow_venv/lib/python3.12/site-packages/airflow/example_dags/tutorial_taskflow_api.py
[2025-01-28T10:17:13.646+0000] {processor.py:925} INFO - DAG(s) 'tutorial_taskflow_api' retrieved from /mnt/c/Users/Admin/Desktop/ud_data/Dataslush_umang/airflow/airflow_venv/lib/python3.12/site-packages/airflow/example_dags/tutorial_taskflow_api.py
[2025-01-28T10:17:13.673+0000] {logging_mixin.py:190} INFO - [2025-01-28T10:17:13.670+0000] {dag.py:3239} INFO - Sync 1 DAGs
[2025-01-28T10:17:13.689+0000] {logging_mixin.py:190} INFO - [2025-01-28T10:17:13.687+0000] {dag.py:4180} INFO - Setting next_dagrun for tutorial_taskflow_api to None, run_after=None
[2025-01-28T10:16:43.717+0000] {processor.py:208} INFO - Processing /mnt/c/Users/Admin/Desktop/ud_data/Dataslush_umang/airflow/airflow_venv/lib/python3.12/site-packages/airflow/example_dags/tutorial_taskflow_api.py took 0.282 seconds
[2025-01-28T10:17:41.551+0000] {processor.py:186} INFO - Started process (PID=15230) to work on /mnt/c/Users/Admin/Desktop/ud_data/Dataslush_umang/airflow/airflow_venv/lib/python3.12/site-packages/airflow/example_dags/tutorial_taskflow_api.py
[2025-01-28T10:17:41.559+0000] {processor.py:914} INFO - Processing file /mnt/c/Users/Admin/Desktop/ud_data/Dataslush_umang/airflow/airflow_venv/lib/python3.12/site-packages/airflow/example_dags/tutorial_taskflow_api.py for tasks to queue
[2025-01-28T10:17:41.573+0000] {logging_mixin.py:190} INFO - [2025-01-28T10:17:41.568+0000] {dagbag.py:588} INFO - Filling up the DagBag from /mnt/c/Users/Admin/Desktop/ud_data/Dataslush_umang/airflow/airflow_venv/lib/python3.12/site-packages/airflow/example_dags/tutorial_taskflow_api.py
[2025-01-28T10:17:41.914+0000] {processor.py:925} INFO - DAG(s) 'tutorial_taskflow_api' retrieved from /mnt/c/Users/Admin/Desktop/ud_data/Dataslush_umang/airflow/airflow_venv/lib/python3.12/site-packages/airflow/example_dags/tutorial_taskflow_api.py
[2025-01-28T10:17:41.987+0000] {logging_mixin.py:190} INFO - [2025-01-28T10:17:41.983+0000] {dag.py:3239} INFO - Sync 1 DAGs
[2025-01-28T10:17:42.026+0000] {logging_mixin.py:190} INFO - [2025-01-28T10:17:42.022+0000] {dag.py:4180} INFO - Setting next_dagrun for tutorial_taskflow_api to None, run_after=None
[2025-01-28T10:17:42.244+0000] {processor.py:208} INFO - Processing /mnt/c/Users/Admin/Desktop/ud_data/Dataslush_umang/airflow/airflow_venv/lib/python3.12/site-packages/airflow/example_dags/tutorial_taskflow_api.py took 0.747 seconds
[2025-01-28T10:18:54.404+0000] {processor.py:186} INFO - Started process (PID=15372) to work on /mnt/c/Users/Admin/Desktop/ud_data/Dataslush_umang/airflow/airflow_venv/lib/python3.12/site-packages/airflow/example_dags/tutorial_taskflow_api.py
[2025-01-28T10:18:54.407+0000] {processor.py:914} INFO - Processing file /mnt/c/Users/Admin/Desktop/ud_data/Dataslush_umang/airflow/airflow_venv/lib/python3.12/site-packages/airflow/example_dags/tutorial_taskflow_api.py for tasks to queue
[2025-01-28T10:18:54.412+0000] {logging_mixin.py:190} INFO - [2025-01-28T10:18:54.411+0000] {dagbag.py:588} INFO - Filling up the DagBag from /mnt/c/Users/Admin/Desktop/ud_data/Dataslush_umang/airflow/airflow_venv/lib/python3.12/site-packages/airflow/example_dags/tutorial_taskflow_api.py
[2025-01-28T10:18:54.510+0000] {processor.py:925} INFO - DAG(s) 'tutorial_taskflow_api' retrieved from /mnt/c/Users/Admin/Desktop/ud_data/Dataslush_umang/airflow/airflow_venv/lib/python3.12/site-packages/airflow/example_dags/tutorial_taskflow_api.py
[2025-01-28T10:18:54.534+0000] {logging_mixin.py:190} INFO - [2025-01-28T10:18:54.533+0000] {dag.py:3239} INFO - Sync 1 DAGs
[2025-01-28T10:18:54.551+0000] {logging_mixin.py:190} INFO - [2025-01-28T10:18:54.549+0000] {dag.py:4180} INFO - Setting next_dagrun for tutorial_taskflow_api to None, run_after=None
[2025-01-28T10:18:54.594+0000] {processor.py:208} INFO - Processing /mnt/c/Users/Admin/Desktop/ud_data/Dataslush_umang/airflow/airflow_venv/lib/python3.12/site-packages/airflow/example_dags/tutorial_taskflow_api.py took 0.216 seconds
[2025-01-28T10:20:11.609+0000] {processor.py:186} INFO - Started process (PID=15465) to work on /mnt/c/Users/Admin/Desktop/ud_data/Dataslush_umang/airflow/airflow_venv/lib/python3.12/site-packages/airflow/example_dags/tutorial_taskflow_api.py
[2025-01-28T10:20:11.740+0000] {processor.py:914} INFO - Processing file /mnt/c/Users/Admin/Desktop/ud_data/Dataslush_umang/airflow/airflow_venv/lib/python3.12/site-packages/airflow/example_dags/tutorial_taskflow_api.py for tasks to queue
[2025-01-28T10:20:11.746+0000] {logging_mixin.py:190} INFO - [2025-01-28T10:20:11.744+0000] {dagbag.py:588} INFO - Filling up the DagBag from /mnt/c/Users/Admin/Desktop/ud_data/Dataslush_umang/airflow/airflow_venv/lib/python3.12/site-packages/airflow/example_dags/tutorial_taskflow_api.py
[2025-01-28T10:20:11.876+0000] {processor.py:925} INFO - DAG(s) 'tutorial_taskflow_api' retrieved from /mnt/c/Users/Admin/Desktop/ud_data/Dataslush_umang/airflow/airflow_venv/lib/python3.12/site-packages/airflow/example_dags/tutorial_taskflow_api.py
[2025-01-28T10:20:11.927+0000] {logging_mixin.py:190} INFO - [2025-01-28T10:20:11.924+0000] {dag.py:3239} INFO - Sync 1 DAGs
[2025-01-28T10:20:11.972+0000] {logging_mixin.py:190} INFO - [2025-01-28T10:20:11.969+0000] {dag.py:4180} INFO - Setting next_dagrun for tutorial_taskflow_api to None, run_after=None
[2025-01-28T10:20:12.051+0000] {processor.py:208} INFO - Processing /mnt/c/Users/Admin/Desktop/ud_data/Dataslush_umang/airflow/airflow_venv/lib/python3.12/site-packages/airflow/example_dags/tutorial_taskflow_api.py took 0.464 seconds
[2025-01-28T10:21:41.921+0000] {processor.py:186} INFO - Started process (PID=15609) to work on /mnt/c/Users/Admin/Desktop/ud_data/Dataslush_umang/airflow/airflow_venv/lib/python3.12/site-packages/airflow/example_dags/tutorial_taskflow_api.py
[2025-01-28T10:21:41.925+0000] {processor.py:914} INFO - Processing file /mnt/c/Users/Admin/Desktop/ud_data/Dataslush_umang/airflow/airflow_venv/lib/python3.12/site-packages/airflow/example_dags/tutorial_taskflow_api.py for tasks to queue
[2025-01-28T10:21:41.930+0000] {logging_mixin.py:190} INFO - [2025-01-28T10:21:41.928+0000] {dagbag.py:588} INFO - Filling up the DagBag from /mnt/c/Users/Admin/Desktop/ud_data/Dataslush_umang/airflow/airflow_venv/lib/python3.12/site-packages/airflow/example_dags/tutorial_taskflow_api.py
[2025-01-28T10:21:42.054+0000] {processor.py:925} INFO - DAG(s) 'tutorial_taskflow_api' retrieved from /mnt/c/Users/Admin/Desktop/ud_data/Dataslush_umang/airflow/airflow_venv/lib/python3.12/site-packages/airflow/example_dags/tutorial_taskflow_api.py
[2025-01-28T10:21:42.083+0000] {logging_mixin.py:190} INFO - [2025-01-28T10:21:42.081+0000] {dag.py:3239} INFO - Sync 1 DAGs
[2025-01-28T10:21:42.107+0000] {logging_mixin.py:190} INFO - [2025-01-28T10:21:42.105+0000] {dag.py:4180} INFO - Setting next_dagrun for tutorial_taskflow_api to None, run_after=None
[2025-01-28T10:21:42.158+0000] {processor.py:208} INFO - Processing /mnt/c/Users/Admin/Desktop/ud_data/Dataslush_umang/airflow/airflow_venv/lib/python3.12/site-packages/airflow/example_dags/tutorial_taskflow_api.py took 0.264 seconds
[2025-01-28T10:23:23.780+0000] {processor.py:186} INFO - Started process (PID=15794) to work on /mnt/c/Users/Admin/Desktop/ud_data/Dataslush_umang/airflow/airflow_venv/lib/python3.12/site-packages/airflow/example_dags/tutorial_taskflow_api.py
[2025-01-28T10:23:23.784+0000] {processor.py:914} INFO - Processing file /mnt/c/Users/Admin/Desktop/ud_data/Dataslush_umang/airflow/airflow_venv/lib/python3.12/site-packages/airflow/example_dags/tutorial_taskflow_api.py for tasks to queue
[2025-01-28T10:23:23.790+0000] {logging_mixin.py:190} INFO - [2025-01-28T10:23:23.788+0000] {dagbag.py:588} INFO - Filling up the DagBag from /mnt/c/Users/Admin/Desktop/ud_data/Dataslush_umang/airflow/airflow_venv/lib/python3.12/site-packages/airflow/example_dags/tutorial_taskflow_api.py
[2025-01-28T10:23:23.899+0000] {processor.py:925} INFO - DAG(s) 'tutorial_taskflow_api' retrieved from /mnt/c/Users/Admin/Desktop/ud_data/Dataslush_umang/airflow/airflow_venv/lib/python3.12/site-packages/airflow/example_dags/tutorial_taskflow_api.py
[2025-01-28T10:23:54.135+0000] {logging_mixin.py:190} INFO - [2025-01-28T10:23:54.134+0000] {dag.py:3239} INFO - Sync 1 DAGs
[2025-01-28T10:23:54.149+0000] {logging_mixin.py:190} INFO - [2025-01-28T10:23:54.147+0000] {dag.py:4180} INFO - Setting next_dagrun for tutorial_taskflow_api to None, run_after=None
[2025-01-28T10:23:54.320+0000] {processor.py:208} INFO - Processing /mnt/c/Users/Admin/Desktop/ud_data/Dataslush_umang/airflow/airflow_venv/lib/python3.12/site-packages/airflow/example_dags/tutorial_taskflow_api.py took 0.479 seconds
[2025-01-28T10:25:03.486+0000] {processor.py:186} INFO - Started process (PID=15994) to work on /mnt/c/Users/Admin/Desktop/ud_data/Dataslush_umang/airflow/airflow_venv/lib/python3.12/site-packages/airflow/example_dags/tutorial_taskflow_api.py
[2025-01-28T10:25:03.597+0000] {processor.py:914} INFO - Processing file /mnt/c/Users/Admin/Desktop/ud_data/Dataslush_umang/airflow/airflow_venv/lib/python3.12/site-packages/airflow/example_dags/tutorial_taskflow_api.py for tasks to queue
[2025-01-28T10:25:03.609+0000] {logging_mixin.py:190} INFO - [2025-01-28T10:25:03.605+0000] {dagbag.py:588} INFO - Filling up the DagBag from /mnt/c/Users/Admin/Desktop/ud_data/Dataslush_umang/airflow/airflow_venv/lib/python3.12/site-packages/airflow/example_dags/tutorial_taskflow_api.py
[2025-01-28T10:25:03.819+0000] {processor.py:925} INFO - DAG(s) 'tutorial_taskflow_api' retrieved from /mnt/c/Users/Admin/Desktop/ud_data/Dataslush_umang/airflow/airflow_venv/lib/python3.12/site-packages/airflow/example_dags/tutorial_taskflow_api.py
[2025-01-28T10:25:03.859+0000] {logging_mixin.py:190} INFO - [2025-01-28T10:25:03.857+0000] {dag.py:3239} INFO - Sync 1 DAGs
[2025-01-28T10:25:03.888+0000] {logging_mixin.py:190} INFO - [2025-01-28T10:25:03.886+0000] {dag.py:4180} INFO - Setting next_dagrun for tutorial_taskflow_api to None, run_after=None
[2025-01-28T10:25:04.074+0000] {processor.py:208} INFO - Processing /mnt/c/Users/Admin/Desktop/ud_data/Dataslush_umang/airflow/airflow_venv/lib/python3.12/site-packages/airflow/example_dags/tutorial_taskflow_api.py took 0.657 seconds
[2025-01-28T10:26:20.510+0000] {processor.py:186} INFO - Started process (PID=16141) to work on /mnt/c/Users/Admin/Desktop/ud_data/Dataslush_umang/airflow/airflow_venv/lib/python3.12/site-packages/airflow/example_dags/tutorial_taskflow_api.py
[2025-01-28T10:26:20.729+0000] {processor.py:914} INFO - Processing file /mnt/c/Users/Admin/Desktop/ud_data/Dataslush_umang/airflow/airflow_venv/lib/python3.12/site-packages/airflow/example_dags/tutorial_taskflow_api.py for tasks to queue
[2025-01-28T10:26:20.736+0000] {logging_mixin.py:190} INFO - [2025-01-28T10:26:20.734+0000] {dagbag.py:588} INFO - Filling up the DagBag from /mnt/c/Users/Admin/Desktop/ud_data/Dataslush_umang/airflow/airflow_venv/lib/python3.12/site-packages/airflow/example_dags/tutorial_taskflow_api.py
[2025-01-28T10:26:20.860+0000] {processor.py:925} INFO - DAG(s) 'tutorial_taskflow_api' retrieved from /mnt/c/Users/Admin/Desktop/ud_data/Dataslush_umang/airflow/airflow_venv/lib/python3.12/site-packages/airflow/example_dags/tutorial_taskflow_api.py
[2025-01-28T10:26:20.886+0000] {logging_mixin.py:190} INFO - [2025-01-28T10:26:20.885+0000] {dag.py:3239} INFO - Sync 1 DAGs
[2025-01-28T10:26:20.907+0000] {logging_mixin.py:190} INFO - [2025-01-28T10:26:20.906+0000] {dag.py:4180} INFO - Setting next_dagrun for tutorial_taskflow_api to None, run_after=None
[2025-01-28T10:26:21.691+0000] {processor.py:208} INFO - Processing /mnt/c/Users/Admin/Desktop/ud_data/Dataslush_umang/airflow/airflow_venv/lib/python3.12/site-packages/airflow/example_dags/tutorial_taskflow_api.py took 1.203 seconds
[2025-01-28T10:27:44.155+0000] {processor.py:186} INFO - Started process (PID=16271) to work on /mnt/c/Users/Admin/Desktop/ud_data/Dataslush_umang/airflow/airflow_venv/lib/python3.12/site-packages/airflow/example_dags/tutorial_taskflow_api.py
[2025-01-28T10:27:44.162+0000] {processor.py:914} INFO - Processing file /mnt/c/Users/Admin/Desktop/ud_data/Dataslush_umang/airflow/airflow_venv/lib/python3.12/site-packages/airflow/example_dags/tutorial_taskflow_api.py for tasks to queue
[2025-01-28T10:27:44.174+0000] {logging_mixin.py:190} INFO - [2025-01-28T10:27:44.171+0000] {dagbag.py:588} INFO - Filling up the DagBag from /mnt/c/Users/Admin/Desktop/ud_data/Dataslush_umang/airflow/airflow_venv/lib/python3.12/site-packages/airflow/example_dags/tutorial_taskflow_api.py
[2025-01-28T10:27:44.454+0000] {processor.py:925} INFO - DAG(s) 'tutorial_taskflow_api' retrieved from /mnt/c/Users/Admin/Desktop/ud_data/Dataslush_umang/airflow/airflow_venv/lib/python3.12/site-packages/airflow/example_dags/tutorial_taskflow_api.py
[2025-01-28T10:28:14.627+0000] {logging_mixin.py:190} INFO - [2025-01-28T10:28:14.622+0000] {dag.py:3239} INFO - Sync 1 DAGs
[2025-01-28T10:28:14.680+0000] {logging_mixin.py:190} INFO - [2025-01-28T10:28:14.677+0000] {dag.py:4180} INFO - Setting next_dagrun for tutorial_taskflow_api to None, run_after=None
[2025-01-28T10:27:45.032+0000] {processor.py:208} INFO - Processing /mnt/c/Users/Admin/Desktop/ud_data/Dataslush_umang/airflow/airflow_venv/lib/python3.12/site-packages/airflow/example_dags/tutorial_taskflow_api.py took 0.941 seconds
[2025-01-28T10:29:09.398+0000] {processor.py:186} INFO - Started process (PID=16349) to work on /mnt/c/Users/Admin/Desktop/ud_data/Dataslush_umang/airflow/airflow_venv/lib/python3.12/site-packages/airflow/example_dags/tutorial_taskflow_api.py
[2025-01-28T10:29:39.934+0000] {processor.py:914} INFO - Processing file /mnt/c/Users/Admin/Desktop/ud_data/Dataslush_umang/airflow/airflow_venv/lib/python3.12/site-packages/airflow/example_dags/tutorial_taskflow_api.py for tasks to queue
[2025-01-28T10:29:10.039+0000] {logging_mixin.py:190} INFO - [2025-01-28T10:29:10.032+0000] {dagbag.py:588} INFO - Filling up the DagBag from /mnt/c/Users/Admin/Desktop/ud_data/Dataslush_umang/airflow/airflow_venv/lib/python3.12/site-packages/airflow/example_dags/tutorial_taskflow_api.py
[2025-01-28T10:29:10.204+0000] {processor.py:925} INFO - DAG(s) 'tutorial_taskflow_api' retrieved from /mnt/c/Users/Admin/Desktop/ud_data/Dataslush_umang/airflow/airflow_venv/lib/python3.12/site-packages/airflow/example_dags/tutorial_taskflow_api.py
[2025-01-28T10:29:10.231+0000] {logging_mixin.py:190} INFO - [2025-01-28T10:29:10.230+0000] {dag.py:3239} INFO - Sync 1 DAGs
[2025-01-28T10:29:10.249+0000] {logging_mixin.py:190} INFO - [2025-01-28T10:29:10.248+0000] {dag.py:4180} INFO - Setting next_dagrun for tutorial_taskflow_api to None, run_after=None
[2025-01-28T10:29:10.534+0000] {processor.py:208} INFO - Processing /mnt/c/Users/Admin/Desktop/ud_data/Dataslush_umang/airflow/airflow_venv/lib/python3.12/site-packages/airflow/example_dags/tutorial_taskflow_api.py took 1.132 seconds
[2025-01-28T10:30:33.577+0000] {processor.py:186} INFO - Started process (PID=16444) to work on /mnt/c/Users/Admin/Desktop/ud_data/Dataslush_umang/airflow/airflow_venv/lib/python3.12/site-packages/airflow/example_dags/tutorial_taskflow_api.py
[2025-01-28T10:30:33.693+0000] {processor.py:914} INFO - Processing file /mnt/c/Users/Admin/Desktop/ud_data/Dataslush_umang/airflow/airflow_venv/lib/python3.12/site-packages/airflow/example_dags/tutorial_taskflow_api.py for tasks to queue
[2025-01-28T10:30:33.713+0000] {logging_mixin.py:190} INFO - [2025-01-28T10:30:33.707+0000] {dagbag.py:588} INFO - Filling up the DagBag from /mnt/c/Users/Admin/Desktop/ud_data/Dataslush_umang/airflow/airflow_venv/lib/python3.12/site-packages/airflow/example_dags/tutorial_taskflow_api.py
[2025-01-28T10:30:34.070+0000] {processor.py:925} INFO - DAG(s) 'tutorial_taskflow_api' retrieved from /mnt/c/Users/Admin/Desktop/ud_data/Dataslush_umang/airflow/airflow_venv/lib/python3.12/site-packages/airflow/example_dags/tutorial_taskflow_api.py
[2025-01-28T10:30:34.129+0000] {logging_mixin.py:190} INFO - [2025-01-28T10:30:34.127+0000] {dag.py:3239} INFO - Sync 1 DAGs
[2025-01-28T10:30:34.157+0000] {logging_mixin.py:190} INFO - [2025-01-28T10:30:34.154+0000] {dag.py:4180} INFO - Setting next_dagrun for tutorial_taskflow_api to None, run_after=None
[2025-01-28T10:30:34.415+0000] {processor.py:208} INFO - Processing /mnt/c/Users/Admin/Desktop/ud_data/Dataslush_umang/airflow/airflow_venv/lib/python3.12/site-packages/airflow/example_dags/tutorial_taskflow_api.py took 0.872 seconds
[2025-01-28T10:31:32.773+0000] {processor.py:186} INFO - Started process (PID=16580) to work on /mnt/c/Users/Admin/Desktop/ud_data/Dataslush_umang/airflow/airflow_venv/lib/python3.12/site-packages/airflow/example_dags/tutorial_taskflow_api.py
[2025-01-28T10:31:32.776+0000] {processor.py:914} INFO - Processing file /mnt/c/Users/Admin/Desktop/ud_data/Dataslush_umang/airflow/airflow_venv/lib/python3.12/site-packages/airflow/example_dags/tutorial_taskflow_api.py for tasks to queue
[2025-01-28T10:31:32.783+0000] {logging_mixin.py:190} INFO - [2025-01-28T10:31:32.781+0000] {dagbag.py:588} INFO - Filling up the DagBag from /mnt/c/Users/Admin/Desktop/ud_data/Dataslush_umang/airflow/airflow_venv/lib/python3.12/site-packages/airflow/example_dags/tutorial_taskflow_api.py
[2025-01-28T10:31:32.936+0000] {processor.py:925} INFO - DAG(s) 'tutorial_taskflow_api' retrieved from /mnt/c/Users/Admin/Desktop/ud_data/Dataslush_umang/airflow/airflow_venv/lib/python3.12/site-packages/airflow/example_dags/tutorial_taskflow_api.py
[2025-01-28T10:31:33.003+0000] {logging_mixin.py:190} INFO - [2025-01-28T10:31:33.000+0000] {dag.py:3239} INFO - Sync 1 DAGs
[2025-01-28T10:31:33.036+0000] {logging_mixin.py:190} INFO - [2025-01-28T10:31:33.034+0000] {dag.py:4180} INFO - Setting next_dagrun for tutorial_taskflow_api to None, run_after=None
[2025-01-28T10:31:33.112+0000] {processor.py:208} INFO - Processing /mnt/c/Users/Admin/Desktop/ud_data/Dataslush_umang/airflow/airflow_venv/lib/python3.12/site-packages/airflow/example_dags/tutorial_taskflow_api.py took 0.367 seconds
[2025-01-28T10:32:49.762+0000] {processor.py:186} INFO - Started process (PID=16664) to work on /mnt/c/Users/Admin/Desktop/ud_data/Dataslush_umang/airflow/airflow_venv/lib/python3.12/site-packages/airflow/example_dags/tutorial_taskflow_api.py
[2025-01-28T10:32:49.769+0000] {processor.py:914} INFO - Processing file /mnt/c/Users/Admin/Desktop/ud_data/Dataslush_umang/airflow/airflow_venv/lib/python3.12/site-packages/airflow/example_dags/tutorial_taskflow_api.py for tasks to queue
[2025-01-28T10:32:49.785+0000] {logging_mixin.py:190} INFO - [2025-01-28T10:32:49.780+0000] {dagbag.py:588} INFO - Filling up the DagBag from /mnt/c/Users/Admin/Desktop/ud_data/Dataslush_umang/airflow/airflow_venv/lib/python3.12/site-packages/airflow/example_dags/tutorial_taskflow_api.py
[2025-01-28T10:33:20.198+0000] {processor.py:925} INFO - DAG(s) 'tutorial_taskflow_api' retrieved from /mnt/c/Users/Admin/Desktop/ud_data/Dataslush_umang/airflow/airflow_venv/lib/python3.12/site-packages/airflow/example_dags/tutorial_taskflow_api.py
[2025-01-28T10:33:20.254+0000] {logging_mixin.py:190} INFO - [2025-01-28T10:33:20.250+0000] {dag.py:3239} INFO - Sync 1 DAGs
[2025-01-28T10:33:20.299+0000] {logging_mixin.py:190} INFO - [2025-01-28T10:33:20.296+0000] {dag.py:4180} INFO - Setting next_dagrun for tutorial_taskflow_api to None, run_after=None
[2025-01-28T10:33:20.361+0000] {processor.py:208} INFO - Processing /mnt/c/Users/Admin/Desktop/ud_data/Dataslush_umang/airflow/airflow_venv/lib/python3.12/site-packages/airflow/example_dags/tutorial_taskflow_api.py took 0.539 seconds
[2025-01-28T10:33:59.334+0000] {processor.py:186} INFO - Started process (PID=16796) to work on /mnt/c/Users/Admin/Desktop/ud_data/Dataslush_umang/airflow/airflow_venv/lib/python3.12/site-packages/airflow/example_dags/tutorial_taskflow_api.py
[2025-01-28T10:33:59.340+0000] {processor.py:914} INFO - Processing file /mnt/c/Users/Admin/Desktop/ud_data/Dataslush_umang/airflow/airflow_venv/lib/python3.12/site-packages/airflow/example_dags/tutorial_taskflow_api.py for tasks to queue
[2025-01-28T10:33:59.351+0000] {logging_mixin.py:190} INFO - [2025-01-28T10:33:59.348+0000] {dagbag.py:588} INFO - Filling up the DagBag from /mnt/c/Users/Admin/Desktop/ud_data/Dataslush_umang/airflow/airflow_venv/lib/python3.12/site-packages/airflow/example_dags/tutorial_taskflow_api.py
[2025-01-28T10:33:59.601+0000] {processor.py:925} INFO - DAG(s) 'tutorial_taskflow_api' retrieved from /mnt/c/Users/Admin/Desktop/ud_data/Dataslush_umang/airflow/airflow_venv/lib/python3.12/site-packages/airflow/example_dags/tutorial_taskflow_api.py
[2025-01-28T10:33:59.651+0000] {logging_mixin.py:190} INFO - [2025-01-28T10:33:59.647+0000] {dag.py:3239} INFO - Sync 1 DAGs
[2025-01-28T10:33:59.683+0000] {logging_mixin.py:190} INFO - [2025-01-28T10:33:59.680+0000] {dag.py:4180} INFO - Setting next_dagrun for tutorial_taskflow_api to None, run_after=None
[2025-01-28T10:33:59.747+0000] {processor.py:208} INFO - Processing /mnt/c/Users/Admin/Desktop/ud_data/Dataslush_umang/airflow/airflow_venv/lib/python3.12/site-packages/airflow/example_dags/tutorial_taskflow_api.py took 0.460 seconds
[2025-01-28T10:35:23.635+0000] {processor.py:186} INFO - Started process (PID=16926) to work on /mnt/c/Users/Admin/Desktop/ud_data/Dataslush_umang/airflow/airflow_venv/lib/python3.12/site-packages/airflow/example_dags/tutorial_taskflow_api.py
[2025-01-28T10:35:23.659+0000] {processor.py:914} INFO - Processing file /mnt/c/Users/Admin/Desktop/ud_data/Dataslush_umang/airflow/airflow_venv/lib/python3.12/site-packages/airflow/example_dags/tutorial_taskflow_api.py for tasks to queue
[2025-01-28T10:35:23.663+0000] {logging_mixin.py:190} INFO - [2025-01-28T10:35:23.662+0000] {dagbag.py:588} INFO - Filling up the DagBag from /mnt/c/Users/Admin/Desktop/ud_data/Dataslush_umang/airflow/airflow_venv/lib/python3.12/site-packages/airflow/example_dags/tutorial_taskflow_api.py
[2025-01-28T10:35:23.816+0000] {processor.py:925} INFO - DAG(s) 'tutorial_taskflow_api' retrieved from /mnt/c/Users/Admin/Desktop/ud_data/Dataslush_umang/airflow/airflow_venv/lib/python3.12/site-packages/airflow/example_dags/tutorial_taskflow_api.py
[2025-01-28T10:35:23.849+0000] {logging_mixin.py:190} INFO - [2025-01-28T10:35:23.846+0000] {dag.py:3239} INFO - Sync 1 DAGs
[2025-01-28T10:35:23.868+0000] {logging_mixin.py:190} INFO - [2025-01-28T10:35:23.866+0000] {dag.py:4180} INFO - Setting next_dagrun for tutorial_taskflow_api to None, run_after=None
[2025-01-28T10:35:24.698+0000] {processor.py:208} INFO - Processing /mnt/c/Users/Admin/Desktop/ud_data/Dataslush_umang/airflow/airflow_venv/lib/python3.12/site-packages/airflow/example_dags/tutorial_taskflow_api.py took 1.086 seconds
[2025-01-28T10:36:47.418+0000] {processor.py:186} INFO - Started process (PID=17044) to work on /mnt/c/Users/Admin/Desktop/ud_data/Dataslush_umang/airflow/airflow_venv/lib/python3.12/site-packages/airflow/example_dags/tutorial_taskflow_api.py
[2025-01-28T10:36:48.042+0000] {processor.py:914} INFO - Processing file /mnt/c/Users/Admin/Desktop/ud_data/Dataslush_umang/airflow/airflow_venv/lib/python3.12/site-packages/airflow/example_dags/tutorial_taskflow_api.py for tasks to queue
[2025-01-28T10:36:48.062+0000] {logging_mixin.py:190} INFO - [2025-01-28T10:36:48.056+0000] {dagbag.py:588} INFO - Filling up the DagBag from /mnt/c/Users/Admin/Desktop/ud_data/Dataslush_umang/airflow/airflow_venv/lib/python3.12/site-packages/airflow/example_dags/tutorial_taskflow_api.py
[2025-01-28T10:36:48.305+0000] {processor.py:925} INFO - DAG(s) 'tutorial_taskflow_api' retrieved from /mnt/c/Users/Admin/Desktop/ud_data/Dataslush_umang/airflow/airflow_venv/lib/python3.12/site-packages/airflow/example_dags/tutorial_taskflow_api.py
[2025-01-28T10:36:48.352+0000] {logging_mixin.py:190} INFO - [2025-01-28T10:36:48.350+0000] {dag.py:3239} INFO - Sync 1 DAGs
[2025-01-28T10:36:48.371+0000] {logging_mixin.py:190} INFO - [2025-01-28T10:36:48.369+0000] {dag.py:4180} INFO - Setting next_dagrun for tutorial_taskflow_api to None, run_after=None
[2025-01-28T10:36:48.891+0000] {processor.py:208} INFO - Processing /mnt/c/Users/Admin/Desktop/ud_data/Dataslush_umang/airflow/airflow_venv/lib/python3.12/site-packages/airflow/example_dags/tutorial_taskflow_api.py took 1.499 seconds
[2025-01-28T10:38:17.145+0000] {processor.py:186} INFO - Started process (PID=17148) to work on /mnt/c/Users/Admin/Desktop/ud_data/Dataslush_umang/airflow/airflow_venv/lib/python3.12/site-packages/airflow/example_dags/tutorial_taskflow_api.py
[2025-01-28T10:38:17.233+0000] {processor.py:914} INFO - Processing file /mnt/c/Users/Admin/Desktop/ud_data/Dataslush_umang/airflow/airflow_venv/lib/python3.12/site-packages/airflow/example_dags/tutorial_taskflow_api.py for tasks to queue
[2025-01-28T10:38:17.250+0000] {logging_mixin.py:190} INFO - [2025-01-28T10:38:17.244+0000] {dagbag.py:588} INFO - Filling up the DagBag from /mnt/c/Users/Admin/Desktop/ud_data/Dataslush_umang/airflow/airflow_venv/lib/python3.12/site-packages/airflow/example_dags/tutorial_taskflow_api.py
[2025-01-28T10:38:17.493+0000] {processor.py:925} INFO - DAG(s) 'tutorial_taskflow_api' retrieved from /mnt/c/Users/Admin/Desktop/ud_data/Dataslush_umang/airflow/airflow_venv/lib/python3.12/site-packages/airflow/example_dags/tutorial_taskflow_api.py
[2025-01-28T10:38:17.521+0000] {logging_mixin.py:190} INFO - [2025-01-28T10:38:17.518+0000] {dag.py:3239} INFO - Sync 1 DAGs
[2025-01-28T10:38:17.539+0000] {logging_mixin.py:190} INFO - [2025-01-28T10:38:17.537+0000] {dag.py:4180} INFO - Setting next_dagrun for tutorial_taskflow_api to None, run_after=None
[2025-01-28T10:38:17.929+0000] {processor.py:208} INFO - Processing /mnt/c/Users/Admin/Desktop/ud_data/Dataslush_umang/airflow/airflow_venv/lib/python3.12/site-packages/airflow/example_dags/tutorial_taskflow_api.py took 0.851 seconds
[2025-01-28T10:40:36.154+0000] {processor.py:186} INFO - Started process (PID=17319) to work on /mnt/c/Users/Admin/Desktop/ud_data/Dataslush_umang/airflow/airflow_venv/lib/python3.12/site-packages/airflow/example_dags/tutorial_taskflow_api.py
[2025-01-28T10:40:36.159+0000] {processor.py:914} INFO - Processing file /mnt/c/Users/Admin/Desktop/ud_data/Dataslush_umang/airflow/airflow_venv/lib/python3.12/site-packages/airflow/example_dags/tutorial_taskflow_api.py for tasks to queue
[2025-01-28T10:40:36.170+0000] {logging_mixin.py:190} INFO - [2025-01-28T10:40:36.166+0000] {dagbag.py:588} INFO - Filling up the DagBag from /mnt/c/Users/Admin/Desktop/ud_data/Dataslush_umang/airflow/airflow_venv/lib/python3.12/site-packages/airflow/example_dags/tutorial_taskflow_api.py
[2025-01-28T10:40:06.253+0000] {processor.py:925} INFO - DAG(s) 'tutorial_taskflow_api' retrieved from /mnt/c/Users/Admin/Desktop/ud_data/Dataslush_umang/airflow/airflow_venv/lib/python3.12/site-packages/airflow/example_dags/tutorial_taskflow_api.py
[2025-01-28T10:40:06.281+0000] {logging_mixin.py:190} INFO - [2025-01-28T10:40:06.279+0000] {dag.py:3239} INFO - Sync 1 DAGs
[2025-01-28T10:40:06.299+0000] {logging_mixin.py:190} INFO - [2025-01-28T10:40:06.296+0000] {dag.py:4180} INFO - Setting next_dagrun for tutorial_taskflow_api to None, run_after=None
[2025-01-28T10:40:07.707+0000] {processor.py:208} INFO - Processing /mnt/c/Users/Admin/Desktop/ud_data/Dataslush_umang/airflow/airflow_venv/lib/python3.12/site-packages/airflow/example_dags/tutorial_taskflow_api.py took 1.759 seconds
[2025-01-28T10:40:59.254+0000] {processor.py:186} INFO - Started process (PID=17387) to work on /mnt/c/Users/Admin/Desktop/ud_data/Dataslush_umang/airflow/airflow_venv/lib/python3.12/site-packages/airflow/example_dags/tutorial_taskflow_api.py
[2025-01-28T10:40:59.256+0000] {processor.py:914} INFO - Processing file /mnt/c/Users/Admin/Desktop/ud_data/Dataslush_umang/airflow/airflow_venv/lib/python3.12/site-packages/airflow/example_dags/tutorial_taskflow_api.py for tasks to queue
[2025-01-28T10:40:59.262+0000] {logging_mixin.py:190} INFO - [2025-01-28T10:40:59.260+0000] {dagbag.py:588} INFO - Filling up the DagBag from /mnt/c/Users/Admin/Desktop/ud_data/Dataslush_umang/airflow/airflow_venv/lib/python3.12/site-packages/airflow/example_dags/tutorial_taskflow_api.py
[2025-01-28T10:40:59.357+0000] {processor.py:925} INFO - DAG(s) 'tutorial_taskflow_api' retrieved from /mnt/c/Users/Admin/Desktop/ud_data/Dataslush_umang/airflow/airflow_venv/lib/python3.12/site-packages/airflow/example_dags/tutorial_taskflow_api.py
[2025-01-28T10:40:59.381+0000] {logging_mixin.py:190} INFO - [2025-01-28T10:40:59.380+0000] {dag.py:3239} INFO - Sync 1 DAGs
[2025-01-28T10:40:59.397+0000] {logging_mixin.py:190} INFO - [2025-01-28T10:40:59.395+0000] {dag.py:4180} INFO - Setting next_dagrun for tutorial_taskflow_api to None, run_after=None
[2025-01-28T10:40:59.655+0000] {processor.py:208} INFO - Processing /mnt/c/Users/Admin/Desktop/ud_data/Dataslush_umang/airflow/airflow_venv/lib/python3.12/site-packages/airflow/example_dags/tutorial_taskflow_api.py took 0.426 seconds
[2025-01-28T10:41:47.714+0000] {processor.py:186} INFO - Started process (PID=17476) to work on /mnt/c/Users/Admin/Desktop/ud_data/Dataslush_umang/airflow/airflow_venv/lib/python3.12/site-packages/airflow/example_dags/tutorial_taskflow_api.py
[2025-01-28T10:41:47.718+0000] {processor.py:914} INFO - Processing file /mnt/c/Users/Admin/Desktop/ud_data/Dataslush_umang/airflow/airflow_venv/lib/python3.12/site-packages/airflow/example_dags/tutorial_taskflow_api.py for tasks to queue
[2025-01-28T10:41:47.724+0000] {logging_mixin.py:190} INFO - [2025-01-28T10:41:47.722+0000] {dagbag.py:588} INFO - Filling up the DagBag from /mnt/c/Users/Admin/Desktop/ud_data/Dataslush_umang/airflow/airflow_venv/lib/python3.12/site-packages/airflow/example_dags/tutorial_taskflow_api.py
[2025-01-28T10:41:47.821+0000] {processor.py:925} INFO - DAG(s) 'tutorial_taskflow_api' retrieved from /mnt/c/Users/Admin/Desktop/ud_data/Dataslush_umang/airflow/airflow_venv/lib/python3.12/site-packages/airflow/example_dags/tutorial_taskflow_api.py
[2025-01-28T10:41:47.845+0000] {logging_mixin.py:190} INFO - [2025-01-28T10:41:47.843+0000] {dag.py:3239} INFO - Sync 1 DAGs
[2025-01-28T10:41:47.859+0000] {logging_mixin.py:190} INFO - [2025-01-28T10:41:47.857+0000] {dag.py:4180} INFO - Setting next_dagrun for tutorial_taskflow_api to None, run_after=None
[2025-01-28T10:41:47.897+0000] {processor.py:208} INFO - Processing /mnt/c/Users/Admin/Desktop/ud_data/Dataslush_umang/airflow/airflow_venv/lib/python3.12/site-packages/airflow/example_dags/tutorial_taskflow_api.py took 0.212 seconds
[2025-01-28T10:42:39.131+0000] {processor.py:186} INFO - Started process (PID=17616) to work on /mnt/c/Users/Admin/Desktop/ud_data/Dataslush_umang/airflow/airflow_venv/lib/python3.12/site-packages/airflow/example_dags/tutorial_taskflow_api.py
[2025-01-28T10:42:39.194+0000] {processor.py:914} INFO - Processing file /mnt/c/Users/Admin/Desktop/ud_data/Dataslush_umang/airflow/airflow_venv/lib/python3.12/site-packages/airflow/example_dags/tutorial_taskflow_api.py for tasks to queue
[2025-01-28T10:42:39.209+0000] {logging_mixin.py:190} INFO - [2025-01-28T10:42:39.204+0000] {dagbag.py:588} INFO - Filling up the DagBag from /mnt/c/Users/Admin/Desktop/ud_data/Dataslush_umang/airflow/airflow_venv/lib/python3.12/site-packages/airflow/example_dags/tutorial_taskflow_api.py
[2025-01-28T10:42:39.347+0000] {processor.py:925} INFO - DAG(s) 'tutorial_taskflow_api' retrieved from /mnt/c/Users/Admin/Desktop/ud_data/Dataslush_umang/airflow/airflow_venv/lib/python3.12/site-packages/airflow/example_dags/tutorial_taskflow_api.py
[2025-01-28T10:42:39.371+0000] {logging_mixin.py:190} INFO - [2025-01-28T10:42:39.368+0000] {dag.py:3239} INFO - Sync 1 DAGs
[2025-01-28T10:42:39.385+0000] {logging_mixin.py:190} INFO - [2025-01-28T10:42:39.383+0000] {dag.py:4180} INFO - Setting next_dagrun for tutorial_taskflow_api to None, run_after=None
[2025-01-28T10:42:39.541+0000] {processor.py:208} INFO - Processing /mnt/c/Users/Admin/Desktop/ud_data/Dataslush_umang/airflow/airflow_venv/lib/python3.12/site-packages/airflow/example_dags/tutorial_taskflow_api.py took 0.435 seconds
[2025-01-28T10:44:14.688+0000] {processor.py:186} INFO - Started process (PID=17804) to work on /mnt/c/Users/Admin/Desktop/ud_data/Dataslush_umang/airflow/airflow_venv/lib/python3.12/site-packages/airflow/example_dags/tutorial_taskflow_api.py
[2025-01-28T10:44:14.691+0000] {processor.py:914} INFO - Processing file /mnt/c/Users/Admin/Desktop/ud_data/Dataslush_umang/airflow/airflow_venv/lib/python3.12/site-packages/airflow/example_dags/tutorial_taskflow_api.py for tasks to queue
[2025-01-28T10:44:14.698+0000] {logging_mixin.py:190} INFO - [2025-01-28T10:44:14.697+0000] {dagbag.py:588} INFO - Filling up the DagBag from /mnt/c/Users/Admin/Desktop/ud_data/Dataslush_umang/airflow/airflow_venv/lib/python3.12/site-packages/airflow/example_dags/tutorial_taskflow_api.py
[2025-01-28T10:44:14.818+0000] {processor.py:925} INFO - DAG(s) 'tutorial_taskflow_api' retrieved from /mnt/c/Users/Admin/Desktop/ud_data/Dataslush_umang/airflow/airflow_venv/lib/python3.12/site-packages/airflow/example_dags/tutorial_taskflow_api.py
[2025-01-28T10:44:14.853+0000] {logging_mixin.py:190} INFO - [2025-01-28T10:44:14.852+0000] {dag.py:3239} INFO - Sync 1 DAGs
[2025-01-28T10:44:14.878+0000] {logging_mixin.py:190} INFO - [2025-01-28T10:44:14.876+0000] {dag.py:4180} INFO - Setting next_dagrun for tutorial_taskflow_api to None, run_after=None
[2025-01-28T10:44:14.934+0000] {processor.py:208} INFO - Processing /mnt/c/Users/Admin/Desktop/ud_data/Dataslush_umang/airflow/airflow_venv/lib/python3.12/site-packages/airflow/example_dags/tutorial_taskflow_api.py took 0.275 seconds
[2025-01-28T10:47:05.909+0000] {processor.py:186} INFO - Started process (PID=17970) to work on /mnt/c/Users/Admin/Desktop/ud_data/Dataslush_umang/airflow/airflow_venv/lib/python3.12/site-packages/airflow/example_dags/tutorial_taskflow_api.py
[2025-01-28T10:47:05.912+0000] {processor.py:914} INFO - Processing file /mnt/c/Users/Admin/Desktop/ud_data/Dataslush_umang/airflow/airflow_venv/lib/python3.12/site-packages/airflow/example_dags/tutorial_taskflow_api.py for tasks to queue
[2025-01-28T10:47:05.918+0000] {logging_mixin.py:190} INFO - [2025-01-28T10:47:05.916+0000] {dagbag.py:588} INFO - Filling up the DagBag from /mnt/c/Users/Admin/Desktop/ud_data/Dataslush_umang/airflow/airflow_venv/lib/python3.12/site-packages/airflow/example_dags/tutorial_taskflow_api.py
[2025-01-28T10:47:06.010+0000] {processor.py:925} INFO - DAG(s) 'tutorial_taskflow_api' retrieved from /mnt/c/Users/Admin/Desktop/ud_data/Dataslush_umang/airflow/airflow_venv/lib/python3.12/site-packages/airflow/example_dags/tutorial_taskflow_api.py
[2025-01-28T10:47:06.037+0000] {logging_mixin.py:190} INFO - [2025-01-28T10:47:06.036+0000] {dag.py:3239} INFO - Sync 1 DAGs
[2025-01-28T10:47:06.056+0000] {logging_mixin.py:190} INFO - [2025-01-28T10:47:06.054+0000] {dag.py:4180} INFO - Setting next_dagrun for tutorial_taskflow_api to None, run_after=None
[2025-01-28T10:47:06.098+0000] {processor.py:208} INFO - Processing /mnt/c/Users/Admin/Desktop/ud_data/Dataslush_umang/airflow/airflow_venv/lib/python3.12/site-packages/airflow/example_dags/tutorial_taskflow_api.py took 0.211 seconds
[2025-01-28T10:48:00.411+0000] {processor.py:186} INFO - Started process (PID=18067) to work on /mnt/c/Users/Admin/Desktop/ud_data/Dataslush_umang/airflow/airflow_venv/lib/python3.12/site-packages/airflow/example_dags/tutorial_taskflow_api.py
[2025-01-28T10:48:00.414+0000] {processor.py:914} INFO - Processing file /mnt/c/Users/Admin/Desktop/ud_data/Dataslush_umang/airflow/airflow_venv/lib/python3.12/site-packages/airflow/example_dags/tutorial_taskflow_api.py for tasks to queue
[2025-01-28T10:48:00.421+0000] {logging_mixin.py:190} INFO - [2025-01-28T10:48:00.419+0000] {dagbag.py:588} INFO - Filling up the DagBag from /mnt/c/Users/Admin/Desktop/ud_data/Dataslush_umang/airflow/airflow_venv/lib/python3.12/site-packages/airflow/example_dags/tutorial_taskflow_api.py
[2025-01-28T10:48:00.527+0000] {processor.py:925} INFO - DAG(s) 'tutorial_taskflow_api' retrieved from /mnt/c/Users/Admin/Desktop/ud_data/Dataslush_umang/airflow/airflow_venv/lib/python3.12/site-packages/airflow/example_dags/tutorial_taskflow_api.py
[2025-01-28T10:48:00.553+0000] {logging_mixin.py:190} INFO - [2025-01-28T10:48:00.551+0000] {dag.py:3239} INFO - Sync 1 DAGs
[2025-01-28T10:48:00.570+0000] {logging_mixin.py:190} INFO - [2025-01-28T10:48:00.568+0000] {dag.py:4180} INFO - Setting next_dagrun for tutorial_taskflow_api to None, run_after=None
[2025-01-28T10:48:00.611+0000] {processor.py:208} INFO - Processing /mnt/c/Users/Admin/Desktop/ud_data/Dataslush_umang/airflow/airflow_venv/lib/python3.12/site-packages/airflow/example_dags/tutorial_taskflow_api.py took 0.224 seconds
[2025-01-28T10:49:12.108+0000] {processor.py:186} INFO - Started process (PID=18161) to work on /mnt/c/Users/Admin/Desktop/ud_data/Dataslush_umang/airflow/airflow_venv/lib/python3.12/site-packages/airflow/example_dags/tutorial_taskflow_api.py
[2025-01-28T10:49:12.112+0000] {processor.py:914} INFO - Processing file /mnt/c/Users/Admin/Desktop/ud_data/Dataslush_umang/airflow/airflow_venv/lib/python3.12/site-packages/airflow/example_dags/tutorial_taskflow_api.py for tasks to queue
[2025-01-28T10:49:12.121+0000] {logging_mixin.py:190} INFO - [2025-01-28T10:49:12.118+0000] {dagbag.py:588} INFO - Filling up the DagBag from /mnt/c/Users/Admin/Desktop/ud_data/Dataslush_umang/airflow/airflow_venv/lib/python3.12/site-packages/airflow/example_dags/tutorial_taskflow_api.py
[2025-01-28T10:48:42.167+0000] {processor.py:925} INFO - DAG(s) 'tutorial_taskflow_api' retrieved from /mnt/c/Users/Admin/Desktop/ud_data/Dataslush_umang/airflow/airflow_venv/lib/python3.12/site-packages/airflow/example_dags/tutorial_taskflow_api.py
[2025-01-28T10:48:42.201+0000] {logging_mixin.py:190} INFO - [2025-01-28T10:48:42.200+0000] {dag.py:3239} INFO - Sync 1 DAGs
[2025-01-28T10:48:42.236+0000] {logging_mixin.py:190} INFO - [2025-01-28T10:48:42.235+0000] {dag.py:4180} INFO - Setting next_dagrun for tutorial_taskflow_api to None, run_after=None
[2025-01-28T10:48:43.019+0000] {processor.py:208} INFO - Processing /mnt/c/Users/Admin/Desktop/ud_data/Dataslush_umang/airflow/airflow_venv/lib/python3.12/site-packages/airflow/example_dags/tutorial_taskflow_api.py took 1.027 seconds
[2025-01-28T10:49:38.983+0000] {processor.py:186} INFO - Started process (PID=18260) to work on /mnt/c/Users/Admin/Desktop/ud_data/Dataslush_umang/airflow/airflow_venv/lib/python3.12/site-packages/airflow/example_dags/tutorial_taskflow_api.py
[2025-01-28T10:49:38.996+0000] {processor.py:914} INFO - Processing file /mnt/c/Users/Admin/Desktop/ud_data/Dataslush_umang/airflow/airflow_venv/lib/python3.12/site-packages/airflow/example_dags/tutorial_taskflow_api.py for tasks to queue
[2025-01-28T10:49:39.045+0000] {logging_mixin.py:190} INFO - [2025-01-28T10:49:39.043+0000] {dagbag.py:588} INFO - Filling up the DagBag from /mnt/c/Users/Admin/Desktop/ud_data/Dataslush_umang/airflow/airflow_venv/lib/python3.12/site-packages/airflow/example_dags/tutorial_taskflow_api.py
[2025-01-28T10:49:39.164+0000] {processor.py:925} INFO - DAG(s) 'tutorial_taskflow_api' retrieved from /mnt/c/Users/Admin/Desktop/ud_data/Dataslush_umang/airflow/airflow_venv/lib/python3.12/site-packages/airflow/example_dags/tutorial_taskflow_api.py
[2025-01-28T10:49:39.193+0000] {logging_mixin.py:190} INFO - [2025-01-28T10:49:39.191+0000] {dag.py:3239} INFO - Sync 1 DAGs
[2025-01-28T10:49:39.216+0000] {logging_mixin.py:190} INFO - [2025-01-28T10:49:39.214+0000] {dag.py:4180} INFO - Setting next_dagrun for tutorial_taskflow_api to None, run_after=None
[2025-01-28T10:49:40.243+0000] {processor.py:208} INFO - Processing /mnt/c/Users/Admin/Desktop/ud_data/Dataslush_umang/airflow/airflow_venv/lib/python3.12/site-packages/airflow/example_dags/tutorial_taskflow_api.py took 1.283 seconds
[2025-01-28T10:50:54.365+0000] {processor.py:186} INFO - Started process (PID=18435) to work on /mnt/c/Users/Admin/Desktop/ud_data/Dataslush_umang/airflow/airflow_venv/lib/python3.12/site-packages/airflow/example_dags/tutorial_taskflow_api.py
[2025-01-28T10:50:54.368+0000] {processor.py:914} INFO - Processing file /mnt/c/Users/Admin/Desktop/ud_data/Dataslush_umang/airflow/airflow_venv/lib/python3.12/site-packages/airflow/example_dags/tutorial_taskflow_api.py for tasks to queue
[2025-01-28T10:50:54.374+0000] {logging_mixin.py:190} INFO - [2025-01-28T10:50:54.372+0000] {dagbag.py:588} INFO - Filling up the DagBag from /mnt/c/Users/Admin/Desktop/ud_data/Dataslush_umang/airflow/airflow_venv/lib/python3.12/site-packages/airflow/example_dags/tutorial_taskflow_api.py
[2025-01-28T10:50:54.499+0000] {processor.py:925} INFO - DAG(s) 'tutorial_taskflow_api' retrieved from /mnt/c/Users/Admin/Desktop/ud_data/Dataslush_umang/airflow/airflow_venv/lib/python3.12/site-packages/airflow/example_dags/tutorial_taskflow_api.py
[2025-01-28T10:50:54.540+0000] {logging_mixin.py:190} INFO - [2025-01-28T10:50:54.537+0000] {dag.py:3239} INFO - Sync 1 DAGs
[2025-01-28T10:50:54.569+0000] {logging_mixin.py:190} INFO - [2025-01-28T10:50:54.568+0000] {dag.py:4180} INFO - Setting next_dagrun for tutorial_taskflow_api to None, run_after=None
[2025-01-28T10:50:54.637+0000] {processor.py:208} INFO - Processing /mnt/c/Users/Admin/Desktop/ud_data/Dataslush_umang/airflow/airflow_venv/lib/python3.12/site-packages/airflow/example_dags/tutorial_taskflow_api.py took 0.296 seconds
[2025-01-28T10:51:40.472+0000] {processor.py:186} INFO - Started process (PID=18550) to work on /mnt/c/Users/Admin/Desktop/ud_data/Dataslush_umang/airflow/airflow_venv/lib/python3.12/site-packages/airflow/example_dags/tutorial_taskflow_api.py
[2025-01-28T10:51:40.476+0000] {processor.py:914} INFO - Processing file /mnt/c/Users/Admin/Desktop/ud_data/Dataslush_umang/airflow/airflow_venv/lib/python3.12/site-packages/airflow/example_dags/tutorial_taskflow_api.py for tasks to queue
[2025-01-28T10:51:40.483+0000] {logging_mixin.py:190} INFO - [2025-01-28T10:51:40.480+0000] {dagbag.py:588} INFO - Filling up the DagBag from /mnt/c/Users/Admin/Desktop/ud_data/Dataslush_umang/airflow/airflow_venv/lib/python3.12/site-packages/airflow/example_dags/tutorial_taskflow_api.py
[2025-01-28T10:51:40.602+0000] {processor.py:925} INFO - DAG(s) 'tutorial_taskflow_api' retrieved from /mnt/c/Users/Admin/Desktop/ud_data/Dataslush_umang/airflow/airflow_venv/lib/python3.12/site-packages/airflow/example_dags/tutorial_taskflow_api.py
[2025-01-28T10:51:40.633+0000] {logging_mixin.py:190} INFO - [2025-01-28T10:51:40.631+0000] {dag.py:3239} INFO - Sync 1 DAGs
[2025-01-28T10:51:40.652+0000] {logging_mixin.py:190} INFO - [2025-01-28T10:51:40.650+0000] {dag.py:4180} INFO - Setting next_dagrun for tutorial_taskflow_api to None, run_after=None
[2025-01-28T10:51:40.695+0000] {processor.py:208} INFO - Processing /mnt/c/Users/Admin/Desktop/ud_data/Dataslush_umang/airflow/airflow_venv/lib/python3.12/site-packages/airflow/example_dags/tutorial_taskflow_api.py took 0.249 seconds
[2025-01-28T10:52:35.559+0000] {processor.py:186} INFO - Started process (PID=18635) to work on /mnt/c/Users/Admin/Desktop/ud_data/Dataslush_umang/airflow/airflow_venv/lib/python3.12/site-packages/airflow/example_dags/tutorial_taskflow_api.py
[2025-01-28T10:52:35.562+0000] {processor.py:914} INFO - Processing file /mnt/c/Users/Admin/Desktop/ud_data/Dataslush_umang/airflow/airflow_venv/lib/python3.12/site-packages/airflow/example_dags/tutorial_taskflow_api.py for tasks to queue
[2025-01-28T10:52:35.572+0000] {logging_mixin.py:190} INFO - [2025-01-28T10:52:35.569+0000] {dagbag.py:588} INFO - Filling up the DagBag from /mnt/c/Users/Admin/Desktop/ud_data/Dataslush_umang/airflow/airflow_venv/lib/python3.12/site-packages/airflow/example_dags/tutorial_taskflow_api.py
[2025-01-28T10:52:35.702+0000] {processor.py:925} INFO - DAG(s) 'tutorial_taskflow_api' retrieved from /mnt/c/Users/Admin/Desktop/ud_data/Dataslush_umang/airflow/airflow_venv/lib/python3.12/site-packages/airflow/example_dags/tutorial_taskflow_api.py
[2025-01-28T10:52:35.742+0000] {logging_mixin.py:190} INFO - [2025-01-28T10:52:35.741+0000] {dag.py:3239} INFO - Sync 1 DAGs
[2025-01-28T10:52:35.769+0000] {logging_mixin.py:190} INFO - [2025-01-28T10:52:35.767+0000] {dag.py:4180} INFO - Setting next_dagrun for tutorial_taskflow_api to None, run_after=None
[2025-01-28T10:52:35.814+0000] {processor.py:208} INFO - Processing /mnt/c/Users/Admin/Desktop/ud_data/Dataslush_umang/airflow/airflow_venv/lib/python3.12/site-packages/airflow/example_dags/tutorial_taskflow_api.py took 0.284 seconds
[2025-01-28T10:53:24.956+0000] {processor.py:186} INFO - Started process (PID=18717) to work on /mnt/c/Users/Admin/Desktop/ud_data/Dataslush_umang/airflow/airflow_venv/lib/python3.12/site-packages/airflow/example_dags/tutorial_taskflow_api.py
[2025-01-28T10:53:24.959+0000] {processor.py:914} INFO - Processing file /mnt/c/Users/Admin/Desktop/ud_data/Dataslush_umang/airflow/airflow_venv/lib/python3.12/site-packages/airflow/example_dags/tutorial_taskflow_api.py for tasks to queue
[2025-01-28T10:53:24.965+0000] {logging_mixin.py:190} INFO - [2025-01-28T10:53:24.963+0000] {dagbag.py:588} INFO - Filling up the DagBag from /mnt/c/Users/Admin/Desktop/ud_data/Dataslush_umang/airflow/airflow_venv/lib/python3.12/site-packages/airflow/example_dags/tutorial_taskflow_api.py
[2025-01-28T10:53:25.090+0000] {processor.py:925} INFO - DAG(s) 'tutorial_taskflow_api' retrieved from /mnt/c/Users/Admin/Desktop/ud_data/Dataslush_umang/airflow/airflow_venv/lib/python3.12/site-packages/airflow/example_dags/tutorial_taskflow_api.py
[2025-01-28T10:53:25.127+0000] {logging_mixin.py:190} INFO - [2025-01-28T10:53:25.125+0000] {dag.py:3239} INFO - Sync 1 DAGs
[2025-01-28T10:53:25.148+0000] {logging_mixin.py:190} INFO - [2025-01-28T10:53:25.147+0000] {dag.py:4180} INFO - Setting next_dagrun for tutorial_taskflow_api to None, run_after=None
[2025-01-28T10:53:25.198+0000] {processor.py:208} INFO - Processing /mnt/c/Users/Admin/Desktop/ud_data/Dataslush_umang/airflow/airflow_venv/lib/python3.12/site-packages/airflow/example_dags/tutorial_taskflow_api.py took 0.268 seconds
[2025-01-28T10:54:25.318+0000] {processor.py:186} INFO - Started process (PID=18795) to work on /mnt/c/Users/Admin/Desktop/ud_data/Dataslush_umang/airflow/airflow_venv/lib/python3.12/site-packages/airflow/example_dags/tutorial_taskflow_api.py
[2025-01-28T10:54:25.321+0000] {processor.py:914} INFO - Processing file /mnt/c/Users/Admin/Desktop/ud_data/Dataslush_umang/airflow/airflow_venv/lib/python3.12/site-packages/airflow/example_dags/tutorial_taskflow_api.py for tasks to queue
[2025-01-28T10:54:25.326+0000] {logging_mixin.py:190} INFO - [2025-01-28T10:54:25.325+0000] {dagbag.py:588} INFO - Filling up the DagBag from /mnt/c/Users/Admin/Desktop/ud_data/Dataslush_umang/airflow/airflow_venv/lib/python3.12/site-packages/airflow/example_dags/tutorial_taskflow_api.py
[2025-01-28T10:54:25.413+0000] {processor.py:925} INFO - DAG(s) 'tutorial_taskflow_api' retrieved from /mnt/c/Users/Admin/Desktop/ud_data/Dataslush_umang/airflow/airflow_venv/lib/python3.12/site-packages/airflow/example_dags/tutorial_taskflow_api.py
[2025-01-28T10:54:25.446+0000] {logging_mixin.py:190} INFO - [2025-01-28T10:54:25.444+0000] {dag.py:3239} INFO - Sync 1 DAGs
[2025-01-28T10:54:25.468+0000] {logging_mixin.py:190} INFO - [2025-01-28T10:54:25.467+0000] {dag.py:4180} INFO - Setting next_dagrun for tutorial_taskflow_api to None, run_after=None
[2025-01-28T10:54:25.507+0000] {processor.py:208} INFO - Processing /mnt/c/Users/Admin/Desktop/ud_data/Dataslush_umang/airflow/airflow_venv/lib/python3.12/site-packages/airflow/example_dags/tutorial_taskflow_api.py took 0.214 seconds
[2025-01-28T10:55:47.772+0000] {processor.py:186} INFO - Started process (PID=18865) to work on /mnt/c/Users/Admin/Desktop/ud_data/Dataslush_umang/airflow/airflow_venv/lib/python3.12/site-packages/airflow/example_dags/tutorial_taskflow_api.py
[2025-01-28T10:55:47.776+0000] {processor.py:914} INFO - Processing file /mnt/c/Users/Admin/Desktop/ud_data/Dataslush_umang/airflow/airflow_venv/lib/python3.12/site-packages/airflow/example_dags/tutorial_taskflow_api.py for tasks to queue
[2025-01-28T10:55:47.782+0000] {logging_mixin.py:190} INFO - [2025-01-28T10:55:47.780+0000] {dagbag.py:588} INFO - Filling up the DagBag from /mnt/c/Users/Admin/Desktop/ud_data/Dataslush_umang/airflow/airflow_venv/lib/python3.12/site-packages/airflow/example_dags/tutorial_taskflow_api.py
[2025-01-28T10:55:17.826+0000] {processor.py:925} INFO - DAG(s) 'tutorial_taskflow_api' retrieved from /mnt/c/Users/Admin/Desktop/ud_data/Dataslush_umang/airflow/airflow_venv/lib/python3.12/site-packages/airflow/example_dags/tutorial_taskflow_api.py
[2025-01-28T10:55:17.852+0000] {logging_mixin.py:190} INFO - [2025-01-28T10:55:17.850+0000] {dag.py:3239} INFO - Sync 1 DAGs
[2025-01-28T10:55:17.876+0000] {logging_mixin.py:190} INFO - [2025-01-28T10:55:17.874+0000] {dag.py:4180} INFO - Setting next_dagrun for tutorial_taskflow_api to None, run_after=None
[2025-01-28T10:55:18.669+0000] {processor.py:208} INFO - Processing /mnt/c/Users/Admin/Desktop/ud_data/Dataslush_umang/airflow/airflow_venv/lib/python3.12/site-packages/airflow/example_dags/tutorial_taskflow_api.py took 1.004 seconds
[2025-01-28T10:56:01.231+0000] {processor.py:186} INFO - Started process (PID=18969) to work on /mnt/c/Users/Admin/Desktop/ud_data/Dataslush_umang/airflow/airflow_venv/lib/python3.12/site-packages/airflow/example_dags/tutorial_taskflow_api.py
[2025-01-28T10:56:01.300+0000] {processor.py:914} INFO - Processing file /mnt/c/Users/Admin/Desktop/ud_data/Dataslush_umang/airflow/airflow_venv/lib/python3.12/site-packages/airflow/example_dags/tutorial_taskflow_api.py for tasks to queue
[2025-01-28T10:56:01.307+0000] {logging_mixin.py:190} INFO - [2025-01-28T10:56:01.305+0000] {dagbag.py:588} INFO - Filling up the DagBag from /mnt/c/Users/Admin/Desktop/ud_data/Dataslush_umang/airflow/airflow_venv/lib/python3.12/site-packages/airflow/example_dags/tutorial_taskflow_api.py
[2025-01-28T10:56:01.425+0000] {processor.py:925} INFO - DAG(s) 'tutorial_taskflow_api' retrieved from /mnt/c/Users/Admin/Desktop/ud_data/Dataslush_umang/airflow/airflow_venv/lib/python3.12/site-packages/airflow/example_dags/tutorial_taskflow_api.py
[2025-01-28T10:56:01.453+0000] {logging_mixin.py:190} INFO - [2025-01-28T10:56:01.452+0000] {dag.py:3239} INFO - Sync 1 DAGs
[2025-01-28T10:56:01.473+0000] {logging_mixin.py:190} INFO - [2025-01-28T10:56:01.471+0000] {dag.py:4180} INFO - Setting next_dagrun for tutorial_taskflow_api to None, run_after=None
[2025-01-28T10:56:01.525+0000] {processor.py:208} INFO - Processing /mnt/c/Users/Admin/Desktop/ud_data/Dataslush_umang/airflow/airflow_venv/lib/python3.12/site-packages/airflow/example_dags/tutorial_taskflow_api.py took 0.324 seconds
[2025-01-28T10:56:51.112+0000] {processor.py:186} INFO - Started process (PID=19095) to work on /mnt/c/Users/Admin/Desktop/ud_data/Dataslush_umang/airflow/airflow_venv/lib/python3.12/site-packages/airflow/example_dags/tutorial_taskflow_api.py
[2025-01-28T10:56:51.200+0000] {processor.py:914} INFO - Processing file /mnt/c/Users/Admin/Desktop/ud_data/Dataslush_umang/airflow/airflow_venv/lib/python3.12/site-packages/airflow/example_dags/tutorial_taskflow_api.py for tasks to queue
[2025-01-28T10:56:51.208+0000] {logging_mixin.py:190} INFO - [2025-01-28T10:56:51.206+0000] {dagbag.py:588} INFO - Filling up the DagBag from /mnt/c/Users/Admin/Desktop/ud_data/Dataslush_umang/airflow/airflow_venv/lib/python3.12/site-packages/airflow/example_dags/tutorial_taskflow_api.py
[2025-01-28T10:56:51.343+0000] {processor.py:925} INFO - DAG(s) 'tutorial_taskflow_api' retrieved from /mnt/c/Users/Admin/Desktop/ud_data/Dataslush_umang/airflow/airflow_venv/lib/python3.12/site-packages/airflow/example_dags/tutorial_taskflow_api.py
[2025-01-28T10:56:51.378+0000] {logging_mixin.py:190} INFO - [2025-01-28T10:56:51.376+0000] {dag.py:3239} INFO - Sync 1 DAGs
[2025-01-28T10:56:51.400+0000] {logging_mixin.py:190} INFO - [2025-01-28T10:56:51.399+0000] {dag.py:4180} INFO - Setting next_dagrun for tutorial_taskflow_api to None, run_after=None
[2025-01-28T10:56:51.447+0000] {processor.py:208} INFO - Processing /mnt/c/Users/Admin/Desktop/ud_data/Dataslush_umang/airflow/airflow_venv/lib/python3.12/site-packages/airflow/example_dags/tutorial_taskflow_api.py took 0.364 seconds
[2025-01-28T10:57:38.567+0000] {processor.py:186} INFO - Started process (PID=19166) to work on /mnt/c/Users/Admin/Desktop/ud_data/Dataslush_umang/airflow/airflow_venv/lib/python3.12/site-packages/airflow/example_dags/tutorial_taskflow_api.py
[2025-01-28T10:57:38.720+0000] {processor.py:914} INFO - Processing file /mnt/c/Users/Admin/Desktop/ud_data/Dataslush_umang/airflow/airflow_venv/lib/python3.12/site-packages/airflow/example_dags/tutorial_taskflow_api.py for tasks to queue
[2025-01-28T10:57:38.726+0000] {logging_mixin.py:190} INFO - [2025-01-28T10:57:38.725+0000] {dagbag.py:588} INFO - Filling up the DagBag from /mnt/c/Users/Admin/Desktop/ud_data/Dataslush_umang/airflow/airflow_venv/lib/python3.12/site-packages/airflow/example_dags/tutorial_taskflow_api.py
[2025-01-28T10:57:38.845+0000] {processor.py:925} INFO - DAG(s) 'tutorial_taskflow_api' retrieved from /mnt/c/Users/Admin/Desktop/ud_data/Dataslush_umang/airflow/airflow_venv/lib/python3.12/site-packages/airflow/example_dags/tutorial_taskflow_api.py
[2025-01-28T10:57:38.874+0000] {logging_mixin.py:190} INFO - [2025-01-28T10:57:38.872+0000] {dag.py:3239} INFO - Sync 1 DAGs
[2025-01-28T10:57:38.894+0000] {logging_mixin.py:190} INFO - [2025-01-28T10:57:38.892+0000] {dag.py:4180} INFO - Setting next_dagrun for tutorial_taskflow_api to None, run_after=None
[2025-01-28T10:57:39.157+0000] {processor.py:208} INFO - Processing /mnt/c/Users/Admin/Desktop/ud_data/Dataslush_umang/airflow/airflow_venv/lib/python3.12/site-packages/airflow/example_dags/tutorial_taskflow_api.py took 0.614 seconds
[2025-01-28T10:58:17.660+0000] {processor.py:186} INFO - Started process (PID=19258) to work on /mnt/c/Users/Admin/Desktop/ud_data/Dataslush_umang/airflow/airflow_venv/lib/python3.12/site-packages/airflow/example_dags/tutorial_taskflow_api.py
[2025-01-28T10:58:17.683+0000] {processor.py:914} INFO - Processing file /mnt/c/Users/Admin/Desktop/ud_data/Dataslush_umang/airflow/airflow_venv/lib/python3.12/site-packages/airflow/example_dags/tutorial_taskflow_api.py for tasks to queue
[2025-01-28T10:58:17.690+0000] {logging_mixin.py:190} INFO - [2025-01-28T10:58:17.688+0000] {dagbag.py:588} INFO - Filling up the DagBag from /mnt/c/Users/Admin/Desktop/ud_data/Dataslush_umang/airflow/airflow_venv/lib/python3.12/site-packages/airflow/example_dags/tutorial_taskflow_api.py
[2025-01-28T10:58:47.913+0000] {processor.py:925} INFO - DAG(s) 'tutorial_taskflow_api' retrieved from /mnt/c/Users/Admin/Desktop/ud_data/Dataslush_umang/airflow/airflow_venv/lib/python3.12/site-packages/airflow/example_dags/tutorial_taskflow_api.py
[2025-01-28T10:58:47.942+0000] {logging_mixin.py:190} INFO - [2025-01-28T10:58:47.940+0000] {dag.py:3239} INFO - Sync 1 DAGs
[2025-01-28T10:58:47.959+0000] {logging_mixin.py:190} INFO - [2025-01-28T10:58:47.957+0000] {dag.py:4180} INFO - Setting next_dagrun for tutorial_taskflow_api to None, run_after=None
[2025-01-28T10:58:48.001+0000] {processor.py:208} INFO - Processing /mnt/c/Users/Admin/Desktop/ud_data/Dataslush_umang/airflow/airflow_venv/lib/python3.12/site-packages/airflow/example_dags/tutorial_taskflow_api.py took 0.276 seconds
[2025-01-28T10:59:47.515+0000] {processor.py:186} INFO - Started process (PID=19435) to work on /mnt/c/Users/Admin/Desktop/ud_data/Dataslush_umang/airflow/airflow_venv/lib/python3.12/site-packages/airflow/example_dags/tutorial_taskflow_api.py
[2025-01-28T10:59:47.518+0000] {processor.py:914} INFO - Processing file /mnt/c/Users/Admin/Desktop/ud_data/Dataslush_umang/airflow/airflow_venv/lib/python3.12/site-packages/airflow/example_dags/tutorial_taskflow_api.py for tasks to queue
[2025-01-28T10:59:47.525+0000] {logging_mixin.py:190} INFO - [2025-01-28T10:59:47.522+0000] {dagbag.py:588} INFO - Filling up the DagBag from /mnt/c/Users/Admin/Desktop/ud_data/Dataslush_umang/airflow/airflow_venv/lib/python3.12/site-packages/airflow/example_dags/tutorial_taskflow_api.py
[2025-01-28T10:59:47.645+0000] {processor.py:925} INFO - DAG(s) 'tutorial_taskflow_api' retrieved from /mnt/c/Users/Admin/Desktop/ud_data/Dataslush_umang/airflow/airflow_venv/lib/python3.12/site-packages/airflow/example_dags/tutorial_taskflow_api.py
[2025-01-28T10:59:47.680+0000] {logging_mixin.py:190} INFO - [2025-01-28T10:59:47.678+0000] {dag.py:3239} INFO - Sync 1 DAGs
[2025-01-28T10:59:47.704+0000] {logging_mixin.py:190} INFO - [2025-01-28T10:59:47.703+0000] {dag.py:4180} INFO - Setting next_dagrun for tutorial_taskflow_api to None, run_after=None
[2025-01-28T10:59:47.751+0000] {processor.py:208} INFO - Processing /mnt/c/Users/Admin/Desktop/ud_data/Dataslush_umang/airflow/airflow_venv/lib/python3.12/site-packages/airflow/example_dags/tutorial_taskflow_api.py took 0.261 seconds
[2025-01-28T11:00:48.458+0000] {processor.py:186} INFO - Started process (PID=19535) to work on /mnt/c/Users/Admin/Desktop/ud_data/Dataslush_umang/airflow/airflow_venv/lib/python3.12/site-packages/airflow/example_dags/tutorial_taskflow_api.py
[2025-01-28T11:00:48.462+0000] {processor.py:914} INFO - Processing file /mnt/c/Users/Admin/Desktop/ud_data/Dataslush_umang/airflow/airflow_venv/lib/python3.12/site-packages/airflow/example_dags/tutorial_taskflow_api.py for tasks to queue
[2025-01-28T11:00:48.579+0000] {logging_mixin.py:190} INFO - [2025-01-28T11:00:48.578+0000] {dagbag.py:588} INFO - Filling up the DagBag from /mnt/c/Users/Admin/Desktop/ud_data/Dataslush_umang/airflow/airflow_venv/lib/python3.12/site-packages/airflow/example_dags/tutorial_taskflow_api.py
[2025-01-28T11:00:48.690+0000] {processor.py:925} INFO - DAG(s) 'tutorial_taskflow_api' retrieved from /mnt/c/Users/Admin/Desktop/ud_data/Dataslush_umang/airflow/airflow_venv/lib/python3.12/site-packages/airflow/example_dags/tutorial_taskflow_api.py
[2025-01-28T11:00:48.725+0000] {logging_mixin.py:190} INFO - [2025-01-28T11:00:48.723+0000] {dag.py:3239} INFO - Sync 1 DAGs
[2025-01-28T11:00:48.751+0000] {logging_mixin.py:190} INFO - [2025-01-28T11:00:48.750+0000] {dag.py:4180} INFO - Setting next_dagrun for tutorial_taskflow_api to None, run_after=None
[2025-01-28T11:00:49.212+0000] {processor.py:208} INFO - Processing /mnt/c/Users/Admin/Desktop/ud_data/Dataslush_umang/airflow/airflow_venv/lib/python3.12/site-packages/airflow/example_dags/tutorial_taskflow_api.py took 0.775 seconds
[2025-01-28T11:01:42.096+0000] {processor.py:186} INFO - Started process (PID=19602) to work on /mnt/c/Users/Admin/Desktop/ud_data/Dataslush_umang/airflow/airflow_venv/lib/python3.12/site-packages/airflow/example_dags/tutorial_taskflow_api.py
[2025-01-28T11:01:42.100+0000] {processor.py:914} INFO - Processing file /mnt/c/Users/Admin/Desktop/ud_data/Dataslush_umang/airflow/airflow_venv/lib/python3.12/site-packages/airflow/example_dags/tutorial_taskflow_api.py for tasks to queue
[2025-01-28T11:01:42.107+0000] {logging_mixin.py:190} INFO - [2025-01-28T11:01:42.105+0000] {dagbag.py:588} INFO - Filling up the DagBag from /mnt/c/Users/Admin/Desktop/ud_data/Dataslush_umang/airflow/airflow_venv/lib/python3.12/site-packages/airflow/example_dags/tutorial_taskflow_api.py
[2025-01-28T11:01:42.233+0000] {processor.py:925} INFO - DAG(s) 'tutorial_taskflow_api' retrieved from /mnt/c/Users/Admin/Desktop/ud_data/Dataslush_umang/airflow/airflow_venv/lib/python3.12/site-packages/airflow/example_dags/tutorial_taskflow_api.py
[2025-01-28T11:01:42.311+0000] {logging_mixin.py:190} INFO - [2025-01-28T11:01:42.308+0000] {dag.py:3239} INFO - Sync 1 DAGs
[2025-01-28T11:01:42.342+0000] {logging_mixin.py:190} INFO - [2025-01-28T11:01:42.340+0000] {dag.py:4180} INFO - Setting next_dagrun for tutorial_taskflow_api to None, run_after=None
[2025-01-28T11:01:42.397+0000] {processor.py:208} INFO - Processing /mnt/c/Users/Admin/Desktop/ud_data/Dataslush_umang/airflow/airflow_venv/lib/python3.12/site-packages/airflow/example_dags/tutorial_taskflow_api.py took 0.327 seconds
[2025-01-28T11:03:25.135+0000] {processor.py:186} INFO - Started process (PID=19720) to work on /mnt/c/Users/Admin/Desktop/ud_data/Dataslush_umang/airflow/airflow_venv/lib/python3.12/site-packages/airflow/example_dags/tutorial_taskflow_api.py
[2025-01-28T11:03:25.281+0000] {processor.py:914} INFO - Processing file /mnt/c/Users/Admin/Desktop/ud_data/Dataslush_umang/airflow/airflow_venv/lib/python3.12/site-packages/airflow/example_dags/tutorial_taskflow_api.py for tasks to queue
[2025-01-28T11:03:25.289+0000] {logging_mixin.py:190} INFO - [2025-01-28T11:03:25.287+0000] {dagbag.py:588} INFO - Filling up the DagBag from /mnt/c/Users/Admin/Desktop/ud_data/Dataslush_umang/airflow/airflow_venv/lib/python3.12/site-packages/airflow/example_dags/tutorial_taskflow_api.py
[2025-01-28T11:03:25.407+0000] {processor.py:925} INFO - DAG(s) 'tutorial_taskflow_api' retrieved from /mnt/c/Users/Admin/Desktop/ud_data/Dataslush_umang/airflow/airflow_venv/lib/python3.12/site-packages/airflow/example_dags/tutorial_taskflow_api.py
[2025-01-28T11:03:25.454+0000] {logging_mixin.py:190} INFO - [2025-01-28T11:03:25.452+0000] {dag.py:3239} INFO - Sync 1 DAGs
[2025-01-28T11:03:25.480+0000] {logging_mixin.py:190} INFO - [2025-01-28T11:03:25.479+0000] {dag.py:4180} INFO - Setting next_dagrun for tutorial_taskflow_api to None, run_after=None
[2025-01-28T11:03:27.458+0000] {processor.py:208} INFO - Processing /mnt/c/Users/Admin/Desktop/ud_data/Dataslush_umang/airflow/airflow_venv/lib/python3.12/site-packages/airflow/example_dags/tutorial_taskflow_api.py took 2.338 seconds
[2025-01-28T11:04:28.083+0000] {processor.py:186} INFO - Started process (PID=19902) to work on /mnt/c/Users/Admin/Desktop/ud_data/Dataslush_umang/airflow/airflow_venv/lib/python3.12/site-packages/airflow/example_dags/tutorial_taskflow_api.py
[2025-01-28T11:04:28.086+0000] {processor.py:914} INFO - Processing file /mnt/c/Users/Admin/Desktop/ud_data/Dataslush_umang/airflow/airflow_venv/lib/python3.12/site-packages/airflow/example_dags/tutorial_taskflow_api.py for tasks to queue
[2025-01-28T11:04:28.093+0000] {logging_mixin.py:190} INFO - [2025-01-28T11:04:28.091+0000] {dagbag.py:588} INFO - Filling up the DagBag from /mnt/c/Users/Admin/Desktop/ud_data/Dataslush_umang/airflow/airflow_venv/lib/python3.12/site-packages/airflow/example_dags/tutorial_taskflow_api.py
[2025-01-28T11:04:28.195+0000] {processor.py:925} INFO - DAG(s) 'tutorial_taskflow_api' retrieved from /mnt/c/Users/Admin/Desktop/ud_data/Dataslush_umang/airflow/airflow_venv/lib/python3.12/site-packages/airflow/example_dags/tutorial_taskflow_api.py
[2025-01-28T11:04:28.231+0000] {logging_mixin.py:190} INFO - [2025-01-28T11:04:28.230+0000] {dag.py:3239} INFO - Sync 1 DAGs
[2025-01-28T11:04:28.253+0000] {logging_mixin.py:190} INFO - [2025-01-28T11:04:28.252+0000] {dag.py:4180} INFO - Setting next_dagrun for tutorial_taskflow_api to None, run_after=None
[2025-01-28T11:04:28.294+0000] {processor.py:208} INFO - Processing /mnt/c/Users/Admin/Desktop/ud_data/Dataslush_umang/airflow/airflow_venv/lib/python3.12/site-packages/airflow/example_dags/tutorial_taskflow_api.py took 0.237 seconds
[2025-01-28T11:05:16.731+0000] {processor.py:186} INFO - Started process (PID=19964) to work on /mnt/c/Users/Admin/Desktop/ud_data/Dataslush_umang/airflow/airflow_venv/lib/python3.12/site-packages/airflow/example_dags/tutorial_taskflow_api.py
[2025-01-28T11:05:16.734+0000] {processor.py:914} INFO - Processing file /mnt/c/Users/Admin/Desktop/ud_data/Dataslush_umang/airflow/airflow_venv/lib/python3.12/site-packages/airflow/example_dags/tutorial_taskflow_api.py for tasks to queue
[2025-01-28T11:05:16.740+0000] {logging_mixin.py:190} INFO - [2025-01-28T11:05:16.738+0000] {dagbag.py:588} INFO - Filling up the DagBag from /mnt/c/Users/Admin/Desktop/ud_data/Dataslush_umang/airflow/airflow_venv/lib/python3.12/site-packages/airflow/example_dags/tutorial_taskflow_api.py
[2025-01-28T11:05:16.856+0000] {processor.py:925} INFO - DAG(s) 'tutorial_taskflow_api' retrieved from /mnt/c/Users/Admin/Desktop/ud_data/Dataslush_umang/airflow/airflow_venv/lib/python3.12/site-packages/airflow/example_dags/tutorial_taskflow_api.py
[2025-01-28T11:05:16.884+0000] {logging_mixin.py:190} INFO - [2025-01-28T11:05:16.882+0000] {dag.py:3239} INFO - Sync 1 DAGs
[2025-01-28T11:05:16.902+0000] {logging_mixin.py:190} INFO - [2025-01-28T11:05:16.900+0000] {dag.py:4180} INFO - Setting next_dagrun for tutorial_taskflow_api to None, run_after=None
[2025-01-28T11:05:16.945+0000] {processor.py:208} INFO - Processing /mnt/c/Users/Admin/Desktop/ud_data/Dataslush_umang/airflow/airflow_venv/lib/python3.12/site-packages/airflow/example_dags/tutorial_taskflow_api.py took 0.239 seconds
[2025-01-28T11:06:24.192+0000] {processor.py:186} INFO - Started process (PID=20019) to work on /mnt/c/Users/Admin/Desktop/ud_data/Dataslush_umang/airflow/airflow_venv/lib/python3.12/site-packages/airflow/example_dags/tutorial_taskflow_api.py
[2025-01-28T11:06:24.194+0000] {processor.py:914} INFO - Processing file /mnt/c/Users/Admin/Desktop/ud_data/Dataslush_umang/airflow/airflow_venv/lib/python3.12/site-packages/airflow/example_dags/tutorial_taskflow_api.py for tasks to queue
[2025-01-28T11:06:24.202+0000] {logging_mixin.py:190} INFO - [2025-01-28T11:06:24.199+0000] {dagbag.py:588} INFO - Filling up the DagBag from /mnt/c/Users/Admin/Desktop/ud_data/Dataslush_umang/airflow/airflow_venv/lib/python3.12/site-packages/airflow/example_dags/tutorial_taskflow_api.py
[2025-01-28T11:06:24.303+0000] {processor.py:925} INFO - DAG(s) 'tutorial_taskflow_api' retrieved from /mnt/c/Users/Admin/Desktop/ud_data/Dataslush_umang/airflow/airflow_venv/lib/python3.12/site-packages/airflow/example_dags/tutorial_taskflow_api.py
[2025-01-28T11:06:24.335+0000] {logging_mixin.py:190} INFO - [2025-01-28T11:06:24.332+0000] {dag.py:3239} INFO - Sync 1 DAGs
[2025-01-28T11:06:24.355+0000] {logging_mixin.py:190} INFO - [2025-01-28T11:06:24.354+0000] {dag.py:4180} INFO - Setting next_dagrun for tutorial_taskflow_api to None, run_after=None
[2025-01-28T11:06:24.398+0000] {processor.py:208} INFO - Processing /mnt/c/Users/Admin/Desktop/ud_data/Dataslush_umang/airflow/airflow_venv/lib/python3.12/site-packages/airflow/example_dags/tutorial_taskflow_api.py took 0.233 seconds
[2025-01-28T11:07:24.603+0000] {processor.py:186} INFO - Started process (PID=20090) to work on /mnt/c/Users/Admin/Desktop/ud_data/Dataslush_umang/airflow/airflow_venv/lib/python3.12/site-packages/airflow/example_dags/tutorial_taskflow_api.py
[2025-01-28T11:07:24.648+0000] {processor.py:914} INFO - Processing file /mnt/c/Users/Admin/Desktop/ud_data/Dataslush_umang/airflow/airflow_venv/lib/python3.12/site-packages/airflow/example_dags/tutorial_taskflow_api.py for tasks to queue
[2025-01-28T11:07:24.655+0000] {logging_mixin.py:190} INFO - [2025-01-28T11:07:24.653+0000] {dagbag.py:588} INFO - Filling up the DagBag from /mnt/c/Users/Admin/Desktop/ud_data/Dataslush_umang/airflow/airflow_venv/lib/python3.12/site-packages/airflow/example_dags/tutorial_taskflow_api.py
[2025-01-28T11:07:24.752+0000] {processor.py:925} INFO - DAG(s) 'tutorial_taskflow_api' retrieved from /mnt/c/Users/Admin/Desktop/ud_data/Dataslush_umang/airflow/airflow_venv/lib/python3.12/site-packages/airflow/example_dags/tutorial_taskflow_api.py
[2025-01-28T11:07:24.780+0000] {logging_mixin.py:190} INFO - [2025-01-28T11:07:24.778+0000] {dag.py:3239} INFO - Sync 1 DAGs
[2025-01-28T11:07:24.795+0000] {logging_mixin.py:190} INFO - [2025-01-28T11:07:24.793+0000] {dag.py:4180} INFO - Setting next_dagrun for tutorial_taskflow_api to None, run_after=None
[2025-01-28T11:07:25.110+0000] {processor.py:208} INFO - Processing /mnt/c/Users/Admin/Desktop/ud_data/Dataslush_umang/airflow/airflow_venv/lib/python3.12/site-packages/airflow/example_dags/tutorial_taskflow_api.py took 0.531 seconds
[2025-01-28T11:08:10.302+0000] {processor.py:186} INFO - Started process (PID=20191) to work on /mnt/c/Users/Admin/Desktop/ud_data/Dataslush_umang/airflow/airflow_venv/lib/python3.12/site-packages/airflow/example_dags/tutorial_taskflow_api.py
[2025-01-28T11:08:10.426+0000] {processor.py:914} INFO - Processing file /mnt/c/Users/Admin/Desktop/ud_data/Dataslush_umang/airflow/airflow_venv/lib/python3.12/site-packages/airflow/example_dags/tutorial_taskflow_api.py for tasks to queue
[2025-01-28T11:08:10.434+0000] {logging_mixin.py:190} INFO - [2025-01-28T11:08:10.431+0000] {dagbag.py:588} INFO - Filling up the DagBag from /mnt/c/Users/Admin/Desktop/ud_data/Dataslush_umang/airflow/airflow_venv/lib/python3.12/site-packages/airflow/example_dags/tutorial_taskflow_api.py
[2025-01-28T11:08:10.554+0000] {processor.py:925} INFO - DAG(s) 'tutorial_taskflow_api' retrieved from /mnt/c/Users/Admin/Desktop/ud_data/Dataslush_umang/airflow/airflow_venv/lib/python3.12/site-packages/airflow/example_dags/tutorial_taskflow_api.py
[2025-01-28T11:08:10.587+0000] {logging_mixin.py:190} INFO - [2025-01-28T11:08:10.586+0000] {dag.py:3239} INFO - Sync 1 DAGs
[2025-01-28T11:08:10.609+0000] {logging_mixin.py:190} INFO - [2025-01-28T11:08:10.607+0000] {dag.py:4180} INFO - Setting next_dagrun for tutorial_taskflow_api to None, run_after=None
[2025-01-28T11:08:10.657+0000] {processor.py:208} INFO - Processing /mnt/c/Users/Admin/Desktop/ud_data/Dataslush_umang/airflow/airflow_venv/lib/python3.12/site-packages/airflow/example_dags/tutorial_taskflow_api.py took 0.384 seconds
[2025-01-28T11:08:56.762+0000] {processor.py:186} INFO - Started process (PID=20261) to work on /mnt/c/Users/Admin/Desktop/ud_data/Dataslush_umang/airflow/airflow_venv/lib/python3.12/site-packages/airflow/example_dags/tutorial_taskflow_api.py
[2025-01-28T11:08:56.765+0000] {processor.py:914} INFO - Processing file /mnt/c/Users/Admin/Desktop/ud_data/Dataslush_umang/airflow/airflow_venv/lib/python3.12/site-packages/airflow/example_dags/tutorial_taskflow_api.py for tasks to queue
[2025-01-28T11:08:56.771+0000] {logging_mixin.py:190} INFO - [2025-01-28T11:08:56.770+0000] {dagbag.py:588} INFO - Filling up the DagBag from /mnt/c/Users/Admin/Desktop/ud_data/Dataslush_umang/airflow/airflow_venv/lib/python3.12/site-packages/airflow/example_dags/tutorial_taskflow_api.py
[2025-01-28T11:08:56.893+0000] {processor.py:925} INFO - DAG(s) 'tutorial_taskflow_api' retrieved from /mnt/c/Users/Admin/Desktop/ud_data/Dataslush_umang/airflow/airflow_venv/lib/python3.12/site-packages/airflow/example_dags/tutorial_taskflow_api.py
[2025-01-28T11:08:56.920+0000] {logging_mixin.py:190} INFO - [2025-01-28T11:08:56.918+0000] {dag.py:3239} INFO - Sync 1 DAGs
[2025-01-28T11:08:56.942+0000] {logging_mixin.py:190} INFO - [2025-01-28T11:08:56.940+0000] {dag.py:4180} INFO - Setting next_dagrun for tutorial_taskflow_api to None, run_after=None
[2025-01-28T11:08:56.991+0000] {processor.py:208} INFO - Processing /mnt/c/Users/Admin/Desktop/ud_data/Dataslush_umang/airflow/airflow_venv/lib/python3.12/site-packages/airflow/example_dags/tutorial_taskflow_api.py took 0.253 seconds
[2025-01-28T11:09:47.756+0000] {processor.py:186} INFO - Started process (PID=20400) to work on /mnt/c/Users/Admin/Desktop/ud_data/Dataslush_umang/airflow/airflow_venv/lib/python3.12/site-packages/airflow/example_dags/tutorial_taskflow_api.py
[2025-01-28T11:09:47.759+0000] {processor.py:914} INFO - Processing file /mnt/c/Users/Admin/Desktop/ud_data/Dataslush_umang/airflow/airflow_venv/lib/python3.12/site-packages/airflow/example_dags/tutorial_taskflow_api.py for tasks to queue
[2025-01-28T11:09:47.765+0000] {logging_mixin.py:190} INFO - [2025-01-28T11:09:47.763+0000] {dagbag.py:588} INFO - Filling up the DagBag from /mnt/c/Users/Admin/Desktop/ud_data/Dataslush_umang/airflow/airflow_venv/lib/python3.12/site-packages/airflow/example_dags/tutorial_taskflow_api.py
[2025-01-28T11:09:47.877+0000] {processor.py:925} INFO - DAG(s) 'tutorial_taskflow_api' retrieved from /mnt/c/Users/Admin/Desktop/ud_data/Dataslush_umang/airflow/airflow_venv/lib/python3.12/site-packages/airflow/example_dags/tutorial_taskflow_api.py
[2025-01-28T11:09:47.912+0000] {logging_mixin.py:190} INFO - [2025-01-28T11:09:47.910+0000] {dag.py:3239} INFO - Sync 1 DAGs
[2025-01-28T11:09:47.944+0000] {logging_mixin.py:190} INFO - [2025-01-28T11:09:47.942+0000] {dag.py:4180} INFO - Setting next_dagrun for tutorial_taskflow_api to None, run_after=None
[2025-01-28T11:09:48.043+0000] {processor.py:208} INFO - Processing /mnt/c/Users/Admin/Desktop/ud_data/Dataslush_umang/airflow/airflow_venv/lib/python3.12/site-packages/airflow/example_dags/tutorial_taskflow_api.py took 0.317 seconds
[2025-01-28T11:11:21.604+0000] {processor.py:186} INFO - Started process (PID=20521) to work on /mnt/c/Users/Admin/Desktop/ud_data/Dataslush_umang/airflow/airflow_venv/lib/python3.12/site-packages/airflow/example_dags/tutorial_taskflow_api.py
[2025-01-28T11:11:21.607+0000] {processor.py:914} INFO - Processing file /mnt/c/Users/Admin/Desktop/ud_data/Dataslush_umang/airflow/airflow_venv/lib/python3.12/site-packages/airflow/example_dags/tutorial_taskflow_api.py for tasks to queue
[2025-01-28T11:11:21.612+0000] {logging_mixin.py:190} INFO - [2025-01-28T11:11:21.610+0000] {dagbag.py:588} INFO - Filling up the DagBag from /mnt/c/Users/Admin/Desktop/ud_data/Dataslush_umang/airflow/airflow_venv/lib/python3.12/site-packages/airflow/example_dags/tutorial_taskflow_api.py
[2025-01-28T11:11:21.717+0000] {processor.py:925} INFO - DAG(s) 'tutorial_taskflow_api' retrieved from /mnt/c/Users/Admin/Desktop/ud_data/Dataslush_umang/airflow/airflow_venv/lib/python3.12/site-packages/airflow/example_dags/tutorial_taskflow_api.py
[2025-01-28T11:11:21.746+0000] {logging_mixin.py:190} INFO - [2025-01-28T11:11:21.744+0000] {dag.py:3239} INFO - Sync 1 DAGs
[2025-01-28T11:11:21.776+0000] {logging_mixin.py:190} INFO - [2025-01-28T11:11:21.774+0000] {dag.py:4180} INFO - Setting next_dagrun for tutorial_taskflow_api to None, run_after=None
[2025-01-28T11:11:21.945+0000] {processor.py:208} INFO - Processing /mnt/c/Users/Admin/Desktop/ud_data/Dataslush_umang/airflow/airflow_venv/lib/python3.12/site-packages/airflow/example_dags/tutorial_taskflow_api.py took 0.364 seconds
[2025-01-28T11:12:08.859+0000] {processor.py:186} INFO - Started process (PID=20579) to work on /mnt/c/Users/Admin/Desktop/ud_data/Dataslush_umang/airflow/airflow_venv/lib/python3.12/site-packages/airflow/example_dags/tutorial_taskflow_api.py
[2025-01-28T11:12:39.400+0000] {processor.py:914} INFO - Processing file /mnt/c/Users/Admin/Desktop/ud_data/Dataslush_umang/airflow/airflow_venv/lib/python3.12/site-packages/airflow/example_dags/tutorial_taskflow_api.py for tasks to queue
[2025-01-28T11:12:39.409+0000] {logging_mixin.py:190} INFO - [2025-01-28T11:12:39.407+0000] {dagbag.py:588} INFO - Filling up the DagBag from /mnt/c/Users/Admin/Desktop/ud_data/Dataslush_umang/airflow/airflow_venv/lib/python3.12/site-packages/airflow/example_dags/tutorial_taskflow_api.py
[2025-01-28T11:12:39.541+0000] {processor.py:925} INFO - DAG(s) 'tutorial_taskflow_api' retrieved from /mnt/c/Users/Admin/Desktop/ud_data/Dataslush_umang/airflow/airflow_venv/lib/python3.12/site-packages/airflow/example_dags/tutorial_taskflow_api.py
[2025-01-28T11:12:09.487+0000] {logging_mixin.py:190} INFO - [2025-01-28T11:12:09.486+0000] {dag.py:3239} INFO - Sync 1 DAGs
[2025-01-28T11:12:09.508+0000] {logging_mixin.py:190} INFO - [2025-01-28T11:12:09.507+0000] {dag.py:4180} INFO - Setting next_dagrun for tutorial_taskflow_api to None, run_after=None
[2025-01-28T11:12:10.592+0000] {processor.py:208} INFO - Processing /mnt/c/Users/Admin/Desktop/ud_data/Dataslush_umang/airflow/airflow_venv/lib/python3.12/site-packages/airflow/example_dags/tutorial_taskflow_api.py took 1.777 seconds
[2025-01-28T11:12:56.421+0000] {processor.py:186} INFO - Started process (PID=20632) to work on /mnt/c/Users/Admin/Desktop/ud_data/Dataslush_umang/airflow/airflow_venv/lib/python3.12/site-packages/airflow/example_dags/tutorial_taskflow_api.py
[2025-01-28T11:12:56.424+0000] {processor.py:914} INFO - Processing file /mnt/c/Users/Admin/Desktop/ud_data/Dataslush_umang/airflow/airflow_venv/lib/python3.12/site-packages/airflow/example_dags/tutorial_taskflow_api.py for tasks to queue
[2025-01-28T11:12:56.431+0000] {logging_mixin.py:190} INFO - [2025-01-28T11:12:56.429+0000] {dagbag.py:588} INFO - Filling up the DagBag from /mnt/c/Users/Admin/Desktop/ud_data/Dataslush_umang/airflow/airflow_venv/lib/python3.12/site-packages/airflow/example_dags/tutorial_taskflow_api.py
[2025-01-28T11:12:56.555+0000] {processor.py:925} INFO - DAG(s) 'tutorial_taskflow_api' retrieved from /mnt/c/Users/Admin/Desktop/ud_data/Dataslush_umang/airflow/airflow_venv/lib/python3.12/site-packages/airflow/example_dags/tutorial_taskflow_api.py
[2025-01-28T11:12:56.594+0000] {logging_mixin.py:190} INFO - [2025-01-28T11:12:56.592+0000] {dag.py:3239} INFO - Sync 1 DAGs
[2025-01-28T11:12:56.610+0000] {logging_mixin.py:190} INFO - [2025-01-28T11:12:56.608+0000] {dag.py:4180} INFO - Setting next_dagrun for tutorial_taskflow_api to None, run_after=None
[2025-01-28T11:12:56.752+0000] {processor.py:208} INFO - Processing /mnt/c/Users/Admin/Desktop/ud_data/Dataslush_umang/airflow/airflow_venv/lib/python3.12/site-packages/airflow/example_dags/tutorial_taskflow_api.py took 0.358 seconds
[2025-01-28T11:13:45.604+0000] {processor.py:186} INFO - Started process (PID=20691) to work on /mnt/c/Users/Admin/Desktop/ud_data/Dataslush_umang/airflow/airflow_venv/lib/python3.12/site-packages/airflow/example_dags/tutorial_taskflow_api.py
[2025-01-28T11:13:45.737+0000] {processor.py:914} INFO - Processing file /mnt/c/Users/Admin/Desktop/ud_data/Dataslush_umang/airflow/airflow_venv/lib/python3.12/site-packages/airflow/example_dags/tutorial_taskflow_api.py for tasks to queue
[2025-01-28T11:13:45.742+0000] {logging_mixin.py:190} INFO - [2025-01-28T11:13:45.741+0000] {dagbag.py:588} INFO - Filling up the DagBag from /mnt/c/Users/Admin/Desktop/ud_data/Dataslush_umang/airflow/airflow_venv/lib/python3.12/site-packages/airflow/example_dags/tutorial_taskflow_api.py
[2025-01-28T11:13:45.836+0000] {processor.py:925} INFO - DAG(s) 'tutorial_taskflow_api' retrieved from /mnt/c/Users/Admin/Desktop/ud_data/Dataslush_umang/airflow/airflow_venv/lib/python3.12/site-packages/airflow/example_dags/tutorial_taskflow_api.py
[2025-01-28T11:13:45.861+0000] {logging_mixin.py:190} INFO - [2025-01-28T11:13:45.860+0000] {dag.py:3239} INFO - Sync 1 DAGs
[2025-01-28T11:13:45.884+0000] {logging_mixin.py:190} INFO - [2025-01-28T11:13:45.883+0000] {dag.py:4180} INFO - Setting next_dagrun for tutorial_taskflow_api to None, run_after=None
[2025-01-28T11:13:46.134+0000] {processor.py:208} INFO - Processing /mnt/c/Users/Admin/Desktop/ud_data/Dataslush_umang/airflow/airflow_venv/lib/python3.12/site-packages/airflow/example_dags/tutorial_taskflow_api.py took 0.555 seconds
[2025-01-28T11:14:29.996+0000] {processor.py:186} INFO - Started process (PID=20744) to work on /mnt/c/Users/Admin/Desktop/ud_data/Dataslush_umang/airflow/airflow_venv/lib/python3.12/site-packages/airflow/example_dags/tutorial_taskflow_api.py
[2025-01-28T11:14:29.998+0000] {processor.py:914} INFO - Processing file /mnt/c/Users/Admin/Desktop/ud_data/Dataslush_umang/airflow/airflow_venv/lib/python3.12/site-packages/airflow/example_dags/tutorial_taskflow_api.py for tasks to queue
[2025-01-28T11:14:30.006+0000] {logging_mixin.py:190} INFO - [2025-01-28T11:14:30.004+0000] {dagbag.py:588} INFO - Filling up the DagBag from /mnt/c/Users/Admin/Desktop/ud_data/Dataslush_umang/airflow/airflow_venv/lib/python3.12/site-packages/airflow/example_dags/tutorial_taskflow_api.py
[2025-01-28T11:14:30.114+0000] {processor.py:925} INFO - DAG(s) 'tutorial_taskflow_api' retrieved from /mnt/c/Users/Admin/Desktop/ud_data/Dataslush_umang/airflow/airflow_venv/lib/python3.12/site-packages/airflow/example_dags/tutorial_taskflow_api.py
[2025-01-28T11:14:30.150+0000] {logging_mixin.py:190} INFO - [2025-01-28T11:14:30.148+0000] {dag.py:3239} INFO - Sync 1 DAGs
[2025-01-28T11:14:30.171+0000] {logging_mixin.py:190} INFO - [2025-01-28T11:14:30.169+0000] {dag.py:4180} INFO - Setting next_dagrun for tutorial_taskflow_api to None, run_after=None
[2025-01-28T11:14:30.220+0000] {processor.py:208} INFO - Processing /mnt/c/Users/Admin/Desktop/ud_data/Dataslush_umang/airflow/airflow_venv/lib/python3.12/site-packages/airflow/example_dags/tutorial_taskflow_api.py took 0.248 seconds
