[2025-01-28T10:11:26.087+0000] {processor.py:186} INFO - Started process (PID=14678) to work on /mnt/c/Users/Admin/Desktop/ud_data/Dataslush_umang/airflow/airflow_venv/lib/python3.12/site-packages/airflow/example_dags/tutorial_dag.py
[2025-01-28T10:11:26.089+0000] {processor.py:914} INFO - Processing file /mnt/c/Users/Admin/Desktop/ud_data/Dataslush_umang/airflow/airflow_venv/lib/python3.12/site-packages/airflow/example_dags/tutorial_dag.py for tasks to queue
[2025-01-28T10:11:26.094+0000] {logging_mixin.py:190} INFO - [2025-01-28T10:11:26.093+0000] {dagbag.py:588} INFO - Filling up the DagBag from /mnt/c/Users/Admin/Desktop/ud_data/Dataslush_umang/airflow/airflow_venv/lib/python3.12/site-packages/airflow/example_dags/tutorial_dag.py
[2025-01-28T10:11:26.223+0000] {processor.py:925} INFO - DAG(s) 'tutorial_dag' retrieved from /mnt/c/Users/Admin/Desktop/ud_data/Dataslush_umang/airflow/airflow_venv/lib/python3.12/site-packages/airflow/example_dags/tutorial_dag.py
[2025-01-28T10:11:58.164+0000] {logging_mixin.py:190} INFO - [2025-01-28T10:11:58.162+0000] {override.py:1912} INFO - Created Permission View: can edit on DAG:tutorial_dag
[2025-01-28T10:11:58.193+0000] {logging_mixin.py:190} INFO - [2025-01-28T10:11:58.191+0000] {override.py:1912} INFO - Created Permission View: can read on DAG:tutorial_dag
[2025-01-28T10:11:58.217+0000] {logging_mixin.py:190} INFO - [2025-01-28T10:11:58.216+0000] {override.py:1912} INFO - Created Permission View: can delete on DAG:tutorial_dag
[2025-01-28T10:11:28.185+0000] {logging_mixin.py:190} INFO - [2025-01-28T10:11:28.183+0000] {override.py:1912} INFO - Created Permission View: can create on DAG Run:tutorial_dag
[2025-01-28T10:11:28.237+0000] {logging_mixin.py:190} INFO - [2025-01-28T10:11:28.236+0000] {override.py:1912} INFO - Created Permission View: menu access on DAG Run:tutorial_dag
[2025-01-28T10:11:28.275+0000] {logging_mixin.py:190} INFO - [2025-01-28T10:11:28.272+0000] {override.py:1912} INFO - Created Permission View: can read on DAG Run:tutorial_dag
[2025-01-28T10:11:28.305+0000] {logging_mixin.py:190} INFO - [2025-01-28T10:11:28.304+0000] {override.py:1912} INFO - Created Permission View: can delete on DAG Run:tutorial_dag
[2025-01-28T10:11:28.308+0000] {logging_mixin.py:190} INFO - [2025-01-28T10:11:28.307+0000] {dag.py:3239} INFO - Sync 1 DAGs
[2025-01-28T10:11:28.328+0000] {logging_mixin.py:190} INFO - [2025-01-28T10:11:28.326+0000] {dag.py:3262} INFO - Creating ORM DAG for tutorial_dag
[2025-01-28T10:11:28.331+0000] {logging_mixin.py:190} INFO - [2025-01-28T10:11:28.329+0000] {dag.py:4180} INFO - Setting next_dagrun for tutorial_dag to None, run_after=None
[2025-01-28T10:11:28.398+0000] {processor.py:208} INFO - Processing /mnt/c/Users/Admin/Desktop/ud_data/Dataslush_umang/airflow/airflow_venv/lib/python3.12/site-packages/airflow/example_dags/tutorial_dag.py took 2.341 seconds
[2025-01-28T10:14:50.415+0000] {processor.py:186} INFO - Started process (PID=14950) to work on /mnt/c/Users/Admin/Desktop/ud_data/Dataslush_umang/airflow/airflow_venv/lib/python3.12/site-packages/airflow/example_dags/tutorial_dag.py
[2025-01-28T10:14:50.419+0000] {processor.py:914} INFO - Processing file /mnt/c/Users/Admin/Desktop/ud_data/Dataslush_umang/airflow/airflow_venv/lib/python3.12/site-packages/airflow/example_dags/tutorial_dag.py for tasks to queue
[2025-01-28T10:14:50.424+0000] {logging_mixin.py:190} INFO - [2025-01-28T10:14:50.422+0000] {dagbag.py:588} INFO - Filling up the DagBag from /mnt/c/Users/Admin/Desktop/ud_data/Dataslush_umang/airflow/airflow_venv/lib/python3.12/site-packages/airflow/example_dags/tutorial_dag.py
[2025-01-28T10:14:50.520+0000] {processor.py:925} INFO - DAG(s) 'tutorial_dag' retrieved from /mnt/c/Users/Admin/Desktop/ud_data/Dataslush_umang/airflow/airflow_venv/lib/python3.12/site-packages/airflow/example_dags/tutorial_dag.py
[2025-01-28T10:14:50.545+0000] {logging_mixin.py:190} INFO - [2025-01-28T10:14:50.542+0000] {dag.py:3239} INFO - Sync 1 DAGs
[2025-01-28T10:14:50.565+0000] {logging_mixin.py:190} INFO - [2025-01-28T10:14:50.562+0000] {dag.py:4180} INFO - Setting next_dagrun for tutorial_dag to None, run_after=None
[2025-01-28T10:14:50.604+0000] {processor.py:208} INFO - Processing /mnt/c/Users/Admin/Desktop/ud_data/Dataslush_umang/airflow/airflow_venv/lib/python3.12/site-packages/airflow/example_dags/tutorial_dag.py took 0.212 seconds
[2025-01-28T10:15:56.018+0000] {processor.py:186} INFO - Started process (PID=15045) to work on /mnt/c/Users/Admin/Desktop/ud_data/Dataslush_umang/airflow/airflow_venv/lib/python3.12/site-packages/airflow/example_dags/tutorial_dag.py
[2025-01-28T10:15:56.188+0000] {processor.py:914} INFO - Processing file /mnt/c/Users/Admin/Desktop/ud_data/Dataslush_umang/airflow/airflow_venv/lib/python3.12/site-packages/airflow/example_dags/tutorial_dag.py for tasks to queue
[2025-01-28T10:15:56.202+0000] {logging_mixin.py:190} INFO - [2025-01-28T10:15:56.197+0000] {dagbag.py:588} INFO - Filling up the DagBag from /mnt/c/Users/Admin/Desktop/ud_data/Dataslush_umang/airflow/airflow_venv/lib/python3.12/site-packages/airflow/example_dags/tutorial_dag.py
[2025-01-28T10:15:56.317+0000] {processor.py:925} INFO - DAG(s) 'tutorial_dag' retrieved from /mnt/c/Users/Admin/Desktop/ud_data/Dataslush_umang/airflow/airflow_venv/lib/python3.12/site-packages/airflow/example_dags/tutorial_dag.py
[2025-01-28T10:15:56.341+0000] {logging_mixin.py:190} INFO - [2025-01-28T10:15:56.339+0000] {dag.py:3239} INFO - Sync 1 DAGs
[2025-01-28T10:15:56.355+0000] {logging_mixin.py:190} INFO - [2025-01-28T10:15:56.353+0000] {dag.py:4180} INFO - Setting next_dagrun for tutorial_dag to None, run_after=None
[2025-01-28T10:15:56.394+0000] {processor.py:208} INFO - Processing /mnt/c/Users/Admin/Desktop/ud_data/Dataslush_umang/airflow/airflow_venv/lib/python3.12/site-packages/airflow/example_dags/tutorial_dag.py took 0.395 seconds
[2025-01-28T10:16:46.106+0000] {processor.py:186} INFO - Started process (PID=15140) to work on /mnt/c/Users/Admin/Desktop/ud_data/Dataslush_umang/airflow/airflow_venv/lib/python3.12/site-packages/airflow/example_dags/tutorial_dag.py
[2025-01-28T10:16:46.110+0000] {processor.py:914} INFO - Processing file /mnt/c/Users/Admin/Desktop/ud_data/Dataslush_umang/airflow/airflow_venv/lib/python3.12/site-packages/airflow/example_dags/tutorial_dag.py for tasks to queue
[2025-01-28T10:16:46.115+0000] {logging_mixin.py:190} INFO - [2025-01-28T10:16:46.113+0000] {dagbag.py:588} INFO - Filling up the DagBag from /mnt/c/Users/Admin/Desktop/ud_data/Dataslush_umang/airflow/airflow_venv/lib/python3.12/site-packages/airflow/example_dags/tutorial_dag.py
[2025-01-28T10:16:46.214+0000] {processor.py:925} INFO - DAG(s) 'tutorial_dag' retrieved from /mnt/c/Users/Admin/Desktop/ud_data/Dataslush_umang/airflow/airflow_venv/lib/python3.12/site-packages/airflow/example_dags/tutorial_dag.py
[2025-01-28T10:16:46.239+0000] {logging_mixin.py:190} INFO - [2025-01-28T10:16:46.237+0000] {dag.py:3239} INFO - Sync 1 DAGs
[2025-01-28T10:16:46.252+0000] {logging_mixin.py:190} INFO - [2025-01-28T10:16:46.250+0000] {dag.py:4180} INFO - Setting next_dagrun for tutorial_dag to None, run_after=None
[2025-01-28T10:16:46.294+0000] {processor.py:208} INFO - Processing /mnt/c/Users/Admin/Desktop/ud_data/Dataslush_umang/airflow/airflow_venv/lib/python3.12/site-packages/airflow/example_dags/tutorial_dag.py took 0.210 seconds
[2025-01-28T10:17:46.112+0000] {processor.py:186} INFO - Started process (PID=15234) to work on /mnt/c/Users/Admin/Desktop/ud_data/Dataslush_umang/airflow/airflow_venv/lib/python3.12/site-packages/airflow/example_dags/tutorial_dag.py
[2025-01-28T10:17:46.120+0000] {processor.py:914} INFO - Processing file /mnt/c/Users/Admin/Desktop/ud_data/Dataslush_umang/airflow/airflow_venv/lib/python3.12/site-packages/airflow/example_dags/tutorial_dag.py for tasks to queue
[2025-01-28T10:17:46.134+0000] {logging_mixin.py:190} INFO - [2025-01-28T10:17:46.130+0000] {dagbag.py:588} INFO - Filling up the DagBag from /mnt/c/Users/Admin/Desktop/ud_data/Dataslush_umang/airflow/airflow_venv/lib/python3.12/site-packages/airflow/example_dags/tutorial_dag.py
[2025-01-28T10:17:46.421+0000] {processor.py:925} INFO - DAG(s) 'tutorial_dag' retrieved from /mnt/c/Users/Admin/Desktop/ud_data/Dataslush_umang/airflow/airflow_venv/lib/python3.12/site-packages/airflow/example_dags/tutorial_dag.py
[2025-01-28T10:17:46.473+0000] {logging_mixin.py:190} INFO - [2025-01-28T10:17:46.470+0000] {dag.py:3239} INFO - Sync 1 DAGs
[2025-01-28T10:17:46.507+0000] {logging_mixin.py:190} INFO - [2025-01-28T10:17:46.504+0000] {dag.py:4180} INFO - Setting next_dagrun for tutorial_dag to None, run_after=None
[2025-01-28T10:17:46.573+0000] {processor.py:208} INFO - Processing /mnt/c/Users/Admin/Desktop/ud_data/Dataslush_umang/airflow/airflow_venv/lib/python3.12/site-packages/airflow/example_dags/tutorial_dag.py took 0.513 seconds
[2025-01-28T10:18:56.944+0000] {processor.py:186} INFO - Started process (PID=15374) to work on /mnt/c/Users/Admin/Desktop/ud_data/Dataslush_umang/airflow/airflow_venv/lib/python3.12/site-packages/airflow/example_dags/tutorial_dag.py
[2025-01-28T10:18:56.947+0000] {processor.py:914} INFO - Processing file /mnt/c/Users/Admin/Desktop/ud_data/Dataslush_umang/airflow/airflow_venv/lib/python3.12/site-packages/airflow/example_dags/tutorial_dag.py for tasks to queue
[2025-01-28T10:18:56.951+0000] {logging_mixin.py:190} INFO - [2025-01-28T10:18:56.949+0000] {dagbag.py:588} INFO - Filling up the DagBag from /mnt/c/Users/Admin/Desktop/ud_data/Dataslush_umang/airflow/airflow_venv/lib/python3.12/site-packages/airflow/example_dags/tutorial_dag.py
[2025-01-28T10:18:57.139+0000] {processor.py:925} INFO - DAG(s) 'tutorial_dag' retrieved from /mnt/c/Users/Admin/Desktop/ud_data/Dataslush_umang/airflow/airflow_venv/lib/python3.12/site-packages/airflow/example_dags/tutorial_dag.py
[2025-01-28T10:18:57.205+0000] {logging_mixin.py:190} INFO - [2025-01-28T10:18:57.202+0000] {dag.py:3239} INFO - Sync 1 DAGs
[2025-01-28T10:18:57.242+0000] {logging_mixin.py:190} INFO - [2025-01-28T10:18:57.239+0000] {dag.py:4180} INFO - Setting next_dagrun for tutorial_dag to None, run_after=None
[2025-01-28T10:18:57.307+0000] {processor.py:208} INFO - Processing /mnt/c/Users/Admin/Desktop/ud_data/Dataslush_umang/airflow/airflow_venv/lib/python3.12/site-packages/airflow/example_dags/tutorial_dag.py took 0.384 seconds
[2025-01-28T10:20:14.524+0000] {processor.py:186} INFO - Started process (PID=15468) to work on /mnt/c/Users/Admin/Desktop/ud_data/Dataslush_umang/airflow/airflow_venv/lib/python3.12/site-packages/airflow/example_dags/tutorial_dag.py
[2025-01-28T10:20:14.705+0000] {processor.py:914} INFO - Processing file /mnt/c/Users/Admin/Desktop/ud_data/Dataslush_umang/airflow/airflow_venv/lib/python3.12/site-packages/airflow/example_dags/tutorial_dag.py for tasks to queue
[2025-01-28T10:20:14.711+0000] {logging_mixin.py:190} INFO - [2025-01-28T10:20:14.709+0000] {dagbag.py:588} INFO - Filling up the DagBag from /mnt/c/Users/Admin/Desktop/ud_data/Dataslush_umang/airflow/airflow_venv/lib/python3.12/site-packages/airflow/example_dags/tutorial_dag.py
[2025-01-28T10:20:14.825+0000] {processor.py:925} INFO - DAG(s) 'tutorial_dag' retrieved from /mnt/c/Users/Admin/Desktop/ud_data/Dataslush_umang/airflow/airflow_venv/lib/python3.12/site-packages/airflow/example_dags/tutorial_dag.py
[2025-01-28T10:20:14.850+0000] {logging_mixin.py:190} INFO - [2025-01-28T10:20:14.849+0000] {dag.py:3239} INFO - Sync 1 DAGs
[2025-01-28T10:20:14.871+0000] {logging_mixin.py:190} INFO - [2025-01-28T10:20:14.870+0000] {dag.py:4180} INFO - Setting next_dagrun for tutorial_dag to None, run_after=None
[2025-01-28T10:20:15.006+0000] {processor.py:208} INFO - Processing /mnt/c/Users/Admin/Desktop/ud_data/Dataslush_umang/airflow/airflow_venv/lib/python3.12/site-packages/airflow/example_dags/tutorial_dag.py took 0.506 seconds
[2025-01-28T10:22:14.244+0000] {processor.py:186} INFO - Started process (PID=15611) to work on /mnt/c/Users/Admin/Desktop/ud_data/Dataslush_umang/airflow/airflow_venv/lib/python3.12/site-packages/airflow/example_dags/tutorial_dag.py
[2025-01-28T10:22:14.249+0000] {processor.py:914} INFO - Processing file /mnt/c/Users/Admin/Desktop/ud_data/Dataslush_umang/airflow/airflow_venv/lib/python3.12/site-packages/airflow/example_dags/tutorial_dag.py for tasks to queue
[2025-01-28T10:22:14.258+0000] {logging_mixin.py:190} INFO - [2025-01-28T10:22:14.255+0000] {dagbag.py:588} INFO - Filling up the DagBag from /mnt/c/Users/Admin/Desktop/ud_data/Dataslush_umang/airflow/airflow_venv/lib/python3.12/site-packages/airflow/example_dags/tutorial_dag.py
[2025-01-28T10:21:44.385+0000] {processor.py:925} INFO - DAG(s) 'tutorial_dag' retrieved from /mnt/c/Users/Admin/Desktop/ud_data/Dataslush_umang/airflow/airflow_venv/lib/python3.12/site-packages/airflow/example_dags/tutorial_dag.py
[2025-01-28T10:21:44.436+0000] {logging_mixin.py:190} INFO - [2025-01-28T10:21:44.433+0000] {dag.py:3239} INFO - Sync 1 DAGs
[2025-01-28T10:21:44.468+0000] {logging_mixin.py:190} INFO - [2025-01-28T10:21:44.465+0000] {dag.py:4180} INFO - Setting next_dagrun for tutorial_dag to None, run_after=None
[2025-01-28T10:21:46.115+0000] {processor.py:208} INFO - Processing /mnt/c/Users/Admin/Desktop/ud_data/Dataslush_umang/airflow/airflow_venv/lib/python3.12/site-packages/airflow/example_dags/tutorial_dag.py took 2.036 seconds
[2025-01-28T10:23:26.762+0000] {processor.py:186} INFO - Started process (PID=15798) to work on /mnt/c/Users/Admin/Desktop/ud_data/Dataslush_umang/airflow/airflow_venv/lib/python3.12/site-packages/airflow/example_dags/tutorial_dag.py
[2025-01-28T10:23:26.767+0000] {processor.py:914} INFO - Processing file /mnt/c/Users/Admin/Desktop/ud_data/Dataslush_umang/airflow/airflow_venv/lib/python3.12/site-packages/airflow/example_dags/tutorial_dag.py for tasks to queue
[2025-01-28T10:23:26.777+0000] {logging_mixin.py:190} INFO - [2025-01-28T10:23:26.773+0000] {dagbag.py:588} INFO - Filling up the DagBag from /mnt/c/Users/Admin/Desktop/ud_data/Dataslush_umang/airflow/airflow_venv/lib/python3.12/site-packages/airflow/example_dags/tutorial_dag.py
[2025-01-28T10:23:26.957+0000] {processor.py:925} INFO - DAG(s) 'tutorial_dag' retrieved from /mnt/c/Users/Admin/Desktop/ud_data/Dataslush_umang/airflow/airflow_venv/lib/python3.12/site-packages/airflow/example_dags/tutorial_dag.py
[2025-01-28T10:23:27.103+0000] {logging_mixin.py:190} INFO - [2025-01-28T10:23:27.101+0000] {dag.py:3239} INFO - Sync 1 DAGs
[2025-01-28T10:23:27.121+0000] {logging_mixin.py:190} INFO - [2025-01-28T10:23:27.120+0000] {dag.py:4180} INFO - Setting next_dagrun for tutorial_dag to None, run_after=None
[2025-01-28T10:23:27.171+0000] {processor.py:208} INFO - Processing /mnt/c/Users/Admin/Desktop/ud_data/Dataslush_umang/airflow/airflow_venv/lib/python3.12/site-packages/airflow/example_dags/tutorial_dag.py took 0.461 seconds
[2025-01-28T10:25:07.146+0000] {processor.py:186} INFO - Started process (PID=15998) to work on /mnt/c/Users/Admin/Desktop/ud_data/Dataslush_umang/airflow/airflow_venv/lib/python3.12/site-packages/airflow/example_dags/tutorial_dag.py
[2025-01-28T10:25:07.154+0000] {processor.py:914} INFO - Processing file /mnt/c/Users/Admin/Desktop/ud_data/Dataslush_umang/airflow/airflow_venv/lib/python3.12/site-packages/airflow/example_dags/tutorial_dag.py for tasks to queue
[2025-01-28T10:25:07.167+0000] {logging_mixin.py:190} INFO - [2025-01-28T10:25:07.163+0000] {dagbag.py:588} INFO - Filling up the DagBag from /mnt/c/Users/Admin/Desktop/ud_data/Dataslush_umang/airflow/airflow_venv/lib/python3.12/site-packages/airflow/example_dags/tutorial_dag.py
[2025-01-28T10:25:07.496+0000] {processor.py:925} INFO - DAG(s) 'tutorial_dag' retrieved from /mnt/c/Users/Admin/Desktop/ud_data/Dataslush_umang/airflow/airflow_venv/lib/python3.12/site-packages/airflow/example_dags/tutorial_dag.py
[2025-01-28T10:25:07.542+0000] {logging_mixin.py:190} INFO - [2025-01-28T10:25:07.540+0000] {dag.py:3239} INFO - Sync 1 DAGs
[2025-01-28T10:25:07.568+0000] {logging_mixin.py:190} INFO - [2025-01-28T10:25:07.565+0000] {dag.py:4180} INFO - Setting next_dagrun for tutorial_dag to None, run_after=None
[2025-01-28T10:25:07.625+0000] {processor.py:208} INFO - Processing /mnt/c/Users/Admin/Desktop/ud_data/Dataslush_umang/airflow/airflow_venv/lib/python3.12/site-packages/airflow/example_dags/tutorial_dag.py took 0.546 seconds
[2025-01-28T10:26:23.658+0000] {processor.py:186} INFO - Started process (PID=16169) to work on /mnt/c/Users/Admin/Desktop/ud_data/Dataslush_umang/airflow/airflow_venv/lib/python3.12/site-packages/airflow/example_dags/tutorial_dag.py
[2025-01-28T10:26:23.661+0000] {processor.py:914} INFO - Processing file /mnt/c/Users/Admin/Desktop/ud_data/Dataslush_umang/airflow/airflow_venv/lib/python3.12/site-packages/airflow/example_dags/tutorial_dag.py for tasks to queue
[2025-01-28T10:26:23.666+0000] {logging_mixin.py:190} INFO - [2025-01-28T10:26:23.664+0000] {dagbag.py:588} INFO - Filling up the DagBag from /mnt/c/Users/Admin/Desktop/ud_data/Dataslush_umang/airflow/airflow_venv/lib/python3.12/site-packages/airflow/example_dags/tutorial_dag.py
[2025-01-28T10:26:23.770+0000] {processor.py:925} INFO - DAG(s) 'tutorial_dag' retrieved from /mnt/c/Users/Admin/Desktop/ud_data/Dataslush_umang/airflow/airflow_venv/lib/python3.12/site-packages/airflow/example_dags/tutorial_dag.py
[2025-01-28T10:26:23.795+0000] {logging_mixin.py:190} INFO - [2025-01-28T10:26:23.793+0000] {dag.py:3239} INFO - Sync 1 DAGs
[2025-01-28T10:26:23.815+0000] {logging_mixin.py:190} INFO - [2025-01-28T10:26:23.814+0000] {dag.py:4180} INFO - Setting next_dagrun for tutorial_dag to None, run_after=None
[2025-01-28T10:26:23.972+0000] {processor.py:208} INFO - Processing /mnt/c/Users/Admin/Desktop/ud_data/Dataslush_umang/airflow/airflow_venv/lib/python3.12/site-packages/airflow/example_dags/tutorial_dag.py took 0.336 seconds
[2025-01-28T10:27:50.758+0000] {processor.py:186} INFO - Started process (PID=16276) to work on /mnt/c/Users/Admin/Desktop/ud_data/Dataslush_umang/airflow/airflow_venv/lib/python3.12/site-packages/airflow/example_dags/tutorial_dag.py
[2025-01-28T10:27:51.174+0000] {processor.py:914} INFO - Processing file /mnt/c/Users/Admin/Desktop/ud_data/Dataslush_umang/airflow/airflow_venv/lib/python3.12/site-packages/airflow/example_dags/tutorial_dag.py for tasks to queue
[2025-01-28T10:27:51.190+0000] {logging_mixin.py:190} INFO - [2025-01-28T10:27:51.185+0000] {dagbag.py:588} INFO - Filling up the DagBag from /mnt/c/Users/Admin/Desktop/ud_data/Dataslush_umang/airflow/airflow_venv/lib/python3.12/site-packages/airflow/example_dags/tutorial_dag.py
[2025-01-28T10:27:51.514+0000] {processor.py:925} INFO - DAG(s) 'tutorial_dag' retrieved from /mnt/c/Users/Admin/Desktop/ud_data/Dataslush_umang/airflow/airflow_venv/lib/python3.12/site-packages/airflow/example_dags/tutorial_dag.py
[2025-01-28T10:27:51.584+0000] {logging_mixin.py:190} INFO - [2025-01-28T10:27:51.581+0000] {dag.py:3239} INFO - Sync 1 DAGs
[2025-01-28T10:27:51.618+0000] {logging_mixin.py:190} INFO - [2025-01-28T10:27:51.615+0000] {dag.py:4180} INFO - Setting next_dagrun for tutorial_dag to None, run_after=None
[2025-01-28T10:27:52.519+0000] {processor.py:208} INFO - Processing /mnt/c/Users/Admin/Desktop/ud_data/Dataslush_umang/airflow/airflow_venv/lib/python3.12/site-packages/airflow/example_dags/tutorial_dag.py took 1.830 seconds
[2025-01-28T10:29:44.947+0000] {processor.py:186} INFO - Started process (PID=16353) to work on /mnt/c/Users/Admin/Desktop/ud_data/Dataslush_umang/airflow/airflow_venv/lib/python3.12/site-packages/airflow/example_dags/tutorial_dag.py
[2025-01-28T10:29:44.951+0000] {processor.py:914} INFO - Processing file /mnt/c/Users/Admin/Desktop/ud_data/Dataslush_umang/airflow/airflow_venv/lib/python3.12/site-packages/airflow/example_dags/tutorial_dag.py for tasks to queue
[2025-01-28T10:29:44.958+0000] {logging_mixin.py:190} INFO - [2025-01-28T10:29:44.956+0000] {dagbag.py:588} INFO - Filling up the DagBag from /mnt/c/Users/Admin/Desktop/ud_data/Dataslush_umang/airflow/airflow_venv/lib/python3.12/site-packages/airflow/example_dags/tutorial_dag.py
[2025-01-28T10:29:14.988+0000] {processor.py:925} INFO - DAG(s) 'tutorial_dag' retrieved from /mnt/c/Users/Admin/Desktop/ud_data/Dataslush_umang/airflow/airflow_venv/lib/python3.12/site-packages/airflow/example_dags/tutorial_dag.py
[2025-01-28T10:29:15.019+0000] {logging_mixin.py:190} INFO - [2025-01-28T10:29:15.017+0000] {dag.py:3239} INFO - Sync 1 DAGs
[2025-01-28T10:29:15.038+0000] {logging_mixin.py:190} INFO - [2025-01-28T10:29:15.036+0000] {dag.py:4180} INFO - Setting next_dagrun for tutorial_dag to None, run_after=None
[2025-01-28T10:29:15.575+0000] {processor.py:208} INFO - Processing /mnt/c/Users/Admin/Desktop/ud_data/Dataslush_umang/airflow/airflow_venv/lib/python3.12/site-packages/airflow/example_dags/tutorial_dag.py took 0.741 seconds
[2025-01-28T10:30:38.557+0000] {processor.py:186} INFO - Started process (PID=16448) to work on /mnt/c/Users/Admin/Desktop/ud_data/Dataslush_umang/airflow/airflow_venv/lib/python3.12/site-packages/airflow/example_dags/tutorial_dag.py
[2025-01-28T10:30:38.643+0000] {processor.py:914} INFO - Processing file /mnt/c/Users/Admin/Desktop/ud_data/Dataslush_umang/airflow/airflow_venv/lib/python3.12/site-packages/airflow/example_dags/tutorial_dag.py for tasks to queue
[2025-01-28T10:30:38.658+0000] {logging_mixin.py:190} INFO - [2025-01-28T10:30:38.653+0000] {dagbag.py:588} INFO - Filling up the DagBag from /mnt/c/Users/Admin/Desktop/ud_data/Dataslush_umang/airflow/airflow_venv/lib/python3.12/site-packages/airflow/example_dags/tutorial_dag.py
[2025-01-28T10:30:39.007+0000] {processor.py:925} INFO - DAG(s) 'tutorial_dag' retrieved from /mnt/c/Users/Admin/Desktop/ud_data/Dataslush_umang/airflow/airflow_venv/lib/python3.12/site-packages/airflow/example_dags/tutorial_dag.py
[2025-01-28T10:30:39.055+0000] {logging_mixin.py:190} INFO - [2025-01-28T10:30:39.053+0000] {dag.py:3239} INFO - Sync 1 DAGs
[2025-01-28T10:30:39.077+0000] {logging_mixin.py:190} INFO - [2025-01-28T10:30:39.075+0000] {dag.py:4180} INFO - Setting next_dagrun for tutorial_dag to None, run_after=None
[2025-01-28T10:30:39.129+0000] {processor.py:208} INFO - Processing /mnt/c/Users/Admin/Desktop/ud_data/Dataslush_umang/airflow/airflow_venv/lib/python3.12/site-packages/airflow/example_dags/tutorial_dag.py took 0.638 seconds
[2025-01-28T10:31:36.710+0000] {processor.py:186} INFO - Started process (PID=16590) to work on /mnt/c/Users/Admin/Desktop/ud_data/Dataslush_umang/airflow/airflow_venv/lib/python3.12/site-packages/airflow/example_dags/tutorial_dag.py
[2025-01-28T10:31:37.090+0000] {processor.py:914} INFO - Processing file /mnt/c/Users/Admin/Desktop/ud_data/Dataslush_umang/airflow/airflow_venv/lib/python3.12/site-packages/airflow/example_dags/tutorial_dag.py for tasks to queue
[2025-01-28T10:31:37.096+0000] {logging_mixin.py:190} INFO - [2025-01-28T10:31:37.094+0000] {dagbag.py:588} INFO - Filling up the DagBag from /mnt/c/Users/Admin/Desktop/ud_data/Dataslush_umang/airflow/airflow_venv/lib/python3.12/site-packages/airflow/example_dags/tutorial_dag.py
[2025-01-28T10:31:37.290+0000] {processor.py:925} INFO - DAG(s) 'tutorial_dag' retrieved from /mnt/c/Users/Admin/Desktop/ud_data/Dataslush_umang/airflow/airflow_venv/lib/python3.12/site-packages/airflow/example_dags/tutorial_dag.py
[2025-01-28T10:31:37.322+0000] {logging_mixin.py:190} INFO - [2025-01-28T10:31:37.319+0000] {dag.py:3239} INFO - Sync 1 DAGs
[2025-01-28T10:31:37.340+0000] {logging_mixin.py:190} INFO - [2025-01-28T10:31:37.338+0000] {dag.py:4180} INFO - Setting next_dagrun for tutorial_dag to None, run_after=None
[2025-01-28T10:32:10.021+0000] {processor.py:208} INFO - Processing /mnt/c/Users/Admin/Desktop/ud_data/Dataslush_umang/airflow/airflow_venv/lib/python3.12/site-packages/airflow/example_dags/tutorial_dag.py took 3.275 seconds
[2025-01-28T10:34:32.481+0000] {processor.py:186} INFO - Started process (PID=16800) to work on /mnt/c/Users/Admin/Desktop/ud_data/Dataslush_umang/airflow/airflow_venv/lib/python3.12/site-packages/airflow/example_dags/tutorial_dag.py
[2025-01-28T10:34:32.499+0000] {processor.py:914} INFO - Processing file /mnt/c/Users/Admin/Desktop/ud_data/Dataslush_umang/airflow/airflow_venv/lib/python3.12/site-packages/airflow/example_dags/tutorial_dag.py for tasks to queue
[2025-01-28T10:34:32.512+0000] {logging_mixin.py:190} INFO - [2025-01-28T10:34:32.508+0000] {dagbag.py:588} INFO - Filling up the DagBag from /mnt/c/Users/Admin/Desktop/ud_data/Dataslush_umang/airflow/airflow_venv/lib/python3.12/site-packages/airflow/example_dags/tutorial_dag.py
[2025-01-28T10:34:32.779+0000] {processor.py:925} INFO - DAG(s) 'tutorial_dag' retrieved from /mnt/c/Users/Admin/Desktop/ud_data/Dataslush_umang/airflow/airflow_venv/lib/python3.12/site-packages/airflow/example_dags/tutorial_dag.py
[2025-01-28T10:34:32.846+0000] {logging_mixin.py:190} INFO - [2025-01-28T10:34:32.842+0000] {dag.py:3239} INFO - Sync 1 DAGs
[2025-01-28T10:34:02.787+0000] {logging_mixin.py:190} INFO - [2025-01-28T10:34:02.777+0000] {dag.py:4180} INFO - Setting next_dagrun for tutorial_dag to None, run_after=None
[2025-01-28T10:34:06.259+0000] {processor.py:208} INFO - Processing /mnt/c/Users/Admin/Desktop/ud_data/Dataslush_umang/airflow/airflow_venv/lib/python3.12/site-packages/airflow/example_dags/tutorial_dag.py took 3.949 seconds
[2025-01-28T10:35:28.337+0000] {processor.py:186} INFO - Started process (PID=16931) to work on /mnt/c/Users/Admin/Desktop/ud_data/Dataslush_umang/airflow/airflow_venv/lib/python3.12/site-packages/airflow/example_dags/tutorial_dag.py
[2025-01-28T10:35:28.656+0000] {processor.py:914} INFO - Processing file /mnt/c/Users/Admin/Desktop/ud_data/Dataslush_umang/airflow/airflow_venv/lib/python3.12/site-packages/airflow/example_dags/tutorial_dag.py for tasks to queue
[2025-01-28T10:35:28.672+0000] {logging_mixin.py:190} INFO - [2025-01-28T10:35:28.667+0000] {dagbag.py:588} INFO - Filling up the DagBag from /mnt/c/Users/Admin/Desktop/ud_data/Dataslush_umang/airflow/airflow_venv/lib/python3.12/site-packages/airflow/example_dags/tutorial_dag.py
[2025-01-28T10:35:29.005+0000] {processor.py:925} INFO - DAG(s) 'tutorial_dag' retrieved from /mnt/c/Users/Admin/Desktop/ud_data/Dataslush_umang/airflow/airflow_venv/lib/python3.12/site-packages/airflow/example_dags/tutorial_dag.py
[2025-01-28T10:35:29.082+0000] {logging_mixin.py:190} INFO - [2025-01-28T10:35:29.079+0000] {dag.py:3239} INFO - Sync 1 DAGs
[2025-01-28T10:35:29.106+0000] {logging_mixin.py:190} INFO - [2025-01-28T10:35:29.103+0000] {dag.py:4180} INFO - Setting next_dagrun for tutorial_dag to None, run_after=None
[2025-01-28T10:35:29.264+0000] {processor.py:208} INFO - Processing /mnt/c/Users/Admin/Desktop/ud_data/Dataslush_umang/airflow/airflow_venv/lib/python3.12/site-packages/airflow/example_dags/tutorial_dag.py took 0.959 seconds
[2025-01-28T10:36:51.385+0000] {processor.py:186} INFO - Started process (PID=17052) to work on /mnt/c/Users/Admin/Desktop/ud_data/Dataslush_umang/airflow/airflow_venv/lib/python3.12/site-packages/airflow/example_dags/tutorial_dag.py
[2025-01-28T10:36:51.804+0000] {processor.py:914} INFO - Processing file /mnt/c/Users/Admin/Desktop/ud_data/Dataslush_umang/airflow/airflow_venv/lib/python3.12/site-packages/airflow/example_dags/tutorial_dag.py for tasks to queue
[2025-01-28T10:36:51.820+0000] {logging_mixin.py:190} INFO - [2025-01-28T10:36:51.814+0000] {dagbag.py:588} INFO - Filling up the DagBag from /mnt/c/Users/Admin/Desktop/ud_data/Dataslush_umang/airflow/airflow_venv/lib/python3.12/site-packages/airflow/example_dags/tutorial_dag.py
[2025-01-28T10:36:52.148+0000] {processor.py:925} INFO - DAG(s) 'tutorial_dag' retrieved from /mnt/c/Users/Admin/Desktop/ud_data/Dataslush_umang/airflow/airflow_venv/lib/python3.12/site-packages/airflow/example_dags/tutorial_dag.py
[2025-01-28T10:36:52.215+0000] {logging_mixin.py:190} INFO - [2025-01-28T10:36:52.212+0000] {dag.py:3239} INFO - Sync 1 DAGs
[2025-01-28T10:36:52.241+0000] {logging_mixin.py:190} INFO - [2025-01-28T10:36:52.239+0000] {dag.py:4180} INFO - Setting next_dagrun for tutorial_dag to None, run_after=None
[2025-01-28T10:36:52.748+0000] {processor.py:208} INFO - Processing /mnt/c/Users/Admin/Desktop/ud_data/Dataslush_umang/airflow/airflow_venv/lib/python3.12/site-packages/airflow/example_dags/tutorial_dag.py took 1.429 seconds
[2025-01-28T10:38:19.955+0000] {processor.py:186} INFO - Started process (PID=17151) to work on /mnt/c/Users/Admin/Desktop/ud_data/Dataslush_umang/airflow/airflow_venv/lib/python3.12/site-packages/airflow/example_dags/tutorial_dag.py
[2025-01-28T10:38:19.960+0000] {processor.py:914} INFO - Processing file /mnt/c/Users/Admin/Desktop/ud_data/Dataslush_umang/airflow/airflow_venv/lib/python3.12/site-packages/airflow/example_dags/tutorial_dag.py for tasks to queue
[2025-01-28T10:38:19.970+0000] {logging_mixin.py:190} INFO - [2025-01-28T10:38:19.967+0000] {dagbag.py:588} INFO - Filling up the DagBag from /mnt/c/Users/Admin/Desktop/ud_data/Dataslush_umang/airflow/airflow_venv/lib/python3.12/site-packages/airflow/example_dags/tutorial_dag.py
[2025-01-28T10:38:20.148+0000] {processor.py:925} INFO - DAG(s) 'tutorial_dag' retrieved from /mnt/c/Users/Admin/Desktop/ud_data/Dataslush_umang/airflow/airflow_venv/lib/python3.12/site-packages/airflow/example_dags/tutorial_dag.py
[2025-01-28T10:38:20.178+0000] {logging_mixin.py:190} INFO - [2025-01-28T10:38:20.176+0000] {dag.py:3239} INFO - Sync 1 DAGs
[2025-01-28T10:38:20.196+0000] {logging_mixin.py:190} INFO - [2025-01-28T10:38:20.194+0000] {dag.py:4180} INFO - Setting next_dagrun for tutorial_dag to None, run_after=None
[2025-01-28T10:38:20.382+0000] {processor.py:208} INFO - Processing /mnt/c/Users/Admin/Desktop/ud_data/Dataslush_umang/airflow/airflow_venv/lib/python3.12/site-packages/airflow/example_dags/tutorial_dag.py took 0.475 seconds
[2025-01-28T10:40:09.657+0000] {processor.py:186} INFO - Started process (PID=17323) to work on /mnt/c/Users/Admin/Desktop/ud_data/Dataslush_umang/airflow/airflow_venv/lib/python3.12/site-packages/airflow/example_dags/tutorial_dag.py
[2025-01-28T10:40:09.660+0000] {processor.py:914} INFO - Processing file /mnt/c/Users/Admin/Desktop/ud_data/Dataslush_umang/airflow/airflow_venv/lib/python3.12/site-packages/airflow/example_dags/tutorial_dag.py for tasks to queue
[2025-01-28T10:40:09.666+0000] {logging_mixin.py:190} INFO - [2025-01-28T10:40:09.664+0000] {dagbag.py:588} INFO - Filling up the DagBag from /mnt/c/Users/Admin/Desktop/ud_data/Dataslush_umang/airflow/airflow_venv/lib/python3.12/site-packages/airflow/example_dags/tutorial_dag.py
[2025-01-28T10:40:09.797+0000] {processor.py:925} INFO - DAG(s) 'tutorial_dag' retrieved from /mnt/c/Users/Admin/Desktop/ud_data/Dataslush_umang/airflow/airflow_venv/lib/python3.12/site-packages/airflow/example_dags/tutorial_dag.py
[2025-01-28T10:40:09.825+0000] {logging_mixin.py:190} INFO - [2025-01-28T10:40:09.823+0000] {dag.py:3239} INFO - Sync 1 DAGs
[2025-01-28T10:40:09.844+0000] {logging_mixin.py:190} INFO - [2025-01-28T10:40:09.841+0000] {dag.py:4180} INFO - Setting next_dagrun for tutorial_dag to None, run_after=None
[2025-01-28T10:40:09.887+0000] {processor.py:208} INFO - Processing /mnt/c/Users/Admin/Desktop/ud_data/Dataslush_umang/airflow/airflow_venv/lib/python3.12/site-packages/airflow/example_dags/tutorial_dag.py took 0.257 seconds
[2025-01-28T10:41:01.454+0000] {processor.py:186} INFO - Started process (PID=17392) to work on /mnt/c/Users/Admin/Desktop/ud_data/Dataslush_umang/airflow/airflow_venv/lib/python3.12/site-packages/airflow/example_dags/tutorial_dag.py
[2025-01-28T10:41:01.587+0000] {processor.py:914} INFO - Processing file /mnt/c/Users/Admin/Desktop/ud_data/Dataslush_umang/airflow/airflow_venv/lib/python3.12/site-packages/airflow/example_dags/tutorial_dag.py for tasks to queue
[2025-01-28T10:41:01.607+0000] {logging_mixin.py:190} INFO - [2025-01-28T10:41:01.602+0000] {dagbag.py:588} INFO - Filling up the DagBag from /mnt/c/Users/Admin/Desktop/ud_data/Dataslush_umang/airflow/airflow_venv/lib/python3.12/site-packages/airflow/example_dags/tutorial_dag.py
[2025-01-28T10:41:01.729+0000] {processor.py:925} INFO - DAG(s) 'tutorial_dag' retrieved from /mnt/c/Users/Admin/Desktop/ud_data/Dataslush_umang/airflow/airflow_venv/lib/python3.12/site-packages/airflow/example_dags/tutorial_dag.py
[2025-01-28T10:41:01.756+0000] {logging_mixin.py:190} INFO - [2025-01-28T10:41:01.753+0000] {dag.py:3239} INFO - Sync 1 DAGs
[2025-01-28T10:41:01.772+0000] {logging_mixin.py:190} INFO - [2025-01-28T10:41:01.770+0000] {dag.py:4180} INFO - Setting next_dagrun for tutorial_dag to None, run_after=None
[2025-01-28T10:41:03.451+0000] {processor.py:208} INFO - Processing /mnt/c/Users/Admin/Desktop/ud_data/Dataslush_umang/airflow/airflow_venv/lib/python3.12/site-packages/airflow/example_dags/tutorial_dag.py took 2.037 seconds
[2025-01-28T10:41:49.111+0000] {processor.py:186} INFO - Started process (PID=17477) to work on /mnt/c/Users/Admin/Desktop/ud_data/Dataslush_umang/airflow/airflow_venv/lib/python3.12/site-packages/airflow/example_dags/tutorial_dag.py
[2025-01-28T10:41:49.254+0000] {processor.py:914} INFO - Processing file /mnt/c/Users/Admin/Desktop/ud_data/Dataslush_umang/airflow/airflow_venv/lib/python3.12/site-packages/airflow/example_dags/tutorial_dag.py for tasks to queue
[2025-01-28T10:41:49.272+0000] {logging_mixin.py:190} INFO - [2025-01-28T10:41:49.267+0000] {dagbag.py:588} INFO - Filling up the DagBag from /mnt/c/Users/Admin/Desktop/ud_data/Dataslush_umang/airflow/airflow_venv/lib/python3.12/site-packages/airflow/example_dags/tutorial_dag.py
[2025-01-28T10:41:49.439+0000] {processor.py:925} INFO - DAG(s) 'tutorial_dag' retrieved from /mnt/c/Users/Admin/Desktop/ud_data/Dataslush_umang/airflow/airflow_venv/lib/python3.12/site-packages/airflow/example_dags/tutorial_dag.py
[2025-01-28T10:41:49.470+0000] {logging_mixin.py:190} INFO - [2025-01-28T10:41:49.469+0000] {dag.py:3239} INFO - Sync 1 DAGs
[2025-01-28T10:41:49.491+0000] {logging_mixin.py:190} INFO - [2025-01-28T10:41:49.489+0000] {dag.py:4180} INFO - Setting next_dagrun for tutorial_dag to None, run_after=None
[2025-01-28T10:41:49.535+0000] {processor.py:208} INFO - Processing /mnt/c/Users/Admin/Desktop/ud_data/Dataslush_umang/airflow/airflow_venv/lib/python3.12/site-packages/airflow/example_dags/tutorial_dag.py took 0.448 seconds
[2025-01-28T10:42:42.078+0000] {processor.py:186} INFO - Started process (PID=17619) to work on /mnt/c/Users/Admin/Desktop/ud_data/Dataslush_umang/airflow/airflow_venv/lib/python3.12/site-packages/airflow/example_dags/tutorial_dag.py
[2025-01-28T10:42:42.546+0000] {processor.py:914} INFO - Processing file /mnt/c/Users/Admin/Desktop/ud_data/Dataslush_umang/airflow/airflow_venv/lib/python3.12/site-packages/airflow/example_dags/tutorial_dag.py for tasks to queue
[2025-01-28T10:42:42.563+0000] {logging_mixin.py:190} INFO - [2025-01-28T10:42:42.558+0000] {dagbag.py:588} INFO - Filling up the DagBag from /mnt/c/Users/Admin/Desktop/ud_data/Dataslush_umang/airflow/airflow_venv/lib/python3.12/site-packages/airflow/example_dags/tutorial_dag.py
[2025-01-28T10:42:42.682+0000] {processor.py:925} INFO - DAG(s) 'tutorial_dag' retrieved from /mnt/c/Users/Admin/Desktop/ud_data/Dataslush_umang/airflow/airflow_venv/lib/python3.12/site-packages/airflow/example_dags/tutorial_dag.py
[2025-01-28T10:42:42.707+0000] {logging_mixin.py:190} INFO - [2025-01-28T10:42:42.705+0000] {dag.py:3239} INFO - Sync 1 DAGs
[2025-01-28T10:42:42.722+0000] {logging_mixin.py:190} INFO - [2025-01-28T10:42:42.720+0000] {dag.py:4180} INFO - Setting next_dagrun for tutorial_dag to None, run_after=None
[2025-01-28T10:42:43.656+0000] {processor.py:208} INFO - Processing /mnt/c/Users/Admin/Desktop/ud_data/Dataslush_umang/airflow/airflow_venv/lib/python3.12/site-packages/airflow/example_dags/tutorial_dag.py took 1.604 seconds
[2025-01-28T10:44:17.561+0000] {processor.py:186} INFO - Started process (PID=17808) to work on /mnt/c/Users/Admin/Desktop/ud_data/Dataslush_umang/airflow/airflow_venv/lib/python3.12/site-packages/airflow/example_dags/tutorial_dag.py
[2025-01-28T10:44:17.709+0000] {processor.py:914} INFO - Processing file /mnt/c/Users/Admin/Desktop/ud_data/Dataslush_umang/airflow/airflow_venv/lib/python3.12/site-packages/airflow/example_dags/tutorial_dag.py for tasks to queue
[2025-01-28T10:44:17.720+0000] {logging_mixin.py:190} INFO - [2025-01-28T10:44:17.718+0000] {dagbag.py:588} INFO - Filling up the DagBag from /mnt/c/Users/Admin/Desktop/ud_data/Dataslush_umang/airflow/airflow_venv/lib/python3.12/site-packages/airflow/example_dags/tutorial_dag.py
[2025-01-28T10:44:17.932+0000] {processor.py:925} INFO - DAG(s) 'tutorial_dag' retrieved from /mnt/c/Users/Admin/Desktop/ud_data/Dataslush_umang/airflow/airflow_venv/lib/python3.12/site-packages/airflow/example_dags/tutorial_dag.py
[2025-01-28T10:44:17.995+0000] {logging_mixin.py:190} INFO - [2025-01-28T10:44:17.993+0000] {dag.py:3239} INFO - Sync 1 DAGs
[2025-01-28T10:44:18.023+0000] {logging_mixin.py:190} INFO - [2025-01-28T10:44:18.022+0000] {dag.py:4180} INFO - Setting next_dagrun for tutorial_dag to None, run_after=None
[2025-01-28T10:44:18.395+0000] {processor.py:208} INFO - Processing /mnt/c/Users/Admin/Desktop/ud_data/Dataslush_umang/airflow/airflow_venv/lib/python3.12/site-packages/airflow/example_dags/tutorial_dag.py took 0.907 seconds
[2025-01-28T10:47:08.930+0000] {processor.py:186} INFO - Started process (PID=17974) to work on /mnt/c/Users/Admin/Desktop/ud_data/Dataslush_umang/airflow/airflow_venv/lib/python3.12/site-packages/airflow/example_dags/tutorial_dag.py
[2025-01-28T10:47:08.933+0000] {processor.py:914} INFO - Processing file /mnt/c/Users/Admin/Desktop/ud_data/Dataslush_umang/airflow/airflow_venv/lib/python3.12/site-packages/airflow/example_dags/tutorial_dag.py for tasks to queue
[2025-01-28T10:47:08.940+0000] {logging_mixin.py:190} INFO - [2025-01-28T10:47:08.938+0000] {dagbag.py:588} INFO - Filling up the DagBag from /mnt/c/Users/Admin/Desktop/ud_data/Dataslush_umang/airflow/airflow_venv/lib/python3.12/site-packages/airflow/example_dags/tutorial_dag.py
[2025-01-28T10:47:09.048+0000] {processor.py:925} INFO - DAG(s) 'tutorial_dag' retrieved from /mnt/c/Users/Admin/Desktop/ud_data/Dataslush_umang/airflow/airflow_venv/lib/python3.12/site-packages/airflow/example_dags/tutorial_dag.py
[2025-01-28T10:47:09.079+0000] {logging_mixin.py:190} INFO - [2025-01-28T10:47:09.078+0000] {dag.py:3239} INFO - Sync 1 DAGs
[2025-01-28T10:47:09.105+0000] {logging_mixin.py:190} INFO - [2025-01-28T10:47:09.104+0000] {dag.py:4180} INFO - Setting next_dagrun for tutorial_dag to None, run_after=None
[2025-01-28T10:47:09.247+0000] {processor.py:208} INFO - Processing /mnt/c/Users/Admin/Desktop/ud_data/Dataslush_umang/airflow/airflow_venv/lib/python3.12/site-packages/airflow/example_dags/tutorial_dag.py took 0.344 seconds
[2025-01-28T10:48:02.509+0000] {processor.py:186} INFO - Started process (PID=18071) to work on /mnt/c/Users/Admin/Desktop/ud_data/Dataslush_umang/airflow/airflow_venv/lib/python3.12/site-packages/airflow/example_dags/tutorial_dag.py
[2025-01-28T10:48:02.512+0000] {processor.py:914} INFO - Processing file /mnt/c/Users/Admin/Desktop/ud_data/Dataslush_umang/airflow/airflow_venv/lib/python3.12/site-packages/airflow/example_dags/tutorial_dag.py for tasks to queue
[2025-01-28T10:48:02.519+0000] {logging_mixin.py:190} INFO - [2025-01-28T10:48:02.517+0000] {dagbag.py:588} INFO - Filling up the DagBag from /mnt/c/Users/Admin/Desktop/ud_data/Dataslush_umang/airflow/airflow_venv/lib/python3.12/site-packages/airflow/example_dags/tutorial_dag.py
[2025-01-28T10:48:02.640+0000] {processor.py:925} INFO - DAG(s) 'tutorial_dag' retrieved from /mnt/c/Users/Admin/Desktop/ud_data/Dataslush_umang/airflow/airflow_venv/lib/python3.12/site-packages/airflow/example_dags/tutorial_dag.py
[2025-01-28T10:48:02.672+0000] {logging_mixin.py:190} INFO - [2025-01-28T10:48:02.671+0000] {dag.py:3239} INFO - Sync 1 DAGs
[2025-01-28T10:48:02.693+0000] {logging_mixin.py:190} INFO - [2025-01-28T10:48:02.692+0000] {dag.py:4180} INFO - Setting next_dagrun for tutorial_dag to None, run_after=None
[2025-01-28T10:48:02.737+0000] {processor.py:208} INFO - Processing /mnt/c/Users/Admin/Desktop/ud_data/Dataslush_umang/airflow/airflow_venv/lib/python3.12/site-packages/airflow/example_dags/tutorial_dag.py took 0.260 seconds
[2025-01-28T10:48:45.097+0000] {processor.py:186} INFO - Started process (PID=18165) to work on /mnt/c/Users/Admin/Desktop/ud_data/Dataslush_umang/airflow/airflow_venv/lib/python3.12/site-packages/airflow/example_dags/tutorial_dag.py
[2025-01-28T10:48:45.099+0000] {processor.py:914} INFO - Processing file /mnt/c/Users/Admin/Desktop/ud_data/Dataslush_umang/airflow/airflow_venv/lib/python3.12/site-packages/airflow/example_dags/tutorial_dag.py for tasks to queue
[2025-01-28T10:48:45.105+0000] {logging_mixin.py:190} INFO - [2025-01-28T10:48:45.103+0000] {dagbag.py:588} INFO - Filling up the DagBag from /mnt/c/Users/Admin/Desktop/ud_data/Dataslush_umang/airflow/airflow_venv/lib/python3.12/site-packages/airflow/example_dags/tutorial_dag.py
[2025-01-28T10:48:45.212+0000] {processor.py:925} INFO - DAG(s) 'tutorial_dag' retrieved from /mnt/c/Users/Admin/Desktop/ud_data/Dataslush_umang/airflow/airflow_venv/lib/python3.12/site-packages/airflow/example_dags/tutorial_dag.py
[2025-01-28T10:48:45.245+0000] {logging_mixin.py:190} INFO - [2025-01-28T10:48:45.243+0000] {dag.py:3239} INFO - Sync 1 DAGs
[2025-01-28T10:48:45.270+0000] {logging_mixin.py:190} INFO - [2025-01-28T10:48:45.269+0000] {dag.py:4180} INFO - Setting next_dagrun for tutorial_dag to None, run_after=None
[2025-01-28T10:48:45.521+0000] {processor.py:208} INFO - Processing /mnt/c/Users/Admin/Desktop/ud_data/Dataslush_umang/airflow/airflow_venv/lib/python3.12/site-packages/airflow/example_dags/tutorial_dag.py took 0.446 seconds
[2025-01-28T10:49:42.725+0000] {processor.py:186} INFO - Started process (PID=18264) to work on /mnt/c/Users/Admin/Desktop/ud_data/Dataslush_umang/airflow/airflow_venv/lib/python3.12/site-packages/airflow/example_dags/tutorial_dag.py
[2025-01-28T10:49:42.728+0000] {processor.py:914} INFO - Processing file /mnt/c/Users/Admin/Desktop/ud_data/Dataslush_umang/airflow/airflow_venv/lib/python3.12/site-packages/airflow/example_dags/tutorial_dag.py for tasks to queue
[2025-01-28T10:49:42.734+0000] {logging_mixin.py:190} INFO - [2025-01-28T10:49:42.732+0000] {dagbag.py:588} INFO - Filling up the DagBag from /mnt/c/Users/Admin/Desktop/ud_data/Dataslush_umang/airflow/airflow_venv/lib/python3.12/site-packages/airflow/example_dags/tutorial_dag.py
[2025-01-28T10:49:42.849+0000] {processor.py:925} INFO - DAG(s) 'tutorial_dag' retrieved from /mnt/c/Users/Admin/Desktop/ud_data/Dataslush_umang/airflow/airflow_venv/lib/python3.12/site-packages/airflow/example_dags/tutorial_dag.py
[2025-01-28T10:49:42.877+0000] {logging_mixin.py:190} INFO - [2025-01-28T10:49:42.876+0000] {dag.py:3239} INFO - Sync 1 DAGs
[2025-01-28T10:49:42.894+0000] {logging_mixin.py:190} INFO - [2025-01-28T10:49:42.893+0000] {dag.py:4180} INFO - Setting next_dagrun for tutorial_dag to None, run_after=None
[2025-01-28T10:49:42.937+0000] {processor.py:208} INFO - Processing /mnt/c/Users/Admin/Desktop/ud_data/Dataslush_umang/airflow/airflow_venv/lib/python3.12/site-packages/airflow/example_dags/tutorial_dag.py took 0.239 seconds
[2025-01-28T10:51:27.181+0000] {processor.py:186} INFO - Started process (PID=18450) to work on /mnt/c/Users/Admin/Desktop/ud_data/Dataslush_umang/airflow/airflow_venv/lib/python3.12/site-packages/airflow/example_dags/tutorial_dag.py
[2025-01-28T10:51:27.187+0000] {processor.py:914} INFO - Processing file /mnt/c/Users/Admin/Desktop/ud_data/Dataslush_umang/airflow/airflow_venv/lib/python3.12/site-packages/airflow/example_dags/tutorial_dag.py for tasks to queue
[2025-01-28T10:51:27.199+0000] {logging_mixin.py:190} INFO - [2025-01-28T10:51:27.192+0000] {dagbag.py:588} INFO - Filling up the DagBag from /mnt/c/Users/Admin/Desktop/ud_data/Dataslush_umang/airflow/airflow_venv/lib/python3.12/site-packages/airflow/example_dags/tutorial_dag.py
[2025-01-28T10:51:27.315+0000] {processor.py:925} INFO - DAG(s) 'tutorial_dag' retrieved from /mnt/c/Users/Admin/Desktop/ud_data/Dataslush_umang/airflow/airflow_venv/lib/python3.12/site-packages/airflow/example_dags/tutorial_dag.py
[2025-01-28T10:51:27.346+0000] {logging_mixin.py:190} INFO - [2025-01-28T10:51:27.345+0000] {dag.py:3239} INFO - Sync 1 DAGs
[2025-01-28T10:51:27.366+0000] {logging_mixin.py:190} INFO - [2025-01-28T10:51:27.364+0000] {dag.py:4180} INFO - Setting next_dagrun for tutorial_dag to None, run_after=None
[2025-01-28T10:50:57.367+0000] {processor.py:208} INFO - Processing /mnt/c/Users/Admin/Desktop/ud_data/Dataslush_umang/airflow/airflow_venv/lib/python3.12/site-packages/airflow/example_dags/tutorial_dag.py took 0.314 seconds
[2025-01-28T10:51:42.913+0000] {processor.py:186} INFO - Started process (PID=18555) to work on /mnt/c/Users/Admin/Desktop/ud_data/Dataslush_umang/airflow/airflow_venv/lib/python3.12/site-packages/airflow/example_dags/tutorial_dag.py
[2025-01-28T10:51:43.289+0000] {processor.py:914} INFO - Processing file /mnt/c/Users/Admin/Desktop/ud_data/Dataslush_umang/airflow/airflow_venv/lib/python3.12/site-packages/airflow/example_dags/tutorial_dag.py for tasks to queue
[2025-01-28T10:51:43.295+0000] {logging_mixin.py:190} INFO - [2025-01-28T10:51:43.293+0000] {dagbag.py:588} INFO - Filling up the DagBag from /mnt/c/Users/Admin/Desktop/ud_data/Dataslush_umang/airflow/airflow_venv/lib/python3.12/site-packages/airflow/example_dags/tutorial_dag.py
[2025-01-28T10:51:43.433+0000] {processor.py:925} INFO - DAG(s) 'tutorial_dag' retrieved from /mnt/c/Users/Admin/Desktop/ud_data/Dataslush_umang/airflow/airflow_venv/lib/python3.12/site-packages/airflow/example_dags/tutorial_dag.py
[2025-01-28T10:51:43.472+0000] {logging_mixin.py:190} INFO - [2025-01-28T10:51:43.470+0000] {dag.py:3239} INFO - Sync 1 DAGs
[2025-01-28T10:51:43.497+0000] {logging_mixin.py:190} INFO - [2025-01-28T10:51:43.496+0000] {dag.py:4180} INFO - Setting next_dagrun for tutorial_dag to None, run_after=None
[2025-01-28T10:51:43.606+0000] {processor.py:208} INFO - Processing /mnt/c/Users/Admin/Desktop/ud_data/Dataslush_umang/airflow/airflow_venv/lib/python3.12/site-packages/airflow/example_dags/tutorial_dag.py took 0.719 seconds
[2025-01-28T10:52:37.930+0000] {processor.py:186} INFO - Started process (PID=18641) to work on /mnt/c/Users/Admin/Desktop/ud_data/Dataslush_umang/airflow/airflow_venv/lib/python3.12/site-packages/airflow/example_dags/tutorial_dag.py
[2025-01-28T10:52:37.957+0000] {processor.py:914} INFO - Processing file /mnt/c/Users/Admin/Desktop/ud_data/Dataslush_umang/airflow/airflow_venv/lib/python3.12/site-packages/airflow/example_dags/tutorial_dag.py for tasks to queue
[2025-01-28T10:52:37.964+0000] {logging_mixin.py:190} INFO - [2025-01-28T10:52:37.962+0000] {dagbag.py:588} INFO - Filling up the DagBag from /mnt/c/Users/Admin/Desktop/ud_data/Dataslush_umang/airflow/airflow_venv/lib/python3.12/site-packages/airflow/example_dags/tutorial_dag.py
[2025-01-28T10:52:38.052+0000] {processor.py:925} INFO - DAG(s) 'tutorial_dag' retrieved from /mnt/c/Users/Admin/Desktop/ud_data/Dataslush_umang/airflow/airflow_venv/lib/python3.12/site-packages/airflow/example_dags/tutorial_dag.py
[2025-01-28T10:52:38.079+0000] {logging_mixin.py:190} INFO - [2025-01-28T10:52:38.078+0000] {dag.py:3239} INFO - Sync 1 DAGs
[2025-01-28T10:52:38.109+0000] {logging_mixin.py:190} INFO - [2025-01-28T10:52:38.107+0000] {dag.py:4180} INFO - Setting next_dagrun for tutorial_dag to None, run_after=None
[2025-01-28T10:52:39.193+0000] {processor.py:208} INFO - Processing /mnt/c/Users/Admin/Desktop/ud_data/Dataslush_umang/airflow/airflow_venv/lib/python3.12/site-packages/airflow/example_dags/tutorial_dag.py took 1.292 seconds
[2025-01-28T10:53:27.659+0000] {processor.py:186} INFO - Started process (PID=18720) to work on /mnt/c/Users/Admin/Desktop/ud_data/Dataslush_umang/airflow/airflow_venv/lib/python3.12/site-packages/airflow/example_dags/tutorial_dag.py
[2025-01-28T10:53:27.686+0000] {processor.py:914} INFO - Processing file /mnt/c/Users/Admin/Desktop/ud_data/Dataslush_umang/airflow/airflow_venv/lib/python3.12/site-packages/airflow/example_dags/tutorial_dag.py for tasks to queue
[2025-01-28T10:53:27.695+0000] {logging_mixin.py:190} INFO - [2025-01-28T10:53:27.692+0000] {dagbag.py:588} INFO - Filling up the DagBag from /mnt/c/Users/Admin/Desktop/ud_data/Dataslush_umang/airflow/airflow_venv/lib/python3.12/site-packages/airflow/example_dags/tutorial_dag.py
[2025-01-28T10:53:27.847+0000] {processor.py:925} INFO - DAG(s) 'tutorial_dag' retrieved from /mnt/c/Users/Admin/Desktop/ud_data/Dataslush_umang/airflow/airflow_venv/lib/python3.12/site-packages/airflow/example_dags/tutorial_dag.py
[2025-01-28T10:53:27.892+0000] {logging_mixin.py:190} INFO - [2025-01-28T10:53:27.890+0000] {dag.py:3239} INFO - Sync 1 DAGs
[2025-01-28T10:53:27.919+0000] {logging_mixin.py:190} INFO - [2025-01-28T10:53:27.917+0000] {dag.py:4180} INFO - Setting next_dagrun for tutorial_dag to None, run_after=None
[2025-01-28T10:53:28.515+0000] {processor.py:208} INFO - Processing /mnt/c/Users/Admin/Desktop/ud_data/Dataslush_umang/airflow/airflow_venv/lib/python3.12/site-packages/airflow/example_dags/tutorial_dag.py took 0.884 seconds
[2025-01-28T10:54:28.149+0000] {processor.py:186} INFO - Started process (PID=18798) to work on /mnt/c/Users/Admin/Desktop/ud_data/Dataslush_umang/airflow/airflow_venv/lib/python3.12/site-packages/airflow/example_dags/tutorial_dag.py
[2025-01-28T10:54:28.438+0000] {processor.py:914} INFO - Processing file /mnt/c/Users/Admin/Desktop/ud_data/Dataslush_umang/airflow/airflow_venv/lib/python3.12/site-packages/airflow/example_dags/tutorial_dag.py for tasks to queue
[2025-01-28T10:54:28.445+0000] {logging_mixin.py:190} INFO - [2025-01-28T10:54:28.443+0000] {dagbag.py:588} INFO - Filling up the DagBag from /mnt/c/Users/Admin/Desktop/ud_data/Dataslush_umang/airflow/airflow_venv/lib/python3.12/site-packages/airflow/example_dags/tutorial_dag.py
[2025-01-28T10:54:28.541+0000] {processor.py:925} INFO - DAG(s) 'tutorial_dag' retrieved from /mnt/c/Users/Admin/Desktop/ud_data/Dataslush_umang/airflow/airflow_venv/lib/python3.12/site-packages/airflow/example_dags/tutorial_dag.py
[2025-01-28T10:54:28.569+0000] {logging_mixin.py:190} INFO - [2025-01-28T10:54:28.568+0000] {dag.py:3239} INFO - Sync 1 DAGs
[2025-01-28T10:54:28.589+0000] {logging_mixin.py:190} INFO - [2025-01-28T10:54:28.587+0000] {dag.py:4180} INFO - Setting next_dagrun for tutorial_dag to None, run_after=None
[2025-01-28T10:54:28.824+0000] {processor.py:208} INFO - Processing /mnt/c/Users/Admin/Desktop/ud_data/Dataslush_umang/airflow/airflow_venv/lib/python3.12/site-packages/airflow/example_dags/tutorial_dag.py took 0.698 seconds
[2025-01-28T10:55:21.216+0000] {processor.py:186} INFO - Started process (PID=18869) to work on /mnt/c/Users/Admin/Desktop/ud_data/Dataslush_umang/airflow/airflow_venv/lib/python3.12/site-packages/airflow/example_dags/tutorial_dag.py
[2025-01-28T10:55:21.221+0000] {processor.py:914} INFO - Processing file /mnt/c/Users/Admin/Desktop/ud_data/Dataslush_umang/airflow/airflow_venv/lib/python3.12/site-packages/airflow/example_dags/tutorial_dag.py for tasks to queue
[2025-01-28T10:55:21.229+0000] {logging_mixin.py:190} INFO - [2025-01-28T10:55:21.227+0000] {dagbag.py:588} INFO - Filling up the DagBag from /mnt/c/Users/Admin/Desktop/ud_data/Dataslush_umang/airflow/airflow_venv/lib/python3.12/site-packages/airflow/example_dags/tutorial_dag.py
[2025-01-28T10:55:21.348+0000] {processor.py:925} INFO - DAG(s) 'tutorial_dag' retrieved from /mnt/c/Users/Admin/Desktop/ud_data/Dataslush_umang/airflow/airflow_venv/lib/python3.12/site-packages/airflow/example_dags/tutorial_dag.py
[2025-01-28T10:55:21.379+0000] {logging_mixin.py:190} INFO - [2025-01-28T10:55:21.377+0000] {dag.py:3239} INFO - Sync 1 DAGs
[2025-01-28T10:55:21.401+0000] {logging_mixin.py:190} INFO - [2025-01-28T10:55:21.399+0000] {dag.py:4180} INFO - Setting next_dagrun for tutorial_dag to None, run_after=None
[2025-01-28T10:55:21.465+0000] {processor.py:208} INFO - Processing /mnt/c/Users/Admin/Desktop/ud_data/Dataslush_umang/airflow/airflow_venv/lib/python3.12/site-packages/airflow/example_dags/tutorial_dag.py took 0.279 seconds
[2025-01-28T10:56:03.200+0000] {processor.py:186} INFO - Started process (PID=18974) to work on /mnt/c/Users/Admin/Desktop/ud_data/Dataslush_umang/airflow/airflow_venv/lib/python3.12/site-packages/airflow/example_dags/tutorial_dag.py
[2025-01-28T10:56:33.483+0000] {processor.py:914} INFO - Processing file /mnt/c/Users/Admin/Desktop/ud_data/Dataslush_umang/airflow/airflow_venv/lib/python3.12/site-packages/airflow/example_dags/tutorial_dag.py for tasks to queue
[2025-01-28T10:56:33.492+0000] {logging_mixin.py:190} INFO - [2025-01-28T10:56:33.488+0000] {dagbag.py:588} INFO - Filling up the DagBag from /mnt/c/Users/Admin/Desktop/ud_data/Dataslush_umang/airflow/airflow_venv/lib/python3.12/site-packages/airflow/example_dags/tutorial_dag.py
[2025-01-28T10:56:33.626+0000] {processor.py:925} INFO - DAG(s) 'tutorial_dag' retrieved from /mnt/c/Users/Admin/Desktop/ud_data/Dataslush_umang/airflow/airflow_venv/lib/python3.12/site-packages/airflow/example_dags/tutorial_dag.py
[2025-01-28T10:56:33.661+0000] {logging_mixin.py:190} INFO - [2025-01-28T10:56:33.659+0000] {dag.py:3239} INFO - Sync 1 DAGs
[2025-01-28T10:56:33.683+0000] {logging_mixin.py:190} INFO - [2025-01-28T10:56:33.681+0000] {dag.py:4180} INFO - Setting next_dagrun for tutorial_dag to None, run_after=None
[2025-01-28T10:56:03.766+0000] {processor.py:208} INFO - Processing /mnt/c/Users/Admin/Desktop/ud_data/Dataslush_umang/airflow/airflow_venv/lib/python3.12/site-packages/airflow/example_dags/tutorial_dag.py took 0.604 seconds
[2025-01-28T10:56:53.908+0000] {processor.py:186} INFO - Started process (PID=19109) to work on /mnt/c/Users/Admin/Desktop/ud_data/Dataslush_umang/airflow/airflow_venv/lib/python3.12/site-packages/airflow/example_dags/tutorial_dag.py
[2025-01-28T10:56:53.911+0000] {processor.py:914} INFO - Processing file /mnt/c/Users/Admin/Desktop/ud_data/Dataslush_umang/airflow/airflow_venv/lib/python3.12/site-packages/airflow/example_dags/tutorial_dag.py for tasks to queue
[2025-01-28T10:56:53.917+0000] {logging_mixin.py:190} INFO - [2025-01-28T10:56:53.915+0000] {dagbag.py:588} INFO - Filling up the DagBag from /mnt/c/Users/Admin/Desktop/ud_data/Dataslush_umang/airflow/airflow_venv/lib/python3.12/site-packages/airflow/example_dags/tutorial_dag.py
[2025-01-28T10:56:54.008+0000] {processor.py:925} INFO - DAG(s) 'tutorial_dag' retrieved from /mnt/c/Users/Admin/Desktop/ud_data/Dataslush_umang/airflow/airflow_venv/lib/python3.12/site-packages/airflow/example_dags/tutorial_dag.py
[2025-01-28T10:56:54.038+0000] {logging_mixin.py:190} INFO - [2025-01-28T10:56:54.036+0000] {dag.py:3239} INFO - Sync 1 DAGs
[2025-01-28T10:56:54.066+0000] {logging_mixin.py:190} INFO - [2025-01-28T10:56:54.061+0000] {dag.py:4180} INFO - Setting next_dagrun for tutorial_dag to None, run_after=None
[2025-01-28T10:56:54.119+0000] {processor.py:208} INFO - Processing /mnt/c/Users/Admin/Desktop/ud_data/Dataslush_umang/airflow/airflow_venv/lib/python3.12/site-packages/airflow/example_dags/tutorial_dag.py took 0.233 seconds
[2025-01-28T10:57:39.487+0000] {processor.py:186} INFO - Started process (PID=19168) to work on /mnt/c/Users/Admin/Desktop/ud_data/Dataslush_umang/airflow/airflow_venv/lib/python3.12/site-packages/airflow/example_dags/tutorial_dag.py
[2025-01-28T10:57:39.490+0000] {processor.py:914} INFO - Processing file /mnt/c/Users/Admin/Desktop/ud_data/Dataslush_umang/airflow/airflow_venv/lib/python3.12/site-packages/airflow/example_dags/tutorial_dag.py for tasks to queue
[2025-01-28T10:57:39.497+0000] {logging_mixin.py:190} INFO - [2025-01-28T10:57:39.495+0000] {dagbag.py:588} INFO - Filling up the DagBag from /mnt/c/Users/Admin/Desktop/ud_data/Dataslush_umang/airflow/airflow_venv/lib/python3.12/site-packages/airflow/example_dags/tutorial_dag.py
[2025-01-28T10:57:39.625+0000] {processor.py:925} INFO - DAG(s) 'tutorial_dag' retrieved from /mnt/c/Users/Admin/Desktop/ud_data/Dataslush_umang/airflow/airflow_venv/lib/python3.12/site-packages/airflow/example_dags/tutorial_dag.py
[2025-01-28T10:57:39.658+0000] {logging_mixin.py:190} INFO - [2025-01-28T10:57:39.656+0000] {dag.py:3239} INFO - Sync 1 DAGs
[2025-01-28T10:57:39.683+0000] {logging_mixin.py:190} INFO - [2025-01-28T10:57:39.682+0000] {dag.py:4180} INFO - Setting next_dagrun for tutorial_dag to None, run_after=None
[2025-01-28T10:57:39.730+0000] {processor.py:208} INFO - Processing /mnt/c/Users/Admin/Desktop/ud_data/Dataslush_umang/airflow/airflow_venv/lib/python3.12/site-packages/airflow/example_dags/tutorial_dag.py took 0.274 seconds
[2025-01-28T10:58:20.418+0000] {processor.py:186} INFO - Started process (PID=19262) to work on /mnt/c/Users/Admin/Desktop/ud_data/Dataslush_umang/airflow/airflow_venv/lib/python3.12/site-packages/airflow/example_dags/tutorial_dag.py
[2025-01-28T10:58:20.422+0000] {processor.py:914} INFO - Processing file /mnt/c/Users/Admin/Desktop/ud_data/Dataslush_umang/airflow/airflow_venv/lib/python3.12/site-packages/airflow/example_dags/tutorial_dag.py for tasks to queue
[2025-01-28T10:58:20.429+0000] {logging_mixin.py:190} INFO - [2025-01-28T10:58:20.427+0000] {dagbag.py:588} INFO - Filling up the DagBag from /mnt/c/Users/Admin/Desktop/ud_data/Dataslush_umang/airflow/airflow_venv/lib/python3.12/site-packages/airflow/example_dags/tutorial_dag.py
[2025-01-28T10:58:20.563+0000] {processor.py:925} INFO - DAG(s) 'tutorial_dag' retrieved from /mnt/c/Users/Admin/Desktop/ud_data/Dataslush_umang/airflow/airflow_venv/lib/python3.12/site-packages/airflow/example_dags/tutorial_dag.py
[2025-01-28T10:58:20.593+0000] {logging_mixin.py:190} INFO - [2025-01-28T10:58:20.591+0000] {dag.py:3239} INFO - Sync 1 DAGs
[2025-01-28T10:58:20.611+0000] {logging_mixin.py:190} INFO - [2025-01-28T10:58:20.610+0000] {dag.py:4180} INFO - Setting next_dagrun for tutorial_dag to None, run_after=None
[2025-01-28T10:58:20.662+0000] {processor.py:208} INFO - Processing /mnt/c/Users/Admin/Desktop/ud_data/Dataslush_umang/airflow/airflow_venv/lib/python3.12/site-packages/airflow/example_dags/tutorial_dag.py took 0.271 seconds
[2025-01-28T10:59:05.473+0000] {processor.py:186} INFO - Started process (PID=19363) to work on /mnt/c/Users/Admin/Desktop/ud_data/Dataslush_umang/airflow/airflow_venv/lib/python3.12/site-packages/airflow/example_dags/tutorial_dag.py
[2025-01-28T10:59:05.485+0000] {processor.py:914} INFO - Processing file /mnt/c/Users/Admin/Desktop/ud_data/Dataslush_umang/airflow/airflow_venv/lib/python3.12/site-packages/airflow/example_dags/tutorial_dag.py for tasks to queue
[2025-01-28T10:59:05.492+0000] {logging_mixin.py:190} INFO - [2025-01-28T10:59:05.490+0000] {dagbag.py:588} INFO - Filling up the DagBag from /mnt/c/Users/Admin/Desktop/ud_data/Dataslush_umang/airflow/airflow_venv/lib/python3.12/site-packages/airflow/example_dags/tutorial_dag.py
[2025-01-28T10:59:05.605+0000] {processor.py:925} INFO - DAG(s) 'tutorial_dag' retrieved from /mnt/c/Users/Admin/Desktop/ud_data/Dataslush_umang/airflow/airflow_venv/lib/python3.12/site-packages/airflow/example_dags/tutorial_dag.py
[2025-01-28T10:59:05.641+0000] {logging_mixin.py:190} INFO - [2025-01-28T10:59:05.639+0000] {dag.py:3239} INFO - Sync 1 DAGs
[2025-01-28T10:59:05.662+0000] {logging_mixin.py:190} INFO - [2025-01-28T10:59:05.660+0000] {dag.py:4180} INFO - Setting next_dagrun for tutorial_dag to None, run_after=None
[2025-01-28T10:59:05.706+0000] {processor.py:208} INFO - Processing /mnt/c/Users/Admin/Desktop/ud_data/Dataslush_umang/airflow/airflow_venv/lib/python3.12/site-packages/airflow/example_dags/tutorial_dag.py took 0.261 seconds
[2025-01-28T10:59:55.729+0000] {processor.py:186} INFO - Started process (PID=19449) to work on /mnt/c/Users/Admin/Desktop/ud_data/Dataslush_umang/airflow/airflow_venv/lib/python3.12/site-packages/airflow/example_dags/tutorial_dag.py
[2025-01-28T10:59:55.742+0000] {processor.py:914} INFO - Processing file /mnt/c/Users/Admin/Desktop/ud_data/Dataslush_umang/airflow/airflow_venv/lib/python3.12/site-packages/airflow/example_dags/tutorial_dag.py for tasks to queue
[2025-01-28T10:59:55.751+0000] {logging_mixin.py:190} INFO - [2025-01-28T10:59:55.747+0000] {dagbag.py:588} INFO - Filling up the DagBag from /mnt/c/Users/Admin/Desktop/ud_data/Dataslush_umang/airflow/airflow_venv/lib/python3.12/site-packages/airflow/example_dags/tutorial_dag.py
[2025-01-28T10:59:55.877+0000] {processor.py:925} INFO - DAG(s) 'tutorial_dag' retrieved from /mnt/c/Users/Admin/Desktop/ud_data/Dataslush_umang/airflow/airflow_venv/lib/python3.12/site-packages/airflow/example_dags/tutorial_dag.py
[2025-01-28T10:59:55.935+0000] {logging_mixin.py:190} INFO - [2025-01-28T10:59:55.932+0000] {dag.py:3239} INFO - Sync 1 DAGs
[2025-01-28T10:59:55.982+0000] {logging_mixin.py:190} INFO - [2025-01-28T10:59:55.980+0000] {dag.py:4180} INFO - Setting next_dagrun for tutorial_dag to None, run_after=None
[2025-01-28T10:59:56.187+0000] {processor.py:208} INFO - Processing /mnt/c/Users/Admin/Desktop/ud_data/Dataslush_umang/airflow/airflow_venv/lib/python3.12/site-packages/airflow/example_dags/tutorial_dag.py took 0.492 seconds
[2025-01-28T11:00:51.711+0000] {processor.py:186} INFO - Started process (PID=19539) to work on /mnt/c/Users/Admin/Desktop/ud_data/Dataslush_umang/airflow/airflow_venv/lib/python3.12/site-packages/airflow/example_dags/tutorial_dag.py
[2025-01-28T11:00:51.715+0000] {processor.py:914} INFO - Processing file /mnt/c/Users/Admin/Desktop/ud_data/Dataslush_umang/airflow/airflow_venv/lib/python3.12/site-packages/airflow/example_dags/tutorial_dag.py for tasks to queue
[2025-01-28T11:00:51.723+0000] {logging_mixin.py:190} INFO - [2025-01-28T11:00:51.721+0000] {dagbag.py:588} INFO - Filling up the DagBag from /mnt/c/Users/Admin/Desktop/ud_data/Dataslush_umang/airflow/airflow_venv/lib/python3.12/site-packages/airflow/example_dags/tutorial_dag.py
[2025-01-28T11:00:51.809+0000] {processor.py:925} INFO - DAG(s) 'tutorial_dag' retrieved from /mnt/c/Users/Admin/Desktop/ud_data/Dataslush_umang/airflow/airflow_venv/lib/python3.12/site-packages/airflow/example_dags/tutorial_dag.py
[2025-01-28T11:00:51.838+0000] {logging_mixin.py:190} INFO - [2025-01-28T11:00:51.837+0000] {dag.py:3239} INFO - Sync 1 DAGs
[2025-01-28T11:00:51.857+0000] {logging_mixin.py:190} INFO - [2025-01-28T11:00:51.855+0000] {dag.py:4180} INFO - Setting next_dagrun for tutorial_dag to None, run_after=None
[2025-01-28T11:00:52.120+0000] {processor.py:208} INFO - Processing /mnt/c/Users/Admin/Desktop/ud_data/Dataslush_umang/airflow/airflow_venv/lib/python3.12/site-packages/airflow/example_dags/tutorial_dag.py took 0.441 seconds
[2025-01-28T11:01:45.700+0000] {processor.py:186} INFO - Started process (PID=19606) to work on /mnt/c/Users/Admin/Desktop/ud_data/Dataslush_umang/airflow/airflow_venv/lib/python3.12/site-packages/airflow/example_dags/tutorial_dag.py
[2025-01-28T11:01:45.703+0000] {processor.py:914} INFO - Processing file /mnt/c/Users/Admin/Desktop/ud_data/Dataslush_umang/airflow/airflow_venv/lib/python3.12/site-packages/airflow/example_dags/tutorial_dag.py for tasks to queue
[2025-01-28T11:01:45.710+0000] {logging_mixin.py:190} INFO - [2025-01-28T11:01:45.708+0000] {dagbag.py:588} INFO - Filling up the DagBag from /mnt/c/Users/Admin/Desktop/ud_data/Dataslush_umang/airflow/airflow_venv/lib/python3.12/site-packages/airflow/example_dags/tutorial_dag.py
[2025-01-28T11:01:45.836+0000] {processor.py:925} INFO - DAG(s) 'tutorial_dag' retrieved from /mnt/c/Users/Admin/Desktop/ud_data/Dataslush_umang/airflow/airflow_venv/lib/python3.12/site-packages/airflow/example_dags/tutorial_dag.py
[2025-01-28T11:01:45.864+0000] {logging_mixin.py:190} INFO - [2025-01-28T11:01:45.862+0000] {dag.py:3239} INFO - Sync 1 DAGs
[2025-01-28T11:01:45.882+0000] {logging_mixin.py:190} INFO - [2025-01-28T11:01:45.880+0000] {dag.py:4180} INFO - Setting next_dagrun for tutorial_dag to None, run_after=None
[2025-01-28T11:01:45.922+0000] {processor.py:208} INFO - Processing /mnt/c/Users/Admin/Desktop/ud_data/Dataslush_umang/airflow/airflow_venv/lib/python3.12/site-packages/airflow/example_dags/tutorial_dag.py took 0.251 seconds
[2025-01-28T11:03:32.614+0000] {processor.py:186} INFO - Started process (PID=19723) to work on /mnt/c/Users/Admin/Desktop/ud_data/Dataslush_umang/airflow/airflow_venv/lib/python3.12/site-packages/airflow/example_dags/tutorial_dag.py
[2025-01-28T11:03:32.798+0000] {processor.py:914} INFO - Processing file /mnt/c/Users/Admin/Desktop/ud_data/Dataslush_umang/airflow/airflow_venv/lib/python3.12/site-packages/airflow/example_dags/tutorial_dag.py for tasks to queue
[2025-01-28T11:03:32.805+0000] {logging_mixin.py:190} INFO - [2025-01-28T11:03:32.803+0000] {dagbag.py:588} INFO - Filling up the DagBag from /mnt/c/Users/Admin/Desktop/ud_data/Dataslush_umang/airflow/airflow_venv/lib/python3.12/site-packages/airflow/example_dags/tutorial_dag.py
[2025-01-28T11:03:32.919+0000] {processor.py:925} INFO - DAG(s) 'tutorial_dag' retrieved from /mnt/c/Users/Admin/Desktop/ud_data/Dataslush_umang/airflow/airflow_venv/lib/python3.12/site-packages/airflow/example_dags/tutorial_dag.py
[2025-01-28T11:03:32.947+0000] {logging_mixin.py:190} INFO - [2025-01-28T11:03:32.944+0000] {dag.py:3239} INFO - Sync 1 DAGs
[2025-01-28T11:03:32.965+0000] {logging_mixin.py:190} INFO - [2025-01-28T11:03:32.963+0000] {dag.py:4180} INFO - Setting next_dagrun for tutorial_dag to None, run_after=None
[2025-01-28T11:03:37.096+0000] {processor.py:208} INFO - Processing /mnt/c/Users/Admin/Desktop/ud_data/Dataslush_umang/airflow/airflow_venv/lib/python3.12/site-packages/airflow/example_dags/tutorial_dag.py took 4.516 seconds
[2025-01-28T11:04:30.887+0000] {processor.py:186} INFO - Started process (PID=19906) to work on /mnt/c/Users/Admin/Desktop/ud_data/Dataslush_umang/airflow/airflow_venv/lib/python3.12/site-packages/airflow/example_dags/tutorial_dag.py
[2025-01-28T11:04:30.890+0000] {processor.py:914} INFO - Processing file /mnt/c/Users/Admin/Desktop/ud_data/Dataslush_umang/airflow/airflow_venv/lib/python3.12/site-packages/airflow/example_dags/tutorial_dag.py for tasks to queue
[2025-01-28T11:04:30.896+0000] {logging_mixin.py:190} INFO - [2025-01-28T11:04:30.894+0000] {dagbag.py:588} INFO - Filling up the DagBag from /mnt/c/Users/Admin/Desktop/ud_data/Dataslush_umang/airflow/airflow_venv/lib/python3.12/site-packages/airflow/example_dags/tutorial_dag.py
[2025-01-28T11:04:31.008+0000] {processor.py:925} INFO - DAG(s) 'tutorial_dag' retrieved from /mnt/c/Users/Admin/Desktop/ud_data/Dataslush_umang/airflow/airflow_venv/lib/python3.12/site-packages/airflow/example_dags/tutorial_dag.py
[2025-01-28T11:04:31.047+0000] {logging_mixin.py:190} INFO - [2025-01-28T11:04:31.045+0000] {dag.py:3239} INFO - Sync 1 DAGs
[2025-01-28T11:04:31.073+0000] {logging_mixin.py:190} INFO - [2025-01-28T11:04:31.071+0000] {dag.py:4180} INFO - Setting next_dagrun for tutorial_dag to None, run_after=None
[2025-01-28T11:04:31.120+0000] {processor.py:208} INFO - Processing /mnt/c/Users/Admin/Desktop/ud_data/Dataslush_umang/airflow/airflow_venv/lib/python3.12/site-packages/airflow/example_dags/tutorial_dag.py took 0.256 seconds
[2025-01-28T11:05:19.704+0000] {processor.py:186} INFO - Started process (PID=19968) to work on /mnt/c/Users/Admin/Desktop/ud_data/Dataslush_umang/airflow/airflow_venv/lib/python3.12/site-packages/airflow/example_dags/tutorial_dag.py
[2025-01-28T11:05:19.707+0000] {processor.py:914} INFO - Processing file /mnt/c/Users/Admin/Desktop/ud_data/Dataslush_umang/airflow/airflow_venv/lib/python3.12/site-packages/airflow/example_dags/tutorial_dag.py for tasks to queue
[2025-01-28T11:05:19.714+0000] {logging_mixin.py:190} INFO - [2025-01-28T11:05:19.712+0000] {dagbag.py:588} INFO - Filling up the DagBag from /mnt/c/Users/Admin/Desktop/ud_data/Dataslush_umang/airflow/airflow_venv/lib/python3.12/site-packages/airflow/example_dags/tutorial_dag.py
[2025-01-28T11:05:19.831+0000] {processor.py:925} INFO - DAG(s) 'tutorial_dag' retrieved from /mnt/c/Users/Admin/Desktop/ud_data/Dataslush_umang/airflow/airflow_venv/lib/python3.12/site-packages/airflow/example_dags/tutorial_dag.py
[2025-01-28T11:05:19.860+0000] {logging_mixin.py:190} INFO - [2025-01-28T11:05:19.858+0000] {dag.py:3239} INFO - Sync 1 DAGs
[2025-01-28T11:05:19.881+0000] {logging_mixin.py:190} INFO - [2025-01-28T11:05:19.879+0000] {dag.py:4180} INFO - Setting next_dagrun for tutorial_dag to None, run_after=None
[2025-01-28T11:05:19.924+0000] {processor.py:208} INFO - Processing /mnt/c/Users/Admin/Desktop/ud_data/Dataslush_umang/airflow/airflow_venv/lib/python3.12/site-packages/airflow/example_dags/tutorial_dag.py took 0.252 seconds
[2025-01-28T11:06:25.551+0000] {processor.py:186} INFO - Started process (PID=20020) to work on /mnt/c/Users/Admin/Desktop/ud_data/Dataslush_umang/airflow/airflow_venv/lib/python3.12/site-packages/airflow/example_dags/tutorial_dag.py
[2025-01-28T11:06:25.554+0000] {processor.py:914} INFO - Processing file /mnt/c/Users/Admin/Desktop/ud_data/Dataslush_umang/airflow/airflow_venv/lib/python3.12/site-packages/airflow/example_dags/tutorial_dag.py for tasks to queue
[2025-01-28T11:06:25.561+0000] {logging_mixin.py:190} INFO - [2025-01-28T11:06:25.559+0000] {dagbag.py:588} INFO - Filling up the DagBag from /mnt/c/Users/Admin/Desktop/ud_data/Dataslush_umang/airflow/airflow_venv/lib/python3.12/site-packages/airflow/example_dags/tutorial_dag.py
[2025-01-28T11:06:25.669+0000] {processor.py:925} INFO - DAG(s) 'tutorial_dag' retrieved from /mnt/c/Users/Admin/Desktop/ud_data/Dataslush_umang/airflow/airflow_venv/lib/python3.12/site-packages/airflow/example_dags/tutorial_dag.py
[2025-01-28T11:06:25.699+0000] {logging_mixin.py:190} INFO - [2025-01-28T11:06:25.698+0000] {dag.py:3239} INFO - Sync 1 DAGs
[2025-01-28T11:06:25.720+0000] {logging_mixin.py:190} INFO - [2025-01-28T11:06:25.719+0000] {dag.py:4180} INFO - Setting next_dagrun for tutorial_dag to None, run_after=None
[2025-01-28T11:06:25.773+0000] {processor.py:208} INFO - Processing /mnt/c/Users/Admin/Desktop/ud_data/Dataslush_umang/airflow/airflow_venv/lib/python3.12/site-packages/airflow/example_dags/tutorial_dag.py took 0.250 seconds
[2025-01-28T11:07:27.824+0000] {processor.py:186} INFO - Started process (PID=20093) to work on /mnt/c/Users/Admin/Desktop/ud_data/Dataslush_umang/airflow/airflow_venv/lib/python3.12/site-packages/airflow/example_dags/tutorial_dag.py
[2025-01-28T11:07:27.873+0000] {processor.py:914} INFO - Processing file /mnt/c/Users/Admin/Desktop/ud_data/Dataslush_umang/airflow/airflow_venv/lib/python3.12/site-packages/airflow/example_dags/tutorial_dag.py for tasks to queue
[2025-01-28T11:07:27.881+0000] {logging_mixin.py:190} INFO - [2025-01-28T11:07:27.879+0000] {dagbag.py:588} INFO - Filling up the DagBag from /mnt/c/Users/Admin/Desktop/ud_data/Dataslush_umang/airflow/airflow_venv/lib/python3.12/site-packages/airflow/example_dags/tutorial_dag.py
[2025-01-28T11:07:27.993+0000] {processor.py:925} INFO - DAG(s) 'tutorial_dag' retrieved from /mnt/c/Users/Admin/Desktop/ud_data/Dataslush_umang/airflow/airflow_venv/lib/python3.12/site-packages/airflow/example_dags/tutorial_dag.py
[2025-01-28T11:07:28.027+0000] {logging_mixin.py:190} INFO - [2025-01-28T11:07:28.025+0000] {dag.py:3239} INFO - Sync 1 DAGs
[2025-01-28T11:07:28.049+0000] {logging_mixin.py:190} INFO - [2025-01-28T11:07:28.048+0000] {dag.py:4180} INFO - Setting next_dagrun for tutorial_dag to None, run_after=None
[2025-01-28T11:07:28.091+0000] {processor.py:208} INFO - Processing /mnt/c/Users/Admin/Desktop/ud_data/Dataslush_umang/airflow/airflow_venv/lib/python3.12/site-packages/airflow/example_dags/tutorial_dag.py took 0.292 seconds
[2025-01-28T11:08:13.117+0000] {processor.py:186} INFO - Started process (PID=20193) to work on /mnt/c/Users/Admin/Desktop/ud_data/Dataslush_umang/airflow/airflow_venv/lib/python3.12/site-packages/airflow/example_dags/tutorial_dag.py
[2025-01-28T11:08:13.119+0000] {processor.py:914} INFO - Processing file /mnt/c/Users/Admin/Desktop/ud_data/Dataslush_umang/airflow/airflow_venv/lib/python3.12/site-packages/airflow/example_dags/tutorial_dag.py for tasks to queue
[2025-01-28T11:08:13.126+0000] {logging_mixin.py:190} INFO - [2025-01-28T11:08:13.124+0000] {dagbag.py:588} INFO - Filling up the DagBag from /mnt/c/Users/Admin/Desktop/ud_data/Dataslush_umang/airflow/airflow_venv/lib/python3.12/site-packages/airflow/example_dags/tutorial_dag.py
[2025-01-28T11:08:13.233+0000] {processor.py:925} INFO - DAG(s) 'tutorial_dag' retrieved from /mnt/c/Users/Admin/Desktop/ud_data/Dataslush_umang/airflow/airflow_venv/lib/python3.12/site-packages/airflow/example_dags/tutorial_dag.py
[2025-01-28T11:08:13.266+0000] {logging_mixin.py:190} INFO - [2025-01-28T11:08:13.264+0000] {dag.py:3239} INFO - Sync 1 DAGs
[2025-01-28T11:08:13.286+0000] {logging_mixin.py:190} INFO - [2025-01-28T11:08:13.284+0000] {dag.py:4180} INFO - Setting next_dagrun for tutorial_dag to None, run_after=None
[2025-01-28T11:08:13.358+0000] {processor.py:208} INFO - Processing /mnt/c/Users/Admin/Desktop/ud_data/Dataslush_umang/airflow/airflow_venv/lib/python3.12/site-packages/airflow/example_dags/tutorial_dag.py took 0.266 seconds
[2025-01-28T11:08:58.758+0000] {processor.py:186} INFO - Started process (PID=20263) to work on /mnt/c/Users/Admin/Desktop/ud_data/Dataslush_umang/airflow/airflow_venv/lib/python3.12/site-packages/airflow/example_dags/tutorial_dag.py
[2025-01-28T11:08:58.761+0000] {processor.py:914} INFO - Processing file /mnt/c/Users/Admin/Desktop/ud_data/Dataslush_umang/airflow/airflow_venv/lib/python3.12/site-packages/airflow/example_dags/tutorial_dag.py for tasks to queue
[2025-01-28T11:08:58.770+0000] {logging_mixin.py:190} INFO - [2025-01-28T11:08:58.767+0000] {dagbag.py:588} INFO - Filling up the DagBag from /mnt/c/Users/Admin/Desktop/ud_data/Dataslush_umang/airflow/airflow_venv/lib/python3.12/site-packages/airflow/example_dags/tutorial_dag.py
[2025-01-28T11:09:28.971+0000] {processor.py:925} INFO - DAG(s) 'tutorial_dag' retrieved from /mnt/c/Users/Admin/Desktop/ud_data/Dataslush_umang/airflow/airflow_venv/lib/python3.12/site-packages/airflow/example_dags/tutorial_dag.py
[2025-01-28T11:09:29.008+0000] {logging_mixin.py:190} INFO - [2025-01-28T11:09:29.006+0000] {dag.py:3239} INFO - Sync 1 DAGs
[2025-01-28T11:09:29.032+0000] {logging_mixin.py:190} INFO - [2025-01-28T11:09:29.031+0000] {dag.py:4180} INFO - Setting next_dagrun for tutorial_dag to None, run_after=None
[2025-01-28T11:08:59.248+0000] {processor.py:208} INFO - Processing /mnt/c/Users/Admin/Desktop/ud_data/Dataslush_umang/airflow/airflow_venv/lib/python3.12/site-packages/airflow/example_dags/tutorial_dag.py took 0.510 seconds
[2025-01-28T11:09:51.493+0000] {processor.py:186} INFO - Started process (PID=20404) to work on /mnt/c/Users/Admin/Desktop/ud_data/Dataslush_umang/airflow/airflow_venv/lib/python3.12/site-packages/airflow/example_dags/tutorial_dag.py
[2025-01-28T11:09:51.496+0000] {processor.py:914} INFO - Processing file /mnt/c/Users/Admin/Desktop/ud_data/Dataslush_umang/airflow/airflow_venv/lib/python3.12/site-packages/airflow/example_dags/tutorial_dag.py for tasks to queue
[2025-01-28T11:09:51.502+0000] {logging_mixin.py:190} INFO - [2025-01-28T11:09:51.500+0000] {dagbag.py:588} INFO - Filling up the DagBag from /mnt/c/Users/Admin/Desktop/ud_data/Dataslush_umang/airflow/airflow_venv/lib/python3.12/site-packages/airflow/example_dags/tutorial_dag.py
[2025-01-28T11:09:51.626+0000] {processor.py:925} INFO - DAG(s) 'tutorial_dag' retrieved from /mnt/c/Users/Admin/Desktop/ud_data/Dataslush_umang/airflow/airflow_venv/lib/python3.12/site-packages/airflow/example_dags/tutorial_dag.py
[2025-01-28T11:09:51.665+0000] {logging_mixin.py:190} INFO - [2025-01-28T11:09:51.663+0000] {dag.py:3239} INFO - Sync 1 DAGs
[2025-01-28T11:09:51.692+0000] {logging_mixin.py:190} INFO - [2025-01-28T11:09:51.690+0000] {dag.py:4180} INFO - Setting next_dagrun for tutorial_dag to None, run_after=None
[2025-01-28T11:09:51.875+0000] {processor.py:208} INFO - Processing /mnt/c/Users/Admin/Desktop/ud_data/Dataslush_umang/airflow/airflow_venv/lib/python3.12/site-packages/airflow/example_dags/tutorial_dag.py took 0.409 seconds
[2025-01-28T11:11:23.500+0000] {processor.py:186} INFO - Started process (PID=20523) to work on /mnt/c/Users/Admin/Desktop/ud_data/Dataslush_umang/airflow/airflow_venv/lib/python3.12/site-packages/airflow/example_dags/tutorial_dag.py
[2025-01-28T11:11:23.503+0000] {processor.py:914} INFO - Processing file /mnt/c/Users/Admin/Desktop/ud_data/Dataslush_umang/airflow/airflow_venv/lib/python3.12/site-packages/airflow/example_dags/tutorial_dag.py for tasks to queue
[2025-01-28T11:11:23.509+0000] {logging_mixin.py:190} INFO - [2025-01-28T11:11:23.508+0000] {dagbag.py:588} INFO - Filling up the DagBag from /mnt/c/Users/Admin/Desktop/ud_data/Dataslush_umang/airflow/airflow_venv/lib/python3.12/site-packages/airflow/example_dags/tutorial_dag.py
[2025-01-28T11:11:23.633+0000] {processor.py:925} INFO - DAG(s) 'tutorial_dag' retrieved from /mnt/c/Users/Admin/Desktop/ud_data/Dataslush_umang/airflow/airflow_venv/lib/python3.12/site-packages/airflow/example_dags/tutorial_dag.py
[2025-01-28T11:11:23.666+0000] {logging_mixin.py:190} INFO - [2025-01-28T11:11:23.664+0000] {dag.py:3239} INFO - Sync 1 DAGs
[2025-01-28T11:11:23.684+0000] {logging_mixin.py:190} INFO - [2025-01-28T11:11:23.682+0000] {dag.py:4180} INFO - Setting next_dagrun for tutorial_dag to None, run_after=None
[2025-01-28T11:11:23.728+0000] {processor.py:208} INFO - Processing /mnt/c/Users/Admin/Desktop/ud_data/Dataslush_umang/airflow/airflow_venv/lib/python3.12/site-packages/airflow/example_dags/tutorial_dag.py took 0.252 seconds
[2025-01-28T11:12:12.848+0000] {processor.py:186} INFO - Started process (PID=20583) to work on /mnt/c/Users/Admin/Desktop/ud_data/Dataslush_umang/airflow/airflow_venv/lib/python3.12/site-packages/airflow/example_dags/tutorial_dag.py
[2025-01-28T11:12:12.851+0000] {processor.py:914} INFO - Processing file /mnt/c/Users/Admin/Desktop/ud_data/Dataslush_umang/airflow/airflow_venv/lib/python3.12/site-packages/airflow/example_dags/tutorial_dag.py for tasks to queue
[2025-01-28T11:12:12.859+0000] {logging_mixin.py:190} INFO - [2025-01-28T11:12:12.857+0000] {dagbag.py:588} INFO - Filling up the DagBag from /mnt/c/Users/Admin/Desktop/ud_data/Dataslush_umang/airflow/airflow_venv/lib/python3.12/site-packages/airflow/example_dags/tutorial_dag.py
[2025-01-28T11:12:12.968+0000] {processor.py:925} INFO - DAG(s) 'tutorial_dag' retrieved from /mnt/c/Users/Admin/Desktop/ud_data/Dataslush_umang/airflow/airflow_venv/lib/python3.12/site-packages/airflow/example_dags/tutorial_dag.py
[2025-01-28T11:12:13.005+0000] {logging_mixin.py:190} INFO - [2025-01-28T11:12:13.004+0000] {dag.py:3239} INFO - Sync 1 DAGs
[2025-01-28T11:12:13.024+0000] {logging_mixin.py:190} INFO - [2025-01-28T11:12:13.023+0000] {dag.py:4180} INFO - Setting next_dagrun for tutorial_dag to None, run_after=None
[2025-01-28T11:12:13.065+0000] {processor.py:208} INFO - Processing /mnt/c/Users/Admin/Desktop/ud_data/Dataslush_umang/airflow/airflow_venv/lib/python3.12/site-packages/airflow/example_dags/tutorial_dag.py took 0.243 seconds
[2025-01-28T11:12:59.899+0000] {processor.py:186} INFO - Started process (PID=20636) to work on /mnt/c/Users/Admin/Desktop/ud_data/Dataslush_umang/airflow/airflow_venv/lib/python3.12/site-packages/airflow/example_dags/tutorial_dag.py
[2025-01-28T11:12:59.911+0000] {processor.py:914} INFO - Processing file /mnt/c/Users/Admin/Desktop/ud_data/Dataslush_umang/airflow/airflow_venv/lib/python3.12/site-packages/airflow/example_dags/tutorial_dag.py for tasks to queue
[2025-01-28T11:12:59.918+0000] {logging_mixin.py:190} INFO - [2025-01-28T11:12:59.916+0000] {dagbag.py:588} INFO - Filling up the DagBag from /mnt/c/Users/Admin/Desktop/ud_data/Dataslush_umang/airflow/airflow_venv/lib/python3.12/site-packages/airflow/example_dags/tutorial_dag.py
[2025-01-28T11:13:00.032+0000] {processor.py:925} INFO - DAG(s) 'tutorial_dag' retrieved from /mnt/c/Users/Admin/Desktop/ud_data/Dataslush_umang/airflow/airflow_venv/lib/python3.12/site-packages/airflow/example_dags/tutorial_dag.py
[2025-01-28T11:13:00.067+0000] {logging_mixin.py:190} INFO - [2025-01-28T11:13:00.065+0000] {dag.py:3239} INFO - Sync 1 DAGs
[2025-01-28T11:13:00.086+0000] {logging_mixin.py:190} INFO - [2025-01-28T11:13:00.084+0000] {dag.py:4180} INFO - Setting next_dagrun for tutorial_dag to None, run_after=None
[2025-01-28T11:13:01.417+0000] {processor.py:208} INFO - Processing /mnt/c/Users/Admin/Desktop/ud_data/Dataslush_umang/airflow/airflow_venv/lib/python3.12/site-packages/airflow/example_dags/tutorial_dag.py took 1.547 seconds
[2025-01-28T11:13:48.266+0000] {processor.py:186} INFO - Started process (PID=20694) to work on /mnt/c/Users/Admin/Desktop/ud_data/Dataslush_umang/airflow/airflow_venv/lib/python3.12/site-packages/airflow/example_dags/tutorial_dag.py
[2025-01-28T11:13:48.292+0000] {processor.py:914} INFO - Processing file /mnt/c/Users/Admin/Desktop/ud_data/Dataslush_umang/airflow/airflow_venv/lib/python3.12/site-packages/airflow/example_dags/tutorial_dag.py for tasks to queue
[2025-01-28T11:13:48.299+0000] {logging_mixin.py:190} INFO - [2025-01-28T11:13:48.297+0000] {dagbag.py:588} INFO - Filling up the DagBag from /mnt/c/Users/Admin/Desktop/ud_data/Dataslush_umang/airflow/airflow_venv/lib/python3.12/site-packages/airflow/example_dags/tutorial_dag.py
[2025-01-28T11:13:48.408+0000] {processor.py:925} INFO - DAG(s) 'tutorial_dag' retrieved from /mnt/c/Users/Admin/Desktop/ud_data/Dataslush_umang/airflow/airflow_venv/lib/python3.12/site-packages/airflow/example_dags/tutorial_dag.py
[2025-01-28T11:13:48.433+0000] {logging_mixin.py:190} INFO - [2025-01-28T11:13:48.431+0000] {dag.py:3239} INFO - Sync 1 DAGs
[2025-01-28T11:13:48.450+0000] {logging_mixin.py:190} INFO - [2025-01-28T11:13:48.448+0000] {dag.py:4180} INFO - Setting next_dagrun for tutorial_dag to None, run_after=None
[2025-01-28T11:13:48.490+0000] {processor.py:208} INFO - Processing /mnt/c/Users/Admin/Desktop/ud_data/Dataslush_umang/airflow/airflow_venv/lib/python3.12/site-packages/airflow/example_dags/tutorial_dag.py took 0.251 seconds
[2025-01-28T11:14:32.702+0000] {processor.py:186} INFO - Started process (PID=20746) to work on /mnt/c/Users/Admin/Desktop/ud_data/Dataslush_umang/airflow/airflow_venv/lib/python3.12/site-packages/airflow/example_dags/tutorial_dag.py
[2025-01-28T11:14:32.705+0000] {processor.py:914} INFO - Processing file /mnt/c/Users/Admin/Desktop/ud_data/Dataslush_umang/airflow/airflow_venv/lib/python3.12/site-packages/airflow/example_dags/tutorial_dag.py for tasks to queue
[2025-01-28T11:14:32.712+0000] {logging_mixin.py:190} INFO - [2025-01-28T11:14:32.710+0000] {dagbag.py:588} INFO - Filling up the DagBag from /mnt/c/Users/Admin/Desktop/ud_data/Dataslush_umang/airflow/airflow_venv/lib/python3.12/site-packages/airflow/example_dags/tutorial_dag.py
[2025-01-28T11:14:32.823+0000] {processor.py:925} INFO - DAG(s) 'tutorial_dag' retrieved from /mnt/c/Users/Admin/Desktop/ud_data/Dataslush_umang/airflow/airflow_venv/lib/python3.12/site-packages/airflow/example_dags/tutorial_dag.py
[2025-01-28T11:14:32.857+0000] {logging_mixin.py:190} INFO - [2025-01-28T11:14:32.856+0000] {dag.py:3239} INFO - Sync 1 DAGs
[2025-01-28T11:14:32.885+0000] {logging_mixin.py:190} INFO - [2025-01-28T11:14:32.884+0000] {dag.py:4180} INFO - Setting next_dagrun for tutorial_dag to None, run_after=None
[2025-01-28T11:14:32.938+0000] {processor.py:208} INFO - Processing /mnt/c/Users/Admin/Desktop/ud_data/Dataslush_umang/airflow/airflow_venv/lib/python3.12/site-packages/airflow/example_dags/tutorial_dag.py took 0.260 seconds
