[2025-01-28T10:11:29.577+0000] {processor.py:186} INFO - Started process (PID=14683) to work on /mnt/c/Users/Admin/Desktop/ud_data/Dataslush_umang/airflow/airflow_venv/lib/python3.12/site-packages/airflow/example_dags/tutorial.py
[2025-01-28T10:11:29.579+0000] {processor.py:914} INFO - Processing file /mnt/c/Users/Admin/Desktop/ud_data/Dataslush_umang/airflow/airflow_venv/lib/python3.12/site-packages/airflow/example_dags/tutorial.py for tasks to queue
[2025-01-28T10:11:29.585+0000] {logging_mixin.py:190} INFO - [2025-01-28T10:11:29.583+0000] {dagbag.py:588} INFO - Filling up the DagBag from /mnt/c/Users/Admin/Desktop/ud_data/Dataslush_umang/airflow/airflow_venv/lib/python3.12/site-packages/airflow/example_dags/tutorial.py
[2025-01-28T10:11:29.729+0000] {processor.py:925} INFO - DAG(s) 'tutorial' retrieved from /mnt/c/Users/Admin/Desktop/ud_data/Dataslush_umang/airflow/airflow_venv/lib/python3.12/site-packages/airflow/example_dags/tutorial.py
[2025-01-28T10:11:31.648+0000] {logging_mixin.py:190} INFO - [2025-01-28T10:11:31.645+0000] {override.py:1912} INFO - Created Permission View: can edit on DAG:tutorial
[2025-01-28T10:12:03.008+0000] {logging_mixin.py:190} INFO - [2025-01-28T10:12:03.006+0000] {override.py:1912} INFO - Created Permission View: can read on DAG:tutorial
[2025-01-28T10:12:03.054+0000] {logging_mixin.py:190} INFO - [2025-01-28T10:12:03.052+0000] {override.py:1912} INFO - Created Permission View: can delete on DAG:tutorial
[2025-01-28T10:11:33.268+0000] {logging_mixin.py:190} INFO - [2025-01-28T10:11:33.267+0000] {override.py:1912} INFO - Created Permission View: can create on DAG Run:tutorial
[2025-01-28T10:11:34.391+0000] {logging_mixin.py:190} INFO - [2025-01-28T10:11:34.389+0000] {override.py:1912} INFO - Created Permission View: menu access on DAG Run:tutorial
[2025-01-28T10:11:34.536+0000] {logging_mixin.py:190} INFO - [2025-01-28T10:11:34.534+0000] {override.py:1912} INFO - Created Permission View: can read on DAG Run:tutorial
[2025-01-28T10:11:34.716+0000] {logging_mixin.py:190} INFO - [2025-01-28T10:11:34.714+0000] {override.py:1912} INFO - Created Permission View: can delete on DAG Run:tutorial
[2025-01-28T10:11:34.719+0000] {logging_mixin.py:190} INFO - [2025-01-28T10:11:34.717+0000] {dag.py:3239} INFO - Sync 1 DAGs
[2025-01-28T10:11:34.739+0000] {logging_mixin.py:190} INFO - [2025-01-28T10:11:34.737+0000] {dag.py:3262} INFO - Creating ORM DAG for tutorial
[2025-01-28T10:11:34.874+0000] {logging_mixin.py:190} INFO - [2025-01-28T10:11:34.872+0000] {dag.py:4180} INFO - Setting next_dagrun for tutorial to 2025-01-27 00:00:00+00:00, run_after=2025-01-28 00:00:00+00:00
[2025-01-28T10:11:35.182+0000] {processor.py:208} INFO - Processing /mnt/c/Users/Admin/Desktop/ud_data/Dataslush_umang/airflow/airflow_venv/lib/python3.12/site-packages/airflow/example_dags/tutorial.py took 5.629 seconds
[2025-01-28T10:14:51.185+0000] {processor.py:186} INFO - Started process (PID=14951) to work on /mnt/c/Users/Admin/Desktop/ud_data/Dataslush_umang/airflow/airflow_venv/lib/python3.12/site-packages/airflow/example_dags/tutorial.py
[2025-01-28T10:14:51.188+0000] {processor.py:914} INFO - Processing file /mnt/c/Users/Admin/Desktop/ud_data/Dataslush_umang/airflow/airflow_venv/lib/python3.12/site-packages/airflow/example_dags/tutorial.py for tasks to queue
[2025-01-28T10:14:51.192+0000] {logging_mixin.py:190} INFO - [2025-01-28T10:14:51.191+0000] {dagbag.py:588} INFO - Filling up the DagBag from /mnt/c/Users/Admin/Desktop/ud_data/Dataslush_umang/airflow/airflow_venv/lib/python3.12/site-packages/airflow/example_dags/tutorial.py
[2025-01-28T10:14:51.276+0000] {processor.py:925} INFO - DAG(s) 'tutorial' retrieved from /mnt/c/Users/Admin/Desktop/ud_data/Dataslush_umang/airflow/airflow_venv/lib/python3.12/site-packages/airflow/example_dags/tutorial.py
[2025-01-28T10:14:51.300+0000] {logging_mixin.py:190} INFO - [2025-01-28T10:14:51.298+0000] {dag.py:3239} INFO - Sync 1 DAGs
[2025-01-28T10:14:51.332+0000] {logging_mixin.py:190} INFO - [2025-01-28T10:14:51.331+0000] {dag.py:4180} INFO - Setting next_dagrun for tutorial to 2025-01-27 00:00:00+00:00, run_after=2025-01-28 00:00:00+00:00
[2025-01-28T10:14:51.511+0000] {processor.py:208} INFO - Processing /mnt/c/Users/Admin/Desktop/ud_data/Dataslush_umang/airflow/airflow_venv/lib/python3.12/site-packages/airflow/example_dags/tutorial.py took 0.351 seconds
[2025-01-28T10:15:57.502+0000] {processor.py:186} INFO - Started process (PID=15046) to work on /mnt/c/Users/Admin/Desktop/ud_data/Dataslush_umang/airflow/airflow_venv/lib/python3.12/site-packages/airflow/example_dags/tutorial.py
[2025-01-28T10:15:57.505+0000] {processor.py:914} INFO - Processing file /mnt/c/Users/Admin/Desktop/ud_data/Dataslush_umang/airflow/airflow_venv/lib/python3.12/site-packages/airflow/example_dags/tutorial.py for tasks to queue
[2025-01-28T10:15:57.511+0000] {logging_mixin.py:190} INFO - [2025-01-28T10:15:57.508+0000] {dagbag.py:588} INFO - Filling up the DagBag from /mnt/c/Users/Admin/Desktop/ud_data/Dataslush_umang/airflow/airflow_venv/lib/python3.12/site-packages/airflow/example_dags/tutorial.py
[2025-01-28T10:15:57.594+0000] {processor.py:925} INFO - DAG(s) 'tutorial' retrieved from /mnt/c/Users/Admin/Desktop/ud_data/Dataslush_umang/airflow/airflow_venv/lib/python3.12/site-packages/airflow/example_dags/tutorial.py
[2025-01-28T10:15:57.618+0000] {logging_mixin.py:190} INFO - [2025-01-28T10:15:57.617+0000] {dag.py:3239} INFO - Sync 1 DAGs
[2025-01-28T10:15:57.648+0000] {logging_mixin.py:190} INFO - [2025-01-28T10:15:57.646+0000] {dag.py:4180} INFO - Setting next_dagrun for tutorial to 2025-01-27 00:00:00+00:00, run_after=2025-01-28 00:00:00+00:00
[2025-01-28T10:15:57.681+0000] {processor.py:208} INFO - Processing /mnt/c/Users/Admin/Desktop/ud_data/Dataslush_umang/airflow/airflow_venv/lib/python3.12/site-packages/airflow/example_dags/tutorial.py took 0.204 seconds
[2025-01-28T10:16:46.897+0000] {processor.py:186} INFO - Started process (PID=15141) to work on /mnt/c/Users/Admin/Desktop/ud_data/Dataslush_umang/airflow/airflow_venv/lib/python3.12/site-packages/airflow/example_dags/tutorial.py
[2025-01-28T10:16:46.900+0000] {processor.py:914} INFO - Processing file /mnt/c/Users/Admin/Desktop/ud_data/Dataslush_umang/airflow/airflow_venv/lib/python3.12/site-packages/airflow/example_dags/tutorial.py for tasks to queue
[2025-01-28T10:16:46.905+0000] {logging_mixin.py:190} INFO - [2025-01-28T10:16:46.903+0000] {dagbag.py:588} INFO - Filling up the DagBag from /mnt/c/Users/Admin/Desktop/ud_data/Dataslush_umang/airflow/airflow_venv/lib/python3.12/site-packages/airflow/example_dags/tutorial.py
[2025-01-28T10:16:46.993+0000] {processor.py:925} INFO - DAG(s) 'tutorial' retrieved from /mnt/c/Users/Admin/Desktop/ud_data/Dataslush_umang/airflow/airflow_venv/lib/python3.12/site-packages/airflow/example_dags/tutorial.py
[2025-01-28T10:16:47.019+0000] {logging_mixin.py:190} INFO - [2025-01-28T10:16:47.017+0000] {dag.py:3239} INFO - Sync 1 DAGs
[2025-01-28T10:16:47.058+0000] {logging_mixin.py:190} INFO - [2025-01-28T10:16:47.056+0000] {dag.py:4180} INFO - Setting next_dagrun for tutorial to 2025-01-27 00:00:00+00:00, run_after=2025-01-28 00:00:00+00:00
[2025-01-28T10:16:47.226+0000] {processor.py:208} INFO - Processing /mnt/c/Users/Admin/Desktop/ud_data/Dataslush_umang/airflow/airflow_venv/lib/python3.12/site-packages/airflow/example_dags/tutorial.py took 0.356 seconds
[2025-01-28T10:17:47.486+0000] {processor.py:186} INFO - Started process (PID=15239) to work on /mnt/c/Users/Admin/Desktop/ud_data/Dataslush_umang/airflow/airflow_venv/lib/python3.12/site-packages/airflow/example_dags/tutorial.py
[2025-01-28T10:17:47.494+0000] {processor.py:914} INFO - Processing file /mnt/c/Users/Admin/Desktop/ud_data/Dataslush_umang/airflow/airflow_venv/lib/python3.12/site-packages/airflow/example_dags/tutorial.py for tasks to queue
[2025-01-28T10:17:47.507+0000] {logging_mixin.py:190} INFO - [2025-01-28T10:17:47.502+0000] {dagbag.py:588} INFO - Filling up the DagBag from /mnt/c/Users/Admin/Desktop/ud_data/Dataslush_umang/airflow/airflow_venv/lib/python3.12/site-packages/airflow/example_dags/tutorial.py
[2025-01-28T10:17:47.854+0000] {processor.py:925} INFO - DAG(s) 'tutorial' retrieved from /mnt/c/Users/Admin/Desktop/ud_data/Dataslush_umang/airflow/airflow_venv/lib/python3.12/site-packages/airflow/example_dags/tutorial.py
[2025-01-28T10:17:47.925+0000] {logging_mixin.py:190} INFO - [2025-01-28T10:17:47.921+0000] {dag.py:3239} INFO - Sync 1 DAGs
[2025-01-28T10:17:48.004+0000] {logging_mixin.py:190} INFO - [2025-01-28T10:17:48.001+0000] {dag.py:4180} INFO - Setting next_dagrun for tutorial to 2025-01-27 00:00:00+00:00, run_after=2025-01-28 00:00:00+00:00
[2025-01-28T10:17:48.066+0000] {processor.py:208} INFO - Processing /mnt/c/Users/Admin/Desktop/ud_data/Dataslush_umang/airflow/airflow_venv/lib/python3.12/site-packages/airflow/example_dags/tutorial.py took 0.634 seconds
[2025-01-28T10:18:58.401+0000] {processor.py:186} INFO - Started process (PID=15375) to work on /mnt/c/Users/Admin/Desktop/ud_data/Dataslush_umang/airflow/airflow_venv/lib/python3.12/site-packages/airflow/example_dags/tutorial.py
[2025-01-28T10:18:58.403+0000] {processor.py:914} INFO - Processing file /mnt/c/Users/Admin/Desktop/ud_data/Dataslush_umang/airflow/airflow_venv/lib/python3.12/site-packages/airflow/example_dags/tutorial.py for tasks to queue
[2025-01-28T10:18:58.408+0000] {logging_mixin.py:190} INFO - [2025-01-28T10:18:58.406+0000] {dagbag.py:588} INFO - Filling up the DagBag from /mnt/c/Users/Admin/Desktop/ud_data/Dataslush_umang/airflow/airflow_venv/lib/python3.12/site-packages/airflow/example_dags/tutorial.py
[2025-01-28T10:18:58.499+0000] {processor.py:925} INFO - DAG(s) 'tutorial' retrieved from /mnt/c/Users/Admin/Desktop/ud_data/Dataslush_umang/airflow/airflow_venv/lib/python3.12/site-packages/airflow/example_dags/tutorial.py
[2025-01-28T10:18:58.523+0000] {logging_mixin.py:190} INFO - [2025-01-28T10:18:58.521+0000] {dag.py:3239} INFO - Sync 1 DAGs
[2025-01-28T10:18:58.555+0000] {logging_mixin.py:190} INFO - [2025-01-28T10:18:58.553+0000] {dag.py:4180} INFO - Setting next_dagrun for tutorial to 2025-01-27 00:00:00+00:00, run_after=2025-01-28 00:00:00+00:00
[2025-01-28T10:19:28.721+0000] {processor.py:208} INFO - Processing /mnt/c/Users/Admin/Desktop/ud_data/Dataslush_umang/airflow/airflow_venv/lib/python3.12/site-packages/airflow/example_dags/tutorial.py took 0.224 seconds
[2025-01-28T10:20:15.589+0000] {processor.py:186} INFO - Started process (PID=15470) to work on /mnt/c/Users/Admin/Desktop/ud_data/Dataslush_umang/airflow/airflow_venv/lib/python3.12/site-packages/airflow/example_dags/tutorial.py
[2025-01-28T10:20:15.591+0000] {processor.py:914} INFO - Processing file /mnt/c/Users/Admin/Desktop/ud_data/Dataslush_umang/airflow/airflow_venv/lib/python3.12/site-packages/airflow/example_dags/tutorial.py for tasks to queue
[2025-01-28T10:20:15.596+0000] {logging_mixin.py:190} INFO - [2025-01-28T10:20:15.594+0000] {dagbag.py:588} INFO - Filling up the DagBag from /mnt/c/Users/Admin/Desktop/ud_data/Dataslush_umang/airflow/airflow_venv/lib/python3.12/site-packages/airflow/example_dags/tutorial.py
[2025-01-28T10:20:15.689+0000] {processor.py:925} INFO - DAG(s) 'tutorial' retrieved from /mnt/c/Users/Admin/Desktop/ud_data/Dataslush_umang/airflow/airflow_venv/lib/python3.12/site-packages/airflow/example_dags/tutorial.py
[2025-01-28T10:20:15.714+0000] {logging_mixin.py:190} INFO - [2025-01-28T10:20:15.713+0000] {dag.py:3239} INFO - Sync 1 DAGs
[2025-01-28T10:20:15.745+0000] {logging_mixin.py:190} INFO - [2025-01-28T10:20:15.744+0000] {dag.py:4180} INFO - Setting next_dagrun for tutorial to 2025-01-27 00:00:00+00:00, run_after=2025-01-28 00:00:00+00:00
[2025-01-28T10:20:15.784+0000] {processor.py:208} INFO - Processing /mnt/c/Users/Admin/Desktop/ud_data/Dataslush_umang/airflow/airflow_venv/lib/python3.12/site-packages/airflow/example_dags/tutorial.py took 0.214 seconds
[2025-01-28T10:21:47.393+0000] {processor.py:186} INFO - Started process (PID=15614) to work on /mnt/c/Users/Admin/Desktop/ud_data/Dataslush_umang/airflow/airflow_venv/lib/python3.12/site-packages/airflow/example_dags/tutorial.py
[2025-01-28T10:21:47.399+0000] {processor.py:914} INFO - Processing file /mnt/c/Users/Admin/Desktop/ud_data/Dataslush_umang/airflow/airflow_venv/lib/python3.12/site-packages/airflow/example_dags/tutorial.py for tasks to queue
[2025-01-28T10:21:47.410+0000] {logging_mixin.py:190} INFO - [2025-01-28T10:21:47.406+0000] {dagbag.py:588} INFO - Filling up the DagBag from /mnt/c/Users/Admin/Desktop/ud_data/Dataslush_umang/airflow/airflow_venv/lib/python3.12/site-packages/airflow/example_dags/tutorial.py
[2025-01-28T10:21:47.566+0000] {processor.py:925} INFO - DAG(s) 'tutorial' retrieved from /mnt/c/Users/Admin/Desktop/ud_data/Dataslush_umang/airflow/airflow_venv/lib/python3.12/site-packages/airflow/example_dags/tutorial.py
[2025-01-28T10:21:47.601+0000] {logging_mixin.py:190} INFO - [2025-01-28T10:21:47.599+0000] {dag.py:3239} INFO - Sync 1 DAGs
[2025-01-28T10:21:47.678+0000] {logging_mixin.py:190} INFO - [2025-01-28T10:21:47.674+0000] {dag.py:4180} INFO - Setting next_dagrun for tutorial to 2025-01-27 00:00:00+00:00, run_after=2025-01-28 00:00:00+00:00
[2025-01-28T10:21:47.904+0000] {processor.py:208} INFO - Processing /mnt/c/Users/Admin/Desktop/ud_data/Dataslush_umang/airflow/airflow_venv/lib/python3.12/site-packages/airflow/example_dags/tutorial.py took 0.558 seconds
[2025-01-28T10:23:28.386+0000] {processor.py:186} INFO - Started process (PID=15799) to work on /mnt/c/Users/Admin/Desktop/ud_data/Dataslush_umang/airflow/airflow_venv/lib/python3.12/site-packages/airflow/example_dags/tutorial.py
[2025-01-28T10:23:28.395+0000] {processor.py:914} INFO - Processing file /mnt/c/Users/Admin/Desktop/ud_data/Dataslush_umang/airflow/airflow_venv/lib/python3.12/site-packages/airflow/example_dags/tutorial.py for tasks to queue
[2025-01-28T10:23:28.408+0000] {logging_mixin.py:190} INFO - [2025-01-28T10:23:28.403+0000] {dagbag.py:588} INFO - Filling up the DagBag from /mnt/c/Users/Admin/Desktop/ud_data/Dataslush_umang/airflow/airflow_venv/lib/python3.12/site-packages/airflow/example_dags/tutorial.py
[2025-01-28T10:23:28.756+0000] {processor.py:925} INFO - DAG(s) 'tutorial' retrieved from /mnt/c/Users/Admin/Desktop/ud_data/Dataslush_umang/airflow/airflow_venv/lib/python3.12/site-packages/airflow/example_dags/tutorial.py
[2025-01-28T10:23:28.933+0000] {logging_mixin.py:190} INFO - [2025-01-28T10:23:28.931+0000] {dag.py:3239} INFO - Sync 1 DAGs
[2025-01-28T10:23:28.997+0000] {logging_mixin.py:190} INFO - [2025-01-28T10:23:28.993+0000] {dag.py:4180} INFO - Setting next_dagrun for tutorial to 2025-01-27 00:00:00+00:00, run_after=2025-01-28 00:00:00+00:00
[2025-01-28T10:23:59.285+0000] {processor.py:208} INFO - Processing /mnt/c/Users/Admin/Desktop/ud_data/Dataslush_umang/airflow/airflow_venv/lib/python3.12/site-packages/airflow/example_dags/tutorial.py took 0.884 seconds
[2025-01-28T10:25:08.343+0000] {processor.py:186} INFO - Started process (PID=15999) to work on /mnt/c/Users/Admin/Desktop/ud_data/Dataslush_umang/airflow/airflow_venv/lib/python3.12/site-packages/airflow/example_dags/tutorial.py
[2025-01-28T10:25:08.361+0000] {processor.py:914} INFO - Processing file /mnt/c/Users/Admin/Desktop/ud_data/Dataslush_umang/airflow/airflow_venv/lib/python3.12/site-packages/airflow/example_dags/tutorial.py for tasks to queue
[2025-01-28T10:25:08.376+0000] {logging_mixin.py:190} INFO - [2025-01-28T10:25:08.370+0000] {dagbag.py:588} INFO - Filling up the DagBag from /mnt/c/Users/Admin/Desktop/ud_data/Dataslush_umang/airflow/airflow_venv/lib/python3.12/site-packages/airflow/example_dags/tutorial.py
[2025-01-28T10:25:08.707+0000] {processor.py:925} INFO - DAG(s) 'tutorial' retrieved from /mnt/c/Users/Admin/Desktop/ud_data/Dataslush_umang/airflow/airflow_venv/lib/python3.12/site-packages/airflow/example_dags/tutorial.py
[2025-01-28T10:25:08.780+0000] {logging_mixin.py:190} INFO - [2025-01-28T10:25:08.776+0000] {dag.py:3239} INFO - Sync 1 DAGs
[2025-01-28T10:25:08.861+0000] {logging_mixin.py:190} INFO - [2025-01-28T10:25:08.859+0000] {dag.py:4180} INFO - Setting next_dagrun for tutorial to 2025-01-27 00:00:00+00:00, run_after=2025-01-28 00:00:00+00:00
[2025-01-28T10:25:08.915+0000] {processor.py:208} INFO - Processing /mnt/c/Users/Admin/Desktop/ud_data/Dataslush_umang/airflow/airflow_venv/lib/python3.12/site-packages/airflow/example_dags/tutorial.py took 0.631 seconds
[2025-01-28T10:26:54.634+0000] {processor.py:186} INFO - Started process (PID=16170) to work on /mnt/c/Users/Admin/Desktop/ud_data/Dataslush_umang/airflow/airflow_venv/lib/python3.12/site-packages/airflow/example_dags/tutorial.py
[2025-01-28T10:26:54.647+0000] {processor.py:914} INFO - Processing file /mnt/c/Users/Admin/Desktop/ud_data/Dataslush_umang/airflow/airflow_venv/lib/python3.12/site-packages/airflow/example_dags/tutorial.py for tasks to queue
[2025-01-28T10:26:54.653+0000] {logging_mixin.py:190} INFO - [2025-01-28T10:26:54.651+0000] {dagbag.py:588} INFO - Filling up the DagBag from /mnt/c/Users/Admin/Desktop/ud_data/Dataslush_umang/airflow/airflow_venv/lib/python3.12/site-packages/airflow/example_dags/tutorial.py
[2025-01-28T10:26:54.763+0000] {processor.py:925} INFO - DAG(s) 'tutorial' retrieved from /mnt/c/Users/Admin/Desktop/ud_data/Dataslush_umang/airflow/airflow_venv/lib/python3.12/site-packages/airflow/example_dags/tutorial.py
[2025-01-28T10:26:54.791+0000] {logging_mixin.py:190} INFO - [2025-01-28T10:26:54.790+0000] {dag.py:3239} INFO - Sync 1 DAGs
[2025-01-28T10:26:24.693+0000] {logging_mixin.py:190} INFO - [2025-01-28T10:26:54.829+0000] {dag.py:4180} INFO - Setting next_dagrun for tutorial to 2025-01-27 00:00:00+00:00, run_after=2025-01-28 00:00:00+00:00
[2025-01-28T10:26:25.261+0000] {processor.py:208} INFO - Processing /mnt/c/Users/Admin/Desktop/ud_data/Dataslush_umang/airflow/airflow_venv/lib/python3.12/site-packages/airflow/example_dags/tutorial.py took 0.792 seconds
[2025-01-28T10:27:53.133+0000] {processor.py:186} INFO - Started process (PID=16278) to work on /mnt/c/Users/Admin/Desktop/ud_data/Dataslush_umang/airflow/airflow_venv/lib/python3.12/site-packages/airflow/example_dags/tutorial.py
[2025-01-28T10:27:53.138+0000] {processor.py:914} INFO - Processing file /mnt/c/Users/Admin/Desktop/ud_data/Dataslush_umang/airflow/airflow_venv/lib/python3.12/site-packages/airflow/example_dags/tutorial.py for tasks to queue
[2025-01-28T10:27:53.148+0000] {logging_mixin.py:190} INFO - [2025-01-28T10:27:53.144+0000] {dagbag.py:588} INFO - Filling up the DagBag from /mnt/c/Users/Admin/Desktop/ud_data/Dataslush_umang/airflow/airflow_venv/lib/python3.12/site-packages/airflow/example_dags/tutorial.py
[2025-01-28T10:27:53.316+0000] {processor.py:925} INFO - DAG(s) 'tutorial' retrieved from /mnt/c/Users/Admin/Desktop/ud_data/Dataslush_umang/airflow/airflow_venv/lib/python3.12/site-packages/airflow/example_dags/tutorial.py
[2025-01-28T10:27:53.341+0000] {logging_mixin.py:190} INFO - [2025-01-28T10:27:53.340+0000] {dag.py:3239} INFO - Sync 1 DAGs
[2025-01-28T10:27:53.387+0000] {logging_mixin.py:190} INFO - [2025-01-28T10:27:53.384+0000] {dag.py:4180} INFO - Setting next_dagrun for tutorial to 2025-01-27 00:00:00+00:00, run_after=2025-01-28 00:00:00+00:00
[2025-01-28T10:27:53.623+0000] {processor.py:208} INFO - Processing /mnt/c/Users/Admin/Desktop/ud_data/Dataslush_umang/airflow/airflow_venv/lib/python3.12/site-packages/airflow/example_dags/tutorial.py took 0.536 seconds
[2025-01-28T10:29:15.751+0000] {processor.py:186} INFO - Started process (PID=16355) to work on /mnt/c/Users/Admin/Desktop/ud_data/Dataslush_umang/airflow/airflow_venv/lib/python3.12/site-packages/airflow/example_dags/tutorial.py
[2025-01-28T10:29:15.882+0000] {processor.py:914} INFO - Processing file /mnt/c/Users/Admin/Desktop/ud_data/Dataslush_umang/airflow/airflow_venv/lib/python3.12/site-packages/airflow/example_dags/tutorial.py for tasks to queue
[2025-01-28T10:29:15.892+0000] {logging_mixin.py:190} INFO - [2025-01-28T10:29:15.888+0000] {dagbag.py:588} INFO - Filling up the DagBag from /mnt/c/Users/Admin/Desktop/ud_data/Dataslush_umang/airflow/airflow_venv/lib/python3.12/site-packages/airflow/example_dags/tutorial.py
[2025-01-28T10:29:16.159+0000] {processor.py:925} INFO - DAG(s) 'tutorial' retrieved from /mnt/c/Users/Admin/Desktop/ud_data/Dataslush_umang/airflow/airflow_venv/lib/python3.12/site-packages/airflow/example_dags/tutorial.py
[2025-01-28T10:29:16.188+0000] {logging_mixin.py:190} INFO - [2025-01-28T10:29:16.186+0000] {dag.py:3239} INFO - Sync 1 DAGs
[2025-01-28T10:29:16.226+0000] {logging_mixin.py:190} INFO - [2025-01-28T10:29:16.225+0000] {dag.py:4180} INFO - Setting next_dagrun for tutorial to 2025-01-27 00:00:00+00:00, run_after=2025-01-28 00:00:00+00:00
[2025-01-28T10:29:17.297+0000] {processor.py:208} INFO - Processing /mnt/c/Users/Admin/Desktop/ud_data/Dataslush_umang/airflow/airflow_venv/lib/python3.12/site-packages/airflow/example_dags/tutorial.py took 1.574 seconds
[2025-01-28T10:30:39.663+0000] {processor.py:186} INFO - Started process (PID=16449) to work on /mnt/c/Users/Admin/Desktop/ud_data/Dataslush_umang/airflow/airflow_venv/lib/python3.12/site-packages/airflow/example_dags/tutorial.py
[2025-01-28T10:30:39.671+0000] {processor.py:914} INFO - Processing file /mnt/c/Users/Admin/Desktop/ud_data/Dataslush_umang/airflow/airflow_venv/lib/python3.12/site-packages/airflow/example_dags/tutorial.py for tasks to queue
[2025-01-28T10:30:39.686+0000] {logging_mixin.py:190} INFO - [2025-01-28T10:30:39.681+0000] {dagbag.py:588} INFO - Filling up the DagBag from /mnt/c/Users/Admin/Desktop/ud_data/Dataslush_umang/airflow/airflow_venv/lib/python3.12/site-packages/airflow/example_dags/tutorial.py
[2025-01-28T10:31:10.154+0000] {processor.py:925} INFO - DAG(s) 'tutorial' retrieved from /mnt/c/Users/Admin/Desktop/ud_data/Dataslush_umang/airflow/airflow_venv/lib/python3.12/site-packages/airflow/example_dags/tutorial.py
[2025-01-28T10:31:10.186+0000] {logging_mixin.py:190} INFO - [2025-01-28T10:31:10.185+0000] {dag.py:3239} INFO - Sync 1 DAGs
[2025-01-28T10:30:40.119+0000] {logging_mixin.py:190} INFO - [2025-01-28T10:30:40.117+0000] {dag.py:4180} INFO - Setting next_dagrun for tutorial to 2025-01-27 00:00:00+00:00, run_after=2025-01-28 00:00:00+00:00
[2025-01-28T10:30:42.590+0000] {processor.py:208} INFO - Processing /mnt/c/Users/Admin/Desktop/ud_data/Dataslush_umang/airflow/airflow_venv/lib/python3.12/site-packages/airflow/example_dags/tutorial.py took 3.018 seconds
[2025-01-28T10:31:42.578+0000] {processor.py:186} INFO - Started process (PID=16594) to work on /mnt/c/Users/Admin/Desktop/ud_data/Dataslush_umang/airflow/airflow_venv/lib/python3.12/site-packages/airflow/example_dags/tutorial.py
[2025-01-28T10:31:42.583+0000] {processor.py:914} INFO - Processing file /mnt/c/Users/Admin/Desktop/ud_data/Dataslush_umang/airflow/airflow_venv/lib/python3.12/site-packages/airflow/example_dags/tutorial.py for tasks to queue
[2025-01-28T10:31:42.593+0000] {logging_mixin.py:190} INFO - [2025-01-28T10:31:42.590+0000] {dagbag.py:588} INFO - Filling up the DagBag from /mnt/c/Users/Admin/Desktop/ud_data/Dataslush_umang/airflow/airflow_venv/lib/python3.12/site-packages/airflow/example_dags/tutorial.py
[2025-01-28T10:31:42.921+0000] {processor.py:925} INFO - DAG(s) 'tutorial' retrieved from /mnt/c/Users/Admin/Desktop/ud_data/Dataslush_umang/airflow/airflow_venv/lib/python3.12/site-packages/airflow/example_dags/tutorial.py
[2025-01-28T10:31:43.005+0000] {logging_mixin.py:190} INFO - [2025-01-28T10:31:43.001+0000] {dag.py:3239} INFO - Sync 1 DAGs
[2025-01-28T10:31:43.080+0000] {logging_mixin.py:190} INFO - [2025-01-28T10:31:43.076+0000] {dag.py:4180} INFO - Setting next_dagrun for tutorial to 2025-01-27 00:00:00+00:00, run_after=2025-01-28 00:00:00+00:00
[2025-01-28T10:31:43.348+0000] {processor.py:208} INFO - Processing /mnt/c/Users/Admin/Desktop/ud_data/Dataslush_umang/airflow/airflow_venv/lib/python3.12/site-packages/airflow/example_dags/tutorial.py took 0.814 seconds
[2025-01-28T10:32:52.838+0000] {processor.py:186} INFO - Started process (PID=16668) to work on /mnt/c/Users/Admin/Desktop/ud_data/Dataslush_umang/airflow/airflow_venv/lib/python3.12/site-packages/airflow/example_dags/tutorial.py
[2025-01-28T10:32:52.845+0000] {processor.py:914} INFO - Processing file /mnt/c/Users/Admin/Desktop/ud_data/Dataslush_umang/airflow/airflow_venv/lib/python3.12/site-packages/airflow/example_dags/tutorial.py for tasks to queue
[2025-01-28T10:32:52.858+0000] {logging_mixin.py:190} INFO - [2025-01-28T10:32:52.854+0000] {dagbag.py:588} INFO - Filling up the DagBag from /mnt/c/Users/Admin/Desktop/ud_data/Dataslush_umang/airflow/airflow_venv/lib/python3.12/site-packages/airflow/example_dags/tutorial.py
[2025-01-28T10:32:53.146+0000] {processor.py:925} INFO - DAG(s) 'tutorial' retrieved from /mnt/c/Users/Admin/Desktop/ud_data/Dataslush_umang/airflow/airflow_venv/lib/python3.12/site-packages/airflow/example_dags/tutorial.py
[2025-01-28T10:32:53.219+0000] {logging_mixin.py:190} INFO - [2025-01-28T10:32:53.215+0000] {dag.py:3239} INFO - Sync 1 DAGs
[2025-01-28T10:32:53.301+0000] {logging_mixin.py:190} INFO - [2025-01-28T10:32:53.299+0000] {dag.py:4180} INFO - Setting next_dagrun for tutorial to 2025-01-27 00:00:00+00:00, run_after=2025-01-28 00:00:00+00:00
[2025-01-28T10:32:53.402+0000] {processor.py:208} INFO - Processing /mnt/c/Users/Admin/Desktop/ud_data/Dataslush_umang/airflow/airflow_venv/lib/python3.12/site-packages/airflow/example_dags/tutorial.py took 0.630 seconds
[2025-01-28T10:34:07.494+0000] {processor.py:186} INFO - Started process (PID=16803) to work on /mnt/c/Users/Admin/Desktop/ud_data/Dataslush_umang/airflow/airflow_venv/lib/python3.12/site-packages/airflow/example_dags/tutorial.py
[2025-01-28T10:34:07.502+0000] {processor.py:914} INFO - Processing file /mnt/c/Users/Admin/Desktop/ud_data/Dataslush_umang/airflow/airflow_venv/lib/python3.12/site-packages/airflow/example_dags/tutorial.py for tasks to queue
[2025-01-28T10:34:07.516+0000] {logging_mixin.py:190} INFO - [2025-01-28T10:34:07.511+0000] {dagbag.py:588} INFO - Filling up the DagBag from /mnt/c/Users/Admin/Desktop/ud_data/Dataslush_umang/airflow/airflow_venv/lib/python3.12/site-packages/airflow/example_dags/tutorial.py
[2025-01-28T10:34:07.803+0000] {processor.py:925} INFO - DAG(s) 'tutorial' retrieved from /mnt/c/Users/Admin/Desktop/ud_data/Dataslush_umang/airflow/airflow_venv/lib/python3.12/site-packages/airflow/example_dags/tutorial.py
[2025-01-28T10:34:07.856+0000] {logging_mixin.py:190} INFO - [2025-01-28T10:34:07.854+0000] {dag.py:3239} INFO - Sync 1 DAGs
[2025-01-28T10:34:07.907+0000] {logging_mixin.py:190} INFO - [2025-01-28T10:34:07.905+0000] {dag.py:4180} INFO - Setting next_dagrun for tutorial to 2025-01-27 00:00:00+00:00, run_after=2025-01-28 00:00:00+00:00
[2025-01-28T10:34:08.141+0000] {processor.py:208} INFO - Processing /mnt/c/Users/Admin/Desktop/ud_data/Dataslush_umang/airflow/airflow_venv/lib/python3.12/site-packages/airflow/example_dags/tutorial.py took 0.712 seconds
[2025-01-28T10:35:29.852+0000] {processor.py:186} INFO - Started process (PID=16932) to work on /mnt/c/Users/Admin/Desktop/ud_data/Dataslush_umang/airflow/airflow_venv/lib/python3.12/site-packages/airflow/example_dags/tutorial.py
[2025-01-28T10:35:29.856+0000] {processor.py:914} INFO - Processing file /mnt/c/Users/Admin/Desktop/ud_data/Dataslush_umang/airflow/airflow_venv/lib/python3.12/site-packages/airflow/example_dags/tutorial.py for tasks to queue
[2025-01-28T10:35:29.864+0000] {logging_mixin.py:190} INFO - [2025-01-28T10:35:29.861+0000] {dagbag.py:588} INFO - Filling up the DagBag from /mnt/c/Users/Admin/Desktop/ud_data/Dataslush_umang/airflow/airflow_venv/lib/python3.12/site-packages/airflow/example_dags/tutorial.py
[2025-01-28T10:35:30.055+0000] {processor.py:925} INFO - DAG(s) 'tutorial' retrieved from /mnt/c/Users/Admin/Desktop/ud_data/Dataslush_umang/airflow/airflow_venv/lib/python3.12/site-packages/airflow/example_dags/tutorial.py
[2025-01-28T10:35:30.085+0000] {logging_mixin.py:190} INFO - [2025-01-28T10:35:30.083+0000] {dag.py:3239} INFO - Sync 1 DAGs
[2025-01-28T10:35:30.133+0000] {logging_mixin.py:190} INFO - [2025-01-28T10:35:30.129+0000] {dag.py:4180} INFO - Setting next_dagrun for tutorial to 2025-01-27 00:00:00+00:00, run_after=2025-01-28 00:00:00+00:00
[2025-01-28T10:36:00.382+0000] {processor.py:208} INFO - Processing /mnt/c/Users/Admin/Desktop/ud_data/Dataslush_umang/airflow/airflow_venv/lib/python3.12/site-packages/airflow/example_dags/tutorial.py took 0.449 seconds
[2025-01-28T10:36:54.016+0000] {processor.py:186} INFO - Started process (PID=17054) to work on /mnt/c/Users/Admin/Desktop/ud_data/Dataslush_umang/airflow/airflow_venv/lib/python3.12/site-packages/airflow/example_dags/tutorial.py
[2025-01-28T10:36:54.024+0000] {processor.py:914} INFO - Processing file /mnt/c/Users/Admin/Desktop/ud_data/Dataslush_umang/airflow/airflow_venv/lib/python3.12/site-packages/airflow/example_dags/tutorial.py for tasks to queue
[2025-01-28T10:36:54.038+0000] {logging_mixin.py:190} INFO - [2025-01-28T10:36:54.034+0000] {dagbag.py:588} INFO - Filling up the DagBag from /mnt/c/Users/Admin/Desktop/ud_data/Dataslush_umang/airflow/airflow_venv/lib/python3.12/site-packages/airflow/example_dags/tutorial.py
[2025-01-28T10:36:54.271+0000] {processor.py:925} INFO - DAG(s) 'tutorial' retrieved from /mnt/c/Users/Admin/Desktop/ud_data/Dataslush_umang/airflow/airflow_venv/lib/python3.12/site-packages/airflow/example_dags/tutorial.py
[2025-01-28T10:36:54.319+0000] {logging_mixin.py:190} INFO - [2025-01-28T10:36:54.316+0000] {dag.py:3239} INFO - Sync 1 DAGs
[2025-01-28T10:36:54.380+0000] {logging_mixin.py:190} INFO - [2025-01-28T10:36:54.378+0000] {dag.py:4180} INFO - Setting next_dagrun for tutorial to 2025-01-27 00:00:00+00:00, run_after=2025-01-28 00:00:00+00:00
[2025-01-28T10:36:54.450+0000] {processor.py:208} INFO - Processing /mnt/c/Users/Admin/Desktop/ud_data/Dataslush_umang/airflow/airflow_venv/lib/python3.12/site-packages/airflow/example_dags/tutorial.py took 0.502 seconds
[2025-01-28T10:38:21.629+0000] {processor.py:186} INFO - Started process (PID=17153) to work on /mnt/c/Users/Admin/Desktop/ud_data/Dataslush_umang/airflow/airflow_venv/lib/python3.12/site-packages/airflow/example_dags/tutorial.py
[2025-01-28T10:38:22.236+0000] {processor.py:914} INFO - Processing file /mnt/c/Users/Admin/Desktop/ud_data/Dataslush_umang/airflow/airflow_venv/lib/python3.12/site-packages/airflow/example_dags/tutorial.py for tasks to queue
[2025-01-28T10:38:22.253+0000] {logging_mixin.py:190} INFO - [2025-01-28T10:38:22.248+0000] {dagbag.py:588} INFO - Filling up the DagBag from /mnt/c/Users/Admin/Desktop/ud_data/Dataslush_umang/airflow/airflow_venv/lib/python3.12/site-packages/airflow/example_dags/tutorial.py
[2025-01-28T10:38:22.544+0000] {processor.py:925} INFO - DAG(s) 'tutorial' retrieved from /mnt/c/Users/Admin/Desktop/ud_data/Dataslush_umang/airflow/airflow_venv/lib/python3.12/site-packages/airflow/example_dags/tutorial.py
[2025-01-28T10:38:22.574+0000] {logging_mixin.py:190} INFO - [2025-01-28T10:38:22.572+0000] {dag.py:3239} INFO - Sync 1 DAGs
[2025-01-28T10:38:22.613+0000] {logging_mixin.py:190} INFO - [2025-01-28T10:38:22.611+0000] {dag.py:4180} INFO - Setting next_dagrun for tutorial to 2025-01-27 00:00:00+00:00, run_after=2025-01-28 00:00:00+00:00
[2025-01-28T10:38:27.043+0000] {processor.py:208} INFO - Processing /mnt/c/Users/Admin/Desktop/ud_data/Dataslush_umang/airflow/airflow_venv/lib/python3.12/site-packages/airflow/example_dags/tutorial.py took 5.500 seconds
[2025-01-28T10:40:10.213+0000] {processor.py:186} INFO - Started process (PID=17324) to work on /mnt/c/Users/Admin/Desktop/ud_data/Dataslush_umang/airflow/airflow_venv/lib/python3.12/site-packages/airflow/example_dags/tutorial.py
[2025-01-28T10:40:10.220+0000] {processor.py:914} INFO - Processing file /mnt/c/Users/Admin/Desktop/ud_data/Dataslush_umang/airflow/airflow_venv/lib/python3.12/site-packages/airflow/example_dags/tutorial.py for tasks to queue
[2025-01-28T10:40:10.234+0000] {logging_mixin.py:190} INFO - [2025-01-28T10:40:10.229+0000] {dagbag.py:588} INFO - Filling up the DagBag from /mnt/c/Users/Admin/Desktop/ud_data/Dataslush_umang/airflow/airflow_venv/lib/python3.12/site-packages/airflow/example_dags/tutorial.py
[2025-01-28T10:40:10.504+0000] {processor.py:925} INFO - DAG(s) 'tutorial' retrieved from /mnt/c/Users/Admin/Desktop/ud_data/Dataslush_umang/airflow/airflow_venv/lib/python3.12/site-packages/airflow/example_dags/tutorial.py
[2025-01-28T10:40:10.540+0000] {logging_mixin.py:190} INFO - [2025-01-28T10:40:10.538+0000] {dag.py:3239} INFO - Sync 1 DAGs
[2025-01-28T10:40:10.579+0000] {logging_mixin.py:190} INFO - [2025-01-28T10:40:10.577+0000] {dag.py:4180} INFO - Setting next_dagrun for tutorial to 2025-01-27 00:00:00+00:00, run_after=2025-01-28 00:00:00+00:00
[2025-01-28T10:40:10.622+0000] {processor.py:208} INFO - Processing /mnt/c/Users/Admin/Desktop/ud_data/Dataslush_umang/airflow/airflow_venv/lib/python3.12/site-packages/airflow/example_dags/tutorial.py took 0.476 seconds
[2025-01-28T10:41:04.220+0000] {processor.py:186} INFO - Started process (PID=17394) to work on /mnt/c/Users/Admin/Desktop/ud_data/Dataslush_umang/airflow/airflow_venv/lib/python3.12/site-packages/airflow/example_dags/tutorial.py
[2025-01-28T10:41:04.223+0000] {processor.py:914} INFO - Processing file /mnt/c/Users/Admin/Desktop/ud_data/Dataslush_umang/airflow/airflow_venv/lib/python3.12/site-packages/airflow/example_dags/tutorial.py for tasks to queue
[2025-01-28T10:41:04.227+0000] {logging_mixin.py:190} INFO - [2025-01-28T10:41:04.226+0000] {dagbag.py:588} INFO - Filling up the DagBag from /mnt/c/Users/Admin/Desktop/ud_data/Dataslush_umang/airflow/airflow_venv/lib/python3.12/site-packages/airflow/example_dags/tutorial.py
[2025-01-28T10:41:04.322+0000] {processor.py:925} INFO - DAG(s) 'tutorial' retrieved from /mnt/c/Users/Admin/Desktop/ud_data/Dataslush_umang/airflow/airflow_venv/lib/python3.12/site-packages/airflow/example_dags/tutorial.py
[2025-01-28T10:41:04.349+0000] {logging_mixin.py:190} INFO - [2025-01-28T10:41:04.347+0000] {dag.py:3239} INFO - Sync 1 DAGs
[2025-01-28T10:41:04.384+0000] {logging_mixin.py:190} INFO - [2025-01-28T10:41:04.382+0000] {dag.py:4180} INFO - Setting next_dagrun for tutorial to 2025-01-27 00:00:00+00:00, run_after=2025-01-28 00:00:00+00:00
[2025-01-28T10:41:04.629+0000] {processor.py:208} INFO - Processing /mnt/c/Users/Admin/Desktop/ud_data/Dataslush_umang/airflow/airflow_venv/lib/python3.12/site-packages/airflow/example_dags/tutorial.py took 0.436 seconds
[2025-01-28T10:41:50.710+0000] {processor.py:186} INFO - Started process (PID=17481) to work on /mnt/c/Users/Admin/Desktop/ud_data/Dataslush_umang/airflow/airflow_venv/lib/python3.12/site-packages/airflow/example_dags/tutorial.py
[2025-01-28T10:41:50.712+0000] {processor.py:914} INFO - Processing file /mnt/c/Users/Admin/Desktop/ud_data/Dataslush_umang/airflow/airflow_venv/lib/python3.12/site-packages/airflow/example_dags/tutorial.py for tasks to queue
[2025-01-28T10:41:50.717+0000] {logging_mixin.py:190} INFO - [2025-01-28T10:41:50.715+0000] {dagbag.py:588} INFO - Filling up the DagBag from /mnt/c/Users/Admin/Desktop/ud_data/Dataslush_umang/airflow/airflow_venv/lib/python3.12/site-packages/airflow/example_dags/tutorial.py
[2025-01-28T10:41:50.801+0000] {processor.py:925} INFO - DAG(s) 'tutorial' retrieved from /mnt/c/Users/Admin/Desktop/ud_data/Dataslush_umang/airflow/airflow_venv/lib/python3.12/site-packages/airflow/example_dags/tutorial.py
[2025-01-28T10:41:50.827+0000] {logging_mixin.py:190} INFO - [2025-01-28T10:41:50.825+0000] {dag.py:3239} INFO - Sync 1 DAGs
[2025-01-28T10:41:50.860+0000] {logging_mixin.py:190} INFO - [2025-01-28T10:41:50.858+0000] {dag.py:4180} INFO - Setting next_dagrun for tutorial to 2025-01-27 00:00:00+00:00, run_after=2025-01-28 00:00:00+00:00
[2025-01-28T10:41:50.901+0000] {processor.py:208} INFO - Processing /mnt/c/Users/Admin/Desktop/ud_data/Dataslush_umang/airflow/airflow_venv/lib/python3.12/site-packages/airflow/example_dags/tutorial.py took 0.224 seconds
[2025-01-28T10:42:44.867+0000] {processor.py:186} INFO - Started process (PID=17686) to work on /mnt/c/Users/Admin/Desktop/ud_data/Dataslush_umang/airflow/airflow_venv/lib/python3.12/site-packages/airflow/example_dags/tutorial.py
[2025-01-28T10:42:44.870+0000] {processor.py:914} INFO - Processing file /mnt/c/Users/Admin/Desktop/ud_data/Dataslush_umang/airflow/airflow_venv/lib/python3.12/site-packages/airflow/example_dags/tutorial.py for tasks to queue
[2025-01-28T10:42:44.877+0000] {logging_mixin.py:190} INFO - [2025-01-28T10:42:44.874+0000] {dagbag.py:588} INFO - Filling up the DagBag from /mnt/c/Users/Admin/Desktop/ud_data/Dataslush_umang/airflow/airflow_venv/lib/python3.12/site-packages/airflow/example_dags/tutorial.py
[2025-01-28T10:42:44.973+0000] {processor.py:925} INFO - DAG(s) 'tutorial' retrieved from /mnt/c/Users/Admin/Desktop/ud_data/Dataslush_umang/airflow/airflow_venv/lib/python3.12/site-packages/airflow/example_dags/tutorial.py
[2025-01-28T10:42:45.006+0000] {logging_mixin.py:190} INFO - [2025-01-28T10:42:45.004+0000] {dag.py:3239} INFO - Sync 1 DAGs
[2025-01-28T10:42:45.045+0000] {logging_mixin.py:190} INFO - [2025-01-28T10:42:45.044+0000] {dag.py:4180} INFO - Setting next_dagrun for tutorial to 2025-01-27 00:00:00+00:00, run_after=2025-01-28 00:00:00+00:00
[2025-01-28T10:42:45.093+0000] {processor.py:208} INFO - Processing /mnt/c/Users/Admin/Desktop/ud_data/Dataslush_umang/airflow/airflow_venv/lib/python3.12/site-packages/airflow/example_dags/tutorial.py took 0.252 seconds
[2025-01-28T10:44:19.701+0000] {processor.py:186} INFO - Started process (PID=17820) to work on /mnt/c/Users/Admin/Desktop/ud_data/Dataslush_umang/airflow/airflow_venv/lib/python3.12/site-packages/airflow/example_dags/tutorial.py
[2025-01-28T10:44:19.707+0000] {processor.py:914} INFO - Processing file /mnt/c/Users/Admin/Desktop/ud_data/Dataslush_umang/airflow/airflow_venv/lib/python3.12/site-packages/airflow/example_dags/tutorial.py for tasks to queue
[2025-01-28T10:44:19.724+0000] {logging_mixin.py:190} INFO - [2025-01-28T10:44:19.715+0000] {dagbag.py:588} INFO - Filling up the DagBag from /mnt/c/Users/Admin/Desktop/ud_data/Dataslush_umang/airflow/airflow_venv/lib/python3.12/site-packages/airflow/example_dags/tutorial.py
[2025-01-28T10:44:19.938+0000] {processor.py:925} INFO - DAG(s) 'tutorial' retrieved from /mnt/c/Users/Admin/Desktop/ud_data/Dataslush_umang/airflow/airflow_venv/lib/python3.12/site-packages/airflow/example_dags/tutorial.py
[2025-01-28T10:44:20.006+0000] {logging_mixin.py:190} INFO - [2025-01-28T10:44:20.004+0000] {dag.py:3239} INFO - Sync 1 DAGs
[2025-01-28T10:44:20.103+0000] {logging_mixin.py:190} INFO - [2025-01-28T10:44:20.100+0000] {dag.py:4180} INFO - Setting next_dagrun for tutorial to 2025-01-27 00:00:00+00:00, run_after=2025-01-28 00:00:00+00:00
[2025-01-28T10:44:20.207+0000] {processor.py:208} INFO - Processing /mnt/c/Users/Admin/Desktop/ud_data/Dataslush_umang/airflow/airflow_venv/lib/python3.12/site-packages/airflow/example_dags/tutorial.py took 0.605 seconds
[2025-01-28T10:47:10.394+0000] {processor.py:186} INFO - Started process (PID=17975) to work on /mnt/c/Users/Admin/Desktop/ud_data/Dataslush_umang/airflow/airflow_venv/lib/python3.12/site-packages/airflow/example_dags/tutorial.py
[2025-01-28T10:47:10.397+0000] {processor.py:914} INFO - Processing file /mnt/c/Users/Admin/Desktop/ud_data/Dataslush_umang/airflow/airflow_venv/lib/python3.12/site-packages/airflow/example_dags/tutorial.py for tasks to queue
[2025-01-28T10:47:10.405+0000] {logging_mixin.py:190} INFO - [2025-01-28T10:47:10.403+0000] {dagbag.py:588} INFO - Filling up the DagBag from /mnt/c/Users/Admin/Desktop/ud_data/Dataslush_umang/airflow/airflow_venv/lib/python3.12/site-packages/airflow/example_dags/tutorial.py
[2025-01-28T10:47:10.536+0000] {processor.py:925} INFO - DAG(s) 'tutorial' retrieved from /mnt/c/Users/Admin/Desktop/ud_data/Dataslush_umang/airflow/airflow_venv/lib/python3.12/site-packages/airflow/example_dags/tutorial.py
[2025-01-28T10:47:10.573+0000] {logging_mixin.py:190} INFO - [2025-01-28T10:47:10.572+0000] {dag.py:3239} INFO - Sync 1 DAGs
[2025-01-28T10:47:10.624+0000] {logging_mixin.py:190} INFO - [2025-01-28T10:47:10.623+0000] {dag.py:4180} INFO - Setting next_dagrun for tutorial to 2025-01-27 00:00:00+00:00, run_after=2025-01-28 00:00:00+00:00
[2025-01-28T10:47:10.670+0000] {processor.py:208} INFO - Processing /mnt/c/Users/Admin/Desktop/ud_data/Dataslush_umang/airflow/airflow_venv/lib/python3.12/site-packages/airflow/example_dags/tutorial.py took 0.306 seconds
[2025-01-28T10:48:03.863+0000] {processor.py:186} INFO - Started process (PID=18073) to work on /mnt/c/Users/Admin/Desktop/ud_data/Dataslush_umang/airflow/airflow_venv/lib/python3.12/site-packages/airflow/example_dags/tutorial.py
[2025-01-28T10:48:03.884+0000] {processor.py:914} INFO - Processing file /mnt/c/Users/Admin/Desktop/ud_data/Dataslush_umang/airflow/airflow_venv/lib/python3.12/site-packages/airflow/example_dags/tutorial.py for tasks to queue
[2025-01-28T10:48:03.892+0000] {logging_mixin.py:190} INFO - [2025-01-28T10:48:03.890+0000] {dagbag.py:588} INFO - Filling up the DagBag from /mnt/c/Users/Admin/Desktop/ud_data/Dataslush_umang/airflow/airflow_venv/lib/python3.12/site-packages/airflow/example_dags/tutorial.py
[2025-01-28T10:48:04.015+0000] {processor.py:925} INFO - DAG(s) 'tutorial' retrieved from /mnt/c/Users/Admin/Desktop/ud_data/Dataslush_umang/airflow/airflow_venv/lib/python3.12/site-packages/airflow/example_dags/tutorial.py
[2025-01-28T10:48:04.046+0000] {logging_mixin.py:190} INFO - [2025-01-28T10:48:04.045+0000] {dag.py:3239} INFO - Sync 1 DAGs
[2025-01-28T10:48:04.088+0000] {logging_mixin.py:190} INFO - [2025-01-28T10:48:04.087+0000] {dag.py:4180} INFO - Setting next_dagrun for tutorial to 2025-01-27 00:00:00+00:00, run_after=2025-01-28 00:00:00+00:00
[2025-01-28T10:48:04.130+0000] {processor.py:208} INFO - Processing /mnt/c/Users/Admin/Desktop/ud_data/Dataslush_umang/airflow/airflow_venv/lib/python3.12/site-packages/airflow/example_dags/tutorial.py took 0.294 seconds
[2025-01-28T10:48:46.668+0000] {processor.py:186} INFO - Started process (PID=18170) to work on /mnt/c/Users/Admin/Desktop/ud_data/Dataslush_umang/airflow/airflow_venv/lib/python3.12/site-packages/airflow/example_dags/tutorial.py
[2025-01-28T10:48:46.670+0000] {processor.py:914} INFO - Processing file /mnt/c/Users/Admin/Desktop/ud_data/Dataslush_umang/airflow/airflow_venv/lib/python3.12/site-packages/airflow/example_dags/tutorial.py for tasks to queue
[2025-01-28T10:48:46.676+0000] {logging_mixin.py:190} INFO - [2025-01-28T10:48:46.674+0000] {dagbag.py:588} INFO - Filling up the DagBag from /mnt/c/Users/Admin/Desktop/ud_data/Dataslush_umang/airflow/airflow_venv/lib/python3.12/site-packages/airflow/example_dags/tutorial.py
[2025-01-28T10:49:16.869+0000] {processor.py:925} INFO - DAG(s) 'tutorial' retrieved from /mnt/c/Users/Admin/Desktop/ud_data/Dataslush_umang/airflow/airflow_venv/lib/python3.12/site-packages/airflow/example_dags/tutorial.py
[2025-01-28T10:49:16.901+0000] {logging_mixin.py:190} INFO - [2025-01-28T10:49:16.899+0000] {dag.py:3239} INFO - Sync 1 DAGs
[2025-01-28T10:49:16.942+0000] {logging_mixin.py:190} INFO - [2025-01-28T10:49:16.940+0000] {dag.py:4180} INFO - Setting next_dagrun for tutorial to 2025-01-27 00:00:00+00:00, run_after=2025-01-28 00:00:00+00:00
[2025-01-28T10:49:17.101+0000] {processor.py:208} INFO - Processing /mnt/c/Users/Admin/Desktop/ud_data/Dataslush_umang/airflow/airflow_venv/lib/python3.12/site-packages/airflow/example_dags/tutorial.py took 0.377 seconds
[2025-01-28T10:49:44.075+0000] {processor.py:186} INFO - Started process (PID=18265) to work on /mnt/c/Users/Admin/Desktop/ud_data/Dataslush_umang/airflow/airflow_venv/lib/python3.12/site-packages/airflow/example_dags/tutorial.py
[2025-01-28T10:49:44.077+0000] {processor.py:914} INFO - Processing file /mnt/c/Users/Admin/Desktop/ud_data/Dataslush_umang/airflow/airflow_venv/lib/python3.12/site-packages/airflow/example_dags/tutorial.py for tasks to queue
[2025-01-28T10:49:44.082+0000] {logging_mixin.py:190} INFO - [2025-01-28T10:49:44.081+0000] {dagbag.py:588} INFO - Filling up the DagBag from /mnt/c/Users/Admin/Desktop/ud_data/Dataslush_umang/airflow/airflow_venv/lib/python3.12/site-packages/airflow/example_dags/tutorial.py
[2025-01-28T10:49:44.182+0000] {processor.py:925} INFO - DAG(s) 'tutorial' retrieved from /mnt/c/Users/Admin/Desktop/ud_data/Dataslush_umang/airflow/airflow_venv/lib/python3.12/site-packages/airflow/example_dags/tutorial.py
[2025-01-28T10:49:44.209+0000] {logging_mixin.py:190} INFO - [2025-01-28T10:49:44.207+0000] {dag.py:3239} INFO - Sync 1 DAGs
[2025-01-28T10:49:44.246+0000] {logging_mixin.py:190} INFO - [2025-01-28T10:49:44.245+0000] {dag.py:4180} INFO - Setting next_dagrun for tutorial to 2025-01-27 00:00:00+00:00, run_after=2025-01-28 00:00:00+00:00
[2025-01-28T10:49:44.287+0000] {processor.py:208} INFO - Processing /mnt/c/Users/Admin/Desktop/ud_data/Dataslush_umang/airflow/airflow_venv/lib/python3.12/site-packages/airflow/example_dags/tutorial.py took 0.235 seconds
[2025-01-28T10:50:57.699+0000] {processor.py:186} INFO - Started process (PID=18452) to work on /mnt/c/Users/Admin/Desktop/ud_data/Dataslush_umang/airflow/airflow_venv/lib/python3.12/site-packages/airflow/example_dags/tutorial.py
[2025-01-28T10:50:57.707+0000] {processor.py:914} INFO - Processing file /mnt/c/Users/Admin/Desktop/ud_data/Dataslush_umang/airflow/airflow_venv/lib/python3.12/site-packages/airflow/example_dags/tutorial.py for tasks to queue
[2025-01-28T10:50:57.713+0000] {logging_mixin.py:190} INFO - [2025-01-28T10:50:57.711+0000] {dagbag.py:588} INFO - Filling up the DagBag from /mnt/c/Users/Admin/Desktop/ud_data/Dataslush_umang/airflow/airflow_venv/lib/python3.12/site-packages/airflow/example_dags/tutorial.py
[2025-01-28T10:50:57.872+0000] {processor.py:925} INFO - DAG(s) 'tutorial' retrieved from /mnt/c/Users/Admin/Desktop/ud_data/Dataslush_umang/airflow/airflow_venv/lib/python3.12/site-packages/airflow/example_dags/tutorial.py
[2025-01-28T10:50:57.909+0000] {logging_mixin.py:190} INFO - [2025-01-28T10:50:57.908+0000] {dag.py:3239} INFO - Sync 1 DAGs
[2025-01-28T10:50:57.973+0000] {logging_mixin.py:190} INFO - [2025-01-28T10:50:57.971+0000] {dag.py:4180} INFO - Setting next_dagrun for tutorial to 2025-01-27 00:00:00+00:00, run_after=2025-01-28 00:00:00+00:00
[2025-01-28T10:50:58.078+0000] {processor.py:208} INFO - Processing /mnt/c/Users/Admin/Desktop/ud_data/Dataslush_umang/airflow/airflow_venv/lib/python3.12/site-packages/airflow/example_dags/tutorial.py took 0.411 seconds
[2025-01-28T10:51:44.771+0000] {processor.py:186} INFO - Started process (PID=18557) to work on /mnt/c/Users/Admin/Desktop/ud_data/Dataslush_umang/airflow/airflow_venv/lib/python3.12/site-packages/airflow/example_dags/tutorial.py
[2025-01-28T10:51:44.774+0000] {processor.py:914} INFO - Processing file /mnt/c/Users/Admin/Desktop/ud_data/Dataslush_umang/airflow/airflow_venv/lib/python3.12/site-packages/airflow/example_dags/tutorial.py for tasks to queue
[2025-01-28T10:51:44.782+0000] {logging_mixin.py:190} INFO - [2025-01-28T10:51:44.779+0000] {dagbag.py:588} INFO - Filling up the DagBag from /mnt/c/Users/Admin/Desktop/ud_data/Dataslush_umang/airflow/airflow_venv/lib/python3.12/site-packages/airflow/example_dags/tutorial.py
[2025-01-28T10:51:44.901+0000] {processor.py:925} INFO - DAG(s) 'tutorial' retrieved from /mnt/c/Users/Admin/Desktop/ud_data/Dataslush_umang/airflow/airflow_venv/lib/python3.12/site-packages/airflow/example_dags/tutorial.py
[2025-01-28T10:51:44.935+0000] {logging_mixin.py:190} INFO - [2025-01-28T10:51:44.934+0000] {dag.py:3239} INFO - Sync 1 DAGs
[2025-01-28T10:51:44.978+0000] {logging_mixin.py:190} INFO - [2025-01-28T10:51:44.977+0000] {dag.py:4180} INFO - Setting next_dagrun for tutorial to 2025-01-27 00:00:00+00:00, run_after=2025-01-28 00:00:00+00:00
[2025-01-28T10:51:45.020+0000] {processor.py:208} INFO - Processing /mnt/c/Users/Admin/Desktop/ud_data/Dataslush_umang/airflow/airflow_venv/lib/python3.12/site-packages/airflow/example_dags/tutorial.py took 0.276 seconds
[2025-01-28T10:52:40.961+0000] {processor.py:186} INFO - Started process (PID=18643) to work on /mnt/c/Users/Admin/Desktop/ud_data/Dataslush_umang/airflow/airflow_venv/lib/python3.12/site-packages/airflow/example_dags/tutorial.py
[2025-01-28T10:52:40.964+0000] {processor.py:914} INFO - Processing file /mnt/c/Users/Admin/Desktop/ud_data/Dataslush_umang/airflow/airflow_venv/lib/python3.12/site-packages/airflow/example_dags/tutorial.py for tasks to queue
[2025-01-28T10:52:40.969+0000] {logging_mixin.py:190} INFO - [2025-01-28T10:52:40.967+0000] {dagbag.py:588} INFO - Filling up the DagBag from /mnt/c/Users/Admin/Desktop/ud_data/Dataslush_umang/airflow/airflow_venv/lib/python3.12/site-packages/airflow/example_dags/tutorial.py
[2025-01-28T10:52:41.059+0000] {processor.py:925} INFO - DAG(s) 'tutorial' retrieved from /mnt/c/Users/Admin/Desktop/ud_data/Dataslush_umang/airflow/airflow_venv/lib/python3.12/site-packages/airflow/example_dags/tutorial.py
[2025-01-28T10:52:41.086+0000] {logging_mixin.py:190} INFO - [2025-01-28T10:52:41.084+0000] {dag.py:3239} INFO - Sync 1 DAGs
[2025-01-28T10:52:41.129+0000] {logging_mixin.py:190} INFO - [2025-01-28T10:52:41.128+0000] {dag.py:4180} INFO - Setting next_dagrun for tutorial to 2025-01-27 00:00:00+00:00, run_after=2025-01-28 00:00:00+00:00
[2025-01-28T10:52:41.224+0000] {processor.py:208} INFO - Processing /mnt/c/Users/Admin/Desktop/ud_data/Dataslush_umang/airflow/airflow_venv/lib/python3.12/site-packages/airflow/example_dags/tutorial.py took 0.286 seconds
[2025-01-28T10:53:29.071+0000] {processor.py:186} INFO - Started process (PID=18722) to work on /mnt/c/Users/Admin/Desktop/ud_data/Dataslush_umang/airflow/airflow_venv/lib/python3.12/site-packages/airflow/example_dags/tutorial.py
[2025-01-28T10:53:29.074+0000] {processor.py:914} INFO - Processing file /mnt/c/Users/Admin/Desktop/ud_data/Dataslush_umang/airflow/airflow_venv/lib/python3.12/site-packages/airflow/example_dags/tutorial.py for tasks to queue
[2025-01-28T10:53:29.080+0000] {logging_mixin.py:190} INFO - [2025-01-28T10:53:29.078+0000] {dagbag.py:588} INFO - Filling up the DagBag from /mnt/c/Users/Admin/Desktop/ud_data/Dataslush_umang/airflow/airflow_venv/lib/python3.12/site-packages/airflow/example_dags/tutorial.py
[2025-01-28T10:53:29.190+0000] {processor.py:925} INFO - DAG(s) 'tutorial' retrieved from /mnt/c/Users/Admin/Desktop/ud_data/Dataslush_umang/airflow/airflow_venv/lib/python3.12/site-packages/airflow/example_dags/tutorial.py
[2025-01-28T10:53:29.221+0000] {logging_mixin.py:190} INFO - [2025-01-28T10:53:29.219+0000] {dag.py:3239} INFO - Sync 1 DAGs
[2025-01-28T10:53:29.267+0000] {logging_mixin.py:190} INFO - [2025-01-28T10:53:29.265+0000] {dag.py:4180} INFO - Setting next_dagrun for tutorial to 2025-01-27 00:00:00+00:00, run_after=2025-01-28 00:00:00+00:00
[2025-01-28T10:53:29.441+0000] {processor.py:208} INFO - Processing /mnt/c/Users/Admin/Desktop/ud_data/Dataslush_umang/airflow/airflow_venv/lib/python3.12/site-packages/airflow/example_dags/tutorial.py took 0.395 seconds
[2025-01-28T10:54:29.321+0000] {processor.py:186} INFO - Started process (PID=18800) to work on /mnt/c/Users/Admin/Desktop/ud_data/Dataslush_umang/airflow/airflow_venv/lib/python3.12/site-packages/airflow/example_dags/tutorial.py
[2025-01-28T10:54:29.324+0000] {processor.py:914} INFO - Processing file /mnt/c/Users/Admin/Desktop/ud_data/Dataslush_umang/airflow/airflow_venv/lib/python3.12/site-packages/airflow/example_dags/tutorial.py for tasks to queue
[2025-01-28T10:54:29.329+0000] {logging_mixin.py:190} INFO - [2025-01-28T10:54:29.327+0000] {dagbag.py:588} INFO - Filling up the DagBag from /mnt/c/Users/Admin/Desktop/ud_data/Dataslush_umang/airflow/airflow_venv/lib/python3.12/site-packages/airflow/example_dags/tutorial.py
[2025-01-28T10:54:29.442+0000] {processor.py:925} INFO - DAG(s) 'tutorial' retrieved from /mnt/c/Users/Admin/Desktop/ud_data/Dataslush_umang/airflow/airflow_venv/lib/python3.12/site-packages/airflow/example_dags/tutorial.py
[2025-01-28T10:54:29.478+0000] {logging_mixin.py:190} INFO - [2025-01-28T10:54:29.476+0000] {dag.py:3239} INFO - Sync 1 DAGs
[2025-01-28T10:54:29.526+0000] {logging_mixin.py:190} INFO - [2025-01-28T10:54:29.524+0000] {dag.py:4180} INFO - Setting next_dagrun for tutorial to 2025-01-27 00:00:00+00:00, run_after=2025-01-28 00:00:00+00:00
[2025-01-28T10:54:29.579+0000] {processor.py:208} INFO - Processing /mnt/c/Users/Admin/Desktop/ud_data/Dataslush_umang/airflow/airflow_venv/lib/python3.12/site-packages/airflow/example_dags/tutorial.py took 0.284 seconds
[2025-01-28T10:55:52.678+0000] {processor.py:186} INFO - Started process (PID=18884) to work on /mnt/c/Users/Admin/Desktop/ud_data/Dataslush_umang/airflow/airflow_venv/lib/python3.12/site-packages/airflow/example_dags/tutorial.py
[2025-01-28T10:55:52.685+0000] {processor.py:914} INFO - Processing file /mnt/c/Users/Admin/Desktop/ud_data/Dataslush_umang/airflow/airflow_venv/lib/python3.12/site-packages/airflow/example_dags/tutorial.py for tasks to queue
[2025-01-28T10:55:52.696+0000] {logging_mixin.py:190} INFO - [2025-01-28T10:55:52.694+0000] {dagbag.py:588} INFO - Filling up the DagBag from /mnt/c/Users/Admin/Desktop/ud_data/Dataslush_umang/airflow/airflow_venv/lib/python3.12/site-packages/airflow/example_dags/tutorial.py
[2025-01-28T10:55:22.778+0000] {processor.py:925} INFO - DAG(s) 'tutorial' retrieved from /mnt/c/Users/Admin/Desktop/ud_data/Dataslush_umang/airflow/airflow_venv/lib/python3.12/site-packages/airflow/example_dags/tutorial.py
[2025-01-28T10:55:22.804+0000] {logging_mixin.py:190} INFO - [2025-01-28T10:55:22.803+0000] {dag.py:3239} INFO - Sync 1 DAGs
[2025-01-28T10:55:22.964+0000] {logging_mixin.py:190} INFO - [2025-01-28T10:55:22.960+0000] {dag.py:4180} INFO - Setting next_dagrun for tutorial to 2025-01-27 00:00:00+00:00, run_after=2025-01-28 00:00:00+00:00
[2025-01-28T10:55:23.653+0000] {processor.py:208} INFO - Processing /mnt/c/Users/Admin/Desktop/ud_data/Dataslush_umang/airflow/airflow_venv/lib/python3.12/site-packages/airflow/example_dags/tutorial.py took 1.089 seconds
[2025-01-28T10:56:04.090+0000] {processor.py:186} INFO - Started process (PID=18976) to work on /mnt/c/Users/Admin/Desktop/ud_data/Dataslush_umang/airflow/airflow_venv/lib/python3.12/site-packages/airflow/example_dags/tutorial.py
[2025-01-28T10:56:04.093+0000] {processor.py:914} INFO - Processing file /mnt/c/Users/Admin/Desktop/ud_data/Dataslush_umang/airflow/airflow_venv/lib/python3.12/site-packages/airflow/example_dags/tutorial.py for tasks to queue
[2025-01-28T10:56:04.098+0000] {logging_mixin.py:190} INFO - [2025-01-28T10:56:04.097+0000] {dagbag.py:588} INFO - Filling up the DagBag from /mnt/c/Users/Admin/Desktop/ud_data/Dataslush_umang/airflow/airflow_venv/lib/python3.12/site-packages/airflow/example_dags/tutorial.py
[2025-01-28T10:56:04.212+0000] {processor.py:925} INFO - DAG(s) 'tutorial' retrieved from /mnt/c/Users/Admin/Desktop/ud_data/Dataslush_umang/airflow/airflow_venv/lib/python3.12/site-packages/airflow/example_dags/tutorial.py
[2025-01-28T10:56:04.241+0000] {logging_mixin.py:190} INFO - [2025-01-28T10:56:04.240+0000] {dag.py:3239} INFO - Sync 1 DAGs
[2025-01-28T10:56:04.280+0000] {logging_mixin.py:190} INFO - [2025-01-28T10:56:04.278+0000] {dag.py:4180} INFO - Setting next_dagrun for tutorial to 2025-01-27 00:00:00+00:00, run_after=2025-01-28 00:00:00+00:00
[2025-01-28T10:56:04.333+0000] {processor.py:208} INFO - Processing /mnt/c/Users/Admin/Desktop/ud_data/Dataslush_umang/airflow/airflow_venv/lib/python3.12/site-packages/airflow/example_dags/tutorial.py took 0.269 seconds
[2025-01-28T10:56:55.091+0000] {processor.py:186} INFO - Started process (PID=19110) to work on /mnt/c/Users/Admin/Desktop/ud_data/Dataslush_umang/airflow/airflow_venv/lib/python3.12/site-packages/airflow/example_dags/tutorial.py
[2025-01-28T10:56:55.094+0000] {processor.py:914} INFO - Processing file /mnt/c/Users/Admin/Desktop/ud_data/Dataslush_umang/airflow/airflow_venv/lib/python3.12/site-packages/airflow/example_dags/tutorial.py for tasks to queue
[2025-01-28T10:56:55.101+0000] {logging_mixin.py:190} INFO - [2025-01-28T10:56:55.099+0000] {dagbag.py:588} INFO - Filling up the DagBag from /mnt/c/Users/Admin/Desktop/ud_data/Dataslush_umang/airflow/airflow_venv/lib/python3.12/site-packages/airflow/example_dags/tutorial.py
[2025-01-28T10:56:55.213+0000] {processor.py:925} INFO - DAG(s) 'tutorial' retrieved from /mnt/c/Users/Admin/Desktop/ud_data/Dataslush_umang/airflow/airflow_venv/lib/python3.12/site-packages/airflow/example_dags/tutorial.py
[2025-01-28T10:56:55.247+0000] {logging_mixin.py:190} INFO - [2025-01-28T10:56:55.246+0000] {dag.py:3239} INFO - Sync 1 DAGs
[2025-01-28T10:56:55.284+0000] {logging_mixin.py:190} INFO - [2025-01-28T10:56:55.283+0000] {dag.py:4180} INFO - Setting next_dagrun for tutorial to 2025-01-27 00:00:00+00:00, run_after=2025-01-28 00:00:00+00:00
[2025-01-28T10:56:55.331+0000] {processor.py:208} INFO - Processing /mnt/c/Users/Admin/Desktop/ud_data/Dataslush_umang/airflow/airflow_venv/lib/python3.12/site-packages/airflow/example_dags/tutorial.py took 0.266 seconds
[2025-01-28T10:57:40.851+0000] {processor.py:186} INFO - Started process (PID=19169) to work on /mnt/c/Users/Admin/Desktop/ud_data/Dataslush_umang/airflow/airflow_venv/lib/python3.12/site-packages/airflow/example_dags/tutorial.py
[2025-01-28T10:57:40.854+0000] {processor.py:914} INFO - Processing file /mnt/c/Users/Admin/Desktop/ud_data/Dataslush_umang/airflow/airflow_venv/lib/python3.12/site-packages/airflow/example_dags/tutorial.py for tasks to queue
[2025-01-28T10:57:40.862+0000] {logging_mixin.py:190} INFO - [2025-01-28T10:57:40.859+0000] {dagbag.py:588} INFO - Filling up the DagBag from /mnt/c/Users/Admin/Desktop/ud_data/Dataslush_umang/airflow/airflow_venv/lib/python3.12/site-packages/airflow/example_dags/tutorial.py
[2025-01-28T10:57:40.980+0000] {processor.py:925} INFO - DAG(s) 'tutorial' retrieved from /mnt/c/Users/Admin/Desktop/ud_data/Dataslush_umang/airflow/airflow_venv/lib/python3.12/site-packages/airflow/example_dags/tutorial.py
[2025-01-28T10:57:41.012+0000] {logging_mixin.py:190} INFO - [2025-01-28T10:57:41.011+0000] {dag.py:3239} INFO - Sync 1 DAGs
[2025-01-28T10:57:41.050+0000] {logging_mixin.py:190} INFO - [2025-01-28T10:57:41.048+0000] {dag.py:4180} INFO - Setting next_dagrun for tutorial to 2025-01-27 00:00:00+00:00, run_after=2025-01-28 00:00:00+00:00
[2025-01-28T10:57:41.223+0000] {processor.py:208} INFO - Processing /mnt/c/Users/Admin/Desktop/ud_data/Dataslush_umang/airflow/airflow_venv/lib/python3.12/site-packages/airflow/example_dags/tutorial.py took 0.404 seconds
[2025-01-28T10:59:06.828+0000] {processor.py:186} INFO - Started process (PID=19364) to work on /mnt/c/Users/Admin/Desktop/ud_data/Dataslush_umang/airflow/airflow_venv/lib/python3.12/site-packages/airflow/example_dags/tutorial.py
[2025-01-28T10:59:06.880+0000] {processor.py:914} INFO - Processing file /mnt/c/Users/Admin/Desktop/ud_data/Dataslush_umang/airflow/airflow_venv/lib/python3.12/site-packages/airflow/example_dags/tutorial.py for tasks to queue
[2025-01-28T10:59:06.888+0000] {logging_mixin.py:190} INFO - [2025-01-28T10:59:06.885+0000] {dagbag.py:588} INFO - Filling up the DagBag from /mnt/c/Users/Admin/Desktop/ud_data/Dataslush_umang/airflow/airflow_venv/lib/python3.12/site-packages/airflow/example_dags/tutorial.py
[2025-01-28T10:59:07.018+0000] {processor.py:925} INFO - DAG(s) 'tutorial' retrieved from /mnt/c/Users/Admin/Desktop/ud_data/Dataslush_umang/airflow/airflow_venv/lib/python3.12/site-packages/airflow/example_dags/tutorial.py
[2025-01-28T10:59:07.050+0000] {logging_mixin.py:190} INFO - [2025-01-28T10:59:07.048+0000] {dag.py:3239} INFO - Sync 1 DAGs
[2025-01-28T10:59:07.090+0000] {logging_mixin.py:190} INFO - [2025-01-28T10:59:07.088+0000] {dag.py:4180} INFO - Setting next_dagrun for tutorial to 2025-01-27 00:00:00+00:00, run_after=2025-01-28 00:00:00+00:00
[2025-01-28T10:59:07.131+0000] {processor.py:208} INFO - Processing /mnt/c/Users/Admin/Desktop/ud_data/Dataslush_umang/airflow/airflow_venv/lib/python3.12/site-packages/airflow/example_dags/tutorial.py took 0.329 seconds
[2025-01-28T10:59:57.341+0000] {processor.py:186} INFO - Started process (PID=19453) to work on /mnt/c/Users/Admin/Desktop/ud_data/Dataslush_umang/airflow/airflow_venv/lib/python3.12/site-packages/airflow/example_dags/tutorial.py
[2025-01-28T10:59:57.346+0000] {processor.py:914} INFO - Processing file /mnt/c/Users/Admin/Desktop/ud_data/Dataslush_umang/airflow/airflow_venv/lib/python3.12/site-packages/airflow/example_dags/tutorial.py for tasks to queue
[2025-01-28T10:59:57.356+0000] {logging_mixin.py:190} INFO - [2025-01-28T10:59:57.354+0000] {dagbag.py:588} INFO - Filling up the DagBag from /mnt/c/Users/Admin/Desktop/ud_data/Dataslush_umang/airflow/airflow_venv/lib/python3.12/site-packages/airflow/example_dags/tutorial.py
[2025-01-28T10:59:57.455+0000] {processor.py:925} INFO - DAG(s) 'tutorial' retrieved from /mnt/c/Users/Admin/Desktop/ud_data/Dataslush_umang/airflow/airflow_venv/lib/python3.12/site-packages/airflow/example_dags/tutorial.py
[2025-01-28T10:59:57.487+0000] {logging_mixin.py:190} INFO - [2025-01-28T10:59:57.485+0000] {dag.py:3239} INFO - Sync 1 DAGs
[2025-01-28T10:59:57.520+0000] {logging_mixin.py:190} INFO - [2025-01-28T10:59:57.519+0000] {dag.py:4180} INFO - Setting next_dagrun for tutorial to 2025-01-27 00:00:00+00:00, run_after=2025-01-28 00:00:00+00:00
[2025-01-28T10:59:57.558+0000] {processor.py:208} INFO - Processing /mnt/c/Users/Admin/Desktop/ud_data/Dataslush_umang/airflow/airflow_venv/lib/python3.12/site-packages/airflow/example_dags/tutorial.py took 0.254 seconds
[2025-01-28T11:00:52.463+0000] {processor.py:186} INFO - Started process (PID=19540) to work on /mnt/c/Users/Admin/Desktop/ud_data/Dataslush_umang/airflow/airflow_venv/lib/python3.12/site-packages/airflow/example_dags/tutorial.py
[2025-01-28T11:00:52.466+0000] {processor.py:914} INFO - Processing file /mnt/c/Users/Admin/Desktop/ud_data/Dataslush_umang/airflow/airflow_venv/lib/python3.12/site-packages/airflow/example_dags/tutorial.py for tasks to queue
[2025-01-28T11:00:52.472+0000] {logging_mixin.py:190} INFO - [2025-01-28T11:00:52.470+0000] {dagbag.py:588} INFO - Filling up the DagBag from /mnt/c/Users/Admin/Desktop/ud_data/Dataslush_umang/airflow/airflow_venv/lib/python3.12/site-packages/airflow/example_dags/tutorial.py
[2025-01-28T11:00:52.559+0000] {processor.py:925} INFO - DAG(s) 'tutorial' retrieved from /mnt/c/Users/Admin/Desktop/ud_data/Dataslush_umang/airflow/airflow_venv/lib/python3.12/site-packages/airflow/example_dags/tutorial.py
[2025-01-28T11:00:52.586+0000] {logging_mixin.py:190} INFO - [2025-01-28T11:00:52.584+0000] {dag.py:3239} INFO - Sync 1 DAGs
[2025-01-28T11:00:52.621+0000] {logging_mixin.py:190} INFO - [2025-01-28T11:00:52.620+0000] {dag.py:4180} INFO - Setting next_dagrun for tutorial to 2025-01-27 00:00:00+00:00, run_after=2025-01-28 00:00:00+00:00
[2025-01-28T11:00:52.671+0000] {processor.py:208} INFO - Processing /mnt/c/Users/Admin/Desktop/ud_data/Dataslush_umang/airflow/airflow_venv/lib/python3.12/site-packages/airflow/example_dags/tutorial.py took 0.233 seconds
[2025-01-28T11:01:47.058+0000] {processor.py:186} INFO - Started process (PID=19607) to work on /mnt/c/Users/Admin/Desktop/ud_data/Dataslush_umang/airflow/airflow_venv/lib/python3.12/site-packages/airflow/example_dags/tutorial.py
[2025-01-28T11:01:47.062+0000] {processor.py:914} INFO - Processing file /mnt/c/Users/Admin/Desktop/ud_data/Dataslush_umang/airflow/airflow_venv/lib/python3.12/site-packages/airflow/example_dags/tutorial.py for tasks to queue
[2025-01-28T11:01:47.068+0000] {logging_mixin.py:190} INFO - [2025-01-28T11:01:47.066+0000] {dagbag.py:588} INFO - Filling up the DagBag from /mnt/c/Users/Admin/Desktop/ud_data/Dataslush_umang/airflow/airflow_venv/lib/python3.12/site-packages/airflow/example_dags/tutorial.py
[2025-01-28T11:01:47.179+0000] {processor.py:925} INFO - DAG(s) 'tutorial' retrieved from /mnt/c/Users/Admin/Desktop/ud_data/Dataslush_umang/airflow/airflow_venv/lib/python3.12/site-packages/airflow/example_dags/tutorial.py
[2025-01-28T11:01:47.211+0000] {logging_mixin.py:190} INFO - [2025-01-28T11:01:47.209+0000] {dag.py:3239} INFO - Sync 1 DAGs
[2025-01-28T11:01:47.253+0000] {logging_mixin.py:190} INFO - [2025-01-28T11:01:47.251+0000] {dag.py:4180} INFO - Setting next_dagrun for tutorial to 2025-01-27 00:00:00+00:00, run_after=2025-01-28 00:00:00+00:00
[2025-01-28T11:01:47.297+0000] {processor.py:208} INFO - Processing /mnt/c/Users/Admin/Desktop/ud_data/Dataslush_umang/airflow/airflow_venv/lib/python3.12/site-packages/airflow/example_dags/tutorial.py took 0.264 seconds
[2025-01-28T11:03:37.605+0000] {processor.py:186} INFO - Started process (PID=19726) to work on /mnt/c/Users/Admin/Desktop/ud_data/Dataslush_umang/airflow/airflow_venv/lib/python3.12/site-packages/airflow/example_dags/tutorial.py
[2025-01-28T11:03:37.798+0000] {processor.py:914} INFO - Processing file /mnt/c/Users/Admin/Desktop/ud_data/Dataslush_umang/airflow/airflow_venv/lib/python3.12/site-packages/airflow/example_dags/tutorial.py for tasks to queue
[2025-01-28T11:03:37.805+0000] {logging_mixin.py:190} INFO - [2025-01-28T11:03:37.803+0000] {dagbag.py:588} INFO - Filling up the DagBag from /mnt/c/Users/Admin/Desktop/ud_data/Dataslush_umang/airflow/airflow_venv/lib/python3.12/site-packages/airflow/example_dags/tutorial.py
[2025-01-28T11:03:37.933+0000] {processor.py:925} INFO - DAG(s) 'tutorial' retrieved from /mnt/c/Users/Admin/Desktop/ud_data/Dataslush_umang/airflow/airflow_venv/lib/python3.12/site-packages/airflow/example_dags/tutorial.py
[2025-01-28T11:03:37.969+0000] {logging_mixin.py:190} INFO - [2025-01-28T11:03:37.967+0000] {dag.py:3239} INFO - Sync 1 DAGs
[2025-01-28T11:03:38.016+0000] {logging_mixin.py:190} INFO - [2025-01-28T11:03:38.014+0000] {dag.py:4180} INFO - Setting next_dagrun for tutorial to 2025-01-27 00:00:00+00:00, run_after=2025-01-28 00:00:00+00:00
[2025-01-28T11:03:40.596+0000] {processor.py:208} INFO - Processing /mnt/c/Users/Admin/Desktop/ud_data/Dataslush_umang/airflow/airflow_venv/lib/python3.12/site-packages/airflow/example_dags/tutorial.py took 3.016 seconds
[2025-01-28T11:04:32.070+0000] {processor.py:186} INFO - Started process (PID=19907) to work on /mnt/c/Users/Admin/Desktop/ud_data/Dataslush_umang/airflow/airflow_venv/lib/python3.12/site-packages/airflow/example_dags/tutorial.py
[2025-01-28T11:04:32.074+0000] {processor.py:914} INFO - Processing file /mnt/c/Users/Admin/Desktop/ud_data/Dataslush_umang/airflow/airflow_venv/lib/python3.12/site-packages/airflow/example_dags/tutorial.py for tasks to queue
[2025-01-28T11:04:32.081+0000] {logging_mixin.py:190} INFO - [2025-01-28T11:04:32.079+0000] {dagbag.py:588} INFO - Filling up the DagBag from /mnt/c/Users/Admin/Desktop/ud_data/Dataslush_umang/airflow/airflow_venv/lib/python3.12/site-packages/airflow/example_dags/tutorial.py
[2025-01-28T11:04:32.216+0000] {processor.py:925} INFO - DAG(s) 'tutorial' retrieved from /mnt/c/Users/Admin/Desktop/ud_data/Dataslush_umang/airflow/airflow_venv/lib/python3.12/site-packages/airflow/example_dags/tutorial.py
[2025-01-28T11:04:32.255+0000] {logging_mixin.py:190} INFO - [2025-01-28T11:04:32.253+0000] {dag.py:3239} INFO - Sync 1 DAGs
[2025-01-28T11:04:32.308+0000] {logging_mixin.py:190} INFO - [2025-01-28T11:04:32.306+0000] {dag.py:4180} INFO - Setting next_dagrun for tutorial to 2025-01-27 00:00:00+00:00, run_after=2025-01-28 00:00:00+00:00
[2025-01-28T11:04:32.363+0000] {processor.py:208} INFO - Processing /mnt/c/Users/Admin/Desktop/ud_data/Dataslush_umang/airflow/airflow_venv/lib/python3.12/site-packages/airflow/example_dags/tutorial.py took 0.326 seconds
[2025-01-28T11:05:20.363+0000] {processor.py:186} INFO - Started process (PID=19969) to work on /mnt/c/Users/Admin/Desktop/ud_data/Dataslush_umang/airflow/airflow_venv/lib/python3.12/site-packages/airflow/example_dags/tutorial.py
[2025-01-28T11:05:20.367+0000] {processor.py:914} INFO - Processing file /mnt/c/Users/Admin/Desktop/ud_data/Dataslush_umang/airflow/airflow_venv/lib/python3.12/site-packages/airflow/example_dags/tutorial.py for tasks to queue
[2025-01-28T11:05:20.373+0000] {logging_mixin.py:190} INFO - [2025-01-28T11:05:20.371+0000] {dagbag.py:588} INFO - Filling up the DagBag from /mnt/c/Users/Admin/Desktop/ud_data/Dataslush_umang/airflow/airflow_venv/lib/python3.12/site-packages/airflow/example_dags/tutorial.py
[2025-01-28T11:05:20.500+0000] {processor.py:925} INFO - DAG(s) 'tutorial' retrieved from /mnt/c/Users/Admin/Desktop/ud_data/Dataslush_umang/airflow/airflow_venv/lib/python3.12/site-packages/airflow/example_dags/tutorial.py
[2025-01-28T11:05:20.526+0000] {logging_mixin.py:190} INFO - [2025-01-28T11:05:20.524+0000] {dag.py:3239} INFO - Sync 1 DAGs
[2025-01-28T11:05:20.561+0000] {logging_mixin.py:190} INFO - [2025-01-28T11:05:20.559+0000] {dag.py:4180} INFO - Setting next_dagrun for tutorial to 2025-01-27 00:00:00+00:00, run_after=2025-01-28 00:00:00+00:00
[2025-01-28T11:05:20.604+0000] {processor.py:208} INFO - Processing /mnt/c/Users/Admin/Desktop/ud_data/Dataslush_umang/airflow/airflow_venv/lib/python3.12/site-packages/airflow/example_dags/tutorial.py took 0.266 seconds
[2025-01-28T11:06:26.927+0000] {processor.py:186} INFO - Started process (PID=20021) to work on /mnt/c/Users/Admin/Desktop/ud_data/Dataslush_umang/airflow/airflow_venv/lib/python3.12/site-packages/airflow/example_dags/tutorial.py
[2025-01-28T11:06:26.930+0000] {processor.py:914} INFO - Processing file /mnt/c/Users/Admin/Desktop/ud_data/Dataslush_umang/airflow/airflow_venv/lib/python3.12/site-packages/airflow/example_dags/tutorial.py for tasks to queue
[2025-01-28T11:06:26.938+0000] {logging_mixin.py:190} INFO - [2025-01-28T11:06:26.935+0000] {dagbag.py:588} INFO - Filling up the DagBag from /mnt/c/Users/Admin/Desktop/ud_data/Dataslush_umang/airflow/airflow_venv/lib/python3.12/site-packages/airflow/example_dags/tutorial.py
[2025-01-28T11:06:27.067+0000] {processor.py:925} INFO - DAG(s) 'tutorial' retrieved from /mnt/c/Users/Admin/Desktop/ud_data/Dataslush_umang/airflow/airflow_venv/lib/python3.12/site-packages/airflow/example_dags/tutorial.py
[2025-01-28T11:06:27.101+0000] {logging_mixin.py:190} INFO - [2025-01-28T11:06:27.099+0000] {dag.py:3239} INFO - Sync 1 DAGs
[2025-01-28T11:06:27.143+0000] {logging_mixin.py:190} INFO - [2025-01-28T11:06:27.141+0000] {dag.py:4180} INFO - Setting next_dagrun for tutorial to 2025-01-27 00:00:00+00:00, run_after=2025-01-28 00:00:00+00:00
[2025-01-28T11:06:27.187+0000] {processor.py:208} INFO - Processing /mnt/c/Users/Admin/Desktop/ud_data/Dataslush_umang/airflow/airflow_venv/lib/python3.12/site-packages/airflow/example_dags/tutorial.py took 0.290 seconds
[2025-01-28T11:07:28.599+0000] {processor.py:186} INFO - Started process (PID=20094) to work on /mnt/c/Users/Admin/Desktop/ud_data/Dataslush_umang/airflow/airflow_venv/lib/python3.12/site-packages/airflow/example_dags/tutorial.py
[2025-01-28T11:07:28.603+0000] {processor.py:914} INFO - Processing file /mnt/c/Users/Admin/Desktop/ud_data/Dataslush_umang/airflow/airflow_venv/lib/python3.12/site-packages/airflow/example_dags/tutorial.py for tasks to queue
[2025-01-28T11:07:28.608+0000] {logging_mixin.py:190} INFO - [2025-01-28T11:07:28.606+0000] {dagbag.py:588} INFO - Filling up the DagBag from /mnt/c/Users/Admin/Desktop/ud_data/Dataslush_umang/airflow/airflow_venv/lib/python3.12/site-packages/airflow/example_dags/tutorial.py
[2025-01-28T11:07:58.819+0000] {processor.py:925} INFO - DAG(s) 'tutorial' retrieved from /mnt/c/Users/Admin/Desktop/ud_data/Dataslush_umang/airflow/airflow_venv/lib/python3.12/site-packages/airflow/example_dags/tutorial.py
[2025-01-28T11:07:58.846+0000] {logging_mixin.py:190} INFO - [2025-01-28T11:07:58.845+0000] {dag.py:3239} INFO - Sync 1 DAGs
[2025-01-28T11:07:58.888+0000] {logging_mixin.py:190} INFO - [2025-01-28T11:07:58.887+0000] {dag.py:4180} INFO - Setting next_dagrun for tutorial to 2025-01-27 00:00:00+00:00, run_after=2025-01-28 00:00:00+00:00
[2025-01-28T11:07:58.929+0000] {processor.py:208} INFO - Processing /mnt/c/Users/Admin/Desktop/ud_data/Dataslush_umang/airflow/airflow_venv/lib/python3.12/site-packages/airflow/example_dags/tutorial.py took 0.283 seconds
[2025-01-28T11:09:00.434+0000] {processor.py:186} INFO - Started process (PID=20266) to work on /mnt/c/Users/Admin/Desktop/ud_data/Dataslush_umang/airflow/airflow_venv/lib/python3.12/site-packages/airflow/example_dags/tutorial.py
[2025-01-28T11:09:00.438+0000] {processor.py:914} INFO - Processing file /mnt/c/Users/Admin/Desktop/ud_data/Dataslush_umang/airflow/airflow_venv/lib/python3.12/site-packages/airflow/example_dags/tutorial.py for tasks to queue
[2025-01-28T11:09:00.445+0000] {logging_mixin.py:190} INFO - [2025-01-28T11:09:00.443+0000] {dagbag.py:588} INFO - Filling up the DagBag from /mnt/c/Users/Admin/Desktop/ud_data/Dataslush_umang/airflow/airflow_venv/lib/python3.12/site-packages/airflow/example_dags/tutorial.py
[2025-01-28T11:09:00.565+0000] {processor.py:925} INFO - DAG(s) 'tutorial' retrieved from /mnt/c/Users/Admin/Desktop/ud_data/Dataslush_umang/airflow/airflow_venv/lib/python3.12/site-packages/airflow/example_dags/tutorial.py
[2025-01-28T11:09:00.597+0000] {logging_mixin.py:190} INFO - [2025-01-28T11:09:00.594+0000] {dag.py:3239} INFO - Sync 1 DAGs
[2025-01-28T11:09:00.641+0000] {logging_mixin.py:190} INFO - [2025-01-28T11:09:00.640+0000] {dag.py:4180} INFO - Setting next_dagrun for tutorial to 2025-01-27 00:00:00+00:00, run_after=2025-01-28 00:00:00+00:00
[2025-01-28T11:09:00.798+0000] {processor.py:208} INFO - Processing /mnt/c/Users/Admin/Desktop/ud_data/Dataslush_umang/airflow/airflow_venv/lib/python3.12/site-packages/airflow/example_dags/tutorial.py took 0.397 seconds
[2025-01-28T11:09:53.079+0000] {processor.py:186} INFO - Started process (PID=20405) to work on /mnt/c/Users/Admin/Desktop/ud_data/Dataslush_umang/airflow/airflow_venv/lib/python3.12/site-packages/airflow/example_dags/tutorial.py
[2025-01-28T11:09:53.083+0000] {processor.py:914} INFO - Processing file /mnt/c/Users/Admin/Desktop/ud_data/Dataslush_umang/airflow/airflow_venv/lib/python3.12/site-packages/airflow/example_dags/tutorial.py for tasks to queue
[2025-01-28T11:09:53.090+0000] {logging_mixin.py:190} INFO - [2025-01-28T11:09:53.088+0000] {dagbag.py:588} INFO - Filling up the DagBag from /mnt/c/Users/Admin/Desktop/ud_data/Dataslush_umang/airflow/airflow_venv/lib/python3.12/site-packages/airflow/example_dags/tutorial.py
[2025-01-28T11:09:53.203+0000] {processor.py:925} INFO - DAG(s) 'tutorial' retrieved from /mnt/c/Users/Admin/Desktop/ud_data/Dataslush_umang/airflow/airflow_venv/lib/python3.12/site-packages/airflow/example_dags/tutorial.py
[2025-01-28T11:09:53.242+0000] {logging_mixin.py:190} INFO - [2025-01-28T11:09:53.240+0000] {dag.py:3239} INFO - Sync 1 DAGs
[2025-01-28T11:09:53.284+0000] {logging_mixin.py:190} INFO - [2025-01-28T11:09:53.283+0000] {dag.py:4180} INFO - Setting next_dagrun for tutorial to 2025-01-27 00:00:00+00:00, run_after=2025-01-28 00:00:00+00:00
[2025-01-28T11:09:53.328+0000] {processor.py:208} INFO - Processing /mnt/c/Users/Admin/Desktop/ud_data/Dataslush_umang/airflow/airflow_venv/lib/python3.12/site-packages/airflow/example_dags/tutorial.py took 0.291 seconds
[2025-01-28T11:11:24.857+0000] {processor.py:186} INFO - Started process (PID=20525) to work on /mnt/c/Users/Admin/Desktop/ud_data/Dataslush_umang/airflow/airflow_venv/lib/python3.12/site-packages/airflow/example_dags/tutorial.py
[2025-01-28T11:11:24.978+0000] {processor.py:914} INFO - Processing file /mnt/c/Users/Admin/Desktop/ud_data/Dataslush_umang/airflow/airflow_venv/lib/python3.12/site-packages/airflow/example_dags/tutorial.py for tasks to queue
[2025-01-28T11:11:24.983+0000] {logging_mixin.py:190} INFO - [2025-01-28T11:11:24.982+0000] {dagbag.py:588} INFO - Filling up the DagBag from /mnt/c/Users/Admin/Desktop/ud_data/Dataslush_umang/airflow/airflow_venv/lib/python3.12/site-packages/airflow/example_dags/tutorial.py
[2025-01-28T11:11:25.071+0000] {processor.py:925} INFO - DAG(s) 'tutorial' retrieved from /mnt/c/Users/Admin/Desktop/ud_data/Dataslush_umang/airflow/airflow_venv/lib/python3.12/site-packages/airflow/example_dags/tutorial.py
[2025-01-28T11:11:25.098+0000] {logging_mixin.py:190} INFO - [2025-01-28T11:11:25.097+0000] {dag.py:3239} INFO - Sync 1 DAGs
[2025-01-28T11:11:25.135+0000] {logging_mixin.py:190} INFO - [2025-01-28T11:11:25.134+0000] {dag.py:4180} INFO - Setting next_dagrun for tutorial to 2025-01-27 00:00:00+00:00, run_after=2025-01-28 00:00:00+00:00
[2025-01-28T11:11:25.537+0000] {processor.py:208} INFO - Processing /mnt/c/Users/Admin/Desktop/ud_data/Dataslush_umang/airflow/airflow_venv/lib/python3.12/site-packages/airflow/example_dags/tutorial.py took 0.707 seconds
[2025-01-28T11:12:44.288+0000] {processor.py:186} INFO - Started process (PID=20584) to work on /mnt/c/Users/Admin/Desktop/ud_data/Dataslush_umang/airflow/airflow_venv/lib/python3.12/site-packages/airflow/example_dags/tutorial.py
[2025-01-28T11:12:44.292+0000] {processor.py:914} INFO - Processing file /mnt/c/Users/Admin/Desktop/ud_data/Dataslush_umang/airflow/airflow_venv/lib/python3.12/site-packages/airflow/example_dags/tutorial.py for tasks to queue
[2025-01-28T11:12:44.299+0000] {logging_mixin.py:190} INFO - [2025-01-28T11:12:44.297+0000] {dagbag.py:588} INFO - Filling up the DagBag from /mnt/c/Users/Admin/Desktop/ud_data/Dataslush_umang/airflow/airflow_venv/lib/python3.12/site-packages/airflow/example_dags/tutorial.py
[2025-01-28T11:12:44.440+0000] {processor.py:925} INFO - DAG(s) 'tutorial' retrieved from /mnt/c/Users/Admin/Desktop/ud_data/Dataslush_umang/airflow/airflow_venv/lib/python3.12/site-packages/airflow/example_dags/tutorial.py
[2025-01-28T11:12:44.469+0000] {logging_mixin.py:190} INFO - [2025-01-28T11:12:44.467+0000] {dag.py:3239} INFO - Sync 1 DAGs
[2025-01-28T11:12:44.504+0000] {logging_mixin.py:190} INFO - [2025-01-28T11:12:44.503+0000] {dag.py:4180} INFO - Setting next_dagrun for tutorial to 2025-01-27 00:00:00+00:00, run_after=2025-01-28 00:00:00+00:00
[2025-01-28T11:12:44.544+0000] {processor.py:208} INFO - Processing /mnt/c/Users/Admin/Desktop/ud_data/Dataslush_umang/airflow/airflow_venv/lib/python3.12/site-packages/airflow/example_dags/tutorial.py took 0.282 seconds
[2025-01-28T11:14:19.701+0000] {processor.py:186} INFO - Started process (PID=20695) to work on /mnt/c/Users/Admin/Desktop/ud_data/Dataslush_umang/airflow/airflow_venv/lib/python3.12/site-packages/airflow/example_dags/tutorial.py
[2025-01-28T11:14:19.707+0000] {processor.py:914} INFO - Processing file /mnt/c/Users/Admin/Desktop/ud_data/Dataslush_umang/airflow/airflow_venv/lib/python3.12/site-packages/airflow/example_dags/tutorial.py for tasks to queue
[2025-01-28T11:14:19.714+0000] {logging_mixin.py:190} INFO - [2025-01-28T11:14:19.712+0000] {dagbag.py:588} INFO - Filling up the DagBag from /mnt/c/Users/Admin/Desktop/ud_data/Dataslush_umang/airflow/airflow_venv/lib/python3.12/site-packages/airflow/example_dags/tutorial.py
[2025-01-28T11:13:49.746+0000] {processor.py:925} INFO - DAG(s) 'tutorial' retrieved from /mnt/c/Users/Admin/Desktop/ud_data/Dataslush_umang/airflow/airflow_venv/lib/python3.12/site-packages/airflow/example_dags/tutorial.py
[2025-01-28T11:13:49.776+0000] {logging_mixin.py:190} INFO - [2025-01-28T11:13:49.775+0000] {dag.py:3239} INFO - Sync 1 DAGs
[2025-01-28T11:13:49.812+0000] {logging_mixin.py:190} INFO - [2025-01-28T11:13:49.811+0000] {dag.py:4180} INFO - Setting next_dagrun for tutorial to 2025-01-27 00:00:00+00:00, run_after=2025-01-28 00:00:00+00:00
[2025-01-28T11:13:50.836+0000] {processor.py:208} INFO - Processing /mnt/c/Users/Admin/Desktop/ud_data/Dataslush_umang/airflow/airflow_venv/lib/python3.12/site-packages/airflow/example_dags/tutorial.py took 1.253 seconds
[2025-01-28T11:14:34.067+0000] {processor.py:186} INFO - Started process (PID=20747) to work on /mnt/c/Users/Admin/Desktop/ud_data/Dataslush_umang/airflow/airflow_venv/lib/python3.12/site-packages/airflow/example_dags/tutorial.py
[2025-01-28T11:14:34.070+0000] {processor.py:914} INFO - Processing file /mnt/c/Users/Admin/Desktop/ud_data/Dataslush_umang/airflow/airflow_venv/lib/python3.12/site-packages/airflow/example_dags/tutorial.py for tasks to queue
[2025-01-28T11:14:34.221+0000] {logging_mixin.py:190} INFO - [2025-01-28T11:14:34.218+0000] {dagbag.py:588} INFO - Filling up the DagBag from /mnt/c/Users/Admin/Desktop/ud_data/Dataslush_umang/airflow/airflow_venv/lib/python3.12/site-packages/airflow/example_dags/tutorial.py
[2025-01-28T11:14:34.359+0000] {processor.py:925} INFO - DAG(s) 'tutorial' retrieved from /mnt/c/Users/Admin/Desktop/ud_data/Dataslush_umang/airflow/airflow_venv/lib/python3.12/site-packages/airflow/example_dags/tutorial.py
[2025-01-28T11:14:34.386+0000] {logging_mixin.py:190} INFO - [2025-01-28T11:14:34.384+0000] {dag.py:3239} INFO - Sync 1 DAGs
[2025-01-28T11:15:04.509+0000] {logging_mixin.py:190} INFO - [2025-01-28T11:15:04.507+0000] {dag.py:4180} INFO - Setting next_dagrun for tutorial to 2025-01-27 00:00:00+00:00, run_after=2025-01-28 00:00:00+00:00
[2025-01-28T11:14:35.222+0000] {processor.py:208} INFO - Processing /mnt/c/Users/Admin/Desktop/ud_data/Dataslush_umang/airflow/airflow_venv/lib/python3.12/site-packages/airflow/example_dags/tutorial.py took 1.179 seconds
