[2025-01-28T10:11:22.628+0000] {processor.py:186} INFO - Started process (PID=14671) to work on /mnt/c/Users/Admin/Desktop/ud_data/Dataslush_umang/airflow/airflow_venv/lib/python3.12/site-packages/airflow/example_dags/tutorial_objectstorage.py
[2025-01-28T10:11:22.630+0000] {processor.py:914} INFO - Processing file /mnt/c/Users/Admin/Desktop/ud_data/Dataslush_umang/airflow/airflow_venv/lib/python3.12/site-packages/airflow/example_dags/tutorial_objectstorage.py for tasks to queue
[2025-01-28T10:11:22.635+0000] {logging_mixin.py:190} INFO - [2025-01-28T10:11:22.633+0000] {dagbag.py:588} INFO - Filling up the DagBag from /mnt/c/Users/Admin/Desktop/ud_data/Dataslush_umang/airflow/airflow_venv/lib/python3.12/site-packages/airflow/example_dags/tutorial_objectstorage.py
[2025-01-28T10:11:22.775+0000] {processor.py:925} INFO - DAG(s) 'tutorial_objectstorage' retrieved from /mnt/c/Users/Admin/Desktop/ud_data/Dataslush_umang/airflow/airflow_venv/lib/python3.12/site-packages/airflow/example_dags/tutorial_objectstorage.py
[2025-01-28T10:11:24.649+0000] {logging_mixin.py:190} INFO - [2025-01-28T10:11:24.647+0000] {override.py:1912} INFO - Created Permission View: can edit on DAG:tutorial_objectstorage
[2025-01-28T10:11:24.677+0000] {logging_mixin.py:190} INFO - [2025-01-28T10:11:24.676+0000] {override.py:1912} INFO - Created Permission View: can read on DAG:tutorial_objectstorage
[2025-01-28T10:11:24.702+0000] {logging_mixin.py:190} INFO - [2025-01-28T10:11:24.700+0000] {override.py:1912} INFO - Created Permission View: can delete on DAG:tutorial_objectstorage
[2025-01-28T10:11:24.748+0000] {logging_mixin.py:190} INFO - [2025-01-28T10:11:24.746+0000] {override.py:1912} INFO - Created Permission View: can create on DAG Run:tutorial_objectstorage
[2025-01-28T10:11:24.832+0000] {logging_mixin.py:190} INFO - [2025-01-28T10:11:24.830+0000] {override.py:1912} INFO - Created Permission View: menu access on DAG Run:tutorial_objectstorage
[2025-01-28T10:11:24.858+0000] {logging_mixin.py:190} INFO - [2025-01-28T10:11:24.856+0000] {override.py:1912} INFO - Created Permission View: can read on DAG Run:tutorial_objectstorage
[2025-01-28T10:11:24.890+0000] {logging_mixin.py:190} INFO - [2025-01-28T10:11:24.888+0000] {override.py:1912} INFO - Created Permission View: can delete on DAG Run:tutorial_objectstorage
[2025-01-28T10:11:24.892+0000] {logging_mixin.py:190} INFO - [2025-01-28T10:11:24.891+0000] {dag.py:3239} INFO - Sync 1 DAGs
[2025-01-28T10:11:24.915+0000] {logging_mixin.py:190} INFO - [2025-01-28T10:11:24.913+0000] {dag.py:3262} INFO - Creating ORM DAG for tutorial_objectstorage
[2025-01-28T10:11:24.918+0000] {logging_mixin.py:190} INFO - [2025-01-28T10:11:24.917+0000] {dag.py:4180} INFO - Setting next_dagrun for tutorial_objectstorage to None, run_after=None
[2025-01-28T10:11:24.984+0000] {processor.py:208} INFO - Processing /mnt/c/Users/Admin/Desktop/ud_data/Dataslush_umang/airflow/airflow_venv/lib/python3.12/site-packages/airflow/example_dags/tutorial_objectstorage.py took 2.380 seconds
[2025-01-28T10:14:48.527+0000] {processor.py:186} INFO - Started process (PID=14948) to work on /mnt/c/Users/Admin/Desktop/ud_data/Dataslush_umang/airflow/airflow_venv/lib/python3.12/site-packages/airflow/example_dags/tutorial_objectstorage.py
[2025-01-28T10:14:48.753+0000] {processor.py:914} INFO - Processing file /mnt/c/Users/Admin/Desktop/ud_data/Dataslush_umang/airflow/airflow_venv/lib/python3.12/site-packages/airflow/example_dags/tutorial_objectstorage.py for tasks to queue
[2025-01-28T10:14:48.768+0000] {logging_mixin.py:190} INFO - [2025-01-28T10:14:48.763+0000] {dagbag.py:588} INFO - Filling up the DagBag from /mnt/c/Users/Admin/Desktop/ud_data/Dataslush_umang/airflow/airflow_venv/lib/python3.12/site-packages/airflow/example_dags/tutorial_objectstorage.py
[2025-01-28T10:14:48.878+0000] {processor.py:925} INFO - DAG(s) 'tutorial_objectstorage' retrieved from /mnt/c/Users/Admin/Desktop/ud_data/Dataslush_umang/airflow/airflow_venv/lib/python3.12/site-packages/airflow/example_dags/tutorial_objectstorage.py
[2025-01-28T10:14:48.904+0000] {logging_mixin.py:190} INFO - [2025-01-28T10:14:48.902+0000] {dag.py:3239} INFO - Sync 1 DAGs
[2025-01-28T10:14:48.919+0000] {logging_mixin.py:190} INFO - [2025-01-28T10:14:48.917+0000] {dag.py:4180} INFO - Setting next_dagrun for tutorial_objectstorage to None, run_after=None
[2025-01-28T10:14:49.303+0000] {processor.py:208} INFO - Processing /mnt/c/Users/Admin/Desktop/ud_data/Dataslush_umang/airflow/airflow_venv/lib/python3.12/site-packages/airflow/example_dags/tutorial_objectstorage.py took 0.796 seconds
[2025-01-28T10:15:54.594+0000] {processor.py:186} INFO - Started process (PID=15043) to work on /mnt/c/Users/Admin/Desktop/ud_data/Dataslush_umang/airflow/airflow_venv/lib/python3.12/site-packages/airflow/example_dags/tutorial_objectstorage.py
[2025-01-28T10:15:54.597+0000] {processor.py:914} INFO - Processing file /mnt/c/Users/Admin/Desktop/ud_data/Dataslush_umang/airflow/airflow_venv/lib/python3.12/site-packages/airflow/example_dags/tutorial_objectstorage.py for tasks to queue
[2025-01-28T10:15:54.602+0000] {logging_mixin.py:190} INFO - [2025-01-28T10:15:54.600+0000] {dagbag.py:588} INFO - Filling up the DagBag from /mnt/c/Users/Admin/Desktop/ud_data/Dataslush_umang/airflow/airflow_venv/lib/python3.12/site-packages/airflow/example_dags/tutorial_objectstorage.py
[2025-01-28T10:15:54.703+0000] {processor.py:925} INFO - DAG(s) 'tutorial_objectstorage' retrieved from /mnt/c/Users/Admin/Desktop/ud_data/Dataslush_umang/airflow/airflow_venv/lib/python3.12/site-packages/airflow/example_dags/tutorial_objectstorage.py
[2025-01-28T10:15:54.727+0000] {logging_mixin.py:190} INFO - [2025-01-28T10:15:54.725+0000] {dag.py:3239} INFO - Sync 1 DAGs
[2025-01-28T10:15:54.740+0000] {logging_mixin.py:190} INFO - [2025-01-28T10:15:54.738+0000] {dag.py:4180} INFO - Setting next_dagrun for tutorial_objectstorage to None, run_after=None
[2025-01-28T10:15:55.397+0000] {processor.py:208} INFO - Processing /mnt/c/Users/Admin/Desktop/ud_data/Dataslush_umang/airflow/airflow_venv/lib/python3.12/site-packages/airflow/example_dags/tutorial_objectstorage.py took 0.825 seconds
[2025-01-28T10:16:44.618+0000] {processor.py:186} INFO - Started process (PID=15138) to work on /mnt/c/Users/Admin/Desktop/ud_data/Dataslush_umang/airflow/airflow_venv/lib/python3.12/site-packages/airflow/example_dags/tutorial_objectstorage.py
[2025-01-28T10:16:44.623+0000] {processor.py:914} INFO - Processing file /mnt/c/Users/Admin/Desktop/ud_data/Dataslush_umang/airflow/airflow_venv/lib/python3.12/site-packages/airflow/example_dags/tutorial_objectstorage.py for tasks to queue
[2025-01-28T10:16:44.629+0000] {logging_mixin.py:190} INFO - [2025-01-28T10:16:44.626+0000] {dagbag.py:588} INFO - Filling up the DagBag from /mnt/c/Users/Admin/Desktop/ud_data/Dataslush_umang/airflow/airflow_venv/lib/python3.12/site-packages/airflow/example_dags/tutorial_objectstorage.py
[2025-01-28T10:16:44.721+0000] {processor.py:925} INFO - DAG(s) 'tutorial_objectstorage' retrieved from /mnt/c/Users/Admin/Desktop/ud_data/Dataslush_umang/airflow/airflow_venv/lib/python3.12/site-packages/airflow/example_dags/tutorial_objectstorage.py
[2025-01-28T10:16:44.747+0000] {logging_mixin.py:190} INFO - [2025-01-28T10:16:44.744+0000] {dag.py:3239} INFO - Sync 1 DAGs
[2025-01-28T10:16:44.763+0000] {logging_mixin.py:190} INFO - [2025-01-28T10:16:44.761+0000] {dag.py:4180} INFO - Setting next_dagrun for tutorial_objectstorage to None, run_after=None
[2025-01-28T10:16:44.953+0000] {processor.py:208} INFO - Processing /mnt/c/Users/Admin/Desktop/ud_data/Dataslush_umang/airflow/airflow_venv/lib/python3.12/site-packages/airflow/example_dags/tutorial_objectstorage.py took 0.358 seconds
[2025-01-28T10:18:13.561+0000] {processor.py:186} INFO - Started process (PID=15231) to work on /mnt/c/Users/Admin/Desktop/ud_data/Dataslush_umang/airflow/airflow_venv/lib/python3.12/site-packages/airflow/example_dags/tutorial_objectstorage.py
[2025-01-28T10:18:13.611+0000] {processor.py:914} INFO - Processing file /mnt/c/Users/Admin/Desktop/ud_data/Dataslush_umang/airflow/airflow_venv/lib/python3.12/site-packages/airflow/example_dags/tutorial_objectstorage.py for tasks to queue
[2025-01-28T10:18:13.624+0000] {logging_mixin.py:190} INFO - [2025-01-28T10:18:13.620+0000] {dagbag.py:588} INFO - Filling up the DagBag from /mnt/c/Users/Admin/Desktop/ud_data/Dataslush_umang/airflow/airflow_venv/lib/python3.12/site-packages/airflow/example_dags/tutorial_objectstorage.py
[2025-01-28T10:17:43.869+0000] {processor.py:925} INFO - DAG(s) 'tutorial_objectstorage' retrieved from /mnt/c/Users/Admin/Desktop/ud_data/Dataslush_umang/airflow/airflow_venv/lib/python3.12/site-packages/airflow/example_dags/tutorial_objectstorage.py
[2025-01-28T10:17:43.951+0000] {logging_mixin.py:190} INFO - [2025-01-28T10:17:43.948+0000] {dag.py:3239} INFO - Sync 1 DAGs
[2025-01-28T10:17:43.986+0000] {logging_mixin.py:190} INFO - [2025-01-28T10:17:43.983+0000] {dag.py:4180} INFO - Setting next_dagrun for tutorial_objectstorage to None, run_after=None
[2025-01-28T10:17:44.872+0000] {processor.py:208} INFO - Processing /mnt/c/Users/Admin/Desktop/ud_data/Dataslush_umang/airflow/airflow_venv/lib/python3.12/site-packages/airflow/example_dags/tutorial_objectstorage.py took 1.443 seconds
[2025-01-28T10:18:55.595+0000] {processor.py:186} INFO - Started process (PID=15373) to work on /mnt/c/Users/Admin/Desktop/ud_data/Dataslush_umang/airflow/airflow_venv/lib/python3.12/site-packages/airflow/example_dags/tutorial_objectstorage.py
[2025-01-28T10:18:55.599+0000] {processor.py:914} INFO - Processing file /mnt/c/Users/Admin/Desktop/ud_data/Dataslush_umang/airflow/airflow_venv/lib/python3.12/site-packages/airflow/example_dags/tutorial_objectstorage.py for tasks to queue
[2025-01-28T10:18:55.607+0000] {logging_mixin.py:190} INFO - [2025-01-28T10:18:55.606+0000] {dagbag.py:588} INFO - Filling up the DagBag from /mnt/c/Users/Admin/Desktop/ud_data/Dataslush_umang/airflow/airflow_venv/lib/python3.12/site-packages/airflow/example_dags/tutorial_objectstorage.py
[2025-01-28T10:18:55.707+0000] {processor.py:925} INFO - DAG(s) 'tutorial_objectstorage' retrieved from /mnt/c/Users/Admin/Desktop/ud_data/Dataslush_umang/airflow/airflow_venv/lib/python3.12/site-packages/airflow/example_dags/tutorial_objectstorage.py
[2025-01-28T10:18:55.735+0000] {logging_mixin.py:190} INFO - [2025-01-28T10:18:55.734+0000] {dag.py:3239} INFO - Sync 1 DAGs
[2025-01-28T10:18:55.753+0000] {logging_mixin.py:190} INFO - [2025-01-28T10:18:55.751+0000] {dag.py:4180} INFO - Setting next_dagrun for tutorial_objectstorage to None, run_after=None
[2025-01-28T10:18:55.808+0000] {processor.py:208} INFO - Processing /mnt/c/Users/Admin/Desktop/ud_data/Dataslush_umang/airflow/airflow_venv/lib/python3.12/site-packages/airflow/example_dags/tutorial_objectstorage.py took 0.244 seconds
[2025-01-28T10:20:13.063+0000] {processor.py:186} INFO - Started process (PID=15466) to work on /mnt/c/Users/Admin/Desktop/ud_data/Dataslush_umang/airflow/airflow_venv/lib/python3.12/site-packages/airflow/example_dags/tutorial_objectstorage.py
[2025-01-28T10:20:13.065+0000] {processor.py:914} INFO - Processing file /mnt/c/Users/Admin/Desktop/ud_data/Dataslush_umang/airflow/airflow_venv/lib/python3.12/site-packages/airflow/example_dags/tutorial_objectstorage.py for tasks to queue
[2025-01-28T10:20:13.071+0000] {logging_mixin.py:190} INFO - [2025-01-28T10:20:13.069+0000] {dagbag.py:588} INFO - Filling up the DagBag from /mnt/c/Users/Admin/Desktop/ud_data/Dataslush_umang/airflow/airflow_venv/lib/python3.12/site-packages/airflow/example_dags/tutorial_objectstorage.py
[2025-01-28T10:20:13.178+0000] {processor.py:925} INFO - DAG(s) 'tutorial_objectstorage' retrieved from /mnt/c/Users/Admin/Desktop/ud_data/Dataslush_umang/airflow/airflow_venv/lib/python3.12/site-packages/airflow/example_dags/tutorial_objectstorage.py
[2025-01-28T10:20:13.211+0000] {logging_mixin.py:190} INFO - [2025-01-28T10:20:13.210+0000] {dag.py:3239} INFO - Sync 1 DAGs
[2025-01-28T10:20:13.232+0000] {logging_mixin.py:190} INFO - [2025-01-28T10:20:13.230+0000] {dag.py:4180} INFO - Setting next_dagrun for tutorial_objectstorage to None, run_after=None
[2025-01-28T10:20:13.421+0000] {processor.py:208} INFO - Processing /mnt/c/Users/Admin/Desktop/ud_data/Dataslush_umang/airflow/airflow_venv/lib/python3.12/site-packages/airflow/example_dags/tutorial_objectstorage.py took 0.379 seconds
[2025-01-28T10:21:42.606+0000] {processor.py:186} INFO - Started process (PID=15610) to work on /mnt/c/Users/Admin/Desktop/ud_data/Dataslush_umang/airflow/airflow_venv/lib/python3.12/site-packages/airflow/example_dags/tutorial_objectstorage.py
[2025-01-28T10:21:42.610+0000] {processor.py:914} INFO - Processing file /mnt/c/Users/Admin/Desktop/ud_data/Dataslush_umang/airflow/airflow_venv/lib/python3.12/site-packages/airflow/example_dags/tutorial_objectstorage.py for tasks to queue
[2025-01-28T10:21:42.617+0000] {logging_mixin.py:190} INFO - [2025-01-28T10:21:42.615+0000] {dagbag.py:588} INFO - Filling up the DagBag from /mnt/c/Users/Admin/Desktop/ud_data/Dataslush_umang/airflow/airflow_venv/lib/python3.12/site-packages/airflow/example_dags/tutorial_objectstorage.py
[2025-01-28T10:21:42.760+0000] {processor.py:925} INFO - DAG(s) 'tutorial_objectstorage' retrieved from /mnt/c/Users/Admin/Desktop/ud_data/Dataslush_umang/airflow/airflow_venv/lib/python3.12/site-packages/airflow/example_dags/tutorial_objectstorage.py
[2025-01-28T10:21:42.795+0000] {logging_mixin.py:190} INFO - [2025-01-28T10:21:42.793+0000] {dag.py:3239} INFO - Sync 1 DAGs
[2025-01-28T10:21:42.831+0000] {logging_mixin.py:190} INFO - [2025-01-28T10:21:42.830+0000] {dag.py:4180} INFO - Setting next_dagrun for tutorial_objectstorage to None, run_after=None
[2025-01-28T10:21:42.887+0000] {processor.py:208} INFO - Processing /mnt/c/Users/Admin/Desktop/ud_data/Dataslush_umang/airflow/airflow_venv/lib/python3.12/site-packages/airflow/example_dags/tutorial_objectstorage.py took 0.315 seconds
[2025-01-28T10:23:24.648+0000] {processor.py:186} INFO - Started process (PID=15796) to work on /mnt/c/Users/Admin/Desktop/ud_data/Dataslush_umang/airflow/airflow_venv/lib/python3.12/site-packages/airflow/example_dags/tutorial_objectstorage.py
[2025-01-28T10:23:24.987+0000] {processor.py:914} INFO - Processing file /mnt/c/Users/Admin/Desktop/ud_data/Dataslush_umang/airflow/airflow_venv/lib/python3.12/site-packages/airflow/example_dags/tutorial_objectstorage.py for tasks to queue
[2025-01-28T10:23:24.994+0000] {logging_mixin.py:190} INFO - [2025-01-28T10:23:24.992+0000] {dagbag.py:588} INFO - Filling up the DagBag from /mnt/c/Users/Admin/Desktop/ud_data/Dataslush_umang/airflow/airflow_venv/lib/python3.12/site-packages/airflow/example_dags/tutorial_objectstorage.py
[2025-01-28T10:23:25.110+0000] {processor.py:925} INFO - DAG(s) 'tutorial_objectstorage' retrieved from /mnt/c/Users/Admin/Desktop/ud_data/Dataslush_umang/airflow/airflow_venv/lib/python3.12/site-packages/airflow/example_dags/tutorial_objectstorage.py
[2025-01-28T10:23:25.260+0000] {logging_mixin.py:190} INFO - [2025-01-28T10:23:25.258+0000] {dag.py:3239} INFO - Sync 1 DAGs
[2025-01-28T10:23:25.277+0000] {logging_mixin.py:190} INFO - [2025-01-28T10:23:25.275+0000] {dag.py:4180} INFO - Setting next_dagrun for tutorial_objectstorage to None, run_after=None
[2025-01-28T10:23:25.547+0000] {processor.py:208} INFO - Processing /mnt/c/Users/Admin/Desktop/ud_data/Dataslush_umang/airflow/airflow_venv/lib/python3.12/site-packages/airflow/example_dags/tutorial_objectstorage.py took 0.923 seconds
[2025-01-28T10:25:04.604+0000] {processor.py:186} INFO - Started process (PID=15995) to work on /mnt/c/Users/Admin/Desktop/ud_data/Dataslush_umang/airflow/airflow_venv/lib/python3.12/site-packages/airflow/example_dags/tutorial_objectstorage.py
[2025-01-28T10:25:04.847+0000] {processor.py:914} INFO - Processing file /mnt/c/Users/Admin/Desktop/ud_data/Dataslush_umang/airflow/airflow_venv/lib/python3.12/site-packages/airflow/example_dags/tutorial_objectstorage.py for tasks to queue
[2025-01-28T10:25:04.862+0000] {logging_mixin.py:190} INFO - [2025-01-28T10:25:04.857+0000] {dagbag.py:588} INFO - Filling up the DagBag from /mnt/c/Users/Admin/Desktop/ud_data/Dataslush_umang/airflow/airflow_venv/lib/python3.12/site-packages/airflow/example_dags/tutorial_objectstorage.py
[2025-01-28T10:25:05.225+0000] {processor.py:925} INFO - DAG(s) 'tutorial_objectstorage' retrieved from /mnt/c/Users/Admin/Desktop/ud_data/Dataslush_umang/airflow/airflow_venv/lib/python3.12/site-packages/airflow/example_dags/tutorial_objectstorage.py
[2025-01-28T10:25:05.294+0000] {logging_mixin.py:190} INFO - [2025-01-28T10:25:05.291+0000] {dag.py:3239} INFO - Sync 1 DAGs
[2025-01-28T10:25:05.327+0000] {logging_mixin.py:190} INFO - [2025-01-28T10:25:05.325+0000] {dag.py:4180} INFO - Setting next_dagrun for tutorial_objectstorage to None, run_after=None
[2025-01-28T10:25:05.964+0000] {processor.py:208} INFO - Processing /mnt/c/Users/Admin/Desktop/ud_data/Dataslush_umang/airflow/airflow_venv/lib/python3.12/site-packages/airflow/example_dags/tutorial_objectstorage.py took 1.395 seconds
[2025-01-28T10:26:22.881+0000] {processor.py:186} INFO - Started process (PID=16168) to work on /mnt/c/Users/Admin/Desktop/ud_data/Dataslush_umang/airflow/airflow_venv/lib/python3.12/site-packages/airflow/example_dags/tutorial_objectstorage.py
[2025-01-28T10:26:22.884+0000] {processor.py:914} INFO - Processing file /mnt/c/Users/Admin/Desktop/ud_data/Dataslush_umang/airflow/airflow_venv/lib/python3.12/site-packages/airflow/example_dags/tutorial_objectstorage.py for tasks to queue
[2025-01-28T10:26:22.890+0000] {logging_mixin.py:190} INFO - [2025-01-28T10:26:22.888+0000] {dagbag.py:588} INFO - Filling up the DagBag from /mnt/c/Users/Admin/Desktop/ud_data/Dataslush_umang/airflow/airflow_venv/lib/python3.12/site-packages/airflow/example_dags/tutorial_objectstorage.py
[2025-01-28T10:26:23.013+0000] {processor.py:925} INFO - DAG(s) 'tutorial_objectstorage' retrieved from /mnt/c/Users/Admin/Desktop/ud_data/Dataslush_umang/airflow/airflow_venv/lib/python3.12/site-packages/airflow/example_dags/tutorial_objectstorage.py
[2025-01-28T10:26:23.042+0000] {logging_mixin.py:190} INFO - [2025-01-28T10:26:23.041+0000] {dag.py:3239} INFO - Sync 1 DAGs
[2025-01-28T10:26:23.073+0000] {logging_mixin.py:190} INFO - [2025-01-28T10:26:23.071+0000] {dag.py:4180} INFO - Setting next_dagrun for tutorial_objectstorage to None, run_after=None
[2025-01-28T10:26:23.188+0000] {processor.py:208} INFO - Processing /mnt/c/Users/Admin/Desktop/ud_data/Dataslush_umang/airflow/airflow_venv/lib/python3.12/site-packages/airflow/example_dags/tutorial_objectstorage.py took 0.333 seconds
[2025-01-28T10:27:47.392+0000] {processor.py:186} INFO - Started process (PID=16273) to work on /mnt/c/Users/Admin/Desktop/ud_data/Dataslush_umang/airflow/airflow_venv/lib/python3.12/site-packages/airflow/example_dags/tutorial_objectstorage.py
[2025-01-28T10:27:48.718+0000] {processor.py:914} INFO - Processing file /mnt/c/Users/Admin/Desktop/ud_data/Dataslush_umang/airflow/airflow_venv/lib/python3.12/site-packages/airflow/example_dags/tutorial_objectstorage.py for tasks to queue
[2025-01-28T10:27:48.906+0000] {logging_mixin.py:190} INFO - [2025-01-28T10:27:48.900+0000] {dagbag.py:588} INFO - Filling up the DagBag from /mnt/c/Users/Admin/Desktop/ud_data/Dataslush_umang/airflow/airflow_venv/lib/python3.12/site-packages/airflow/example_dags/tutorial_objectstorage.py
[2025-01-28T10:27:49.263+0000] {processor.py:925} INFO - DAG(s) 'tutorial_objectstorage' retrieved from /mnt/c/Users/Admin/Desktop/ud_data/Dataslush_umang/airflow/airflow_venv/lib/python3.12/site-packages/airflow/example_dags/tutorial_objectstorage.py
[2025-01-28T10:27:49.322+0000] {logging_mixin.py:190} INFO - [2025-01-28T10:27:49.320+0000] {dag.py:3239} INFO - Sync 1 DAGs
[2025-01-28T10:27:49.341+0000] {logging_mixin.py:190} INFO - [2025-01-28T10:27:49.339+0000] {dag.py:4180} INFO - Setting next_dagrun for tutorial_objectstorage to None, run_after=None
[2025-01-28T10:28:19.628+0000] {processor.py:208} INFO - Processing /mnt/c/Users/Admin/Desktop/ud_data/Dataslush_umang/airflow/airflow_venv/lib/python3.12/site-packages/airflow/example_dags/tutorial_objectstorage.py took 2.188 seconds
[2025-01-28T10:29:11.823+0000] {processor.py:186} INFO - Started process (PID=16351) to work on /mnt/c/Users/Admin/Desktop/ud_data/Dataslush_umang/airflow/airflow_venv/lib/python3.12/site-packages/airflow/example_dags/tutorial_objectstorage.py
[2025-01-28T10:29:12.234+0000] {processor.py:914} INFO - Processing file /mnt/c/Users/Admin/Desktop/ud_data/Dataslush_umang/airflow/airflow_venv/lib/python3.12/site-packages/airflow/example_dags/tutorial_objectstorage.py for tasks to queue
[2025-01-28T10:29:12.251+0000] {logging_mixin.py:190} INFO - [2025-01-28T10:29:12.245+0000] {dagbag.py:588} INFO - Filling up the DagBag from /mnt/c/Users/Admin/Desktop/ud_data/Dataslush_umang/airflow/airflow_venv/lib/python3.12/site-packages/airflow/example_dags/tutorial_objectstorage.py
[2025-01-28T10:29:12.601+0000] {processor.py:925} INFO - DAG(s) 'tutorial_objectstorage' retrieved from /mnt/c/Users/Admin/Desktop/ud_data/Dataslush_umang/airflow/airflow_venv/lib/python3.12/site-packages/airflow/example_dags/tutorial_objectstorage.py
[2025-01-28T10:29:12.661+0000] {logging_mixin.py:190} INFO - [2025-01-28T10:29:12.658+0000] {dag.py:3239} INFO - Sync 1 DAGs
[2025-01-28T10:29:12.693+0000] {logging_mixin.py:190} INFO - [2025-01-28T10:29:12.690+0000] {dag.py:4180} INFO - Setting next_dagrun for tutorial_objectstorage to None, run_after=None
[2025-01-28T10:29:13.793+0000] {processor.py:208} INFO - Processing /mnt/c/Users/Admin/Desktop/ud_data/Dataslush_umang/airflow/airflow_venv/lib/python3.12/site-packages/airflow/example_dags/tutorial_objectstorage.py took 2.039 seconds
[2025-01-28T10:30:35.642+0000] {processor.py:186} INFO - Started process (PID=16446) to work on /mnt/c/Users/Admin/Desktop/ud_data/Dataslush_umang/airflow/airflow_venv/lib/python3.12/site-packages/airflow/example_dags/tutorial_objectstorage.py
[2025-01-28T10:30:36.085+0000] {processor.py:914} INFO - Processing file /mnt/c/Users/Admin/Desktop/ud_data/Dataslush_umang/airflow/airflow_venv/lib/python3.12/site-packages/airflow/example_dags/tutorial_objectstorage.py for tasks to queue
[2025-01-28T10:30:36.095+0000] {logging_mixin.py:190} INFO - [2025-01-28T10:30:36.092+0000] {dagbag.py:588} INFO - Filling up the DagBag from /mnt/c/Users/Admin/Desktop/ud_data/Dataslush_umang/airflow/airflow_venv/lib/python3.12/site-packages/airflow/example_dags/tutorial_objectstorage.py
[2025-01-28T10:30:36.216+0000] {processor.py:925} INFO - DAG(s) 'tutorial_objectstorage' retrieved from /mnt/c/Users/Admin/Desktop/ud_data/Dataslush_umang/airflow/airflow_venv/lib/python3.12/site-packages/airflow/example_dags/tutorial_objectstorage.py
[2025-01-28T10:30:36.243+0000] {logging_mixin.py:190} INFO - [2025-01-28T10:30:36.241+0000] {dag.py:3239} INFO - Sync 1 DAGs
[2025-01-28T10:30:36.259+0000] {logging_mixin.py:190} INFO - [2025-01-28T10:30:36.258+0000] {dag.py:4180} INFO - Setting next_dagrun for tutorial_objectstorage to None, run_after=None
[2025-01-28T10:30:37.312+0000] {processor.py:208} INFO - Processing /mnt/c/Users/Admin/Desktop/ud_data/Dataslush_umang/airflow/airflow_venv/lib/python3.12/site-packages/airflow/example_dags/tutorial_objectstorage.py took 1.734 seconds
[2025-01-28T10:31:34.329+0000] {processor.py:186} INFO - Started process (PID=16588) to work on /mnt/c/Users/Admin/Desktop/ud_data/Dataslush_umang/airflow/airflow_venv/lib/python3.12/site-packages/airflow/example_dags/tutorial_objectstorage.py
[2025-01-28T10:31:34.530+0000] {processor.py:914} INFO - Processing file /mnt/c/Users/Admin/Desktop/ud_data/Dataslush_umang/airflow/airflow_venv/lib/python3.12/site-packages/airflow/example_dags/tutorial_objectstorage.py for tasks to queue
[2025-01-28T10:31:34.545+0000] {logging_mixin.py:190} INFO - [2025-01-28T10:31:34.540+0000] {dagbag.py:588} INFO - Filling up the DagBag from /mnt/c/Users/Admin/Desktop/ud_data/Dataslush_umang/airflow/airflow_venv/lib/python3.12/site-packages/airflow/example_dags/tutorial_objectstorage.py
[2025-01-28T10:31:34.692+0000] {processor.py:925} INFO - DAG(s) 'tutorial_objectstorage' retrieved from /mnt/c/Users/Admin/Desktop/ud_data/Dataslush_umang/airflow/airflow_venv/lib/python3.12/site-packages/airflow/example_dags/tutorial_objectstorage.py
[2025-01-28T10:31:34.727+0000] {logging_mixin.py:190} INFO - [2025-01-28T10:31:34.725+0000] {dag.py:3239} INFO - Sync 1 DAGs
[2025-01-28T10:31:34.747+0000] {logging_mixin.py:190} INFO - [2025-01-28T10:31:34.745+0000] {dag.py:4180} INFO - Setting next_dagrun for tutorial_objectstorage to None, run_after=None
[2025-01-28T10:31:34.805+0000] {processor.py:208} INFO - Processing /mnt/c/Users/Admin/Desktop/ud_data/Dataslush_umang/airflow/airflow_venv/lib/python3.12/site-packages/airflow/example_dags/tutorial_objectstorage.py took 0.544 seconds
[2025-01-28T10:32:51.493+0000] {processor.py:186} INFO - Started process (PID=16666) to work on /mnt/c/Users/Admin/Desktop/ud_data/Dataslush_umang/airflow/airflow_venv/lib/python3.12/site-packages/airflow/example_dags/tutorial_objectstorage.py
[2025-01-28T10:32:51.501+0000] {processor.py:914} INFO - Processing file /mnt/c/Users/Admin/Desktop/ud_data/Dataslush_umang/airflow/airflow_venv/lib/python3.12/site-packages/airflow/example_dags/tutorial_objectstorage.py for tasks to queue
[2025-01-28T10:32:51.512+0000] {logging_mixin.py:190} INFO - [2025-01-28T10:32:51.509+0000] {dagbag.py:588} INFO - Filling up the DagBag from /mnt/c/Users/Admin/Desktop/ud_data/Dataslush_umang/airflow/airflow_venv/lib/python3.12/site-packages/airflow/example_dags/tutorial_objectstorage.py
[2025-01-28T10:32:51.739+0000] {processor.py:925} INFO - DAG(s) 'tutorial_objectstorage' retrieved from /mnt/c/Users/Admin/Desktop/ud_data/Dataslush_umang/airflow/airflow_venv/lib/python3.12/site-packages/airflow/example_dags/tutorial_objectstorage.py
[2025-01-28T10:32:51.813+0000] {logging_mixin.py:190} INFO - [2025-01-28T10:32:51.809+0000] {dag.py:3239} INFO - Sync 1 DAGs
[2025-01-28T10:32:51.865+0000] {logging_mixin.py:190} INFO - [2025-01-28T10:32:51.863+0000] {dag.py:4180} INFO - Setting next_dagrun for tutorial_objectstorage to None, run_after=None
[2025-01-28T10:32:51.916+0000] {processor.py:208} INFO - Processing /mnt/c/Users/Admin/Desktop/ud_data/Dataslush_umang/airflow/airflow_venv/lib/python3.12/site-packages/airflow/example_dags/tutorial_objectstorage.py took 0.472 seconds
[2025-01-28T10:34:00.968+0000] {processor.py:186} INFO - Started process (PID=16799) to work on /mnt/c/Users/Admin/Desktop/ud_data/Dataslush_umang/airflow/airflow_venv/lib/python3.12/site-packages/airflow/example_dags/tutorial_objectstorage.py
[2025-01-28T10:34:00.973+0000] {processor.py:914} INFO - Processing file /mnt/c/Users/Admin/Desktop/ud_data/Dataslush_umang/airflow/airflow_venv/lib/python3.12/site-packages/airflow/example_dags/tutorial_objectstorage.py for tasks to queue
[2025-01-28T10:34:00.983+0000] {logging_mixin.py:190} INFO - [2025-01-28T10:34:00.980+0000] {dagbag.py:588} INFO - Filling up the DagBag from /mnt/c/Users/Admin/Desktop/ud_data/Dataslush_umang/airflow/airflow_venv/lib/python3.12/site-packages/airflow/example_dags/tutorial_objectstorage.py
[2025-01-28T10:34:01.097+0000] {processor.py:925} INFO - DAG(s) 'tutorial_objectstorage' retrieved from /mnt/c/Users/Admin/Desktop/ud_data/Dataslush_umang/airflow/airflow_venv/lib/python3.12/site-packages/airflow/example_dags/tutorial_objectstorage.py
[2025-01-28T10:34:01.122+0000] {logging_mixin.py:190} INFO - [2025-01-28T10:34:01.120+0000] {dag.py:3239} INFO - Sync 1 DAGs
[2025-01-28T10:34:01.139+0000] {logging_mixin.py:190} INFO - [2025-01-28T10:34:01.137+0000] {dag.py:4180} INFO - Setting next_dagrun for tutorial_objectstorage to None, run_after=None
[2025-01-28T10:34:01.176+0000] {processor.py:208} INFO - Processing /mnt/c/Users/Admin/Desktop/ud_data/Dataslush_umang/airflow/airflow_venv/lib/python3.12/site-packages/airflow/example_dags/tutorial_objectstorage.py took 0.255 seconds
[2025-01-28T10:35:25.840+0000] {processor.py:186} INFO - Started process (PID=16929) to work on /mnt/c/Users/Admin/Desktop/ud_data/Dataslush_umang/airflow/airflow_venv/lib/python3.12/site-packages/airflow/example_dags/tutorial_objectstorage.py
[2025-01-28T10:35:26.214+0000] {processor.py:914} INFO - Processing file /mnt/c/Users/Admin/Desktop/ud_data/Dataslush_umang/airflow/airflow_venv/lib/python3.12/site-packages/airflow/example_dags/tutorial_objectstorage.py for tasks to queue
[2025-01-28T10:35:26.227+0000] {logging_mixin.py:190} INFO - [2025-01-28T10:35:26.223+0000] {dagbag.py:588} INFO - Filling up the DagBag from /mnt/c/Users/Admin/Desktop/ud_data/Dataslush_umang/airflow/airflow_venv/lib/python3.12/site-packages/airflow/example_dags/tutorial_objectstorage.py
[2025-01-28T10:35:26.385+0000] {processor.py:925} INFO - DAG(s) 'tutorial_objectstorage' retrieved from /mnt/c/Users/Admin/Desktop/ud_data/Dataslush_umang/airflow/airflow_venv/lib/python3.12/site-packages/airflow/example_dags/tutorial_objectstorage.py
[2025-01-28T10:35:26.410+0000] {logging_mixin.py:190} INFO - [2025-01-28T10:35:26.408+0000] {dag.py:3239} INFO - Sync 1 DAGs
[2025-01-28T10:35:26.427+0000] {logging_mixin.py:190} INFO - [2025-01-28T10:35:26.426+0000] {dag.py:4180} INFO - Setting next_dagrun for tutorial_objectstorage to None, run_after=None
[2025-01-28T10:35:28.097+0000] {processor.py:208} INFO - Processing /mnt/c/Users/Admin/Desktop/ud_data/Dataslush_umang/airflow/airflow_venv/lib/python3.12/site-packages/airflow/example_dags/tutorial_objectstorage.py took 2.306 seconds
[2025-01-28T10:36:49.422+0000] {processor.py:186} INFO - Started process (PID=17050) to work on /mnt/c/Users/Admin/Desktop/ud_data/Dataslush_umang/airflow/airflow_venv/lib/python3.12/site-packages/airflow/example_dags/tutorial_objectstorage.py
[2025-01-28T10:36:49.752+0000] {processor.py:914} INFO - Processing file /mnt/c/Users/Admin/Desktop/ud_data/Dataslush_umang/airflow/airflow_venv/lib/python3.12/site-packages/airflow/example_dags/tutorial_objectstorage.py for tasks to queue
[2025-01-28T10:36:49.770+0000] {logging_mixin.py:190} INFO - [2025-01-28T10:36:49.764+0000] {dagbag.py:588} INFO - Filling up the DagBag from /mnt/c/Users/Admin/Desktop/ud_data/Dataslush_umang/airflow/airflow_venv/lib/python3.12/site-packages/airflow/example_dags/tutorial_objectstorage.py
[2025-01-28T10:36:50.037+0000] {processor.py:925} INFO - DAG(s) 'tutorial_objectstorage' retrieved from /mnt/c/Users/Admin/Desktop/ud_data/Dataslush_umang/airflow/airflow_venv/lib/python3.12/site-packages/airflow/example_dags/tutorial_objectstorage.py
[2025-01-28T10:36:50.067+0000] {logging_mixin.py:190} INFO - [2025-01-28T10:36:50.065+0000] {dag.py:3239} INFO - Sync 1 DAGs
[2025-01-28T10:36:50.085+0000] {logging_mixin.py:190} INFO - [2025-01-28T10:36:50.084+0000] {dag.py:4180} INFO - Setting next_dagrun for tutorial_objectstorage to None, run_after=None
[2025-01-28T10:36:50.128+0000] {processor.py:208} INFO - Processing /mnt/c/Users/Admin/Desktop/ud_data/Dataslush_umang/airflow/airflow_venv/lib/python3.12/site-packages/airflow/example_dags/tutorial_objectstorage.py took 0.731 seconds
[2025-01-28T10:38:19.167+0000] {processor.py:186} INFO - Started process (PID=17150) to work on /mnt/c/Users/Admin/Desktop/ud_data/Dataslush_umang/airflow/airflow_venv/lib/python3.12/site-packages/airflow/example_dags/tutorial_objectstorage.py
[2025-01-28T10:38:19.175+0000] {processor.py:914} INFO - Processing file /mnt/c/Users/Admin/Desktop/ud_data/Dataslush_umang/airflow/airflow_venv/lib/python3.12/site-packages/airflow/example_dags/tutorial_objectstorage.py for tasks to queue
[2025-01-28T10:38:19.183+0000] {logging_mixin.py:190} INFO - [2025-01-28T10:38:19.180+0000] {dagbag.py:588} INFO - Filling up the DagBag from /mnt/c/Users/Admin/Desktop/ud_data/Dataslush_umang/airflow/airflow_venv/lib/python3.12/site-packages/airflow/example_dags/tutorial_objectstorage.py
[2025-01-28T10:38:19.378+0000] {processor.py:925} INFO - DAG(s) 'tutorial_objectstorage' retrieved from /mnt/c/Users/Admin/Desktop/ud_data/Dataslush_umang/airflow/airflow_venv/lib/python3.12/site-packages/airflow/example_dags/tutorial_objectstorage.py
[2025-01-28T10:38:19.414+0000] {logging_mixin.py:190} INFO - [2025-01-28T10:38:19.411+0000] {dag.py:3239} INFO - Sync 1 DAGs
[2025-01-28T10:38:19.432+0000] {logging_mixin.py:190} INFO - [2025-01-28T10:38:19.430+0000] {dag.py:4180} INFO - Setting next_dagrun for tutorial_objectstorage to None, run_after=None
[2025-01-28T10:38:19.630+0000] {processor.py:208} INFO - Processing /mnt/c/Users/Admin/Desktop/ud_data/Dataslush_umang/airflow/airflow_venv/lib/python3.12/site-packages/airflow/example_dags/tutorial_objectstorage.py took 0.529 seconds
[2025-01-28T10:40:08.163+0000] {processor.py:186} INFO - Started process (PID=17322) to work on /mnt/c/Users/Admin/Desktop/ud_data/Dataslush_umang/airflow/airflow_venv/lib/python3.12/site-packages/airflow/example_dags/tutorial_objectstorage.py
[2025-01-28T10:40:08.167+0000] {processor.py:914} INFO - Processing file /mnt/c/Users/Admin/Desktop/ud_data/Dataslush_umang/airflow/airflow_venv/lib/python3.12/site-packages/airflow/example_dags/tutorial_objectstorage.py for tasks to queue
[2025-01-28T10:40:08.177+0000] {logging_mixin.py:190} INFO - [2025-01-28T10:40:08.174+0000] {dagbag.py:588} INFO - Filling up the DagBag from /mnt/c/Users/Admin/Desktop/ud_data/Dataslush_umang/airflow/airflow_venv/lib/python3.12/site-packages/airflow/example_dags/tutorial_objectstorage.py
[2025-01-28T10:40:08.323+0000] {processor.py:925} INFO - DAG(s) 'tutorial_objectstorage' retrieved from /mnt/c/Users/Admin/Desktop/ud_data/Dataslush_umang/airflow/airflow_venv/lib/python3.12/site-packages/airflow/example_dags/tutorial_objectstorage.py
[2025-01-28T10:40:08.365+0000] {logging_mixin.py:190} INFO - [2025-01-28T10:40:08.363+0000] {dag.py:3239} INFO - Sync 1 DAGs
[2025-01-28T10:40:08.398+0000] {logging_mixin.py:190} INFO - [2025-01-28T10:40:08.397+0000] {dag.py:4180} INFO - Setting next_dagrun for tutorial_objectstorage to None, run_after=None
[2025-01-28T10:40:08.444+0000] {processor.py:208} INFO - Processing /mnt/c/Users/Admin/Desktop/ud_data/Dataslush_umang/airflow/airflow_venv/lib/python3.12/site-packages/airflow/example_dags/tutorial_objectstorage.py took 0.314 seconds
[2025-01-28T10:41:00.809+0000] {processor.py:186} INFO - Started process (PID=17388) to work on /mnt/c/Users/Admin/Desktop/ud_data/Dataslush_umang/airflow/airflow_venv/lib/python3.12/site-packages/airflow/example_dags/tutorial_objectstorage.py
[2025-01-28T10:41:00.812+0000] {processor.py:914} INFO - Processing file /mnt/c/Users/Admin/Desktop/ud_data/Dataslush_umang/airflow/airflow_venv/lib/python3.12/site-packages/airflow/example_dags/tutorial_objectstorage.py for tasks to queue
[2025-01-28T10:41:00.817+0000] {logging_mixin.py:190} INFO - [2025-01-28T10:41:00.815+0000] {dagbag.py:588} INFO - Filling up the DagBag from /mnt/c/Users/Admin/Desktop/ud_data/Dataslush_umang/airflow/airflow_venv/lib/python3.12/site-packages/airflow/example_dags/tutorial_objectstorage.py
[2025-01-28T10:41:31.011+0000] {processor.py:925} INFO - DAG(s) 'tutorial_objectstorage' retrieved from /mnt/c/Users/Admin/Desktop/ud_data/Dataslush_umang/airflow/airflow_venv/lib/python3.12/site-packages/airflow/example_dags/tutorial_objectstorage.py
[2025-01-28T10:41:31.036+0000] {logging_mixin.py:190} INFO - [2025-01-28T10:41:31.034+0000] {dag.py:3239} INFO - Sync 1 DAGs
[2025-01-28T10:41:31.053+0000] {logging_mixin.py:190} INFO - [2025-01-28T10:41:31.051+0000] {dag.py:4180} INFO - Setting next_dagrun for tutorial_objectstorage to None, run_after=None
[2025-01-28T10:41:31.100+0000] {processor.py:208} INFO - Processing /mnt/c/Users/Admin/Desktop/ud_data/Dataslush_umang/airflow/airflow_venv/lib/python3.12/site-packages/airflow/example_dags/tutorial_objectstorage.py took 0.212 seconds
[2025-01-28T10:42:40.712+0000] {processor.py:186} INFO - Started process (PID=17617) to work on /mnt/c/Users/Admin/Desktop/ud_data/Dataslush_umang/airflow/airflow_venv/lib/python3.12/site-packages/airflow/example_dags/tutorial_objectstorage.py
[2025-01-28T10:42:40.718+0000] {processor.py:914} INFO - Processing file /mnt/c/Users/Admin/Desktop/ud_data/Dataslush_umang/airflow/airflow_venv/lib/python3.12/site-packages/airflow/example_dags/tutorial_objectstorage.py for tasks to queue
[2025-01-28T10:42:40.724+0000] {logging_mixin.py:190} INFO - [2025-01-28T10:42:40.722+0000] {dagbag.py:588} INFO - Filling up the DagBag from /mnt/c/Users/Admin/Desktop/ud_data/Dataslush_umang/airflow/airflow_venv/lib/python3.12/site-packages/airflow/example_dags/tutorial_objectstorage.py
[2025-01-28T10:42:40.829+0000] {processor.py:925} INFO - DAG(s) 'tutorial_objectstorage' retrieved from /mnt/c/Users/Admin/Desktop/ud_data/Dataslush_umang/airflow/airflow_venv/lib/python3.12/site-packages/airflow/example_dags/tutorial_objectstorage.py
[2025-01-28T10:42:40.854+0000] {logging_mixin.py:190} INFO - [2025-01-28T10:42:40.852+0000] {dag.py:3239} INFO - Sync 1 DAGs
[2025-01-28T10:42:40.871+0000] {logging_mixin.py:190} INFO - [2025-01-28T10:42:40.869+0000] {dag.py:4180} INFO - Setting next_dagrun for tutorial_objectstorage to None, run_after=None
[2025-01-28T10:42:40.930+0000] {processor.py:208} INFO - Processing /mnt/c/Users/Admin/Desktop/ud_data/Dataslush_umang/airflow/airflow_venv/lib/python3.12/site-packages/airflow/example_dags/tutorial_objectstorage.py took 0.248 seconds
[2025-01-28T10:44:16.092+0000] {processor.py:186} INFO - Started process (PID=17805) to work on /mnt/c/Users/Admin/Desktop/ud_data/Dataslush_umang/airflow/airflow_venv/lib/python3.12/site-packages/airflow/example_dags/tutorial_objectstorage.py
[2025-01-28T10:44:16.096+0000] {processor.py:914} INFO - Processing file /mnt/c/Users/Admin/Desktop/ud_data/Dataslush_umang/airflow/airflow_venv/lib/python3.12/site-packages/airflow/example_dags/tutorial_objectstorage.py for tasks to queue
[2025-01-28T10:44:16.104+0000] {logging_mixin.py:190} INFO - [2025-01-28T10:44:16.102+0000] {dagbag.py:588} INFO - Filling up the DagBag from /mnt/c/Users/Admin/Desktop/ud_data/Dataslush_umang/airflow/airflow_venv/lib/python3.12/site-packages/airflow/example_dags/tutorial_objectstorage.py
[2025-01-28T10:44:16.212+0000] {processor.py:925} INFO - DAG(s) 'tutorial_objectstorage' retrieved from /mnt/c/Users/Admin/Desktop/ud_data/Dataslush_umang/airflow/airflow_venv/lib/python3.12/site-packages/airflow/example_dags/tutorial_objectstorage.py
[2025-01-28T10:44:16.246+0000] {logging_mixin.py:190} INFO - [2025-01-28T10:44:16.244+0000] {dag.py:3239} INFO - Sync 1 DAGs
[2025-01-28T10:44:46.347+0000] {logging_mixin.py:190} INFO - [2025-01-28T10:44:46.345+0000] {dag.py:4180} INFO - Setting next_dagrun for tutorial_objectstorage to None, run_after=None
[2025-01-28T10:44:46.400+0000] {processor.py:208} INFO - Processing /mnt/c/Users/Admin/Desktop/ud_data/Dataslush_umang/airflow/airflow_venv/lib/python3.12/site-packages/airflow/example_dags/tutorial_objectstorage.py took 0.265 seconds
[2025-01-28T10:47:07.271+0000] {processor.py:186} INFO - Started process (PID=17972) to work on /mnt/c/Users/Admin/Desktop/ud_data/Dataslush_umang/airflow/airflow_venv/lib/python3.12/site-packages/airflow/example_dags/tutorial_objectstorage.py
[2025-01-28T10:47:07.334+0000] {processor.py:914} INFO - Processing file /mnt/c/Users/Admin/Desktop/ud_data/Dataslush_umang/airflow/airflow_venv/lib/python3.12/site-packages/airflow/example_dags/tutorial_objectstorage.py for tasks to queue
[2025-01-28T10:47:07.342+0000] {logging_mixin.py:190} INFO - [2025-01-28T10:47:07.340+0000] {dagbag.py:588} INFO - Filling up the DagBag from /mnt/c/Users/Admin/Desktop/ud_data/Dataslush_umang/airflow/airflow_venv/lib/python3.12/site-packages/airflow/example_dags/tutorial_objectstorage.py
[2025-01-28T10:47:07.471+0000] {processor.py:925} INFO - DAG(s) 'tutorial_objectstorage' retrieved from /mnt/c/Users/Admin/Desktop/ud_data/Dataslush_umang/airflow/airflow_venv/lib/python3.12/site-packages/airflow/example_dags/tutorial_objectstorage.py
[2025-01-28T10:47:07.497+0000] {logging_mixin.py:190} INFO - [2025-01-28T10:47:07.496+0000] {dag.py:3239} INFO - Sync 1 DAGs
[2025-01-28T10:47:07.521+0000] {logging_mixin.py:190} INFO - [2025-01-28T10:47:07.519+0000] {dag.py:4180} INFO - Setting next_dagrun for tutorial_objectstorage to None, run_after=None
[2025-01-28T10:47:07.750+0000] {processor.py:208} INFO - Processing /mnt/c/Users/Admin/Desktop/ud_data/Dataslush_umang/airflow/airflow_venv/lib/python3.12/site-packages/airflow/example_dags/tutorial_objectstorage.py took 0.506 seconds
[2025-01-28T10:48:01.143+0000] {processor.py:186} INFO - Started process (PID=18068) to work on /mnt/c/Users/Admin/Desktop/ud_data/Dataslush_umang/airflow/airflow_venv/lib/python3.12/site-packages/airflow/example_dags/tutorial_objectstorage.py
[2025-01-28T10:48:01.147+0000] {processor.py:914} INFO - Processing file /mnt/c/Users/Admin/Desktop/ud_data/Dataslush_umang/airflow/airflow_venv/lib/python3.12/site-packages/airflow/example_dags/tutorial_objectstorage.py for tasks to queue
[2025-01-28T10:48:01.152+0000] {logging_mixin.py:190} INFO - [2025-01-28T10:48:01.151+0000] {dagbag.py:588} INFO - Filling up the DagBag from /mnt/c/Users/Admin/Desktop/ud_data/Dataslush_umang/airflow/airflow_venv/lib/python3.12/site-packages/airflow/example_dags/tutorial_objectstorage.py
[2025-01-28T10:48:01.277+0000] {processor.py:925} INFO - DAG(s) 'tutorial_objectstorage' retrieved from /mnt/c/Users/Admin/Desktop/ud_data/Dataslush_umang/airflow/airflow_venv/lib/python3.12/site-packages/airflow/example_dags/tutorial_objectstorage.py
[2025-01-28T10:48:01.308+0000] {logging_mixin.py:190} INFO - [2025-01-28T10:48:01.306+0000] {dag.py:3239} INFO - Sync 1 DAGs
[2025-01-28T10:48:01.327+0000] {logging_mixin.py:190} INFO - [2025-01-28T10:48:01.326+0000] {dag.py:4180} INFO - Setting next_dagrun for tutorial_objectstorage to None, run_after=None
[2025-01-28T10:48:01.376+0000] {processor.py:208} INFO - Processing /mnt/c/Users/Admin/Desktop/ud_data/Dataslush_umang/airflow/airflow_venv/lib/python3.12/site-packages/airflow/example_dags/tutorial_objectstorage.py took 0.256 seconds
[2025-01-28T10:48:44.180+0000] {processor.py:186} INFO - Started process (PID=18164) to work on /mnt/c/Users/Admin/Desktop/ud_data/Dataslush_umang/airflow/airflow_venv/lib/python3.12/site-packages/airflow/example_dags/tutorial_objectstorage.py
[2025-01-28T10:48:44.185+0000] {processor.py:914} INFO - Processing file /mnt/c/Users/Admin/Desktop/ud_data/Dataslush_umang/airflow/airflow_venv/lib/python3.12/site-packages/airflow/example_dags/tutorial_objectstorage.py for tasks to queue
[2025-01-28T10:48:44.193+0000] {logging_mixin.py:190} INFO - [2025-01-28T10:48:44.191+0000] {dagbag.py:588} INFO - Filling up the DagBag from /mnt/c/Users/Admin/Desktop/ud_data/Dataslush_umang/airflow/airflow_venv/lib/python3.12/site-packages/airflow/example_dags/tutorial_objectstorage.py
[2025-01-28T10:48:44.344+0000] {processor.py:925} INFO - DAG(s) 'tutorial_objectstorage' retrieved from /mnt/c/Users/Admin/Desktop/ud_data/Dataslush_umang/airflow/airflow_venv/lib/python3.12/site-packages/airflow/example_dags/tutorial_objectstorage.py
[2025-01-28T10:48:44.383+0000] {logging_mixin.py:190} INFO - [2025-01-28T10:48:44.381+0000] {dag.py:3239} INFO - Sync 1 DAGs
[2025-01-28T10:48:44.407+0000] {logging_mixin.py:190} INFO - [2025-01-28T10:48:44.406+0000] {dag.py:4180} INFO - Setting next_dagrun for tutorial_objectstorage to None, run_after=None
[2025-01-28T10:48:44.456+0000] {processor.py:208} INFO - Processing /mnt/c/Users/Admin/Desktop/ud_data/Dataslush_umang/airflow/airflow_venv/lib/python3.12/site-packages/airflow/example_dags/tutorial_objectstorage.py took 0.306 seconds
[2025-01-28T10:49:41.361+0000] {processor.py:186} INFO - Started process (PID=18261) to work on /mnt/c/Users/Admin/Desktop/ud_data/Dataslush_umang/airflow/airflow_venv/lib/python3.12/site-packages/airflow/example_dags/tutorial_objectstorage.py
[2025-01-28T10:49:41.369+0000] {processor.py:914} INFO - Processing file /mnt/c/Users/Admin/Desktop/ud_data/Dataslush_umang/airflow/airflow_venv/lib/python3.12/site-packages/airflow/example_dags/tutorial_objectstorage.py for tasks to queue
[2025-01-28T10:49:41.376+0000] {logging_mixin.py:190} INFO - [2025-01-28T10:49:41.375+0000] {dagbag.py:588} INFO - Filling up the DagBag from /mnt/c/Users/Admin/Desktop/ud_data/Dataslush_umang/airflow/airflow_venv/lib/python3.12/site-packages/airflow/example_dags/tutorial_objectstorage.py
[2025-01-28T10:49:41.475+0000] {processor.py:925} INFO - DAG(s) 'tutorial_objectstorage' retrieved from /mnt/c/Users/Admin/Desktop/ud_data/Dataslush_umang/airflow/airflow_venv/lib/python3.12/site-packages/airflow/example_dags/tutorial_objectstorage.py
[2025-01-28T10:49:41.502+0000] {logging_mixin.py:190} INFO - [2025-01-28T10:49:41.501+0000] {dag.py:3239} INFO - Sync 1 DAGs
[2025-01-28T10:49:41.521+0000] {logging_mixin.py:190} INFO - [2025-01-28T10:49:41.520+0000] {dag.py:4180} INFO - Setting next_dagrun for tutorial_objectstorage to None, run_after=None
[2025-01-28T10:49:41.600+0000] {processor.py:208} INFO - Processing /mnt/c/Users/Admin/Desktop/ud_data/Dataslush_umang/airflow/airflow_venv/lib/python3.12/site-packages/airflow/example_dags/tutorial_objectstorage.py took 0.266 seconds
[2025-01-28T10:50:55.724+0000] {processor.py:186} INFO - Started process (PID=18448) to work on /mnt/c/Users/Admin/Desktop/ud_data/Dataslush_umang/airflow/airflow_venv/lib/python3.12/site-packages/airflow/example_dags/tutorial_objectstorage.py
[2025-01-28T10:50:55.728+0000] {processor.py:914} INFO - Processing file /mnt/c/Users/Admin/Desktop/ud_data/Dataslush_umang/airflow/airflow_venv/lib/python3.12/site-packages/airflow/example_dags/tutorial_objectstorage.py for tasks to queue
[2025-01-28T10:50:55.735+0000] {logging_mixin.py:190} INFO - [2025-01-28T10:50:55.734+0000] {dagbag.py:588} INFO - Filling up the DagBag from /mnt/c/Users/Admin/Desktop/ud_data/Dataslush_umang/airflow/airflow_venv/lib/python3.12/site-packages/airflow/example_dags/tutorial_objectstorage.py
[2025-01-28T10:50:55.845+0000] {processor.py:925} INFO - DAG(s) 'tutorial_objectstorage' retrieved from /mnt/c/Users/Admin/Desktop/ud_data/Dataslush_umang/airflow/airflow_venv/lib/python3.12/site-packages/airflow/example_dags/tutorial_objectstorage.py
[2025-01-28T10:50:55.877+0000] {logging_mixin.py:190} INFO - [2025-01-28T10:50:55.875+0000] {dag.py:3239} INFO - Sync 1 DAGs
[2025-01-28T10:50:55.895+0000] {logging_mixin.py:190} INFO - [2025-01-28T10:50:55.893+0000] {dag.py:4180} INFO - Setting next_dagrun for tutorial_objectstorage to None, run_after=None
[2025-01-28T10:50:55.938+0000] {processor.py:208} INFO - Processing /mnt/c/Users/Admin/Desktop/ud_data/Dataslush_umang/airflow/airflow_venv/lib/python3.12/site-packages/airflow/example_dags/tutorial_objectstorage.py took 0.233 seconds
[2025-01-28T10:51:41.543+0000] {processor.py:186} INFO - Started process (PID=18553) to work on /mnt/c/Users/Admin/Desktop/ud_data/Dataslush_umang/airflow/airflow_venv/lib/python3.12/site-packages/airflow/example_dags/tutorial_objectstorage.py
[2025-01-28T10:51:41.546+0000] {processor.py:914} INFO - Processing file /mnt/c/Users/Admin/Desktop/ud_data/Dataslush_umang/airflow/airflow_venv/lib/python3.12/site-packages/airflow/example_dags/tutorial_objectstorage.py for tasks to queue
[2025-01-28T10:51:41.554+0000] {logging_mixin.py:190} INFO - [2025-01-28T10:51:41.552+0000] {dagbag.py:588} INFO - Filling up the DagBag from /mnt/c/Users/Admin/Desktop/ud_data/Dataslush_umang/airflow/airflow_venv/lib/python3.12/site-packages/airflow/example_dags/tutorial_objectstorage.py
[2025-01-28T10:51:41.677+0000] {processor.py:925} INFO - DAG(s) 'tutorial_objectstorage' retrieved from /mnt/c/Users/Admin/Desktop/ud_data/Dataslush_umang/airflow/airflow_venv/lib/python3.12/site-packages/airflow/example_dags/tutorial_objectstorage.py
[2025-01-28T10:51:41.713+0000] {logging_mixin.py:190} INFO - [2025-01-28T10:51:41.712+0000] {dag.py:3239} INFO - Sync 1 DAGs
[2025-01-28T10:51:41.736+0000] {logging_mixin.py:190} INFO - [2025-01-28T10:51:41.735+0000] {dag.py:4180} INFO - Setting next_dagrun for tutorial_objectstorage to None, run_after=None
[2025-01-28T10:51:41.788+0000] {processor.py:208} INFO - Processing /mnt/c/Users/Admin/Desktop/ud_data/Dataslush_umang/airflow/airflow_venv/lib/python3.12/site-packages/airflow/example_dags/tutorial_objectstorage.py took 0.270 seconds
[2025-01-28T10:52:36.555+0000] {processor.py:186} INFO - Started process (PID=18636) to work on /mnt/c/Users/Admin/Desktop/ud_data/Dataslush_umang/airflow/airflow_venv/lib/python3.12/site-packages/airflow/example_dags/tutorial_objectstorage.py
[2025-01-28T10:52:36.558+0000] {processor.py:914} INFO - Processing file /mnt/c/Users/Admin/Desktop/ud_data/Dataslush_umang/airflow/airflow_venv/lib/python3.12/site-packages/airflow/example_dags/tutorial_objectstorage.py for tasks to queue
[2025-01-28T10:52:36.565+0000] {logging_mixin.py:190} INFO - [2025-01-28T10:52:36.563+0000] {dagbag.py:588} INFO - Filling up the DagBag from /mnt/c/Users/Admin/Desktop/ud_data/Dataslush_umang/airflow/airflow_venv/lib/python3.12/site-packages/airflow/example_dags/tutorial_objectstorage.py
[2025-01-28T10:52:36.674+0000] {processor.py:925} INFO - DAG(s) 'tutorial_objectstorage' retrieved from /mnt/c/Users/Admin/Desktop/ud_data/Dataslush_umang/airflow/airflow_venv/lib/python3.12/site-packages/airflow/example_dags/tutorial_objectstorage.py
[2025-01-28T10:52:36.715+0000] {logging_mixin.py:190} INFO - [2025-01-28T10:52:36.709+0000] {dag.py:3239} INFO - Sync 1 DAGs
[2025-01-28T10:52:36.736+0000] {logging_mixin.py:190} INFO - [2025-01-28T10:52:36.734+0000] {dag.py:4180} INFO - Setting next_dagrun for tutorial_objectstorage to None, run_after=None
[2025-01-28T10:52:36.796+0000] {processor.py:208} INFO - Processing /mnt/c/Users/Admin/Desktop/ud_data/Dataslush_umang/airflow/airflow_venv/lib/python3.12/site-packages/airflow/example_dags/tutorial_objectstorage.py took 0.268 seconds
[2025-01-28T10:53:26.314+0000] {processor.py:186} INFO - Started process (PID=18718) to work on /mnt/c/Users/Admin/Desktop/ud_data/Dataslush_umang/airflow/airflow_venv/lib/python3.12/site-packages/airflow/example_dags/tutorial_objectstorage.py
[2025-01-28T10:53:26.329+0000] {processor.py:914} INFO - Processing file /mnt/c/Users/Admin/Desktop/ud_data/Dataslush_umang/airflow/airflow_venv/lib/python3.12/site-packages/airflow/example_dags/tutorial_objectstorage.py for tasks to queue
[2025-01-28T10:53:26.335+0000] {logging_mixin.py:190} INFO - [2025-01-28T10:53:26.333+0000] {dagbag.py:588} INFO - Filling up the DagBag from /mnt/c/Users/Admin/Desktop/ud_data/Dataslush_umang/airflow/airflow_venv/lib/python3.12/site-packages/airflow/example_dags/tutorial_objectstorage.py
[2025-01-28T10:53:26.456+0000] {processor.py:925} INFO - DAG(s) 'tutorial_objectstorage' retrieved from /mnt/c/Users/Admin/Desktop/ud_data/Dataslush_umang/airflow/airflow_venv/lib/python3.12/site-packages/airflow/example_dags/tutorial_objectstorage.py
[2025-01-28T10:53:26.486+0000] {logging_mixin.py:190} INFO - [2025-01-28T10:53:26.484+0000] {dag.py:3239} INFO - Sync 1 DAGs
[2025-01-28T10:53:26.505+0000] {logging_mixin.py:190} INFO - [2025-01-28T10:53:26.503+0000] {dag.py:4180} INFO - Setting next_dagrun for tutorial_objectstorage to None, run_after=None
[2025-01-28T10:53:26.555+0000] {processor.py:208} INFO - Processing /mnt/c/Users/Admin/Desktop/ud_data/Dataslush_umang/airflow/airflow_venv/lib/python3.12/site-packages/airflow/example_dags/tutorial_objectstorage.py took 0.270 seconds
[2025-01-28T10:54:26.676+0000] {processor.py:186} INFO - Started process (PID=18796) to work on /mnt/c/Users/Admin/Desktop/ud_data/Dataslush_umang/airflow/airflow_venv/lib/python3.12/site-packages/airflow/example_dags/tutorial_objectstorage.py
[2025-01-28T10:54:26.750+0000] {processor.py:914} INFO - Processing file /mnt/c/Users/Admin/Desktop/ud_data/Dataslush_umang/airflow/airflow_venv/lib/python3.12/site-packages/airflow/example_dags/tutorial_objectstorage.py for tasks to queue
[2025-01-28T10:54:26.758+0000] {logging_mixin.py:190} INFO - [2025-01-28T10:54:26.755+0000] {dagbag.py:588} INFO - Filling up the DagBag from /mnt/c/Users/Admin/Desktop/ud_data/Dataslush_umang/airflow/airflow_venv/lib/python3.12/site-packages/airflow/example_dags/tutorial_objectstorage.py
[2025-01-28T10:54:26.889+0000] {processor.py:925} INFO - DAG(s) 'tutorial_objectstorage' retrieved from /mnt/c/Users/Admin/Desktop/ud_data/Dataslush_umang/airflow/airflow_venv/lib/python3.12/site-packages/airflow/example_dags/tutorial_objectstorage.py
[2025-01-28T10:54:26.918+0000] {logging_mixin.py:190} INFO - [2025-01-28T10:54:26.916+0000] {dag.py:3239} INFO - Sync 1 DAGs
[2025-01-28T10:54:26.941+0000] {logging_mixin.py:190} INFO - [2025-01-28T10:54:26.939+0000] {dag.py:4180} INFO - Setting next_dagrun for tutorial_objectstorage to None, run_after=None
[2025-01-28T10:54:26.986+0000] {processor.py:208} INFO - Processing /mnt/c/Users/Admin/Desktop/ud_data/Dataslush_umang/airflow/airflow_venv/lib/python3.12/site-packages/airflow/example_dags/tutorial_objectstorage.py took 0.337 seconds
[2025-01-28T10:55:19.848+0000] {processor.py:186} INFO - Started process (PID=18868) to work on /mnt/c/Users/Admin/Desktop/ud_data/Dataslush_umang/airflow/airflow_venv/lib/python3.12/site-packages/airflow/example_dags/tutorial_objectstorage.py
[2025-01-28T10:55:19.856+0000] {processor.py:914} INFO - Processing file /mnt/c/Users/Admin/Desktop/ud_data/Dataslush_umang/airflow/airflow_venv/lib/python3.12/site-packages/airflow/example_dags/tutorial_objectstorage.py for tasks to queue
[2025-01-28T10:55:19.862+0000] {logging_mixin.py:190} INFO - [2025-01-28T10:55:19.860+0000] {dagbag.py:588} INFO - Filling up the DagBag from /mnt/c/Users/Admin/Desktop/ud_data/Dataslush_umang/airflow/airflow_venv/lib/python3.12/site-packages/airflow/example_dags/tutorial_objectstorage.py
[2025-01-28T10:55:19.973+0000] {processor.py:925} INFO - DAG(s) 'tutorial_objectstorage' retrieved from /mnt/c/Users/Admin/Desktop/ud_data/Dataslush_umang/airflow/airflow_venv/lib/python3.12/site-packages/airflow/example_dags/tutorial_objectstorage.py
[2025-01-28T10:55:20.003+0000] {logging_mixin.py:190} INFO - [2025-01-28T10:55:20.001+0000] {dag.py:3239} INFO - Sync 1 DAGs
[2025-01-28T10:55:20.023+0000] {logging_mixin.py:190} INFO - [2025-01-28T10:55:20.022+0000] {dag.py:4180} INFO - Setting next_dagrun for tutorial_objectstorage to None, run_after=None
[2025-01-28T10:55:20.087+0000] {processor.py:208} INFO - Processing /mnt/c/Users/Admin/Desktop/ud_data/Dataslush_umang/airflow/airflow_venv/lib/python3.12/site-packages/airflow/example_dags/tutorial_objectstorage.py took 0.260 seconds
[2025-01-28T10:56:01.719+0000] {processor.py:186} INFO - Started process (PID=18970) to work on /mnt/c/Users/Admin/Desktop/ud_data/Dataslush_umang/airflow/airflow_venv/lib/python3.12/site-packages/airflow/example_dags/tutorial_objectstorage.py
[2025-01-28T10:56:01.723+0000] {processor.py:914} INFO - Processing file /mnt/c/Users/Admin/Desktop/ud_data/Dataslush_umang/airflow/airflow_venv/lib/python3.12/site-packages/airflow/example_dags/tutorial_objectstorage.py for tasks to queue
[2025-01-28T10:56:01.734+0000] {logging_mixin.py:190} INFO - [2025-01-28T10:56:01.729+0000] {dagbag.py:588} INFO - Filling up the DagBag from /mnt/c/Users/Admin/Desktop/ud_data/Dataslush_umang/airflow/airflow_venv/lib/python3.12/site-packages/airflow/example_dags/tutorial_objectstorage.py
[2025-01-28T10:56:01.882+0000] {processor.py:925} INFO - DAG(s) 'tutorial_objectstorage' retrieved from /mnt/c/Users/Admin/Desktop/ud_data/Dataslush_umang/airflow/airflow_venv/lib/python3.12/site-packages/airflow/example_dags/tutorial_objectstorage.py
[2025-01-28T10:56:01.925+0000] {logging_mixin.py:190} INFO - [2025-01-28T10:56:01.924+0000] {dag.py:3239} INFO - Sync 1 DAGs
[2025-01-28T10:56:01.969+0000] {logging_mixin.py:190} INFO - [2025-01-28T10:56:01.963+0000] {dag.py:4180} INFO - Setting next_dagrun for tutorial_objectstorage to None, run_after=None
[2025-01-28T10:56:02.013+0000] {processor.py:208} INFO - Processing /mnt/c/Users/Admin/Desktop/ud_data/Dataslush_umang/airflow/airflow_venv/lib/python3.12/site-packages/airflow/example_dags/tutorial_objectstorage.py took 0.319 seconds
[2025-01-28T10:56:52.573+0000] {processor.py:186} INFO - Started process (PID=19096) to work on /mnt/c/Users/Admin/Desktop/ud_data/Dataslush_umang/airflow/airflow_venv/lib/python3.12/site-packages/airflow/example_dags/tutorial_objectstorage.py
[2025-01-28T10:56:52.577+0000] {processor.py:914} INFO - Processing file /mnt/c/Users/Admin/Desktop/ud_data/Dataslush_umang/airflow/airflow_venv/lib/python3.12/site-packages/airflow/example_dags/tutorial_objectstorage.py for tasks to queue
[2025-01-28T10:56:52.585+0000] {logging_mixin.py:190} INFO - [2025-01-28T10:56:52.583+0000] {dagbag.py:588} INFO - Filling up the DagBag from /mnt/c/Users/Admin/Desktop/ud_data/Dataslush_umang/airflow/airflow_venv/lib/python3.12/site-packages/airflow/example_dags/tutorial_objectstorage.py
[2025-01-28T10:57:22.789+0000] {processor.py:925} INFO - DAG(s) 'tutorial_objectstorage' retrieved from /mnt/c/Users/Admin/Desktop/ud_data/Dataslush_umang/airflow/airflow_venv/lib/python3.12/site-packages/airflow/example_dags/tutorial_objectstorage.py
[2025-01-28T10:57:22.823+0000] {logging_mixin.py:190} INFO - [2025-01-28T10:57:22.819+0000] {dag.py:3239} INFO - Sync 1 DAGs
[2025-01-28T10:57:22.846+0000] {logging_mixin.py:190} INFO - [2025-01-28T10:57:22.844+0000] {dag.py:4180} INFO - Setting next_dagrun for tutorial_objectstorage to None, run_after=None
[2025-01-28T10:57:22.893+0000] {processor.py:208} INFO - Processing /mnt/c/Users/Admin/Desktop/ud_data/Dataslush_umang/airflow/airflow_venv/lib/python3.12/site-packages/airflow/example_dags/tutorial_objectstorage.py took 0.268 seconds
[2025-01-28T10:58:19.061+0000] {processor.py:186} INFO - Started process (PID=19261) to work on /mnt/c/Users/Admin/Desktop/ud_data/Dataslush_umang/airflow/airflow_venv/lib/python3.12/site-packages/airflow/example_dags/tutorial_objectstorage.py
[2025-01-28T10:58:19.064+0000] {processor.py:914} INFO - Processing file /mnt/c/Users/Admin/Desktop/ud_data/Dataslush_umang/airflow/airflow_venv/lib/python3.12/site-packages/airflow/example_dags/tutorial_objectstorage.py for tasks to queue
[2025-01-28T10:58:19.070+0000] {logging_mixin.py:190} INFO - [2025-01-28T10:58:19.068+0000] {dagbag.py:588} INFO - Filling up the DagBag from /mnt/c/Users/Admin/Desktop/ud_data/Dataslush_umang/airflow/airflow_venv/lib/python3.12/site-packages/airflow/example_dags/tutorial_objectstorage.py
[2025-01-28T10:58:19.180+0000] {processor.py:925} INFO - DAG(s) 'tutorial_objectstorage' retrieved from /mnt/c/Users/Admin/Desktop/ud_data/Dataslush_umang/airflow/airflow_venv/lib/python3.12/site-packages/airflow/example_dags/tutorial_objectstorage.py
[2025-01-28T10:58:19.209+0000] {logging_mixin.py:190} INFO - [2025-01-28T10:58:19.207+0000] {dag.py:3239} INFO - Sync 1 DAGs
[2025-01-28T10:58:19.229+0000] {logging_mixin.py:190} INFO - [2025-01-28T10:58:19.228+0000] {dag.py:4180} INFO - Setting next_dagrun for tutorial_objectstorage to None, run_after=None
[2025-01-28T10:58:19.275+0000] {processor.py:208} INFO - Processing /mnt/c/Users/Admin/Desktop/ud_data/Dataslush_umang/airflow/airflow_venv/lib/python3.12/site-packages/airflow/example_dags/tutorial_objectstorage.py took 0.240 seconds
[2025-01-28T10:59:33.479+0000] {processor.py:186} INFO - Started process (PID=19361) to work on /mnt/c/Users/Admin/Desktop/ud_data/Dataslush_umang/airflow/airflow_venv/lib/python3.12/site-packages/airflow/example_dags/tutorial_objectstorage.py
[2025-01-28T10:59:33.756+0000] {processor.py:914} INFO - Processing file /mnt/c/Users/Admin/Desktop/ud_data/Dataslush_umang/airflow/airflow_venv/lib/python3.12/site-packages/airflow/example_dags/tutorial_objectstorage.py for tasks to queue
[2025-01-28T10:59:33.765+0000] {logging_mixin.py:190} INFO - [2025-01-28T10:59:33.762+0000] {dagbag.py:588} INFO - Filling up the DagBag from /mnt/c/Users/Admin/Desktop/ud_data/Dataslush_umang/airflow/airflow_venv/lib/python3.12/site-packages/airflow/example_dags/tutorial_objectstorage.py
[2025-01-28T10:59:03.807+0000] {processor.py:925} INFO - DAG(s) 'tutorial_objectstorage' retrieved from /mnt/c/Users/Admin/Desktop/ud_data/Dataslush_umang/airflow/airflow_venv/lib/python3.12/site-packages/airflow/example_dags/tutorial_objectstorage.py
[2025-01-28T10:59:03.838+0000] {logging_mixin.py:190} INFO - [2025-01-28T10:59:03.836+0000] {dag.py:3239} INFO - Sync 1 DAGs
[2025-01-28T10:59:03.863+0000] {logging_mixin.py:190} INFO - [2025-01-28T10:59:03.861+0000] {dag.py:4180} INFO - Setting next_dagrun for tutorial_objectstorage to None, run_after=None
[2025-01-28T10:59:04.317+0000] {processor.py:208} INFO - Processing /mnt/c/Users/Admin/Desktop/ud_data/Dataslush_umang/airflow/airflow_venv/lib/python3.12/site-packages/airflow/example_dags/tutorial_objectstorage.py took 0.937 seconds
[2025-01-28T10:59:48.883+0000] {processor.py:186} INFO - Started process (PID=19444) to work on /mnt/c/Users/Admin/Desktop/ud_data/Dataslush_umang/airflow/airflow_venv/lib/python3.12/site-packages/airflow/example_dags/tutorial_objectstorage.py
[2025-01-28T10:59:49.200+0000] {processor.py:914} INFO - Processing file /mnt/c/Users/Admin/Desktop/ud_data/Dataslush_umang/airflow/airflow_venv/lib/python3.12/site-packages/airflow/example_dags/tutorial_objectstorage.py for tasks to queue
[2025-01-28T10:59:49.206+0000] {logging_mixin.py:190} INFO - [2025-01-28T10:59:49.204+0000] {dagbag.py:588} INFO - Filling up the DagBag from /mnt/c/Users/Admin/Desktop/ud_data/Dataslush_umang/airflow/airflow_venv/lib/python3.12/site-packages/airflow/example_dags/tutorial_objectstorage.py
[2025-01-28T10:59:49.313+0000] {processor.py:925} INFO - DAG(s) 'tutorial_objectstorage' retrieved from /mnt/c/Users/Admin/Desktop/ud_data/Dataslush_umang/airflow/airflow_venv/lib/python3.12/site-packages/airflow/example_dags/tutorial_objectstorage.py
[2025-01-28T10:59:49.340+0000] {logging_mixin.py:190} INFO - [2025-01-28T10:59:49.339+0000] {dag.py:3239} INFO - Sync 1 DAGs
[2025-01-28T10:59:49.356+0000] {logging_mixin.py:190} INFO - [2025-01-28T10:59:49.355+0000] {dag.py:4180} INFO - Setting next_dagrun for tutorial_objectstorage to None, run_after=None
[2025-01-28T10:59:52.129+0000] {processor.py:208} INFO - Processing /mnt/c/Users/Admin/Desktop/ud_data/Dataslush_umang/airflow/airflow_venv/lib/python3.12/site-packages/airflow/example_dags/tutorial_objectstorage.py took 3.276 seconds
[2025-01-28T11:00:50.324+0000] {processor.py:186} INFO - Started process (PID=19538) to work on /mnt/c/Users/Admin/Desktop/ud_data/Dataslush_umang/airflow/airflow_venv/lib/python3.12/site-packages/airflow/example_dags/tutorial_objectstorage.py
[2025-01-28T11:00:50.330+0000] {processor.py:914} INFO - Processing file /mnt/c/Users/Admin/Desktop/ud_data/Dataslush_umang/airflow/airflow_venv/lib/python3.12/site-packages/airflow/example_dags/tutorial_objectstorage.py for tasks to queue
[2025-01-28T11:00:50.336+0000] {logging_mixin.py:190} INFO - [2025-01-28T11:00:50.334+0000] {dagbag.py:588} INFO - Filling up the DagBag from /mnt/c/Users/Admin/Desktop/ud_data/Dataslush_umang/airflow/airflow_venv/lib/python3.12/site-packages/airflow/example_dags/tutorial_objectstorage.py
[2025-01-28T11:00:50.467+0000] {processor.py:925} INFO - DAG(s) 'tutorial_objectstorage' retrieved from /mnt/c/Users/Admin/Desktop/ud_data/Dataslush_umang/airflow/airflow_venv/lib/python3.12/site-packages/airflow/example_dags/tutorial_objectstorage.py
[2025-01-28T11:00:50.498+0000] {logging_mixin.py:190} INFO - [2025-01-28T11:00:50.496+0000] {dag.py:3239} INFO - Sync 1 DAGs
[2025-01-28T11:00:50.518+0000] {logging_mixin.py:190} INFO - [2025-01-28T11:00:50.517+0000] {dag.py:4180} INFO - Setting next_dagrun for tutorial_objectstorage to None, run_after=None
[2025-01-28T11:00:50.564+0000] {processor.py:208} INFO - Processing /mnt/c/Users/Admin/Desktop/ud_data/Dataslush_umang/airflow/airflow_venv/lib/python3.12/site-packages/airflow/example_dags/tutorial_objectstorage.py took 0.271 seconds
[2025-01-28T11:01:43.540+0000] {processor.py:186} INFO - Started process (PID=19603) to work on /mnt/c/Users/Admin/Desktop/ud_data/Dataslush_umang/airflow/airflow_venv/lib/python3.12/site-packages/airflow/example_dags/tutorial_objectstorage.py
[2025-01-28T11:01:43.579+0000] {processor.py:914} INFO - Processing file /mnt/c/Users/Admin/Desktop/ud_data/Dataslush_umang/airflow/airflow_venv/lib/python3.12/site-packages/airflow/example_dags/tutorial_objectstorage.py for tasks to queue
[2025-01-28T11:01:43.587+0000] {logging_mixin.py:190} INFO - [2025-01-28T11:01:43.585+0000] {dagbag.py:588} INFO - Filling up the DagBag from /mnt/c/Users/Admin/Desktop/ud_data/Dataslush_umang/airflow/airflow_venv/lib/python3.12/site-packages/airflow/example_dags/tutorial_objectstorage.py
[2025-01-28T11:01:43.707+0000] {processor.py:925} INFO - DAG(s) 'tutorial_objectstorage' retrieved from /mnt/c/Users/Admin/Desktop/ud_data/Dataslush_umang/airflow/airflow_venv/lib/python3.12/site-packages/airflow/example_dags/tutorial_objectstorage.py
[2025-01-28T11:01:43.747+0000] {logging_mixin.py:190} INFO - [2025-01-28T11:01:43.745+0000] {dag.py:3239} INFO - Sync 1 DAGs
[2025-01-28T11:01:43.765+0000] {logging_mixin.py:190} INFO - [2025-01-28T11:01:43.764+0000] {dag.py:4180} INFO - Setting next_dagrun for tutorial_objectstorage to None, run_after=None
[2025-01-28T11:01:44.563+0000] {processor.py:208} INFO - Processing /mnt/c/Users/Admin/Desktop/ud_data/Dataslush_umang/airflow/airflow_venv/lib/python3.12/site-packages/airflow/example_dags/tutorial_objectstorage.py took 1.052 seconds
[2025-01-28T11:03:28.292+0000] {processor.py:186} INFO - Started process (PID=19721) to work on /mnt/c/Users/Admin/Desktop/ud_data/Dataslush_umang/airflow/airflow_venv/lib/python3.12/site-packages/airflow/example_dags/tutorial_objectstorage.py
[2025-01-28T11:03:58.485+0000] {processor.py:914} INFO - Processing file /mnt/c/Users/Admin/Desktop/ud_data/Dataslush_umang/airflow/airflow_venv/lib/python3.12/site-packages/airflow/example_dags/tutorial_objectstorage.py for tasks to queue
[2025-01-28T11:03:58.506+0000] {logging_mixin.py:190} INFO - [2025-01-28T11:03:58.500+0000] {dagbag.py:588} INFO - Filling up the DagBag from /mnt/c/Users/Admin/Desktop/ud_data/Dataslush_umang/airflow/airflow_venv/lib/python3.12/site-packages/airflow/example_dags/tutorial_objectstorage.py
[2025-01-28T11:03:58.632+0000] {processor.py:925} INFO - DAG(s) 'tutorial_objectstorage' retrieved from /mnt/c/Users/Admin/Desktop/ud_data/Dataslush_umang/airflow/airflow_venv/lib/python3.12/site-packages/airflow/example_dags/tutorial_objectstorage.py
[2025-01-28T11:03:58.654+0000] {logging_mixin.py:190} INFO - [2025-01-28T11:03:58.653+0000] {dag.py:3239} INFO - Sync 1 DAGs
[2025-01-28T11:03:58.668+0000] {logging_mixin.py:190} INFO - [2025-01-28T11:03:58.666+0000] {dag.py:4180} INFO - Setting next_dagrun for tutorial_objectstorage to None, run_after=None
[2025-01-28T11:03:31.455+0000] {processor.py:208} INFO - Processing /mnt/c/Users/Admin/Desktop/ud_data/Dataslush_umang/airflow/airflow_venv/lib/python3.12/site-packages/airflow/example_dags/tutorial_objectstorage.py took 3.229 seconds
[2025-01-28T11:04:29.425+0000] {processor.py:186} INFO - Started process (PID=19904) to work on /mnt/c/Users/Admin/Desktop/ud_data/Dataslush_umang/airflow/airflow_venv/lib/python3.12/site-packages/airflow/example_dags/tutorial_objectstorage.py
[2025-01-28T11:04:29.439+0000] {processor.py:914} INFO - Processing file /mnt/c/Users/Admin/Desktop/ud_data/Dataslush_umang/airflow/airflow_venv/lib/python3.12/site-packages/airflow/example_dags/tutorial_objectstorage.py for tasks to queue
[2025-01-28T11:04:29.446+0000] {logging_mixin.py:190} INFO - [2025-01-28T11:04:29.444+0000] {dagbag.py:588} INFO - Filling up the DagBag from /mnt/c/Users/Admin/Desktop/ud_data/Dataslush_umang/airflow/airflow_venv/lib/python3.12/site-packages/airflow/example_dags/tutorial_objectstorage.py
[2025-01-28T11:04:29.571+0000] {processor.py:925} INFO - DAG(s) 'tutorial_objectstorage' retrieved from /mnt/c/Users/Admin/Desktop/ud_data/Dataslush_umang/airflow/airflow_venv/lib/python3.12/site-packages/airflow/example_dags/tutorial_objectstorage.py
[2025-01-28T11:04:29.606+0000] {logging_mixin.py:190} INFO - [2025-01-28T11:04:29.605+0000] {dag.py:3239} INFO - Sync 1 DAGs
[2025-01-28T11:04:29.626+0000] {logging_mixin.py:190} INFO - [2025-01-28T11:04:29.624+0000] {dag.py:4180} INFO - Setting next_dagrun for tutorial_objectstorage to None, run_after=None
[2025-01-28T11:04:29.788+0000] {processor.py:208} INFO - Processing /mnt/c/Users/Admin/Desktop/ud_data/Dataslush_umang/airflow/airflow_venv/lib/python3.12/site-packages/airflow/example_dags/tutorial_objectstorage.py took 0.388 seconds
[2025-01-28T11:05:18.120+0000] {processor.py:186} INFO - Started process (PID=19965) to work on /mnt/c/Users/Admin/Desktop/ud_data/Dataslush_umang/airflow/airflow_venv/lib/python3.12/site-packages/airflow/example_dags/tutorial_objectstorage.py
[2025-01-28T11:05:18.226+0000] {processor.py:914} INFO - Processing file /mnt/c/Users/Admin/Desktop/ud_data/Dataslush_umang/airflow/airflow_venv/lib/python3.12/site-packages/airflow/example_dags/tutorial_objectstorage.py for tasks to queue
[2025-01-28T11:05:18.235+0000] {logging_mixin.py:190} INFO - [2025-01-28T11:05:18.233+0000] {dagbag.py:588} INFO - Filling up the DagBag from /mnt/c/Users/Admin/Desktop/ud_data/Dataslush_umang/airflow/airflow_venv/lib/python3.12/site-packages/airflow/example_dags/tutorial_objectstorage.py
[2025-01-28T11:05:18.376+0000] {processor.py:925} INFO - DAG(s) 'tutorial_objectstorage' retrieved from /mnt/c/Users/Admin/Desktop/ud_data/Dataslush_umang/airflow/airflow_venv/lib/python3.12/site-packages/airflow/example_dags/tutorial_objectstorage.py
[2025-01-28T11:05:18.417+0000] {logging_mixin.py:190} INFO - [2025-01-28T11:05:18.416+0000] {dag.py:3239} INFO - Sync 1 DAGs
[2025-01-28T11:05:48.534+0000] {logging_mixin.py:190} INFO - [2025-01-28T11:05:48.531+0000] {dag.py:4180} INFO - Setting next_dagrun for tutorial_objectstorage to None, run_after=None
[2025-01-28T11:05:48.587+0000] {processor.py:208} INFO - Processing /mnt/c/Users/Admin/Desktop/ud_data/Dataslush_umang/airflow/airflow_venv/lib/python3.12/site-packages/airflow/example_dags/tutorial_objectstorage.py took 0.415 seconds
[2025-01-28T11:07:26.264+0000] {processor.py:186} INFO - Started process (PID=20092) to work on /mnt/c/Users/Admin/Desktop/ud_data/Dataslush_umang/airflow/airflow_venv/lib/python3.12/site-packages/airflow/example_dags/tutorial_objectstorage.py
[2025-01-28T11:07:26.268+0000] {processor.py:914} INFO - Processing file /mnt/c/Users/Admin/Desktop/ud_data/Dataslush_umang/airflow/airflow_venv/lib/python3.12/site-packages/airflow/example_dags/tutorial_objectstorage.py for tasks to queue
[2025-01-28T11:07:26.274+0000] {logging_mixin.py:190} INFO - [2025-01-28T11:07:26.272+0000] {dagbag.py:588} INFO - Filling up the DagBag from /mnt/c/Users/Admin/Desktop/ud_data/Dataslush_umang/airflow/airflow_venv/lib/python3.12/site-packages/airflow/example_dags/tutorial_objectstorage.py
[2025-01-28T11:07:26.383+0000] {processor.py:925} INFO - DAG(s) 'tutorial_objectstorage' retrieved from /mnt/c/Users/Admin/Desktop/ud_data/Dataslush_umang/airflow/airflow_venv/lib/python3.12/site-packages/airflow/example_dags/tutorial_objectstorage.py
[2025-01-28T11:07:26.416+0000] {logging_mixin.py:190} INFO - [2025-01-28T11:07:26.414+0000] {dag.py:3239} INFO - Sync 1 DAGs
[2025-01-28T11:07:26.437+0000] {logging_mixin.py:190} INFO - [2025-01-28T11:07:26.435+0000] {dag.py:4180} INFO - Setting next_dagrun for tutorial_objectstorage to None, run_after=None
[2025-01-28T11:07:26.659+0000] {processor.py:208} INFO - Processing /mnt/c/Users/Admin/Desktop/ud_data/Dataslush_umang/airflow/airflow_venv/lib/python3.12/site-packages/airflow/example_dags/tutorial_objectstorage.py took 0.423 seconds
[2025-01-28T11:08:11.760+0000] {processor.py:186} INFO - Started process (PID=20192) to work on /mnt/c/Users/Admin/Desktop/ud_data/Dataslush_umang/airflow/airflow_venv/lib/python3.12/site-packages/airflow/example_dags/tutorial_objectstorage.py
[2025-01-28T11:08:11.764+0000] {processor.py:914} INFO - Processing file /mnt/c/Users/Admin/Desktop/ud_data/Dataslush_umang/airflow/airflow_venv/lib/python3.12/site-packages/airflow/example_dags/tutorial_objectstorage.py for tasks to queue
[2025-01-28T11:08:11.770+0000] {logging_mixin.py:190} INFO - [2025-01-28T11:08:11.768+0000] {dagbag.py:588} INFO - Filling up the DagBag from /mnt/c/Users/Admin/Desktop/ud_data/Dataslush_umang/airflow/airflow_venv/lib/python3.12/site-packages/airflow/example_dags/tutorial_objectstorage.py
[2025-01-28T11:08:11.885+0000] {processor.py:925} INFO - DAG(s) 'tutorial_objectstorage' retrieved from /mnt/c/Users/Admin/Desktop/ud_data/Dataslush_umang/airflow/airflow_venv/lib/python3.12/site-packages/airflow/example_dags/tutorial_objectstorage.py
[2025-01-28T11:08:11.917+0000] {logging_mixin.py:190} INFO - [2025-01-28T11:08:11.915+0000] {dag.py:3239} INFO - Sync 1 DAGs
[2025-01-28T11:08:11.937+0000] {logging_mixin.py:190} INFO - [2025-01-28T11:08:11.935+0000] {dag.py:4180} INFO - Setting next_dagrun for tutorial_objectstorage to None, run_after=None
[2025-01-28T11:08:11.990+0000] {processor.py:208} INFO - Processing /mnt/c/Users/Admin/Desktop/ud_data/Dataslush_umang/airflow/airflow_venv/lib/python3.12/site-packages/airflow/example_dags/tutorial_objectstorage.py took 0.255 seconds
[2025-01-28T11:08:58.123+0000] {processor.py:186} INFO - Started process (PID=20262) to work on /mnt/c/Users/Admin/Desktop/ud_data/Dataslush_umang/airflow/airflow_venv/lib/python3.12/site-packages/airflow/example_dags/tutorial_objectstorage.py
[2025-01-28T11:08:58.253+0000] {processor.py:914} INFO - Processing file /mnt/c/Users/Admin/Desktop/ud_data/Dataslush_umang/airflow/airflow_venv/lib/python3.12/site-packages/airflow/example_dags/tutorial_objectstorage.py for tasks to queue
[2025-01-28T11:08:58.263+0000] {logging_mixin.py:190} INFO - [2025-01-28T11:08:58.260+0000] {dagbag.py:588} INFO - Filling up the DagBag from /mnt/c/Users/Admin/Desktop/ud_data/Dataslush_umang/airflow/airflow_venv/lib/python3.12/site-packages/airflow/example_dags/tutorial_objectstorage.py
[2025-01-28T11:08:58.384+0000] {processor.py:925} INFO - DAG(s) 'tutorial_objectstorage' retrieved from /mnt/c/Users/Admin/Desktop/ud_data/Dataslush_umang/airflow/airflow_venv/lib/python3.12/site-packages/airflow/example_dags/tutorial_objectstorage.py
[2025-01-28T11:08:58.422+0000] {logging_mixin.py:190} INFO - [2025-01-28T11:08:58.420+0000] {dag.py:3239} INFO - Sync 1 DAGs
[2025-01-28T11:08:58.445+0000] {logging_mixin.py:190} INFO - [2025-01-28T11:08:58.443+0000] {dag.py:4180} INFO - Setting next_dagrun for tutorial_objectstorage to None, run_after=None
[2025-01-28T11:08:58.493+0000] {processor.py:208} INFO - Processing /mnt/c/Users/Admin/Desktop/ud_data/Dataslush_umang/airflow/airflow_venv/lib/python3.12/site-packages/airflow/example_dags/tutorial_objectstorage.py took 0.395 seconds
[2025-01-28T11:10:19.303+0000] {processor.py:186} INFO - Started process (PID=20401) to work on /mnt/c/Users/Admin/Desktop/ud_data/Dataslush_umang/airflow/airflow_venv/lib/python3.12/site-packages/airflow/example_dags/tutorial_objectstorage.py
[2025-01-28T11:09:49.331+0000] {processor.py:914} INFO - Processing file /mnt/c/Users/Admin/Desktop/ud_data/Dataslush_umang/airflow/airflow_venv/lib/python3.12/site-packages/airflow/example_dags/tutorial_objectstorage.py for tasks to queue
[2025-01-28T11:09:49.337+0000] {logging_mixin.py:190} INFO - [2025-01-28T11:09:49.336+0000] {dagbag.py:588} INFO - Filling up the DagBag from /mnt/c/Users/Admin/Desktop/ud_data/Dataslush_umang/airflow/airflow_venv/lib/python3.12/site-packages/airflow/example_dags/tutorial_objectstorage.py
[2025-01-28T11:09:49.425+0000] {processor.py:925} INFO - DAG(s) 'tutorial_objectstorage' retrieved from /mnt/c/Users/Admin/Desktop/ud_data/Dataslush_umang/airflow/airflow_venv/lib/python3.12/site-packages/airflow/example_dags/tutorial_objectstorage.py
[2025-01-28T11:09:49.451+0000] {logging_mixin.py:190} INFO - [2025-01-28T11:09:49.450+0000] {dag.py:3239} INFO - Sync 1 DAGs
[2025-01-28T11:09:49.472+0000] {logging_mixin.py:190} INFO - [2025-01-28T11:09:49.471+0000] {dag.py:4180} INFO - Setting next_dagrun for tutorial_objectstorage to None, run_after=None
[2025-01-28T11:09:50.363+0000] {processor.py:208} INFO - Processing /mnt/c/Users/Admin/Desktop/ud_data/Dataslush_umang/airflow/airflow_venv/lib/python3.12/site-packages/airflow/example_dags/tutorial_objectstorage.py took 1.170 seconds
[2025-01-28T11:11:22.143+0000] {processor.py:186} INFO - Started process (PID=20522) to work on /mnt/c/Users/Admin/Desktop/ud_data/Dataslush_umang/airflow/airflow_venv/lib/python3.12/site-packages/airflow/example_dags/tutorial_objectstorage.py
[2025-01-28T11:11:22.146+0000] {processor.py:914} INFO - Processing file /mnt/c/Users/Admin/Desktop/ud_data/Dataslush_umang/airflow/airflow_venv/lib/python3.12/site-packages/airflow/example_dags/tutorial_objectstorage.py for tasks to queue
[2025-01-28T11:11:22.154+0000] {logging_mixin.py:190} INFO - [2025-01-28T11:11:22.152+0000] {dagbag.py:588} INFO - Filling up the DagBag from /mnt/c/Users/Admin/Desktop/ud_data/Dataslush_umang/airflow/airflow_venv/lib/python3.12/site-packages/airflow/example_dags/tutorial_objectstorage.py
[2025-01-28T11:11:22.264+0000] {processor.py:925} INFO - DAG(s) 'tutorial_objectstorage' retrieved from /mnt/c/Users/Admin/Desktop/ud_data/Dataslush_umang/airflow/airflow_venv/lib/python3.12/site-packages/airflow/example_dags/tutorial_objectstorage.py
[2025-01-28T11:11:22.288+0000] {logging_mixin.py:190} INFO - [2025-01-28T11:11:22.287+0000] {dag.py:3239} INFO - Sync 1 DAGs
[2025-01-28T11:11:22.308+0000] {logging_mixin.py:190} INFO - [2025-01-28T11:11:22.307+0000] {dag.py:4180} INFO - Setting next_dagrun for tutorial_objectstorage to None, run_after=None
[2025-01-28T11:11:22.351+0000] {processor.py:208} INFO - Processing /mnt/c/Users/Admin/Desktop/ud_data/Dataslush_umang/airflow/airflow_venv/lib/python3.12/site-packages/airflow/example_dags/tutorial_objectstorage.py took 0.236 seconds
[2025-01-28T11:12:11.494+0000] {processor.py:186} INFO - Started process (PID=20582) to work on /mnt/c/Users/Admin/Desktop/ud_data/Dataslush_umang/airflow/airflow_venv/lib/python3.12/site-packages/airflow/example_dags/tutorial_objectstorage.py
[2025-01-28T11:12:11.497+0000] {processor.py:914} INFO - Processing file /mnt/c/Users/Admin/Desktop/ud_data/Dataslush_umang/airflow/airflow_venv/lib/python3.12/site-packages/airflow/example_dags/tutorial_objectstorage.py for tasks to queue
[2025-01-28T11:12:11.505+0000] {logging_mixin.py:190} INFO - [2025-01-28T11:12:11.503+0000] {dagbag.py:588} INFO - Filling up the DagBag from /mnt/c/Users/Admin/Desktop/ud_data/Dataslush_umang/airflow/airflow_venv/lib/python3.12/site-packages/airflow/example_dags/tutorial_objectstorage.py
[2025-01-28T11:12:11.628+0000] {processor.py:925} INFO - DAG(s) 'tutorial_objectstorage' retrieved from /mnt/c/Users/Admin/Desktop/ud_data/Dataslush_umang/airflow/airflow_venv/lib/python3.12/site-packages/airflow/example_dags/tutorial_objectstorage.py
[2025-01-28T11:12:11.659+0000] {logging_mixin.py:190} INFO - [2025-01-28T11:12:11.658+0000] {dag.py:3239} INFO - Sync 1 DAGs
[2025-01-28T11:12:11.678+0000] {logging_mixin.py:190} INFO - [2025-01-28T11:12:11.677+0000] {dag.py:4180} INFO - Setting next_dagrun for tutorial_objectstorage to None, run_after=None
[2025-01-28T11:12:11.724+0000] {processor.py:208} INFO - Processing /mnt/c/Users/Admin/Desktop/ud_data/Dataslush_umang/airflow/airflow_venv/lib/python3.12/site-packages/airflow/example_dags/tutorial_objectstorage.py took 0.260 seconds
[2025-01-28T11:12:57.906+0000] {processor.py:186} INFO - Started process (PID=20634) to work on /mnt/c/Users/Admin/Desktop/ud_data/Dataslush_umang/airflow/airflow_venv/lib/python3.12/site-packages/airflow/example_dags/tutorial_objectstorage.py
[2025-01-28T11:12:57.988+0000] {processor.py:914} INFO - Processing file /mnt/c/Users/Admin/Desktop/ud_data/Dataslush_umang/airflow/airflow_venv/lib/python3.12/site-packages/airflow/example_dags/tutorial_objectstorage.py for tasks to queue
[2025-01-28T11:12:57.994+0000] {logging_mixin.py:190} INFO - [2025-01-28T11:12:57.992+0000] {dagbag.py:588} INFO - Filling up the DagBag from /mnt/c/Users/Admin/Desktop/ud_data/Dataslush_umang/airflow/airflow_venv/lib/python3.12/site-packages/airflow/example_dags/tutorial_objectstorage.py
[2025-01-28T11:12:58.091+0000] {processor.py:925} INFO - DAG(s) 'tutorial_objectstorage' retrieved from /mnt/c/Users/Admin/Desktop/ud_data/Dataslush_umang/airflow/airflow_venv/lib/python3.12/site-packages/airflow/example_dags/tutorial_objectstorage.py
[2025-01-28T11:12:58.117+0000] {logging_mixin.py:190} INFO - [2025-01-28T11:12:58.115+0000] {dag.py:3239} INFO - Sync 1 DAGs
[2025-01-28T11:12:58.136+0000] {logging_mixin.py:190} INFO - [2025-01-28T11:12:58.134+0000] {dag.py:4180} INFO - Setting next_dagrun for tutorial_objectstorage to None, run_after=None
[2025-01-28T11:12:58.756+0000] {processor.py:208} INFO - Processing /mnt/c/Users/Admin/Desktop/ud_data/Dataslush_umang/airflow/airflow_venv/lib/python3.12/site-packages/airflow/example_dags/tutorial_objectstorage.py took 0.872 seconds
[2025-01-28T11:13:47.272+0000] {processor.py:186} INFO - Started process (PID=20693) to work on /mnt/c/Users/Admin/Desktop/ud_data/Dataslush_umang/airflow/airflow_venv/lib/python3.12/site-packages/airflow/example_dags/tutorial_objectstorage.py
[2025-01-28T11:13:47.276+0000] {processor.py:914} INFO - Processing file /mnt/c/Users/Admin/Desktop/ud_data/Dataslush_umang/airflow/airflow_venv/lib/python3.12/site-packages/airflow/example_dags/tutorial_objectstorage.py for tasks to queue
[2025-01-28T11:13:47.283+0000] {logging_mixin.py:190} INFO - [2025-01-28T11:13:47.281+0000] {dagbag.py:588} INFO - Filling up the DagBag from /mnt/c/Users/Admin/Desktop/ud_data/Dataslush_umang/airflow/airflow_venv/lib/python3.12/site-packages/airflow/example_dags/tutorial_objectstorage.py
[2025-01-28T11:13:47.389+0000] {processor.py:925} INFO - DAG(s) 'tutorial_objectstorage' retrieved from /mnt/c/Users/Admin/Desktop/ud_data/Dataslush_umang/airflow/airflow_venv/lib/python3.12/site-packages/airflow/example_dags/tutorial_objectstorage.py
[2025-01-28T11:13:47.426+0000] {logging_mixin.py:190} INFO - [2025-01-28T11:13:47.425+0000] {dag.py:3239} INFO - Sync 1 DAGs
[2025-01-28T11:13:47.447+0000] {logging_mixin.py:190} INFO - [2025-01-28T11:13:47.446+0000] {dag.py:4180} INFO - Setting next_dagrun for tutorial_objectstorage to None, run_after=None
[2025-01-28T11:13:47.489+0000] {processor.py:208} INFO - Processing /mnt/c/Users/Admin/Desktop/ud_data/Dataslush_umang/airflow/airflow_venv/lib/python3.12/site-packages/airflow/example_dags/tutorial_objectstorage.py took 0.243 seconds
[2025-01-28T11:14:31.358+0000] {processor.py:186} INFO - Started process (PID=20745) to work on /mnt/c/Users/Admin/Desktop/ud_data/Dataslush_umang/airflow/airflow_venv/lib/python3.12/site-packages/airflow/example_dags/tutorial_objectstorage.py
[2025-01-28T11:14:31.361+0000] {processor.py:914} INFO - Processing file /mnt/c/Users/Admin/Desktop/ud_data/Dataslush_umang/airflow/airflow_venv/lib/python3.12/site-packages/airflow/example_dags/tutorial_objectstorage.py for tasks to queue
[2025-01-28T11:14:31.367+0000] {logging_mixin.py:190} INFO - [2025-01-28T11:14:31.365+0000] {dagbag.py:588} INFO - Filling up the DagBag from /mnt/c/Users/Admin/Desktop/ud_data/Dataslush_umang/airflow/airflow_venv/lib/python3.12/site-packages/airflow/example_dags/tutorial_objectstorage.py
[2025-01-28T11:14:31.473+0000] {processor.py:925} INFO - DAG(s) 'tutorial_objectstorage' retrieved from /mnt/c/Users/Admin/Desktop/ud_data/Dataslush_umang/airflow/airflow_venv/lib/python3.12/site-packages/airflow/example_dags/tutorial_objectstorage.py
[2025-01-28T11:14:31.500+0000] {logging_mixin.py:190} INFO - [2025-01-28T11:14:31.498+0000] {dag.py:3239} INFO - Sync 1 DAGs
[2025-01-28T11:14:31.518+0000] {logging_mixin.py:190} INFO - [2025-01-28T11:14:31.516+0000] {dag.py:4180} INFO - Setting next_dagrun for tutorial_objectstorage to None, run_after=None
[2025-01-28T11:14:31.562+0000] {processor.py:208} INFO - Processing /mnt/c/Users/Admin/Desktop/ud_data/Dataslush_umang/airflow/airflow_venv/lib/python3.12/site-packages/airflow/example_dags/tutorial_objectstorage.py took 0.232 seconds
