[2025-01-28T10:11:15.675+0000] {processor.py:186} INFO - Started process (PID=14662) to work on /mnt/c/Users/Admin/Desktop/ud_data/Dataslush_umang/airflow/airflow_venv/lib/python3.12/site-packages/airflow/example_dags/tutorial_taskflow_templates.py
[2025-01-28T10:11:15.685+0000] {processor.py:914} INFO - Processing file /mnt/c/Users/Admin/Desktop/ud_data/Dataslush_umang/airflow/airflow_venv/lib/python3.12/site-packages/airflow/example_dags/tutorial_taskflow_templates.py for tasks to queue
[2025-01-28T10:11:15.691+0000] {logging_mixin.py:190} INFO - [2025-01-28T10:11:15.689+0000] {dagbag.py:588} INFO - Filling up the DagBag from /mnt/c/Users/Admin/Desktop/ud_data/Dataslush_umang/airflow/airflow_venv/lib/python3.12/site-packages/airflow/example_dags/tutorial_taskflow_templates.py
[2025-01-28T10:11:16.001+0000] {processor.py:925} INFO - DAG(s) 'tutorial_taskflow_templates' retrieved from /mnt/c/Users/Admin/Desktop/ud_data/Dataslush_umang/airflow/airflow_venv/lib/python3.12/site-packages/airflow/example_dags/tutorial_taskflow_templates.py
[2025-01-28T10:11:17.699+0000] {logging_mixin.py:190} INFO - [2025-01-28T10:11:17.697+0000] {override.py:1912} INFO - Created Permission View: can edit on DAG:tutorial_taskflow_templates
[2025-01-28T10:11:17.788+0000] {logging_mixin.py:190} INFO - [2025-01-28T10:11:17.786+0000] {override.py:1912} INFO - Created Permission View: can read on DAG:tutorial_taskflow_templates
[2025-01-28T10:11:17.813+0000] {logging_mixin.py:190} INFO - [2025-01-28T10:11:17.812+0000] {override.py:1912} INFO - Created Permission View: can delete on DAG:tutorial_taskflow_templates
[2025-01-28T10:11:47.945+0000] {logging_mixin.py:190} INFO - [2025-01-28T10:11:47.943+0000] {override.py:1912} INFO - Created Permission View: can create on DAG Run:tutorial_taskflow_templates
[2025-01-28T10:11:47.974+0000] {logging_mixin.py:190} INFO - [2025-01-28T10:11:47.971+0000] {override.py:1912} INFO - Created Permission View: menu access on DAG Run:tutorial_taskflow_templates
[2025-01-28T10:11:47.999+0000] {logging_mixin.py:190} INFO - [2025-01-28T10:11:47.998+0000] {override.py:1912} INFO - Created Permission View: can read on DAG Run:tutorial_taskflow_templates
[2025-01-28T10:11:48.026+0000] {logging_mixin.py:190} INFO - [2025-01-28T10:11:48.024+0000] {override.py:1912} INFO - Created Permission View: can delete on DAG Run:tutorial_taskflow_templates
[2025-01-28T10:11:48.030+0000] {logging_mixin.py:190} INFO - [2025-01-28T10:11:48.028+0000] {dag.py:3239} INFO - Sync 1 DAGs
[2025-01-28T10:11:48.050+0000] {logging_mixin.py:190} INFO - [2025-01-28T10:11:48.048+0000] {dag.py:3262} INFO - Creating ORM DAG for tutorial_taskflow_templates
[2025-01-28T10:11:48.065+0000] {logging_mixin.py:190} INFO - [2025-01-28T10:11:48.063+0000] {dag.py:4180} INFO - Setting next_dagrun for tutorial_taskflow_templates to 2025-01-27 00:00:00+00:00, run_after=2025-01-28 00:00:00+00:00
[2025-01-28T10:11:48.195+0000] {processor.py:208} INFO - Processing /mnt/c/Users/Admin/Desktop/ud_data/Dataslush_umang/airflow/airflow_venv/lib/python3.12/site-packages/airflow/example_dags/tutorial_taskflow_templates.py took 2.458 seconds
[2025-01-28T10:14:45.932+0000] {processor.py:186} INFO - Started process (PID=14945) to work on /mnt/c/Users/Admin/Desktop/ud_data/Dataslush_umang/airflow/airflow_venv/lib/python3.12/site-packages/airflow/example_dags/tutorial_taskflow_templates.py
[2025-01-28T10:14:45.936+0000] {processor.py:914} INFO - Processing file /mnt/c/Users/Admin/Desktop/ud_data/Dataslush_umang/airflow/airflow_venv/lib/python3.12/site-packages/airflow/example_dags/tutorial_taskflow_templates.py for tasks to queue
[2025-01-28T10:14:45.944+0000] {logging_mixin.py:190} INFO - [2025-01-28T10:14:45.941+0000] {dagbag.py:588} INFO - Filling up the DagBag from /mnt/c/Users/Admin/Desktop/ud_data/Dataslush_umang/airflow/airflow_venv/lib/python3.12/site-packages/airflow/example_dags/tutorial_taskflow_templates.py
[2025-01-28T10:14:46.057+0000] {processor.py:925} INFO - DAG(s) 'tutorial_taskflow_templates' retrieved from /mnt/c/Users/Admin/Desktop/ud_data/Dataslush_umang/airflow/airflow_venv/lib/python3.12/site-packages/airflow/example_dags/tutorial_taskflow_templates.py
[2025-01-28T10:14:46.086+0000] {logging_mixin.py:190} INFO - [2025-01-28T10:14:46.084+0000] {dag.py:3239} INFO - Sync 1 DAGs
[2025-01-28T10:14:46.111+0000] {logging_mixin.py:190} INFO - [2025-01-28T10:14:46.108+0000] {dag.py:4180} INFO - Setting next_dagrun for tutorial_taskflow_templates to 2025-01-27 00:00:00+00:00, run_after=2025-01-28 00:00:00+00:00
[2025-01-28T10:14:46.152+0000] {processor.py:208} INFO - Processing /mnt/c/Users/Admin/Desktop/ud_data/Dataslush_umang/airflow/airflow_venv/lib/python3.12/site-packages/airflow/example_dags/tutorial_taskflow_templates.py took 0.269 seconds
[2025-01-28T10:15:50.674+0000] {processor.py:186} INFO - Started process (PID=15035) to work on /mnt/c/Users/Admin/Desktop/ud_data/Dataslush_umang/airflow/airflow_venv/lib/python3.12/site-packages/airflow/example_dags/tutorial_taskflow_templates.py
[2025-01-28T10:15:50.676+0000] {processor.py:914} INFO - Processing file /mnt/c/Users/Admin/Desktop/ud_data/Dataslush_umang/airflow/airflow_venv/lib/python3.12/site-packages/airflow/example_dags/tutorial_taskflow_templates.py for tasks to queue
[2025-01-28T10:15:50.681+0000] {logging_mixin.py:190} INFO - [2025-01-28T10:15:50.679+0000] {dagbag.py:588} INFO - Filling up the DagBag from /mnt/c/Users/Admin/Desktop/ud_data/Dataslush_umang/airflow/airflow_venv/lib/python3.12/site-packages/airflow/example_dags/tutorial_taskflow_templates.py
[2025-01-28T10:15:50.788+0000] {processor.py:925} INFO - DAG(s) 'tutorial_taskflow_templates' retrieved from /mnt/c/Users/Admin/Desktop/ud_data/Dataslush_umang/airflow/airflow_venv/lib/python3.12/site-packages/airflow/example_dags/tutorial_taskflow_templates.py
[2025-01-28T10:15:50.813+0000] {logging_mixin.py:190} INFO - [2025-01-28T10:15:50.811+0000] {dag.py:3239} INFO - Sync 1 DAGs
[2025-01-28T10:15:50.835+0000] {logging_mixin.py:190} INFO - [2025-01-28T10:15:50.833+0000] {dag.py:4180} INFO - Setting next_dagrun for tutorial_taskflow_templates to 2025-01-27 00:00:00+00:00, run_after=2025-01-28 00:00:00+00:00
[2025-01-28T10:15:50.875+0000] {processor.py:208} INFO - Processing /mnt/c/Users/Admin/Desktop/ud_data/Dataslush_umang/airflow/airflow_venv/lib/python3.12/site-packages/airflow/example_dags/tutorial_taskflow_templates.py took 0.222 seconds
[2025-01-28T10:16:42.095+0000] {processor.py:186} INFO - Started process (PID=15135) to work on /mnt/c/Users/Admin/Desktop/ud_data/Dataslush_umang/airflow/airflow_venv/lib/python3.12/site-packages/airflow/example_dags/tutorial_taskflow_templates.py
[2025-01-28T10:16:42.098+0000] {processor.py:914} INFO - Processing file /mnt/c/Users/Admin/Desktop/ud_data/Dataslush_umang/airflow/airflow_venv/lib/python3.12/site-packages/airflow/example_dags/tutorial_taskflow_templates.py for tasks to queue
[2025-01-28T10:16:42.102+0000] {logging_mixin.py:190} INFO - [2025-01-28T10:16:42.100+0000] {dagbag.py:588} INFO - Filling up the DagBag from /mnt/c/Users/Admin/Desktop/ud_data/Dataslush_umang/airflow/airflow_venv/lib/python3.12/site-packages/airflow/example_dags/tutorial_taskflow_templates.py
[2025-01-28T10:16:42.233+0000] {processor.py:925} INFO - DAG(s) 'tutorial_taskflow_templates' retrieved from /mnt/c/Users/Admin/Desktop/ud_data/Dataslush_umang/airflow/airflow_venv/lib/python3.12/site-packages/airflow/example_dags/tutorial_taskflow_templates.py
[2025-01-28T10:16:42.267+0000] {logging_mixin.py:190} INFO - [2025-01-28T10:16:42.265+0000] {dag.py:3239} INFO - Sync 1 DAGs
[2025-01-28T10:16:42.317+0000] {logging_mixin.py:190} INFO - [2025-01-28T10:16:42.314+0000] {dag.py:4180} INFO - Setting next_dagrun for tutorial_taskflow_templates to 2025-01-27 00:00:00+00:00, run_after=2025-01-28 00:00:00+00:00
[2025-01-28T10:16:42.368+0000] {processor.py:208} INFO - Processing /mnt/c/Users/Admin/Desktop/ud_data/Dataslush_umang/airflow/airflow_venv/lib/python3.12/site-packages/airflow/example_dags/tutorial_taskflow_templates.py took 0.295 seconds
[2025-01-28T10:17:39.224+0000] {processor.py:186} INFO - Started process (PID=15228) to work on /mnt/c/Users/Admin/Desktop/ud_data/Dataslush_umang/airflow/airflow_venv/lib/python3.12/site-packages/airflow/example_dags/tutorial_taskflow_templates.py
[2025-01-28T10:17:39.282+0000] {processor.py:914} INFO - Processing file /mnt/c/Users/Admin/Desktop/ud_data/Dataslush_umang/airflow/airflow_venv/lib/python3.12/site-packages/airflow/example_dags/tutorial_taskflow_templates.py for tasks to queue
[2025-01-28T10:17:39.297+0000] {logging_mixin.py:190} INFO - [2025-01-28T10:17:39.292+0000] {dagbag.py:588} INFO - Filling up the DagBag from /mnt/c/Users/Admin/Desktop/ud_data/Dataslush_umang/airflow/airflow_venv/lib/python3.12/site-packages/airflow/example_dags/tutorial_taskflow_templates.py
[2025-01-28T10:17:39.692+0000] {processor.py:925} INFO - DAG(s) 'tutorial_taskflow_templates' retrieved from /mnt/c/Users/Admin/Desktop/ud_data/Dataslush_umang/airflow/airflow_venv/lib/python3.12/site-packages/airflow/example_dags/tutorial_taskflow_templates.py
[2025-01-28T10:17:39.761+0000] {logging_mixin.py:190} INFO - [2025-01-28T10:17:39.757+0000] {dag.py:3239} INFO - Sync 1 DAGs
[2025-01-28T10:17:39.826+0000] {logging_mixin.py:190} INFO - [2025-01-28T10:17:39.821+0000] {dag.py:4180} INFO - Setting next_dagrun for tutorial_taskflow_templates to 2025-01-27 00:00:00+00:00, run_after=2025-01-28 00:00:00+00:00
[2025-01-28T10:17:40.298+0000] {processor.py:208} INFO - Processing /mnt/c/Users/Admin/Desktop/ud_data/Dataslush_umang/airflow/airflow_venv/lib/python3.12/site-packages/airflow/example_dags/tutorial_taskflow_templates.py took 1.128 seconds
[2025-01-28T10:18:53.530+0000] {processor.py:186} INFO - Started process (PID=15369) to work on /mnt/c/Users/Admin/Desktop/ud_data/Dataslush_umang/airflow/airflow_venv/lib/python3.12/site-packages/airflow/example_dags/tutorial_taskflow_templates.py
[2025-01-28T10:18:53.537+0000] {processor.py:914} INFO - Processing file /mnt/c/Users/Admin/Desktop/ud_data/Dataslush_umang/airflow/airflow_venv/lib/python3.12/site-packages/airflow/example_dags/tutorial_taskflow_templates.py for tasks to queue
[2025-01-28T10:18:53.551+0000] {logging_mixin.py:190} INFO - [2025-01-28T10:18:53.547+0000] {dagbag.py:588} INFO - Filling up the DagBag from /mnt/c/Users/Admin/Desktop/ud_data/Dataslush_umang/airflow/airflow_venv/lib/python3.12/site-packages/airflow/example_dags/tutorial_taskflow_templates.py
[2025-01-28T10:19:23.943+0000] {processor.py:925} INFO - DAG(s) 'tutorial_taskflow_templates' retrieved from /mnt/c/Users/Admin/Desktop/ud_data/Dataslush_umang/airflow/airflow_venv/lib/python3.12/site-packages/airflow/example_dags/tutorial_taskflow_templates.py
[2025-01-28T10:19:23.972+0000] {logging_mixin.py:190} INFO - [2025-01-28T10:19:23.970+0000] {dag.py:3239} INFO - Sync 1 DAGs
[2025-01-28T10:19:23.999+0000] {logging_mixin.py:190} INFO - [2025-01-28T10:19:23.998+0000] {dag.py:4180} INFO - Setting next_dagrun for tutorial_taskflow_templates to 2025-01-27 00:00:00+00:00, run_after=2025-01-28 00:00:00+00:00
[2025-01-28T10:19:24.050+0000] {processor.py:208} INFO - Processing /mnt/c/Users/Admin/Desktop/ud_data/Dataslush_umang/airflow/airflow_venv/lib/python3.12/site-packages/airflow/example_dags/tutorial_taskflow_templates.py took 0.473 seconds
[2025-01-28T10:20:09.342+0000] {processor.py:186} INFO - Started process (PID=15463) to work on /mnt/c/Users/Admin/Desktop/ud_data/Dataslush_umang/airflow/airflow_venv/lib/python3.12/site-packages/airflow/example_dags/tutorial_taskflow_templates.py
[2025-01-28T10:20:09.691+0000] {processor.py:914} INFO - Processing file /mnt/c/Users/Admin/Desktop/ud_data/Dataslush_umang/airflow/airflow_venv/lib/python3.12/site-packages/airflow/example_dags/tutorial_taskflow_templates.py for tasks to queue
[2025-01-28T10:20:09.708+0000] {logging_mixin.py:190} INFO - [2025-01-28T10:20:09.703+0000] {dagbag.py:588} INFO - Filling up the DagBag from /mnt/c/Users/Admin/Desktop/ud_data/Dataslush_umang/airflow/airflow_venv/lib/python3.12/site-packages/airflow/example_dags/tutorial_taskflow_templates.py
[2025-01-28T10:20:10.092+0000] {processor.py:925} INFO - DAG(s) 'tutorial_taskflow_templates' retrieved from /mnt/c/Users/Admin/Desktop/ud_data/Dataslush_umang/airflow/airflow_venv/lib/python3.12/site-packages/airflow/example_dags/tutorial_taskflow_templates.py
[2025-01-28T10:20:10.167+0000] {logging_mixin.py:190} INFO - [2025-01-28T10:20:10.164+0000] {dag.py:3239} INFO - Sync 1 DAGs
[2025-01-28T10:20:10.205+0000] {logging_mixin.py:190} INFO - [2025-01-28T10:20:10.204+0000] {dag.py:4180} INFO - Setting next_dagrun for tutorial_taskflow_templates to 2025-01-27 00:00:00+00:00, run_after=2025-01-28 00:00:00+00:00
[2025-01-28T10:20:10.478+0000] {processor.py:208} INFO - Processing /mnt/c/Users/Admin/Desktop/ud_data/Dataslush_umang/airflow/airflow_venv/lib/python3.12/site-packages/airflow/example_dags/tutorial_taskflow_templates.py took 1.160 seconds
[2025-01-28T10:21:40.178+0000] {processor.py:186} INFO - Started process (PID=15606) to work on /mnt/c/Users/Admin/Desktop/ud_data/Dataslush_umang/airflow/airflow_venv/lib/python3.12/site-packages/airflow/example_dags/tutorial_taskflow_templates.py
[2025-01-28T10:21:40.193+0000] {processor.py:914} INFO - Processing file /mnt/c/Users/Admin/Desktop/ud_data/Dataslush_umang/airflow/airflow_venv/lib/python3.12/site-packages/airflow/example_dags/tutorial_taskflow_templates.py for tasks to queue
[2025-01-28T10:21:40.206+0000] {logging_mixin.py:190} INFO - [2025-01-28T10:21:40.202+0000] {dagbag.py:588} INFO - Filling up the DagBag from /mnt/c/Users/Admin/Desktop/ud_data/Dataslush_umang/airflow/airflow_venv/lib/python3.12/site-packages/airflow/example_dags/tutorial_taskflow_templates.py
[2025-01-28T10:21:40.561+0000] {processor.py:925} INFO - DAG(s) 'tutorial_taskflow_templates' retrieved from /mnt/c/Users/Admin/Desktop/ud_data/Dataslush_umang/airflow/airflow_venv/lib/python3.12/site-packages/airflow/example_dags/tutorial_taskflow_templates.py
[2025-01-28T10:21:40.650+0000] {logging_mixin.py:190} INFO - [2025-01-28T10:21:40.645+0000] {dag.py:3239} INFO - Sync 1 DAGs
[2025-01-28T10:21:40.719+0000] {logging_mixin.py:190} INFO - [2025-01-28T10:21:40.716+0000] {dag.py:4180} INFO - Setting next_dagrun for tutorial_taskflow_templates to 2025-01-27 00:00:00+00:00, run_after=2025-01-28 00:00:00+00:00
[2025-01-28T10:21:40.777+0000] {processor.py:208} INFO - Processing /mnt/c/Users/Admin/Desktop/ud_data/Dataslush_umang/airflow/airflow_venv/lib/python3.12/site-packages/airflow/example_dags/tutorial_taskflow_templates.py took 0.667 seconds
[2025-01-28T10:23:22.318+0000] {processor.py:186} INFO - Started process (PID=15793) to work on /mnt/c/Users/Admin/Desktop/ud_data/Dataslush_umang/airflow/airflow_venv/lib/python3.12/site-packages/airflow/example_dags/tutorial_taskflow_templates.py
[2025-01-28T10:23:22.321+0000] {processor.py:914} INFO - Processing file /mnt/c/Users/Admin/Desktop/ud_data/Dataslush_umang/airflow/airflow_venv/lib/python3.12/site-packages/airflow/example_dags/tutorial_taskflow_templates.py for tasks to queue
[2025-01-28T10:23:22.328+0000] {logging_mixin.py:190} INFO - [2025-01-28T10:23:22.326+0000] {dagbag.py:588} INFO - Filling up the DagBag from /mnt/c/Users/Admin/Desktop/ud_data/Dataslush_umang/airflow/airflow_venv/lib/python3.12/site-packages/airflow/example_dags/tutorial_taskflow_templates.py
[2025-01-28T10:23:22.438+0000] {processor.py:925} INFO - DAG(s) 'tutorial_taskflow_templates' retrieved from /mnt/c/Users/Admin/Desktop/ud_data/Dataslush_umang/airflow/airflow_venv/lib/python3.12/site-packages/airflow/example_dags/tutorial_taskflow_templates.py
[2025-01-28T10:23:22.598+0000] {logging_mixin.py:190} INFO - [2025-01-28T10:23:22.596+0000] {dag.py:3239} INFO - Sync 1 DAGs
[2025-01-28T10:23:22.622+0000] {logging_mixin.py:190} INFO - [2025-01-28T10:23:22.621+0000] {dag.py:4180} INFO - Setting next_dagrun for tutorial_taskflow_templates to 2025-01-27 00:00:00+00:00, run_after=2025-01-28 00:00:00+00:00
[2025-01-28T10:23:22.666+0000] {processor.py:208} INFO - Processing /mnt/c/Users/Admin/Desktop/ud_data/Dataslush_umang/airflow/airflow_venv/lib/python3.12/site-packages/airflow/example_dags/tutorial_taskflow_templates.py took 0.370 seconds
[2025-01-28T10:25:02.234+0000] {processor.py:186} INFO - Started process (PID=15992) to work on /mnt/c/Users/Admin/Desktop/ud_data/Dataslush_umang/airflow/airflow_venv/lib/python3.12/site-packages/airflow/example_dags/tutorial_taskflow_templates.py
[2025-01-28T10:25:02.282+0000] {processor.py:914} INFO - Processing file /mnt/c/Users/Admin/Desktop/ud_data/Dataslush_umang/airflow/airflow_venv/lib/python3.12/site-packages/airflow/example_dags/tutorial_taskflow_templates.py for tasks to queue
[2025-01-28T10:25:02.292+0000] {logging_mixin.py:190} INFO - [2025-01-28T10:25:02.289+0000] {dagbag.py:588} INFO - Filling up the DagBag from /mnt/c/Users/Admin/Desktop/ud_data/Dataslush_umang/airflow/airflow_venv/lib/python3.12/site-packages/airflow/example_dags/tutorial_taskflow_templates.py
[2025-01-28T10:25:02.592+0000] {processor.py:925} INFO - DAG(s) 'tutorial_taskflow_templates' retrieved from /mnt/c/Users/Admin/Desktop/ud_data/Dataslush_umang/airflow/airflow_venv/lib/python3.12/site-packages/airflow/example_dags/tutorial_taskflow_templates.py
[2025-01-28T10:25:02.655+0000] {logging_mixin.py:190} INFO - [2025-01-28T10:25:02.651+0000] {dag.py:3239} INFO - Sync 1 DAGs
[2025-01-28T10:25:02.722+0000] {logging_mixin.py:190} INFO - [2025-01-28T10:25:02.718+0000] {dag.py:4180} INFO - Setting next_dagrun for tutorial_taskflow_templates to 2025-01-27 00:00:00+00:00, run_after=2025-01-28 00:00:00+00:00
[2025-01-28T10:25:03.144+0000] {processor.py:208} INFO - Processing /mnt/c/Users/Admin/Desktop/ud_data/Dataslush_umang/airflow/airflow_venv/lib/python3.12/site-packages/airflow/example_dags/tutorial_taskflow_templates.py took 0.965 seconds
[2025-01-28T10:26:18.928+0000] {processor.py:186} INFO - Started process (PID=16139) to work on /mnt/c/Users/Admin/Desktop/ud_data/Dataslush_umang/airflow/airflow_venv/lib/python3.12/site-packages/airflow/example_dags/tutorial_taskflow_templates.py
[2025-01-28T10:26:18.931+0000] {processor.py:914} INFO - Processing file /mnt/c/Users/Admin/Desktop/ud_data/Dataslush_umang/airflow/airflow_venv/lib/python3.12/site-packages/airflow/example_dags/tutorial_taskflow_templates.py for tasks to queue
[2025-01-28T10:26:18.937+0000] {logging_mixin.py:190} INFO - [2025-01-28T10:26:18.935+0000] {dagbag.py:588} INFO - Filling up the DagBag from /mnt/c/Users/Admin/Desktop/ud_data/Dataslush_umang/airflow/airflow_venv/lib/python3.12/site-packages/airflow/example_dags/tutorial_taskflow_templates.py
[2025-01-28T10:26:19.055+0000] {processor.py:925} INFO - DAG(s) 'tutorial_taskflow_templates' retrieved from /mnt/c/Users/Admin/Desktop/ud_data/Dataslush_umang/airflow/airflow_venv/lib/python3.12/site-packages/airflow/example_dags/tutorial_taskflow_templates.py
[2025-01-28T10:26:19.086+0000] {logging_mixin.py:190} INFO - [2025-01-28T10:26:19.084+0000] {dag.py:3239} INFO - Sync 1 DAGs
[2025-01-28T10:26:19.113+0000] {logging_mixin.py:190} INFO - [2025-01-28T10:26:19.112+0000] {dag.py:4180} INFO - Setting next_dagrun for tutorial_taskflow_templates to 2025-01-27 00:00:00+00:00, run_after=2025-01-28 00:00:00+00:00
[2025-01-28T10:26:19.255+0000] {processor.py:208} INFO - Processing /mnt/c/Users/Admin/Desktop/ud_data/Dataslush_umang/airflow/airflow_venv/lib/python3.12/site-packages/airflow/example_dags/tutorial_taskflow_templates.py took 0.352 seconds
[2025-01-28T10:27:42.421+0000] {processor.py:186} INFO - Started process (PID=16270) to work on /mnt/c/Users/Admin/Desktop/ud_data/Dataslush_umang/airflow/airflow_venv/lib/python3.12/site-packages/airflow/example_dags/tutorial_taskflow_templates.py
[2025-01-28T10:27:42.444+0000] {processor.py:914} INFO - Processing file /mnt/c/Users/Admin/Desktop/ud_data/Dataslush_umang/airflow/airflow_venv/lib/python3.12/site-packages/airflow/example_dags/tutorial_taskflow_templates.py for tasks to queue
[2025-01-28T10:27:42.454+0000] {logging_mixin.py:190} INFO - [2025-01-28T10:27:42.452+0000] {dagbag.py:588} INFO - Filling up the DagBag from /mnt/c/Users/Admin/Desktop/ud_data/Dataslush_umang/airflow/airflow_venv/lib/python3.12/site-packages/airflow/example_dags/tutorial_taskflow_templates.py
[2025-01-28T10:27:42.700+0000] {processor.py:925} INFO - DAG(s) 'tutorial_taskflow_templates' retrieved from /mnt/c/Users/Admin/Desktop/ud_data/Dataslush_umang/airflow/airflow_venv/lib/python3.12/site-packages/airflow/example_dags/tutorial_taskflow_templates.py
[2025-01-28T10:27:42.751+0000] {logging_mixin.py:190} INFO - [2025-01-28T10:27:42.748+0000] {dag.py:3239} INFO - Sync 1 DAGs
[2025-01-28T10:27:42.819+0000] {logging_mixin.py:190} INFO - [2025-01-28T10:27:42.816+0000] {dag.py:4180} INFO - Setting next_dagrun for tutorial_taskflow_templates to 2025-01-27 00:00:00+00:00, run_after=2025-01-28 00:00:00+00:00
[2025-01-28T10:27:42.910+0000] {processor.py:208} INFO - Processing /mnt/c/Users/Admin/Desktop/ud_data/Dataslush_umang/airflow/airflow_venv/lib/python3.12/site-packages/airflow/example_dags/tutorial_taskflow_templates.py took 0.551 seconds
[2025-01-28T10:29:07.971+0000] {processor.py:186} INFO - Started process (PID=16348) to work on /mnt/c/Users/Admin/Desktop/ud_data/Dataslush_umang/airflow/airflow_venv/lib/python3.12/site-packages/airflow/example_dags/tutorial_taskflow_templates.py
[2025-01-28T10:29:08.209+0000] {processor.py:914} INFO - Processing file /mnt/c/Users/Admin/Desktop/ud_data/Dataslush_umang/airflow/airflow_venv/lib/python3.12/site-packages/airflow/example_dags/tutorial_taskflow_templates.py for tasks to queue
[2025-01-28T10:29:08.223+0000] {logging_mixin.py:190} INFO - [2025-01-28T10:29:08.219+0000] {dagbag.py:588} INFO - Filling up the DagBag from /mnt/c/Users/Admin/Desktop/ud_data/Dataslush_umang/airflow/airflow_venv/lib/python3.12/site-packages/airflow/example_dags/tutorial_taskflow_templates.py
[2025-01-28T10:29:08.534+0000] {processor.py:925} INFO - DAG(s) 'tutorial_taskflow_templates' retrieved from /mnt/c/Users/Admin/Desktop/ud_data/Dataslush_umang/airflow/airflow_venv/lib/python3.12/site-packages/airflow/example_dags/tutorial_taskflow_templates.py
[2025-01-28T10:29:08.585+0000] {logging_mixin.py:190} INFO - [2025-01-28T10:29:08.583+0000] {dag.py:3239} INFO - Sync 1 DAGs
[2025-01-28T10:29:08.653+0000] {logging_mixin.py:190} INFO - [2025-01-28T10:29:08.650+0000] {dag.py:4180} INFO - Setting next_dagrun for tutorial_taskflow_templates to 2025-01-27 00:00:00+00:00, run_after=2025-01-28 00:00:00+00:00
[2025-01-28T10:29:08.958+0000] {processor.py:208} INFO - Processing /mnt/c/Users/Admin/Desktop/ud_data/Dataslush_umang/airflow/airflow_venv/lib/python3.12/site-packages/airflow/example_dags/tutorial_taskflow_templates.py took 1.030 seconds
[2025-01-28T10:30:31.343+0000] {processor.py:186} INFO - Started process (PID=16442) to work on /mnt/c/Users/Admin/Desktop/ud_data/Dataslush_umang/airflow/airflow_venv/lib/python3.12/site-packages/airflow/example_dags/tutorial_taskflow_templates.py
[2025-01-28T10:30:31.399+0000] {processor.py:914} INFO - Processing file /mnt/c/Users/Admin/Desktop/ud_data/Dataslush_umang/airflow/airflow_venv/lib/python3.12/site-packages/airflow/example_dags/tutorial_taskflow_templates.py for tasks to queue
[2025-01-28T10:30:31.415+0000] {logging_mixin.py:190} INFO - [2025-01-28T10:30:31.410+0000] {dagbag.py:588} INFO - Filling up the DagBag from /mnt/c/Users/Admin/Desktop/ud_data/Dataslush_umang/airflow/airflow_venv/lib/python3.12/site-packages/airflow/example_dags/tutorial_taskflow_templates.py
[2025-01-28T10:30:31.667+0000] {processor.py:925} INFO - DAG(s) 'tutorial_taskflow_templates' retrieved from /mnt/c/Users/Admin/Desktop/ud_data/Dataslush_umang/airflow/airflow_venv/lib/python3.12/site-packages/airflow/example_dags/tutorial_taskflow_templates.py
[2025-01-28T10:30:31.694+0000] {logging_mixin.py:190} INFO - [2025-01-28T10:30:31.692+0000] {dag.py:3239} INFO - Sync 1 DAGs
[2025-01-28T10:30:31.721+0000] {logging_mixin.py:190} INFO - [2025-01-28T10:30:31.718+0000] {dag.py:4180} INFO - Setting next_dagrun for tutorial_taskflow_templates to 2025-01-27 00:00:00+00:00, run_after=2025-01-28 00:00:00+00:00
[2025-01-28T10:31:02.563+0000] {processor.py:208} INFO - Processing /mnt/c/Users/Admin/Desktop/ud_data/Dataslush_umang/airflow/airflow_venv/lib/python3.12/site-packages/airflow/example_dags/tutorial_taskflow_templates.py took 1.156 seconds
[2025-01-28T10:32:48.054+0000] {processor.py:186} INFO - Started process (PID=16663) to work on /mnt/c/Users/Admin/Desktop/ud_data/Dataslush_umang/airflow/airflow_venv/lib/python3.12/site-packages/airflow/example_dags/tutorial_taskflow_templates.py
[2025-01-28T10:32:48.057+0000] {processor.py:914} INFO - Processing file /mnt/c/Users/Admin/Desktop/ud_data/Dataslush_umang/airflow/airflow_venv/lib/python3.12/site-packages/airflow/example_dags/tutorial_taskflow_templates.py for tasks to queue
[2025-01-28T10:32:48.064+0000] {logging_mixin.py:190} INFO - [2025-01-28T10:32:48.062+0000] {dagbag.py:588} INFO - Filling up the DagBag from /mnt/c/Users/Admin/Desktop/ud_data/Dataslush_umang/airflow/airflow_venv/lib/python3.12/site-packages/airflow/example_dags/tutorial_taskflow_templates.py
[2025-01-28T10:32:48.373+0000] {processor.py:925} INFO - DAG(s) 'tutorial_taskflow_templates' retrieved from /mnt/c/Users/Admin/Desktop/ud_data/Dataslush_umang/airflow/airflow_venv/lib/python3.12/site-packages/airflow/example_dags/tutorial_taskflow_templates.py
[2025-01-28T10:32:48.411+0000] {logging_mixin.py:190} INFO - [2025-01-28T10:32:48.410+0000] {dag.py:3239} INFO - Sync 1 DAGs
[2025-01-28T10:32:48.444+0000] {logging_mixin.py:190} INFO - [2025-01-28T10:32:48.443+0000] {dag.py:4180} INFO - Setting next_dagrun for tutorial_taskflow_templates to 2025-01-27 00:00:00+00:00, run_after=2025-01-28 00:00:00+00:00
[2025-01-28T10:32:48.584+0000] {processor.py:208} INFO - Processing /mnt/c/Users/Admin/Desktop/ud_data/Dataslush_umang/airflow/airflow_venv/lib/python3.12/site-packages/airflow/example_dags/tutorial_taskflow_templates.py took 0.560 seconds
[2025-01-28T10:33:57.872+0000] {processor.py:186} INFO - Started process (PID=16791) to work on /mnt/c/Users/Admin/Desktop/ud_data/Dataslush_umang/airflow/airflow_venv/lib/python3.12/site-packages/airflow/example_dags/tutorial_taskflow_templates.py
[2025-01-28T10:33:57.875+0000] {processor.py:914} INFO - Processing file /mnt/c/Users/Admin/Desktop/ud_data/Dataslush_umang/airflow/airflow_venv/lib/python3.12/site-packages/airflow/example_dags/tutorial_taskflow_templates.py for tasks to queue
[2025-01-28T10:33:57.880+0000] {logging_mixin.py:190} INFO - [2025-01-28T10:33:57.879+0000] {dagbag.py:588} INFO - Filling up the DagBag from /mnt/c/Users/Admin/Desktop/ud_data/Dataslush_umang/airflow/airflow_venv/lib/python3.12/site-packages/airflow/example_dags/tutorial_taskflow_templates.py
[2025-01-28T10:33:57.989+0000] {processor.py:925} INFO - DAG(s) 'tutorial_taskflow_templates' retrieved from /mnt/c/Users/Admin/Desktop/ud_data/Dataslush_umang/airflow/airflow_venv/lib/python3.12/site-packages/airflow/example_dags/tutorial_taskflow_templates.py
[2025-01-28T10:33:58.038+0000] {logging_mixin.py:190} INFO - [2025-01-28T10:33:58.037+0000] {dag.py:3239} INFO - Sync 1 DAGs
[2025-01-28T10:33:58.068+0000] {logging_mixin.py:190} INFO - [2025-01-28T10:33:58.067+0000] {dag.py:4180} INFO - Setting next_dagrun for tutorial_taskflow_templates to 2025-01-27 00:00:00+00:00, run_after=2025-01-28 00:00:00+00:00
[2025-01-28T10:33:58.106+0000] {processor.py:208} INFO - Processing /mnt/c/Users/Admin/Desktop/ud_data/Dataslush_umang/airflow/airflow_venv/lib/python3.12/site-packages/airflow/example_dags/tutorial_taskflow_templates.py took 0.290 seconds
[2025-01-28T10:35:21.649+0000] {processor.py:186} INFO - Started process (PID=16923) to work on /mnt/c/Users/Admin/Desktop/ud_data/Dataslush_umang/airflow/airflow_venv/lib/python3.12/site-packages/airflow/example_dags/tutorial_taskflow_templates.py
[2025-01-28T10:35:21.876+0000] {processor.py:914} INFO - Processing file /mnt/c/Users/Admin/Desktop/ud_data/Dataslush_umang/airflow/airflow_venv/lib/python3.12/site-packages/airflow/example_dags/tutorial_taskflow_templates.py for tasks to queue
[2025-01-28T10:35:21.893+0000] {logging_mixin.py:190} INFO - [2025-01-28T10:35:21.888+0000] {dagbag.py:588} INFO - Filling up the DagBag from /mnt/c/Users/Admin/Desktop/ud_data/Dataslush_umang/airflow/airflow_venv/lib/python3.12/site-packages/airflow/example_dags/tutorial_taskflow_templates.py
[2025-01-28T10:35:22.273+0000] {processor.py:925} INFO - DAG(s) 'tutorial_taskflow_templates' retrieved from /mnt/c/Users/Admin/Desktop/ud_data/Dataslush_umang/airflow/airflow_venv/lib/python3.12/site-packages/airflow/example_dags/tutorial_taskflow_templates.py
[2025-01-28T10:35:22.315+0000] {logging_mixin.py:190} INFO - [2025-01-28T10:35:22.312+0000] {dag.py:3239} INFO - Sync 1 DAGs
[2025-01-28T10:35:22.343+0000] {logging_mixin.py:190} INFO - [2025-01-28T10:35:22.340+0000] {dag.py:4180} INFO - Setting next_dagrun for tutorial_taskflow_templates to 2025-01-27 00:00:00+00:00, run_after=2025-01-28 00:00:00+00:00
[2025-01-28T10:35:23.469+0000] {processor.py:208} INFO - Processing /mnt/c/Users/Admin/Desktop/ud_data/Dataslush_umang/airflow/airflow_venv/lib/python3.12/site-packages/airflow/example_dags/tutorial_taskflow_templates.py took 1.894 seconds
[2025-01-28T10:37:15.463+0000] {processor.py:186} INFO - Started process (PID=17042) to work on /mnt/c/Users/Admin/Desktop/ud_data/Dataslush_umang/airflow/airflow_venv/lib/python3.12/site-packages/airflow/example_dags/tutorial_taskflow_templates.py
[2025-01-28T10:37:15.661+0000] {processor.py:914} INFO - Processing file /mnt/c/Users/Admin/Desktop/ud_data/Dataslush_umang/airflow/airflow_venv/lib/python3.12/site-packages/airflow/example_dags/tutorial_taskflow_templates.py for tasks to queue
[2025-01-28T10:37:15.667+0000] {logging_mixin.py:190} INFO - [2025-01-28T10:37:15.665+0000] {dagbag.py:588} INFO - Filling up the DagBag from /mnt/c/Users/Admin/Desktop/ud_data/Dataslush_umang/airflow/airflow_venv/lib/python3.12/site-packages/airflow/example_dags/tutorial_taskflow_templates.py
[2025-01-28T10:36:45.729+0000] {processor.py:925} INFO - DAG(s) 'tutorial_taskflow_templates' retrieved from /mnt/c/Users/Admin/Desktop/ud_data/Dataslush_umang/airflow/airflow_venv/lib/python3.12/site-packages/airflow/example_dags/tutorial_taskflow_templates.py
[2025-01-28T10:36:45.759+0000] {logging_mixin.py:190} INFO - [2025-01-28T10:36:45.758+0000] {dag.py:3239} INFO - Sync 1 DAGs
[2025-01-28T10:36:45.799+0000] {logging_mixin.py:190} INFO - [2025-01-28T10:36:45.798+0000] {dag.py:4180} INFO - Setting next_dagrun for tutorial_taskflow_templates to 2025-01-27 00:00:00+00:00, run_after=2025-01-28 00:00:00+00:00
[2025-01-28T10:36:46.225+0000] {processor.py:208} INFO - Processing /mnt/c/Users/Admin/Desktop/ud_data/Dataslush_umang/airflow/airflow_venv/lib/python3.12/site-packages/airflow/example_dags/tutorial_taskflow_templates.py took 0.912 seconds
[2025-01-28T10:38:15.271+0000] {processor.py:186} INFO - Started process (PID=17145) to work on /mnt/c/Users/Admin/Desktop/ud_data/Dataslush_umang/airflow/airflow_venv/lib/python3.12/site-packages/airflow/example_dags/tutorial_taskflow_templates.py
[2025-01-28T10:38:15.279+0000] {processor.py:914} INFO - Processing file /mnt/c/Users/Admin/Desktop/ud_data/Dataslush_umang/airflow/airflow_venv/lib/python3.12/site-packages/airflow/example_dags/tutorial_taskflow_templates.py for tasks to queue
[2025-01-28T10:38:15.294+0000] {logging_mixin.py:190} INFO - [2025-01-28T10:38:15.289+0000] {dagbag.py:588} INFO - Filling up the DagBag from /mnt/c/Users/Admin/Desktop/ud_data/Dataslush_umang/airflow/airflow_venv/lib/python3.12/site-packages/airflow/example_dags/tutorial_taskflow_templates.py
[2025-01-28T10:38:45.752+0000] {processor.py:925} INFO - DAG(s) 'tutorial_taskflow_templates' retrieved from /mnt/c/Users/Admin/Desktop/ud_data/Dataslush_umang/airflow/airflow_venv/lib/python3.12/site-packages/airflow/example_dags/tutorial_taskflow_templates.py
[2025-01-28T10:38:45.814+0000] {logging_mixin.py:190} INFO - [2025-01-28T10:38:45.812+0000] {dag.py:3239} INFO - Sync 1 DAGs
[2025-01-28T10:38:45.860+0000] {logging_mixin.py:190} INFO - [2025-01-28T10:38:45.858+0000] {dag.py:4180} INFO - Setting next_dagrun for tutorial_taskflow_templates to 2025-01-27 00:00:00+00:00, run_after=2025-01-28 00:00:00+00:00
[2025-01-28T10:38:15.938+0000] {processor.py:208} INFO - Processing /mnt/c/Users/Admin/Desktop/ud_data/Dataslush_umang/airflow/airflow_venv/lib/python3.12/site-packages/airflow/example_dags/tutorial_taskflow_templates.py took 0.739 seconds
[2025-01-28T10:40:04.201+0000] {processor.py:186} INFO - Started process (PID=17318) to work on /mnt/c/Users/Admin/Desktop/ud_data/Dataslush_umang/airflow/airflow_venv/lib/python3.12/site-packages/airflow/example_dags/tutorial_taskflow_templates.py
[2025-01-28T10:40:04.208+0000] {processor.py:914} INFO - Processing file /mnt/c/Users/Admin/Desktop/ud_data/Dataslush_umang/airflow/airflow_venv/lib/python3.12/site-packages/airflow/example_dags/tutorial_taskflow_templates.py for tasks to queue
[2025-01-28T10:40:04.224+0000] {logging_mixin.py:190} INFO - [2025-01-28T10:40:04.219+0000] {dagbag.py:588} INFO - Filling up the DagBag from /mnt/c/Users/Admin/Desktop/ud_data/Dataslush_umang/airflow/airflow_venv/lib/python3.12/site-packages/airflow/example_dags/tutorial_taskflow_templates.py
[2025-01-28T10:40:04.569+0000] {processor.py:925} INFO - DAG(s) 'tutorial_taskflow_templates' retrieved from /mnt/c/Users/Admin/Desktop/ud_data/Dataslush_umang/airflow/airflow_venv/lib/python3.12/site-packages/airflow/example_dags/tutorial_taskflow_templates.py
[2025-01-28T10:40:04.651+0000] {logging_mixin.py:190} INFO - [2025-01-28T10:40:04.646+0000] {dag.py:3239} INFO - Sync 1 DAGs
[2025-01-28T10:40:04.696+0000] {logging_mixin.py:190} INFO - [2025-01-28T10:40:04.694+0000] {dag.py:4180} INFO - Setting next_dagrun for tutorial_taskflow_templates to 2025-01-27 00:00:00+00:00, run_after=2025-01-28 00:00:00+00:00
[2025-01-28T10:40:04.766+0000] {processor.py:208} INFO - Processing /mnt/c/Users/Admin/Desktop/ud_data/Dataslush_umang/airflow/airflow_venv/lib/python3.12/site-packages/airflow/example_dags/tutorial_taskflow_templates.py took 0.613 seconds
[2025-01-28T10:40:56.289+0000] {processor.py:186} INFO - Started process (PID=17384) to work on /mnt/c/Users/Admin/Desktop/ud_data/Dataslush_umang/airflow/airflow_venv/lib/python3.12/site-packages/airflow/example_dags/tutorial_taskflow_templates.py
[2025-01-28T10:40:56.320+0000] {processor.py:914} INFO - Processing file /mnt/c/Users/Admin/Desktop/ud_data/Dataslush_umang/airflow/airflow_venv/lib/python3.12/site-packages/airflow/example_dags/tutorial_taskflow_templates.py for tasks to queue
[2025-01-28T10:40:56.326+0000] {logging_mixin.py:190} INFO - [2025-01-28T10:40:56.324+0000] {dagbag.py:588} INFO - Filling up the DagBag from /mnt/c/Users/Admin/Desktop/ud_data/Dataslush_umang/airflow/airflow_venv/lib/python3.12/site-packages/airflow/example_dags/tutorial_taskflow_templates.py
[2025-01-28T10:40:56.432+0000] {processor.py:925} INFO - DAG(s) 'tutorial_taskflow_templates' retrieved from /mnt/c/Users/Admin/Desktop/ud_data/Dataslush_umang/airflow/airflow_venv/lib/python3.12/site-packages/airflow/example_dags/tutorial_taskflow_templates.py
[2025-01-28T10:40:56.477+0000] {logging_mixin.py:190} INFO - [2025-01-28T10:40:56.473+0000] {dag.py:3239} INFO - Sync 1 DAGs
[2025-01-28T10:40:56.510+0000] {logging_mixin.py:190} INFO - [2025-01-28T10:40:56.508+0000] {dag.py:4180} INFO - Setting next_dagrun for tutorial_taskflow_templates to 2025-01-27 00:00:00+00:00, run_after=2025-01-28 00:00:00+00:00
[2025-01-28T10:40:58.145+0000] {processor.py:208} INFO - Processing /mnt/c/Users/Admin/Desktop/ud_data/Dataslush_umang/airflow/airflow_venv/lib/python3.12/site-packages/airflow/example_dags/tutorial_taskflow_templates.py took 1.878 seconds
[2025-01-28T10:42:16.406+0000] {processor.py:186} INFO - Started process (PID=17473) to work on /mnt/c/Users/Admin/Desktop/ud_data/Dataslush_umang/airflow/airflow_venv/lib/python3.12/site-packages/airflow/example_dags/tutorial_taskflow_templates.py
[2025-01-28T10:42:16.408+0000] {processor.py:914} INFO - Processing file /mnt/c/Users/Admin/Desktop/ud_data/Dataslush_umang/airflow/airflow_venv/lib/python3.12/site-packages/airflow/example_dags/tutorial_taskflow_templates.py for tasks to queue
[2025-01-28T10:41:46.327+0000] {logging_mixin.py:190} INFO - [2025-01-28T10:41:46.325+0000] {dagbag.py:588} INFO - Filling up the DagBag from /mnt/c/Users/Admin/Desktop/ud_data/Dataslush_umang/airflow/airflow_venv/lib/python3.12/site-packages/airflow/example_dags/tutorial_taskflow_templates.py
[2025-01-28T10:41:46.466+0000] {processor.py:925} INFO - DAG(s) 'tutorial_taskflow_templates' retrieved from /mnt/c/Users/Admin/Desktop/ud_data/Dataslush_umang/airflow/airflow_venv/lib/python3.12/site-packages/airflow/example_dags/tutorial_taskflow_templates.py
[2025-01-28T10:41:46.497+0000] {logging_mixin.py:190} INFO - [2025-01-28T10:41:46.494+0000] {dag.py:3239} INFO - Sync 1 DAGs
[2025-01-28T10:41:46.532+0000] {logging_mixin.py:190} INFO - [2025-01-28T10:41:46.530+0000] {dag.py:4180} INFO - Setting next_dagrun for tutorial_taskflow_templates to 2025-01-27 00:00:00+00:00, run_after=2025-01-28 00:00:00+00:00
[2025-01-28T10:41:46.576+0000] {processor.py:208} INFO - Processing /mnt/c/Users/Admin/Desktop/ud_data/Dataslush_umang/airflow/airflow_venv/lib/python3.12/site-packages/airflow/example_dags/tutorial_taskflow_templates.py took 0.286 seconds
[2025-01-28T10:42:36.601+0000] {processor.py:186} INFO - Started process (PID=17614) to work on /mnt/c/Users/Admin/Desktop/ud_data/Dataslush_umang/airflow/airflow_venv/lib/python3.12/site-packages/airflow/example_dags/tutorial_taskflow_templates.py
[2025-01-28T10:42:36.710+0000] {processor.py:914} INFO - Processing file /mnt/c/Users/Admin/Desktop/ud_data/Dataslush_umang/airflow/airflow_venv/lib/python3.12/site-packages/airflow/example_dags/tutorial_taskflow_templates.py for tasks to queue
[2025-01-28T10:42:36.716+0000] {logging_mixin.py:190} INFO - [2025-01-28T10:42:36.714+0000] {dagbag.py:588} INFO - Filling up the DagBag from /mnt/c/Users/Admin/Desktop/ud_data/Dataslush_umang/airflow/airflow_venv/lib/python3.12/site-packages/airflow/example_dags/tutorial_taskflow_templates.py
[2025-01-28T10:42:36.842+0000] {processor.py:925} INFO - DAG(s) 'tutorial_taskflow_templates' retrieved from /mnt/c/Users/Admin/Desktop/ud_data/Dataslush_umang/airflow/airflow_venv/lib/python3.12/site-packages/airflow/example_dags/tutorial_taskflow_templates.py
[2025-01-28T10:42:36.867+0000] {logging_mixin.py:190} INFO - [2025-01-28T10:42:36.865+0000] {dag.py:3239} INFO - Sync 1 DAGs
[2025-01-28T10:42:36.889+0000] {logging_mixin.py:190} INFO - [2025-01-28T10:42:36.887+0000] {dag.py:4180} INFO - Setting next_dagrun for tutorial_taskflow_templates to 2025-01-27 00:00:00+00:00, run_after=2025-01-28 00:00:00+00:00
[2025-01-28T10:42:38.265+0000] {processor.py:208} INFO - Processing /mnt/c/Users/Admin/Desktop/ud_data/Dataslush_umang/airflow/airflow_venv/lib/python3.12/site-packages/airflow/example_dags/tutorial_taskflow_templates.py took 1.695 seconds
[2025-01-28T10:44:13.528+0000] {processor.py:186} INFO - Started process (PID=17803) to work on /mnt/c/Users/Admin/Desktop/ud_data/Dataslush_umang/airflow/airflow_venv/lib/python3.12/site-packages/airflow/example_dags/tutorial_taskflow_templates.py
[2025-01-28T10:44:13.531+0000] {processor.py:914} INFO - Processing file /mnt/c/Users/Admin/Desktop/ud_data/Dataslush_umang/airflow/airflow_venv/lib/python3.12/site-packages/airflow/example_dags/tutorial_taskflow_templates.py for tasks to queue
[2025-01-28T10:44:13.538+0000] {logging_mixin.py:190} INFO - [2025-01-28T10:44:13.536+0000] {dagbag.py:588} INFO - Filling up the DagBag from /mnt/c/Users/Admin/Desktop/ud_data/Dataslush_umang/airflow/airflow_venv/lib/python3.12/site-packages/airflow/example_dags/tutorial_taskflow_templates.py
[2025-01-28T10:44:13.659+0000] {processor.py:925} INFO - DAG(s) 'tutorial_taskflow_templates' retrieved from /mnt/c/Users/Admin/Desktop/ud_data/Dataslush_umang/airflow/airflow_venv/lib/python3.12/site-packages/airflow/example_dags/tutorial_taskflow_templates.py
[2025-01-28T10:44:13.699+0000] {logging_mixin.py:190} INFO - [2025-01-28T10:44:13.697+0000] {dag.py:3239} INFO - Sync 1 DAGs
[2025-01-28T10:44:13.745+0000] {logging_mixin.py:190} INFO - [2025-01-28T10:44:13.744+0000] {dag.py:4180} INFO - Setting next_dagrun for tutorial_taskflow_templates to 2025-01-27 00:00:00+00:00, run_after=2025-01-28 00:00:00+00:00
[2025-01-28T10:44:13.810+0000] {processor.py:208} INFO - Processing /mnt/c/Users/Admin/Desktop/ud_data/Dataslush_umang/airflow/airflow_venv/lib/python3.12/site-packages/airflow/example_dags/tutorial_taskflow_templates.py took 0.306 seconds
[2025-01-28T10:47:02.919+0000] {processor.py:186} INFO - Started process (PID=17967) to work on /mnt/c/Users/Admin/Desktop/ud_data/Dataslush_umang/airflow/airflow_venv/lib/python3.12/site-packages/airflow/example_dags/tutorial_taskflow_templates.py
[2025-01-28T10:47:02.922+0000] {processor.py:914} INFO - Processing file /mnt/c/Users/Admin/Desktop/ud_data/Dataslush_umang/airflow/airflow_venv/lib/python3.12/site-packages/airflow/example_dags/tutorial_taskflow_templates.py for tasks to queue
[2025-01-28T10:47:02.929+0000] {logging_mixin.py:190} INFO - [2025-01-28T10:47:02.927+0000] {dagbag.py:588} INFO - Filling up the DagBag from /mnt/c/Users/Admin/Desktop/ud_data/Dataslush_umang/airflow/airflow_venv/lib/python3.12/site-packages/airflow/example_dags/tutorial_taskflow_templates.py
[2025-01-28T10:47:03.075+0000] {processor.py:925} INFO - DAG(s) 'tutorial_taskflow_templates' retrieved from /mnt/c/Users/Admin/Desktop/ud_data/Dataslush_umang/airflow/airflow_venv/lib/python3.12/site-packages/airflow/example_dags/tutorial_taskflow_templates.py
[2025-01-28T10:47:03.105+0000] {logging_mixin.py:190} INFO - [2025-01-28T10:47:03.103+0000] {dag.py:3239} INFO - Sync 1 DAGs
[2025-01-28T10:47:33.229+0000] {logging_mixin.py:190} INFO - [2025-01-28T10:47:33.228+0000] {dag.py:4180} INFO - Setting next_dagrun for tutorial_taskflow_templates to 2025-01-27 00:00:00+00:00, run_after=2025-01-28 00:00:00+00:00
[2025-01-28T10:47:33.285+0000] {processor.py:208} INFO - Processing /mnt/c/Users/Admin/Desktop/ud_data/Dataslush_umang/airflow/airflow_venv/lib/python3.12/site-packages/airflow/example_dags/tutorial_taskflow_templates.py took 0.311 seconds
[2025-01-28T10:48:40.546+0000] {processor.py:186} INFO - Started process (PID=18160) to work on /mnt/c/Users/Admin/Desktop/ud_data/Dataslush_umang/airflow/airflow_venv/lib/python3.12/site-packages/airflow/example_dags/tutorial_taskflow_templates.py
[2025-01-28T10:48:40.549+0000] {processor.py:914} INFO - Processing file /mnt/c/Users/Admin/Desktop/ud_data/Dataslush_umang/airflow/airflow_venv/lib/python3.12/site-packages/airflow/example_dags/tutorial_taskflow_templates.py for tasks to queue
[2025-01-28T10:48:40.556+0000] {logging_mixin.py:190} INFO - [2025-01-28T10:48:40.554+0000] {dagbag.py:588} INFO - Filling up the DagBag from /mnt/c/Users/Admin/Desktop/ud_data/Dataslush_umang/airflow/airflow_venv/lib/python3.12/site-packages/airflow/example_dags/tutorial_taskflow_templates.py
[2025-01-28T10:48:40.674+0000] {processor.py:925} INFO - DAG(s) 'tutorial_taskflow_templates' retrieved from /mnt/c/Users/Admin/Desktop/ud_data/Dataslush_umang/airflow/airflow_venv/lib/python3.12/site-packages/airflow/example_dags/tutorial_taskflow_templates.py
[2025-01-28T10:48:40.707+0000] {logging_mixin.py:190} INFO - [2025-01-28T10:48:40.706+0000] {dag.py:3239} INFO - Sync 1 DAGs
[2025-01-28T10:48:40.754+0000] {logging_mixin.py:190} INFO - [2025-01-28T10:48:40.753+0000] {dag.py:4180} INFO - Setting next_dagrun for tutorial_taskflow_templates to 2025-01-27 00:00:00+00:00, run_after=2025-01-28 00:00:00+00:00
[2025-01-28T10:48:40.908+0000] {processor.py:208} INFO - Processing /mnt/c/Users/Admin/Desktop/ud_data/Dataslush_umang/airflow/airflow_venv/lib/python3.12/site-packages/airflow/example_dags/tutorial_taskflow_templates.py took 0.390 seconds
[2025-01-28T10:49:34.793+0000] {processor.py:186} INFO - Started process (PID=18256) to work on /mnt/c/Users/Admin/Desktop/ud_data/Dataslush_umang/airflow/airflow_venv/lib/python3.12/site-packages/airflow/example_dags/tutorial_taskflow_templates.py
[2025-01-28T10:49:34.978+0000] {processor.py:914} INFO - Processing file /mnt/c/Users/Admin/Desktop/ud_data/Dataslush_umang/airflow/airflow_venv/lib/python3.12/site-packages/airflow/example_dags/tutorial_taskflow_templates.py for tasks to queue
[2025-01-28T10:49:34.984+0000] {logging_mixin.py:190} INFO - [2025-01-28T10:49:34.982+0000] {dagbag.py:588} INFO - Filling up the DagBag from /mnt/c/Users/Admin/Desktop/ud_data/Dataslush_umang/airflow/airflow_venv/lib/python3.12/site-packages/airflow/example_dags/tutorial_taskflow_templates.py
[2025-01-28T10:49:35.108+0000] {processor.py:925} INFO - DAG(s) 'tutorial_taskflow_templates' retrieved from /mnt/c/Users/Admin/Desktop/ud_data/Dataslush_umang/airflow/airflow_venv/lib/python3.12/site-packages/airflow/example_dags/tutorial_taskflow_templates.py
[2025-01-28T10:49:35.141+0000] {logging_mixin.py:190} INFO - [2025-01-28T10:49:35.139+0000] {dag.py:3239} INFO - Sync 1 DAGs
[2025-01-28T10:49:35.167+0000] {logging_mixin.py:190} INFO - [2025-01-28T10:49:35.165+0000] {dag.py:4180} INFO - Setting next_dagrun for tutorial_taskflow_templates to 2025-01-27 00:00:00+00:00, run_after=2025-01-28 00:00:00+00:00
[2025-01-28T10:49:37.770+0000] {processor.py:208} INFO - Processing /mnt/c/Users/Admin/Desktop/ud_data/Dataslush_umang/airflow/airflow_venv/lib/python3.12/site-packages/airflow/example_dags/tutorial_taskflow_templates.py took 3.007 seconds
[2025-01-28T10:50:53.714+0000] {processor.py:186} INFO - Started process (PID=18382) to work on /mnt/c/Users/Admin/Desktop/ud_data/Dataslush_umang/airflow/airflow_venv/lib/python3.12/site-packages/airflow/example_dags/tutorial_taskflow_templates.py
[2025-01-28T10:50:53.717+0000] {processor.py:914} INFO - Processing file /mnt/c/Users/Admin/Desktop/ud_data/Dataslush_umang/airflow/airflow_venv/lib/python3.12/site-packages/airflow/example_dags/tutorial_taskflow_templates.py for tasks to queue
[2025-01-28T10:50:53.723+0000] {logging_mixin.py:190} INFO - [2025-01-28T10:50:53.722+0000] {dagbag.py:588} INFO - Filling up the DagBag from /mnt/c/Users/Admin/Desktop/ud_data/Dataslush_umang/airflow/airflow_venv/lib/python3.12/site-packages/airflow/example_dags/tutorial_taskflow_templates.py
[2025-01-28T10:50:53.845+0000] {processor.py:925} INFO - DAG(s) 'tutorial_taskflow_templates' retrieved from /mnt/c/Users/Admin/Desktop/ud_data/Dataslush_umang/airflow/airflow_venv/lib/python3.12/site-packages/airflow/example_dags/tutorial_taskflow_templates.py
[2025-01-28T10:50:53.872+0000] {logging_mixin.py:190} INFO - [2025-01-28T10:50:53.871+0000] {dag.py:3239} INFO - Sync 1 DAGs
[2025-01-28T10:50:53.901+0000] {logging_mixin.py:190} INFO - [2025-01-28T10:50:53.900+0000] {dag.py:4180} INFO - Setting next_dagrun for tutorial_taskflow_templates to 2025-01-27 00:00:00+00:00, run_after=2025-01-28 00:00:00+00:00
[2025-01-28T10:50:53.942+0000] {processor.py:208} INFO - Processing /mnt/c/Users/Admin/Desktop/ud_data/Dataslush_umang/airflow/airflow_venv/lib/python3.12/site-packages/airflow/example_dags/tutorial_taskflow_templates.py took 0.254 seconds
[2025-01-28T10:51:37.550+0000] {processor.py:186} INFO - Started process (PID=18547) to work on /mnt/c/Users/Admin/Desktop/ud_data/Dataslush_umang/airflow/airflow_venv/lib/python3.12/site-packages/airflow/example_dags/tutorial_taskflow_templates.py
[2025-01-28T10:51:37.989+0000] {processor.py:914} INFO - Processing file /mnt/c/Users/Admin/Desktop/ud_data/Dataslush_umang/airflow/airflow_venv/lib/python3.12/site-packages/airflow/example_dags/tutorial_taskflow_templates.py for tasks to queue
[2025-01-28T10:51:37.996+0000] {logging_mixin.py:190} INFO - [2025-01-28T10:51:37.994+0000] {dagbag.py:588} INFO - Filling up the DagBag from /mnt/c/Users/Admin/Desktop/ud_data/Dataslush_umang/airflow/airflow_venv/lib/python3.12/site-packages/airflow/example_dags/tutorial_taskflow_templates.py
[2025-01-28T10:51:38.157+0000] {processor.py:925} INFO - DAG(s) 'tutorial_taskflow_templates' retrieved from /mnt/c/Users/Admin/Desktop/ud_data/Dataslush_umang/airflow/airflow_venv/lib/python3.12/site-packages/airflow/example_dags/tutorial_taskflow_templates.py
[2025-01-28T10:51:38.191+0000] {logging_mixin.py:190} INFO - [2025-01-28T10:51:38.189+0000] {dag.py:3239} INFO - Sync 1 DAGs
[2025-01-28T10:51:38.218+0000] {logging_mixin.py:190} INFO - [2025-01-28T10:51:38.217+0000] {dag.py:4180} INFO - Setting next_dagrun for tutorial_taskflow_templates to 2025-01-27 00:00:00+00:00, run_after=2025-01-28 00:00:00+00:00
[2025-01-28T10:51:39.507+0000] {processor.py:208} INFO - Processing /mnt/c/Users/Admin/Desktop/ud_data/Dataslush_umang/airflow/airflow_venv/lib/python3.12/site-packages/airflow/example_dags/tutorial_taskflow_templates.py took 1.985 seconds
[2025-01-28T10:52:32.951+0000] {processor.py:186} INFO - Started process (PID=18609) to work on /mnt/c/Users/Admin/Desktop/ud_data/Dataslush_umang/airflow/airflow_venv/lib/python3.12/site-packages/airflow/example_dags/tutorial_taskflow_templates.py
[2025-01-28T10:52:33.069+0000] {processor.py:914} INFO - Processing file /mnt/c/Users/Admin/Desktop/ud_data/Dataslush_umang/airflow/airflow_venv/lib/python3.12/site-packages/airflow/example_dags/tutorial_taskflow_templates.py for tasks to queue
[2025-01-28T10:52:33.076+0000] {logging_mixin.py:190} INFO - [2025-01-28T10:52:33.074+0000] {dagbag.py:588} INFO - Filling up the DagBag from /mnt/c/Users/Admin/Desktop/ud_data/Dataslush_umang/airflow/airflow_venv/lib/python3.12/site-packages/airflow/example_dags/tutorial_taskflow_templates.py
[2025-01-28T10:52:33.218+0000] {processor.py:925} INFO - DAG(s) 'tutorial_taskflow_templates' retrieved from /mnt/c/Users/Admin/Desktop/ud_data/Dataslush_umang/airflow/airflow_venv/lib/python3.12/site-packages/airflow/example_dags/tutorial_taskflow_templates.py
[2025-01-28T10:52:33.247+0000] {logging_mixin.py:190} INFO - [2025-01-28T10:52:33.245+0000] {dag.py:3239} INFO - Sync 1 DAGs
[2025-01-28T10:52:33.275+0000] {logging_mixin.py:190} INFO - [2025-01-28T10:52:33.274+0000] {dag.py:4180} INFO - Setting next_dagrun for tutorial_taskflow_templates to 2025-01-27 00:00:00+00:00, run_after=2025-01-28 00:00:00+00:00
[2025-01-28T10:52:33.819+0000] {processor.py:208} INFO - Processing /mnt/c/Users/Admin/Desktop/ud_data/Dataslush_umang/airflow/airflow_venv/lib/python3.12/site-packages/airflow/example_dags/tutorial_taskflow_templates.py took 0.884 seconds
[2025-01-28T10:53:24.383+0000] {processor.py:186} INFO - Started process (PID=18716) to work on /mnt/c/Users/Admin/Desktop/ud_data/Dataslush_umang/airflow/airflow_venv/lib/python3.12/site-packages/airflow/example_dags/tutorial_taskflow_templates.py
[2025-01-28T10:53:24.386+0000] {processor.py:914} INFO - Processing file /mnt/c/Users/Admin/Desktop/ud_data/Dataslush_umang/airflow/airflow_venv/lib/python3.12/site-packages/airflow/example_dags/tutorial_taskflow_templates.py for tasks to queue
[2025-01-28T10:53:24.392+0000] {logging_mixin.py:190} INFO - [2025-01-28T10:53:24.390+0000] {dagbag.py:588} INFO - Filling up the DagBag from /mnt/c/Users/Admin/Desktop/ud_data/Dataslush_umang/airflow/airflow_venv/lib/python3.12/site-packages/airflow/example_dags/tutorial_taskflow_templates.py
[2025-01-28T10:53:24.531+0000] {processor.py:925} INFO - DAG(s) 'tutorial_taskflow_templates' retrieved from /mnt/c/Users/Admin/Desktop/ud_data/Dataslush_umang/airflow/airflow_venv/lib/python3.12/site-packages/airflow/example_dags/tutorial_taskflow_templates.py
[2025-01-28T10:53:24.562+0000] {logging_mixin.py:190} INFO - [2025-01-28T10:53:24.561+0000] {dag.py:3239} INFO - Sync 1 DAGs
[2025-01-28T10:53:24.592+0000] {logging_mixin.py:190} INFO - [2025-01-28T10:53:24.591+0000] {dag.py:4180} INFO - Setting next_dagrun for tutorial_taskflow_templates to 2025-01-27 00:00:00+00:00, run_after=2025-01-28 00:00:00+00:00
[2025-01-28T10:53:24.785+0000] {processor.py:208} INFO - Processing /mnt/c/Users/Admin/Desktop/ud_data/Dataslush_umang/airflow/airflow_venv/lib/python3.12/site-packages/airflow/example_dags/tutorial_taskflow_templates.py took 0.429 seconds
[2025-01-28T10:54:23.548+0000] {processor.py:186} INFO - Started process (PID=18789) to work on /mnt/c/Users/Admin/Desktop/ud_data/Dataslush_umang/airflow/airflow_venv/lib/python3.12/site-packages/airflow/example_dags/tutorial_taskflow_templates.py
[2025-01-28T10:54:23.636+0000] {processor.py:914} INFO - Processing file /mnt/c/Users/Admin/Desktop/ud_data/Dataslush_umang/airflow/airflow_venv/lib/python3.12/site-packages/airflow/example_dags/tutorial_taskflow_templates.py for tasks to queue
[2025-01-28T10:54:23.645+0000] {logging_mixin.py:190} INFO - [2025-01-28T10:54:23.643+0000] {dagbag.py:588} INFO - Filling up the DagBag from /mnt/c/Users/Admin/Desktop/ud_data/Dataslush_umang/airflow/airflow_venv/lib/python3.12/site-packages/airflow/example_dags/tutorial_taskflow_templates.py
[2025-01-28T10:54:23.785+0000] {processor.py:925} INFO - DAG(s) 'tutorial_taskflow_templates' retrieved from /mnt/c/Users/Admin/Desktop/ud_data/Dataslush_umang/airflow/airflow_venv/lib/python3.12/site-packages/airflow/example_dags/tutorial_taskflow_templates.py
[2025-01-28T10:54:23.808+0000] {logging_mixin.py:190} INFO - [2025-01-28T10:54:23.807+0000] {dag.py:3239} INFO - Sync 1 DAGs
[2025-01-28T10:54:23.832+0000] {logging_mixin.py:190} INFO - [2025-01-28T10:54:23.831+0000] {dag.py:4180} INFO - Setting next_dagrun for tutorial_taskflow_templates to 2025-01-27 00:00:00+00:00, run_after=2025-01-28 00:00:00+00:00
[2025-01-28T10:54:24.195+0000] {processor.py:208} INFO - Processing /mnt/c/Users/Admin/Desktop/ud_data/Dataslush_umang/airflow/airflow_venv/lib/python3.12/site-packages/airflow/example_dags/tutorial_taskflow_templates.py took 0.665 seconds
[2025-01-28T10:55:16.947+0000] {processor.py:186} INFO - Started process (PID=18864) to work on /mnt/c/Users/Admin/Desktop/ud_data/Dataslush_umang/airflow/airflow_venv/lib/python3.12/site-packages/airflow/example_dags/tutorial_taskflow_templates.py
[2025-01-28T10:55:16.950+0000] {processor.py:914} INFO - Processing file /mnt/c/Users/Admin/Desktop/ud_data/Dataslush_umang/airflow/airflow_venv/lib/python3.12/site-packages/airflow/example_dags/tutorial_taskflow_templates.py for tasks to queue
[2025-01-28T10:55:16.956+0000] {logging_mixin.py:190} INFO - [2025-01-28T10:55:16.955+0000] {dagbag.py:588} INFO - Filling up the DagBag from /mnt/c/Users/Admin/Desktop/ud_data/Dataslush_umang/airflow/airflow_venv/lib/python3.12/site-packages/airflow/example_dags/tutorial_taskflow_templates.py
[2025-01-28T10:55:17.113+0000] {processor.py:925} INFO - DAG(s) 'tutorial_taskflow_templates' retrieved from /mnt/c/Users/Admin/Desktop/ud_data/Dataslush_umang/airflow/airflow_venv/lib/python3.12/site-packages/airflow/example_dags/tutorial_taskflow_templates.py
[2025-01-28T10:55:17.146+0000] {logging_mixin.py:190} INFO - [2025-01-28T10:55:17.144+0000] {dag.py:3239} INFO - Sync 1 DAGs
[2025-01-28T10:55:17.191+0000] {logging_mixin.py:190} INFO - [2025-01-28T10:55:17.189+0000] {dag.py:4180} INFO - Setting next_dagrun for tutorial_taskflow_templates to 2025-01-27 00:00:00+00:00, run_after=2025-01-28 00:00:00+00:00
[2025-01-28T10:55:17.358+0000] {processor.py:208} INFO - Processing /mnt/c/Users/Admin/Desktop/ud_data/Dataslush_umang/airflow/airflow_venv/lib/python3.12/site-packages/airflow/example_dags/tutorial_taskflow_templates.py took 0.440 seconds
[2025-01-28T10:56:49.756+0000] {processor.py:186} INFO - Started process (PID=19094) to work on /mnt/c/Users/Admin/Desktop/ud_data/Dataslush_umang/airflow/airflow_venv/lib/python3.12/site-packages/airflow/example_dags/tutorial_taskflow_templates.py
[2025-01-28T10:56:49.760+0000] {processor.py:914} INFO - Processing file /mnt/c/Users/Admin/Desktop/ud_data/Dataslush_umang/airflow/airflow_venv/lib/python3.12/site-packages/airflow/example_dags/tutorial_taskflow_templates.py for tasks to queue
[2025-01-28T10:56:49.766+0000] {logging_mixin.py:190} INFO - [2025-01-28T10:56:49.765+0000] {dagbag.py:588} INFO - Filling up the DagBag from /mnt/c/Users/Admin/Desktop/ud_data/Dataslush_umang/airflow/airflow_venv/lib/python3.12/site-packages/airflow/example_dags/tutorial_taskflow_templates.py
[2025-01-28T10:56:49.895+0000] {processor.py:925} INFO - DAG(s) 'tutorial_taskflow_templates' retrieved from /mnt/c/Users/Admin/Desktop/ud_data/Dataslush_umang/airflow/airflow_venv/lib/python3.12/site-packages/airflow/example_dags/tutorial_taskflow_templates.py
[2025-01-28T10:56:49.928+0000] {logging_mixin.py:190} INFO - [2025-01-28T10:56:49.927+0000] {dag.py:3239} INFO - Sync 1 DAGs
[2025-01-28T10:56:49.966+0000] {logging_mixin.py:190} INFO - [2025-01-28T10:56:49.965+0000] {dag.py:4180} INFO - Setting next_dagrun for tutorial_taskflow_templates to 2025-01-27 00:00:00+00:00, run_after=2025-01-28 00:00:00+00:00
[2025-01-28T10:56:50.015+0000] {processor.py:208} INFO - Processing /mnt/c/Users/Admin/Desktop/ud_data/Dataslush_umang/airflow/airflow_venv/lib/python3.12/site-packages/airflow/example_dags/tutorial_taskflow_templates.py took 0.292 seconds
[2025-01-28T10:57:37.187+0000] {processor.py:186} INFO - Started process (PID=19164) to work on /mnt/c/Users/Admin/Desktop/ud_data/Dataslush_umang/airflow/airflow_venv/lib/python3.12/site-packages/airflow/example_dags/tutorial_taskflow_templates.py
[2025-01-28T10:57:37.190+0000] {processor.py:914} INFO - Processing file /mnt/c/Users/Admin/Desktop/ud_data/Dataslush_umang/airflow/airflow_venv/lib/python3.12/site-packages/airflow/example_dags/tutorial_taskflow_templates.py for tasks to queue
[2025-01-28T10:57:37.198+0000] {logging_mixin.py:190} INFO - [2025-01-28T10:57:37.196+0000] {dagbag.py:588} INFO - Filling up the DagBag from /mnt/c/Users/Admin/Desktop/ud_data/Dataslush_umang/airflow/airflow_venv/lib/python3.12/site-packages/airflow/example_dags/tutorial_taskflow_templates.py
[2025-01-28T10:57:37.350+0000] {processor.py:925} INFO - DAG(s) 'tutorial_taskflow_templates' retrieved from /mnt/c/Users/Admin/Desktop/ud_data/Dataslush_umang/airflow/airflow_venv/lib/python3.12/site-packages/airflow/example_dags/tutorial_taskflow_templates.py
[2025-01-28T10:57:37.378+0000] {logging_mixin.py:190} INFO - [2025-01-28T10:57:37.376+0000] {dag.py:3239} INFO - Sync 1 DAGs
[2025-01-28T10:57:37.412+0000] {logging_mixin.py:190} INFO - [2025-01-28T10:57:37.411+0000] {dag.py:4180} INFO - Setting next_dagrun for tutorial_taskflow_templates to 2025-01-27 00:00:00+00:00, run_after=2025-01-28 00:00:00+00:00
[2025-01-28T10:57:37.451+0000] {processor.py:208} INFO - Processing /mnt/c/Users/Admin/Desktop/ud_data/Dataslush_umang/airflow/airflow_venv/lib/python3.12/site-packages/airflow/example_dags/tutorial_taskflow_templates.py took 0.295 seconds
[2025-01-28T10:58:16.422+0000] {processor.py:186} INFO - Started process (PID=19256) to work on /mnt/c/Users/Admin/Desktop/ud_data/Dataslush_umang/airflow/airflow_venv/lib/python3.12/site-packages/airflow/example_dags/tutorial_taskflow_templates.py
[2025-01-28T10:58:16.426+0000] {processor.py:914} INFO - Processing file /mnt/c/Users/Admin/Desktop/ud_data/Dataslush_umang/airflow/airflow_venv/lib/python3.12/site-packages/airflow/example_dags/tutorial_taskflow_templates.py for tasks to queue
[2025-01-28T10:58:16.434+0000] {logging_mixin.py:190} INFO - [2025-01-28T10:58:16.432+0000] {dagbag.py:588} INFO - Filling up the DagBag from /mnt/c/Users/Admin/Desktop/ud_data/Dataslush_umang/airflow/airflow_venv/lib/python3.12/site-packages/airflow/example_dags/tutorial_taskflow_templates.py
[2025-01-28T10:58:16.574+0000] {processor.py:925} INFO - DAG(s) 'tutorial_taskflow_templates' retrieved from /mnt/c/Users/Admin/Desktop/ud_data/Dataslush_umang/airflow/airflow_venv/lib/python3.12/site-packages/airflow/example_dags/tutorial_taskflow_templates.py
[2025-01-28T10:58:16.603+0000] {logging_mixin.py:190} INFO - [2025-01-28T10:58:16.602+0000] {dag.py:3239} INFO - Sync 1 DAGs
[2025-01-28T10:58:16.634+0000] {logging_mixin.py:190} INFO - [2025-01-28T10:58:16.632+0000] {dag.py:4180} INFO - Setting next_dagrun for tutorial_taskflow_templates to 2025-01-27 00:00:00+00:00, run_after=2025-01-28 00:00:00+00:00
[2025-01-28T10:58:16.674+0000] {processor.py:208} INFO - Processing /mnt/c/Users/Admin/Desktop/ud_data/Dataslush_umang/airflow/airflow_venv/lib/python3.12/site-packages/airflow/example_dags/tutorial_taskflow_templates.py took 0.279 seconds
[2025-01-28T10:59:01.750+0000] {processor.py:186} INFO - Started process (PID=19359) to work on /mnt/c/Users/Admin/Desktop/ud_data/Dataslush_umang/airflow/airflow_venv/lib/python3.12/site-packages/airflow/example_dags/tutorial_taskflow_templates.py
[2025-01-28T10:59:01.753+0000] {processor.py:914} INFO - Processing file /mnt/c/Users/Admin/Desktop/ud_data/Dataslush_umang/airflow/airflow_venv/lib/python3.12/site-packages/airflow/example_dags/tutorial_taskflow_templates.py for tasks to queue
[2025-01-28T10:59:01.759+0000] {logging_mixin.py:190} INFO - [2025-01-28T10:59:01.757+0000] {dagbag.py:588} INFO - Filling up the DagBag from /mnt/c/Users/Admin/Desktop/ud_data/Dataslush_umang/airflow/airflow_venv/lib/python3.12/site-packages/airflow/example_dags/tutorial_taskflow_templates.py
[2025-01-28T10:59:01.980+0000] {processor.py:925} INFO - DAG(s) 'tutorial_taskflow_templates' retrieved from /mnt/c/Users/Admin/Desktop/ud_data/Dataslush_umang/airflow/airflow_venv/lib/python3.12/site-packages/airflow/example_dags/tutorial_taskflow_templates.py
[2025-01-28T10:59:02.063+0000] {logging_mixin.py:190} INFO - [2025-01-28T10:59:02.061+0000] {dag.py:3239} INFO - Sync 1 DAGs
[2025-01-28T10:59:02.142+0000] {logging_mixin.py:190} INFO - [2025-01-28T10:59:02.139+0000] {dag.py:4180} INFO - Setting next_dagrun for tutorial_taskflow_templates to 2025-01-27 00:00:00+00:00, run_after=2025-01-28 00:00:00+00:00
[2025-01-28T10:59:02.270+0000] {processor.py:208} INFO - Processing /mnt/c/Users/Admin/Desktop/ud_data/Dataslush_umang/airflow/airflow_venv/lib/python3.12/site-packages/airflow/example_dags/tutorial_taskflow_templates.py took 0.549 seconds
[2025-01-28T10:59:45.962+0000] {processor.py:186} INFO - Started process (PID=19434) to work on /mnt/c/Users/Admin/Desktop/ud_data/Dataslush_umang/airflow/airflow_venv/lib/python3.12/site-packages/airflow/example_dags/tutorial_taskflow_templates.py
[2025-01-28T10:59:46.014+0000] {processor.py:914} INFO - Processing file /mnt/c/Users/Admin/Desktop/ud_data/Dataslush_umang/airflow/airflow_venv/lib/python3.12/site-packages/airflow/example_dags/tutorial_taskflow_templates.py for tasks to queue
[2025-01-28T10:59:46.020+0000] {logging_mixin.py:190} INFO - [2025-01-28T10:59:46.018+0000] {dagbag.py:588} INFO - Filling up the DagBag from /mnt/c/Users/Admin/Desktop/ud_data/Dataslush_umang/airflow/airflow_venv/lib/python3.12/site-packages/airflow/example_dags/tutorial_taskflow_templates.py
[2025-01-28T10:59:46.145+0000] {processor.py:925} INFO - DAG(s) 'tutorial_taskflow_templates' retrieved from /mnt/c/Users/Admin/Desktop/ud_data/Dataslush_umang/airflow/airflow_venv/lib/python3.12/site-packages/airflow/example_dags/tutorial_taskflow_templates.py
[2025-01-28T10:59:46.171+0000] {logging_mixin.py:190} INFO - [2025-01-28T10:59:46.170+0000] {dag.py:3239} INFO - Sync 1 DAGs
[2025-01-28T10:59:46.197+0000] {logging_mixin.py:190} INFO - [2025-01-28T10:59:46.196+0000] {dag.py:4180} INFO - Setting next_dagrun for tutorial_taskflow_templates to 2025-01-27 00:00:00+00:00, run_after=2025-01-28 00:00:00+00:00
[2025-01-28T10:59:46.371+0000] {processor.py:208} INFO - Processing /mnt/c/Users/Admin/Desktop/ud_data/Dataslush_umang/airflow/airflow_venv/lib/python3.12/site-packages/airflow/example_dags/tutorial_taskflow_templates.py took 0.437 seconds
[2025-01-28T11:00:46.887+0000] {processor.py:186} INFO - Started process (PID=19534) to work on /mnt/c/Users/Admin/Desktop/ud_data/Dataslush_umang/airflow/airflow_venv/lib/python3.12/site-packages/airflow/example_dags/tutorial_taskflow_templates.py
[2025-01-28T11:00:46.891+0000] {processor.py:914} INFO - Processing file /mnt/c/Users/Admin/Desktop/ud_data/Dataslush_umang/airflow/airflow_venv/lib/python3.12/site-packages/airflow/example_dags/tutorial_taskflow_templates.py for tasks to queue
[2025-01-28T11:00:46.897+0000] {logging_mixin.py:190} INFO - [2025-01-28T11:00:46.895+0000] {dagbag.py:588} INFO - Filling up the DagBag from /mnt/c/Users/Admin/Desktop/ud_data/Dataslush_umang/airflow/airflow_venv/lib/python3.12/site-packages/airflow/example_dags/tutorial_taskflow_templates.py
[2025-01-28T11:00:47.051+0000] {processor.py:925} INFO - DAG(s) 'tutorial_taskflow_templates' retrieved from /mnt/c/Users/Admin/Desktop/ud_data/Dataslush_umang/airflow/airflow_venv/lib/python3.12/site-packages/airflow/example_dags/tutorial_taskflow_templates.py
[2025-01-28T11:00:47.095+0000] {logging_mixin.py:190} INFO - [2025-01-28T11:00:47.093+0000] {dag.py:3239} INFO - Sync 1 DAGs
[2025-01-28T11:00:47.153+0000] {logging_mixin.py:190} INFO - [2025-01-28T11:00:47.151+0000] {dag.py:4180} INFO - Setting next_dagrun for tutorial_taskflow_templates to 2025-01-27 00:00:00+00:00, run_after=2025-01-28 00:00:00+00:00
[2025-01-28T11:00:47.331+0000] {processor.py:208} INFO - Processing /mnt/c/Users/Admin/Desktop/ud_data/Dataslush_umang/airflow/airflow_venv/lib/python3.12/site-packages/airflow/example_dags/tutorial_taskflow_templates.py took 0.473 seconds
[2025-01-28T11:01:40.729+0000] {processor.py:186} INFO - Started process (PID=19601) to work on /mnt/c/Users/Admin/Desktop/ud_data/Dataslush_umang/airflow/airflow_venv/lib/python3.12/site-packages/airflow/example_dags/tutorial_taskflow_templates.py
[2025-01-28T11:01:40.732+0000] {processor.py:914} INFO - Processing file /mnt/c/Users/Admin/Desktop/ud_data/Dataslush_umang/airflow/airflow_venv/lib/python3.12/site-packages/airflow/example_dags/tutorial_taskflow_templates.py for tasks to queue
[2025-01-28T11:01:40.737+0000] {logging_mixin.py:190} INFO - [2025-01-28T11:01:40.736+0000] {dagbag.py:588} INFO - Filling up the DagBag from /mnt/c/Users/Admin/Desktop/ud_data/Dataslush_umang/airflow/airflow_venv/lib/python3.12/site-packages/airflow/example_dags/tutorial_taskflow_templates.py
[2025-01-28T11:01:40.846+0000] {processor.py:925} INFO - DAG(s) 'tutorial_taskflow_templates' retrieved from /mnt/c/Users/Admin/Desktop/ud_data/Dataslush_umang/airflow/airflow_venv/lib/python3.12/site-packages/airflow/example_dags/tutorial_taskflow_templates.py
[2025-01-28T11:01:40.872+0000] {logging_mixin.py:190} INFO - [2025-01-28T11:01:40.870+0000] {dag.py:3239} INFO - Sync 1 DAGs
[2025-01-28T11:01:40.898+0000] {logging_mixin.py:190} INFO - [2025-01-28T11:01:40.897+0000] {dag.py:4180} INFO - Setting next_dagrun for tutorial_taskflow_templates to 2025-01-27 00:00:00+00:00, run_after=2025-01-28 00:00:00+00:00
[2025-01-28T11:01:40.937+0000] {processor.py:208} INFO - Processing /mnt/c/Users/Admin/Desktop/ud_data/Dataslush_umang/airflow/airflow_venv/lib/python3.12/site-packages/airflow/example_dags/tutorial_taskflow_templates.py took 0.230 seconds
[2025-01-28T11:03:23.805+0000] {processor.py:186} INFO - Started process (PID=19717) to work on /mnt/c/Users/Admin/Desktop/ud_data/Dataslush_umang/airflow/airflow_venv/lib/python3.12/site-packages/airflow/example_dags/tutorial_taskflow_templates.py
[2025-01-28T11:03:24.174+0000] {processor.py:914} INFO - Processing file /mnt/c/Users/Admin/Desktop/ud_data/Dataslush_umang/airflow/airflow_venv/lib/python3.12/site-packages/airflow/example_dags/tutorial_taskflow_templates.py for tasks to queue
[2025-01-28T11:03:24.180+0000] {logging_mixin.py:190} INFO - [2025-01-28T11:03:24.178+0000] {dagbag.py:588} INFO - Filling up the DagBag from /mnt/c/Users/Admin/Desktop/ud_data/Dataslush_umang/airflow/airflow_venv/lib/python3.12/site-packages/airflow/example_dags/tutorial_taskflow_templates.py
[2025-01-28T11:03:24.295+0000] {processor.py:925} INFO - DAG(s) 'tutorial_taskflow_templates' retrieved from /mnt/c/Users/Admin/Desktop/ud_data/Dataslush_umang/airflow/airflow_venv/lib/python3.12/site-packages/airflow/example_dags/tutorial_taskflow_templates.py
[2025-01-28T11:03:24.351+0000] {logging_mixin.py:190} INFO - [2025-01-28T11:03:24.349+0000] {dag.py:3239} INFO - Sync 1 DAGs
[2025-01-28T11:03:24.402+0000] {logging_mixin.py:190} INFO - [2025-01-28T11:03:24.400+0000] {dag.py:4180} INFO - Setting next_dagrun for tutorial_taskflow_templates to 2025-01-27 00:00:00+00:00, run_after=2025-01-28 00:00:00+00:00
[2025-01-28T11:03:24.624+0000] {processor.py:208} INFO - Processing /mnt/c/Users/Admin/Desktop/ud_data/Dataslush_umang/airflow/airflow_venv/lib/python3.12/site-packages/airflow/example_dags/tutorial_taskflow_templates.py took 0.860 seconds
[2025-01-28T11:04:26.515+0000] {processor.py:186} INFO - Started process (PID=19898) to work on /mnt/c/Users/Admin/Desktop/ud_data/Dataslush_umang/airflow/airflow_venv/lib/python3.12/site-packages/airflow/example_dags/tutorial_taskflow_templates.py
[2025-01-28T11:04:26.518+0000] {processor.py:914} INFO - Processing file /mnt/c/Users/Admin/Desktop/ud_data/Dataslush_umang/airflow/airflow_venv/lib/python3.12/site-packages/airflow/example_dags/tutorial_taskflow_templates.py for tasks to queue
[2025-01-28T11:04:26.525+0000] {logging_mixin.py:190} INFO - [2025-01-28T11:04:26.523+0000] {dagbag.py:588} INFO - Filling up the DagBag from /mnt/c/Users/Admin/Desktop/ud_data/Dataslush_umang/airflow/airflow_venv/lib/python3.12/site-packages/airflow/example_dags/tutorial_taskflow_templates.py
[2025-01-28T11:04:26.652+0000] {processor.py:925} INFO - DAG(s) 'tutorial_taskflow_templates' retrieved from /mnt/c/Users/Admin/Desktop/ud_data/Dataslush_umang/airflow/airflow_venv/lib/python3.12/site-packages/airflow/example_dags/tutorial_taskflow_templates.py
[2025-01-28T11:04:26.685+0000] {logging_mixin.py:190} INFO - [2025-01-28T11:04:26.684+0000] {dag.py:3239} INFO - Sync 1 DAGs
[2025-01-28T11:04:26.729+0000] {logging_mixin.py:190} INFO - [2025-01-28T11:04:26.728+0000] {dag.py:4180} INFO - Setting next_dagrun for tutorial_taskflow_templates to 2025-01-27 00:00:00+00:00, run_after=2025-01-28 00:00:00+00:00
[2025-01-28T11:04:26.886+0000] {processor.py:208} INFO - Processing /mnt/c/Users/Admin/Desktop/ud_data/Dataslush_umang/airflow/airflow_venv/lib/python3.12/site-packages/airflow/example_dags/tutorial_taskflow_templates.py took 0.396 seconds
[2025-01-28T11:05:15.956+0000] {processor.py:186} INFO - Started process (PID=19963) to work on /mnt/c/Users/Admin/Desktop/ud_data/Dataslush_umang/airflow/airflow_venv/lib/python3.12/site-packages/airflow/example_dags/tutorial_taskflow_templates.py
[2025-01-28T11:05:15.960+0000] {processor.py:914} INFO - Processing file /mnt/c/Users/Admin/Desktop/ud_data/Dataslush_umang/airflow/airflow_venv/lib/python3.12/site-packages/airflow/example_dags/tutorial_taskflow_templates.py for tasks to queue
[2025-01-28T11:05:15.967+0000] {logging_mixin.py:190} INFO - [2025-01-28T11:05:15.965+0000] {dagbag.py:588} INFO - Filling up the DagBag from /mnt/c/Users/Admin/Desktop/ud_data/Dataslush_umang/airflow/airflow_venv/lib/python3.12/site-packages/airflow/example_dags/tutorial_taskflow_templates.py
[2025-01-28T11:05:16.111+0000] {processor.py:925} INFO - DAG(s) 'tutorial_taskflow_templates' retrieved from /mnt/c/Users/Admin/Desktop/ud_data/Dataslush_umang/airflow/airflow_venv/lib/python3.12/site-packages/airflow/example_dags/tutorial_taskflow_templates.py
[2025-01-28T11:05:16.143+0000] {logging_mixin.py:190} INFO - [2025-01-28T11:05:16.141+0000] {dag.py:3239} INFO - Sync 1 DAGs
[2025-01-28T11:05:16.172+0000] {logging_mixin.py:190} INFO - [2025-01-28T11:05:16.170+0000] {dag.py:4180} INFO - Setting next_dagrun for tutorial_taskflow_templates to 2025-01-27 00:00:00+00:00, run_after=2025-01-28 00:00:00+00:00
[2025-01-28T11:05:16.343+0000] {processor.py:208} INFO - Processing /mnt/c/Users/Admin/Desktop/ud_data/Dataslush_umang/airflow/airflow_venv/lib/python3.12/site-packages/airflow/example_dags/tutorial_taskflow_templates.py took 0.417 seconds
[2025-01-28T11:06:22.816+0000] {processor.py:186} INFO - Started process (PID=20016) to work on /mnt/c/Users/Admin/Desktop/ud_data/Dataslush_umang/airflow/airflow_venv/lib/python3.12/site-packages/airflow/example_dags/tutorial_taskflow_templates.py
[2025-01-28T11:06:22.821+0000] {processor.py:914} INFO - Processing file /mnt/c/Users/Admin/Desktop/ud_data/Dataslush_umang/airflow/airflow_venv/lib/python3.12/site-packages/airflow/example_dags/tutorial_taskflow_templates.py for tasks to queue
[2025-01-28T11:06:22.827+0000] {logging_mixin.py:190} INFO - [2025-01-28T11:06:22.825+0000] {dagbag.py:588} INFO - Filling up the DagBag from /mnt/c/Users/Admin/Desktop/ud_data/Dataslush_umang/airflow/airflow_venv/lib/python3.12/site-packages/airflow/example_dags/tutorial_taskflow_templates.py
[2025-01-28T11:06:22.946+0000] {processor.py:925} INFO - DAG(s) 'tutorial_taskflow_templates' retrieved from /mnt/c/Users/Admin/Desktop/ud_data/Dataslush_umang/airflow/airflow_venv/lib/python3.12/site-packages/airflow/example_dags/tutorial_taskflow_templates.py
[2025-01-28T11:06:22.975+0000] {logging_mixin.py:190} INFO - [2025-01-28T11:06:22.973+0000] {dag.py:3239} INFO - Sync 1 DAGs
[2025-01-28T11:06:23.006+0000] {logging_mixin.py:190} INFO - [2025-01-28T11:06:23.005+0000] {dag.py:4180} INFO - Setting next_dagrun for tutorial_taskflow_templates to 2025-01-27 00:00:00+00:00, run_after=2025-01-28 00:00:00+00:00
[2025-01-28T11:06:23.048+0000] {processor.py:208} INFO - Processing /mnt/c/Users/Admin/Desktop/ud_data/Dataslush_umang/airflow/airflow_venv/lib/python3.12/site-packages/airflow/example_dags/tutorial_taskflow_templates.py took 0.259 seconds
[2025-01-28T11:07:23.233+0000] {processor.py:186} INFO - Started process (PID=20088) to work on /mnt/c/Users/Admin/Desktop/ud_data/Dataslush_umang/airflow/airflow_venv/lib/python3.12/site-packages/airflow/example_dags/tutorial_taskflow_templates.py
[2025-01-28T11:07:23.236+0000] {processor.py:914} INFO - Processing file /mnt/c/Users/Admin/Desktop/ud_data/Dataslush_umang/airflow/airflow_venv/lib/python3.12/site-packages/airflow/example_dags/tutorial_taskflow_templates.py for tasks to queue
[2025-01-28T11:07:23.244+0000] {logging_mixin.py:190} INFO - [2025-01-28T11:07:23.241+0000] {dagbag.py:588} INFO - Filling up the DagBag from /mnt/c/Users/Admin/Desktop/ud_data/Dataslush_umang/airflow/airflow_venv/lib/python3.12/site-packages/airflow/example_dags/tutorial_taskflow_templates.py
[2025-01-28T11:07:23.370+0000] {processor.py:925} INFO - DAG(s) 'tutorial_taskflow_templates' retrieved from /mnt/c/Users/Admin/Desktop/ud_data/Dataslush_umang/airflow/airflow_venv/lib/python3.12/site-packages/airflow/example_dags/tutorial_taskflow_templates.py
[2025-01-28T11:07:23.402+0000] {logging_mixin.py:190} INFO - [2025-01-28T11:07:23.401+0000] {dag.py:3239} INFO - Sync 1 DAGs
[2025-01-28T11:07:23.441+0000] {logging_mixin.py:190} INFO - [2025-01-28T11:07:23.440+0000] {dag.py:4180} INFO - Setting next_dagrun for tutorial_taskflow_templates to 2025-01-27 00:00:00+00:00, run_after=2025-01-28 00:00:00+00:00
[2025-01-28T11:07:23.488+0000] {processor.py:208} INFO - Processing /mnt/c/Users/Admin/Desktop/ud_data/Dataslush_umang/airflow/airflow_venv/lib/python3.12/site-packages/airflow/example_dags/tutorial_taskflow_templates.py took 0.283 seconds
[2025-01-28T11:08:09.282+0000] {processor.py:186} INFO - Started process (PID=20188) to work on /mnt/c/Users/Admin/Desktop/ud_data/Dataslush_umang/airflow/airflow_venv/lib/python3.12/site-packages/airflow/example_dags/tutorial_taskflow_templates.py
[2025-01-28T11:08:09.301+0000] {processor.py:914} INFO - Processing file /mnt/c/Users/Admin/Desktop/ud_data/Dataslush_umang/airflow/airflow_venv/lib/python3.12/site-packages/airflow/example_dags/tutorial_taskflow_templates.py for tasks to queue
[2025-01-28T11:08:09.308+0000] {logging_mixin.py:190} INFO - [2025-01-28T11:08:09.306+0000] {dagbag.py:588} INFO - Filling up the DagBag from /mnt/c/Users/Admin/Desktop/ud_data/Dataslush_umang/airflow/airflow_venv/lib/python3.12/site-packages/airflow/example_dags/tutorial_taskflow_templates.py
[2025-01-28T11:08:09.447+0000] {processor.py:925} INFO - DAG(s) 'tutorial_taskflow_templates' retrieved from /mnt/c/Users/Admin/Desktop/ud_data/Dataslush_umang/airflow/airflow_venv/lib/python3.12/site-packages/airflow/example_dags/tutorial_taskflow_templates.py
[2025-01-28T11:08:09.488+0000] {logging_mixin.py:190} INFO - [2025-01-28T11:08:09.486+0000] {dag.py:3239} INFO - Sync 1 DAGs
[2025-01-28T11:08:09.519+0000] {logging_mixin.py:190} INFO - [2025-01-28T11:08:09.517+0000] {dag.py:4180} INFO - Setting next_dagrun for tutorial_taskflow_templates to 2025-01-27 00:00:00+00:00, run_after=2025-01-28 00:00:00+00:00
[2025-01-28T11:08:10.142+0000] {processor.py:208} INFO - Processing /mnt/c/Users/Admin/Desktop/ud_data/Dataslush_umang/airflow/airflow_venv/lib/python3.12/site-packages/airflow/example_dags/tutorial_taskflow_templates.py took 0.886 seconds
[2025-01-28T11:08:55.486+0000] {processor.py:186} INFO - Started process (PID=20259) to work on /mnt/c/Users/Admin/Desktop/ud_data/Dataslush_umang/airflow/airflow_venv/lib/python3.12/site-packages/airflow/example_dags/tutorial_taskflow_templates.py
[2025-01-28T11:08:55.730+0000] {processor.py:914} INFO - Processing file /mnt/c/Users/Admin/Desktop/ud_data/Dataslush_umang/airflow/airflow_venv/lib/python3.12/site-packages/airflow/example_dags/tutorial_taskflow_templates.py for tasks to queue
[2025-01-28T11:08:55.737+0000] {logging_mixin.py:190} INFO - [2025-01-28T11:08:55.735+0000] {dagbag.py:588} INFO - Filling up the DagBag from /mnt/c/Users/Admin/Desktop/ud_data/Dataslush_umang/airflow/airflow_venv/lib/python3.12/site-packages/airflow/example_dags/tutorial_taskflow_templates.py
[2025-01-28T11:08:55.877+0000] {processor.py:925} INFO - DAG(s) 'tutorial_taskflow_templates' retrieved from /mnt/c/Users/Admin/Desktop/ud_data/Dataslush_umang/airflow/airflow_venv/lib/python3.12/site-packages/airflow/example_dags/tutorial_taskflow_templates.py
[2025-01-28T11:08:55.910+0000] {logging_mixin.py:190} INFO - [2025-01-28T11:08:55.909+0000] {dag.py:3239} INFO - Sync 1 DAGs
[2025-01-28T11:08:55.938+0000] {logging_mixin.py:190} INFO - [2025-01-28T11:08:55.936+0000] {dag.py:4180} INFO - Setting next_dagrun for tutorial_taskflow_templates to 2025-01-27 00:00:00+00:00, run_after=2025-01-28 00:00:00+00:00
[2025-01-28T11:08:56.216+0000] {processor.py:208} INFO - Processing /mnt/c/Users/Admin/Desktop/ud_data/Dataslush_umang/airflow/airflow_venv/lib/python3.12/site-packages/airflow/example_dags/tutorial_taskflow_templates.py took 0.754 seconds
[2025-01-28T11:09:46.393+0000] {processor.py:186} INFO - Started process (PID=20399) to work on /mnt/c/Users/Admin/Desktop/ud_data/Dataslush_umang/airflow/airflow_venv/lib/python3.12/site-packages/airflow/example_dags/tutorial_taskflow_templates.py
[2025-01-28T11:09:46.396+0000] {processor.py:914} INFO - Processing file /mnt/c/Users/Admin/Desktop/ud_data/Dataslush_umang/airflow/airflow_venv/lib/python3.12/site-packages/airflow/example_dags/tutorial_taskflow_templates.py for tasks to queue
[2025-01-28T11:09:46.402+0000] {logging_mixin.py:190} INFO - [2025-01-28T11:09:46.401+0000] {dagbag.py:588} INFO - Filling up the DagBag from /mnt/c/Users/Admin/Desktop/ud_data/Dataslush_umang/airflow/airflow_venv/lib/python3.12/site-packages/airflow/example_dags/tutorial_taskflow_templates.py
[2025-01-28T11:09:46.547+0000] {processor.py:925} INFO - DAG(s) 'tutorial_taskflow_templates' retrieved from /mnt/c/Users/Admin/Desktop/ud_data/Dataslush_umang/airflow/airflow_venv/lib/python3.12/site-packages/airflow/example_dags/tutorial_taskflow_templates.py
[2025-01-28T11:09:46.581+0000] {logging_mixin.py:190} INFO - [2025-01-28T11:09:46.579+0000] {dag.py:3239} INFO - Sync 1 DAGs
[2025-01-28T11:09:46.617+0000] {logging_mixin.py:190} INFO - [2025-01-28T11:09:46.616+0000] {dag.py:4180} INFO - Setting next_dagrun for tutorial_taskflow_templates to 2025-01-27 00:00:00+00:00, run_after=2025-01-28 00:00:00+00:00
[2025-01-28T11:09:46.661+0000] {processor.py:208} INFO - Processing /mnt/c/Users/Admin/Desktop/ud_data/Dataslush_umang/airflow/airflow_venv/lib/python3.12/site-packages/airflow/example_dags/tutorial_taskflow_templates.py took 0.295 seconds
[2025-01-28T11:11:19.500+0000] {processor.py:186} INFO - Started process (PID=20518) to work on /mnt/c/Users/Admin/Desktop/ud_data/Dataslush_umang/airflow/airflow_venv/lib/python3.12/site-packages/airflow/example_dags/tutorial_taskflow_templates.py
[2025-01-28T11:11:19.578+0000] {processor.py:914} INFO - Processing file /mnt/c/Users/Admin/Desktop/ud_data/Dataslush_umang/airflow/airflow_venv/lib/python3.12/site-packages/airflow/example_dags/tutorial_taskflow_templates.py for tasks to queue
[2025-01-28T11:11:19.585+0000] {logging_mixin.py:190} INFO - [2025-01-28T11:11:19.582+0000] {dagbag.py:588} INFO - Filling up the DagBag from /mnt/c/Users/Admin/Desktop/ud_data/Dataslush_umang/airflow/airflow_venv/lib/python3.12/site-packages/airflow/example_dags/tutorial_taskflow_templates.py
[2025-01-28T11:11:19.733+0000] {processor.py:925} INFO - DAG(s) 'tutorial_taskflow_templates' retrieved from /mnt/c/Users/Admin/Desktop/ud_data/Dataslush_umang/airflow/airflow_venv/lib/python3.12/site-packages/airflow/example_dags/tutorial_taskflow_templates.py
[2025-01-28T11:11:19.764+0000] {logging_mixin.py:190} INFO - [2025-01-28T11:11:19.763+0000] {dag.py:3239} INFO - Sync 1 DAGs
[2025-01-28T11:11:19.805+0000] {logging_mixin.py:190} INFO - [2025-01-28T11:11:19.803+0000] {dag.py:4180} INFO - Setting next_dagrun for tutorial_taskflow_templates to 2025-01-27 00:00:00+00:00, run_after=2025-01-28 00:00:00+00:00
[2025-01-28T11:11:20.781+0000] {processor.py:208} INFO - Processing /mnt/c/Users/Admin/Desktop/ud_data/Dataslush_umang/airflow/airflow_venv/lib/python3.12/site-packages/airflow/example_dags/tutorial_taskflow_templates.py took 1.309 seconds
[2025-01-28T11:12:07.498+0000] {processor.py:186} INFO - Started process (PID=20578) to work on /mnt/c/Users/Admin/Desktop/ud_data/Dataslush_umang/airflow/airflow_venv/lib/python3.12/site-packages/airflow/example_dags/tutorial_taskflow_templates.py
[2025-01-28T11:12:07.501+0000] {processor.py:914} INFO - Processing file /mnt/c/Users/Admin/Desktop/ud_data/Dataslush_umang/airflow/airflow_venv/lib/python3.12/site-packages/airflow/example_dags/tutorial_taskflow_templates.py for tasks to queue
[2025-01-28T11:12:07.508+0000] {logging_mixin.py:190} INFO - [2025-01-28T11:12:07.506+0000] {dagbag.py:588} INFO - Filling up the DagBag from /mnt/c/Users/Admin/Desktop/ud_data/Dataslush_umang/airflow/airflow_venv/lib/python3.12/site-packages/airflow/example_dags/tutorial_taskflow_templates.py
[2025-01-28T11:12:07.644+0000] {processor.py:925} INFO - DAG(s) 'tutorial_taskflow_templates' retrieved from /mnt/c/Users/Admin/Desktop/ud_data/Dataslush_umang/airflow/airflow_venv/lib/python3.12/site-packages/airflow/example_dags/tutorial_taskflow_templates.py
[2025-01-28T11:12:07.678+0000] {logging_mixin.py:190} INFO - [2025-01-28T11:12:07.676+0000] {dag.py:3239} INFO - Sync 1 DAGs
[2025-01-28T11:12:07.711+0000] {logging_mixin.py:190} INFO - [2025-01-28T11:12:07.709+0000] {dag.py:4180} INFO - Setting next_dagrun for tutorial_taskflow_templates to 2025-01-27 00:00:00+00:00, run_after=2025-01-28 00:00:00+00:00
[2025-01-28T11:12:07.756+0000] {processor.py:208} INFO - Processing /mnt/c/Users/Admin/Desktop/ud_data/Dataslush_umang/airflow/airflow_venv/lib/python3.12/site-packages/airflow/example_dags/tutorial_taskflow_templates.py took 0.283 seconds
[2025-01-28T11:12:55.239+0000] {processor.py:186} INFO - Started process (PID=20630) to work on /mnt/c/Users/Admin/Desktop/ud_data/Dataslush_umang/airflow/airflow_venv/lib/python3.12/site-packages/airflow/example_dags/tutorial_taskflow_templates.py
[2025-01-28T11:12:55.289+0000] {processor.py:914} INFO - Processing file /mnt/c/Users/Admin/Desktop/ud_data/Dataslush_umang/airflow/airflow_venv/lib/python3.12/site-packages/airflow/example_dags/tutorial_taskflow_templates.py for tasks to queue
[2025-01-28T11:12:55.294+0000] {logging_mixin.py:190} INFO - [2025-01-28T11:12:55.293+0000] {dagbag.py:588} INFO - Filling up the DagBag from /mnt/c/Users/Admin/Desktop/ud_data/Dataslush_umang/airflow/airflow_venv/lib/python3.12/site-packages/airflow/example_dags/tutorial_taskflow_templates.py
[2025-01-28T11:12:55.418+0000] {processor.py:925} INFO - DAG(s) 'tutorial_taskflow_templates' retrieved from /mnt/c/Users/Admin/Desktop/ud_data/Dataslush_umang/airflow/airflow_venv/lib/python3.12/site-packages/airflow/example_dags/tutorial_taskflow_templates.py
[2025-01-28T11:12:55.450+0000] {logging_mixin.py:190} INFO - [2025-01-28T11:12:55.449+0000] {dag.py:3239} INFO - Sync 1 DAGs
[2025-01-28T11:12:55.482+0000] {logging_mixin.py:190} INFO - [2025-01-28T11:12:55.480+0000] {dag.py:4180} INFO - Setting next_dagrun for tutorial_taskflow_templates to 2025-01-27 00:00:00+00:00, run_after=2025-01-28 00:00:00+00:00
[2025-01-28T11:12:55.605+0000] {processor.py:208} INFO - Processing /mnt/c/Users/Admin/Desktop/ud_data/Dataslush_umang/airflow/airflow_venv/lib/python3.12/site-packages/airflow/example_dags/tutorial_taskflow_templates.py took 0.393 seconds
[2025-01-28T11:13:44.126+0000] {processor.py:186} INFO - Started process (PID=20689) to work on /mnt/c/Users/Admin/Desktop/ud_data/Dataslush_umang/airflow/airflow_venv/lib/python3.12/site-packages/airflow/example_dags/tutorial_taskflow_templates.py
[2025-01-28T11:13:44.169+0000] {processor.py:914} INFO - Processing file /mnt/c/Users/Admin/Desktop/ud_data/Dataslush_umang/airflow/airflow_venv/lib/python3.12/site-packages/airflow/example_dags/tutorial_taskflow_templates.py for tasks to queue
[2025-01-28T11:13:44.176+0000] {logging_mixin.py:190} INFO - [2025-01-28T11:13:44.174+0000] {dagbag.py:588} INFO - Filling up the DagBag from /mnt/c/Users/Admin/Desktop/ud_data/Dataslush_umang/airflow/airflow_venv/lib/python3.12/site-packages/airflow/example_dags/tutorial_taskflow_templates.py
[2025-01-28T11:13:44.323+0000] {processor.py:925} INFO - DAG(s) 'tutorial_taskflow_templates' retrieved from /mnt/c/Users/Admin/Desktop/ud_data/Dataslush_umang/airflow/airflow_venv/lib/python3.12/site-packages/airflow/example_dags/tutorial_taskflow_templates.py
[2025-01-28T11:14:14.438+0000] {logging_mixin.py:190} INFO - [2025-01-28T11:14:14.436+0000] {dag.py:3239} INFO - Sync 1 DAGs
[2025-01-28T11:14:14.480+0000] {logging_mixin.py:190} INFO - [2025-01-28T11:14:14.478+0000] {dag.py:4180} INFO - Setting next_dagrun for tutorial_taskflow_templates to 2025-01-27 00:00:00+00:00, run_after=2025-01-28 00:00:00+00:00
[2025-01-28T11:14:14.527+0000] {processor.py:208} INFO - Processing /mnt/c/Users/Admin/Desktop/ud_data/Dataslush_umang/airflow/airflow_venv/lib/python3.12/site-packages/airflow/example_dags/tutorial_taskflow_templates.py took 0.343 seconds
