[2025-01-28T10:11:05.034+0000] {processor.py:186} INFO - Started process (PID=14582) to work on /mnt/c/Users/Admin/Desktop/ud_data/Dataslush_umang/airflow/airflow_venv/lib/python3.12/site-packages/airflow/example_dags/subdags/subdag.py
[2025-01-28T10:11:05.036+0000] {processor.py:914} INFO - Processing file /mnt/c/Users/Admin/Desktop/ud_data/Dataslush_umang/airflow/airflow_venv/lib/python3.12/site-packages/airflow/example_dags/subdags/subdag.py for tasks to queue
[2025-01-28T10:11:05.047+0000] {logging_mixin.py:190} INFO - [2025-01-28T10:11:05.040+0000] {dagbag.py:588} INFO - Filling up the DagBag from /mnt/c/Users/Admin/Desktop/ud_data/Dataslush_umang/airflow/airflow_venv/lib/python3.12/site-packages/airflow/example_dags/subdags/subdag.py
[2025-01-28T10:11:05.095+0000] {processor.py:927} WARNING - No viable dags retrieved from /mnt/c/Users/Admin/Desktop/ud_data/Dataslush_umang/airflow/airflow_venv/lib/python3.12/site-packages/airflow/example_dags/subdags/subdag.py
[2025-01-28T10:11:05.107+0000] {processor.py:208} INFO - Processing /mnt/c/Users/Admin/Desktop/ud_data/Dataslush_umang/airflow/airflow_venv/lib/python3.12/site-packages/airflow/example_dags/subdags/subdag.py took 0.096 seconds
[2025-01-28T10:14:39.461+0000] {processor.py:186} INFO - Started process (PID=14936) to work on /mnt/c/Users/Admin/Desktop/ud_data/Dataslush_umang/airflow/airflow_venv/lib/python3.12/site-packages/airflow/example_dags/subdags/subdag.py
[2025-01-28T10:14:39.476+0000] {processor.py:914} INFO - Processing file /mnt/c/Users/Admin/Desktop/ud_data/Dataslush_umang/airflow/airflow_venv/lib/python3.12/site-packages/airflow/example_dags/subdags/subdag.py for tasks to queue
[2025-01-28T10:14:39.482+0000] {logging_mixin.py:190} INFO - [2025-01-28T10:14:39.480+0000] {dagbag.py:588} INFO - Filling up the DagBag from /mnt/c/Users/Admin/Desktop/ud_data/Dataslush_umang/airflow/airflow_venv/lib/python3.12/site-packages/airflow/example_dags/subdags/subdag.py
[2025-01-28T10:14:39.525+0000] {processor.py:927} WARNING - No viable dags retrieved from /mnt/c/Users/Admin/Desktop/ud_data/Dataslush_umang/airflow/airflow_venv/lib/python3.12/site-packages/airflow/example_dags/subdags/subdag.py
[2025-01-28T10:14:39.536+0000] {processor.py:208} INFO - Processing /mnt/c/Users/Admin/Desktop/ud_data/Dataslush_umang/airflow/airflow_venv/lib/python3.12/site-packages/airflow/example_dags/subdags/subdag.py took 0.096 seconds
[2025-01-28T10:16:13.506+0000] {processor.py:186} INFO - Started process (PID=15014) to work on /mnt/c/Users/Admin/Desktop/ud_data/Dataslush_umang/airflow/airflow_venv/lib/python3.12/site-packages/airflow/example_dags/subdags/subdag.py
[2025-01-28T10:16:13.510+0000] {processor.py:914} INFO - Processing file /mnt/c/Users/Admin/Desktop/ud_data/Dataslush_umang/airflow/airflow_venv/lib/python3.12/site-packages/airflow/example_dags/subdags/subdag.py for tasks to queue
[2025-01-28T10:16:13.516+0000] {logging_mixin.py:190} INFO - [2025-01-28T10:16:13.514+0000] {dagbag.py:588} INFO - Filling up the DagBag from /mnt/c/Users/Admin/Desktop/ud_data/Dataslush_umang/airflow/airflow_venv/lib/python3.12/site-packages/airflow/example_dags/subdags/subdag.py
[2025-01-28T10:16:13.565+0000] {processor.py:927} WARNING - No viable dags retrieved from /mnt/c/Users/Admin/Desktop/ud_data/Dataslush_umang/airflow/airflow_venv/lib/python3.12/site-packages/airflow/example_dags/subdags/subdag.py
[2025-01-28T10:16:13.584+0000] {processor.py:208} INFO - Processing /mnt/c/Users/Admin/Desktop/ud_data/Dataslush_umang/airflow/airflow_venv/lib/python3.12/site-packages/airflow/example_dags/subdags/subdag.py took 0.102 seconds
[2025-01-28T10:16:34.098+0000] {processor.py:186} INFO - Started process (PID=15126) to work on /mnt/c/Users/Admin/Desktop/ud_data/Dataslush_umang/airflow/airflow_venv/lib/python3.12/site-packages/airflow/example_dags/subdags/subdag.py
[2025-01-28T10:16:34.265+0000] {processor.py:914} INFO - Processing file /mnt/c/Users/Admin/Desktop/ud_data/Dataslush_umang/airflow/airflow_venv/lib/python3.12/site-packages/airflow/example_dags/subdags/subdag.py for tasks to queue
[2025-01-28T10:16:34.269+0000] {logging_mixin.py:190} INFO - [2025-01-28T10:16:34.268+0000] {dagbag.py:588} INFO - Filling up the DagBag from /mnt/c/Users/Admin/Desktop/ud_data/Dataslush_umang/airflow/airflow_venv/lib/python3.12/site-packages/airflow/example_dags/subdags/subdag.py
[2025-01-28T10:16:34.302+0000] {processor.py:927} WARNING - No viable dags retrieved from /mnt/c/Users/Admin/Desktop/ud_data/Dataslush_umang/airflow/airflow_venv/lib/python3.12/site-packages/airflow/example_dags/subdags/subdag.py
[2025-01-28T10:16:34.317+0000] {processor.py:208} INFO - Processing /mnt/c/Users/Admin/Desktop/ud_data/Dataslush_umang/airflow/airflow_venv/lib/python3.12/site-packages/airflow/example_dags/subdags/subdag.py took 0.237 seconds
[2025-01-28T10:17:28.294+0000] {processor.py:186} INFO - Started process (PID=15203) to work on /mnt/c/Users/Admin/Desktop/ud_data/Dataslush_umang/airflow/airflow_venv/lib/python3.12/site-packages/airflow/example_dags/subdags/subdag.py
[2025-01-28T10:17:28.378+0000] {processor.py:914} INFO - Processing file /mnt/c/Users/Admin/Desktop/ud_data/Dataslush_umang/airflow/airflow_venv/lib/python3.12/site-packages/airflow/example_dags/subdags/subdag.py for tasks to queue
[2025-01-28T10:17:28.392+0000] {logging_mixin.py:190} INFO - [2025-01-28T10:17:28.387+0000] {dagbag.py:588} INFO - Filling up the DagBag from /mnt/c/Users/Admin/Desktop/ud_data/Dataslush_umang/airflow/airflow_venv/lib/python3.12/site-packages/airflow/example_dags/subdags/subdag.py
[2025-01-28T10:17:58.561+0000] {processor.py:927} WARNING - No viable dags retrieved from /mnt/c/Users/Admin/Desktop/ud_data/Dataslush_umang/airflow/airflow_venv/lib/python3.12/site-packages/airflow/example_dags/subdags/subdag.py
[2025-01-28T10:17:58.576+0000] {processor.py:208} INFO - Processing /mnt/c/Users/Admin/Desktop/ud_data/Dataslush_umang/airflow/airflow_venv/lib/python3.12/site-packages/airflow/example_dags/subdags/subdag.py took 0.211 seconds
[2025-01-28T10:18:46.918+0000] {processor.py:186} INFO - Started process (PID=15359) to work on /mnt/c/Users/Admin/Desktop/ud_data/Dataslush_umang/airflow/airflow_venv/lib/python3.12/site-packages/airflow/example_dags/subdags/subdag.py
[2025-01-28T10:18:46.923+0000] {processor.py:914} INFO - Processing file /mnt/c/Users/Admin/Desktop/ud_data/Dataslush_umang/airflow/airflow_venv/lib/python3.12/site-packages/airflow/example_dags/subdags/subdag.py for tasks to queue
[2025-01-28T10:18:46.932+0000] {logging_mixin.py:190} INFO - [2025-01-28T10:18:46.929+0000] {dagbag.py:588} INFO - Filling up the DagBag from /mnt/c/Users/Admin/Desktop/ud_data/Dataslush_umang/airflow/airflow_venv/lib/python3.12/site-packages/airflow/example_dags/subdags/subdag.py
[2025-01-28T10:18:46.997+0000] {processor.py:927} WARNING - No viable dags retrieved from /mnt/c/Users/Admin/Desktop/ud_data/Dataslush_umang/airflow/airflow_venv/lib/python3.12/site-packages/airflow/example_dags/subdags/subdag.py
[2025-01-28T10:18:47.014+0000] {processor.py:208} INFO - Processing /mnt/c/Users/Admin/Desktop/ud_data/Dataslush_umang/airflow/airflow_venv/lib/python3.12/site-packages/airflow/example_dags/subdags/subdag.py took 0.141 seconds
[2025-01-28T10:19:59.581+0000] {processor.py:186} INFO - Started process (PID=15438) to work on /mnt/c/Users/Admin/Desktop/ud_data/Dataslush_umang/airflow/airflow_venv/lib/python3.12/site-packages/airflow/example_dags/subdags/subdag.py
[2025-01-28T10:19:59.653+0000] {processor.py:914} INFO - Processing file /mnt/c/Users/Admin/Desktop/ud_data/Dataslush_umang/airflow/airflow_venv/lib/python3.12/site-packages/airflow/example_dags/subdags/subdag.py for tasks to queue
[2025-01-28T10:19:59.671+0000] {logging_mixin.py:190} INFO - [2025-01-28T10:19:59.665+0000] {dagbag.py:588} INFO - Filling up the DagBag from /mnt/c/Users/Admin/Desktop/ud_data/Dataslush_umang/airflow/airflow_venv/lib/python3.12/site-packages/airflow/example_dags/subdags/subdag.py
[2025-01-28T10:19:59.789+0000] {processor.py:927} WARNING - No viable dags retrieved from /mnt/c/Users/Admin/Desktop/ud_data/Dataslush_umang/airflow/airflow_venv/lib/python3.12/site-packages/airflow/example_dags/subdags/subdag.py
[2025-01-28T10:19:59.827+0000] {processor.py:208} INFO - Processing /mnt/c/Users/Admin/Desktop/ud_data/Dataslush_umang/airflow/airflow_venv/lib/python3.12/site-packages/airflow/example_dags/subdags/subdag.py took 0.281 seconds
[2025-01-28T10:21:32.255+0000] {processor.py:186} INFO - Started process (PID=15595) to work on /mnt/c/Users/Admin/Desktop/ud_data/Dataslush_umang/airflow/airflow_venv/lib/python3.12/site-packages/airflow/example_dags/subdags/subdag.py
[2025-01-28T10:21:32.287+0000] {processor.py:914} INFO - Processing file /mnt/c/Users/Admin/Desktop/ud_data/Dataslush_umang/airflow/airflow_venv/lib/python3.12/site-packages/airflow/example_dags/subdags/subdag.py for tasks to queue
[2025-01-28T10:21:32.301+0000] {logging_mixin.py:190} INFO - [2025-01-28T10:21:32.296+0000] {dagbag.py:588} INFO - Filling up the DagBag from /mnt/c/Users/Admin/Desktop/ud_data/Dataslush_umang/airflow/airflow_venv/lib/python3.12/site-packages/airflow/example_dags/subdags/subdag.py
[2025-01-28T10:21:32.411+0000] {processor.py:927} WARNING - No viable dags retrieved from /mnt/c/Users/Admin/Desktop/ud_data/Dataslush_umang/airflow/airflow_venv/lib/python3.12/site-packages/airflow/example_dags/subdags/subdag.py
[2025-01-28T10:21:32.452+0000] {processor.py:208} INFO - Processing /mnt/c/Users/Admin/Desktop/ud_data/Dataslush_umang/airflow/airflow_venv/lib/python3.12/site-packages/airflow/example_dags/subdags/subdag.py took 0.266 seconds
[2025-01-28T10:23:44.465+0000] {processor.py:186} INFO - Started process (PID=15767) to work on /mnt/c/Users/Admin/Desktop/ud_data/Dataslush_umang/airflow/airflow_venv/lib/python3.12/site-packages/airflow/example_dags/subdags/subdag.py
[2025-01-28T10:23:14.368+0000] {processor.py:914} INFO - Processing file /mnt/c/Users/Admin/Desktop/ud_data/Dataslush_umang/airflow/airflow_venv/lib/python3.12/site-packages/airflow/example_dags/subdags/subdag.py for tasks to queue
[2025-01-28T10:23:14.373+0000] {logging_mixin.py:190} INFO - [2025-01-28T10:23:14.371+0000] {dagbag.py:588} INFO - Filling up the DagBag from /mnt/c/Users/Admin/Desktop/ud_data/Dataslush_umang/airflow/airflow_venv/lib/python3.12/site-packages/airflow/example_dags/subdags/subdag.py
[2025-01-28T10:23:14.403+0000] {processor.py:927} WARNING - No viable dags retrieved from /mnt/c/Users/Admin/Desktop/ud_data/Dataslush_umang/airflow/airflow_venv/lib/python3.12/site-packages/airflow/example_dags/subdags/subdag.py
[2025-01-28T10:23:14.418+0000] {processor.py:208} INFO - Processing /mnt/c/Users/Admin/Desktop/ud_data/Dataslush_umang/airflow/airflow_venv/lib/python3.12/site-packages/airflow/example_dags/subdags/subdag.py took 0.078 seconds
[2025-01-28T10:24:55.731+0000] {processor.py:186} INFO - Started process (PID=15983) to work on /mnt/c/Users/Admin/Desktop/ud_data/Dataslush_umang/airflow/airflow_venv/lib/python3.12/site-packages/airflow/example_dags/subdags/subdag.py
[2025-01-28T10:24:55.858+0000] {processor.py:914} INFO - Processing file /mnt/c/Users/Admin/Desktop/ud_data/Dataslush_umang/airflow/airflow_venv/lib/python3.12/site-packages/airflow/example_dags/subdags/subdag.py for tasks to queue
[2025-01-28T10:24:55.864+0000] {logging_mixin.py:190} INFO - [2025-01-28T10:24:55.862+0000] {dagbag.py:588} INFO - Filling up the DagBag from /mnt/c/Users/Admin/Desktop/ud_data/Dataslush_umang/airflow/airflow_venv/lib/python3.12/site-packages/airflow/example_dags/subdags/subdag.py
[2025-01-28T10:24:55.901+0000] {processor.py:927} WARNING - No viable dags retrieved from /mnt/c/Users/Admin/Desktop/ud_data/Dataslush_umang/airflow/airflow_venv/lib/python3.12/site-packages/airflow/example_dags/subdags/subdag.py
[2025-01-28T10:24:55.917+0000] {processor.py:208} INFO - Processing /mnt/c/Users/Admin/Desktop/ud_data/Dataslush_umang/airflow/airflow_venv/lib/python3.12/site-packages/airflow/example_dags/subdags/subdag.py took 0.216 seconds
[2025-01-28T10:26:12.995+0000] {processor.py:186} INFO - Started process (PID=16130) to work on /mnt/c/Users/Admin/Desktop/ud_data/Dataslush_umang/airflow/airflow_venv/lib/python3.12/site-packages/airflow/example_dags/subdags/subdag.py
[2025-01-28T10:26:12.997+0000] {processor.py:914} INFO - Processing file /mnt/c/Users/Admin/Desktop/ud_data/Dataslush_umang/airflow/airflow_venv/lib/python3.12/site-packages/airflow/example_dags/subdags/subdag.py for tasks to queue
[2025-01-28T10:26:13.003+0000] {logging_mixin.py:190} INFO - [2025-01-28T10:26:13.001+0000] {dagbag.py:588} INFO - Filling up the DagBag from /mnt/c/Users/Admin/Desktop/ud_data/Dataslush_umang/airflow/airflow_venv/lib/python3.12/site-packages/airflow/example_dags/subdags/subdag.py
[2025-01-28T10:26:13.044+0000] {processor.py:927} WARNING - No viable dags retrieved from /mnt/c/Users/Admin/Desktop/ud_data/Dataslush_umang/airflow/airflow_venv/lib/python3.12/site-packages/airflow/example_dags/subdags/subdag.py
[2025-01-28T10:26:13.069+0000] {processor.py:208} INFO - Processing /mnt/c/Users/Admin/Desktop/ud_data/Dataslush_umang/airflow/airflow_venv/lib/python3.12/site-packages/airflow/example_dags/subdags/subdag.py took 0.100 seconds
[2025-01-28T10:27:35.323+0000] {processor.py:186} INFO - Started process (PID=16262) to work on /mnt/c/Users/Admin/Desktop/ud_data/Dataslush_umang/airflow/airflow_venv/lib/python3.12/site-packages/airflow/example_dags/subdags/subdag.py
[2025-01-28T10:27:35.325+0000] {processor.py:914} INFO - Processing file /mnt/c/Users/Admin/Desktop/ud_data/Dataslush_umang/airflow/airflow_venv/lib/python3.12/site-packages/airflow/example_dags/subdags/subdag.py for tasks to queue
[2025-01-28T10:27:35.329+0000] {logging_mixin.py:190} INFO - [2025-01-28T10:27:35.328+0000] {dagbag.py:588} INFO - Filling up the DagBag from /mnt/c/Users/Admin/Desktop/ud_data/Dataslush_umang/airflow/airflow_venv/lib/python3.12/site-packages/airflow/example_dags/subdags/subdag.py
[2025-01-28T10:27:35.359+0000] {processor.py:927} WARNING - No viable dags retrieved from /mnt/c/Users/Admin/Desktop/ud_data/Dataslush_umang/airflow/airflow_venv/lib/python3.12/site-packages/airflow/example_dags/subdags/subdag.py
[2025-01-28T10:27:35.373+0000] {processor.py:208} INFO - Processing /mnt/c/Users/Admin/Desktop/ud_data/Dataslush_umang/airflow/airflow_venv/lib/python3.12/site-packages/airflow/example_dags/subdags/subdag.py took 0.070 seconds
[2025-01-28T10:29:29.928+0000] {processor.py:186} INFO - Started process (PID=16338) to work on /mnt/c/Users/Admin/Desktop/ud_data/Dataslush_umang/airflow/airflow_venv/lib/python3.12/site-packages/airflow/example_dags/subdags/subdag.py
[2025-01-28T10:29:29.932+0000] {processor.py:914} INFO - Processing file /mnt/c/Users/Admin/Desktop/ud_data/Dataslush_umang/airflow/airflow_venv/lib/python3.12/site-packages/airflow/example_dags/subdags/subdag.py for tasks to queue
[2025-01-28T10:29:29.939+0000] {logging_mixin.py:190} INFO - [2025-01-28T10:29:29.936+0000] {dagbag.py:588} INFO - Filling up the DagBag from /mnt/c/Users/Admin/Desktop/ud_data/Dataslush_umang/airflow/airflow_venv/lib/python3.12/site-packages/airflow/example_dags/subdags/subdag.py
[2025-01-28T10:29:30.001+0000] {processor.py:927} WARNING - No viable dags retrieved from /mnt/c/Users/Admin/Desktop/ud_data/Dataslush_umang/airflow/airflow_venv/lib/python3.12/site-packages/airflow/example_dags/subdags/subdag.py
[2025-01-28T10:29:30.015+0000] {processor.py:208} INFO - Processing /mnt/c/Users/Admin/Desktop/ud_data/Dataslush_umang/airflow/airflow_venv/lib/python3.12/site-packages/airflow/example_dags/subdags/subdag.py took 0.124 seconds
[2025-01-28T10:30:21.791+0000] {processor.py:186} INFO - Started process (PID=16431) to work on /mnt/c/Users/Admin/Desktop/ud_data/Dataslush_umang/airflow/airflow_venv/lib/python3.12/site-packages/airflow/example_dags/subdags/subdag.py
[2025-01-28T10:30:21.883+0000] {processor.py:914} INFO - Processing file /mnt/c/Users/Admin/Desktop/ud_data/Dataslush_umang/airflow/airflow_venv/lib/python3.12/site-packages/airflow/example_dags/subdags/subdag.py for tasks to queue
[2025-01-28T10:30:21.899+0000] {logging_mixin.py:190} INFO - [2025-01-28T10:30:21.893+0000] {dagbag.py:588} INFO - Filling up the DagBag from /mnt/c/Users/Admin/Desktop/ud_data/Dataslush_umang/airflow/airflow_venv/lib/python3.12/site-packages/airflow/example_dags/subdags/subdag.py
[2025-01-28T10:30:21.984+0000] {processor.py:927} WARNING - No viable dags retrieved from /mnt/c/Users/Admin/Desktop/ud_data/Dataslush_umang/airflow/airflow_venv/lib/python3.12/site-packages/airflow/example_dags/subdags/subdag.py
[2025-01-28T10:30:21.998+0000] {processor.py:208} INFO - Processing /mnt/c/Users/Admin/Desktop/ud_data/Dataslush_umang/airflow/airflow_venv/lib/python3.12/site-packages/airflow/example_dags/subdags/subdag.py took 0.242 seconds
[2025-01-28T10:31:27.386+0000] {processor.py:186} INFO - Started process (PID=16570) to work on /mnt/c/Users/Admin/Desktop/ud_data/Dataslush_umang/airflow/airflow_venv/lib/python3.12/site-packages/airflow/example_dags/subdags/subdag.py
[2025-01-28T10:31:27.411+0000] {processor.py:914} INFO - Processing file /mnt/c/Users/Admin/Desktop/ud_data/Dataslush_umang/airflow/airflow_venv/lib/python3.12/site-packages/airflow/example_dags/subdags/subdag.py for tasks to queue
[2025-01-28T10:31:27.416+0000] {logging_mixin.py:190} INFO - [2025-01-28T10:31:27.415+0000] {dagbag.py:588} INFO - Filling up the DagBag from /mnt/c/Users/Admin/Desktop/ud_data/Dataslush_umang/airflow/airflow_venv/lib/python3.12/site-packages/airflow/example_dags/subdags/subdag.py
[2025-01-28T10:31:27.454+0000] {processor.py:927} WARNING - No viable dags retrieved from /mnt/c/Users/Admin/Desktop/ud_data/Dataslush_umang/airflow/airflow_venv/lib/python3.12/site-packages/airflow/example_dags/subdags/subdag.py
[2025-01-28T10:31:27.470+0000] {processor.py:208} INFO - Processing /mnt/c/Users/Admin/Desktop/ud_data/Dataslush_umang/airflow/airflow_venv/lib/python3.12/site-packages/airflow/example_dags/subdags/subdag.py took 0.108 seconds
[2025-01-28T10:32:38.987+0000] {processor.py:186} INFO - Started process (PID=16653) to work on /mnt/c/Users/Admin/Desktop/ud_data/Dataslush_umang/airflow/airflow_venv/lib/python3.12/site-packages/airflow/example_dags/subdags/subdag.py
[2025-01-28T10:32:38.994+0000] {processor.py:914} INFO - Processing file /mnt/c/Users/Admin/Desktop/ud_data/Dataslush_umang/airflow/airflow_venv/lib/python3.12/site-packages/airflow/example_dags/subdags/subdag.py for tasks to queue
[2025-01-28T10:32:39.009+0000] {logging_mixin.py:190} INFO - [2025-01-28T10:32:39.004+0000] {dagbag.py:588} INFO - Filling up the DagBag from /mnt/c/Users/Admin/Desktop/ud_data/Dataslush_umang/airflow/airflow_venv/lib/python3.12/site-packages/airflow/example_dags/subdags/subdag.py
[2025-01-28T10:32:39.124+0000] {processor.py:927} WARNING - No viable dags retrieved from /mnt/c/Users/Admin/Desktop/ud_data/Dataslush_umang/airflow/airflow_venv/lib/python3.12/site-packages/airflow/example_dags/subdags/subdag.py
[2025-01-28T10:32:39.169+0000] {processor.py:208} INFO - Processing /mnt/c/Users/Admin/Desktop/ud_data/Dataslush_umang/airflow/airflow_venv/lib/python3.12/site-packages/airflow/example_dags/subdags/subdag.py took 0.252 seconds
[2025-01-28T10:33:50.844+0000] {processor.py:186} INFO - Started process (PID=16783) to work on /mnt/c/Users/Admin/Desktop/ud_data/Dataslush_umang/airflow/airflow_venv/lib/python3.12/site-packages/airflow/example_dags/subdags/subdag.py
[2025-01-28T10:33:50.849+0000] {processor.py:914} INFO - Processing file /mnt/c/Users/Admin/Desktop/ud_data/Dataslush_umang/airflow/airflow_venv/lib/python3.12/site-packages/airflow/example_dags/subdags/subdag.py for tasks to queue
[2025-01-28T10:33:50.862+0000] {logging_mixin.py:190} INFO - [2025-01-28T10:33:50.859+0000] {dagbag.py:588} INFO - Filling up the DagBag from /mnt/c/Users/Admin/Desktop/ud_data/Dataslush_umang/airflow/airflow_venv/lib/python3.12/site-packages/airflow/example_dags/subdags/subdag.py
[2025-01-28T10:33:50.938+0000] {processor.py:927} WARNING - No viable dags retrieved from /mnt/c/Users/Admin/Desktop/ud_data/Dataslush_umang/airflow/airflow_venv/lib/python3.12/site-packages/airflow/example_dags/subdags/subdag.py
[2025-01-28T10:33:50.966+0000] {processor.py:208} INFO - Processing /mnt/c/Users/Admin/Desktop/ud_data/Dataslush_umang/airflow/airflow_venv/lib/python3.12/site-packages/airflow/example_dags/subdags/subdag.py took 0.169 seconds
[2025-01-28T10:35:14.653+0000] {processor.py:186} INFO - Started process (PID=16911) to work on /mnt/c/Users/Admin/Desktop/ud_data/Dataslush_umang/airflow/airflow_venv/lib/python3.12/site-packages/airflow/example_dags/subdags/subdag.py
[2025-01-28T10:35:14.656+0000] {processor.py:914} INFO - Processing file /mnt/c/Users/Admin/Desktop/ud_data/Dataslush_umang/airflow/airflow_venv/lib/python3.12/site-packages/airflow/example_dags/subdags/subdag.py for tasks to queue
[2025-01-28T10:35:14.662+0000] {logging_mixin.py:190} INFO - [2025-01-28T10:35:14.660+0000] {dagbag.py:588} INFO - Filling up the DagBag from /mnt/c/Users/Admin/Desktop/ud_data/Dataslush_umang/airflow/airflow_venv/lib/python3.12/site-packages/airflow/example_dags/subdags/subdag.py
[2025-01-28T10:35:14.699+0000] {processor.py:927} WARNING - No viable dags retrieved from /mnt/c/Users/Admin/Desktop/ud_data/Dataslush_umang/airflow/airflow_venv/lib/python3.12/site-packages/airflow/example_dags/subdags/subdag.py
[2025-01-28T10:35:14.710+0000] {processor.py:208} INFO - Processing /mnt/c/Users/Admin/Desktop/ud_data/Dataslush_umang/airflow/airflow_venv/lib/python3.12/site-packages/airflow/example_dags/subdags/subdag.py took 0.091 seconds
[2025-01-28T10:36:35.126+0000] {processor.py:186} INFO - Started process (PID=17020) to work on /mnt/c/Users/Admin/Desktop/ud_data/Dataslush_umang/airflow/airflow_venv/lib/python3.12/site-packages/airflow/example_dags/subdags/subdag.py
[2025-01-28T10:36:35.133+0000] {processor.py:914} INFO - Processing file /mnt/c/Users/Admin/Desktop/ud_data/Dataslush_umang/airflow/airflow_venv/lib/python3.12/site-packages/airflow/example_dags/subdags/subdag.py for tasks to queue
[2025-01-28T10:36:35.148+0000] {logging_mixin.py:190} INFO - [2025-01-28T10:36:35.143+0000] {dagbag.py:588} INFO - Filling up the DagBag from /mnt/c/Users/Admin/Desktop/ud_data/Dataslush_umang/airflow/airflow_venv/lib/python3.12/site-packages/airflow/example_dags/subdags/subdag.py
[2025-01-28T10:36:35.257+0000] {processor.py:927} WARNING - No viable dags retrieved from /mnt/c/Users/Admin/Desktop/ud_data/Dataslush_umang/airflow/airflow_venv/lib/python3.12/site-packages/airflow/example_dags/subdags/subdag.py
[2025-01-28T10:36:35.304+0000] {processor.py:208} INFO - Processing /mnt/c/Users/Admin/Desktop/ud_data/Dataslush_umang/airflow/airflow_venv/lib/python3.12/site-packages/airflow/example_dags/subdags/subdag.py took 0.245 seconds
[2025-01-28T10:38:06.241+0000] {processor.py:186} INFO - Started process (PID=17131) to work on /mnt/c/Users/Admin/Desktop/ud_data/Dataslush_umang/airflow/airflow_venv/lib/python3.12/site-packages/airflow/example_dags/subdags/subdag.py
[2025-01-28T10:38:06.499+0000] {processor.py:914} INFO - Processing file /mnt/c/Users/Admin/Desktop/ud_data/Dataslush_umang/airflow/airflow_venv/lib/python3.12/site-packages/airflow/example_dags/subdags/subdag.py for tasks to queue
[2025-01-28T10:38:06.505+0000] {logging_mixin.py:190} INFO - [2025-01-28T10:38:06.503+0000] {dagbag.py:588} INFO - Filling up the DagBag from /mnt/c/Users/Admin/Desktop/ud_data/Dataslush_umang/airflow/airflow_venv/lib/python3.12/site-packages/airflow/example_dags/subdags/subdag.py
[2025-01-28T10:38:06.541+0000] {processor.py:927} WARNING - No viable dags retrieved from /mnt/c/Users/Admin/Desktop/ud_data/Dataslush_umang/airflow/airflow_venv/lib/python3.12/site-packages/airflow/example_dags/subdags/subdag.py
[2025-01-28T10:38:06.556+0000] {processor.py:208} INFO - Processing /mnt/c/Users/Admin/Desktop/ud_data/Dataslush_umang/airflow/airflow_venv/lib/python3.12/site-packages/airflow/example_dags/subdags/subdag.py took 0.382 seconds
[2025-01-28T10:39:54.161+0000] {processor.py:186} INFO - Started process (PID=17308) to work on /mnt/c/Users/Admin/Desktop/ud_data/Dataslush_umang/airflow/airflow_venv/lib/python3.12/site-packages/airflow/example_dags/subdags/subdag.py
[2025-01-28T10:39:54.229+0000] {processor.py:914} INFO - Processing file /mnt/c/Users/Admin/Desktop/ud_data/Dataslush_umang/airflow/airflow_venv/lib/python3.12/site-packages/airflow/example_dags/subdags/subdag.py for tasks to queue
[2025-01-28T10:39:54.243+0000] {logging_mixin.py:190} INFO - [2025-01-28T10:39:54.238+0000] {dagbag.py:588} INFO - Filling up the DagBag from /mnt/c/Users/Admin/Desktop/ud_data/Dataslush_umang/airflow/airflow_venv/lib/python3.12/site-packages/airflow/example_dags/subdags/subdag.py
[2025-01-28T10:39:54.350+0000] {processor.py:927} WARNING - No viable dags retrieved from /mnt/c/Users/Admin/Desktop/ud_data/Dataslush_umang/airflow/airflow_venv/lib/python3.12/site-packages/airflow/example_dags/subdags/subdag.py
[2025-01-28T10:39:54.375+0000] {processor.py:208} INFO - Processing /mnt/c/Users/Admin/Desktop/ud_data/Dataslush_umang/airflow/airflow_venv/lib/python3.12/site-packages/airflow/example_dags/subdags/subdag.py took 0.247 seconds
[2025-01-28T10:40:51.591+0000] {processor.py:186} INFO - Started process (PID=17379) to work on /mnt/c/Users/Admin/Desktop/ud_data/Dataslush_umang/airflow/airflow_venv/lib/python3.12/site-packages/airflow/example_dags/subdags/subdag.py
[2025-01-28T10:40:52.009+0000] {processor.py:914} INFO - Processing file /mnt/c/Users/Admin/Desktop/ud_data/Dataslush_umang/airflow/airflow_venv/lib/python3.12/site-packages/airflow/example_dags/subdags/subdag.py for tasks to queue
[2025-01-28T10:40:52.026+0000] {logging_mixin.py:190} INFO - [2025-01-28T10:40:52.021+0000] {dagbag.py:588} INFO - Filling up the DagBag from /mnt/c/Users/Admin/Desktop/ud_data/Dataslush_umang/airflow/airflow_venv/lib/python3.12/site-packages/airflow/example_dags/subdags/subdag.py
[2025-01-28T10:40:52.095+0000] {processor.py:927} WARNING - No viable dags retrieved from /mnt/c/Users/Admin/Desktop/ud_data/Dataslush_umang/airflow/airflow_venv/lib/python3.12/site-packages/airflow/example_dags/subdags/subdag.py
[2025-01-28T10:40:52.107+0000] {processor.py:208} INFO - Processing /mnt/c/Users/Admin/Desktop/ud_data/Dataslush_umang/airflow/airflow_venv/lib/python3.12/site-packages/airflow/example_dags/subdags/subdag.py took 0.540 seconds
[2025-01-28T10:41:39.938+0000] {processor.py:186} INFO - Started process (PID=17453) to work on /mnt/c/Users/Admin/Desktop/ud_data/Dataslush_umang/airflow/airflow_venv/lib/python3.12/site-packages/airflow/example_dags/subdags/subdag.py
[2025-01-28T10:41:39.942+0000] {processor.py:914} INFO - Processing file /mnt/c/Users/Admin/Desktop/ud_data/Dataslush_umang/airflow/airflow_venv/lib/python3.12/site-packages/airflow/example_dags/subdags/subdag.py for tasks to queue
[2025-01-28T10:41:39.948+0000] {logging_mixin.py:190} INFO - [2025-01-28T10:41:39.946+0000] {dagbag.py:588} INFO - Filling up the DagBag from /mnt/c/Users/Admin/Desktop/ud_data/Dataslush_umang/airflow/airflow_venv/lib/python3.12/site-packages/airflow/example_dags/subdags/subdag.py
[2025-01-28T10:41:39.994+0000] {processor.py:927} WARNING - No viable dags retrieved from /mnt/c/Users/Admin/Desktop/ud_data/Dataslush_umang/airflow/airflow_venv/lib/python3.12/site-packages/airflow/example_dags/subdags/subdag.py
[2025-01-28T10:41:40.009+0000] {processor.py:208} INFO - Processing /mnt/c/Users/Admin/Desktop/ud_data/Dataslush_umang/airflow/airflow_venv/lib/python3.12/site-packages/airflow/example_dags/subdags/subdag.py took 0.096 seconds
[2025-01-28T10:42:31.581+0000] {processor.py:186} INFO - Started process (PID=17604) to work on /mnt/c/Users/Admin/Desktop/ud_data/Dataslush_umang/airflow/airflow_venv/lib/python3.12/site-packages/airflow/example_dags/subdags/subdag.py
[2025-01-28T10:42:31.845+0000] {processor.py:914} INFO - Processing file /mnt/c/Users/Admin/Desktop/ud_data/Dataslush_umang/airflow/airflow_venv/lib/python3.12/site-packages/airflow/example_dags/subdags/subdag.py for tasks to queue
[2025-01-28T10:42:31.862+0000] {logging_mixin.py:190} INFO - [2025-01-28T10:42:31.856+0000] {dagbag.py:588} INFO - Filling up the DagBag from /mnt/c/Users/Admin/Desktop/ud_data/Dataslush_umang/airflow/airflow_venv/lib/python3.12/site-packages/airflow/example_dags/subdags/subdag.py
[2025-01-28T10:42:31.936+0000] {processor.py:927} WARNING - No viable dags retrieved from /mnt/c/Users/Admin/Desktop/ud_data/Dataslush_umang/airflow/airflow_venv/lib/python3.12/site-packages/airflow/example_dags/subdags/subdag.py
[2025-01-28T10:42:31.947+0000] {processor.py:208} INFO - Processing /mnt/c/Users/Admin/Desktop/ud_data/Dataslush_umang/airflow/airflow_venv/lib/python3.12/site-packages/airflow/example_dags/subdags/subdag.py took 0.405 seconds
[2025-01-28T10:44:05.939+0000] {processor.py:186} INFO - Started process (PID=17793) to work on /mnt/c/Users/Admin/Desktop/ud_data/Dataslush_umang/airflow/airflow_venv/lib/python3.12/site-packages/airflow/example_dags/subdags/subdag.py
[2025-01-28T10:44:05.943+0000] {processor.py:914} INFO - Processing file /mnt/c/Users/Admin/Desktop/ud_data/Dataslush_umang/airflow/airflow_venv/lib/python3.12/site-packages/airflow/example_dags/subdags/subdag.py for tasks to queue
[2025-01-28T10:44:05.951+0000] {logging_mixin.py:190} INFO - [2025-01-28T10:44:05.948+0000] {dagbag.py:588} INFO - Filling up the DagBag from /mnt/c/Users/Admin/Desktop/ud_data/Dataslush_umang/airflow/airflow_venv/lib/python3.12/site-packages/airflow/example_dags/subdags/subdag.py
[2025-01-28T10:44:05.990+0000] {processor.py:927} WARNING - No viable dags retrieved from /mnt/c/Users/Admin/Desktop/ud_data/Dataslush_umang/airflow/airflow_venv/lib/python3.12/site-packages/airflow/example_dags/subdags/subdag.py
[2025-01-28T10:44:06.008+0000] {processor.py:208} INFO - Processing /mnt/c/Users/Admin/Desktop/ud_data/Dataslush_umang/airflow/airflow_venv/lib/python3.12/site-packages/airflow/example_dags/subdags/subdag.py took 0.095 seconds
[2025-01-28T10:46:54.694+0000] {processor.py:186} INFO - Started process (PID=17953) to work on /mnt/c/Users/Admin/Desktop/ud_data/Dataslush_umang/airflow/airflow_venv/lib/python3.12/site-packages/airflow/example_dags/subdags/subdag.py
[2025-01-28T10:46:55.160+0000] {processor.py:914} INFO - Processing file /mnt/c/Users/Admin/Desktop/ud_data/Dataslush_umang/airflow/airflow_venv/lib/python3.12/site-packages/airflow/example_dags/subdags/subdag.py for tasks to queue
[2025-01-28T10:46:55.166+0000] {logging_mixin.py:190} INFO - [2025-01-28T10:46:55.164+0000] {dagbag.py:588} INFO - Filling up the DagBag from /mnt/c/Users/Admin/Desktop/ud_data/Dataslush_umang/airflow/airflow_venv/lib/python3.12/site-packages/airflow/example_dags/subdags/subdag.py
[2025-01-28T10:46:55.199+0000] {processor.py:927} WARNING - No viable dags retrieved from /mnt/c/Users/Admin/Desktop/ud_data/Dataslush_umang/airflow/airflow_venv/lib/python3.12/site-packages/airflow/example_dags/subdags/subdag.py
[2025-01-28T10:46:55.219+0000] {processor.py:208} INFO - Processing /mnt/c/Users/Admin/Desktop/ud_data/Dataslush_umang/airflow/airflow_venv/lib/python3.12/site-packages/airflow/example_dags/subdags/subdag.py took 0.566 seconds
[2025-01-28T10:47:56.074+0000] {processor.py:186} INFO - Started process (PID=18043) to work on /mnt/c/Users/Admin/Desktop/ud_data/Dataslush_umang/airflow/airflow_venv/lib/python3.12/site-packages/airflow/example_dags/subdags/subdag.py
[2025-01-28T10:47:56.078+0000] {processor.py:914} INFO - Processing file /mnt/c/Users/Admin/Desktop/ud_data/Dataslush_umang/airflow/airflow_venv/lib/python3.12/site-packages/airflow/example_dags/subdags/subdag.py for tasks to queue
[2025-01-28T10:47:56.083+0000] {logging_mixin.py:190} INFO - [2025-01-28T10:47:56.081+0000] {dagbag.py:588} INFO - Filling up the DagBag from /mnt/c/Users/Admin/Desktop/ud_data/Dataslush_umang/airflow/airflow_venv/lib/python3.12/site-packages/airflow/example_dags/subdags/subdag.py
[2025-01-28T10:47:56.120+0000] {processor.py:927} WARNING - No viable dags retrieved from /mnt/c/Users/Admin/Desktop/ud_data/Dataslush_umang/airflow/airflow_venv/lib/python3.12/site-packages/airflow/example_dags/subdags/subdag.py
[2025-01-28T10:47:56.139+0000] {processor.py:208} INFO - Processing /mnt/c/Users/Admin/Desktop/ud_data/Dataslush_umang/airflow/airflow_venv/lib/python3.12/site-packages/airflow/example_dags/subdags/subdag.py took 0.093 seconds
[2025-01-28T10:48:34.856+0000] {processor.py:186} INFO - Started process (PID=18141) to work on /mnt/c/Users/Admin/Desktop/ud_data/Dataslush_umang/airflow/airflow_venv/lib/python3.12/site-packages/airflow/example_dags/subdags/subdag.py
[2025-01-28T10:48:34.859+0000] {processor.py:914} INFO - Processing file /mnt/c/Users/Admin/Desktop/ud_data/Dataslush_umang/airflow/airflow_venv/lib/python3.12/site-packages/airflow/example_dags/subdags/subdag.py for tasks to queue
[2025-01-28T10:48:34.865+0000] {logging_mixin.py:190} INFO - [2025-01-28T10:48:34.863+0000] {dagbag.py:588} INFO - Filling up the DagBag from /mnt/c/Users/Admin/Desktop/ud_data/Dataslush_umang/airflow/airflow_venv/lib/python3.12/site-packages/airflow/example_dags/subdags/subdag.py
[2025-01-28T10:48:34.903+0000] {processor.py:927} WARNING - No viable dags retrieved from /mnt/c/Users/Admin/Desktop/ud_data/Dataslush_umang/airflow/airflow_venv/lib/python3.12/site-packages/airflow/example_dags/subdags/subdag.py
[2025-01-28T10:48:34.920+0000] {processor.py:208} INFO - Processing /mnt/c/Users/Admin/Desktop/ud_data/Dataslush_umang/airflow/airflow_venv/lib/python3.12/site-packages/airflow/example_dags/subdags/subdag.py took 0.088 seconds
[2025-01-28T10:49:52.201+0000] {processor.py:186} INFO - Started process (PID=18243) to work on /mnt/c/Users/Admin/Desktop/ud_data/Dataslush_umang/airflow/airflow_venv/lib/python3.12/site-packages/airflow/example_dags/subdags/subdag.py
[2025-01-28T10:49:52.203+0000] {processor.py:914} INFO - Processing file /mnt/c/Users/Admin/Desktop/ud_data/Dataslush_umang/airflow/airflow_venv/lib/python3.12/site-packages/airflow/example_dags/subdags/subdag.py for tasks to queue
[2025-01-28T10:49:52.211+0000] {logging_mixin.py:190} INFO - [2025-01-28T10:49:52.209+0000] {dagbag.py:588} INFO - Filling up the DagBag from /mnt/c/Users/Admin/Desktop/ud_data/Dataslush_umang/airflow/airflow_venv/lib/python3.12/site-packages/airflow/example_dags/subdags/subdag.py
[2025-01-28T10:49:22.162+0000] {processor.py:927} WARNING - No viable dags retrieved from /mnt/c/Users/Admin/Desktop/ud_data/Dataslush_umang/airflow/airflow_venv/lib/python3.12/site-packages/airflow/example_dags/subdags/subdag.py
[2025-01-28T10:49:22.180+0000] {processor.py:208} INFO - Processing /mnt/c/Users/Admin/Desktop/ud_data/Dataslush_umang/airflow/airflow_venv/lib/python3.12/site-packages/airflow/example_dags/subdags/subdag.py took 0.083 seconds
[2025-01-28T10:51:17.152+0000] {processor.py:186} INFO - Started process (PID=18372) to work on /mnt/c/Users/Admin/Desktop/ud_data/Dataslush_umang/airflow/airflow_venv/lib/python3.12/site-packages/airflow/example_dags/subdags/subdag.py
[2025-01-28T10:51:17.155+0000] {processor.py:914} INFO - Processing file /mnt/c/Users/Admin/Desktop/ud_data/Dataslush_umang/airflow/airflow_venv/lib/python3.12/site-packages/airflow/example_dags/subdags/subdag.py for tasks to queue
[2025-01-28T10:51:17.160+0000] {logging_mixin.py:190} INFO - [2025-01-28T10:51:17.159+0000] {dagbag.py:588} INFO - Filling up the DagBag from /mnt/c/Users/Admin/Desktop/ud_data/Dataslush_umang/airflow/airflow_venv/lib/python3.12/site-packages/airflow/example_dags/subdags/subdag.py
[2025-01-28T10:51:17.191+0000] {processor.py:927} WARNING - No viable dags retrieved from /mnt/c/Users/Admin/Desktop/ud_data/Dataslush_umang/airflow/airflow_venv/lib/python3.12/site-packages/airflow/example_dags/subdags/subdag.py
[2025-01-28T10:51:17.207+0000] {processor.py:208} INFO - Processing /mnt/c/Users/Admin/Desktop/ud_data/Dataslush_umang/airflow/airflow_venv/lib/python3.12/site-packages/airflow/example_dags/subdags/subdag.py took 0.083 seconds
[2025-01-28T10:52:26.722+0000] {processor.py:186} INFO - Started process (PID=18601) to work on /mnt/c/Users/Admin/Desktop/ud_data/Dataslush_umang/airflow/airflow_venv/lib/python3.12/site-packages/airflow/example_dags/subdags/subdag.py
[2025-01-28T10:52:26.725+0000] {processor.py:914} INFO - Processing file /mnt/c/Users/Admin/Desktop/ud_data/Dataslush_umang/airflow/airflow_venv/lib/python3.12/site-packages/airflow/example_dags/subdags/subdag.py for tasks to queue
[2025-01-28T10:52:26.731+0000] {logging_mixin.py:190} INFO - [2025-01-28T10:52:26.729+0000] {dagbag.py:588} INFO - Filling up the DagBag from /mnt/c/Users/Admin/Desktop/ud_data/Dataslush_umang/airflow/airflow_venv/lib/python3.12/site-packages/airflow/example_dags/subdags/subdag.py
[2025-01-28T10:52:26.765+0000] {processor.py:927} WARNING - No viable dags retrieved from /mnt/c/Users/Admin/Desktop/ud_data/Dataslush_umang/airflow/airflow_venv/lib/python3.12/site-packages/airflow/example_dags/subdags/subdag.py
[2025-01-28T10:52:26.780+0000] {processor.py:208} INFO - Processing /mnt/c/Users/Admin/Desktop/ud_data/Dataslush_umang/airflow/airflow_venv/lib/python3.12/site-packages/airflow/example_dags/subdags/subdag.py took 0.080 seconds
[2025-01-28T10:53:16.122+0000] {processor.py:186} INFO - Started process (PID=18706) to work on /mnt/c/Users/Admin/Desktop/ud_data/Dataslush_umang/airflow/airflow_venv/lib/python3.12/site-packages/airflow/example_dags/subdags/subdag.py
[2025-01-28T10:53:16.125+0000] {processor.py:914} INFO - Processing file /mnt/c/Users/Admin/Desktop/ud_data/Dataslush_umang/airflow/airflow_venv/lib/python3.12/site-packages/airflow/example_dags/subdags/subdag.py for tasks to queue
[2025-01-28T10:53:16.132+0000] {logging_mixin.py:190} INFO - [2025-01-28T10:53:16.130+0000] {dagbag.py:588} INFO - Filling up the DagBag from /mnt/c/Users/Admin/Desktop/ud_data/Dataslush_umang/airflow/airflow_venv/lib/python3.12/site-packages/airflow/example_dags/subdags/subdag.py
[2025-01-28T10:53:16.168+0000] {processor.py:927} WARNING - No viable dags retrieved from /mnt/c/Users/Admin/Desktop/ud_data/Dataslush_umang/airflow/airflow_venv/lib/python3.12/site-packages/airflow/example_dags/subdags/subdag.py
[2025-01-28T10:53:16.186+0000] {processor.py:208} INFO - Processing /mnt/c/Users/Admin/Desktop/ud_data/Dataslush_umang/airflow/airflow_venv/lib/python3.12/site-packages/airflow/example_dags/subdags/subdag.py took 0.086 seconds
[2025-01-28T10:54:16.372+0000] {processor.py:186} INFO - Started process (PID=18767) to work on /mnt/c/Users/Admin/Desktop/ud_data/Dataslush_umang/airflow/airflow_venv/lib/python3.12/site-packages/airflow/example_dags/subdags/subdag.py
[2025-01-28T10:54:16.376+0000] {processor.py:914} INFO - Processing file /mnt/c/Users/Admin/Desktop/ud_data/Dataslush_umang/airflow/airflow_venv/lib/python3.12/site-packages/airflow/example_dags/subdags/subdag.py for tasks to queue
[2025-01-28T10:54:16.381+0000] {logging_mixin.py:190} INFO - [2025-01-28T10:54:16.379+0000] {dagbag.py:588} INFO - Filling up the DagBag from /mnt/c/Users/Admin/Desktop/ud_data/Dataslush_umang/airflow/airflow_venv/lib/python3.12/site-packages/airflow/example_dags/subdags/subdag.py
[2025-01-28T10:54:16.414+0000] {processor.py:927} WARNING - No viable dags retrieved from /mnt/c/Users/Admin/Desktop/ud_data/Dataslush_umang/airflow/airflow_venv/lib/python3.12/site-packages/airflow/example_dags/subdags/subdag.py
[2025-01-28T10:54:16.431+0000] {processor.py:208} INFO - Processing /mnt/c/Users/Admin/Desktop/ud_data/Dataslush_umang/airflow/airflow_venv/lib/python3.12/site-packages/airflow/example_dags/subdags/subdag.py took 0.085 seconds
[2025-01-28T10:55:11.340+0000] {processor.py:186} INFO - Started process (PID=18857) to work on /mnt/c/Users/Admin/Desktop/ud_data/Dataslush_umang/airflow/airflow_venv/lib/python3.12/site-packages/airflow/example_dags/subdags/subdag.py
[2025-01-28T10:55:11.343+0000] {processor.py:914} INFO - Processing file /mnt/c/Users/Admin/Desktop/ud_data/Dataslush_umang/airflow/airflow_venv/lib/python3.12/site-packages/airflow/example_dags/subdags/subdag.py for tasks to queue
[2025-01-28T10:55:11.349+0000] {logging_mixin.py:190} INFO - [2025-01-28T10:55:11.347+0000] {dagbag.py:588} INFO - Filling up the DagBag from /mnt/c/Users/Admin/Desktop/ud_data/Dataslush_umang/airflow/airflow_venv/lib/python3.12/site-packages/airflow/example_dags/subdags/subdag.py
[2025-01-28T10:55:11.393+0000] {processor.py:927} WARNING - No viable dags retrieved from /mnt/c/Users/Admin/Desktop/ud_data/Dataslush_umang/airflow/airflow_venv/lib/python3.12/site-packages/airflow/example_dags/subdags/subdag.py
[2025-01-28T10:55:11.409+0000] {processor.py:208} INFO - Processing /mnt/c/Users/Admin/Desktop/ud_data/Dataslush_umang/airflow/airflow_venv/lib/python3.12/site-packages/airflow/example_dags/subdags/subdag.py took 0.096 seconds
[2025-01-28T10:55:55.227+0000] {processor.py:186} INFO - Started process (PID=18957) to work on /mnt/c/Users/Admin/Desktop/ud_data/Dataslush_umang/airflow/airflow_venv/lib/python3.12/site-packages/airflow/example_dags/subdags/subdag.py
[2025-01-28T10:55:55.241+0000] {processor.py:914} INFO - Processing file /mnt/c/Users/Admin/Desktop/ud_data/Dataslush_umang/airflow/airflow_venv/lib/python3.12/site-packages/airflow/example_dags/subdags/subdag.py for tasks to queue
[2025-01-28T10:55:55.247+0000] {logging_mixin.py:190} INFO - [2025-01-28T10:55:55.245+0000] {dagbag.py:588} INFO - Filling up the DagBag from /mnt/c/Users/Admin/Desktop/ud_data/Dataslush_umang/airflow/airflow_venv/lib/python3.12/site-packages/airflow/example_dags/subdags/subdag.py
[2025-01-28T10:55:55.288+0000] {processor.py:927} WARNING - No viable dags retrieved from /mnt/c/Users/Admin/Desktop/ud_data/Dataslush_umang/airflow/airflow_venv/lib/python3.12/site-packages/airflow/example_dags/subdags/subdag.py
[2025-01-28T10:55:55.309+0000] {processor.py:208} INFO - Processing /mnt/c/Users/Admin/Desktop/ud_data/Dataslush_umang/airflow/airflow_venv/lib/python3.12/site-packages/airflow/example_dags/subdags/subdag.py took 0.109 seconds
[2025-01-28T10:56:43.717+0000] {processor.py:186} INFO - Started process (PID=19086) to work on /mnt/c/Users/Admin/Desktop/ud_data/Dataslush_umang/airflow/airflow_venv/lib/python3.12/site-packages/airflow/example_dags/subdags/subdag.py
[2025-01-28T10:56:44.023+0000] {processor.py:914} INFO - Processing file /mnt/c/Users/Admin/Desktop/ud_data/Dataslush_umang/airflow/airflow_venv/lib/python3.12/site-packages/airflow/example_dags/subdags/subdag.py for tasks to queue
[2025-01-28T10:56:44.029+0000] {logging_mixin.py:190} INFO - [2025-01-28T10:56:44.027+0000] {dagbag.py:588} INFO - Filling up the DagBag from /mnt/c/Users/Admin/Desktop/ud_data/Dataslush_umang/airflow/airflow_venv/lib/python3.12/site-packages/airflow/example_dags/subdags/subdag.py
[2025-01-28T10:56:44.058+0000] {processor.py:927} WARNING - No viable dags retrieved from /mnt/c/Users/Admin/Desktop/ud_data/Dataslush_umang/airflow/airflow_venv/lib/python3.12/site-packages/airflow/example_dags/subdags/subdag.py
[2025-01-28T10:56:44.071+0000] {processor.py:208} INFO - Processing /mnt/c/Users/Admin/Desktop/ud_data/Dataslush_umang/airflow/airflow_venv/lib/python3.12/site-packages/airflow/example_dags/subdags/subdag.py took 0.377 seconds
[2025-01-28T10:57:30.931+0000] {processor.py:186} INFO - Started process (PID=19157) to work on /mnt/c/Users/Admin/Desktop/ud_data/Dataslush_umang/airflow/airflow_venv/lib/python3.12/site-packages/airflow/example_dags/subdags/subdag.py
[2025-01-28T10:57:30.989+0000] {processor.py:914} INFO - Processing file /mnt/c/Users/Admin/Desktop/ud_data/Dataslush_umang/airflow/airflow_venv/lib/python3.12/site-packages/airflow/example_dags/subdags/subdag.py for tasks to queue
[2025-01-28T10:57:30.994+0000] {logging_mixin.py:190} INFO - [2025-01-28T10:57:30.993+0000] {dagbag.py:588} INFO - Filling up the DagBag from /mnt/c/Users/Admin/Desktop/ud_data/Dataslush_umang/airflow/airflow_venv/lib/python3.12/site-packages/airflow/example_dags/subdags/subdag.py
[2025-01-28T10:57:31.027+0000] {processor.py:927} WARNING - No viable dags retrieved from /mnt/c/Users/Admin/Desktop/ud_data/Dataslush_umang/airflow/airflow_venv/lib/python3.12/site-packages/airflow/example_dags/subdags/subdag.py
[2025-01-28T10:57:31.044+0000] {processor.py:208} INFO - Processing /mnt/c/Users/Admin/Desktop/ud_data/Dataslush_umang/airflow/airflow_venv/lib/python3.12/site-packages/airflow/example_dags/subdags/subdag.py took 0.135 seconds
[2025-01-28T10:58:11.258+0000] {processor.py:186} INFO - Started process (PID=19244) to work on /mnt/c/Users/Admin/Desktop/ud_data/Dataslush_umang/airflow/airflow_venv/lib/python3.12/site-packages/airflow/example_dags/subdags/subdag.py
[2025-01-28T10:58:11.261+0000] {processor.py:914} INFO - Processing file /mnt/c/Users/Admin/Desktop/ud_data/Dataslush_umang/airflow/airflow_venv/lib/python3.12/site-packages/airflow/example_dags/subdags/subdag.py for tasks to queue
[2025-01-28T10:58:11.266+0000] {logging_mixin.py:190} INFO - [2025-01-28T10:58:11.264+0000] {dagbag.py:588} INFO - Filling up the DagBag from /mnt/c/Users/Admin/Desktop/ud_data/Dataslush_umang/airflow/airflow_venv/lib/python3.12/site-packages/airflow/example_dags/subdags/subdag.py
[2025-01-28T10:58:11.306+0000] {processor.py:927} WARNING - No viable dags retrieved from /mnt/c/Users/Admin/Desktop/ud_data/Dataslush_umang/airflow/airflow_venv/lib/python3.12/site-packages/airflow/example_dags/subdags/subdag.py
[2025-01-28T10:58:11.323+0000] {processor.py:208} INFO - Processing /mnt/c/Users/Admin/Desktop/ud_data/Dataslush_umang/airflow/airflow_venv/lib/python3.12/site-packages/airflow/example_dags/subdags/subdag.py took 0.089 seconds
[2025-01-28T10:58:56.134+0000] {processor.py:186} INFO - Started process (PID=19349) to work on /mnt/c/Users/Admin/Desktop/ud_data/Dataslush_umang/airflow/airflow_venv/lib/python3.12/site-packages/airflow/example_dags/subdags/subdag.py
[2025-01-28T10:58:56.137+0000] {processor.py:914} INFO - Processing file /mnt/c/Users/Admin/Desktop/ud_data/Dataslush_umang/airflow/airflow_venv/lib/python3.12/site-packages/airflow/example_dags/subdags/subdag.py for tasks to queue
[2025-01-28T10:58:56.141+0000] {logging_mixin.py:190} INFO - [2025-01-28T10:58:56.140+0000] {dagbag.py:588} INFO - Filling up the DagBag from /mnt/c/Users/Admin/Desktop/ud_data/Dataslush_umang/airflow/airflow_venv/lib/python3.12/site-packages/airflow/example_dags/subdags/subdag.py
[2025-01-28T10:58:56.169+0000] {processor.py:927} WARNING - No viable dags retrieved from /mnt/c/Users/Admin/Desktop/ud_data/Dataslush_umang/airflow/airflow_venv/lib/python3.12/site-packages/airflow/example_dags/subdags/subdag.py
[2025-01-28T10:58:56.184+0000] {processor.py:208} INFO - Processing /mnt/c/Users/Admin/Desktop/ud_data/Dataslush_umang/airflow/airflow_venv/lib/python3.12/site-packages/airflow/example_dags/subdags/subdag.py took 0.070 seconds
[2025-01-28T10:59:40.334+0000] {processor.py:186} INFO - Started process (PID=19421) to work on /mnt/c/Users/Admin/Desktop/ud_data/Dataslush_umang/airflow/airflow_venv/lib/python3.12/site-packages/airflow/example_dags/subdags/subdag.py
[2025-01-28T10:59:40.337+0000] {processor.py:914} INFO - Processing file /mnt/c/Users/Admin/Desktop/ud_data/Dataslush_umang/airflow/airflow_venv/lib/python3.12/site-packages/airflow/example_dags/subdags/subdag.py for tasks to queue
[2025-01-28T10:59:40.344+0000] {logging_mixin.py:190} INFO - [2025-01-28T10:59:40.342+0000] {dagbag.py:588} INFO - Filling up the DagBag from /mnt/c/Users/Admin/Desktop/ud_data/Dataslush_umang/airflow/airflow_venv/lib/python3.12/site-packages/airflow/example_dags/subdags/subdag.py
[2025-01-28T10:59:40.389+0000] {processor.py:927} WARNING - No viable dags retrieved from /mnt/c/Users/Admin/Desktop/ud_data/Dataslush_umang/airflow/airflow_venv/lib/python3.12/site-packages/airflow/example_dags/subdags/subdag.py
[2025-01-28T10:59:40.404+0000] {processor.py:208} INFO - Processing /mnt/c/Users/Admin/Desktop/ud_data/Dataslush_umang/airflow/airflow_venv/lib/python3.12/site-packages/airflow/example_dags/subdags/subdag.py took 0.095 seconds
[2025-01-28T11:00:40.565+0000] {processor.py:186} INFO - Started process (PID=19526) to work on /mnt/c/Users/Admin/Desktop/ud_data/Dataslush_umang/airflow/airflow_venv/lib/python3.12/site-packages/airflow/example_dags/subdags/subdag.py
[2025-01-28T11:00:40.568+0000] {processor.py:914} INFO - Processing file /mnt/c/Users/Admin/Desktop/ud_data/Dataslush_umang/airflow/airflow_venv/lib/python3.12/site-packages/airflow/example_dags/subdags/subdag.py for tasks to queue
[2025-01-28T11:00:40.574+0000] {logging_mixin.py:190} INFO - [2025-01-28T11:00:40.572+0000] {dagbag.py:588} INFO - Filling up the DagBag from /mnt/c/Users/Admin/Desktop/ud_data/Dataslush_umang/airflow/airflow_venv/lib/python3.12/site-packages/airflow/example_dags/subdags/subdag.py
[2025-01-28T11:00:40.606+0000] {processor.py:927} WARNING - No viable dags retrieved from /mnt/c/Users/Admin/Desktop/ud_data/Dataslush_umang/airflow/airflow_venv/lib/python3.12/site-packages/airflow/example_dags/subdags/subdag.py
[2025-01-28T11:00:40.623+0000] {processor.py:208} INFO - Processing /mnt/c/Users/Admin/Desktop/ud_data/Dataslush_umang/airflow/airflow_venv/lib/python3.12/site-packages/airflow/example_dags/subdags/subdag.py took 0.080 seconds
[2025-01-28T11:02:03.455+0000] {processor.py:186} INFO - Started process (PID=19591) to work on /mnt/c/Users/Admin/Desktop/ud_data/Dataslush_umang/airflow/airflow_venv/lib/python3.12/site-packages/airflow/example_dags/subdags/subdag.py
[2025-01-28T11:02:03.566+0000] {processor.py:914} INFO - Processing file /mnt/c/Users/Admin/Desktop/ud_data/Dataslush_umang/airflow/airflow_venv/lib/python3.12/site-packages/airflow/example_dags/subdags/subdag.py for tasks to queue
[2025-01-28T11:02:03.572+0000] {logging_mixin.py:190} INFO - [2025-01-28T11:02:03.571+0000] {dagbag.py:588} INFO - Filling up the DagBag from /mnt/c/Users/Admin/Desktop/ud_data/Dataslush_umang/airflow/airflow_venv/lib/python3.12/site-packages/airflow/example_dags/subdags/subdag.py
[2025-01-28T11:02:03.616+0000] {processor.py:927} WARNING - No viable dags retrieved from /mnt/c/Users/Admin/Desktop/ud_data/Dataslush_umang/airflow/airflow_venv/lib/python3.12/site-packages/airflow/example_dags/subdags/subdag.py
[2025-01-28T11:02:03.633+0000] {processor.py:208} INFO - Processing /mnt/c/Users/Admin/Desktop/ud_data/Dataslush_umang/airflow/airflow_venv/lib/python3.12/site-packages/airflow/example_dags/subdags/subdag.py took 0.202 seconds
[2025-01-28T11:03:16.689+0000] {processor.py:186} INFO - Started process (PID=19708) to work on /mnt/c/Users/Admin/Desktop/ud_data/Dataslush_umang/airflow/airflow_venv/lib/python3.12/site-packages/airflow/example_dags/subdags/subdag.py
[2025-01-28T11:03:16.801+0000] {processor.py:914} INFO - Processing file /mnt/c/Users/Admin/Desktop/ud_data/Dataslush_umang/airflow/airflow_venv/lib/python3.12/site-packages/airflow/example_dags/subdags/subdag.py for tasks to queue
[2025-01-28T11:03:16.806+0000] {logging_mixin.py:190} INFO - [2025-01-28T11:03:16.805+0000] {dagbag.py:588} INFO - Filling up the DagBag from /mnt/c/Users/Admin/Desktop/ud_data/Dataslush_umang/airflow/airflow_venv/lib/python3.12/site-packages/airflow/example_dags/subdags/subdag.py
[2025-01-28T11:03:16.847+0000] {processor.py:927} WARNING - No viable dags retrieved from /mnt/c/Users/Admin/Desktop/ud_data/Dataslush_umang/airflow/airflow_venv/lib/python3.12/site-packages/airflow/example_dags/subdags/subdag.py
[2025-01-28T11:03:16.861+0000] {processor.py:208} INFO - Processing /mnt/c/Users/Admin/Desktop/ud_data/Dataslush_umang/airflow/airflow_venv/lib/python3.12/site-packages/airflow/example_dags/subdags/subdag.py took 0.200 seconds
[2025-01-28T11:04:21.022+0000] {processor.py:186} INFO - Started process (PID=19881) to work on /mnt/c/Users/Admin/Desktop/ud_data/Dataslush_umang/airflow/airflow_venv/lib/python3.12/site-packages/airflow/example_dags/subdags/subdag.py
[2025-01-28T11:04:21.026+0000] {processor.py:914} INFO - Processing file /mnt/c/Users/Admin/Desktop/ud_data/Dataslush_umang/airflow/airflow_venv/lib/python3.12/site-packages/airflow/example_dags/subdags/subdag.py for tasks to queue
[2025-01-28T11:04:21.031+0000] {logging_mixin.py:190} INFO - [2025-01-28T11:04:21.030+0000] {dagbag.py:588} INFO - Filling up the DagBag from /mnt/c/Users/Admin/Desktop/ud_data/Dataslush_umang/airflow/airflow_venv/lib/python3.12/site-packages/airflow/example_dags/subdags/subdag.py
[2025-01-28T11:04:21.066+0000] {processor.py:927} WARNING - No viable dags retrieved from /mnt/c/Users/Admin/Desktop/ud_data/Dataslush_umang/airflow/airflow_venv/lib/python3.12/site-packages/airflow/example_dags/subdags/subdag.py
[2025-01-28T11:04:21.086+0000] {processor.py:208} INFO - Processing /mnt/c/Users/Admin/Desktop/ud_data/Dataslush_umang/airflow/airflow_venv/lib/python3.12/site-packages/airflow/example_dags/subdags/subdag.py took 0.092 seconds
[2025-01-28T11:05:07.764+0000] {processor.py:186} INFO - Started process (PID=19953) to work on /mnt/c/Users/Admin/Desktop/ud_data/Dataslush_umang/airflow/airflow_venv/lib/python3.12/site-packages/airflow/example_dags/subdags/subdag.py
[2025-01-28T11:05:07.769+0000] {processor.py:914} INFO - Processing file /mnt/c/Users/Admin/Desktop/ud_data/Dataslush_umang/airflow/airflow_venv/lib/python3.12/site-packages/airflow/example_dags/subdags/subdag.py for tasks to queue
[2025-01-28T11:05:07.775+0000] {logging_mixin.py:190} INFO - [2025-01-28T11:05:07.773+0000] {dagbag.py:588} INFO - Filling up the DagBag from /mnt/c/Users/Admin/Desktop/ud_data/Dataslush_umang/airflow/airflow_venv/lib/python3.12/site-packages/airflow/example_dags/subdags/subdag.py
[2025-01-28T11:05:07.813+0000] {processor.py:927} WARNING - No viable dags retrieved from /mnt/c/Users/Admin/Desktop/ud_data/Dataslush_umang/airflow/airflow_venv/lib/python3.12/site-packages/airflow/example_dags/subdags/subdag.py
[2025-01-28T11:05:07.835+0000] {processor.py:208} INFO - Processing /mnt/c/Users/Admin/Desktop/ud_data/Dataslush_umang/airflow/airflow_venv/lib/python3.12/site-packages/airflow/example_dags/subdags/subdag.py took 0.100 seconds
[2025-01-28T11:06:07.708+0000] {processor.py:186} INFO - Started process (PID=20006) to work on /mnt/c/Users/Admin/Desktop/ud_data/Dataslush_umang/airflow/airflow_venv/lib/python3.12/site-packages/airflow/example_dags/subdags/subdag.py
[2025-01-28T11:06:07.842+0000] {processor.py:914} INFO - Processing file /mnt/c/Users/Admin/Desktop/ud_data/Dataslush_umang/airflow/airflow_venv/lib/python3.12/site-packages/airflow/example_dags/subdags/subdag.py for tasks to queue
[2025-01-28T11:06:07.859+0000] {logging_mixin.py:190} INFO - [2025-01-28T11:06:07.855+0000] {dagbag.py:588} INFO - Filling up the DagBag from /mnt/c/Users/Admin/Desktop/ud_data/Dataslush_umang/airflow/airflow_venv/lib/python3.12/site-packages/airflow/example_dags/subdags/subdag.py
[2025-01-28T11:06:07.916+0000] {processor.py:927} WARNING - No viable dags retrieved from /mnt/c/Users/Admin/Desktop/ud_data/Dataslush_umang/airflow/airflow_venv/lib/python3.12/site-packages/airflow/example_dags/subdags/subdag.py
[2025-01-28T11:06:07.928+0000] {processor.py:208} INFO - Processing /mnt/c/Users/Admin/Desktop/ud_data/Dataslush_umang/airflow/airflow_venv/lib/python3.12/site-packages/airflow/example_dags/subdags/subdag.py took 0.246 seconds
[2025-01-28T11:07:16.197+0000] {processor.py:186} INFO - Started process (PID=20080) to work on /mnt/c/Users/Admin/Desktop/ud_data/Dataslush_umang/airflow/airflow_venv/lib/python3.12/site-packages/airflow/example_dags/subdags/subdag.py
[2025-01-28T11:07:16.201+0000] {processor.py:914} INFO - Processing file /mnt/c/Users/Admin/Desktop/ud_data/Dataslush_umang/airflow/airflow_venv/lib/python3.12/site-packages/airflow/example_dags/subdags/subdag.py for tasks to queue
[2025-01-28T11:07:16.208+0000] {logging_mixin.py:190} INFO - [2025-01-28T11:07:16.206+0000] {dagbag.py:588} INFO - Filling up the DagBag from /mnt/c/Users/Admin/Desktop/ud_data/Dataslush_umang/airflow/airflow_venv/lib/python3.12/site-packages/airflow/example_dags/subdags/subdag.py
[2025-01-28T11:07:16.250+0000] {processor.py:927} WARNING - No viable dags retrieved from /mnt/c/Users/Admin/Desktop/ud_data/Dataslush_umang/airflow/airflow_venv/lib/python3.12/site-packages/airflow/example_dags/subdags/subdag.py
[2025-01-28T11:07:16.268+0000] {processor.py:208} INFO - Processing /mnt/c/Users/Admin/Desktop/ud_data/Dataslush_umang/airflow/airflow_venv/lib/python3.12/site-packages/airflow/example_dags/subdags/subdag.py took 0.099 seconds
[2025-01-28T11:08:02.749+0000] {processor.py:186} INFO - Started process (PID=20180) to work on /mnt/c/Users/Admin/Desktop/ud_data/Dataslush_umang/airflow/airflow_venv/lib/python3.12/site-packages/airflow/example_dags/subdags/subdag.py
[2025-01-28T11:08:02.754+0000] {processor.py:914} INFO - Processing file /mnt/c/Users/Admin/Desktop/ud_data/Dataslush_umang/airflow/airflow_venv/lib/python3.12/site-packages/airflow/example_dags/subdags/subdag.py for tasks to queue
[2025-01-28T11:08:02.760+0000] {logging_mixin.py:190} INFO - [2025-01-28T11:08:02.758+0000] {dagbag.py:588} INFO - Filling up the DagBag from /mnt/c/Users/Admin/Desktop/ud_data/Dataslush_umang/airflow/airflow_venv/lib/python3.12/site-packages/airflow/example_dags/subdags/subdag.py
[2025-01-28T11:08:02.796+0000] {processor.py:927} WARNING - No viable dags retrieved from /mnt/c/Users/Admin/Desktop/ud_data/Dataslush_umang/airflow/airflow_venv/lib/python3.12/site-packages/airflow/example_dags/subdags/subdag.py
[2025-01-28T11:08:02.811+0000] {processor.py:208} INFO - Processing /mnt/c/Users/Admin/Desktop/ud_data/Dataslush_umang/airflow/airflow_venv/lib/python3.12/site-packages/airflow/example_dags/subdags/subdag.py took 0.094 seconds
[2025-01-28T11:08:47.824+0000] {processor.py:186} INFO - Started process (PID=20250) to work on /mnt/c/Users/Admin/Desktop/ud_data/Dataslush_umang/airflow/airflow_venv/lib/python3.12/site-packages/airflow/example_dags/subdags/subdag.py
[2025-01-28T11:08:47.828+0000] {processor.py:914} INFO - Processing file /mnt/c/Users/Admin/Desktop/ud_data/Dataslush_umang/airflow/airflow_venv/lib/python3.12/site-packages/airflow/example_dags/subdags/subdag.py for tasks to queue
[2025-01-28T11:08:47.834+0000] {logging_mixin.py:190} INFO - [2025-01-28T11:08:47.832+0000] {dagbag.py:588} INFO - Filling up the DagBag from /mnt/c/Users/Admin/Desktop/ud_data/Dataslush_umang/airflow/airflow_venv/lib/python3.12/site-packages/airflow/example_dags/subdags/subdag.py
[2025-01-28T11:08:47.864+0000] {processor.py:927} WARNING - No viable dags retrieved from /mnt/c/Users/Admin/Desktop/ud_data/Dataslush_umang/airflow/airflow_venv/lib/python3.12/site-packages/airflow/example_dags/subdags/subdag.py
[2025-01-28T11:08:47.877+0000] {processor.py:208} INFO - Processing /mnt/c/Users/Admin/Desktop/ud_data/Dataslush_umang/airflow/airflow_venv/lib/python3.12/site-packages/airflow/example_dags/subdags/subdag.py took 0.079 seconds
[2025-01-28T11:09:39.360+0000] {processor.py:186} INFO - Started process (PID=20390) to work on /mnt/c/Users/Admin/Desktop/ud_data/Dataslush_umang/airflow/airflow_venv/lib/python3.12/site-packages/airflow/example_dags/subdags/subdag.py
[2025-01-28T11:09:39.401+0000] {processor.py:914} INFO - Processing file /mnt/c/Users/Admin/Desktop/ud_data/Dataslush_umang/airflow/airflow_venv/lib/python3.12/site-packages/airflow/example_dags/subdags/subdag.py for tasks to queue
[2025-01-28T11:09:39.408+0000] {logging_mixin.py:190} INFO - [2025-01-28T11:09:39.406+0000] {dagbag.py:588} INFO - Filling up the DagBag from /mnt/c/Users/Admin/Desktop/ud_data/Dataslush_umang/airflow/airflow_venv/lib/python3.12/site-packages/airflow/example_dags/subdags/subdag.py
[2025-01-28T11:09:39.440+0000] {processor.py:927} WARNING - No viable dags retrieved from /mnt/c/Users/Admin/Desktop/ud_data/Dataslush_umang/airflow/airflow_venv/lib/python3.12/site-packages/airflow/example_dags/subdags/subdag.py
[2025-01-28T11:09:39.457+0000] {processor.py:208} INFO - Processing /mnt/c/Users/Admin/Desktop/ud_data/Dataslush_umang/airflow/airflow_venv/lib/python3.12/site-packages/airflow/example_dags/subdags/subdag.py took 0.121 seconds
[2025-01-28T11:11:13.083+0000] {processor.py:186} INFO - Started process (PID=20510) to work on /mnt/c/Users/Admin/Desktop/ud_data/Dataslush_umang/airflow/airflow_venv/lib/python3.12/site-packages/airflow/example_dags/subdags/subdag.py
[2025-01-28T11:11:13.087+0000] {processor.py:914} INFO - Processing file /mnt/c/Users/Admin/Desktop/ud_data/Dataslush_umang/airflow/airflow_venv/lib/python3.12/site-packages/airflow/example_dags/subdags/subdag.py for tasks to queue
[2025-01-28T11:11:13.092+0000] {logging_mixin.py:190} INFO - [2025-01-28T11:11:13.090+0000] {dagbag.py:588} INFO - Filling up the DagBag from /mnt/c/Users/Admin/Desktop/ud_data/Dataslush_umang/airflow/airflow_venv/lib/python3.12/site-packages/airflow/example_dags/subdags/subdag.py
[2025-01-28T11:11:13.118+0000] {processor.py:927} WARNING - No viable dags retrieved from /mnt/c/Users/Admin/Desktop/ud_data/Dataslush_umang/airflow/airflow_venv/lib/python3.12/site-packages/airflow/example_dags/subdags/subdag.py
[2025-01-28T11:11:13.135+0000] {processor.py:208} INFO - Processing /mnt/c/Users/Admin/Desktop/ud_data/Dataslush_umang/airflow/airflow_venv/lib/python3.12/site-packages/airflow/example_dags/subdags/subdag.py took 0.072 seconds
[2025-01-28T11:11:56.573+0000] {processor.py:186} INFO - Started process (PID=20567) to work on /mnt/c/Users/Admin/Desktop/ud_data/Dataslush_umang/airflow/airflow_venv/lib/python3.12/site-packages/airflow/example_dags/subdags/subdag.py
[2025-01-28T11:11:56.576+0000] {processor.py:914} INFO - Processing file /mnt/c/Users/Admin/Desktop/ud_data/Dataslush_umang/airflow/airflow_venv/lib/python3.12/site-packages/airflow/example_dags/subdags/subdag.py for tasks to queue
[2025-01-28T11:11:56.582+0000] {logging_mixin.py:190} INFO - [2025-01-28T11:11:56.580+0000] {dagbag.py:588} INFO - Filling up the DagBag from /mnt/c/Users/Admin/Desktop/ud_data/Dataslush_umang/airflow/airflow_venv/lib/python3.12/site-packages/airflow/example_dags/subdags/subdag.py
[2025-01-28T11:11:56.612+0000] {processor.py:927} WARNING - No viable dags retrieved from /mnt/c/Users/Admin/Desktop/ud_data/Dataslush_umang/airflow/airflow_venv/lib/python3.12/site-packages/airflow/example_dags/subdags/subdag.py
[2025-01-28T11:11:56.633+0000] {processor.py:208} INFO - Processing /mnt/c/Users/Admin/Desktop/ud_data/Dataslush_umang/airflow/airflow_venv/lib/python3.12/site-packages/airflow/example_dags/subdags/subdag.py took 0.081 seconds
[2025-01-28T11:12:47.865+0000] {processor.py:186} INFO - Started process (PID=20621) to work on /mnt/c/Users/Admin/Desktop/ud_data/Dataslush_umang/airflow/airflow_venv/lib/python3.12/site-packages/airflow/example_dags/subdags/subdag.py
[2025-01-28T11:12:47.869+0000] {processor.py:914} INFO - Processing file /mnt/c/Users/Admin/Desktop/ud_data/Dataslush_umang/airflow/airflow_venv/lib/python3.12/site-packages/airflow/example_dags/subdags/subdag.py for tasks to queue
[2025-01-28T11:12:47.874+0000] {logging_mixin.py:190} INFO - [2025-01-28T11:12:47.872+0000] {dagbag.py:588} INFO - Filling up the DagBag from /mnt/c/Users/Admin/Desktop/ud_data/Dataslush_umang/airflow/airflow_venv/lib/python3.12/site-packages/airflow/example_dags/subdags/subdag.py
[2025-01-28T11:12:47.911+0000] {processor.py:927} WARNING - No viable dags retrieved from /mnt/c/Users/Admin/Desktop/ud_data/Dataslush_umang/airflow/airflow_venv/lib/python3.12/site-packages/airflow/example_dags/subdags/subdag.py
[2025-01-28T11:12:47.929+0000] {processor.py:208} INFO - Processing /mnt/c/Users/Admin/Desktop/ud_data/Dataslush_umang/airflow/airflow_venv/lib/python3.12/site-packages/airflow/example_dags/subdags/subdag.py took 0.089 seconds
[2025-01-28T11:13:37.125+0000] {processor.py:186} INFO - Started process (PID=20681) to work on /mnt/c/Users/Admin/Desktop/ud_data/Dataslush_umang/airflow/airflow_venv/lib/python3.12/site-packages/airflow/example_dags/subdags/subdag.py
[2025-01-28T11:13:37.128+0000] {processor.py:914} INFO - Processing file /mnt/c/Users/Admin/Desktop/ud_data/Dataslush_umang/airflow/airflow_venv/lib/python3.12/site-packages/airflow/example_dags/subdags/subdag.py for tasks to queue
[2025-01-28T11:13:37.134+0000] {logging_mixin.py:190} INFO - [2025-01-28T11:13:37.132+0000] {dagbag.py:588} INFO - Filling up the DagBag from /mnt/c/Users/Admin/Desktop/ud_data/Dataslush_umang/airflow/airflow_venv/lib/python3.12/site-packages/airflow/example_dags/subdags/subdag.py
[2025-01-28T11:13:37.173+0000] {processor.py:927} WARNING - No viable dags retrieved from /mnt/c/Users/Admin/Desktop/ud_data/Dataslush_umang/airflow/airflow_venv/lib/python3.12/site-packages/airflow/example_dags/subdags/subdag.py
[2025-01-28T11:13:37.189+0000] {processor.py:208} INFO - Processing /mnt/c/Users/Admin/Desktop/ud_data/Dataslush_umang/airflow/airflow_venv/lib/python3.12/site-packages/airflow/example_dags/subdags/subdag.py took 0.089 seconds
[2025-01-28T11:14:23.230+0000] {processor.py:186} INFO - Started process (PID=20734) to work on /mnt/c/Users/Admin/Desktop/ud_data/Dataslush_umang/airflow/airflow_venv/lib/python3.12/site-packages/airflow/example_dags/subdags/subdag.py
[2025-01-28T11:14:23.233+0000] {processor.py:914} INFO - Processing file /mnt/c/Users/Admin/Desktop/ud_data/Dataslush_umang/airflow/airflow_venv/lib/python3.12/site-packages/airflow/example_dags/subdags/subdag.py for tasks to queue
[2025-01-28T11:14:23.237+0000] {logging_mixin.py:190} INFO - [2025-01-28T11:14:23.236+0000] {dagbag.py:588} INFO - Filling up the DagBag from /mnt/c/Users/Admin/Desktop/ud_data/Dataslush_umang/airflow/airflow_venv/lib/python3.12/site-packages/airflow/example_dags/subdags/subdag.py
[2025-01-28T11:14:23.263+0000] {processor.py:927} WARNING - No viable dags retrieved from /mnt/c/Users/Admin/Desktop/ud_data/Dataslush_umang/airflow/airflow_venv/lib/python3.12/site-packages/airflow/example_dags/subdags/subdag.py
[2025-01-28T11:14:23.277+0000] {processor.py:208} INFO - Processing /mnt/c/Users/Admin/Desktop/ud_data/Dataslush_umang/airflow/airflow_venv/lib/python3.12/site-packages/airflow/example_dags/subdags/subdag.py took 0.067 seconds
