[2025-02-05T12:58:24.751+0530] {local_task_job_runner.py:123} INFO - ::group::Pre task execution logs
[2025-02-05T12:58:24.759+0530] {taskinstance.py:2613} INFO - Dependencies all met for dep_context=non-requeueable deps ti=<TaskInstance: brewery_data_pipeline.fetch_store_brewery_data manual__2025-02-05T07:22:58.421946+00:00 [queued]>
[2025-02-05T12:58:24.764+0530] {taskinstance.py:2613} INFO - Dependencies all met for dep_context=requeueable deps ti=<TaskInstance: brewery_data_pipeline.fetch_store_brewery_data manual__2025-02-05T07:22:58.421946+00:00 [queued]>
[2025-02-05T12:58:24.764+0530] {taskinstance.py:2866} INFO - Starting attempt 2 of 2
[2025-02-05T12:58:24.779+0530] {taskinstance.py:2889} INFO - Executing <Task(PythonOperator): fetch_store_brewery_data> on 2025-02-05 07:22:58.421946+00:00
[2025-02-05T12:58:24.784+0530] {standard_task_runner.py:72} INFO - Started process 289022 to run task
[2025-02-05T12:58:24.786+0530] {standard_task_runner.py:104} INFO - Running: ['airflow', 'tasks', 'run', 'brewery_data_pipeline', 'fetch_store_brewery_data', 'manual__2025-02-05T07:22:58.421946+00:00', '--job-id', '50', '--raw', '--subdir', 'DAGS_FOLDER/pipeline_miniproject.py', '--cfg-path', '/tmp/tmpezgfltmd']
[2025-02-05T12:58:24.787+0530] {standard_task_runner.py:105} INFO - Job 50: Subtask fetch_store_brewery_data
[2025-02-05T12:58:24.820+0530] {task_command.py:467} INFO - Running <TaskInstance: brewery_data_pipeline.fetch_store_brewery_data manual__2025-02-05T07:22:58.421946+00:00 [running]> on host umang-Latitude-7490
[2025-02-05T12:58:24.870+0530] {taskinstance.py:3132} INFO - Exporting env vars: AIRFLOW_CTX_DAG_OWNER='airflow' AIRFLOW_CTX_DAG_ID='brewery_data_pipeline' AIRFLOW_CTX_TASK_ID='fetch_store_brewery_data' AIRFLOW_CTX_EXECUTION_DATE='2025-02-05T07:22:58.421946+00:00' AIRFLOW_CTX_TRY_NUMBER='2' AIRFLOW_CTX_DAG_RUN_ID='manual__2025-02-05T07:22:58.421946+00:00'
[2025-02-05T12:58:24.871+0530] {logging_mixin.py:190} INFO - Task instance is in running state
[2025-02-05T12:58:24.871+0530] {logging_mixin.py:190} INFO -  Previous state of the Task instance: queued
[2025-02-05T12:58:24.871+0530] {logging_mixin.py:190} INFO - Current task name:fetch_store_brewery_data state:running start_date:2025-02-05 07:28:24.759646+00:00
[2025-02-05T12:58:24.871+0530] {logging_mixin.py:190} INFO - Dag name:brewery_data_pipeline and current dag run status:running
[2025-02-05T12:58:24.871+0530] {taskinstance.py:731} INFO - ::endgroup::
[2025-02-05T12:58:35.684+0530] {__init__.py:149} INFO - package: mysql.connector.plugins
[2025-02-05T12:58:35.684+0530] {__init__.py:150} INFO - plugin_name: caching_sha2_password
[2025-02-05T12:58:35.684+0530] {__init__.py:154} INFO - AUTHENTICATION_PLUGIN_CLASS: MySQLCachingSHA2PasswordAuthPlugin
[2025-02-05T12:58:35.703+0530] {logging_mixin.py:190} INFO - MySQL Error: 1054 (42S22): Unknown column 'state' in 'field list'
[2025-02-05T12:58:35.704+0530] {python.py:240} INFO - Done. Returned value was: None
[2025-02-05T12:58:35.709+0530] {taskinstance.py:340} INFO - ::group::Post task execution logs
[2025-02-05T12:58:35.709+0530] {taskinstance.py:352} INFO - Marking task as SUCCESS. dag_id=brewery_data_pipeline, task_id=fetch_store_brewery_data, run_id=manual__2025-02-05T07:22:58.421946+00:00, execution_date=20250205T072258, start_date=20250205T072824, end_date=20250205T072835
[2025-02-05T12:58:35.720+0530] {logging_mixin.py:190} INFO - Task instance in success state
[2025-02-05T12:58:35.720+0530] {logging_mixin.py:190} INFO -  Previous state of the Task instance: running
[2025-02-05T12:58:35.720+0530] {logging_mixin.py:190} INFO - Dag name:brewery_data_pipeline queued_at:2025-02-05 07:22:58.448980+00:00
[2025-02-05T12:58:35.720+0530] {logging_mixin.py:190} INFO - Task hostname:umang-Latitude-7490 operator:PythonOperator
[2025-02-05T12:58:35.752+0530] {local_task_job_runner.py:266} INFO - Task exited with return code 0
[2025-02-05T12:58:35.761+0530] {taskinstance.py:3895} INFO - 0 downstream tasks scheduled from follow-on schedule check
[2025-02-05T12:58:35.762+0530] {local_task_job_runner.py:245} INFO - ::endgroup::
