[2025-02-04T12:27:55.275+0530] {local_task_job_runner.py:123} INFO - ::group::Pre task execution logs
[2025-02-04T12:27:55.283+0530] {taskinstance.py:2613} INFO - Dependencies all met for dep_context=non-requeueable deps ti=<TaskInstance: A_brewery_data_pipeline.fetch_store_brewery_data scheduled__2025-02-03T00:00:00+00:00 [queued]>
[2025-02-04T12:27:55.288+0530] {taskinstance.py:2613} INFO - Dependencies all met for dep_context=requeueable deps ti=<TaskInstance: A_brewery_data_pipeline.fetch_store_brewery_data scheduled__2025-02-03T00:00:00+00:00 [queued]>
[2025-02-04T12:27:55.288+0530] {taskinstance.py:2866} INFO - Starting attempt 1 of 2
[2025-02-04T12:27:55.302+0530] {taskinstance.py:2889} INFO - Executing <Task(PythonOperator): fetch_store_brewery_data> on 2025-02-03 00:00:00+00:00
[2025-02-04T12:27:55.307+0530] {standard_task_runner.py:72} INFO - Started process 104343 to run task
[2025-02-04T12:27:55.310+0530] {standard_task_runner.py:104} INFO - Running: ['airflow', 'tasks', 'run', 'A_brewery_data_pipeline', 'fetch_store_brewery_data', 'scheduled__2025-02-03T00:00:00+00:00', '--job-id', '2', '--raw', '--subdir', 'DAGS_FOLDER/pipeline_miniproject.py', '--cfg-path', '/tmp/tmpi1gd36in']
[2025-02-04T12:27:55.311+0530] {standard_task_runner.py:105} INFO - Job 2: Subtask fetch_store_brewery_data
[2025-02-04T12:27:55.345+0530] {task_command.py:467} INFO - Running <TaskInstance: A_brewery_data_pipeline.fetch_store_brewery_data scheduled__2025-02-03T00:00:00+00:00 [running]> on host umang-Latitude-7490
[2025-02-04T12:27:55.393+0530] {taskinstance.py:3132} INFO - Exporting env vars: AIRFLOW_CTX_DAG_OWNER='airflow' AIRFLOW_CTX_DAG_ID='A_brewery_data_pipeline' AIRFLOW_CTX_TASK_ID='fetch_store_brewery_data' AIRFLOW_CTX_EXECUTION_DATE='2025-02-03T00:00:00+00:00' AIRFLOW_CTX_TRY_NUMBER='1' AIRFLOW_CTX_DAG_RUN_ID='scheduled__2025-02-03T00:00:00+00:00'
[2025-02-04T12:27:55.394+0530] {logging_mixin.py:190} INFO - Task instance is in running state
[2025-02-04T12:27:55.394+0530] {logging_mixin.py:190} INFO -  Previous state of the Task instance: queued
[2025-02-04T12:27:55.394+0530] {logging_mixin.py:190} INFO - Current task name:fetch_store_brewery_data state:running start_date:2025-02-04 06:57:55.284007+00:00
[2025-02-04T12:27:55.395+0530] {logging_mixin.py:190} INFO - Dag name:A_brewery_data_pipeline and current dag run status:running
[2025-02-04T12:27:55.395+0530] {taskinstance.py:731} INFO - ::endgroup::
[2025-02-04T12:28:02.420+0530] {__init__.py:149} INFO - package: mysql.connector.plugins
[2025-02-04T12:28:02.420+0530] {__init__.py:150} INFO - plugin_name: caching_sha2_password
[2025-02-04T12:28:02.420+0530] {__init__.py:154} INFO - AUTHENTICATION_PLUGIN_CLASS: MySQLCachingSHA2PasswordAuthPlugin
[2025-02-04T12:28:02.426+0530] {taskinstance.py:3311} ERROR - Task failed with exception
Traceback (most recent call last):
  File "/home/umang/Dataslush_umang/airflow_env/lib/python3.12/site-packages/airflow/models/taskinstance.py", line 767, in _execute_task
    result = _execute_callable(context=context, **execute_callable_kwargs)
             ^^^^^^^^^^^^^^^^^^^^^^^^^^^^^^^^^^^^^^^^^^^^^^^^^^^^^^^^^^^^^
  File "/home/umang/Dataslush_umang/airflow_env/lib/python3.12/site-packages/airflow/models/taskinstance.py", line 733, in _execute_callable
    return ExecutionCallableRunner(
           ^^^^^^^^^^^^^^^^^^^^^^^^
  File "/home/umang/Dataslush_umang/airflow_env/lib/python3.12/site-packages/airflow/utils/operator_helpers.py", line 252, in run
    return self.func(*args, **kwargs)
           ^^^^^^^^^^^^^^^^^^^^^^^^^^
  File "/home/umang/Dataslush_umang/airflow_env/lib/python3.12/site-packages/airflow/models/baseoperator.py", line 422, in wrapper
    return func(self, *args, **kwargs)
           ^^^^^^^^^^^^^^^^^^^^^^^^^^^
  File "/home/umang/Dataslush_umang/airflow_env/lib/python3.12/site-packages/airflow/operators/python.py", line 238, in execute
    return_value = self.execute_callable()
                   ^^^^^^^^^^^^^^^^^^^^^^^
  File "/home/umang/Dataslush_umang/airflow_env/lib/python3.12/site-packages/airflow/operators/python.py", line 256, in execute_callable
    return runner.run(*self.op_args, **self.op_kwargs)
           ^^^^^^^^^^^^^^^^^^^^^^^^^^^^^^^^^^^^^^^^^^^
  File "/home/umang/Dataslush_umang/airflow_env/lib/python3.12/site-packages/airflow/utils/operator_helpers.py", line 252, in run
    return self.func(*args, **kwargs)
           ^^^^^^^^^^^^^^^^^^^^^^^^^^
  File "/home/umang/airflow/dags/pipeline_miniproject.py", line 80, in fetch_and_store_data
    cursor.execute(insert_query, (
  File "/home/umang/Dataslush_umang/airflow_env/lib/python3.12/site-packages/mysql/connector/cursor.py", line 416, in execute
    self._connection.cmd_query(
  File "/home/umang/Dataslush_umang/airflow_env/lib/python3.12/site-packages/mysql/connector/opentelemetry/context_propagation.py", line 106, in wrapper
    result = method(cnx, *args, **kwargs)
             ^^^^^^^^^^^^^^^^^^^^^^^^^^^^
  File "/home/umang/Dataslush_umang/airflow_env/lib/python3.12/site-packages/mysql/connector/utils.py", line 742, in handle_cnx_method
    raise err
  File "/home/umang/Dataslush_umang/airflow_env/lib/python3.12/site-packages/mysql/connector/utils.py", line 738, in handle_cnx_method
    return cnx_method(cnx, *args, **kwargs)
           ^^^^^^^^^^^^^^^^^^^^^^^^^^^^^^^^
  File "/home/umang/Dataslush_umang/airflow_env/lib/python3.12/site-packages/mysql/connector/connection.py", line 937, in cmd_query
    result = self._handle_result(
             ^^^^^^^^^^^^^^^^^^^^
  File "/home/umang/Dataslush_umang/airflow_env/lib/python3.12/site-packages/mysql/connector/utils.py", line 742, in handle_cnx_method
    raise err
  File "/home/umang/Dataslush_umang/airflow_env/lib/python3.12/site-packages/mysql/connector/utils.py", line 738, in handle_cnx_method
    return cnx_method(cnx, *args, **kwargs)
           ^^^^^^^^^^^^^^^^^^^^^^^^^^^^^^^^
  File "/home/umang/Dataslush_umang/airflow_env/lib/python3.12/site-packages/mysql/connector/connection.py", line 703, in _handle_result
    raise get_exception(packet)
mysql.connector.errors.ProgrammingError: 1054 (42S22): Unknown column 'type' in 'field list'
[2025-02-04T12:28:02.433+0530] {logging_mixin.py:190} INFO - Task instance in failure state
[2025-02-04T12:28:02.433+0530] {logging_mixin.py:190} INFO - Task start:2025-02-04 06:57:55.284007+00:00 end:2025-02-04 06:58:02.433188+00:00 duration:7.149181
[2025-02-04T12:28:02.433+0530] {logging_mixin.py:190} INFO - Task:<Task(PythonOperator): fetch_store_brewery_data> dag:<DAG: A_brewery_data_pipeline> dagrun:<DagRun A_brewery_data_pipeline @ 2025-02-03 00:00:00+00:00: scheduled__2025-02-03T00:00:00+00:00, state:running, queued_at: 2025-02-04 06:57:53.200113+00:00. externally triggered: False>
[2025-02-04T12:28:02.434+0530] {logging_mixin.py:190} INFO - Failure caused by 1054 (42S22): Unknown column 'type' in 'field list'
[2025-02-04T12:28:02.434+0530] {taskinstance.py:1225} INFO - Marking task as UP_FOR_RETRY. dag_id=A_brewery_data_pipeline, task_id=fetch_store_brewery_data, run_id=scheduled__2025-02-03T00:00:00+00:00, execution_date=20250203T000000, start_date=20250204T065755, end_date=20250204T065802
[2025-02-04T12:28:02.448+0530] {taskinstance.py:340} INFO - ::group::Post task execution logs
[2025-02-04T12:28:02.449+0530] {standard_task_runner.py:124} ERROR - Failed to execute job 2 for task fetch_store_brewery_data (1054 (42S22): Unknown column 'type' in 'field list'; 104343)
Traceback (most recent call last):
  File "/home/umang/Dataslush_umang/airflow_env/lib/python3.12/site-packages/airflow/task/task_runner/standard_task_runner.py", line 117, in _start_by_fork
    ret = args.func(args, dag=self.dag)
          ^^^^^^^^^^^^^^^^^^^^^^^^^^^^^
  File "/home/umang/Dataslush_umang/airflow_env/lib/python3.12/site-packages/airflow/cli/cli_config.py", line 49, in command
    return func(*args, **kwargs)
           ^^^^^^^^^^^^^^^^^^^^^
  File "/home/umang/Dataslush_umang/airflow_env/lib/python3.12/site-packages/airflow/utils/cli.py", line 116, in wrapper
    return f(*args, **kwargs)
           ^^^^^^^^^^^^^^^^^^
  File "/home/umang/Dataslush_umang/airflow_env/lib/python3.12/site-packages/airflow/cli/commands/task_command.py", line 483, in task_run
    task_return_code = _run_task_by_selected_method(args, _dag, ti)
                       ^^^^^^^^^^^^^^^^^^^^^^^^^^^^^^^^^^^^^^^^^^^^
  File "/home/umang/Dataslush_umang/airflow_env/lib/python3.12/site-packages/airflow/cli/commands/task_command.py", line 256, in _run_task_by_selected_method
    return _run_raw_task(args, ti)
           ^^^^^^^^^^^^^^^^^^^^^^^
  File "/home/umang/Dataslush_umang/airflow_env/lib/python3.12/site-packages/airflow/cli/commands/task_command.py", line 341, in _run_raw_task
    return ti._run_raw_task(
           ^^^^^^^^^^^^^^^^^
  File "/home/umang/Dataslush_umang/airflow_env/lib/python3.12/site-packages/airflow/utils/session.py", line 97, in wrapper
    return func(*args, session=session, **kwargs)
           ^^^^^^^^^^^^^^^^^^^^^^^^^^^^^^^^^^^^^^
  File "/home/umang/Dataslush_umang/airflow_env/lib/python3.12/site-packages/airflow/models/taskinstance.py", line 3005, in _run_raw_task
    return _run_raw_task(
           ^^^^^^^^^^^^^^
  File "/home/umang/Dataslush_umang/airflow_env/lib/python3.12/site-packages/airflow/models/taskinstance.py", line 273, in _run_raw_task
    TaskInstance._execute_task_with_callbacks(
  File "/home/umang/Dataslush_umang/airflow_env/lib/python3.12/site-packages/airflow/models/taskinstance.py", line 3159, in _execute_task_with_callbacks
    result = self._execute_task(context, task_orig)
             ^^^^^^^^^^^^^^^^^^^^^^^^^^^^^^^^^^^^^^
  File "/home/umang/Dataslush_umang/airflow_env/lib/python3.12/site-packages/airflow/models/taskinstance.py", line 3183, in _execute_task
    return _execute_task(self, context, task_orig)
           ^^^^^^^^^^^^^^^^^^^^^^^^^^^^^^^^^^^^^^^
  File "/home/umang/Dataslush_umang/airflow_env/lib/python3.12/site-packages/airflow/models/taskinstance.py", line 767, in _execute_task
    result = _execute_callable(context=context, **execute_callable_kwargs)
             ^^^^^^^^^^^^^^^^^^^^^^^^^^^^^^^^^^^^^^^^^^^^^^^^^^^^^^^^^^^^^
  File "/home/umang/Dataslush_umang/airflow_env/lib/python3.12/site-packages/airflow/models/taskinstance.py", line 733, in _execute_callable
    return ExecutionCallableRunner(
           ^^^^^^^^^^^^^^^^^^^^^^^^
  File "/home/umang/Dataslush_umang/airflow_env/lib/python3.12/site-packages/airflow/utils/operator_helpers.py", line 252, in run
    return self.func(*args, **kwargs)
           ^^^^^^^^^^^^^^^^^^^^^^^^^^
  File "/home/umang/Dataslush_umang/airflow_env/lib/python3.12/site-packages/airflow/models/baseoperator.py", line 422, in wrapper
    return func(self, *args, **kwargs)
           ^^^^^^^^^^^^^^^^^^^^^^^^^^^
  File "/home/umang/Dataslush_umang/airflow_env/lib/python3.12/site-packages/airflow/operators/python.py", line 238, in execute
    return_value = self.execute_callable()
                   ^^^^^^^^^^^^^^^^^^^^^^^
  File "/home/umang/Dataslush_umang/airflow_env/lib/python3.12/site-packages/airflow/operators/python.py", line 256, in execute_callable
    return runner.run(*self.op_args, **self.op_kwargs)
           ^^^^^^^^^^^^^^^^^^^^^^^^^^^^^^^^^^^^^^^^^^^
  File "/home/umang/Dataslush_umang/airflow_env/lib/python3.12/site-packages/airflow/utils/operator_helpers.py", line 252, in run
    return self.func(*args, **kwargs)
           ^^^^^^^^^^^^^^^^^^^^^^^^^^
  File "/home/umang/airflow/dags/pipeline_miniproject.py", line 80, in fetch_and_store_data
    cursor.execute(insert_query, (
  File "/home/umang/Dataslush_umang/airflow_env/lib/python3.12/site-packages/mysql/connector/cursor.py", line 416, in execute
    self._connection.cmd_query(
  File "/home/umang/Dataslush_umang/airflow_env/lib/python3.12/site-packages/mysql/connector/opentelemetry/context_propagation.py", line 106, in wrapper
    result = method(cnx, *args, **kwargs)
             ^^^^^^^^^^^^^^^^^^^^^^^^^^^^
  File "/home/umang/Dataslush_umang/airflow_env/lib/python3.12/site-packages/mysql/connector/utils.py", line 742, in handle_cnx_method
    raise err
  File "/home/umang/Dataslush_umang/airflow_env/lib/python3.12/site-packages/mysql/connector/utils.py", line 738, in handle_cnx_method
    return cnx_method(cnx, *args, **kwargs)
           ^^^^^^^^^^^^^^^^^^^^^^^^^^^^^^^^
  File "/home/umang/Dataslush_umang/airflow_env/lib/python3.12/site-packages/mysql/connector/connection.py", line 937, in cmd_query
    result = self._handle_result(
             ^^^^^^^^^^^^^^^^^^^^
  File "/home/umang/Dataslush_umang/airflow_env/lib/python3.12/site-packages/mysql/connector/utils.py", line 742, in handle_cnx_method
    raise err
  File "/home/umang/Dataslush_umang/airflow_env/lib/python3.12/site-packages/mysql/connector/utils.py", line 738, in handle_cnx_method
    return cnx_method(cnx, *args, **kwargs)
           ^^^^^^^^^^^^^^^^^^^^^^^^^^^^^^^^
  File "/home/umang/Dataslush_umang/airflow_env/lib/python3.12/site-packages/mysql/connector/connection.py", line 703, in _handle_result
    raise get_exception(packet)
mysql.connector.errors.ProgrammingError: 1054 (42S22): Unknown column 'type' in 'field list'
[2025-02-04T12:28:02.490+0530] {local_task_job_runner.py:266} INFO - Task exited with return code 1
[2025-02-04T12:28:02.502+0530] {taskinstance.py:3895} INFO - 0 downstream tasks scheduled from follow-on schedule check
[2025-02-04T12:28:02.503+0530] {local_task_job_runner.py:245} INFO - ::endgroup::
