[2025-02-07T10:35:37.976+0530] {processor.py:186} INFO - Started process (PID=365155) to work on /home/umang/airflow/dags/pipeline_miniproject.py
[2025-02-07T10:35:37.977+0530] {processor.py:914} INFO - Processing file /home/umang/airflow/dags/pipeline_miniproject.py for tasks to queue
[2025-02-07T10:35:37.978+0530] {logging_mixin.py:190} INFO - [2025-02-07T10:35:37.978+0530] {dagbag.py:588} INFO - Filling up the DagBag from /home/umang/airflow/dags/pipeline_miniproject.py
[2025-02-07T10:35:43.796+0530] {logging_mixin.py:190} INFO - API Request URL: https://api.openbrewerydb.org/v1/breweries
[2025-02-07T10:35:43.797+0530] {logging_mixin.py:190} INFO - Response Code: 200
[2025-02-07T10:35:43.901+0530] {logging_mixin.py:190} INFO - [2025-02-07T10:35:43.901+0530] {__init__.py:149} INFO - package: mysql.connector.plugins
[2025-02-07T10:35:43.901+0530] {logging_mixin.py:190} INFO - [2025-02-07T10:35:43.901+0530] {__init__.py:150} INFO - plugin_name: caching_sha2_password
[2025-02-07T10:35:43.902+0530] {logging_mixin.py:190} INFO - [2025-02-07T10:35:43.902+0530] {__init__.py:154} INFO - AUTHENTICATION_PLUGIN_CLASS: MySQLCachingSHA2PasswordAuthPlugin
[2025-02-07T10:35:43.906+0530] {logging_mixin.py:190} INFO - Inserting row: ('5128df48-79fc-4f0f-8b52-d06be54d0cec', '(405) Brewing Co', 'micro', '1716 Topeka St', None, None, 'Norman', 'Oklahoma', '73069-8224', 'United States', '4058160490', 'http://www.405brewing.com', 'Oklahoma', '1716 Topeka St')
[2025-02-07T10:35:43.907+0530] {logging_mixin.py:190} INFO - Inserting row: ('9c5a66c8-cc13-416f-a5d9-0a769c87d318', '(512) Brewing Co', 'micro', '407 Radam Ln Ste F200', None, None, 'Austin', 'Texas', '78745-1197', 'United States', '5129211545', 'http://www.512brewing.com', 'Texas', '407 Radam Ln Ste F200')
[2025-02-07T10:35:43.908+0530] {logging_mixin.py:190} INFO - Inserting row: ('34e8c68b-6146-453f-a4b9-1f6cd99a5ada', '1 of Us Brewing Company', 'micro', '8100 Washington Ave', None, None, 'Mount Pleasant', 'Wisconsin', '53406-3920', 'United States', '2624847553', 'https://www.1ofusbrewing.com', 'Wisconsin', '8100 Washington Ave')
[2025-02-07T10:35:43.908+0530] {logging_mixin.py:190} INFO - Inserting row: ('ef970757-fe42-416f-931d-722451f1f59c', '10 Barrel Brewing Co', 'large', '1501 E St', None, None, 'San Diego', 'California', '92101-6618', 'United States', '6195782311', 'http://10barrel.com', 'California', '1501 E St')
[2025-02-07T10:35:43.909+0530] {logging_mixin.py:190} INFO - Inserting row: ('6d14b220-8926-4521-8d19-b98a2d6ec3db', '10 Barrel Brewing Co', 'large', '62970 18th St', None, None, 'Bend', 'Oregon', '97701-9847', 'United States', '5415851007', 'http://www.10barrel.com', 'Oregon', '62970 18th St')
[2025-02-07T10:35:43.909+0530] {logging_mixin.py:190} INFO - Inserting row: ('e2e78bd8-80ff-4a61-a65c-3bfbd9d76ce2', '10 Barrel Brewing Co', 'large', '1135 NW Galveston Ave Ste B', None, None, 'Bend', 'Oregon', '97703-2465', 'United States', '5415851007', None, 'Oregon', '1135 NW Galveston Ave Ste B')
[2025-02-07T10:35:43.910+0530] {logging_mixin.py:190} INFO - Inserting row: ('e432899b-7f58-455f-9c7b-9a6e2130a1e0', '10 Barrel Brewing Co', 'large', '1411 NW Flanders St', None, None, 'Portland', 'Oregon', '97209-2620', 'United States', '5032241700', 'http://www.10barrel.com', 'Oregon', '1411 NW Flanders St')
[2025-02-07T10:35:43.910+0530] {logging_mixin.py:190} INFO - Inserting row: ('9f1852da-c312-42da-9a31-097bac81c4c0', '10 Barrel Brewing Co - Bend Pub', 'large', '62950 NE 18th St', None, None, 'Bend', 'Oregon', '97701', 'United States', '5415851007', None, 'Oregon', '62950 NE 18th St')
[2025-02-07T10:35:43.911+0530] {logging_mixin.py:190} INFO - Inserting row: ('ea4f30c0-bce6-416b-8904-fab4055a7362', '10 Barrel Brewing Co - Boise', 'large', '826 W Bannock St', None, None, 'Boise', 'Idaho', '83702-5857', 'United States', '2083445870', 'http://www.10barrel.com', 'Idaho', '826 W Bannock St')
[2025-02-07T10:35:43.912+0530] {logging_mixin.py:190} INFO - Inserting row: ('1988eb86-f0a2-4674-ba04-02454efa0d31', '10 Barrel Brewing Co - Denver', 'large', '2620 Walnut St', None, None, 'Denver', 'Colorado', '80205-2231', 'United States', '7205738992', None, 'Colorado', '2620 Walnut St')
[2025-02-07T10:35:43.912+0530] {logging_mixin.py:190} INFO - Inserting row: ('1ecc330f-6275-42a5-b14e-00adbed62752', '10 Torr Distilling and Brewing', 'micro', '490 Mill St', None, None, 'Reno', 'Nevada', '89502', 'United States', '7755307014', 'http://www.10torr.com', 'Nevada', '490 Mill St')
[2025-02-07T10:35:43.913+0530] {logging_mixin.py:190} INFO - Inserting row: ('7531dbd8-afc9-4b5b-95bc-7ece7f2c0bf3', '10-56 Brewing Company', 'micro', '400 Brown Cir', None, None, 'Knox', 'Indiana', '46534', 'United States', '6308165790', None, 'Indiana', '400 Brown Cir')
[2025-02-07T10:35:43.913+0530] {logging_mixin.py:190} INFO - Inserting row: ('5ae467af-66dc-4d7f-8839-44228f89b596', '101 North Brewing Company', 'closed', '1304 Scott St Ste D', None, None, 'Petaluma', 'California', '94954-7100', 'United States', '7077534934', 'http://www.101northbeer.com', 'California', '1304 Scott St Ste D')
[2025-02-07T10:35:43.913+0530] {logging_mixin.py:190} INFO - Inserting row: ('4ffda196-dd59-44a5-9eeb-5f7fd4b58f5a', '105 West Brewing Co', 'micro', '1043 Park St', None, None, 'Castle Rock', 'Colorado', '80109-1585', 'United States', '3033257321', 'http://www.105westbrewing.com', 'Colorado', '1043 Park St')
[2025-02-07T10:35:43.914+0530] {logging_mixin.py:190} INFO - Inserting row: ('42aa37d5-8384-4ffe-8c81-7c982eff0384', '10K Brewing', 'micro', '2005 2nd Ave', None, None, 'Anoka', 'Minnesota', '55303-2243', 'United States', '7633924753', 'http://10KBrew.com', 'Minnesota', '2005 2nd Ave')
[2025-02-07T10:35:43.914+0530] {logging_mixin.py:190} INFO - Inserting row: ('232e8f62-9afc-45f5-b4bc-582c26b5c43b', '10th District Brewing Company', 'micro', '491 Washington St', None, None, 'Abington', 'Massachusetts', '02351-2419', 'United States', '7813071554', 'http://www.10thdistrictbrewing.com', 'Massachusetts', '491 Washington St')
[2025-02-07T10:35:43.915+0530] {logging_mixin.py:190} INFO - Inserting row: ('08f78223-24f8-4b71-b381-ea19a5bd82df', '11 Below Brewing Company', 'micro', '6820 Bourgeois Rd', None, None, 'Houston', 'Texas', '77066-3107', 'United States', '2814442337', 'http://www.11belowbrewing.com', 'Texas', '6820 Bourgeois Rd')
[2025-02-07T10:35:43.915+0530] {logging_mixin.py:190} INFO - Inserting row: ('58293321-14ae-49d7-9a7b-08436c9e63a6', '1188 Brewing Co', 'brewpub', '141 E Main St', None, None, 'John Day', 'Oregon', '97845-1210', 'United States', '5415751188', 'http://www.1188brewing.com', 'Oregon', '141 E Main St')
[2025-02-07T10:35:43.916+0530] {logging_mixin.py:190} INFO - Inserting row: ('e5f3e72a-fee2-4813-82cf-f2e53b439ae6', '12 Acres Brewing Company', 'micro', 'Unnamed Street', 'Clonmore', None, 'Killeshin', 'Laois', 'R93 X3X8', 'Ireland', '353599107299', 'https://12acresbrewing.ie/', 'Laois', 'Unnamed Street')
[2025-02-07T10:35:43.916+0530] {logging_mixin.py:190} INFO - Inserting row: ('d81ff708-b5d2-478f-af6a-6d40f5beb9ac', '12 Gates Brewing Company', 'brewpub', '80 Earhart Dr Ste 20', None, None, 'Williamsville', 'New York', '14221-7804', 'United States', '7169066600', 'http://www.12gatesbrewing.com', 'New York', '80 Earhart Dr Ste 20')
[2025-02-07T10:35:43.917+0530] {logging_mixin.py:190} INFO - Inserting row: ('fb94830f-6196-4f59-9189-c9060b778085', '12 West Brewing Company', 'micro', '3000 E Ray Rd Bldg 6', None, None, 'Gilbert', 'Arizona', '85296-7832', 'United States', '6023395014', 'http://www.12westbrewing.com', 'Arizona', '3000 E Ray Rd Bldg 6')
[2025-02-07T10:35:43.917+0530] {logging_mixin.py:190} INFO - Inserting row: ('0faa0fb2-fffa-416d-9eab-46f67477c8ef', '12 West Brewing Company - Production Facility', 'micro', None, None, None, 'Mesa', 'Arizona', '85207', 'United States', None, None, 'Arizona', None)
[2025-02-07T10:35:43.918+0530] {logging_mixin.py:190} INFO - Inserting row: ('e54c2f02-acd6-4172-861d-fcfa54c8701a', '122 West Brewing Co', 'closed', '2416 Meridian St', None, None, 'Bellingham', 'Washington', '98225-2405', 'United States', '3603063285', 'https://www.122westbrew.com/', 'Washington', '2416 Meridian St')
[2025-02-07T10:35:43.918+0530] {logging_mixin.py:190} INFO - Inserting row: ('d5cb896d-3e99-4e19-9693-5e06ce987e53', '127 Brewing', 'micro', '3090 Shirley Dr', None, None, 'Jackson', 'Michigan', '49201-7010', 'United States', '5172581346', None, 'Michigan', '3090 Shirley Dr')
[2025-02-07T10:35:43.918+0530] {logging_mixin.py:190} INFO - Inserting row: ('06e9fffb-e820-45c9-b107-b52b51013e8f', '12Degree Brewing', 'brewpub', '820 Main St', None, None, 'Louisville', 'Colorado', '80027-1865', 'United States', '3035791004', 'http://www.12degree.com', 'Colorado', '820 Main St')
[2025-02-07T10:35:43.919+0530] {logging_mixin.py:190} INFO - Inserting row: ('50521ef7-f543-4c5d-98b1-0d0ee1a2be01', '12welve Eyes Brewing', 'micro', '141 E 4th St Ste LL2', None, None, 'Saint Paul', 'Minnesota', '55101-1639', 'United States', '6514938106', 'http://www.12welveEyes.com', 'Minnesota', '141 E 4th St Ste LL2')
[2025-02-07T10:35:43.920+0530] {logging_mixin.py:190} INFO - Inserting row: ('950180bd-29c9-46b3-ad0c-e6f09799ec7f', '13 Below Brewery', 'micro', '7391 Forbes Rd', None, None, 'Cincinnati', 'Ohio', '45233-1013', 'United States', '5139750613', 'http://www.13belowbrewery.com', 'Ohio', '7391 Forbes Rd')
[2025-02-07T10:35:43.920+0530] {logging_mixin.py:190} INFO - Inserting row: ('45119c56-345b-4adc-b481-c5cf7bfe98c4', '13 Stripes Brewery', 'brewpub', '250 Mill St, Suite PW3101', None, None, 'Taylors', 'South Carolina', '29687', 'United States', '8643491430', 'http://www.13StripesBrewery.com', 'South Carolina', '250 Mill St, Suite PW3101')
[2025-02-07T10:35:43.920+0530] {logging_mixin.py:190} INFO - Inserting row: ('936c3d7e-5d54-4459-b72c-117cdda059b4', '13 Virtues Brewing Co', 'brewpub', '6410 SE Milwaukie Ave', None, None, 'Portland', 'Oregon', '97202-5518', 'United States', '5032393831', 'http://www.13virtuesbrewing.com', 'Oregon', '6410 SE Milwaukie Ave')
[2025-02-07T10:35:43.921+0530] {logging_mixin.py:190} INFO - Inserting row: ('5c53b314-ebab-4e3e-89be-e4139d9318ae', '1323 R & D', 'micro', '1323 Capital Blvd 1323 R and D', None, None, 'Raleigh', 'North Carolina', '27603-1117', 'United States', '9199775654', 'http://www.1323rnd.com', 'North Carolina', '1323 Capital Blvd 1323 R and D')
[2025-02-07T10:35:43.921+0530] {logging_mixin.py:190} INFO - Inserting row: ('4788221a-a03b-458c-9084-4cadd69ade6d', '14 Cannons Brewing Company', 'micro', '31125 Via Colinas Ste 907', None, None, 'Westlake Village', 'California', '91362-3974', 'United States', '8186996165', 'http://14cannons.com', 'California', '31125 Via Colinas Ste 907')
[2025-02-07T10:35:43.922+0530] {logging_mixin.py:190} INFO - Inserting row: ('b7b68d22-5045-4501-b9bf-ec94946eaffc', '14 Lakes Brewery', 'micro', None, None, None, 'Crosslake', 'Minnesota', '56442', 'United States', '2186924129', None, 'Minnesota', None)
[2025-02-07T10:35:43.922+0530] {logging_mixin.py:190} INFO - Inserting row: ('4b677b60-fef1-42e2-90ef-dadc1bd7fb06', '14er Brewing Company', 'proprietor', '2801 Walnut St', None, None, 'Denver', 'Colorado', '80205-2235', 'United States', '7207731437', 'http://www.14erBrewing.com', 'Colorado', '2801 Walnut St')
[2025-02-07T10:35:43.923+0530] {logging_mixin.py:190} INFO - Inserting row: ('6c53984f-fac1-4ea7-9c44-44e25897c71a', '14th Star Brewing', 'micro', '133 N Main St Ste 7', None, None, 'Saint Albans', 'Vermont', '05478-1735', 'United States', '8025285988', 'http://www.14thstarbrewing.com', 'Vermont', '133 N Main St Ste 7')
[2025-02-07T10:35:43.923+0530] {logging_mixin.py:190} INFO - Inserting row: ('85192a9c-58a4-48c3-bd9d-496d09d22aa3', '16 Lots Brewing', 'brewpub', '753 Reading Rd', None, None, 'Mason', 'Ohio', '45040-1303', 'United States', '5134863672', 'http://www.16lots.com', 'Ohio', '753 Reading Rd')
[2025-02-07T10:35:43.924+0530] {logging_mixin.py:190} INFO - Inserting row: ('284b44f8-6ccb-4cd6-8d06-f2ad882a47c3', '16 Mile Brewing Co', 'micro', '413 S Bedford St', None, None, 'Georgetown', 'Delaware', '19947-1849', 'United States', '3022538816', 'http://www.16milebrewery.com', 'Delaware', '413 S Bedford St')
[2025-02-07T10:35:43.924+0530] {logging_mixin.py:190} INFO - Inserting row: ('ee6d39c6-092f-4623-8099-5b8643f70dbe', '16 Stone Brewpub', 'brewpub', '9542 Main St', None, None, 'Holland Patent', 'New York', '13354', 'United States', '3158658500', 'http://www.16stonebrewpub.com', 'New York', '9542 Main St')
[2025-02-07T10:35:43.925+0530] {logging_mixin.py:190} INFO - Inserting row: ('d35b40b0-a3ff-4878-a6ee-9caa2149b521', '1623 Brewing CO, llc', 'contract', '1146 colonel Joshua Ct', None, None, 'Westminister', 'Maryland', '21157', 'United States', None, None, 'Maryland', '1146 colonel Joshua Ct')
[2025-02-07T10:35:43.925+0530] {logging_mixin.py:190} INFO - Inserting row: ('84bd3b3c-bd2d-4e07-bc31-b43a8c8ebf4c', '1717 Brewing Co', 'micro', '322 E Court Ave', None, None, 'Des Moines', 'Iowa', '50309-2015', 'United States', '5152437868', 'http://1717brewing.com', 'Iowa', '322 E Court Ave')
[2025-02-07T10:35:43.926+0530] {logging_mixin.py:190} INFO - Inserting row: ('f41a0c47-ba9b-4547-bfed-fcbefe0fc74b', '1718 Ocracoke Brewing', 'brewpub', '1129 Irvin Garrish Hwy', None, None, 'Ocracoke', 'North Carolina', '27960', 'United States', '2529282337', 'http://www.ocracokebrewing.com', 'North Carolina', '1129 Irvin Garrish Hwy')
[2025-02-07T10:35:43.926+0530] {logging_mixin.py:190} INFO - Inserting row: ('84d621c4-81a5-44e6-aca7-1566c2e67cc0', '1781 Brewing Company', 'micro', '11109 Plank Rd', None, None, 'Spotsylvania', 'Virginia', '22553-4258', 'United States', '5408412598', None, 'Virginia', '11109 Plank Rd')
[2025-02-07T10:35:43.927+0530] {logging_mixin.py:190} INFO - Inserting row: ('896f26a1-d80e-4790-9287-026a86c1799d', '180 and Tapped', 'micro', '2010 A State Ave', None, None, 'Coraopolis', 'Pennsylvania', '15108', 'United States', '4127375273', 'http://www.180andtapped.com', 'Pennsylvania', '2010 A State Ave')
[2025-02-07T10:35:43.927+0530] {logging_mixin.py:190} INFO - Inserting row: ('46839a79-b7bf-4733-b91b-ce116d062a57', '1817 Brewery', 'micro', '100 B South Olive St', None, None, 'okolona', 'Mississippi', '38860', 'United States', '6623055907', None, 'Mississippi', '100 B South Olive St')
[2025-02-07T10:35:43.928+0530] {logging_mixin.py:190} INFO - Inserting row: ('1a1b2165-73ed-40aa-b89b-56794d140f22', '1840 Brewing Company', 'micro', '342 E Ward St', None, None, 'Milwaukee', 'Wisconsin', '53207-1348', 'United States', '4142364056', 'http://www.1840brewing.com', 'Wisconsin', '342 E Ward St')
[2025-02-07T10:35:43.928+0530] {logging_mixin.py:190} INFO - Inserting row: ('fe6b9893-b93e-43d5-a9f6-3e0c89a3f13c', '1850 Brewing Company', 'micro', None, None, None, 'Mariposa', 'California', '95338', 'United States', None, 'http://www.1850restaurant.com', 'California', None)
[2025-02-07T10:35:43.928+0530] {logging_mixin.py:190} INFO - Inserting row: ('b51f3cdf-60ff-4ae1-94a7-76906c7d62eb', '18th Street Brewery', 'micro', '5725 Miller Ave', None, None, 'Gary', 'Indiana', '46403-2871', 'United States', None, 'http://www.18thstreetbrewery.com', 'Indiana', '5725 Miller Ave')
[2025-02-07T10:35:43.929+0530] {logging_mixin.py:190} INFO - Inserting row: ('add7f978-942e-4d56-b209-c80837a51d69', '18th Street Brewery', 'micro', '5417 Oakley Ave', None, None, 'Hammond', 'Indiana', '46320-1817', 'United States', None, None, 'Indiana', '5417 Oakley Ave')
[2025-02-07T10:35:43.929+0530] {logging_mixin.py:190} INFO - Inserting row: ('dbde8235-2b55-4d8b-8b1c-438155abe104', '1905 Brewing Company', 'micro', '1301 S Chestnut St', None, None, 'Assumption', 'Illinois', '62510-8504', 'United States', '2172549374', 'http://1905BrewingCompany.com', 'Illinois', '1301 S Chestnut St')
[2025-02-07T10:35:43.930+0530] {logging_mixin.py:190} INFO - Inserting row: ('4f4b5b34-d572-4dff-a18f-47e507c073e6', '1912 Brewing', 'micro', '2045 N Forbes Blvd Ste 105', None, None, 'Tucson', 'Arizona', '85745-1444', 'United States', '5202564851', 'http://www.1912brewing.com', 'Arizona', '2045 N Forbes Blvd Ste 105')
[2025-02-07T10:35:43.930+0530] {logging_mixin.py:190} INFO - Inserting row: ('4ccad9b9-f9cf-4d21-b6d5-ab005ee1532d', '192 Brewing', 'micro', '7324 NE 175th St', None, None, 'Kenmore', 'Washington', '98028-2500', 'United States', '4254242337', 'http://www.192brewing.com', 'Washington', '7324 NE 175th St')
[2025-02-07T10:35:43.931+0530] {logging_mixin.py:190} INFO - Data successfully inserted into MySQL!
[2025-02-07T10:35:43.936+0530] {logging_mixin.py:190} WARNING - /home/umang/airflow/dags/pipeline_miniproject.py:53 FutureWarning: Downcasting object dtype arrays on .fillna, .ffill, .bfill is deprecated and will change in a future version. Call result.infer_objects(copy=False) instead. To opt-in to the future behavior, set `pd.set_option('future.no_silent_downcasting', True)`
[2025-02-07T10:35:43.937+0530] {processor.py:925} INFO - DAG(s) 'A_brewery_data_pipeline' retrieved from /home/umang/airflow/dags/pipeline_miniproject.py
[2025-02-07T10:35:43.943+0530] {logging_mixin.py:190} INFO - [2025-02-07T10:35:43.943+0530] {dag.py:3239} INFO - Sync 1 DAGs
[2025-02-07T10:35:43.957+0530] {logging_mixin.py:190} INFO - [2025-02-07T10:35:43.957+0530] {dag.py:4180} INFO - Setting next_dagrun for A_brewery_data_pipeline to 2025-02-07 00:00:00+00:00, run_after=2025-02-08 00:00:00+00:00
[2025-02-07T10:35:43.976+0530] {processor.py:208} INFO - Processing /home/umang/airflow/dags/pipeline_miniproject.py took 6.006 seconds
