[2025-02-05T13:27:59.604+0530] {local_task_job_runner.py:123} INFO - ::group::Pre task execution logs
[2025-02-05T13:27:59.612+0530] {taskinstance.py:2613} INFO - Dependencies all met for dep_context=non-requeueable deps ti=<TaskInstance: brewery_data_pipeline.fetch_store_brewery_data manual__2025-02-05T07:57:56.302963+00:00 [queued]>
[2025-02-05T13:27:59.617+0530] {taskinstance.py:2613} INFO - Dependencies all met for dep_context=requeueable deps ti=<TaskInstance: brewery_data_pipeline.fetch_store_brewery_data manual__2025-02-05T07:57:56.302963+00:00 [queued]>
[2025-02-05T13:27:59.617+0530] {taskinstance.py:2866} INFO - Starting attempt 1 of 2
[2025-02-05T13:27:59.632+0530] {taskinstance.py:2889} INFO - Executing <Task(PythonOperator): fetch_store_brewery_data> on 2025-02-05 07:57:56.302963+00:00
[2025-02-05T13:27:59.636+0530] {standard_task_runner.py:72} INFO - Started process 291318 to run task
[2025-02-05T13:27:59.639+0530] {standard_task_runner.py:104} INFO - Running: ['airflow', 'tasks', 'run', 'brewery_data_pipeline', 'fetch_store_brewery_data', 'manual__2025-02-05T07:57:56.302963+00:00', '--job-id', '51', '--raw', '--subdir', 'DAGS_FOLDER/pipeline_miniproject.py', '--cfg-path', '/tmp/tmpwez2bcsr']
[2025-02-05T13:27:59.640+0530] {standard_task_runner.py:105} INFO - Job 51: Subtask fetch_store_brewery_data
[2025-02-05T13:27:59.673+0530] {task_command.py:467} INFO - Running <TaskInstance: brewery_data_pipeline.fetch_store_brewery_data manual__2025-02-05T07:57:56.302963+00:00 [running]> on host umang-Latitude-7490
[2025-02-05T13:27:59.726+0530] {taskinstance.py:3132} INFO - Exporting env vars: AIRFLOW_CTX_DAG_OWNER='airflow' AIRFLOW_CTX_DAG_ID='brewery_data_pipeline' AIRFLOW_CTX_TASK_ID='fetch_store_brewery_data' AIRFLOW_CTX_EXECUTION_DATE='2025-02-05T07:57:56.302963+00:00' AIRFLOW_CTX_TRY_NUMBER='1' AIRFLOW_CTX_DAG_RUN_ID='manual__2025-02-05T07:57:56.302963+00:00'
[2025-02-05T13:27:59.727+0530] {logging_mixin.py:190} INFO - Task instance is in running state
[2025-02-05T13:27:59.727+0530] {logging_mixin.py:190} INFO -  Previous state of the Task instance: queued
[2025-02-05T13:27:59.727+0530] {logging_mixin.py:190} INFO - Current task name:fetch_store_brewery_data state:running start_date:2025-02-05 07:57:59.612637+00:00
[2025-02-05T13:27:59.727+0530] {logging_mixin.py:190} INFO - Dag name:brewery_data_pipeline and current dag run status:running
[2025-02-05T13:27:59.727+0530] {taskinstance.py:731} INFO - ::endgroup::
[2025-02-05T13:28:00.643+0530] {__init__.py:149} INFO - package: mysql.connector.plugins
[2025-02-05T13:28:00.643+0530] {__init__.py:150} INFO - plugin_name: caching_sha2_password
[2025-02-05T13:28:00.643+0530] {__init__.py:154} INFO - AUTHENTICATION_PLUGIN_CLASS: MySQLCachingSHA2PasswordAuthPlugin
[2025-02-05T13:28:00.683+0530] {logging_mixin.py:190} INFO - MySQL Error: 1264 (22003): Out of range value for column 'longitude' at row 1
[2025-02-05T13:28:00.685+0530] {python.py:240} INFO - Done. Returned value was: None
[2025-02-05T13:28:00.688+0530] {taskinstance.py:340} INFO - ::group::Post task execution logs
[2025-02-05T13:28:00.689+0530] {taskinstance.py:352} INFO - Marking task as SUCCESS. dag_id=brewery_data_pipeline, task_id=fetch_store_brewery_data, run_id=manual__2025-02-05T07:57:56.302963+00:00, execution_date=20250205T075756, start_date=20250205T075759, end_date=20250205T075800
[2025-02-05T13:28:00.700+0530] {logging_mixin.py:190} INFO - Task instance in success state
[2025-02-05T13:28:00.700+0530] {logging_mixin.py:190} INFO -  Previous state of the Task instance: running
[2025-02-05T13:28:00.700+0530] {logging_mixin.py:190} INFO - Dag name:brewery_data_pipeline queued_at:2025-02-05 07:57:56.331138+00:00
[2025-02-05T13:28:00.701+0530] {logging_mixin.py:190} INFO - Task hostname:umang-Latitude-7490 operator:PythonOperator
[2025-02-05T13:28:00.735+0530] {local_task_job_runner.py:266} INFO - Task exited with return code 0
[2025-02-05T13:28:00.747+0530] {taskinstance.py:3895} INFO - 0 downstream tasks scheduled from follow-on schedule check
[2025-02-05T13:28:00.748+0530] {local_task_job_runner.py:245} INFO - ::endgroup::
